
Gurobi 9.5.0 (linux64) logging started Mon 14 Nov 2022 03:51:57 PM PST

Set parameter LogFile to value "experiments/t_2_theta_0.1/gurobi.1668469916.log"
Set parameter LogToConsole to value 0
Set parameter TimeLimit to value 1800
Set parameter Threads to value 16
Gurobi Optimizer version 9.5.0 build v9.5.0rc5 (linux64)
Thread count: 8 physical cores, 16 logical processors, using up to 16 threads
Optimize a model with 340 rows, 1428 columns and 5305 nonzeros
Model fingerprint: 0x6d154ca2
Model has 3425 quadratic objective terms
Model has 150 quadratic constraints
Model has 2 general constraints
Variable types: 85 continuous, 1343 integer (1343 binary)
Coefficient statistics:
  Matrix range     [1e+00, 1e+01]
  QMatrix range    [1e+00, 1e+00]
  QLMatrix range   [1e+00, 1e+00]
  Objective range  [0e+00, 0e+00]
  QObjective range [8e-06, 5e+00]
  Bounds range     [1e+00, 8e+02]
  RHS range        [1e+00, 1e+02]
Presolve added 57 rows and 1173 columns
Presolve time: 0.06s
Presolved: 4764 rows, 4797 columns, 36202 nonzeros
Variable types: 1286 continuous, 3511 integer (3415 binary)

Root relaxation: objective -1.705303e-13, 5194 iterations, 0.23 seconds (0.32 work units)

    Nodes    |    Current Node    |     Objective Bounds      |     Work
 Expl Unexpl |  Obj  Depth IntInf | Incumbent    BestBd   Gap | It/Node Time

     0     0   -0.00000    0 3459          -   -0.00000      -     -    0s
     0     0    0.00496    0 3421          -    0.00496      -     -    1s
     0     0    0.00680    0 3329          -    0.00680      -     -    1s
     0     0    0.00681    0 3343          -    0.00681      -     -    1s
     0     0    0.00821    0 3324          -    0.00821      -     -    2s
     0     0    0.00832    0 3320          -    0.00832      -     -    2s
     0     0    0.00918    0 3333          -    0.00918      -     -    2s
H    0     0                      41.6024476    0.00918   100%     -    2s
     0     0    0.00918    0 3331   41.60245    0.00918   100%     -    2s
H    0     0                      16.4660476    0.00918   100%     -    3s
H    0     0                       8.0037054    0.00918   100%     -    3s
     0     2    0.00918    0 3331    8.00371    0.00918   100%     -    3s
H   29    36                       7.9965486    0.01119   100%  1090    5s
H   32    36                       7.9894059    0.01127   100%  1212    5s
H   77    80                       2.0064847    0.01862  99.1%  1078   10s
H   80    80                       1.9854376    0.01862  99.1%  1061   10s
H   84    80                       1.8132195    0.01862  99.0%  1054   10s
H  123   126                       1.5785860    0.01862  98.8%   866   14s
H  127   126                       1.5418099    0.01862  98.8%   851   14s
   165   135    0.04908   14 2256    1.54181    0.01862  98.8%   811   15s
H  198   163                       1.5143952    0.01862  98.8%   788   16s
H  580   549                       1.4180153    0.01862  98.7%   501   20s
H  594   549                       1.4081568    0.01862  98.7%   495   20s
H 1632  1581                       1.3808104    0.01862  98.7%   271   23s
H 1672  1581                       1.3701211    0.01862  98.6%   268   23s
H 2202  1964                       1.2791958    0.01862  98.5%   235   27s
H 2216  1900                       1.2277966    0.01862  98.5%   236   27s
H 2476  2065                       1.2200892    0.01862  98.5%   239   35s
H 2478  1963                       1.2194517    0.01862  98.5%   238   36s
H 2478  1865                       1.2184032    0.01862  98.5%   238   37s
H 2481  1774                       1.2173848    0.01862  98.5%   238   38s
H 2482  1685                       1.2139988    0.01862  98.5%   238   39s
H 2482  1600                       1.2107749    0.01862  98.5%   238   39s
  2485  1602    1.14351  148 3116    1.21077    0.01862  98.5%   238   40s
H 2485  1522                       1.2103519    0.01862  98.5%   238   40s
H 2485  1446                       1.2072301    0.01862  98.5%   238   40s
H 2486  1374                       1.2064140    0.01862  98.5%   238   41s
H 2486  1305                       1.2049088    0.01862  98.5%   238   41s
H 2487  1241                       1.2030337    0.01862  98.5%   238   41s
H 2487  1179                       1.2024183    0.01862  98.5%   238   41s
H 2487  1120                       1.1955862    0.01862  98.4%   238   41s
H 2488  1063                       1.1830703    0.01862  98.4%   237   42s
H 2488  1010                       1.1806343    0.01862  98.4%   237   42s
H 2488   959                       1.1725611    0.01862  98.4%   237   42s
H 2488   911                       1.1631603    0.01862  98.4%   237   42s
H 2489   866                       1.1619512    0.01862  98.4%   237   43s
H 2489   823                       1.1601746    0.01862  98.4%   237   43s
H 2490   782                       1.1541845    0.01862  98.4%   237   43s
  2493   784    0.11329   44 3125    1.15418    0.01862  98.4%   237   45s
H 2493   745                       1.1521710    0.01862  98.4%   237   45s
  2503   760    0.02585   17 3043    1.15217    0.01862  98.4%   251   50s
  2527   782    0.12964   19 2918    1.15217    0.02421  97.9%   279   56s
H 2539   740                       1.1518662    0.02421  97.9%   289   56s
  2559   764    0.15331   20 2461    1.15187    0.02421  97.9%   323   63s
H 2575   738                       1.1518401    0.02421  97.9%   340   74s
H 2577   704                       1.1513561    0.02421  97.9%   345   74s
H 2580   671                       1.1425932    0.02421  97.9%   346   74s
  2591   687    0.17219   21 2517    1.14259    0.02421  97.9%   357   78s
  2611   699    0.15539   22 2401    1.14259    0.02421  97.9%   370   80s
H 2630   678                       1.1418142    0.02421  97.9%   380   93s
H 2631   649                       1.1417504    0.02421  97.9%   382   93s
H 2632   621                       1.1410156    0.02421  97.9%   382   93s
  2646   639    0.17812   23 2308    1.14102    0.02421  97.9%   392   95s
  2692   677    0.23131   25 2772    1.14102    0.02421  97.9%   419  100s
H 2778   691                       1.1410156    0.02421  97.9%   459  108s
H 2783   664                       1.1404339    0.02421  97.9%   463  108s
H 2786   640                       1.1404003    0.02421  97.9%   464  108s
  2794   670    0.39422   28 2719    1.14040    0.02421  97.9%   468  111s
  2883   713    0.50744   29 2679    1.14040    0.02421  97.9%   492  115s
  2981   764    0.46445   31 2702    1.14040    0.02421  97.9%   515  121s
  3090   776    0.58312   33 2717    1.14040    0.02421  97.9%   539  132s
H 3113   745                       1.1404003    0.02421  97.9%   547  132s
H 3115   723                       1.1404003    0.02421  97.9%   548  132s
  3116   756    0.60175   34 2655    1.14040    0.02421  97.9%   550  135s
  3216   801    0.77217   38 2647    1.14040    0.02421  97.9%   576  141s
  3321   850    1.05107   47 2610    1.14040    0.02421  97.9%   599  147s
  3370   869    1.07756   49 2217    1.14040    0.02472  97.8%   615  151s
  3476   908    0.09924   21 2700    1.14040    0.02472  97.8%   635  158s
  3549   902    0.12958   22 2606    1.14040    0.02472  97.8%   646  165s
H 3563   876                       1.1403947    0.02472  97.8%   651  165s
  3567   918    0.18403   23 2712    1.14039    0.02472  97.8%   653  170s
  3641   938    0.56611   29 2738    1.14039    0.02472  97.8%   665  175s
  3759  1062    0.78518   34 2791    1.14039    0.02472  97.8%   699  185s
  3838  1119    1.00065   38 2788    1.14039    0.02472  97.8%   710  190s
  3924  1166 infeasible   44         1.14039    0.03437  97.0%   720  196s
  4018  1218    0.13396   20 2676    1.14039    0.03437  97.0%   733  202s
  4094  1252    0.09896   21 2672    1.14039    0.03437  97.0%   749  208s
  4175  1317    0.18604   23 2508    1.14039    0.03437  97.0%   762  215s
  4275  1393    0.37676   25 2473    1.14039    0.03437  97.0%   776  221s
  4367  1458    0.48579   27 2464    1.14039    0.03437  97.0%   789  228s
  4454  1538    0.55706   29 2251    1.14039    0.03437  97.0%   802  236s
  4556  1588    0.57758   28 2403    1.14039    0.03437  97.0%   818  244s
  4666  1627    0.94625   31 2646    1.14039    0.03437  97.0%   830  251s
  4747  1684    0.98732   32 2601    1.14039    0.03437  97.0%   845  258s
  4844  1728     cutoff   33         1.14039    0.03437  97.0%   860  267s
  4932  1792    1.07972   34 2614    1.14039    0.03437  97.0%   875  275s
  5042  1876     cutoff   36         1.14039    0.04470  96.1%   887  284s
  5170  1935    0.10912   22 2733    1.14039    0.04470  96.1%   899  295s
  5279  2002    0.20877   25 2582    1.14039    0.04470  96.1%   918  306s
  5405  2088    0.41210   29 2747    1.14039    0.04470  96.1%   931  317s
  5529  2152    0.89628   37 2675    1.14039    0.06076  94.7%   944  328s
  5629  2222    0.30974   22 2651    1.14039    0.06076  94.7%   955  341s
  5750  2331    0.44062   25 2651    1.14039    0.06076  94.7%   971  354s
  5874  2423    1.05126   39 2584    1.14039    0.06076  94.7%   986  367s
  6011  2512     cutoff   41         1.14039    0.06212  94.6%  1001  380s
  6150  2599    0.26105   25 2207    1.14039    0.06212  94.6%  1002  393s
  6326  2612    0.73079   31 2186    1.14039    0.06212  94.6%  1010  417s
H 6335  2612                       1.1400378    0.06212  94.6%  1011  417s
H 6339  2612                       1.1400378    0.06212  94.6%  1011  417s
H 6342  2612                       1.1399834    0.06212  94.6%  1012  417s
  6353  2737    0.85486   32 2207    1.13998    0.06945  93.9%  1014  431s
  6535  2809    0.27270   22 2498    1.13998    0.06945  93.9%  1022  447s
  6681  2913    0.28979   24 2420    1.13998    0.06945  93.9%  1031  463s
H 6712  2913                       1.1399834    0.06945  93.9%  1035  463s
  6817  3045    0.71018   31 2112    1.13998    0.06945  93.9%  1038  480s
  6972  3180    0.91336   33 2314    1.13998    0.10746  90.6%  1057  499s
  7162  3303    0.15491   23 2708    1.13998    0.10746  90.6%  1069  516s
  7373  3430    0.53343   28 2498    1.13998    0.10746  90.6%  1082  536s
  7622  3570 infeasible   38         1.13998    0.10799  90.5%  1090  555s
  7862  3678    0.16812   24 2494    1.13998    0.10799  90.5%  1100  585s
  8014  3781    0.49529   30 2333    1.13998    0.10799  90.5%  1115  610s
  8253  3897    0.92487   40 2146    1.13998    0.12703  88.9%  1118  633s
  8458  4029    0.28962   24 2810    1.13998    0.12703  88.9%  1135  657s
  8657  4191    0.83717   28 2746    1.13998    0.12703  88.9%  1155  682s
  8908  4369    1.10995   32 2735    1.13998    0.13699  88.0%  1170  707s
  9169  4558    0.41438   26 2317    1.13998    0.14414  87.4%  1185  731s
H 9196  4558                       1.1399834    0.14414  87.4%  1187  731s
  9408  4965    0.70947   30 2220    1.13998    0.14414  87.4%  1189  755s
  9894  5285 infeasible   39         1.13998    0.14846  87.0%  1177  782s
 10363  5567    0.45447   28 2379    1.13998    0.15036  86.8%  1167  810s
 10832  5746     cutoff   38         1.13998    0.15426  86.5%  1160  843s
 11133  5862    0.56369   29 2489    1.13998    0.15693  86.2%  1171  874s
 11519  5920    0.86485   35 2735    1.13998    0.15693  86.2%  1178  908s
 11879  6124     cutoff   37         1.13998    0.15777  86.2%  1190  943s
 12165  6431    0.56387   29 2748    1.13998    0.15777  86.2%  1208  977s
 12612  6712    1.07653   52 1976    1.13998    0.15777  86.2%  1214 1011s
 13154  6881     cutoff   87         1.13998    0.17891  84.3%  1211 1049s
H13195  6881                       1.1399834    0.17965  84.2%  1212 1049s
H13229  6881                       1.1399834    0.17965  84.2%  1212 1049s
 13549  7090     cutoff   31         1.13998    0.18135  84.1%  1218 1089s
 13966  7254    1.03412   35 2675    1.13998    0.18738  83.6%  1226 1133s
 14371  7456    0.66227   29 2617    1.13998    0.19246  83.1%  1236 1180s
 14778  7462    0.70006   31 2563    1.13998    0.19622  82.8%  1250 1541s
 14803  7683    0.73870   32 2627    1.13998    0.19768  82.7%  1252 1588s
 15265  7887    0.50217   30 2283    1.13998    0.20101  82.4%  1260 1637s
 15784  8141    0.52275   24 2693    1.13998    0.20782  81.8%  1266 1685s
 16367  8443     cutoff   40         1.13998    0.21215  81.4%  1267 1738s
 16942  8680    0.58799   30 2494    1.13998    0.21775  80.9%  1272 1794s
 17476  8708 infeasible   44         1.13998    0.22384  80.4%  1277 1800s

Cutting planes:
  Gomory: 729
  Implied bound: 1
  MIR: 75
  StrongCG: 16
  Flow cover: 80
  Inf proof: 8
  Zero half: 46
  RLT: 77
  Relax-and-lift: 2

Explored 17525 nodes (22419038 simplex iterations) in 1800.01 seconds (2583.63 work units)
Thread count was 16 (of 16 available processors)

Solution count 10: 1.13998 1.14004 1.14004 ... 1.14175

Time limit reached
Warning: max constraint violation (2.1665e-04) exceeds tolerance
Warning: max general constraint violation (2.1665e-04) exceeds tolerance
Best objective 1.139983387768e+00, best bound 2.238355666106e-01, gap 80.3650%
