
Gurobi 9.5.0 (linux64) logging started Tue 15 Nov 2022 03:19:01 AM PST

Set parameter LogFile to value "experiments/t_1_theta_0.1/gurobi.1668511140.log"
Set parameter LogToConsole to value 0
Set parameter TimeLimit to value 1800
Set parameter Threads to value 16
Gurobi Optimizer version 9.5.0 build v9.5.0rc5 (linux64)
Thread count: 8 physical cores, 16 logical processors, using up to 16 threads
Optimize a model with 339 rows, 1398 columns and 5276 nonzeros
Model fingerprint: 0x80649310
Model has 3400 quadratic objective terms
Model has 75 quadratic constraints
Model has 1 general constraint
Variable types: 80 continuous, 1318 integer (1318 binary)
Coefficient statistics:
  Matrix range     [1e+00, 1e+01]
  QMatrix range    [1e+00, 1e+00]
  QLMatrix range   [1e+00, 1e+00]
  Objective range  [0e+00, 0e+00]
  QObjective range [8e-06, 5e+00]
  Bounds range     [1e+00, 8e+02]
  RHS range        [1e+00, 1e+02]
Presolve added 0 rows and 1025 columns
Presolve removed 26 rows and 0 columns
Presolve time: 0.01s
Presolved: 2395 rows, 4505 columns, 12202 nonzeros
Presolved model has 1 SOS constraint(s)
Variable types: 1105 continuous, 3400 integer (3375 binary)

Root relaxation: objective 8.285778e-01, 1987 iterations, 0.06 seconds (0.11 work units)

    Nodes    |    Current Node    |     Objective Bounds      |     Work
 Expl Unexpl |  Obj  Depth IntInf | Incumbent    BestBd   Gap | It/Node Time

     0     0    0.82858    0 1319          -    0.82858      -     -    0s
H    0     0                      15.5338747    0.86593  94.4%     -    0s
H    0     0                      12.1789657    0.86593  92.9%     -    0s
     0     0    0.86862    0 1335   12.17897    0.86862  92.9%     -    0s
H    0     0                      10.5284901    0.88749  91.6%     -    0s
H    0     0                       8.8995607    0.88749  90.0%     -    0s
H    0     0                       8.8994644    0.88749  90.0%     -    0s
     0     0    0.88749    0 1220    8.89946    0.88749  90.0%     -    0s
     0     0    0.88887    0 1226    8.89946    0.88887  90.0%     -    0s
     0     0    0.88980    0 1226    8.89946    0.88980  90.0%     -    0s
     0     0    0.89044    0 1226    8.89946    0.89044  90.0%     -    0s
     0     0    0.89123    0 1219    8.89946    0.89123  90.0%     -    0s
     0     0    0.89539    0 1221    8.89946    0.89539  89.9%     -    0s
     0     0    0.89592    0 1236    8.89946    0.89592  89.9%     -    0s
     0     0    0.89691    0 1244    8.89946    0.89691  89.9%     -    0s
     0     0    0.89691    0 1243    8.89946    0.89691  89.9%     -    0s
     0     2    0.89699    0 1243    8.89946    0.89699  89.9%     -    0s
H  140   159                       8.5409316    0.89837  89.5%   193    1s
H  147   159                       8.4865594    0.89837  89.4%   193    1s
H  197   214                       3.5635999    0.89837  74.8%   220    3s
H  198   214                       1.9101740    0.89837  53.0%   221    3s
H  375   404                       1.9035335    0.89837  52.8%   268    4s
H  577   584                       1.8630544    0.89837  51.8%   257    9s
H  578   584                       1.8435096    0.89837  51.3%   257    9s
H  579   584                       1.8373372    0.89837  51.1%   257    9s
H  581   584                       1.8368631    0.89837  51.1%   258    9s
H  594   584                       1.8248712    0.89837  50.8%   257    9s
H  888   914                       1.8247996    0.89837  50.8%   246    9s
   935   991    0.96674   37 1028    1.82480    0.89837  50.8%   241   10s
H 1901  2025                       1.2412518    0.89837  27.6%   190   11s
* 2034  2020             170       1.2285316    0.89837  26.9%   181   11s
H 2065  1994                       1.2237319    0.89837  26.6%   179   11s
H 2262  2065                       1.2039838    0.89837  25.4%   170   11s
H 2276  1614                       1.0894246    0.89837  17.5%   169   11s
H 2740  1899                       1.0849000    0.89837  17.2%   174   13s
H 2770  1877                       1.0830587    0.89837  17.1%   173   13s
H 2782  1873                       1.0823078    0.89837  17.0%   174   13s
H 3215  2257                       1.0777272    0.89862  16.6%   170   14s
H 3217  2146                       1.0741648    0.89862  16.3%   170   14s
H 3218  2038                       1.0721987    0.89862  16.2%   169   15s
H 3231  1945                       1.0715598    0.92557  13.6%   169   19s
  3234  1947    0.93032   23 1358    1.07156    0.92572  13.6%   169   20s
H 3234  1849                       1.0715560    0.92572  13.6%   169   20s
H 3238  1759                       1.0697355    0.92593  13.4%   168   22s
H 3245  1674                       1.0697095    0.92698  13.3%   168   25s
H 3246  1591                       1.0692443    0.92698  13.3%   168   25s
H 3250  1514                       1.0678924    0.92764  13.1%   168   27s
H 3250  1437                       1.0672005    0.92764  13.1%   168   27s
H 3250  1365                       1.0671967    0.92769  13.1%   168   27s
H 3252  1297                       1.0671909    0.92770  13.1%   168   27s
H 3252  1232                       1.0666896    0.92772  13.0%   168   28s
  3261  1239    1.03756   74 1309    1.06669    0.92772  13.0%   177   30s
  3273  1247    1.05583   87 1383    1.06669    0.93083  12.7%   177   35s
  3288  1260    0.93326   28 1402    1.06669    0.93190  12.6%   185   40s
H 3340  1229                       1.0666732    0.93192  12.6%   196   42s
H 3374  1206                       1.0666513    0.93192  12.6%   202   44s
  3434  1246    0.93827   35 1376    1.06665    0.93192  12.6%   209   45s
H 3479  1218                       1.0645213    0.93192  12.5%   215   48s
H 3490  1160                       1.0642083    0.93192  12.4%   216   48s
H 3492  1107                       1.0640499    0.93192  12.4%   216   48s
  3537  1161    0.95227   37 1318    1.06405    0.93192  12.4%   223   56s
H 3540  1111                       1.0640118    0.93192  12.4%   223   56s
  3621  1155    0.95247   39 1318    1.06401    0.93192  12.4%   232   60s
H 3628  1107                       1.0640118    0.93192  12.4%   233   60s
  3889  1283    0.96801   43 1335    1.06401    0.93192  12.4%   256   65s
  4351  1447    1.00470   50 1213    1.06401    0.93192  12.4%   287   70s
  4702  1705    0.99414   60 1106    1.06401    0.93192  12.4%   310   75s
  5393  1946    1.04083   80  941    1.06401    0.93192  12.4%   316   81s
  5780  2282    1.05631  110  614    1.06401    0.93192  12.4%   319   85s
  6142  2523    1.05867  115  461    1.06401    0.93192  12.4%   326   90s
  6562  2838     cutoff  121         1.06401    0.93192  12.4%   334   95s
  6968  3202    0.97280   36 1294    1.06401    0.93216  12.4%   347  101s
  7354  3438    1.05421   51  923    1.06401    0.93236  12.4%   352  105s
  7628  3641    0.98544   35 1354    1.06401    0.93236  12.4%   363  111s
  7929  3937    1.00697   39 1269    1.06401    0.93236  12.4%   372  116s
  8357  4229     cutoff   49         1.06401    0.93262  12.3%   378  124s
  8523  4407    0.93792   36 1363    1.06401    0.93263  12.3%   382  127s
  9058  4803    1.04477   57  961    1.06401    0.93288  12.3%   386  132s
  9294  4948    0.97029   35 1388    1.06401    0.93288  12.3%   391  136s
  9656  5201    1.01449   58 1176    1.06401    0.93288  12.3%   401  151s
H 9688  5201                       1.0640118    0.93288  12.3%   401  151s
 10017  5644    0.97108   35 1384    1.06401    0.93384  12.2%   408  157s
 10290  5941    0.98619   43 1351    1.06401    0.93384  12.2%   412  161s
 11025  6483    0.93708   48 1296    1.06401    0.93392  12.2%   418  167s
 11365  6737    0.99053   55 1219    1.06401    0.93392  12.2%   422  171s
 11749  7007    1.02590   80 1037    1.06401    0.93398  12.2%   424  175s
 12479  7645    1.03410   79  948    1.06401    0.93427  12.2%   430  183s
 12884  8019    0.98944   48 1286    1.06401    0.93431  12.2%   434  187s
 13311  8380    1.03856   72  978    1.06401    0.93454  12.2%   438  191s
 13798  8767    0.96643   43 1325    1.06401    0.93467  12.2%   440  195s
 14308  9134    1.04117   68 1061    1.06401    0.93489  12.1%   440  200s
 14741  9300    1.00842   56 1182    1.06401    0.93489  12.1%   442  220s
 14937  9669    1.03672   69 1030    1.06401    0.93515  12.1%   442  225s
 15431 10144    1.00641   61 1220    1.06401    0.93565  12.1%   445  230s
 16042 10531    1.00412   61 1148    1.06401    0.93620  12.0%   446  236s
 16677 10887    0.96692   39 1348    1.06401    0.93620  12.0%   446  242s
 17269 11367    1.00916   53 1268    1.06401    0.93715  11.9%   449  248s
 17979 11700    0.96519   44 1261    1.06401    0.93769  11.9%   449  255s
 18498 12256    1.06008   74  903    1.06401    0.93867  11.8%   452  261s
 19252 12789    1.06381   69  969    1.06401    0.94033  11.6%   452  268s
 19967 13340    0.96971   33 1277    1.06401    0.94150  11.5%   454  275s
 20699 13908    0.97332   41 1387    1.06401    0.94343  11.3%   456  282s
 21392 14843    1.02581   56 1172    1.06401    0.94343  11.3%   461  289s
 22551 15455    1.05115   78  987    1.06401    0.94382  11.3%   457  297s
 23538 16086    1.01750   51 1202    1.06401    0.94460  11.2%   457  305s
 24385 16673    0.97291   45 1303    1.06401    0.94524  11.2%   460  314s
 25138 17382    0.99125   39 1301    1.06401    0.94774  10.9%   460  323s
 26063 18115    1.00520   54 1262    1.06401    0.95043  10.7%   461  331s
 27003 19214    1.05520   63 1106    1.06401    0.95097  10.6%   464  340s
 28297 19994    0.99287   36 1331    1.06401    0.95199  10.5%   461  350s
 29321 20672    1.05363   70  998    1.06401    0.95291  10.4%   463  360s
 30280 21729    1.04485   76  950    1.06401    0.95357  10.4%   467  370s
 31581 22445    0.98898   44 1327    1.06401    0.95424  10.3%   467  380s
 32541 23159    1.02337   45 1355    1.06401    0.95494  10.3%   471  391s
 33651 24015    1.05650   58 1111    1.06401    0.95534  10.2%   473  402s
 34826 24886    1.02567   69 1149    1.06401    0.95570  10.2%   473  414s
 36018 25851    1.01422   61 1113    1.06401    0.95605  10.1%   475  426s
 37263 26870    0.99028   36 1229    1.06401    0.95655  10.1%   479  439s
 38681 27604    1.05519   70  874    1.06401    0.95708  10.1%   479  453s
 39735 28800    1.00543   56 1254    1.06401    0.95747  10.0%   480  467s
 41308 30114 infeasible   64         1.06401    0.95771  10.0%   482  482s
 43091 31118    1.01636   54 1196    1.06401    0.95793  10.0%   481  497s
 44606 32363    1.00744   52 1257    1.06401    0.95813  10.0%   485  512s
 46353 33629    1.05519   71  955    1.06401    0.95834  9.93%   485  527s
 48192 34872    1.06304   82  764    1.06401    0.95855  9.91%   485  541s
 49922 36030    1.03343   68 1037    1.06401    0.95895  9.87%   484  556s
 51530 37219    1.06249   75  985    1.06401    0.95918  9.85%   486  570s
 53331 38468    1.05297   77  972    1.06401    0.95962  9.81%   485  585s
 54941 39638    1.06380   76  897    1.06401    0.96001  9.77%   486  600s
 56567 40894    0.97578   40 1314    1.06401    0.96034  9.74%   486  615s
 58249 42061    1.05603   70  998    1.06401    0.96146  9.64%   487  630s
 59862 43133    0.99964   39 1236    1.06401    0.96219  9.57%   487  647s
 61271 44381    0.99486   46 1198    1.06401    0.96245  9.54%   491  662s
 63118 45381    1.05190   71 1088    1.06401    0.96348  9.45%   490  677s
 64671 46602    1.01429   60 1350    1.06401    0.96429  9.37%   490  691s
 66331 47995    0.99241   43 1222    1.06401    0.96481  9.32%   491  706s
 68091 49094    1.06349  115  576    1.06401    0.96508  9.30%   490  721s
 69659 50120     cutoff   78         1.06401    0.96619  9.19%   490  736s
 71172 51376    1.02795   65 1102    1.06401    0.96655  9.16%   491  751s
 72821 52650    1.05107   68 1095    1.06401    0.96676  9.14%   491  766s
 74625 53648    1.06122   84  748    1.06401    0.96717  9.10%   490  783s
 76046 54731    0.98543   63 1207    1.06401    0.96758  9.06%   491  798s
 77605 56266    1.05820   66 1141    1.06401    0.96797  9.03%   491  813s
 79456 57517    1.05827   54 1198    1.06401    0.96828  9.00%   490  828s
 81014 58746    1.02089   51 1105    1.06401    0.96829  9.00%   492  842s
 82682 60607    1.05511   94  723    1.06401    0.96829  9.00%   492  858s
 84877 61521    1.06019  113  549    1.06401    0.96829  9.00%   489  875s
 86058 63033    1.06205  121  513    1.06401    0.96879  8.95%   489  889s
 88036 63893    1.03420   56 1177    1.06401    0.96909  8.92%   487  903s
 89292 64989    1.03244   55 1085    1.06401    0.96958  8.87%   489  917s
 90818 66076    1.02318   66 1281    1.06401    0.96968  8.87%   490  932s
 92333 67044     cutoff   82         1.06401    0.96979  8.86%   490  949s
 93672 68086    1.05198   71  930    1.06401    0.96993  8.84%   490  963s
 95189 69092    1.04427   68  953    1.06401    0.97010  8.83%   491  979s
 96628 70397    0.99474   47 1287    1.06401    0.97017  8.82%   493  994s
 98378 71659    1.05310   61  987    1.06401    0.97023  8.81%   493 1009s
 100121 72660     cutoff   77         1.06401    0.97041  8.80%   492 1024s
 101530 73805    1.02131   50 1199    1.06401    0.97053  8.79%   492 1039s
 103084 75224    1.05644   84  728    1.06401    0.97065  8.77%   493 1054s
 104831 76946    1.03697   58 1095    1.06401    0.97072  8.77%   493 1069s
 107339 78098    1.01306   55 1208    1.06401    0.97078  8.76%   490 1083s
 108968 79160    1.06005   71 1011    1.06401    0.97092  8.75%   490 1097s
 110512 80220    0.98156   48 1247    1.06401    0.97107  8.73%   490 1111s
 112034 81055    1.01062   45 1262    1.06401    0.97118  8.72%   490 1129s
 113094 82164    0.97365   57 1212    1.06401    0.97121  8.72%   490 1143s
 114755 83251    1.00441   50 1248    1.06401    0.97136  8.71%   490 1158s
 116315 84351    1.01059   45 1248    1.06401    0.97147  8.70%   490 1173s
 117904 85293    1.00688   52 1226    1.06401    0.97155  8.69%   490 1190s
 119118 86449    1.01530   54 1179    1.06401    0.97162  8.68%   490 1206s
 120771 87720    1.04467   63 1165    1.06401    0.97169  8.68%   491 1222s
 122432 88658    1.05810   78 1006    1.06401    0.97179  8.67%   491 1241s
 123660 89748    1.02815   58 1077    1.06401    0.97182  8.66%   491 1256s
 125291 90909    1.05485   66 1047    1.06401    0.97186  8.66%   492 1272s
 126946 92397    1.01070   56 1228    1.06401    0.97195  8.65%   492 1288s
 128913 93470     cutoff   81         1.06401    0.97198  8.65%   493 1304s
 130544 94713    1.05637   74  952    1.06401    0.97204  8.64%   493 1319s
 132319 95817    1.02200   50 1182    1.06401    0.97209  8.64%   493 1334s
 133867 96948    1.03470   65 1099    1.06401    0.97217  8.63%   494 1351s
 135478 98121    0.98998   51 1205    1.06401    0.97223  8.63%   494 1368s
 137039 99333    1.01157   48 1218    1.06401    0.97228  8.62%   494 1383s
 138783 100521    1.02657   66 1052    1.06401    0.97237  8.61%   494 1399s
 140455 101627    1.04644   67 1030    1.06401    0.97244  8.61%   495 1418s
 142188 102603    1.00284   53 1268    1.06401    0.97246  8.60%   496 1434s
 143798 103730    1.05864   63  887    1.06401    0.97255  8.60%   496 1450s
 145439 105071    1.05481   78  956    1.06401    0.97260  8.59%   497 1466s
 147214 106198    1.05616   69  971    1.06401    0.97267  8.59%   497 1482s
 148980 107197    0.99960   56 1303    1.06401    0.97272  8.58%   497 1498s
 150544 108026    1.06387   63  959    1.06401    0.97279  8.57%   498 1514s
 152007 108764    1.03270   70 1075    1.06401    0.97286  8.57%   499 1530s
 153534 109486    1.01256   43 1255    1.06401    0.97296  8.56%   500 1550s
 154572 110890    1.03750   62 1125    1.06401    0.97303  8.55%   500 1567s
 156403 111919    0.99086   41 1277    1.06401    0.97310  8.54%   501 1584s
 157969 113016    1.01081   40 1247    1.06401    0.97315  8.54%   502 1600s
 159629 113954    0.98910   45 1259    1.06401    0.97327  8.53%   503 1618s
 161282 115137    1.01716   59 1187    1.06401    0.97332  8.52%   504 1636s
 162973 116283    1.05598   79 1010    1.06401    0.97339  8.52%   504 1653s
 164656 117599    1.04052   65 1080    1.06401    0.97347  8.51%   504 1669s
 166478 118753    1.06279   76  920    1.06401    0.97354  8.50%   504 1686s
 168225 119884     cutoff   72         1.06401    0.97362  8.50%   505 1703s
 169918 121071    1.05813   85  809    1.06401    0.97364  8.49%   505 1719s
 171643 122215    1.05685   76  978    1.06401    0.97372  8.49%   506 1735s
 173156 123014    1.01425   65 1169    1.06401    0.97379  8.48%   507 1755s
 174173 124285    1.01754   66 1161    1.06401    0.97382  8.48%   507 1772s
 175963 125362    1.04198   64  931    1.06401    0.97390  8.47%   507 1791s
 177542 125832    1.04410   82  955    1.06401    0.97397  8.46%   507 1800s

Cutting planes:
  Gomory: 421
  Cover: 11
  MIR: 22
  Flow cover: 34
  Inf proof: 1
  RLT: 10

Explored 178261 nodes (90378767 simplex iterations) in 1800.02 seconds (3256.59 work units)
Thread count was 16 (of 16 available processors)

Solution count 10: 1.06401 1.06401 1.06401 ... 1.06719

Time limit reached
Warning: max constraint violation (8.0628e-05) exceeds tolerance
Warning: max general constraint violation (8.0628e-05) exceeds tolerance
Best objective 1.064011793491e+00, best bound 9.740129763414e-01, gap 8.4584%
