
Gurobi 9.5.0 (linux64) logging started Wed 16 Nov 2022 04:29:51 PM PST

Set parameter LogFile to value "experiments/t_1_theta_0.575/gurobi.1668644990.log"
Set parameter LogToConsole to value 0
Set parameter TimeLimit to value 1800
Set parameter Threads to value 16
Gurobi Optimizer version 9.5.0 build v9.5.0rc5 (linux64)
Thread count: 8 physical cores, 16 logical processors, using up to 16 threads
Optimize a model with 339 rows, 1398 columns and 5276 nonzeros
Model fingerprint: 0xf05d5ae5
Model has 3400 quadratic objective terms
Model has 75 quadratic constraints
Model has 1 general constraint
Variable types: 80 continuous, 1318 integer (1318 binary)
Coefficient statistics:
  Matrix range     [1e+00, 1e+01]
  QMatrix range    [1e+00, 1e+00]
  QLMatrix range   [1e+00, 1e+00]
  Objective range  [0e+00, 0e+00]
  QObjective range [4e-05, 3e+01]
  Bounds range     [1e+00, 8e+02]
  RHS range        [1e+00, 1e+02]
Presolve added 0 rows and 1025 columns
Presolve removed 26 rows and 0 columns
Presolve time: 0.01s
Presolved: 2395 rows, 4505 columns, 12202 nonzeros
Presolved model has 1 SOS constraint(s)
Variable types: 1105 continuous, 3400 integer (3375 binary)

Root relaxation: objective 3.912782e-01, 1582 iterations, 0.06 seconds (0.07 work units)

    Nodes    |    Current Node    |     Objective Bounds      |     Work
 Expl Unexpl |  Obj  Depth IntInf | Incumbent    BestBd   Gap | It/Node Time

     0     0    0.39128    0 1319          -    0.39128      -     -    0s
H    0     0                      32.6228511    0.39128  98.8%     -    0s
H    0     0                      32.3656513    0.39128  98.8%     -    0s
H    0     0                      31.7368525    0.39128  98.8%     -    0s
     0     0    0.42995    0 1354   31.73685    0.42995  98.6%     -    0s
     0     0    0.53858    0 1243   31.73685    0.53858  98.3%     -    0s
     0     0    0.53918    0 1251   31.73685    0.53918  98.3%     -    0s
     0     0    0.54024    0 1244   31.73685    0.54024  98.3%     -    0s
     0     0    0.54027    0 1245   31.73685    0.54027  98.3%     -    0s
H    0     0                      13.0232384    0.55563  95.7%     -    0s
     0     0    0.55563    0 1242   13.02324    0.55563  95.7%     -    0s
     0     0    0.55603    0 1243   13.02324    0.55603  95.7%     -    0s
     0     0    0.56273    0 1250   13.02324    0.56273  95.7%     -    0s
     0     0    0.56273    0 1249   13.02324    0.56273  95.7%     -    0s
     0     2    0.56291    0 1249   13.02324    0.56291  95.7%     -    0s
H   44    42                       3.6508887    0.56975  84.4%   372    1s
H   77    82                       3.5950152    0.57012  84.1%   398    1s
H   84    82                       3.4875767    0.57012  83.7%   392    1s
H  119   126                       3.4158820    0.57012  83.3%   314    2s
H  121   126                       2.3883145    0.57012  76.1%   315    2s
H  176   183                       2.3412473    0.57012  75.6%   301    3s
H  177   183                       2.3013772    0.57012  75.2%   304    3s
H  179   183                       2.0155795    0.57012  71.7%   306    3s
H  181   183                       2.0103130    0.57012  71.6%   306    3s
H  182   183                       1.8152214    0.57012  68.6%   306    3s
H  300   299                       1.7890411    0.57012  68.1%   354    4s
H  301   299                       1.6156252    0.57012  64.7%   353    4s
H  307   299                       1.6089345    0.57012  64.6%   354    4s
H  311   299                       1.5487599    0.57012  63.2%   353    4s
   432   441    1.48308   35  592    1.54876    0.57012  63.2%   347    5s
H 1261  1090                       1.5464195    0.57037  63.1%   272    7s
H 1262  1087                       1.5436950    0.57037  63.1%   273    7s
H 1265   938                       1.4621729    0.57037  61.0%   273    7s
H 2158  1678                       1.4594484    0.70080  52.0%   270    9s
H 2160  1596                       1.4569153    0.70080  51.9%   270   10s
H 2160  1516                       1.4569153    0.70080  51.9%   270   10s
H 2165  1443                       1.4555441    0.70080  51.9%   269   10s
H 2170  1373                       1.4532420    0.70080  51.8%   268   11s
H 2203  1338                       1.4429113    0.73339  49.2%   280   13s
H 2257  1301                       1.4427851    0.73728  48.9%   292   14s
H 2309  1284                       1.4325466    0.74266  48.2%   299   14s
H 2310  1224                       1.4319907    0.75253  47.4%   299   14s
H 2317  1165                       1.3991830    0.75253  46.2%   299   14s
H 2318  1112                       1.3846676    0.75253  45.7%   299   14s
H 2324  1059                       1.3825503    0.75253  45.6%   300   14s
  2327  1083    0.75255   19 1192    1.38255    0.75254  45.6%   299   15s
H 2354  1042                       1.3654254    0.75254  44.9%   299   17s
H 2355   996                       1.3529323    0.75254  44.4%   299   17s
H 2358   952                       1.3445156    0.75254  44.0%   299   17s
H 2369   907                       1.3438581    0.75254  44.0%   299   17s
H 2390   862                       1.3438581    0.75254  44.0%   299   18s
H 2394   824                       1.3426187    0.75254  43.9%   299   18s
  2652   939    0.77586   27 1184    1.34262    0.75254  43.9%   296   20s
  4154  1782    0.95700   53 1024    1.34262    0.75254  43.9%   264   25s
H 4656  1861                       1.3164794    0.75254  42.8%   257   26s
  5743  2867    1.08613   93  838    1.31648    0.75254  42.8%   242   30s
H 5790  2827                       1.3097451    0.75254  42.5%   242   30s
H 5822  2817                       1.3075298    0.75254  42.4%   242   30s
  7267  4312    1.08750   70  976    1.30753    0.75365  42.4%   236   35s
H 7588  4373                       1.3041634    0.75365  42.2%   233   36s
H 7606  4313                       1.2985594    0.75365  42.0%   233   36s
H 7612  4279                       1.2960013    0.75365  41.8%   233   36s
H 7634  4252                       1.2937185    0.75365  41.7%   232   36s
H 7635  4252                       1.2936956    0.75365  41.7%   232   36s
H 7651  4250                       1.2935693    0.75365  41.7%   232   36s
  8874  5313    1.28655   92  586    1.29357    0.76738  40.7%   226   40s
 10708  6847    1.08595   42  961    1.29357    0.81777  36.8%   225   45s
 11937  8044    1.09706   45  907    1.29357    0.82237  36.4%   228   50s
H12348  8063                       1.2935693    0.82237  36.4%   227   52s
H12349  8058                       1.2933169    0.82237  36.4%   227   52s
H12353  7972                       1.2891651    0.82237  36.2%   227   52s
H12365  7966                       1.2890148    0.82237  36.2%   227   52s
H12366  7966                       1.2890148    0.82237  36.2%   228   52s
 12763  8583    1.20090   62  768    1.28901    0.82237  36.2%   228   62s
H12788  8266                       1.2793806    0.82237  35.7%   228   62s
 13642  9049    1.05175   31  934    1.27938    0.82568  35.5%   228   65s
H14161  9558                       1.2792754    0.82568  35.5%   228   66s
H14185  9457                       1.2761243    0.82568  35.3%   228   66s
 15781 10747    1.14528   43  905    1.27612    0.83275  34.7%   226   71s
 17464 11895    1.26623   38  971    1.27612    0.84362  33.9%   227   76s
 18530 12878    1.05462   33 1009    1.27612    0.84921  33.5%   229   80s
 20238 14021    1.17053   41  809    1.27612    0.85317  33.1%   233   87s
 21664 15019    1.04441   18 1042    1.27612    0.86325  32.4%   234   91s
 23010 15940    1.02022   38  934    1.27612    0.87016  31.8%   237   96s
 24341 17067    1.00856   31 1053    1.27612    0.87148  31.7%   241  102s
 25220 17664    1.14773   53  823    1.27612    0.87561  31.4%   241  105s
 26946 19217    1.15848   52  925    1.27612    0.87865  31.1%   243  112s
H27804 19497                       1.2749023    0.87865  31.1%   245  116s
H27872 19123                       1.2691406    0.87865  30.8%   245  116s
H27933 19025                       1.2679186    0.87865  30.7%   245  116s
H28220 18678                       1.2635726    0.87865  30.5%   246  116s
H28361 18485                       1.2588336    0.87865  30.2%   246  121s
H28521 18409                       1.2578958    0.88306  29.8%   246  121s
 28972 19042    1.04167   31  997    1.25790    0.88403  29.7%   248  125s
 30992 20632    1.00907   34 1074    1.25790    0.89025  29.2%   250  133s
 32177 21276     cutoff   60         1.25790    0.89356  29.0%   250  137s
 33143 22061    1.05248   49 1028    1.25790    0.89732  28.7%   252  142s
 34325 22789    1.03872   33 1045    1.25790    0.90065  28.4%   254  147s
 35378 23726    1.10047   33  996    1.25790    0.90381  28.1%   255  152s
 36626 24739    1.20702   62  854    1.25790    0.90694  27.9%   256  157s
 37818 25855    1.19711   61  899    1.25790    0.90855  27.8%   258  163s
 39327 26715    1.24510   62  885    1.25790    0.90887  27.7%   259  168s
 40710 27844    1.03298   25  965    1.25790    0.91143  27.5%   260  174s
 42328 29110    1.16187   37 1018    1.25790    0.91354  27.4%   261  180s
 43946 30337    1.24170   51  307    1.25790    0.91719  27.1%   262  186s
 45498 31448    1.17522   57  920    1.25790    0.92047  26.8%   262  193s
 46841 32442    1.22827   56  831    1.25790    0.92110  26.8%   265  199s
 48277 33464    1.24682   60  853    1.25790    0.92113  26.8%   266  206s
 49760 34615    1.12670   38  868    1.25790    0.92390  26.6%   267  212s
 51400 35722    1.00517   38 1003    1.25790    0.92598  26.4%   268  219s
 52786 36953     cutoff   69         1.25790    0.92759  26.3%   270  226s
 54424 38005    0.96752   36 1019    1.25790    0.92899  26.1%   271  232s
 56045 38993    1.16930   45  871    1.25790    0.92976  26.1%   272  239s
 57506 39820    1.20184   49  913    1.25790    0.93272  25.9%   272  247s
H57589 39105                       1.2533064    0.93272  25.6%   273  247s
H57985 38961                       1.2523964    0.93363  25.5%   273  247s
H58261 34751                       1.2319559    0.93390  24.2%   273  247s
H58660 33523                       1.2269833    0.93448  23.8%   273  265s
 58691 34514    1.09470   39  988    1.22698    0.93537  23.8%   273  272s
 60462 35470    1.15109   57  775    1.22698    0.93996  23.4%   273  279s
 61964 36611    1.21286   49  782    1.22698    0.94178  23.2%   274  286s
 63603 37390    1.21807   71  931    1.22698    0.94360  23.1%   275  293s
 65057 38306    1.21398   46  940    1.22698    0.94611  22.9%   276  300s
 66807 38754 infeasible   73         1.22698    0.94743  22.8%   277  317s
 67610 39732    1.20750   59  833    1.22698    0.94922  22.6%   277  325s
 69302 40709    1.00421   36 1034    1.22698    0.95074  22.5%   278  333s
 70994 41761    1.21383   50  880    1.22698    0.95290  22.3%   279  341s
 72586 42911    1.09546   35 1129    1.22698    0.95619  22.1%   280  348s
 74300 43277     cutoff   51         1.22698    0.95836  21.9%   281  359s
 74927 44557    1.06167   42 1023    1.22698    0.95900  21.8%   281  367s
 76898 45665    1.09328   42  999    1.22698    0.96017  21.7%   282  375s
 78667 46958    1.15469   54  948    1.22698    0.96295  21.5%   282  383s
 80530 48075    1.20364   61  830    1.22698    0.96481  21.4%   283  390s
 82241 49171     cutoff   69         1.22698    0.96626  21.2%   283  398s
 83932 50098    1.03912   33  966    1.22698    0.96734  21.2%   284  405s
 85529 51164    1.17228   49  974    1.22698    0.96948  21.0%   285  413s
 87190 52186     cutoff   45         1.22698    0.97047  20.9%   285  420s
 88725 53251    1.22070   53  882    1.22698    0.97170  20.8%   286  428s
 90317 54378    1.07064   37 1095    1.22698    0.97265  20.7%   287  435s
 92054 55575    1.16046   47  972    1.22698    0.97499  20.5%   287  443s
 93959 56516    1.05423   39 1065    1.22698    0.97585  20.5%   287  450s
 95510 57682    1.19660   41  952    1.22698    0.97699  20.4%   287  458s
 97161 58515    1.10836   46  970    1.22698    0.97778  20.3%   288  465s
 98649 59563    1.16989   64  954    1.22698    0.97911  20.2%   289  472s
 100063 60510    1.15487   50  913    1.22698    0.97982  20.1%   290  480s
 101656 61397    1.12390   41 1001    1.22698    0.98052  20.1%   290  488s
 103211 62522    1.02618   35  981    1.22698    0.98162  20.0%   291  495s
 104851 63377    1.21982   58  861    1.22698    0.98262  19.9%   291  503s
 106308 64183     cutoff   39         1.22698    0.98326  19.9%   292  511s
 107688 65077     cutoff   37         1.22698    0.98398  19.8%   293  519s
 109360 66106     cutoff   63         1.22698    0.98477  19.7%   293  527s
 110915 67151    1.14920   39 1009    1.22698    0.98557  19.7%   294  535s
 112459 68275    1.18756   55  811    1.22698    0.98596  19.6%   295  543s
 114276 69291     cutoff   57         1.22698    0.98669  19.6%   295  550s
 115969 70217    1.12545   30  971    1.22698    0.98764  19.5%   295  558s
 117547 71307    1.07999   39 1040    1.22698    0.98834  19.4%   295  566s
 119283 72339    1.16834   23  998    1.22698    0.98926  19.4%   296  573s
 120872 73200    1.16154   43  899    1.22698    0.98992  19.3%   296  581s
 122238 74102    1.17773   53  817    1.22698    0.99027  19.3%   297  589s
 123693 75106     cutoff   47         1.22698    0.99114  19.2%   298  597s
 125358 75895 infeasible   25         1.22698    0.99190  19.2%   298  605s
H125609 75601                       1.2260140    0.99199  19.1%   298  605s
 126552 76395    1.18490   48  780    1.22601    0.99248  19.0%   299  613s
 128143 77295    1.22454   63  779    1.22601    0.99276  19.0%   299  622s
 129722 78344    1.21057   53  905    1.22601    0.99374  18.9%   300  630s
 131440 79216    1.11957   43 1099    1.22601    0.99471  18.9%   300  638s
 133152 80258    1.15534   53  849    1.22601    0.99575  18.8%   300  646s
 134804 81175    1.13447   34  900    1.22601    0.99657  18.7%   300  654s
 136562 82094    1.21823   35 1149    1.22601    0.99735  18.7%   301  662s
 138168 82958     cutoff   51         1.22601    0.99828  18.6%   301  670s
 139670 83838     cutoff   54         1.22601    0.99901  18.5%   302  678s
 141329 85016    1.08780   39  977    1.22601    0.99990  18.4%   302  686s
 143097 85869    1.21225   55  878    1.22601    1.00055  18.4%   302  694s
 144535 86923    1.22098   54  834    1.22601    1.00097  18.4%   303  702s
 146165 88013    1.05567   41 1051    1.22601    1.00171  18.3%   303  711s
 147849 88887    1.07714   32 1068    1.22601    1.00264  18.2%   303  719s
 149384 89255    1.04687   44 1065    1.22601    1.00305  18.2%   304  742s
 150075 90301    1.15673   53  985    1.22601    1.00352  18.1%   304  751s
 151864 91374     cutoff   56         1.22601    1.00432  18.1%   304  760s
 153666 92410    1.14871   46 1134    1.22601    1.00499  18.0%   304  769s
 155361 93255    1.14625   24 1096    1.22601    1.00558  18.0%   305  778s
 156821 94436    1.10666   41 1090    1.22601    1.00601  17.9%   305  787s
 158748 95379    1.12206   33 1076    1.22601    1.00693  17.9%   305  795s
 160517 96494    1.09484   41 1031    1.22601    1.00754  17.8%   305  804s
 162304 97452    1.12798   38  994    1.22601    1.00812  17.8%   305  812s
 163942 98502    1.15933   43  836    1.22601    1.00883  17.7%   306  820s
 165650 99557    1.22405   67  747    1.22601    1.00937  17.7%   306  829s
 167391 100541    1.11756   35 1038    1.22601    1.01024  17.6%   306  837s
 169063 101383    1.19010   65  922    1.22601    1.01085  17.5%   306  845s
 170662 102417    1.19608   68  903    1.22601    1.01168  17.5%   306  853s
 172300 103200    1.17053   43  853    1.22601    1.01231  17.4%   307  861s
 173814 104173    1.18897   36 1017    1.22601    1.01275  17.4%   307  870s
 175479 105172    1.17563   39 1049    1.22601    1.01336  17.3%   307  878s
 177207 106051    1.12066   49  938    1.22601    1.01394  17.3%   307  886s
 178649 106829     cutoff   52         1.22601    1.01422  17.3%   308  894s
 180046 107740    1.16343   42  983    1.22601    1.01466  17.2%   308  903s
 181712 108719     cutoff   69         1.22601    1.01535  17.2%   309  911s
 183303 109518    1.20158   53  958    1.22601    1.01590  17.1%   309  919s
 184922 110441    1.21517   46  910    1.22601    1.01650  17.1%   309  928s
 186556 111382    1.09515   37 1048    1.22601    1.01719  17.0%   309  936s
 188121 112322    1.20403   44  898    1.22601    1.01772  17.0%   310  944s
 189790 113268     cutoff   66         1.22601    1.01824  16.9%   310  953s
 191415 113902    1.20648   44  820    1.22601    1.01874  16.9%   310  962s
H191562 113902                       1.2260140    1.01876  16.9%   310  962s
 192615 114779     cutoff   75         1.22601    1.01920  16.9%   310  971s
 194195 115693    1.22331   63  882    1.22601    1.01985  16.8%   310  979s
 195771 116522    1.18245   61  863    1.22601    1.02015  16.8%   311  988s
 197337 117534     cutoff   50         1.22601    1.02079  16.7%   311  997s
 199128 118484    1.07282   34 1016    1.22601    1.02127  16.7%   311 1005s
 200742 119298     cutoff   55         1.22601    1.02165  16.7%   311 1014s
 202277 120070     cutoff   57         1.22601    1.02216  16.6%   312 1023s
 203865 121057    1.11295   45 1073    1.22601    1.02250  16.6%   312 1032s
 205665 121991    1.19022   41  999    1.22601    1.02328  16.5%   312 1040s
 207378 122924     cutoff   47         1.22601    1.02410  16.5%   312 1049s
 209002 123937    1.08624   57  997    1.22601    1.02489  16.4%   312 1057s
 210594 124741    1.17231   33 1087    1.22601    1.02539  16.4%   313 1066s
 212116 125580    1.13931   41  877    1.22601    1.02585  16.3%   313 1074s
 213914 126381    1.09582   36 1070    1.22601    1.02622  16.3%   313 1083s
 215583 127339    1.16141   41 1006    1.22601    1.02676  16.3%   313 1092s
 217202 128087    1.08146   40 1093    1.22601    1.02713  16.2%   313 1100s
 218640 129100    1.15497   42 1044    1.22601    1.02766  16.2%   314 1109s
 220229 130006    1.13160   39 1101    1.22601    1.02797  16.2%   314 1117s
 221847 130857    1.20358   46  975    1.22601    1.02824  16.1%   314 1126s
 223353 131716    1.21537   56  774    1.22601    1.02870  16.1%   314 1135s
 224950 132513    1.15590   43  921    1.22601    1.02922  16.1%   314 1144s
 226527 133540    1.14548   49  983    1.22601    1.02964  16.0%   315 1152s
 228278 134543    1.08744   36 1039    1.22601    1.03010  16.0%   315 1161s
 229934 135391    1.20036   57 1011    1.22601    1.03042  16.0%   315 1170s
 231453 136132    1.17773   39  911    1.22601    1.03083  15.9%   315 1178s
 232970 136909    1.19338   59  756    1.22601    1.03108  15.9%   315 1187s
 234609 137837    1.20716   47  884    1.22601    1.03156  15.9%   316 1196s
 236149 138941    1.17666   62  960    1.22601    1.03184  15.8%   316 1205s
 237949 139683    1.14713   38  924    1.22601    1.03244  15.8%   316 1213s
 239203 140375    1.22268   39  933    1.22601    1.03267  15.8%   316 1222s
 240782 141132    1.11288   27  992    1.22601    1.03286  15.8%   317 1231s
 242590 142128    1.13791   47 1091    1.22601    1.03323  15.7%   317 1240s
 244373 142826    1.21174   52 1022    1.22601    1.03386  15.7%   317 1249s
 245676 143783    1.11291   31  995    1.22601    1.03420  15.6%   317 1258s
 247361 144632     cutoff   44         1.22601    1.03468  15.6%   317 1267s
 248979 145483    1.09646   36  991    1.22601    1.03502  15.6%   317 1276s
 250502 146237    1.14691   33 1157    1.22601    1.03550  15.5%   317 1285s
 251880 147105    1.13669   38  981    1.22601    1.03578  15.5%   318 1295s
 253342 148112    1.08410   39 1047    1.22601    1.03611  15.5%   318 1304s
 255000 149166    1.11671   50 1108    1.22601    1.03644  15.5%   318 1313s
 256721 149906    1.21319   66  914    1.22601    1.03689  15.4%   319 1323s
 257960 150158    1.07917   29 1139    1.22601    1.03692  15.4%   319 1337s
 258370 151180     cutoff   53         1.22601    1.03713  15.4%   319 1347s
 260156 152205    1.13657   40 1157    1.22601    1.03763  15.4%   319 1356s
 262078 153201     cutoff   50         1.22601    1.03801  15.3%   319 1366s
 263748 154012    1.08013   23  911    1.22601    1.03832  15.3%   319 1375s
 265455 154867    1.21093   33  897    1.22601    1.03848  15.3%   319 1384s
 266988 155949    1.15782   46  938    1.22601    1.03886  15.3%   320 1394s
 268875 156869    1.13376   34  867    1.22601    1.03921  15.2%   320 1403s
 270455 157768    1.21395   52  867    1.22601    1.03960  15.2%   320 1412s
 272240 158383    1.16514   41 1015    1.22601    1.03990  15.2%   320 1439s
 273280 159502    1.17961   41 1028    1.22601    1.04014  15.2%   320 1449s
 275101 160644    1.21380   54  970    1.22601    1.04044  15.1%   320 1459s
 277157 161763    1.20496   53  976    1.22601    1.04080  15.1%   320 1469s
 278978 162680    1.12144   32  971    1.22601    1.04115  15.1%   320 1479s
 280692 163596     cutoff   52         1.22601    1.04143  15.1%   320 1488s
 282463 164475    1.21917   65  915    1.22601    1.04187  15.0%   321 1498s
 284174 165245    1.11483   35  832    1.22601    1.04217  15.0%   321 1507s
 285731 166075    1.21346   57  871    1.22601    1.04247  15.0%   321 1516s
 287384 167057    1.13699   37 1059    1.22601    1.04281  14.9%   321 1526s
 289139 168000     cutoff   55         1.22601    1.04319  14.9%   321 1535s
 291025 168872     cutoff   65         1.22601    1.04350  14.9%   321 1544s
 292775 169727    1.22531   59  703    1.22601    1.04390  14.9%   321 1553s
 294247 170764    1.16061   41  825    1.22601    1.04410  14.8%   322 1562s
 295999 171698    1.19149   60  769    1.22601    1.04442  14.8%   322 1571s
 297798 172652    1.18315   47  846    1.22601    1.04476  14.8%   322 1580s
 299571 173413    1.20928   58  941    1.22601    1.04517  14.8%   322 1588s
 301127 174335    1.11608   47 1077    1.22601    1.04550  14.7%   322 1597s
 302767 175097    1.12665   28 1065    1.22601    1.04587  14.7%   322 1606s
 304366 175872    1.19242   52 1053    1.22601    1.04617  14.7%   322 1614s
 306027 176626     cutoff   47         1.22601    1.04651  14.6%   322 1623s
 307485 177591    1.10185   40  995    1.22601    1.04679  14.6%   322 1632s
 309167 178441    1.18785   50  865    1.22601    1.04691  14.6%   322 1641s
 310768 179280    1.19331   46  898    1.22601    1.04735  14.6%   322 1650s
 312117 180205    1.19873   44 1003    1.22601    1.04751  14.6%   323 1659s
 313654 180823    1.17013   40  821    1.22601    1.04789  14.5%   323 1668s
 315032 181829    1.22463   43  949    1.22601    1.04796  14.5%   323 1677s
 316776 182746     cutoff   47         1.22601    1.04846  14.5%   323 1687s
 318406 183666    1.16392   37  907    1.22601    1.04872  14.5%   323 1696s
 320110 184510     cutoff   58         1.22601    1.04913  14.4%   323 1705s
 321455 185376    1.09854   41 1003    1.22601    1.04932  14.4%   324 1714s
 323086 186432    1.21355   30  998    1.22601    1.04959  14.4%   324 1724s
 324784 187381 infeasible   40         1.22601    1.04988  14.4%   324 1733s
 326417 188111     cutoff   49         1.22601    1.05011  14.3%   324 1743s
 327913 189042     cutoff   46         1.22601    1.05033  14.3%   324 1752s
 329673 189907    1.16431   38  936    1.22601    1.05068  14.3%   324 1761s
 331290 190660    1.15399   42 1051    1.22601    1.05095  14.3%   325 1770s
 332865 191410    1.09786   41  937    1.22601    1.05121  14.3%   325 1780s
 334434 192068    1.22381   38 1040    1.22601    1.05148  14.2%   325 1790s
 335673 192987    1.19662   55  873    1.22601    1.05184  14.2%   325 1799s
 337489 193011     cutoff   63         1.22601    1.05211  14.2%   325 1800s

Cutting planes:
  Gomory: 188
  Cover: 186
  MIR: 26
  Flow cover: 5
  Inf proof: 4
  Zero half: 50
  RLT: 13

Explored 337557 nodes (109738703 simplex iterations) in 1800.01 seconds (2713.94 work units)
Thread count was 16 (of 16 available processors)

Solution count 10: 1.22601 1.22601 1.22698 ... 1.26792

Time limit reached
Warning: max constraint violation (6.4426e-05) exceeds tolerance
Warning: max general constraint violation (6.4426e-05) exceeds tolerance
Best objective 1.226013985369e+00, best bound 1.052111432970e+00, gap 14.1844%
