
Gurobi 9.5.0 (linux64) logging started Mon 14 Nov 2022 03:23:10 AM PST

Set parameter LogFile to value "experiments/t_3_theta_1.0/gurobi.1668424989.log"
Set parameter LogToConsole to value 0
Set parameter TimeLimit to value 1800
Set parameter Threads to value 16
Gurobi Optimizer version 9.5.0 build v9.5.0rc5 (linux64)
Thread count: 8 physical cores, 16 logical processors, using up to 16 threads
Optimize a model with 341 rows, 1458 columns and 5334 nonzeros
Model fingerprint: 0x34726428
Model has 3375 quadratic objective terms
Model has 225 quadratic constraints
Model has 3 general constraints
Variable types: 90 continuous, 1368 integer (1368 binary)
Coefficient statistics:
  Matrix range     [1e+00, 1e+01]
  QMatrix range    [1e+00, 1e+00]
  QLMatrix range   [1e+00, 1e+00]
  Objective range  [0e+00, 0e+00]
  QObjective range [7e+06, 4e+12]
  Bounds range     [1e+00, 8e+02]
  RHS range        [1e+00, 1e+02]
Warning: Model contains large quadratic objective coefficients
         Consider reformulating model or setting NumericFocus parameter
         to avoid numerical issues.
Presolve added 32 rows and 1304 columns
Presolve time: 0.04s
Presolved: 4921 rows, 5036 columns, 36046 nonzeros
Variable types: 1395 continuous, 3641 integer (3486 binary)

Root relaxation: objective 1.718750e-01, 6627 iterations, 0.35 seconds (0.39 work units)

    Nodes    |    Current Node    |     Objective Bounds      |     Work
 Expl Unexpl |  Obj  Depth IntInf | Incumbent    BestBd   Gap | It/Node Time

     0     0   -0.00391    0 3501          -   -0.00391      -     -    0s
     0     0 4.3222e+09    0 3463          - 4.3222e+09      -     -    1s
     0     0 1.0846e+10    0 3020          - 1.0846e+10      -     -    2s
     0     0 1.0846e+10    0 3016          - 1.0846e+10      -     -    2s
     0     0 1.2822e+10    0 2932          - 1.2822e+10      -     -    2s
     0     0 1.2861e+10    0 2887          - 1.2861e+10      -     -    2s
     0     0 1.3327e+10    0 2920          - 1.3327e+10      -     -    2s
     0     0 1.3376e+10    0 2995          - 1.3376e+10      -     -    2s
     0     0 1.4788e+10    0 2905          - 1.4788e+10      -     -    3s
H    0     0                    1.864721e+13 1.4788e+10   100%     -    3s
     0     0 1.4788e+10    0 2901 1.8647e+13 1.4788e+10   100%     -    3s
H    0     0                    1.099153e+13 1.4795e+10   100%     -    3s
H    0     0                    6.394174e+12 1.4795e+10   100%     -    3s
     0     2 1.4795e+10    0 2895 6.3942e+12 1.4795e+10   100%     -    3s
     7    12 3.6217e+10    3 2538 6.3942e+12 1.6370e+10   100%   982    5s
H   54    52                    6.392692e+12 3.6389e+10  99.4%   423    5s
H   89   100                    6.345932e+12 3.6389e+10  99.4%   355    6s
H   90   100                    2.668350e+11 3.6389e+10  86.4%   351    6s
H  249   260                    2.075893e+11 3.6389e+10  82.5%   537    9s
H  250   260                    1.809830e+11 3.6389e+10  79.9%   539    9s
H  252   260                    1.491115e+11 3.6389e+10  75.6%   540    9s
H  256   260                    1.450992e+11 3.6389e+10  74.9%   543    9s
H  261   260                    1.422694e+11 3.6389e+10  74.4%   545    9s
   285   296 7.1069e+10   11 1807 1.4227e+11 3.6389e+10  74.4%   568   10s
H  882   804                    1.281074e+11 3.6389e+10  71.6%   510   17s
H  883   804                    1.194843e+11 3.6389e+10  69.5%   509   17s
H  886   804                    1.185114e+11 3.6389e+10  69.3%   510   17s
H  890   804                    1.164127e+11 3.6389e+10  68.7%   511   17s
H  893   804                    1.136322e+11 3.6389e+10  68.0%   513   17s
H  899   804                    1.112776e+11 3.6389e+10  67.3%   511   17s
  1288  1180 1.0525e+11   48  900 1.1128e+11 3.6389e+10  67.3%   478   20s
* 1711  1617              87    1.109556e+11 3.6389e+10  67.2%   425   21s
* 2094  1900             110    1.076970e+11 3.6532e+10  66.1%   367   22s
H 2418  1912                    1.048830e+11 3.6532e+10  65.2%   332   23s
H 2478  1575                    9.904960e+10 3.6532e+10  63.1%   325   23s
* 2623  1450              68    9.674809e+10 3.6532e+10  62.2%   314   23s
H 2768  1393                    9.662199e+10 3.6532e+10  62.2%   305   27s
  2775  1378 4.3064e+10    9 2856 9.6622e+10 3.6532e+10  62.2%   305   30s
  2796  1392 5.3953e+10    9 2668 9.6622e+10 3.6532e+10  62.2%   302   35s
  2876  1440     cutoff   16      9.6622e+10 6.2017e+10  35.8%   329   40s
H 2877  1369                    9.558288e+10 6.2017e+10  35.1%   329   40s
H 2887  1300                    9.557537e+10 6.2017e+10  35.1%   330   40s
H 2934  1228                    9.514701e+10 6.7297e+10  29.3%   337   42s
  3054  1274 9.0051e+10   20 1481 9.5147e+10 7.0882e+10  25.5%   357   45s
H 3081  1212                    9.483159e+10 7.0882e+10  25.3%   362   48s
H 3099  1159                    9.426285e+10 7.0882e+10  24.8%   365   57s
H 3100  1105                    9.279354e+10 7.0882e+10  23.6%   365   57s
H 3110  1050                    9.275101e+10 7.0882e+10  23.6%   366   57s
H 3116   999                    9.251111e+10 7.0882e+10  23.4%   366   57s
  3203  1010     cutoff   27      9.2511e+10 7.0882e+10  23.4%   378   61s
  3375  1065 9.0704e+10   26 1002 9.2511e+10 7.0882e+10  23.4%   404   65s
  3832  1095 8.2672e+10   17 1382 9.2511e+10 7.1762e+10  22.4%   412   71s
  4046  1086 9.0359e+10   20 1286 9.2511e+10 7.1762e+10  22.4%   426   75s
H 4167  1029                    9.251111e+10 7.1762e+10  22.4%   426   76s
H 4173   983                    9.251111e+10 7.1762e+10  22.4%   427   76s
  4424  1040 7.7035e+10   17 1349 9.2511e+10 7.6963e+10  16.8%   432   80s
  5011  1086 8.8959e+10   28  606 9.2511e+10 7.6963e+10  16.8%   426   85s
  5438  1130 8.5471e+10   19 1516 9.2511e+10 8.0462e+10  13.0%   424   90s
  5891  1268     cutoff   24      9.2511e+10 8.4445e+10  8.72%   414   98s
H 5938  1268                    9.251111e+10 8.4445e+10  8.72%   412   98s
  6073  1282 9.1900e+10   25 1014 9.2511e+10 8.5139e+10  7.97%   412  104s
H 6092  1273                    9.242607e+10 8.5139e+10  7.88%   412  104s
  6122  1297     cutoff   25      9.2426e+10 8.5186e+10  7.83%   412  107s
  6575  1358 8.7359e+10   28 1036 9.2426e+10 8.5847e+10  7.12%   409  110s
  7102  1494     cutoff   23      9.2426e+10 8.6333e+10  6.59%   403  116s
H 7181  1494                    9.242606e+10 8.6358e+10  6.57%   402  116s
  7591  1669 8.9319e+10   19 1245 9.2426e+10 8.6770e+10  6.12%   396  122s
  8345  1864 8.9906e+10   32  942 9.2426e+10 8.7202e+10  5.65%   385  126s
  9191  2117 9.0615e+10   27  820 9.2426e+10 8.7593e+10  5.23%   371  131s
 10128  2405 8.9352e+10   30  732 9.2426e+10 8.7977e+10  4.81%   360  137s
 11124  2546 9.2083e+10   30 1150 9.2426e+10 8.8400e+10  4.36%   350  142s
 11644  2624     cutoff   28      9.2426e+10 8.8582e+10  4.16%   345  145s
 12846  2785 9.1109e+10   31 1073 9.2426e+10 8.8840e+10  3.88%   334  153s
 13505  2868 9.2311e+10   39  504 9.2426e+10 8.8992e+10  3.72%   329  156s
 14180  2966 9.2414e+10   36  508 9.2426e+10 8.9104e+10  3.59%   323  160s
 15705  3175     cutoff   35      9.2426e+10 8.9386e+10  3.29%   312  169s
 16645  3264 9.1740e+10   26  887 9.2426e+10 8.9520e+10  3.14%   304  172s
 17538  3316     cutoff   30      9.2426e+10 8.9665e+10  2.99%   298  176s
 19514  3361 9.1702e+10   34  864 9.2426e+10 8.9958e+10  2.67%   285  182s
 20548  3409 9.1818e+10   25  974 9.2426e+10 9.0132e+10  2.48%   279  185s
 21616  3407     cutoff   30      9.2426e+10 9.0209e+10  2.40%   274  193s
 21666  3475     cutoff   31      9.2426e+10 9.0266e+10  2.34%   274  196s
 22996  3511 9.1255e+10   32  681 9.2426e+10 9.0441e+10  2.15%   266  201s
 24346  3502 9.1645e+10   34  557 9.2426e+10 9.0569e+10  2.01%   258  206s
 25765  3530 9.2396e+10   37  515 9.2426e+10 9.0690e+10  1.88%   251  210s
 27361  3461 9.2164e+10   28  846 9.2426e+10 9.0859e+10  1.70%   243  215s
 30852  3138     cutoff   43      9.2426e+10 9.1165e+10  1.36%   226  223s
 32824  2867 9.2372e+10   42  426 9.2426e+10 9.1290e+10  1.23%   218  227s
 34852  2458     cutoff   35      9.2426e+10 9.1432e+10  1.08%   209  231s
 37058  1866 9.2344e+10   43  211 9.2426e+10 9.1619e+10  0.87%   201  235s
 41685     0     cutoff   46      9.2426e+10 9.2118e+10  0.33%   185  241s

Cutting planes:
  Gomory: 250
  Cover: 3
  Implied bound: 5
  MIR: 10
  StrongCG: 8
  Flow cover: 5
  Zero half: 153
  RLT: 28
  Relax-and-lift: 2

Explored 43555 nodes (7799903 simplex iterations) in 241.86 seconds (407.76 work units)
Thread count was 16 (of 16 available processors)

Solution count 10: 9.24261e+10 9.24261e+10 9.25111e+10 ... 9.48316e+10
No other solutions better than 9.24261e+10

Optimal solution found (tolerance 1.00e-04)
Best objective 9.242604988272e+10, best bound 9.242606315668e+10, gap 0.0000%
