
Gurobi 9.5.0 (linux64) logging started Mon 14 Nov 2022 11:02:29 PM PST

Set parameter LogFile to value "experiments/t_1_theta_0.999/gurobi.1668495747.log"
Set parameter LogToConsole to value 0
Set parameter TimeLimit to value 1800
Set parameter Threads to value 16
Gurobi Optimizer version 9.5.0 build v9.5.0rc5 (linux64)
Thread count: 8 physical cores, 16 logical processors, using up to 16 threads
Optimize a model with 339 rows, 1398 columns and 5276 nonzeros
Model fingerprint: 0xebab2f78
Model has 3400 quadratic objective terms
Model has 75 quadratic constraints
Model has 1 general constraint
Variable types: 80 continuous, 1318 integer (1318 binary)
Coefficient statistics:
  Matrix range     [1e+00, 1e+01]
  QMatrix range    [1e+00, 1e+00]
  QLMatrix range   [1e+00, 1e+00]
  Objective range  [0e+00, 0e+00]
  QObjective range [5e-07, 5e+01]
  Bounds range     [1e+00, 8e+02]
  RHS range        [1e+00, 1e+02]
Presolve added 0 rows and 1025 columns
Presolve removed 26 rows and 0 columns
Presolve time: 0.01s
Presolved: 2395 rows, 4505 columns, 12202 nonzeros
Presolved model has 1 SOS constraint(s)
Variable types: 1105 continuous, 3400 integer (3375 binary)

Root relaxation: objective 9.222000e-04, 1361 iterations, 0.06 seconds (0.09 work units)

    Nodes    |    Current Node    |     Objective Bounds      |     Work
 Expl Unexpl |  Obj  Depth IntInf | Incumbent    BestBd   Gap | It/Node Time

     0     0    0.00092    0 1319          -    0.00092      -     -    0s
     0     0    0.03931    0 1327          -    0.03931      -     -    0s
     0     0    0.13352    0 1130          -    0.13352      -     -    0s
     0     0    0.14959    0 1138          -    0.14959      -     -    0s
     0     0    0.15086    0 1133          -    0.15086      -     -    0s
     0     0    0.15196    0 1143          -    0.15196      -     -    0s
     0     0    0.15196    0 1143          -    0.15196      -     -    0s
     0     0    0.15256    0 1147          -    0.15256      -     -    0s
     0     0    0.15256    0 1147          -    0.15256      -     -    0s
H    0     0                     119.8237154    0.15280   100%     -    0s
H    0     0                       2.7565769    0.15280  94.5%     -    1s
     0     2    0.15280    0 1147    2.75658    0.15280  94.5%     -    1s
H    3     8                       2.7258686    0.15648  94.3%   128    1s
H   37    48                       2.7189129    0.15925  94.1%   308    1s
H   80    88                       2.7170700    0.15925  94.1%   393    2s
H   83    88                       2.6985631    0.15925  94.1%   391    2s
H   88    88                       2.6677967    0.15925  94.0%   409    2s
H  118   124                       2.6580927    0.15925  94.0%   409    2s
H  121   124                       2.6439201    0.15925  94.0%   416    2s
H  122   124                       2.2843505    0.15925  93.0%   419    2s
H  135   141                       2.2680301    0.15925  93.0%   420    2s
H  136   141                       2.0208671    0.15925  92.1%   421    2s
H  147   141                       1.8815845    0.15925  91.5%   407    2s
H  201   199                       1.4457195    0.15925  89.0%   428    4s
H  208   199                       1.2835983    0.15925  87.6%   438    4s
H  243   239                       1.2787514    0.15925  87.5%   439    4s
H  244   239                       1.2575608    0.15925  87.3%   438    4s
H  308   285                       1.2575543    0.15925  87.3%   405    4s
H  309   285                       1.2574585    0.15925  87.3%   407    4s
H  313   285                       1.2322376    0.15925  87.1%   409    4s
   368   333    0.91706   18  753    1.23224    0.15925  87.1%   384    5s
H  372   333                       1.2184083    0.15925  86.9%   384    5s
H  376   333                       1.1080187    0.15925  85.6%   383    5s
H  507   415                       1.0593702    0.15925  85.0%   368    5s
H  591   520                       1.0497331    0.15925  84.8%   353    6s
  2112  1318    0.97790   21 1146    1.04973    0.34273  67.4%   287   10s
H 2114  1253                       1.0497329    0.34273  67.4%   287   10s
H 2119  1194                       1.0414845    0.34273  67.1%   286   11s
  2138  1209    0.44036   11 1195    1.04148    0.34273  67.1%   293   15s
H 2259  1194                       1.0372383    0.59558  42.6%   311   17s
H 2313  1126                       1.0371235    0.59558  42.6%   310   17s
H 2362  1082                       1.0261803    0.59558  42.0%   310   20s
H 2379  1024                       1.0218631    0.59558  41.7%   310   20s
H 2401   957                       1.0160090    0.59708  41.2%   310   21s
  3216   969     cutoff   27         1.01601    0.60114  40.8%   299   25s
H 3926   933                       1.0154870    0.83224  18.0%   296   28s
  4304   946    0.98619   19  930    1.01549    0.88178  13.2%   291   30s
H 5054   928                       1.0154677    0.90714  10.7%   287   32s
H 5064   920                       1.0129370    0.90714  10.4%   287   33s
  5424  1012    0.97855   22  823    1.01294    0.92188  8.99%   288   35s
H 6177  1159                       1.0128986    0.93846  7.35%   283   38s
H 6201  1115                       1.0094300    0.93846  7.03%   283   38s
  6755  1202     cutoff   35         1.00943    0.94522  6.36%   279   40s
H 7458  1226                       1.0094300    0.94958  5.93%   279   43s
  8088  1351     cutoff   31         1.00943    0.95402  5.49%   277   45s
H 8722  1432                       1.0090701    0.95892  4.97%   278   47s
  9552  1605    0.97665   41  361    1.00907    0.96214  4.65%   274   50s
H 9923  1606                       1.0086361    0.96350  4.48%   272   52s
H 9928  1503                       1.0050131    0.96350  4.13%   272   52s
 10414  1615    1.00455   29  590    1.00501    0.96545  3.94%   271   55s
 12372  1961    0.99664   31  645    1.00501    0.97151  3.33%   260   60s
 14253  2211    0.99660   33  501    1.00501    0.97767  2.72%   250   65s
 17002  2648     cutoff   51         1.00501    0.98456  2.04%   231   71s
H17285  2459                       1.0029834    0.98476  1.82%   229   71s
H17287  2458                       1.0029642    0.98476  1.81%   229   71s
*17289  2458              59       1.0029514    0.98476  1.81%   229   71s
*17291  2458              60       1.0029451    0.98476  1.81%   229   71s
*17292  2458              60       1.0029427    0.98476  1.81%   229   71s
*18489  2359              65       1.0017395    0.98647  1.52%   221   72s
*18493  2356              66       1.0017203    0.98647  1.52%   221   72s
*18497  2356              67       1.0017076    0.98647  1.52%   221   72s
*18501  2356              68       1.0017012    0.98647  1.52%   221   72s
*18504  2356              68       1.0016988    0.98647  1.52%   221   72s
H20703  2161                       1.0008204    0.98863  1.22%   208   74s
H20707  2155                       1.0008012    0.98863  1.22%   208   74s
*20711  2154              53       1.0007884    0.98863  1.22%   208   74s
*20713  2152              54       1.0007820    0.98863  1.21%   208   74s
*20714  2152              54       1.0007797    0.98863  1.21%   208   74s
 20798  1968    1.00026   54  106    1.00078    0.98981  1.10%   208   76s
 23844  1119     cutoff   45         1.00078    0.99414  0.66%   192   80s

Cutting planes:
  Gomory: 198
  Cover: 96
  MIR: 8
  StrongCG: 7
  Flow cover: 7
  Inf proof: 4
  Zero half: 64
  Mod-K: 1
  RLT: 12

Explored 27086 nodes (4833487 simplex iterations) in 82.35 seconds (124.21 work units)
Thread count was 16 (of 16 available processors)

Solution count 10: 1.00078 1.00078 1.00079 ... 1.00174

Optimal solution found (tolerance 1.00e-04)
Warning: max constraint violation (8.0038e-05) exceeds tolerance
Warning: max general constraint violation (8.0038e-05) exceeds tolerance
Best objective 1.000779650106e+00, best bound 1.000779650106e+00, gap 0.0000%
