
Gurobi 9.5.0 (linux64) logging started Mon 14 Nov 2022 03:27:14 AM PST

Set parameter LogFile to value "experiments/t_4_theta_0.0/gurobi.1668425233.log"
Set parameter LogToConsole to value 0
Set parameter TimeLimit to value 1800
Set parameter Threads to value 16
Gurobi Optimizer version 9.5.0 build v9.5.0rc5 (linux64)
Thread count: 8 physical cores, 16 logical processors, using up to 16 threads
Optimize a model with 342 rows, 1488 columns and 5363 nonzeros
Model fingerprint: 0x325809c7
Model has 100 quadratic objective terms
Model has 300 quadratic constraints
Model has 4 general constraints
Variable types: 95 continuous, 1393 integer (1393 binary)
Coefficient statistics:
  Matrix range     [1e+00, 1e+01]
  QMatrix range    [1e+00, 1e+00]
  QLMatrix range   [1e+00, 1e+00]
  Objective range  [0e+00, 0e+00]
  QObjective range [2e+00, 2e+00]
  Bounds range     [1e+00, 8e+02]
  RHS range        [1e+00, 1e+02]
Presolve added 56 rows and 1414 columns
Presolve time: 0.04s
Presolved: 1010 rows, 3258 columns, 30740 nonzeros
Variable types: 1628 continuous, 1630 integer (1445 binary)

Root relaxation: objective 0.000000e+00, 761 iterations, 0.01 seconds (0.01 work units)

    Nodes    |    Current Node    |     Objective Bounds      |     Work
 Expl Unexpl |  Obj  Depth IntInf | Incumbent    BestBd   Gap | It/Node Time

     0     0    0.00000    0   79          -    0.00000      -     -    0s
H    0     0                    4186.4502308    0.00000   100%     -    0s
     0     0    0.00000    0  223 4186.45023    0.00000   100%     -    0s
H    0     0                    4123.9568998   58.88767  98.6%     -    0s
     0     0   58.88767    0   92 4123.95690   58.88767  98.6%     -    0s
     0     0   58.88767    0  112 4123.95690   58.88767  98.6%     -    0s
     0     0   58.88767    0  246 4123.95690   58.88767  98.6%     -    0s
H    0     0                    2897.7978517   58.88767  98.0%     -    0s
     0     0   58.88767    0  193 2897.79785   58.88767  98.0%     -    0s
     0     0   58.88767    0   97 2897.79785   58.88767  98.0%     -    0s
     0     0   58.88767    0   73 2897.79785   58.88767  98.0%     -    0s
H    0     0                    2881.3492849   58.88767  98.0%     -    0s
H    0     0                    2860.1297150   58.88767  97.9%     -    0s
     0     0   58.88767    0   98 2860.12971   58.88767  97.9%     -    0s
     0     0   58.88767    0   56 2860.12971   58.88767  97.9%     -    0s
     0     0   58.88767    0   56 2860.12971   58.88767  97.9%     -    0s
     0     2   58.88767    0   56 2860.12971   58.88767  97.9%     -    1s
H  365   310                    2630.3601000  117.77534  95.5%  53.5    3s
H  377   310                    2442.7529241  117.77534  95.2%  54.5    3s
H  418   353                    2422.9339186  117.77534  95.1%  53.5    3s
  2084  1440  891.14890   30  381 2422.93392  117.77534  95.1%  44.6    5s
H 4071  2174                    2411.2836197  257.06434  89.3%  45.0    9s
  4430  2393 1902.71598   43   43 2411.28362  257.06434  89.3%  44.6   10s
H 9620  5798                    2382.2100658  367.72777  84.6%  44.3   14s
H 9638  5778                    2362.3910603  367.72777  84.4%  44.3   14s
H 9639  5769                    2356.7442062  367.72777  84.4%  44.3   14s
 10154  6447 1288.67045   40   79 2356.74421  367.72777  84.4%  44.4   15s
H11016  6939                    2340.9280524  367.72777  84.3%  43.7   15s
H13176  7841                    2334.7203112  394.54748  83.1%  43.4   17s
 15809  9817  575.21500   26  106 2334.72031  406.81063  82.6%  43.5   20s
 23029 14814     cutoff   44      2334.72031  459.16749  80.3%  44.1   25s
 27623 18078 1391.29159   41   57 2334.72031  475.11884  79.6%  44.8   30s
 34802 22526  900.20594   27   55 2334.72031  514.03795  78.0%  44.7   35s
 42004 26238 1835.12296   43  376 2334.72031  538.97223  76.9%  45.3   47s
 42051 26269 1952.51696   35  175 2334.72031  634.93929  72.8%  45.2   50s
 42108 26311 1224.95191   32  118 2334.72031  705.44739  69.8%  46.7   55s
H42512 25186                    2334.7203096  712.00707  69.5%  48.4   58s
 43166 25505 1451.34359   49  139 2334.72031  712.64021  69.5%  49.8   60s
 45643 26357 1556.10070   47  129 2334.72031  806.57541  65.5%  56.0   65s
 48512 27232     cutoff   59      2334.72031  929.92195  60.2%  61.0   70s
 51308 28052 1666.29164   45  151 2334.72031  986.01936  57.8%  65.5   75s
 54428 29060 1671.79468   46  128 2334.72031 1013.74624  56.6%  70.1   80s
 57342 29889 2095.87666   54  113 2334.72031 1037.58883  55.6%  73.9   85s
 60010 30756 1290.14323   41  161 2334.72031 1056.99423  54.7%  77.1   90s
 63434 31527 1353.51271   43  178 2334.72031 1072.89271  54.0%  80.1   95s
 67281 32162 1188.31129   42  207 2334.72031 1087.24951  53.4%  82.6  101s
 70334 32950 1208.02035   42  183 2334.72031 1099.76068  52.9%  84.9  106s
 72220 33707 1889.89199   50  159 2334.72031 1103.70363  52.7%  86.5  110s
 75972 34757 1264.26736   41  155 2334.72031 1117.90681  52.1%  89.2  116s
 78747 35476 1415.25567   48  142 2334.72031 1124.73443  51.8%  90.6  121s
 81900 36239 1691.74797   45  173 2334.72031 1128.70547  51.7%  92.2  126s
 85534 36702 1664.86031   48  156 2334.72031 1136.69478  51.3%  93.7  131s
 88582 37661 1291.72881   44  188 2334.72031 1142.31611  51.1%  95.2  137s
 92175 37994 1392.99984   47  116 2334.72031 1151.21254  50.7%  96.3  142s
 95437 38717 1511.66796   44  133 2334.72031 1158.13669  50.4%  97.5  147s
 97256 38939 2298.32838   58   87 2334.72031 1161.14800  50.3%  97.9  150s
 100517 39511 1421.71580   35  176 2334.72031 1166.22161  50.0%  99.0  155s
H101463 37488                    2309.5089898 1167.32707  49.5%  99.3  155s
 103203 38620 1748.45835   47  168 2309.50899 1171.75527  49.3%   100  160s
 106431 39558 2064.84232   52  166 2309.50899 1175.23826  49.1%   101  165s
 108188 38981 1211.92198   40  166 2309.50899 1177.50308  49.0%   102  172s
 108209 39869 1281.40609   41  177 2309.50899 1177.67193  49.0%   102  175s
 111783 40344 2182.97736   53  114 2309.50899 1181.93038  48.8%   103  180s
 114928 41629 1817.76591   52  133 2309.50899 1187.67571  48.6%   104  185s
 118138 43504 1716.59824   46  140 2309.50899 1191.62732  48.4%   105  190s
 121367 45326 1676.60789   45  159 2309.50899 1194.55403  48.3%   105  196s
 124582 47045 2230.08768   54  116 2309.50899 1198.27839  48.1%   106  201s
 128296 48809 1815.84701   48  115 2309.50899 1202.52907  47.9%   107  206s
 131630 50543 1373.13400   45  155 2309.50899 1205.84849  47.8%   107  212s
 134825 52265 1888.06317   49  151 2309.50899 1209.52049  47.6%   108  217s
 138372 53841 1724.76984   43  149 2309.50899 1212.96856  47.5%   108  222s
 141508 55176 1620.08991   45  173 2309.50899 1216.87767  47.3%   109  228s
H141602 55176                    2309.5089879 1216.87767  47.3%   109  228s
 142442 56073 2170.28610   55  112 2309.50899 1217.42837  47.3%   109  231s
 145918 57797 1277.67805   40  133 2309.50899 1221.14974  47.1%   109  236s
 149458 59660 1536.33686   45  105 2309.50899 1224.52459  47.0%   110  241s
 152832 61101 1367.13994   42  164 2309.50899 1228.18834  46.8%   110  246s
 156001 62877 2286.35510   50   90 2309.50899 1231.20417  46.7%   110  251s
 159041 64552 2150.26103   49   79 2309.50899 1234.14047  46.6%   111  256s
 162322 66091 1578.71295   47  153 2309.50899 1236.66131  46.5%   111  261s
 165519 67876 1705.06278   46  188 2309.50899 1239.21037  46.3%   111  266s
 168764 69641 1841.13844   48  122 2309.50899 1242.73496  46.2%   111  271s
 172144 71298 1633.04929   48  157 2309.50899 1245.80356  46.1%   112  276s
 175380 72915 1705.23647   45  150 2309.50899 1248.88945  45.9%   112  281s
 178628 74672 1691.95100   50  155 2309.50899 1250.48096  45.9%   112  286s
 181761 76367 2108.47068   55   89 2309.50899 1254.19795  45.7%   113  291s
 184977 77994 1978.49409   46  136 2309.50899 1256.35034  45.6%   113  296s
 188189 79781 2062.58900   51   94 2309.50899 1259.03338  45.5%   113  301s
 191478 81720 1677.95336   45  183 2309.50899 1261.65788  45.4%   114  307s
 194792 83402 2001.79599   51  137 2309.50899 1263.96690  45.3%   114  312s
 198110 84980 1358.47860   45  190 2309.50899 1266.77310  45.1%   114  317s
 201368 86679 1418.42002   44  172 2309.50899 1269.35401  45.0%   114  322s
 204650 88332 1995.45590   51  117 2309.50899 1271.26221  45.0%   114  327s
 207939 90113 1841.18491   47  123 2309.50899 1273.49309  44.9%   115  332s
 211300 91485 1810.64896   48  160 2309.50899 1276.18999  44.7%   115  337s
 214829 93054 1687.81071   46  163 2309.50899 1278.51586  44.6%   115  342s
 217995 94339 2257.33251   44   98 2309.50899 1281.01685  44.5%   115  347s
 221312 95946 1433.95680   51  152 2309.50899 1283.27779  44.4%   115  351s
 224648 97487 2036.07423   53   87 2309.50899 1284.96804  44.4%   115  356s
 227885 99041 1569.07844   39  203 2309.50899 1286.90372  44.3%   115  361s
 231110 100496 1561.66848   45  136 2309.50899 1289.03089  44.2%   115  366s
 234340 102107     cutoff   59      2309.50899 1291.19549  44.1%   115  371s
H234600 102107                    2309.5089842 1291.23239  44.1%   115  371s
 237475 103923 2051.09992   57   83 2309.50898 1293.20021  44.0%   115  376s
 241026 105439 1847.88949   48  160 2309.50898 1295.25944  43.9%   115  382s
 244140 106877 1650.87498   46  139 2309.50898 1297.27606  43.8%   115  387s
 247741 108469     cutoff   53      2309.50898 1299.96282  43.7%   115  392s
 251149 110098 1554.90207   46  161 2309.50898 1302.68254  43.6%   115  397s
 254309 111730 1564.91053   49  155 2309.50898 1304.56303  43.5%   116  402s
 257709 113397 2257.63268   50  140 2309.50898 1306.72072  43.4%   116  407s
 261222 114837 1586.35048   50  127 2309.50898 1308.76642  43.3%   116  412s
 264514 116298 2273.18393   56  111 2309.50898 1310.58710  43.3%   116  416s
 267640 117744 2221.97184   54  109 2309.50898 1312.49386  43.2%   116  421s
 270849 119284 2234.78386   61  113 2309.50898 1314.25006  43.1%   116  426s
 274102 120962 2137.98666   59  108 2309.50898 1316.12482  43.0%   116  430s
 277272 122826 2288.91889   53  115 2309.50898 1318.10561  42.9%   116  436s
 280621 124282 2215.33197   51  105 2309.50898 1319.67686  42.9%   116  440s
 283847 125922 1506.79468   46  138 2309.50898 1321.23964  42.8%   116  445s
 287006 127583 2184.58387   52  125 2309.50898 1322.99976  42.7%   116  450s
 290363 129279 1882.01771   48  139 2309.50898 1324.39236  42.7%   116  455s
 293672 130816     cutoff   55      2309.50898 1326.18329  42.6%   116  460s
 296913 132412 1513.25079   51  117 2309.50898 1327.98648  42.5%   116  465s
 300279 134049 1865.12504   47  126 2309.50898 1329.78589  42.4%   116  470s
 303531 135935 1402.39290   43  161 2309.50898 1331.39494  42.4%   116  475s
 306807 137243 1584.56867   48  196 2309.50898 1332.89248  42.3%   117  480s
 309561 138905 1950.42233   46  107 2309.50898 1334.38701  42.2%   117  485s
 313013 140441 1890.59224   50  143 2309.50898 1335.49296  42.2%   117  490s
 316421 142106 1838.87852   49  140 2309.50898 1337.37596  42.1%   117  495s
 319821 143686 2291.43848   58  109 2309.50898 1338.94781  42.0%   117  500s
 323084 145399     cutoff   59      2309.50898 1340.51167  42.0%   117  505s
 326512 147091     cutoff   64      2309.50898 1341.95297  41.9%   117  510s
 329760 148619 1636.60101   47  149 2309.50898 1343.44607  41.8%   117  515s
H331640 149043                    2306.8823499 1344.42056  41.7%   117  517s
H333010 149013                    2301.1128189 1344.90610  41.6%   117  520s
H333526 148389                    2295.3432879 1345.35141  41.4%   117  520s
 336000 149828 1634.74787   50  148 2295.34329 1346.43970  41.3%   117  525s
 339345 151286 1561.49404   49  125 2295.34329 1347.96399  41.3%   117  530s
 342842 152974 1502.72040   48  141 2295.34329 1349.57068  41.2%   117  535s
 346174 154501 1798.49363   48  163 2295.34329 1350.90930  41.1%   117  540s
 349537 156022     cutoff   50      2295.34329 1352.55478  41.1%   117  545s
 353009 157599 1599.28697   47  139 2295.34329 1354.03114  41.0%   117  550s
 356425 159053 2252.65934   54  149 2295.34329 1355.42250  40.9%   117  555s
 359703 160235 1895.78951   50  115 2295.34329 1356.99154  40.9%   117  560s
 363376 161715 1861.85518   47  143 2295.34329 1358.35249  40.8%   117  565s
 368209 163638     cutoff   51      2295.34329 1360.69817  40.7%   117  571s
 371123 165130 1986.50808   48  128 2295.34329 1362.25932  40.7%   117  576s
 374302 166766 1511.11446   44  152 2295.34329 1363.59948  40.6%   117  581s
 377488 167636 2238.85684   59  121 2295.34329 1364.98228  40.5%   117  587s
 377755 168301 2250.74042   60   97 2295.34329 1364.99519  40.5%   117  590s
 381416 169661 1928.01018   48  109 2295.34329 1366.71253  40.5%   117  595s
 384551 171074 2263.55320   57  141 2295.34329 1367.86636  40.4%   117  600s
 387857 172762 1716.27157   47  163 2295.34329 1369.42999  40.3%   117  605s
 391264 174324     cutoff   54      2295.34329 1370.86762  40.3%   117  610s
 394768 175732 2233.35110   60   96 2295.34329 1372.20750  40.2%   117  619s
 396204 176524 1613.99605   44  182 2295.34329 1373.01238  40.2%   117  621s
 399763 178263 2107.53770   53  138 2295.34329 1374.46131  40.1%   117  627s
 403384 179604 1582.01305   45  197 2295.34329 1375.87911  40.1%   117  632s
 404830 180510 1990.13051   49  132 2295.34329 1376.37874  40.0%   117  635s
 408565 182166 2106.60015   59   69 2295.34329 1378.04840  40.0%   117  640s
 412125 183622 1961.86391   50  114 2295.34329 1379.68940  39.9%   117  645s
 415388 185208 2158.24585   54   80 2295.34329 1380.98932  39.8%   117  650s
 420335 187502 1469.95599   46  193 2295.34329 1383.04692  39.7%   117  657s
 423840 188978 1681.18461   47  101 2295.34329 1384.38569  39.7%   117  662s
 427268 190451 1910.08235   52   99 2295.34329 1385.63660  39.6%   117  666s
 430527 192135 2083.44406   56  132 2295.34329 1386.91124  39.6%   117  671s
 433901 193615 2036.74790   53  143 2295.34329 1388.26558  39.5%   117  676s
 437009 195096 2221.06998   56  120 2295.34329 1389.70000  39.5%   117  680s
 440299 196692 2065.28403   51  112 2295.34329 1390.90728  39.4%   117  685s
 443443 198147 2028.78697   48   89 2295.34329 1392.05766  39.4%   117  690s
 446939 199596     cutoff   56      2295.34329 1393.43274  39.3%   117  695s
 451721 201663 2163.40846   52  149 2295.34329 1395.34585  39.2%   117  702s
 454968 203145 2151.25990   53   94 2295.34329 1396.10820  39.2%   117  706s
 458406 204469 2205.69210   56  101 2295.34329 1397.42238  39.1%   117  711s
 461682 205834 2031.43665   53   89 2295.34329 1398.61678  39.1%   117  716s
 464886 207441 1961.44530   56  138 2295.34329 1399.76804  39.0%   117  721s
 468285 208915 2087.74626   53  123 2295.34329 1400.84603  39.0%   117  726s
 471597 210312 2028.43288   52  103 2295.34329 1402.33096  38.9%   117  731s
 474925 211732 2201.69203   55  110 2295.34329 1403.39220  38.9%   117  736s
 478221 213223     cutoff   44      2295.34329 1404.62929  38.8%   117  740s
 481490 214791 2118.35920   52  124 2295.34329 1405.60460  38.8%   117  745s
 484867 216017 2156.54920   55   82 2295.34329 1406.79120  38.7%   117  750s
 488054 217412 2085.22080   56  101 2295.34329 1407.81325  38.7%   117  755s
 491486 218664 1721.72854   49  155 2295.34329 1409.34249  38.6%   117  760s
 494871 220147 1896.99558   48  144 2295.34329 1410.30560  38.6%   117  765s
 498046 221409 1778.85525   47  114 2295.34329 1411.40143  38.5%   117  770s
 501487 222791 1560.49956   43  165 2295.34329 1412.40294  38.5%   117  775s
 504262 224123 2249.88084   56   95 2295.34329 1413.39461  38.4%   117  780s
 507501 225521 1917.76936   49  150 2295.34329 1414.53576  38.4%   117  785s
 512792 227600 1977.97211   49  131 2295.34329 1416.03797  38.3%   117  792s
 515862 228927 1563.59260   48  150 2295.34329 1417.14249  38.3%   117  796s
 519127 230293 1551.58914   42  165 2295.34329 1418.02385  38.2%   117  800s
 522209 231794 1730.57290   51  142 2295.34329 1419.11514  38.2%   117  805s
 525335 233311 2274.07986   64  115 2295.34329 1420.03001  38.1%   117  810s
 530017 235425     cutoff   56      2295.34329 1421.54334  38.1%   117  817s
 533242 236538 2113.59457   51  133 2295.34329 1422.50256  38.0%   116  821s
 536736 237813 1716.05287   45  159 2295.34329 1423.67088  38.0%   116  826s
 539889 239102 2195.97211   56   83 2295.34329 1424.64195  37.9%   116  831s
 543313 240357 2274.99236   62  141 2295.34329 1425.78916  37.9%   116  836s
 546145 241364 1847.55890   50  151 2295.34329 1426.69538  37.8%   116  841s
 549143 243025 2214.88226   54  114 2295.34329 1427.37942  37.8%   116  846s
 552970 244198 2022.26592   48  143 2295.34329 1428.45286  37.8%   116  850s
 556018 245604 1841.54265   46  155 2295.34329 1429.35120  37.7%   116  855s
 560139 247246 2028.87572   51   91 2295.34329 1430.50463  37.7%   116  862s
 563037 248599 2044.30350   50  132 2295.34329 1431.41048  37.6%   116  866s
 566556 250016 1734.80750   45  167 2295.34329 1432.63952  37.6%   116  871s
 569740 251446 2188.74517   51  118 2295.34329 1433.83063  37.5%   116  876s
 573082 252973     cutoff   55      2295.34329 1434.68571  37.5%   116  881s
 576269 254324 2266.66520   61   94 2295.34329 1435.62260  37.5%   116  886s
 579774 255756 2291.41200   52   98 2295.34329 1436.64395  37.4%   116  891s
 583321 257271 1734.04783   53  156 2295.34329 1437.65014  37.4%   116  896s
 586705 258556     cutoff   54      2295.34329 1438.43859  37.3%   116  901s
 590046 259822 2085.38511   52  118 2295.34329 1439.31851  37.3%   116  906s
 593263 261292 2193.17485   56   95 2295.34329 1440.24073  37.3%   116  910s
 596897 262456     cutoff   54      2295.34329 1441.14775  37.2%   116  915s
 599917 263727 1600.79609   49  118 2295.34329 1442.03731  37.2%   116  920s
 604380 265575 2247.30354   59  127 2295.34329 1443.28155  37.1%   116  926s
 607722 266876     cutoff   57      2295.34329 1444.40021  37.1%   116  931s
 611180 268255 1969.17505   50   88 2295.34329 1445.45907  37.0%   116  936s
 614292 269804 2193.41212   52   96 2295.34329 1446.63009  37.0%   115  941s
 617777 271088 1924.90581   47  131 2295.34329 1447.51815  36.9%   115  945s
 621160 272161 2234.50658   57  100 2295.34329 1448.35152  36.9%   115  950s
 624134 273399 2124.90496   50  101 2295.34329 1449.22074  36.9%   115  955s
H626040 273695                    2295.3432875 1449.74267  36.8%   115  959s
 626797 274463 1644.91565   49  134 2295.34329 1449.78020  36.8%   115  962s
 629672 275712 1713.94359   46  127 2295.34329 1450.68389  36.8%   115  967s
 633144 277174 1912.06065   48  145 2295.34329 1451.61442  36.8%   115  971s
 636325 278563 2102.03729   51  136 2295.34329 1452.54222  36.7%   115  977s
 639805 280125 1766.50765   45  159 2295.34329 1453.50855  36.7%   115  982s
 643210 281543 1948.48326   47  134 2295.34329 1454.37696  36.6%   115  987s
 646778 282969 1615.39882   47  168 2295.34329 1455.43973  36.6%   115  991s
 649891 284276 1586.79443   43  134 2295.34329 1456.24167  36.6%   115  996s
 653132 285655 1807.84970   47  161 2295.34329 1457.10901  36.5%   115 1001s
 656661 286917 2124.47080   53   80 2295.34329 1458.04499  36.5%   115 1006s
 660128 288326 1625.91076   48  111 2295.34329 1459.11078  36.4%   115 1010s
 663317 289499 1840.65449   47  107 2295.34329 1459.92818  36.4%   115 1015s
 665912 290822 1736.24684   43  164 2295.34329 1460.59166  36.4%   115 1020s
 670919 292751 2240.85087   52   97 2295.34329 1461.72827  36.3%   115 1027s
 674163 294266 2204.26976   59   80 2295.34329 1462.67423  36.3%   115 1032s
 677637 295519     cutoff   56      2295.34329 1463.44385  36.2%   115 1037s
 680885 296744 2285.27762   59   42 2295.34329 1464.40654  36.2%   115 1041s
 683807 297987 1872.20291   50  109 2295.34329 1465.18331  36.2%   115 1046s
 687210 299374 1596.36224   46   95 2295.34329 1466.03999  36.1%   115 1051s
 690524 300804 2081.24590   54  107 2295.34329 1467.01211  36.1%   115 1056s
 694073 302211     cutoff   54      2295.34329 1467.70905  36.1%   115 1061s
 695773 302320 1986.79594   47  122 2295.34329 1467.97136  36.0%   115 1065s
 697851 303573 1584.43113   45  150 2295.34329 1468.27874  36.0%   115 1070s
 701217 305062     cutoff   57      2295.34329 1469.57479  36.0%   115 1075s
 704745 306427 1740.03700   42  169 2295.34329 1470.73403  35.9%   115 1081s
 707883 307651 2125.39367   56  110 2295.34329 1471.61666  35.9%   115 1086s
 711145 309084     cutoff   55      2295.34329 1472.66749  35.8%   115 1090s
 714342 310474 1861.22820   47  110 2295.34329 1473.41921  35.8%   115 1095s
 717612 311905 2083.37358   54   66 2295.34329 1474.09799  35.8%   115 1100s
 721002 313152 2114.18636   48  114 2295.34329 1474.86635  35.7%   115 1105s
 726034 315244     cutoff   54      2295.34329 1475.98472  35.7%   115 1111s
 729366 316237 2248.08515   64   82 2295.34329 1476.69608  35.7%   114 1116s
 732515 317395 1688.05359   57  141 2295.34329 1477.53223  35.6%   114 1120s
 735811 318563 1999.12045   51  134 2295.34329 1478.38068  35.6%   114 1125s
 740623 320559 2070.44656   43  129 2295.34329 1479.67688  35.5%   114 1132s
 744270 321855     cutoff   60      2295.34329 1480.48845  35.5%   114 1136s
 747419 323113 2164.38505   57  107 2295.34329 1481.23733  35.5%   114 1141s
 750758 324208 1961.75582   51  104 2295.34329 1482.02038  35.4%   114 1145s
 753880 325495 2154.32499   54   81 2295.34329 1482.85094  35.4%   114 1150s
 758663 327183 1677.74831   43  190 2295.34329 1483.96032  35.3%   114 1156s
 761672 328645 2262.58051   54  142 2295.34329 1484.74810  35.3%   114 1161s
 765030 330075 2240.22912   56  110 2295.34329 1485.51167  35.3%   114 1166s
 768254 331365     cutoff   55      2295.34329 1486.36780  35.2%   114 1170s
 771595 332634 2014.68463   48  137 2295.34329 1487.12806  35.2%   114 1175s
 776556 334528 1817.40137   51  160 2295.34329 1488.40288  35.2%   114 1182s
 779835 335843 1714.60422   47  185 2295.34329 1489.33088  35.1%   114 1186s
 782980 337288 2013.99627   55  114 2295.34329 1490.23808  35.1%   114 1191s
 786276 338667 1897.37770   51  151 2295.34329 1491.10162  35.0%   114 1196s
 789630 339943 1982.11733   49  109 2295.34329 1491.99015  35.0%   114 1201s
 792790 341430 2038.87789   54   73 2295.34329 1492.79667  35.0%   114 1205s
 796454 342615 2058.42677   49   82 2295.34329 1493.52475  34.9%   114 1210s
 801363 344586 2028.09430   46  124 2295.34329 1494.71661  34.9%   114 1217s
 804479 345700     cutoff   59      2295.34329 1495.37124  34.9%   114 1222s
 807918 347071 1967.05593   53  159 2295.34329 1496.15573  34.8%   114 1226s
 811114 348462 2123.04831   51  132 2295.34329 1496.87900  34.8%   114 1231s
 814151 349772     cutoff   63      2295.34329 1497.72719  34.7%   114 1235s
 817348 350499 2028.25037   54  153 2295.34329 1498.43078  34.7%   114 1244s
H817360 350499                    2295.3432759 1498.43078  34.7%   114 1244s
 817367 351190 2198.13819   55  137 2295.34328 1498.43181  34.7%   114 1246s
 820400 352547 1831.64074   48  160 2295.34328 1499.19287  34.7%   114 1251s
 823567 353756     cutoff   61      2295.34328 1499.93391  34.7%   114 1255s
 826779 354992 1941.81085   54  125 2295.34328 1500.64617  34.6%   114 1260s
 831605 356802 1969.07760   56  131 2295.34328 1501.77376  34.6%   114 1267s
 834816 358085     cutoff   61      2295.34328 1502.42909  34.5%   114 1271s
 838075 359499     cutoff   56      2295.34328 1503.13266  34.5%   114 1276s
 841124 360933 1999.28970   49   93 2295.34328 1503.83462  34.5%   114 1280s
 844477 362187     cutoff   58      2295.34328 1504.52561  34.5%   114 1285s
 847739 363672     cutoff   59      2295.34328 1505.26656  34.4%   114 1290s
 852673 365666 2136.02711   46  104 2295.34328 1506.15623  34.4%   113 1297s
 855858 367071 2249.67200   57  104 2295.34328 1506.71100  34.4%   113 1301s
 859344 368205 2288.17169   39  122 2295.34328 1507.53464  34.3%   113 1306s
 862601 369256 1670.45627   46   99 2295.34328 1508.12860  34.3%   113 1310s
 867266 371048 1729.76048   44  165 2295.34328 1509.28409  34.2%   113 1317s
 870693 372184 2262.67010   59  109 2295.34328 1509.87013  34.2%   113 1321s
 873507 373422 2204.35573   54  136 2295.34328 1510.49035  34.2%   113 1326s
 876963 374771 2250.95430   55  118 2295.34328 1511.05022  34.2%   113 1331s
 880231 376246 2016.42457   53  114 2295.34328 1511.80622  34.1%   113 1336s
 883469 377761 2283.92777   54   50 2295.34328 1512.44897  34.1%   113 1340s
 886906 379040     cutoff   52      2295.34328 1513.11094  34.1%   113 1345s
 890170 380564 1992.34747   57  119 2295.34328 1513.74810  34.1%   113 1350s
 895177 382405 2215.50550   54  124 2295.34328 1514.92193  34.0%   113 1357s
 898458 383689 2032.72306   48  111 2295.34328 1515.67678  34.0%   113 1361s
 901705 384858 2257.72970   62  134 2295.34328 1516.41343  33.9%   113 1366s
 904869 386209 2090.47187   48  167 2295.34328 1517.05380  33.9%   113 1370s
 908131 387495 1795.30313   50  139 2295.34328 1517.70824  33.9%   113 1375s
 913457 389183     cutoff   47      2295.34328 1518.59202  33.8%   113 1382s
 916612 390216     cutoff   50      2295.34328 1519.27478  33.8%   113 1386s
 919935 391358 1839.65522   43  142 2295.34328 1519.84481  33.8%   113 1390s
 923076 392652 1670.54004   47  119 2295.34328 1520.40337  33.8%   113 1395s
 927566 394485 2118.73622   61  115 2295.34328 1521.36889  33.7%   113 1401s
 930805 395623 1669.70547   50  138 2295.34328 1522.04630  33.7%   113 1406s
 934082 397007 1959.65028   44  134 2295.34328 1522.82325  33.7%   113 1410s
 937115 398321 1919.73420   48  132 2295.34328 1523.46083  33.6%   113 1415s
 942102 400266 2079.25438   52  115 2295.34328 1524.42832  33.6%   113 1422s
 945160 401470     cutoff   58      2295.34328 1525.04630  33.6%   113 1426s
 948403 402811 1607.88053   47  130 2295.34328 1525.69081  33.5%   113 1431s
H951033 403277                    2295.3432752 1526.05022  33.5%   113 1433s
 951448 403552 2150.29067   49  164 2295.34328 1526.22069  33.5%   113 1438s
 952139 404240 1790.94812   44  166 2295.34328 1526.30367  33.5%   113 1441s
H952459 404240                    2295.3432726 1526.34988  33.5%   113 1441s
H954103 404819                    2295.3432713 1526.72625  33.5%   113 1444s
 955816 405459 2199.87796   56  105 2295.34327 1526.96099  33.5%   113 1446s
 958638 406659 1969.57719   47   78 2295.34327 1527.49074  33.5%   113 1450s
 962083 407967 1726.11356   47  189 2295.34327 1528.04941  33.4%   113 1455s
 964990 409110 2078.09943   58  124 2295.34327 1528.50039  33.4%   113 1460s
 970071 410816 1731.10389   45  166 2295.34327 1529.55455  33.4%   113 1467s
 973043 412009 2174.99868   61   89 2295.34327 1530.20608  33.3%   112 1472s
 976524 413449 2178.79690   54   64 2295.34327 1530.81541  33.3%   112 1476s
 980002 414656     cutoff   53      2295.34327 1531.57517  33.3%   112 1481s
 983126 415785     cutoff   57      2295.34327 1532.31532  33.2%   112 1485s
 986357 417335 1778.71143   50  140 2295.34327 1532.88921  33.2%   112 1490s
 989773 418551 1860.86733   46   97 2295.34327 1533.43838  33.2%   112 1495s
 994320 420097     cutoff   51      2295.34327 1534.34709  33.2%   112 1502s
 997979 421329 1708.59101   53  146 2295.34327 1534.85011  33.1%   112 1506s
 1001295 422708 1851.98888   53  116 2295.34327 1535.38765  33.1%   112 1511s
 1004634 423891 2216.23271   60  115 2295.34327 1535.86083  33.1%   112 1515s
 1007883 424539 2087.10283   48  154 2295.34327 1536.52670  33.1%   112 1521s
 1010120 425640 1687.01976   48  121 2295.34327 1536.93161  33.0%   112 1526s
 1013553 426653     cutoff   58      2295.34327 1537.55979  33.0%   112 1530s
 1016827 428001 1560.78550   46  150 2295.34327 1538.15266  33.0%   112 1535s
 1020146 429348     cutoff   61      2295.34327 1538.66559  33.0%   112 1540s
 1023618 430443 1739.72653   46  158 2295.34327 1539.27748  32.9%   112 1545s
 1028580 432463 1827.19362   51  145 2295.34327 1540.04388  32.9%   112 1552s
 1032091 433788 1566.28255   50  156 2295.34327 1540.69970  32.9%   112 1556s
 1035297 435182 1581.55302   49  177 2295.34327 1541.26287  32.9%   112 1561s
 1038579 436490 1880.92328   55  129 2295.34327 1541.90636  32.8%   112 1565s
 1041713 437498     cutoff   48      2295.34327 1542.47342  32.8%   112 1570s
 1045272 438628     cutoff   62      2295.34327 1543.04752  32.8%   112 1575s
 1050310 440549 1979.79096   47  153 2295.34327 1543.76580  32.7%   112 1581s
 1053475 441842 1796.54921   49  125 2295.34327 1544.34548  32.7%   112 1586s
 1056731 443288 2290.68116   49   90 2295.34327 1544.87972  32.7%   112 1590s
 1060188 444613 2163.91987   51   88 2295.34327 1545.38290  32.7%   112 1595s
 1063578 445709     cutoff   48      2295.34327 1545.95428  32.6%   112 1600s
 1068606 447439 2245.48934   48  104 2295.34327 1546.75638  32.6%   112 1606s
 1071713 448690 2127.50963   53  113 2295.34327 1547.17483  32.6%   112 1611s
 1075003 449814 1628.70061   50  143 2295.34327 1547.74483  32.6%   112 1615s
 1078169 451196 1909.56726   48   96 2295.34327 1548.21133  32.5%   112 1620s
 1083355 453037     cutoff   61      2295.34327 1549.07890  32.5%   112 1626s
 1086518 454301 2072.26281   56   86 2295.34327 1549.62351  32.5%   111 1631s
 1089707 455643     cutoff   48      2295.34327 1550.07847  32.5%   111 1635s
 1092993 456700 2285.69664   52   75 2295.34327 1550.61020  32.4%   111 1640s
 1097724 458548 2071.99899   54  137 2295.34327 1551.47398  32.4%   111 1646s
 1101003 459812 1955.71591   50  152 2295.34327 1551.97366  32.4%   111 1651s
 1104195 461230 1938.28680   52  133 2295.34327 1552.50174  32.4%   111 1657s
 1105947 461788     cutoff   64      2295.34327 1552.81687  32.3%   111 1660s
 1109497 462896 1857.13731   44  173 2295.34327 1553.22814  32.3%   111 1666s
 1112752 463873     cutoff   52      2295.34327 1553.72382  32.3%   111 1671s
 1115602 465243 2231.80065   53   74 2295.34327 1554.17597  32.3%   111 1677s
 1119049 466549 2240.20980   60  131 2295.34327 1554.66749  32.3%   111 1682s
 1122320 467870 2021.02020   55  132 2295.34327 1555.25821  32.2%   111 1686s
 1125691 469383 1741.80598   49  107 2295.34327 1555.84204  32.2%   111 1691s
 1129336 470658 1716.65297   47  142 2295.34327 1556.32939  32.2%   111 1695s
 1132446 472031 2262.84100   59   59 2295.34327 1556.79673  32.2%   111 1700s
 1137184 473793     cutoff   49      2295.34327 1557.44061  32.1%   111 1707s
 1140546 474976 2248.56070   43   90 2295.34327 1557.85475  32.1%   111 1711s
 1143882 476212 1798.79144   46  141 2295.34327 1558.36461  32.1%   111 1715s
 1147217 477483 1685.99592   51  187 2295.34327 1558.84408  32.1%   111 1720s
 1150499 478875 2279.20093   57  117 2295.34327 1559.38981  32.1%   111 1725s
 1153784 480183 1908.45777   55  130 2295.34327 1559.91619  32.0%   111 1730s
 1158881 482248 1763.08006   46  153 2295.34327 1560.66407  32.0%   111 1736s
 1162178 483116 2025.80513   47  157 2295.34327 1561.15328  32.0%   111 1742s
 1162735 483780 2070.28822   48  177 2295.34327 1561.16637  32.0%   111 1745s
 1166124 485230 2279.62266   58   94 2295.34327 1561.70573  32.0%   111 1750s
 1171250 487325 1957.50044   47   97 2295.34327 1562.42752  31.9%   111 1757s
 1174542 488650 1826.63900   46  155 2295.34327 1562.96876  31.9%   111 1761s
 1177896 489852 1972.26600   50  142 2295.34327 1563.47308  31.9%   111 1766s
 1181130 491011 1695.88136   48  202 2295.34327 1563.96981  31.9%   111 1770s
 1184537 492236 2164.59947   57  113 2295.34327 1564.46559  31.8%   111 1775s
 1187996 493514 2218.10003   60  116 2295.34327 1564.92640  31.8%   111 1780s
 1193103 495348 2079.11135   54   82 2295.34327 1565.54916  31.8%   111 1786s
 1196244 496599 2141.61405   58   56 2295.34327 1566.06116  31.8%   111 1791s
 1199506 497925 1709.95459   44  150 2295.34327 1566.48347  31.8%   111 1795s
 1204313 499211 2084.31858   54  104 2295.34327 1567.21922  31.7%   111 1800s

Cutting planes:
  Gomory: 65
  Cover: 11
  Implied bound: 11
  MIR: 205
  StrongCG: 23
  Flow cover: 842
  Zero half: 5
  RLT: 113
  Relax-and-lift: 30
  BQP: 69

Explored 1204432 nodes (133201389 simplex iterations) in 1800.01 seconds (2018.32 work units)
Thread count was 16 (of 16 available processors)

Solution count 10: 2295.34 2295.34 2295.34 ... 2334.72

Time limit reached
Warning: max constraint violation (8.3283e-04) exceeds tolerance
Warning: max general constraint violation (8.3283e-04) exceeds tolerance
Best objective 2.295343271290e+03, best bound 1.567219215384e+03, gap 31.7218%
