
Gurobi 9.5.0 (linux64) logging started Mon 14 Nov 2022 09:31:37 PM PST

Set parameter LogFile to value "experiments/t_2_theta_0.001/gurobi.1668490296.log"
Set parameter LogToConsole to value 0
Set parameter TimeLimit to value 1800
Set parameter Threads to value 16
Gurobi Optimizer version 9.5.0 build v9.5.0rc5 (linux64)
Thread count: 8 physical cores, 16 logical processors, using up to 16 threads
Optimize a model with 340 rows, 1428 columns and 5305 nonzeros
Model fingerprint: 0x9f7fee26
Model has 3425 quadratic objective terms
Model has 150 quadratic constraints
Model has 2 general constraints
Variable types: 85 continuous, 1343 integer (1343 binary)
Coefficient statistics:
  Matrix range     [1e+00, 1e+01]
  QMatrix range    [1e+00, 1e+00]
  QLMatrix range   [1e+00, 1e+00]
  Objective range  [0e+00, 0e+00]
  QObjective range [8e-08, 5e-02]
  Bounds range     [1e+00, 8e+02]
  RHS range        [1e+00, 1e+02]
Presolve added 57 rows and 1173 columns
Presolve time: 0.06s
Presolved: 4764 rows, 4797 columns, 36202 nonzeros
Variable types: 1286 continuous, 3511 integer (3415 binary)

Root relaxation: objective 1.658500e-07, 5960 iterations, 0.39 seconds (0.63 work units)

    Nodes    |    Current Node    |     Objective Bounds      |     Work
 Expl Unexpl |  Obj  Depth IntInf | Incumbent    BestBd   Gap | It/Node Time

     0     0    0.00000    0 3454          -    0.00000      -     -    0s
     0     0    0.00005    0 3404          -    0.00005      -     -    1s
     0     0    0.00005    0 3404          -    0.00005      -     -    1s
     0     0    0.00006    0 3357          -    0.00006      -     -    2s
     0     0    0.00007    0 3330          -    0.00007      -     -    2s
     0     0    0.00008    0 3316          -    0.00008      -     -    3s
H    0     0                       1.3789091    0.00008   100%     -    3s
H    0     0                       1.3784347    0.00008   100%     -    3s
H    0     0                       1.3772680    0.00008   100%     -    3s
     0     0    0.00009    0 3325    1.37727    0.00009   100%     -    3s
     0     0    0.00010    0 3288    1.37727    0.00010   100%     -    4s
H    0     0                       1.3757620    0.00010   100%     -    4s
     0     0    0.00010    0 3268    1.37576    0.00010   100%     -    5s
     0     0    0.00010    0 3250    1.37576    0.00010   100%     -    6s
     0     0    0.00010    0 3249    1.37576    0.00010   100%     -    6s
H    0     0                       1.3757435    0.00010   100%     -    7s
     0     2    0.00010    0 3249    1.37574    0.00010   100%     -    7s
    15    24 infeasible    4         1.37574    0.00021   100%  3882   11s
H   31    40                       1.3757204    0.00036   100%  4892   12s
H   77    82                       1.3156647    0.00036   100%  3245   16s
H   78    82                       1.3098762    0.00036   100%  3204   16s
H   80    82                       1.2989635    0.00036   100%  3154   16s
H   88    82                       1.2935505    0.00036   100%  3085   16s
   113   122    0.00039   10 2463    1.29355    0.00036   100%  2770   20s
H  137   136                       1.2932556    0.00036   100%  2571   27s
H  137   136                       1.2602684    0.00036   100%  2571   27s
H  145   136                       1.1996241    0.00036   100%  2582   27s
H  146   136                       1.1539816    0.00036   100%  2604   27s
H  147   136                       1.1399193    0.00036   100%  2624   27s
H  150   136                       1.1236266    0.00036   100%  2658   27s
   177   179    0.28742   14 2680    1.12363    0.00036   100%  2654   30s
   242   248    0.42058   18 2330    1.12363    0.00036   100%  2751   35s
H  411   392                       1.1069021    0.00036   100%  2077   51s
H  412   392                       1.1067350    0.00036   100%  2072   51s
H  413   392                       1.1067293    0.00036   100%  2067   51s
H  415   392                       1.1065909    0.00036   100%  2075   51s
H  417   392                       1.0412374    0.00036   100%  2071   51s
H  427   407                       1.0158586    0.00036   100%  2049   57s
H  428   407                       1.0157689    0.00036   100%  2045   57s
H  429   407                       1.0156628    0.00036   100%  2040   57s
H  430   407                       1.0018513    0.00036   100%  2036   57s
   505   523    0.96236   41 2146    1.00185    0.00036   100%  1879   60s
   839   857    0.14014    8 2831    1.00185    0.00036   100%  1309   66s
  1156  1045    0.31127   12 2706    1.00185    0.00036   100%  1089   71s
H 1275  1125                       1.0018355    0.00036   100%  1113   76s
H 1276  1125                       1.0018178    0.00036   100%  1115   76s
H 1283  1123                       1.0016733    0.00036   100%  1118   76s
  1382  1274     cutoff   23         1.00167    0.00036   100%  1134   80s
  1542  1342     cutoff   29         1.00167    0.00036   100%  1125   85s
  1639  1395    0.80214   22 2345    1.00167    0.00036   100%  1209   91s
H 1731  1443                       1.0016267    0.00036   100%  1279   98s
  1747  1473    0.39365    8 2882    1.00163    0.00036   100%  1290  101s
  1851  1571    0.53050   11 2161    1.00163    0.00036   100%  1351  106s
  2010  1682    0.84547   15 3013    1.00163    0.00036   100%  1373  112s
  2108  1683    1.00074   24 1754    1.00163    0.00036   100%  1369  137s
H 2109  1599                       1.0015225    0.00036   100%  1369  138s
H 2111  1520                       1.0015225    0.00036   100%  1368  138s
  2127  1548    0.00036   13 3219    1.00152    0.00036   100%  1364  140s
H 2150  1472                       1.0015130    0.00036   100%  1360  140s
H 2156  1398                       1.0015062    0.00036   100%  1360  140s
H 2192  1353                       1.0015053    0.00036   100%  1358  143s
H 2196  1287                       1.0014785    0.00036   100%  1358  143s
H 2247  1260                       1.0014430    0.00036   100%  1356  146s
H 2249  1200                       1.0014365    0.00036   100%  1358  146s
H 2254  1142                       1.0014307    0.00036   100%  1358  146s
H 2257  1088                       1.0014243    0.00036   100%  1359  146s
H 2304  1071                       1.0014243    0.00036   100%  1359  150s
H 2312  1020                       1.0014240    0.00036   100%  1359  150s
H 2379  1037                       1.0014239    0.00036   100%  1354  154s
H 2381   992                       1.0014239    0.00036   100%  1355  154s
  2440  1042    0.12160   23 2586    1.00142    0.00036   100%  1348  155s
  2983  1390    0.45173   42 1984    1.00142    0.00036   100%  1198  160s
H 3519  1523                       1.0014165    0.00036   100%  1103  164s
H 3521  1483                       1.0014162    0.00036   100%  1103  164s
  3560  1569    0.78893   79  893    1.00142    0.00036   100%  1101  165s
  3905  1657    0.85623  110  299    1.00142    0.00036   100%  1048  171s
H 3924  1614                       1.0014162    0.00036   100%  1047  171s
  3925  1718    0.85621  110  339    1.00142    0.00036   100%  1048  175s
  4360  1881    0.35310   24 2693    1.00142    0.00036   100%  1017  180s
  4732  2069    0.92679   41 2815    1.00142    0.00036   100%   999  185s
H 4742  2069                       1.0014157    0.00036   100%   997  185s
H 4743  2069                       1.0014143    0.00036   100%   997  185s
H 4744  2069                       1.0014111    0.00036   100%   997  185s
H 4758  2069                       1.0014109    0.00036   100%   999  185s
  4992  2242    0.09477   16 2875    1.00141    0.00036   100%   995  190s
H 5280  2366                       1.0014107    0.00036   100%   997  193s
  5386  2486    0.74059   29 2536    1.00141    0.00036   100%  1004  196s
  5752  2689    0.09225   19 2889    1.00141    0.00036   100%  1008  201s
  5959  2782    0.27085   22 2443    1.00141    0.00036   100%  1017  205s
  6156  2904    0.67727   29 2752    1.00141    0.00036   100%  1026  210s
H 6186  2904                       1.0014105    0.00036   100%  1027  210s
  6535  3065    0.14276   18 2949    1.00141    0.00036   100%  1033  217s
  6707  3215    0.75767   28 2572    1.00141    0.00036   100%  1047  222s
  6974  3435    0.13450   20 2697    1.00141    0.00036   100%  1059  227s
  7066  3584    0.34920   26 2732    1.00141    0.00036   100%  1063  230s
  7490  3837    0.43956   25 2238    1.00141    0.00036   100%  1068  236s
  7658  3885     cutoff   33         1.00141    0.00036   100%  1070  240s
H 7696  3885                       1.0014103    0.00036   100%  1070  240s
H 7754  3885                       1.0014102    0.00036   100%  1068  240s
  7917  4100    0.85940   30 2295    1.00141    0.00036   100%  1069  246s
  8168  4287    0.08986   18 2947    1.00141    0.00036   100%  1073  250s
  8620  4460 infeasible   31         1.00141    0.00036   100%  1076  257s
  8912  4497 infeasible   33         1.00141    0.00036   100%  1076  261s
  9010  4655    0.13998   21 2758    1.00141    0.00036   100%  1080  265s
  9617  4989    0.42486   23 2678    1.00141    0.00036   100%  1080  273s
  9935  5090    0.04520   17 2919    1.00141    0.00037   100%  1081  277s
 10283  5110    0.86955   30 2360    1.00141    0.00037   100%  1080  283s
H10313  5110                       1.0014100    0.00037   100%  1079  283s
 10397  5216     cutoff   30         1.00141    0.00038   100%  1080  288s
 10737  5429    0.23453   20 2913    1.00141    0.01644  98.4%  1085  293s
 11099  5610    0.78305   37 2146    1.00141    0.02255  97.7%  1086  297s
 11470  5814    0.67314   25 2696    1.00141    0.02261  97.7%  1089  302s
H11539  5814                       1.0014100    0.02261  97.7%  1089  302s
 11858  6024    0.19395   26 2546    1.00141    0.02268  97.7%  1089  308s
 12303  6197    0.14470   21 2882    1.00141    0.02272  97.7%  1090  313s
 12672  6475    0.31868   21 2796    1.00141    0.02273  97.7%  1095  318s
 13144  6739    0.31533   23 2658    1.00141    0.02275  97.7%  1092  324s
 13569  7000    0.27045   22 2678    1.00141    0.02275  97.7%  1096  330s
 14092  7247    0.13431   23 2582    1.00141    0.02278  97.7%  1100  337s
 14585  7554     cutoff   36         1.00141    0.02291  97.7%  1102  343s
 15129  7906    0.34243   26 2705    1.00141    0.02305  97.7%  1102  350s
 15711  8199     cutoff   37         1.00141    0.02305  97.7%  1101  357s
 16440  8489     cutoff   30         1.00141    0.03883  96.1%  1095  365s
 17032  8808    0.94265   37 2356    1.00141    0.04502  95.5%  1098  372s
 17662  9086    0.29547   23 2694    1.00141    0.04509  95.5%  1098  381s
 18289  9616    0.28500   20 2743    1.00141    0.04524  95.5%  1102  389s
 19066  9945    0.09943   21 2462    1.00141    0.04550  95.5%  1100  398s
 19913 10287    0.18934   23 2852    1.00141    0.04681  95.3%  1095  407s
 20590 10302    0.30723   21 2787    1.00141    0.04701  95.3%  1096  445s
H20592 10302                       1.0014100    0.04701  95.3%  1096  445s
 20607 12014    0.35359   22 2565    1.00141    0.04702  95.3%  1096  488s
 24319 12400    0.50035   30 2414    1.00141    0.06727  93.3%  1089  498s
 25080 12858    0.35099   27 2697    1.00141    0.06776  93.2%  1091  509s
 25921 13342    0.94954   31 2745    1.00141    0.06952  93.1%  1094  521s
 26936 13917     cutoff   35         1.00141    0.07065  92.9%  1092  533s
 27954 14511     cutoff   41         1.00141    0.07158  92.9%  1091  546s
 29095 15050     cutoff   34         1.00141    0.07418  92.6%  1087  559s
 30246 15733    0.25171   29 2519    1.00141    0.08128  91.9%  1085  573s
 31458 16381    0.92436   33 2495    1.00141    0.08971  91.0%  1084  587s
 32828 16963    0.56819   28 2317    1.00141    0.08997  91.0%  1079  602s
 33979 17653    0.30724   24 2365    1.00141    0.09254  90.8%  1080  617s
 35285 18084     cutoff   38         1.00141    0.09442  90.6%  1079  634s
H36017 18084                       1.0014100    0.09495  90.5%  1080  634s
 36237 18717    0.32102   27 2366    1.00141    0.09579  90.4%  1081  651s
 37653 19436    0.23023   25 2497    1.00141    0.09967  90.0%  1081  669s
 39230 20262    0.93930   39 2639    1.00141    0.10458  89.6%  1078  687s
 40757 20931     cutoff   28         1.00141    0.11208  88.8%  1077  706s
 42294 20932    0.64603   28 1754    1.00141    0.11251  88.8%  1077  857s
 42298 20935    0.97856   35 2753    1.00141    0.11251  88.8%  1077  860s
H42301 19890                       1.0014100    0.11251  88.8%  1077  866s
 42305 19892    0.50882   26 2953    1.00141    0.11251  88.8%  1077  870s
 42309 19895    0.73520   33 2967    1.00141    0.11251  88.8%  1077  875s
 42314 19898    0.83312   30 2986    1.00141    0.11251  88.8%  1076  881s
 42318 19901    0.85416   30 2988    1.00141    0.11251  88.8%  1076  886s
 42322 19904    0.19508   25 3011    1.00141    0.11251  88.8%  1076  890s
 42327 19907    0.13474   24 2947    1.00141    0.11251  88.8%  1076  896s
 42329 19908    0.21385   17 2922    1.00141    0.11251  88.8%  1076  900s
 42333 19911    0.71447   31 2834    1.00141    0.11251  88.8%  1076  905s
H42333 18914                       1.0014100    0.11251  88.8%  1076  907s
 42338 18917    0.46317   25 2913    1.00141    0.11251  88.8%  1076  910s
 42341 18919    0.15820   24 2793    1.00141    0.11251  88.8%  1076  917s
 42344 18921    0.21931   24 2798    1.00141    0.11251  88.8%  1076  920s
 42348 18924    0.82169   39 2834    1.00141    0.11251  88.8%  1076  925s
 42350 18925    0.48222   34 2834    1.00141    0.11251  88.8%  1076  934s
 42351 18926    0.68267   32 2834    1.00141    0.11251  88.8%  1075  935s
 42353 18929    0.11730   19 2622    1.00141    0.11251  88.8%  1078  955s
 42355 18930    0.11759   20 2686    1.00141    0.11251  88.8%  1078  971s
 42358 18931    0.23797   21 3231    1.00141    0.11251  88.8%  1078  992s
 42362 18933    0.23797   22 3230    1.00141    0.11251  88.8%  1078 1011s
 42368 18941    0.24102   23 2923    1.00141    0.11251  88.8%  1079 1017s
 42378 18951 infeasible   24         1.00141    0.11251  88.8%  1080 1021s
 42410 18971    0.49725   26 2681    1.00141    0.11251  88.8%  1081 1026s
 42442 18989    0.74788   28 2749    1.00141    0.11955  88.1%  1084 1033s
 42460 19001    0.79823   29 2705    1.00141    0.11956  88.1%  1084 1035s
 42488 19007    0.87572   31 2619    1.00141    0.11956  88.1%  1084 1042s
 42536 19024     cutoff   34         1.00141    0.11956  88.1%  1085 1045s
 42597 19028    0.97963   35 2687    1.00141    0.11956  88.1%  1088 1050s
 42687 19051    0.42942   28 2803    1.00141    0.14386  85.6%  1089 1055s
 42784 19080    0.71609   31 2900    1.00141    0.14386  85.6%  1091 1062s
 42865 19093    0.64866   35 2550    1.00141    0.14386  85.6%  1094 1066s
 42955 19099    0.78019   37 2408    1.00141    0.14386  85.6%  1096 1070s
 43045 19103    0.96877   39 2816    1.00141    0.14386  85.6%  1097 1075s
 43160 19096     cutoff   44         1.00141    0.16816  83.2%  1098 1080s
 43275 19101    0.34230   30 2740    1.00141    0.16816  83.2%  1100 1085s
 43397 19106    0.53814   34 2981    1.00141    0.16816  83.2%  1101 1090s
 43534 19104    0.64573   34 3131    1.00141    0.16816  83.2%  1103 1097s
 43604 19106    0.73505   36 2995    1.00141    0.16816  83.2%  1104 1100s
 43754 19082    0.76806   37 2758    1.00141    0.16816  83.2%  1106 1110s
 43880 19083    0.94455   42 2779    1.00141    0.18697  81.3%  1108 1117s
 43985 19089    0.33250   29 2738    1.00141    0.18697  81.3%  1110 1121s
 44086 19088    0.77428   35 2174    1.00141    0.18697  81.3%  1113 1126s
 44194 19082     cutoff   41         1.00141    0.24351  75.7%  1116 1131s
 44311 19074    0.56077   30 2574    1.00141    0.31009  69.0%  1119 1135s
 44411 19073    0.65643   31 2587    1.00141    0.31009  69.0%  1122 1140s
 44515 19052    0.65653   32 2759    1.00141    0.31009  69.0%  1126 1145s
 44655 19022    0.97622   34 2577    1.00141    0.31009  69.0%  1129 1150s
 44776 19005     cutoff   40         1.00141    0.32329  67.7%  1133 1155s
 44906 18972    0.83477   35 2438    1.00141    0.36445  63.6%  1136 1161s
 45021 18965     cutoff   42         1.00141    0.36522  63.5%  1141 1167s
 45143 18971     cutoff   39         1.00141    0.37135  62.9%  1145 1172s
 45315 18934    0.96042   39 2737    1.00141    0.37636  62.4%  1148 1179s
 45466 18898    0.74335   38 2761    1.00141    0.38194  61.9%  1152 1185s
 45619 18878    0.87719   31 2521    1.00141    0.38359  61.7%  1156 1191s
 45780 18836     cutoff   35         1.00141    0.38843  61.2%  1161 1198s
 45921 18801    0.97237   38 2658    1.00141    0.42055  58.0%  1166 1205s
 46102 18734    0.84223   34 2454    1.00141    0.43053  57.0%  1170 1212s
 46296 18678    0.75911   29 2716    1.00141    0.43053  57.0%  1174 1220s
 46471 18641    0.82522   31 2872    1.00141    0.43053  57.0%  1180 1228s
 46648 18617    0.87753   36 2899    1.00141    0.43413  56.6%  1184 1236s
 46868 18555    0.82610   36 2966    1.00141    0.46479  53.6%  1189 1245s
 47083 18510     cutoff   29         1.00141    0.47220  52.8%  1195 1254s
 47297 18511    0.85976   35 2721    1.00141    0.47331  52.7%  1201 1263s
 47574 18419 infeasible   40         1.00141    0.47636  52.4%  1206 1355s
H47631 17453                       1.0014100    0.47636  52.4%  1205 1355s
H47632 16553                       1.0014100    0.47636  52.4%  1205 1355s
 47642 16561     cutoff   41         1.00141    0.48747  51.3%  1206 1370s
 47755 16557    0.98639   37 2544    1.00141    0.48815  51.3%  1209 1381s
 48041 16486     cutoff   35         1.00141    0.50495  49.6%  1215 1392s
 48315 16418    0.87680   35 2407    1.00141    0.52409  47.7%  1222 1403s
 48624 16331    0.94279   35 2745    1.00141    0.53012  47.1%  1229 1415s
 48922 16250     cutoff   33         1.00141    0.54228  45.8%  1236 1427s
 49235 16185     cutoff   31         1.00141    0.54691  45.4%  1243 1439s
 49530 16105    0.80482   35 2449    1.00141    0.55915  44.2%  1251 1452s
 49838 16062    0.96412   31 2398    1.00141    0.57048  43.0%  1260 1465s
 50173 15967    0.97080   40 2953    1.00141    0.58382  41.7%  1267 1479s
 50508 15951    0.83090   31 2681    1.00141    0.60289  39.8%  1276 1494s
 50975 15926    0.75392   33 2546    1.00141    0.61089  39.0%  1283 1509s
 51541 15771    0.92025   33 3007    1.00141    0.61952  38.1%  1287 1524s
 52031 15622    0.83539   33 2396    1.00141    0.63061  37.0%  1294 1540s
 52542 15498    0.80716   33 3161    1.00141    0.63764  36.3%  1301 1557s
 52991 15368     cutoff   33         1.00141    0.65545  34.5%  1310 1574s
 53536 15333     cutoff   33         1.00141    0.67288  32.8%  1318 1592s
 54234 15245     cutoff   37         1.00141    0.68126  32.0%  1322 1610s
 54959 15148     cutoff   34         1.00141    0.69454  30.6%  1326 1633s
 55743 14925    0.85754   37 2978    1.00141    0.70891  29.2%  1330 1652s
 56302 14888    0.97213   34 2914    1.00141    0.72096  28.0%  1339 1672s
 57130 14587    0.94182   32 2819    1.00141    0.73209  26.9%  1343 1693s
 57851 14357     cutoff   37         1.00141    0.74203  25.9%  1349 1715s
 58629 14099     cutoff   39         1.00141    0.75663  24.4%  1355 1737s
 59442 13742    0.94920   38 2574    1.00141    0.77128  23.0%  1361 1760s
 60183 13522     cutoff   37         1.00141    0.78234  21.9%  1369 1784s
 61156 13157    0.94232   38 2706    1.00141    0.79870  20.2%  1374 1800s
H61253 12269                       1.0014100    0.80023  20.1%  1375 1800s
H61325 11433                       1.0014100    0.80056  20.1%  1376 1800s

Cutting planes:
  Gomory: 165
  MIR: 20
  Flow cover: 42
  Inf proof: 5
  Zero half: 8
  RLT: 15

Explored 61602 nodes (84876241 simplex iterations) in 1800.01 seconds (2553.19 work units)
Thread count was 16 (of 16 available processors)

Solution count 10: 1.00141 1.00141 1.00141 ... 1.00141

Time limit reached
Warning: max constraint violation (2.1621e-04) exceeds tolerance
Warning: max general constraint violation (2.1621e-04) exceeds tolerance
Best objective 1.001409990974e+00, best bound 8.073145486629e-01, gap 19.3822%
