
Gurobi 9.5.0 (linux64) logging started Tue 15 Nov 2022 01:06:59 AM PST

Set parameter LogFile to value "experiments/t_1_theta_0.6/gurobi.1668503218.log"
Set parameter LogToConsole to value 0
Set parameter TimeLimit to value 1800
Set parameter Threads to value 16
Gurobi Optimizer version 9.5.0 build v9.5.0rc5 (linux64)
Thread count: 8 physical cores, 16 logical processors, using up to 16 threads
Optimize a model with 339 rows, 1398 columns and 5276 nonzeros
Model fingerprint: 0xa4a8ed55
Model has 3400 quadratic objective terms
Model has 75 quadratic constraints
Model has 1 general constraint
Variable types: 80 continuous, 1318 integer (1318 binary)
Coefficient statistics:
  Matrix range     [1e+00, 1e+01]
  QMatrix range    [1e+00, 1e+00]
  QLMatrix range   [1e+00, 1e+00]
  Objective range  [0e+00, 0e+00]
  QObjective range [5e-05, 3e+01]
  Bounds range     [1e+00, 8e+02]
  RHS range        [1e+00, 1e+02]
Presolve added 0 rows and 1025 columns
Presolve removed 26 rows and 0 columns
Presolve time: 0.02s
Presolved: 2395 rows, 4505 columns, 12202 nonzeros
Presolved model has 1 SOS constraint(s)
Variable types: 1105 continuous, 3400 integer (3375 binary)

Root relaxation: objective 3.682569e-01, 1731 iterations, 0.06 seconds (0.08 work units)

    Nodes    |    Current Node    |     Objective Bounds      |     Work
 Expl Unexpl |  Obj  Depth IntInf | Incumbent    BestBd   Gap | It/Node Time

     0     0    0.36826    0 1319          -    0.36826      -     -    0s
H    0     0                      33.3805646    0.36826  98.9%     -    0s
H    0     0                      23.0303533    0.41134  98.2%     -    0s
     0     0    0.41140    0 1326   23.03035    0.41140  98.2%     -    0s
H    0     0                      13.1068320    0.52446  96.0%     -    0s
     0     0    0.52446    0 1219   13.10683    0.52446  96.0%     -    0s
     0     0    0.52455    0 1219   13.10683    0.52455  96.0%     -    0s
     0     0    0.53565    0 1229   13.10683    0.53565  95.9%     -    0s
     0     0    0.53634    0 1243   13.10683    0.53634  95.9%     -    0s
     0     0    0.54489    0 1243   13.10683    0.54489  95.8%     -    0s
     0     0    0.54517    0 1244   13.10683    0.54517  95.8%     -    0s
H    0     0                      13.0155618    0.54517  95.8%     -    0s
     0     0    0.54730    0 1248   13.01556    0.54730  95.8%     -    0s
     0     0    0.54730    0 1245   13.01556    0.54730  95.8%     -    0s
     0     2    0.54758    0 1244   13.01556    0.54758  95.8%     -    0s
H   87    78                      12.9830306    0.55220  95.7%   414    2s
H  141   149                      12.0382833    0.55220  95.4%   382    2s
H  150   149                       2.2596511    0.55220  75.6%   374    2s
H  196   198                       2.2367508    0.55220  75.3%   330    4s
H  200   198                       2.0958490    0.55220  73.7%   327    4s
H  201   198                       1.8836105    0.55220  70.7%   327    4s
H  203   198                       1.7454524    0.55220  68.4%   326    4s
H  386   380                       1.4523329    0.55220  62.0%   288    6s
  1733  1514    1.21383   17  996    1.45233    0.55602  61.7%   222   10s
H 2096  1646                       1.4128729    0.55901  60.4%   237   12s
  2105  1652    1.24005   62 1297    1.41287    0.59065  58.2%   236   15s
H 2105  1569                       1.4105986    0.59826  57.6%   236   15s
H 2109  1493                       1.3237067    0.60691  54.2%   236   16s
H 2109  1418                       1.3165842    0.60691  53.9%   236   16s
H 2117  1351                       1.3150972    0.61743  53.1%   235   19s
H 2117  1283                       1.3043860    0.61865  52.6%   235   19s
  2119  1285    1.18833   31 1368    1.30439    0.61879  52.6%   235   20s
H 2119  1221                       1.3030382    0.62394  52.1%   235   20s
H 2119  1159                       1.3011922    0.62394  52.0%   235   20s
  2136  1171    1.23573   96 1355    1.30119    0.74162  43.0%   245   25s
  2187  1222    0.74162   25 1290    1.30119    0.74162  43.0%   268   30s
H 2221  1184                       1.3001433    0.74162  43.0%   275   32s
H 2277  1171                       1.2961931    0.74162  42.8%   286   34s
H 2280  1116                       1.2957636    0.74162  42.8%   286   34s
H 2281  1066                       1.2943332    0.74162  42.7%   286   34s
H 2282  1017                       1.2887716    0.74162  42.5%   286   34s
  2297  1035    0.79070   28 1212    1.28877    0.74162  42.5%   288   35s
H 2322   999                       1.2812237    0.74162  42.1%   290   40s
H 2323   956                       1.2750922    0.74162  41.8%   290   40s
H 2325   914                       1.2681983    0.74162  41.5%   291   40s
H 2329   874                       1.2622888    0.74162  41.2%   292   40s
H 2333   835                       1.2443858    0.74162  40.4%   292   40s
  2690  1066    0.74162   36 1227    1.24439    0.74162  40.4%   300   45s
  3132  1293    0.76105   44 1217    1.24439    0.74162  40.4%   312   50s
  3477  1503    0.87642   51 1258    1.24439    0.74162  40.4%   336   55s
  3960  1696    1.00875   60 1163    1.24439    0.74162  40.4%   345   60s
H 4123  1691                       1.2367422    0.74162  40.0%   353   63s
  4235  1807    1.08271   65 1157    1.23674    0.74162  40.0%   358   65s
  4726  2181    1.19490   80  996    1.23674    0.74162  40.0%   366   70s
  5406  2793    0.75539   33 1215    1.23674    0.74162  40.0%   366   75s
H 5738  3008                       1.2367422    0.74162  40.0%   369   78s
H 5788  3005                       1.2365407    0.74162  40.0%   370   78s
  5820  3177    1.00151   51 1073    1.23654    0.74162  40.0%   369   80s
  6572  3713    1.12941   47  928    1.23654    0.74162  40.0%   364   85s
  7194  4220    1.21313   37 1041    1.23654    0.74162  40.0%   368   91s
H 7509  4298                       1.2365407    0.74162  40.0%   372   93s
  7515  4433    0.92470   40 1160    1.23654    0.74162  40.0%   372   95s
  7978  4793     cutoff   50         1.23654    0.74162  40.0%   375  100s
  8557  5250    1.14073   62  993    1.23654    0.74167  40.0%   376  105s
H 8700  5246                       1.2361798    0.74167  40.0%   379  105s
  8814  5508    0.85824   30 1149    1.23618    0.74167  40.0%   379  117s
  9094  5680    1.01836   49 1084    1.23618    0.74167  40.0%   380  120s
  9536  6142    1.12449   63  779    1.23618    0.74167  40.0%   387  126s
 10280  6800    1.21137  109  537    1.23618    0.74167  40.0%   390  132s
 10747  7151    1.23341  122  314    1.23618    0.76161  38.4%   389  135s
 11793  7954    0.97502   36 1119    1.23618    0.77442  37.4%   383  142s
 12251  8224    0.93789   29 1068    1.23618    0.77442  37.4%   383  145s
 12947  8883    1.11710   47  801    1.23618    0.77442  37.4%   390  152s
 13425  9291    1.16124   65  627    1.23618    0.77442  37.4%   391  156s
 13879  9905    1.21360   94  439    1.23618    0.77653  37.2%   393  160s
H14636 10443                       1.2361798    0.77720  37.1%   389  165s
*15653 10929             211       1.2348958    0.78715  36.3%   379  169s
 15991 11298    1.14475   50 1053    1.23490    0.79022  36.0%   380  174s
 16547 11614    0.92592   31 1131    1.23490    0.79698  35.5%   381  178s
 17012 11966    1.07555   41 1234    1.23490    0.79765  35.4%   384  184s
 17545 12278    1.10623   49 1081    1.23490    0.80431  34.9%   385  189s
 18012 12717    0.98304   41 1061    1.23490    0.80736  34.6%   390  194s
 18468 13157    1.11440   60  912    1.23490    0.80736  34.6%   395  200s
 19043 13881    1.19428   73  646    1.23490    0.80778  34.6%   399  205s
 19982 14471    0.91290   38 1171    1.23490    0.80965  34.4%   398  212s
H20793 14855                       1.2348958    0.81280  34.2%   397  218s
H20858 14638                       1.2312037    0.81491  33.8%   397  218s
H21046 14638                       1.2312037    0.81491  33.8%   397  218s
 21316 15204    0.85941   40 1151    1.23120    0.81526  33.8%   397  225s
 22085 15759    1.06971   55 1066    1.23120    0.81804  33.6%   398  232s
 22805 16432    1.09076   42  935    1.23120    0.81849  33.5%   401  238s
 23673 17176    1.19894   70 1004    1.23120    0.82210  33.2%   403  246s
 24740 17580    0.88067   45 1126    1.23120    0.82452  33.0%   401  254s
 25345 18219    1.07407   46 1156    1.23120    0.82589  32.9%   407  262s
 26147 19564    1.17882   67  732    1.23120    0.82675  32.9%   411  270s
 27705 20456    1.07774   52 1014    1.23120    0.82916  32.7%   406  278s
 28790 21814    1.03187   52 1038    1.23120    0.83011  32.6%   407  286s
 30491 22578    1.20438   70  674    1.23120    0.83345  32.3%   400  295s
 31427 23277    1.07775   54 1091    1.23120    0.83667  32.0%   403  304s
 32393 24222    1.20934   77  730    1.23120    0.83722  32.0%   406  313s
 33691 25123    1.22856   68  989    1.23120    0.83988  31.8%   405  323s
 34759 25948    1.12357   71  747    1.23120    0.84369  31.5%   407  335s
H34835 25923                       1.2308428    0.84369  31.5%   407  335s
 35692 26995    1.20974  115  322    1.23084    0.84390  31.4%   409  347s
H36531 26979                       1.2307450    0.84390  31.4%   407  347s
 37056 27892     cutoff   42         1.23074    0.84517  31.3%   408  358s
 38357 28938    1.03735   40 1063    1.23074    0.84925  31.0%   409  371s
 39633 30041    1.21022  104  285    1.23074    0.85187  30.8%   412  383s
 41054 30623    0.89833   33 1199    1.23074    0.85254  30.7%   414  397s
H41647 30481                       1.2297874    0.85254  30.7%   415  397s
H41731 30432                       1.2295197    0.85254  30.7%   415  397s
 41866 31829    1.19114   63 1035    1.22952    0.85389  30.6%   415  412s
 43680 32922    1.16132   47 1105    1.22952    0.85764  30.2%   415  426s
H45273 32913                       1.2294236    0.85919  30.1%   416  452s
H45275 32233                       1.2262839    0.85919  29.9%   416  452s
H45276 31645                       1.2237126    0.85919  29.8%   416  452s
 45293 32651    1.03435   44 1120    1.22371    0.85997  29.7%   416  467s
 46647 33690    1.09983   57 1035    1.22371    0.86268  29.5%   419  481s
H46817 33690                       1.2237126    0.86276  29.5%   419  481s
 48280 34681    1.05040   45 1061    1.22371    0.86424  29.4%   421  496s
 49803 35328    1.19402   76  683    1.22371    0.86717  29.1%   422  511s
 51069 36252    1.11723   57 1105    1.22371    0.87057  28.9%   424  526s
 52602 37383    1.11571   50 1103    1.22371    0.87317  28.6%   425  542s
 54354 38497     cutoff   60         1.22371    0.87718  28.3%   426  557s
 56230 39840    0.95634   44 1146    1.22371    0.88087  28.0%   425  571s
 57904 41002    1.21418  118  272    1.22371    0.88203  27.9%   426  586s
 59601 42120    1.01434   45 1115    1.22371    0.88420  27.7%   427  600s
 61253 43097    1.14163   51 1049    1.22371    0.88706  27.5%   427  615s
H61836 43097                       1.2237126    0.88758  27.5%   427  615s
H62424 43097                       1.2237126    0.88813  27.4%   428  615s
 62489 44808    0.97854   50 1209    1.22371    0.88836  27.4%   428  629s
 64632 46348    1.15780   53 1140    1.22371    0.88953  27.3%   427  643s
 66497 47580    1.14980   61 1056    1.22371    0.89065  27.2%   426  657s
 68310 48610    1.04334   36 1146    1.22371    0.89293  27.0%   426  671s
 69856 49746    1.19560   53 1108    1.22371    0.89525  26.8%   426  684s
 71491 50660    1.21768   93  382    1.22371    0.89794  26.6%   426  698s
 72916 52013    1.00699   36 1097    1.22371    0.89912  26.5%   427  711s
 74938 53198    1.21013   55 1075    1.22371    0.90017  26.4%   426  724s
 76600 54261    1.12419   40 1152    1.22371    0.90183  26.3%   426  738s
 78074 55301    1.19234   63  984    1.22371    0.90241  26.3%   427  751s
 79596 56398    1.12607   65  870    1.22371    0.90352  26.2%   428  765s
 81236 57570    1.09567   39 1194    1.22371    0.90512  26.0%   427  778s
 82738 59365    1.11344   40  924    1.22371    0.90620  25.9%   428  791s
 84966 60604    1.10983   50  883    1.22371    0.90679  25.9%   426  804s
 86716 61617    1.21516   44 1094    1.22371    0.90793  25.8%   426  817s
 88216 62762    1.07101   45 1138    1.22371    0.90954  25.7%   426  829s
 89784 63935    1.14026   48  940    1.22371    0.91072  25.6%   426  842s
 91363 64992    1.17388   60 1132    1.22371    0.91245  25.4%   426  855s
 93033 65702    1.02539   42 1151    1.22371    0.91381  25.3%   425  868s
 94334 66716    0.98870   37 1051    1.22371    0.91582  25.2%   426  882s
 95846 67896    1.03180   42 1185    1.22371    0.91724  25.0%   427  895s
 97562 68395    1.05169   40 1110    1.22371    0.91836  25.0%   426  908s
 98675 69280    1.07013   48 1098    1.22371    0.91989  24.8%   428  923s
 100075 69937    1.21464   82  585    1.22371    0.92099  24.7%   429  937s
 101346 70769    1.03109   44 1056    1.22371    0.92247  24.6%   431  951s
 102952 71841    1.22109   40 1081    1.22371    0.92332  24.5%   431  965s
 104805 72446    1.07181   51  926    1.22371    0.92509  24.4%   431  980s
 106146 73513    1.16543   33 1176    1.22371    0.92607  24.3%   432  995s
 107616 74737     cutoff   65         1.22371    0.92753  24.2%   433 1009s
 109602 75811    1.13148   29 1088    1.22371    0.92856  24.1%   432 1024s
 111212 76562    1.06201   47 1059    1.22371    0.92973  24.0%   432 1038s
 112594 77670     cutoff   36         1.22371    0.93067  23.9%   433 1053s
 114237 78882    1.11954   48 1115    1.22371    0.93238  23.8%   433 1068s
 115993 79553    1.00702   40 1110    1.22371    0.93298  23.8%   434 1083s
H116787 79159                       1.2227013    0.93370  23.6%   434 1083s
 117094 80233    1.21199   71  694    1.22270    0.93396  23.6%   434 1099s
 118796 81316    1.21644   40 1069    1.22270    0.93555  23.5%   434 1113s
 120248 82616    1.16123   40  987    1.22270    0.93609  23.4%   434 1128s
 121965 84098    1.17885   43 1127    1.22270    0.93681  23.4%   435 1143s
 123943 85121    1.17788   75  629    1.22270    0.93772  23.3%   434 1157s
 125562 86115     cutoff   54         1.22270    0.93855  23.2%   435 1172s
 127068 87159    1.13894   60  936    1.22270    0.93873  23.2%   435 1187s
 128958 88347    1.19500   55 1048    1.22270    0.94009  23.1%   435 1201s
 130615 89159    1.03410   45 1046    1.22270    0.94090  23.0%   435 1215s
 132148 90177    1.10471   43 1129    1.22270    0.94220  22.9%   436 1229s
 133718 91436    1.13365   46 1182    1.22270    0.94366  22.8%   436 1244s
 135508 92953    1.16380   49 1101    1.22270    0.94447  22.8%   436 1258s
 137385 94239     cutoff   77         1.22270    0.94495  22.7%   436 1272s
 139408 95393    1.18245   69  752    1.22270    0.94596  22.6%   434 1285s
 140987 95931     cutoff   36         1.22270    0.94639  22.6%   434 1300s
 141767 97051    1.13465   45 1131    1.22270    0.94704  22.5%   435 1314s
 143344 98024    1.21677   70  617    1.22270    0.94748  22.5%   435 1330s
 144891 98780    1.00813   57 1102    1.22270    0.94854  22.4%   435 1344s
 146330 99746     cutoff   49         1.22270    0.94884  22.4%   436 1360s
 147714 101031    1.17089   76  619    1.22270    0.94964  22.3%   437 1375s
 149787 101975    1.18599   70  484    1.22270    0.95065  22.3%   436 1389s
 151412 102831    0.97642   34 1034    1.22270    0.95136  22.2%   436 1404s
 152882 104003    1.09338   66  978    1.22270    0.95188  22.1%   437 1419s
 154577 105149 infeasible   39         1.22270    0.95267  22.1%   437 1433s
 156274 106339     cutoff   55         1.22270    0.95302  22.1%   437 1448s
 158066 107601     cutoff   87         1.22270    0.95401  22.0%   436 1462s
 159872 109016    1.12050   67  824    1.22270    0.95452  21.9%   436 1476s
 161848 109840    1.15537   35 1037    1.22270    0.95508  21.9%   435 1490s
 163396 110662    1.13421   57 1015    1.22270    0.95568  21.8%   435 1504s
 164785 111467    1.14710   42 1163    1.22270    0.95634  21.8%   435 1518s
 166211 112457    1.18239   80  753    1.22270    0.95687  21.7%   436 1532s
 167966 113829     cutoff   39         1.22270    0.95748  21.7%   436 1545s
 169725 115615    1.16867   54  924    1.22270    0.95777  21.7%   435 1558s
 172033 116909    1.04780   43  972    1.22270    0.95788  21.7%   434 1571s
 174054 117860    1.15632   49 1059    1.22270    0.95835  21.6%   433 1583s
 175552 119250    1.10808   52  945    1.22270    0.95890  21.6%   433 1595s
 177248 120355    1.11838   49 1109    1.22270    0.95925  21.5%   433 1607s
 179104 120907    1.05076   42 1052    1.22270    0.95967  21.5%   432 1620s
 179953 122176    1.19749   76  465    1.22270    0.95973  21.5%   432 1633s
 181751 123189    1.21771   46 1151    1.22270    0.96016  21.5%   431 1645s
 183288 124308    1.12643   49 1022    1.22270    0.96074  21.4%   431 1658s
 184926 125171    1.18900   43 1036    1.22270    0.96115  21.4%   431 1670s
 186278 126311    1.19014   68  703    1.22270    0.96137  21.4%   431 1683s
 187971 127393    1.11988   41 1143    1.22270    0.96197  21.3%   431 1696s
 189561 128497     cutoff   55         1.22270    0.96262  21.3%   431 1709s
 191237 129463     cutoff   50         1.22270    0.96324  21.2%   431 1721s
 192867 130326    1.03949   38 1061    1.22270    0.96343  21.2%   430 1734s
 194267 131375    1.16199   49 1138    1.22270    0.96401  21.2%   430 1747s
 195914 132258    0.98994   43 1110    1.22270    0.96467  21.1%   430 1760s
 197289 133363    1.15123   64  731    1.22270    0.96495  21.1%   431 1774s
 198951 134414    1.08682   42 1157    1.22270    0.96535  21.0%   430 1787s
 200576 135278    1.04267   42 1104    1.22270    0.96584  21.0%   430 1800s

Cutting planes:
  Gomory: 324
  Cover: 45
  MIR: 60
  Flow cover: 27
  Inf proof: 3
  Zero half: 17
  RLT: 8

Explored 201995 nodes (86969673 simplex iterations) in 1800.01 seconds (2643.57 work units)
Thread count was 16 (of 16 available processors)

Solution count 10: 1.2227 1.22371 1.22371 ... 1.23074

Time limit reached
Warning: max constraint violation (6.4426e-05) exceeds tolerance
Warning: max general constraint violation (6.4426e-05) exceeds tolerance
Best objective 1.222701269260e+00, best bound 9.663023515067e-01, gap 20.9699%
