
Gurobi 9.5.0 (linux64) logging started Tue 15 Nov 2022 08:54:20 PM PST

Set parameter LogFile to value "experiments/t_4_theta_0.999/gurobi.1668574459.log"
Set parameter LogToConsole to value 0
Set parameter TimeLimit to value 1800
Set parameter Threads to value 16
Gurobi Optimizer version 9.5.0 build v9.5.0rc5 (linux64)
Thread count: 8 physical cores, 16 logical processors, using up to 16 threads
Optimize a model with 342 rows, 1488 columns and 5363 nonzeros
Model fingerprint: 0x5b7572b0
Model has 3475 quadratic objective terms
Model has 300 quadratic constraints
Model has 4 general constraints
Variable types: 95 continuous, 1393 integer (1393 binary)
Coefficient statistics:
  Matrix range     [1e+00, 1e+01]
  QMatrix range    [1e+00, 1e+00]
  QLMatrix range   [1e+00, 1e+00]
  Objective range  [0e+00, 0e+00]
  QObjective range [9e-07, 5e+01]
  Bounds range     [1e+00, 8e+02]
  RHS range        [1e+00, 1e+02]
Presolve added 56 rows and 1414 columns
Presolve time: 0.04s
Presolved: 5174 rows, 5340 columns, 39068 nonzeros
Variable types: 1628 continuous, 3712 integer (3527 binary)

Root relaxation: objective -2.643219e-12, 6223 iterations, 0.28 seconds (0.30 work units)

    Nodes    |    Current Node    |     Objective Bounds      |     Work
 Expl Unexpl |  Obj  Depth IntInf | Incumbent    BestBd   Gap | It/Node Time

     0     0   -0.00000    0 3482          -   -0.00000      -     -    0s
     0     0    0.05252    0 3459          -    0.05252      -     -    1s
     0     0    0.13971    0 2919          -    0.13971      -     -    1s
     0     0    0.14033    0 2931          -    0.14033      -     -    1s
     0     0    0.17632    0 2891          -    0.17632      -     -    2s
     0     0    0.17674    0 2889          -    0.17674      -     -    2s
     0     0    0.18639    0 2891          -    0.18639      -     -    2s
     0     0    0.18644    0 2884          -    0.18644      -     -    2s
     0     0    0.19272    0 2919          -    0.19272      -     -    3s
H    0     0                     201.6190863    0.19272   100%     -    3s
     0     0    0.19272    0 2912  201.61909    0.19272   100%     -    3s
H    0     0                     167.3414849    0.19279   100%     -    3s
     0     2    0.19279    0 2905  167.34148    0.19279   100%     -    3s
    25    30    0.42146    5 2690  167.34148    0.21967   100%   812    5s
H   41    46                     118.0212710    0.23477   100%   808    5s
H   43    46                     101.9999012    0.23491   100%   845    5s
H   49    46                      85.6377961    0.23491   100%   807    5s
H   89    94                       3.5978317    0.23491  93.5%   746    7s
H  107   108                       3.1709139    0.23491  92.6%   684    7s
H  146   140                       2.4320864    0.23491  90.3%   650   10s
H  147   140                       1.8396250    0.23491  87.2%   653   10s
H  510   496                       1.7395627    0.23491  86.5%   393   14s
H  511   496                       1.6783722    0.23491  86.0%   394   14s
H  526   496                       1.5946041    0.23491  85.3%   387   14s
H  539   496                       1.5470667    0.23491  84.8%   383   14s
   541   526    0.92413   11 2180    1.54707    0.23491  84.8%   383   15s
  1231  1012    0.99462   21 1252    1.54707    0.23491  84.8%   286   20s
H 1335  1050                       1.5470218    0.23491  84.8%   283   20s
H 1365   912                       1.4537883    0.23491  83.8%   286   20s
H 1904   884                       1.1534013    0.23491  79.6%   267   25s
H 1913   884                       1.0190087    0.23491  76.9%   268   25s
H 2077   541                       1.0189188    0.37309  63.4%   276   32s
H 2079   515                       1.0187834    0.37309  63.4%   276   33s
  2082   517    0.95489   14 2760    1.01878    0.37309  63.4%   276   35s
H 2083   491                       1.0187326    0.37309  63.4%   276   35s
H 2093   473                       1.0182892    0.37309  63.4%   274   38s
H 2094   450                       1.0169963    0.37309  63.3%   274   38s
H 2095   427                       1.0169704    0.37309  63.3%   274   39s
  2099   430    0.69510   11 2799    1.01697    0.37309  63.3%   274   40s
H 2100   409                       1.0167516    0.37309  63.3%   273   41s
H 2101   391                       1.0167456    0.37309  63.3%   285   41s
  2116   416    0.85886   15 2380    1.01675    0.47513  53.3%   299   45s
H 2140   394                       1.0167413    0.61957  39.1%   313   46s
H 2185   385                       1.0166657    0.62783  38.2%   326   48s
H 2189   366                       1.0134893    0.62783  38.1%   327   48s
  2242   363     cutoff   23         1.01349    0.62783  38.1%   331   51s
H 2268   340                       1.0133728    0.62783  38.0%   332   51s
H 2272   322                       1.0117240    0.62783  37.9%   332   51s
H 2377   331                       1.0112903    0.62783  37.9%   347   54s
H 2383   315                       1.0079224    0.62783  37.7%   349   54s
  2384   315    0.98974   24 1438    1.00792    0.62783  37.7%   349   55s
H 2385   301                       1.0023357    0.62783  37.4%   349   55s
H 2530   277                       1.0021264    0.62783  37.4%   350   60s
H 2532   264                       1.0010017    0.62783  37.3%   351   60s
  2995   378    0.96943   37  786    1.00100    0.70989  29.1%   349   65s
H 3560   592                       1.0009802    0.72292  27.8%   339   69s
H 3585   592                       1.0008753    0.72292  27.8%   339   69s
  3638   611     cutoff   22         1.00088    0.72292  27.8%   338   70s
H 3767   629                       1.0007339    0.72292  27.8%   336   71s
H 3768   629                       1.0007198    0.72292  27.8%   336   71s
H 3801   629                       1.0007119    0.72292  27.8%   335   71s
H 3853   629                       1.0006775    0.72292  27.8%   335   71s
  4169   733    0.93698   21 1297    1.00068    0.72292  27.8%   338   75s
  4711   879    0.84833   19 1860    1.00068    0.76190  23.9%   328   80s
  5425  1090     cutoff   26         1.00068    0.89841  10.2%   318   85s
  6254  1431    0.95914   32 1047    1.00068    0.92511  7.55%   312   90s
H 7505  1910                       1.0006500    0.93469  6.59%   286   94s
  7648  2058     cutoff   22         1.00065    0.93492  6.57%   284   96s
H 8842  2384                       1.0006468    0.94040  6.02%   268  106s
  9606  2682    0.96319   26  958    1.00065    0.94388  5.67%   259  110s
H 9700  2682                       1.0005569    0.94442  5.61%   258  110s
H 9954  2682                       1.0005491    0.94442  5.61%   256  110s
H10032  2695                       1.0005175    0.94442  5.61%   255  114s
H10038  2695                       1.0005175    0.94442  5.61%   255  114s
H10052  2695                       1.0004935    0.94442  5.60%   255  114s
H10062  2695                       1.0004882    0.94442  5.60%   255  114s
 10108  2942    0.99774   36  792    1.00049    0.94524  5.52%   255  116s
 11270  3317    0.98584   33 1146    1.00049    0.94895  5.15%   243  120s
 12583  3824    0.97864   38  648    1.00049    0.95221  4.83%   231  125s
 14924  4508     cutoff   45         1.00049    0.95675  4.37%   213  132s
 15720  4760     cutoff   34         1.00049    0.95776  4.27%   209  135s
 17481  5204    0.99420   36  957    1.00049    0.95956  4.09%   199  140s
 19393  5599    0.99195   34  724    1.00049    0.96204  3.84%   190  145s
 21354  6211     cutoff   33         1.00049    0.96364  3.68%   183  152s
 22804  6406    0.98089   34  713    1.00049    0.96463  3.58%   177  155s
H23625  6432                       1.0004448    0.96575  3.47%   175  159s
 23693  6583    1.00019   30  886    1.00044    0.96579  3.46%   175  162s
 25493  7015     cutoff   32         1.00044    0.96745  3.30%   170  167s
H25559  7015                       1.0004411    0.96745  3.30%   170  167s
 26451  7269    0.97775   32  654    1.00044    0.96813  3.23%   168  170s
 28566  7795    0.99914   37  787    1.00044    0.96975  3.07%   163  177s
 29965  8065    0.99115   30  930    1.00044    0.97043  3.00%   159  180s
 32398  8559 infeasible   52         1.00044    0.97179  2.86%   154  186s
 33701  8841     cutoff   51         1.00044    0.97262  2.78%   152  190s
 36509  9264    0.99802   43  424    1.00044    0.97381  2.66%   147  197s
 37824  9512    0.98081   28 1338    1.00044    0.97449  2.59%   146  201s
 39322  9753     cutoff   42         1.00044    0.97520  2.52%   144  205s
 40994 10010    0.99741   53  415    1.00044    0.97593  2.45%   142  210s
 42801 10379     cutoff   44         1.00044    0.97668  2.38%   139  216s
 45445 10587    0.99591   31  786    1.00044    0.97740  2.30%   136  220s
 48837 11114     cutoff   33         1.00044    0.97855  2.19%   132  228s
 50745 11246    0.98716   30  668    1.00044    0.97911  2.13%   130  232s
 52376 11413    0.98920   35  871    1.00044    0.97955  2.09%   128  236s
 54101 11557    0.99728   38  703    1.00044    0.98004  2.04%   126  240s
 57304 11916    0.99352   39  659    1.00044    0.98093  1.95%   123  248s
 59032 12034    0.98950   38  800    1.00044    0.98129  1.91%   122  252s
 60849 12187     cutoff   43         1.00044    0.98161  1.88%   120  265s
H61247 12184                       1.0004354    0.98170  1.87%   120  265s
 62533 12193    0.99201   45  531    1.00044    0.98211  1.83%   119  276s
H62541 12187                       1.0004197    0.98211  1.83%   119  276s
 62667 12221    0.99232   46  453    1.00042    0.98215  1.83%   119  282s
 63410 12498    0.99054   39  577    1.00042    0.98222  1.82%   118  288s
 66375 12587    0.98851   41  824    1.00042    0.98307  1.73%   115  291s
 67811 12685     cutoff   52         1.00042    0.98329  1.71%   115  295s
 71078 12881    0.99279   42  514    1.00042    0.98408  1.63%   112  302s
 72834 13000 infeasible   43         1.00042    0.98442  1.60%   111  306s
 76329 13126    0.99967   54  201    1.00042    0.98500  1.54%   109  313s
 77934 13219    0.99461   35  547    1.00042    0.98531  1.51%   108  316s
 79536 13276     cutoff   38         1.00042    0.98555  1.49%   107  320s
 82892 13357    0.99232   39  810    1.00042    0.98616  1.42%   105  327s
 84606 13415     cutoff   34         1.00042    0.98642  1.40%   104  330s
 86156 13426     cutoff   44         1.00042    0.98669  1.37%   103  336s
 90388 13472    0.99770   43  495    1.00042    0.98740  1.30%   102  343s
 92028 13445     cutoff   33         1.00042    0.98760  1.28%   101  346s
 93601 13507    0.99792   43  455    1.00042    0.98786  1.26%   100  350s
 96781 13652    0.99631   52  188    1.00042    0.98831  1.21%  99.3  357s
 98510 13741    0.99501   40  800    1.00042    0.98856  1.19%  98.7  360s
 101833 13705    0.99758   47  456    1.00042    0.98903  1.14%  97.5  367s
 103546 13773    0.99941   45  657    1.00042    0.98930  1.11%  96.9  371s
 106945 13578    0.99952   42  392    1.00042    0.98970  1.07%  95.7  379s
 109643 13514     cutoff   33         1.00042    0.99009  1.03%  94.7  383s
 111234 13400    0.99985   55  325    1.00042    0.99035  1.01%  94.2  386s
 114571 13451    0.99743   52  283    1.00042    0.99073  0.97%  93.0  392s
 116248 13368    0.99717   51  471    1.00042    0.99085  0.96%  92.5  396s
 119607 13121    0.99773   44  758    1.00042    0.99136  0.91%  91.4  402s
 121201 13047    0.99863   45  259    1.00042    0.99160  0.88%  90.9  405s
 124724 12829     cutoff   61         1.00042    0.99193  0.85%  89.8  411s
 126437 12805     cutoff   45         1.00042    0.99216  0.83%  89.3  415s
 128020 12518    0.99936   50  429    1.00042    0.99223  0.82%  88.9  420s
 132301 12255     cutoff   45         1.00042    0.99284  0.76%  87.7  426s
 135534 11858    0.99940   50  333    1.00042    0.99327  0.71%  86.9  432s
 137166 11629    0.99725   47  445    1.00042    0.99346  0.70%  86.5  435s
 140405 11137    0.99846   46  327    1.00042    0.99384  0.66%  85.8  442s
 142110 10896    1.00041   50  378    1.00042    0.99403  0.64%  85.4  445s
 145284 10525    0.99964   43  459    1.00042    0.99450  0.59%  84.8  451s
 148732 10042    0.99891   43  442    1.00042    0.99472  0.57%  84.0  457s
 150305  9670    0.99920   57  188    1.00042    0.99508  0.53%  83.7  461s
 153846  9064     cutoff   52         1.00042    0.99555  0.49%  83.0  467s
 155548  8649     cutoff   64         1.00042    0.99580  0.46%  82.6  470s
 159115  7846     cutoff   52         1.00042    0.99625  0.42%  81.8  477s
 160921  7453    0.99784   57  226    1.00042    0.99649  0.39%  81.4  480s
 164999  8081    0.99999   90   56    1.00042    0.99683  0.36%  80.3  489s
 168184  8629    0.99951   55  179    1.00042    0.99707  0.34%  79.5  492s
 171405  8832     cutoff   59         1.00042    0.99734  0.31%  78.7  497s
 172971  8804    0.99933   63  145    1.00042    0.99737  0.31%  78.3  500s
 176276  7490     cutoff   46         1.00042    0.99802  0.24%  77.5  506s
 179745  7887    0.99930   63  122    1.00042    0.99872  0.17%  76.6  511s
 183631  9600    0.99891   64  187    1.00042    0.99891  0.15%  75.6  517s
 185432 11722    1.00003   68  102    1.00042    0.99891  0.15%  75.1  523s
 188963 13627    0.99948   77   70    1.00042    0.99911  0.13%  74.2  527s
 191407 15435    1.00005   84   54    1.00042    0.99911  0.13%  73.6  531s
 193842 17306    0.99979   82   56    1.00042    0.99911  0.13%  73.0  535s
H199444 20146                       1.0004063    0.99912  0.13%  71.7  544s
 201140 22015     cutoff   93         1.00041    0.99912  0.13%  71.3  548s
H201287 22001                       1.0004042    0.99912  0.13%  71.2  548s
 203816 23893    0.99926   82   73    1.00040    0.99913  0.13%  70.6  552s
 206349 27023    0.99915   61   88    1.00040    0.99913  0.13%  70.1  561s
 211124 29025    1.00035   93   40    1.00040    0.99914  0.13%  69.1  565s
 213712 30919    0.99965   78   65    1.00040    0.99914  0.13%  68.6  570s
 218956 34456    0.99983   85   51    1.00040    0.99914  0.13%  67.7  578s
 221837 36312    0.99953   74   74    1.00040    0.99915  0.13%  67.1  583s
 224744 37997     cutoff   93         1.00040    0.99915  0.13%  66.6  587s
 227413 41171    0.99966   79   68    1.00040    0.99915  0.13%  66.1  664s
 232162 42473    0.99976   69   71    1.00040    0.99915  0.13%  65.3  669s
 234455 44015    1.00017   99   53    1.00040    0.99916  0.12%  65.1  673s
 236739 45642     cutoff   94         1.00040    0.99916  0.12%  64.9  678s
 239202 47208    0.99932   78   76    1.00040    0.99916  0.12%  64.6  683s
 241674 48868    1.00026   87   45    1.00040    0.99916  0.12%  64.3  687s
 243953 50502    1.00001   78   71    1.00040    0.99917  0.12%  64.1  692s
 246350 52410     cutoff  101         1.00040    0.99917  0.12%  63.9  697s
 248739 54961    1.00032  107   41    1.00040    0.99917  0.12%  63.7  704s
 252546 56623    1.00016   88   40    1.00040    0.99917  0.12%  63.4  709s
 255081 58275    1.00012  100   48    1.00040    0.99917  0.12%  63.2  714s
 257689 60062    1.00021  102   48    1.00040    0.99917  0.12%  62.9  718s
 260031 61782    1.00033  102   48    1.00040    0.99918  0.12%  62.8  723s
 262370 63669    1.00036   92   46    1.00040    0.99918  0.12%  62.6  728s
 264760 65538    0.99927   73   97    1.00040    0.99918  0.12%  62.5  733s
 267409 66453    1.00024   98   46    1.00040    0.99918  0.12%  62.3  738s
H268768 66408                       1.0004019    0.99918  0.12%  62.2  738s
 268993 68055    0.99978   80   63    1.00040    0.99918  0.12%  62.1  743s
 271779 70248    0.99958   79   69    1.00040    0.99918  0.12%  61.9  750s
 275367 71754    0.99925   77   91    1.00040    0.99918  0.12%  61.7  755s
 277889 73724    0.99937   66   84    1.00040    0.99918  0.12%  61.5  760s
 280281 75520    1.00027  108   53    1.00040    0.99918  0.12%  61.4  765s
 282874 77119    0.99960   83   80    1.00040    0.99918  0.12%  61.2  770s
 288076 80251    0.99968   80   64    1.00040    0.99919  0.12%  60.9  779s
 290373 81936    0.99980   79   65    1.00040    0.99919  0.12%  60.7  784s
 292905 84252    1.00034  105   47    1.00040    0.99919  0.12%  60.6  791s
 296295 86149    1.00017   81   48    1.00040    0.99919  0.12%  60.4  796s
 298894 88135    0.99971   80   67    1.00040    0.99919  0.12%  60.3  801s
 301368 89718    1.00037  110   49    1.00040    0.99919  0.12%  60.1  806s
 303849 91555    0.99957   91   76    1.00040    0.99919  0.12%  60.0  811s
 306356 93534    0.99931   70   80    1.00040    0.99919  0.12%  59.9  816s
 308935 95253    0.99989   88   56    1.00040    0.99920  0.12%  59.7  821s
 311535 96670     cutoff   98         1.00040    0.99920  0.12%  59.6  826s
 314250 98918    0.99954   88   82    1.00040    0.99920  0.12%  59.4  833s
 317713 100624     cutoff   88         1.00040    0.99920  0.12%  59.2  837s
 320109 101674    0.99951   81   77    1.00040    0.99920  0.12%  59.1  843s
 321769 102512    1.00020   98   48    1.00040    0.99920  0.12%  59.0  848s
H321902 102512                       1.0004019    0.99920  0.12%  59.0  848s
 323261 104625    1.00020   92   47    1.00040    0.99920  0.12%  58.9  854s
 326039 106672    0.99935   71   87    1.00040    0.99920  0.12%  58.8  860s
 328939 108801    0.99972  101   58    1.00040    0.99920  0.12%  58.7  865s
 331638 110628    0.99992   94   61    1.00040    0.99921  0.12%  58.5  871s
 334569 112383    1.00036   92   44    1.00040    0.99921  0.12%  58.3  876s
 337394 114697    0.99931   79   86    1.00040    0.99921  0.12%  58.2  883s
 340993 116410    0.99956   84   76    1.00040    0.99921  0.12%  58.0  887s
 343225 118007    0.99991   84   65    1.00040    0.99921  0.12%  57.9  892s
 345636 119640    0.99944   78   77    1.00040    0.99921  0.12%  57.8  896s
 347869 121437    0.99972   90   61    1.00040    0.99921  0.12%  57.7  901s
 350308 123107    1.00032  118   48    1.00040    0.99921  0.12%  57.6  906s
 352662 124721    0.99977   93   76    1.00040    0.99921  0.12%  57.6  911s
 355041 126359     cutoff   88         1.00040    0.99922  0.12%  57.5  916s
 357568 128049    0.99966   87   65    1.00040    0.99922  0.12%  57.4  921s
 360143 130434    0.99938   67  140    1.00040    0.99922  0.12%  57.3  927s
 363265 132276     cutoff   79         1.00040    0.99922  0.12%  57.1  932s
 365646 133930    1.00016  105  112    1.00040    0.99922  0.12%  57.1  937s
 368190 135060     cutoff  104         1.00040    0.99922  0.12%  57.0  942s
 369882 136915     cutoff   96         1.00040    0.99922  0.12%  56.9  948s
 372524 138696    0.99936   66   82    1.00040    0.99922  0.12%  56.8  953s
 375384 140359     cutoff   74         1.00040    0.99922  0.12%  56.7  958s
 378154 142196    0.99943   80   74    1.00040    0.99923  0.12%  56.6  964s
 380860 144461    0.99979   96   61    1.00040    0.99923  0.12%  56.5  970s
 383898 146514    0.99951   80   85    1.00040    0.99923  0.12%  56.4  975s
 386375 148240    0.99951   91   73    1.00040    0.99923  0.12%  56.3  980s
 388886 149857    1.00034   93   47    1.00040    0.99923  0.12%  56.2  985s
 391553 151550    1.00015   88   48    1.00040    0.99923  0.12%  56.1  990s
 394182 153067    0.99928   75   74    1.00040    0.99923  0.12%  56.0  995s
 396723 154729    0.99956   85   70    1.00040    0.99923  0.12%  55.9 1000s
 398787 156271    0.99959   70   69    1.00040    0.99923  0.12%  55.8 1005s
 401202 157894    1.00028   84   50    1.00040    0.99923  0.12%  55.8 1010s
 403988 160186    0.99993   86   69    1.00040    0.99924  0.12%  55.6 1016s
 407146 161916    0.99993   95   77    1.00040    0.99924  0.12%  55.5 1021s
 409512 163557    0.99982   97   61    1.00040    0.99924  0.12%  55.5 1026s
 412138 165219    1.00026   84   56    1.00040    0.99924  0.12%  55.4 1031s
 414535 166917    0.99935   74   80    1.00040    0.99924  0.12%  55.3 1036s
 417057 168729    0.99945   73   83    1.00040    0.99924  0.12%  55.2 1041s
 419257 169848    0.99951   78   80    1.00040    0.99924  0.12%  55.1 1046s
 420893 171775    0.99949   72   81    1.00040    0.99924  0.12%  55.1 1051s
 423342 173659    1.00010   96   55    1.00040    0.99924  0.12%  55.0 1056s
 425832 175982     cutoff   81         1.00040    0.99924  0.12%  55.0 1062s
 428962 177624    0.99972   91   65    1.00040    0.99924  0.12%  54.9 1067s
 431444 179217    0.99946   86   86    1.00040    0.99924  0.12%  54.8 1072s
 433828 180671    0.99930   72   84    1.00040    0.99924  0.12%  54.7 1077s
 436255 182336    0.99960   90   70    1.00040    0.99925  0.12%  54.6 1082s
 438631 183846    0.99983   92   58    1.00040    0.99925  0.12%  54.6 1086s
 440889 185658    0.99943   80   85    1.00040    0.99925  0.12%  54.5 1091s
 443162 187369    1.00017   97   49    1.00040    0.99925  0.12%  54.5 1096s
 445816 188780    0.99966   85   84    1.00040    0.99925  0.12%  54.4 1101s
 448313 190847    0.99951   71   77    1.00040    0.99925  0.12%  54.3 1107s
 451625 192202    0.99986   89   59    1.00040    0.99925  0.12%  54.2 1112s
 453860 193716    1.00025   88   53    1.00040    0.99925  0.12%  54.1 1117s
 456151 195377    0.99934   80   78    1.00040    0.99925  0.11%  54.0 1122s
 458710 196705    1.00032   99   49    1.00040    0.99925  0.11%  53.9 1126s
 461034 198087    0.99932   78   92    1.00040    0.99925  0.11%  53.9 1131s
 463370 199068    1.00003   93   65    1.00040    0.99925  0.11%  53.8 1136s
 464772 200765    0.99935   77   71    1.00040    0.99925  0.11%  53.8 1141s
 467329 202699    0.99944   75   77    1.00040    0.99925  0.11%  53.7 1146s
 469606 204792    1.00021   98   46    1.00040    0.99925  0.11%  53.6 1152s
 472710 206255    0.99993   84   56    1.00040    0.99926  0.11%  53.5 1157s
 475120 208032    0.99965   82   67    1.00040    0.99926  0.11%  53.5 1162s
 477394 209513    0.99950   79   79    1.00040    0.99926  0.11%  53.4 1166s
 479828 210875    1.00032   95   55    1.00040    0.99926  0.11%  53.4 1171s
 482187 212585    0.99964   85   77    1.00040    0.99926  0.11%  53.3 1176s
 484628 214217    1.00025   95   45    1.00040    0.99926  0.11%  53.2 1181s
 487193 215744     cutoff  105         1.00040    0.99926  0.11%  53.2 1186s
 489449 217283    0.99961   91   69    1.00040    0.99926  0.11%  53.1 1190s
 491699 219249    0.99986   80   70    1.00040    0.99926  0.11%  53.1 1196s
 494901 220877    0.99943   71   90    1.00040    0.99926  0.11%  53.0 1201s
 497213 222621    0.99934   70   83    1.00040    0.99926  0.11%  52.9 1206s
 499560 224371    0.99955   87   67    1.00040    0.99926  0.11%  52.9 1211s
 501829 226002    1.00018   97   59    1.00040    0.99926  0.11%  52.8 1215s
 504052 227777    0.99947   75   72    1.00040    0.99926  0.11%  52.8 1220s
 506375 229327    1.00009  101   54    1.00040    0.99926  0.11%  52.8 1225s
 508639 231264    0.99951   82   86    1.00040    0.99926  0.11%  52.7 1230s
 513379 235174    0.99962   73   67    1.00040    0.99926  0.11%  52.6 1241s
 516165 236779    0.99992   93  127    1.00040    0.99926  0.11%  52.6 1246s
 518899 237739    1.00010   80   50    1.00040    0.99926  0.11%  52.5 1251s
 520401 239424    0.99961   74   66    1.00040    0.99926  0.11%  52.4 1257s
 523181 241160    1.00020  100   54    1.00040    0.99926  0.11%  52.4 1262s
 525591 242820    1.00031   96   53    1.00040    0.99926  0.11%  52.3 1267s
 528264 244699    0.99971   87   67    1.00040    0.99927  0.11%  52.3 1272s
 530842 246210    0.99927   72   96    1.00040    0.99927  0.11%  52.2 1277s
 533318 247911    1.00018   79   54    1.00040    0.99927  0.11%  52.2 1282s
 535523 249876    0.99978   76   74    1.00040    0.99927  0.11%  52.1 1289s
 538786 251401    0.99945   67   79    1.00040    0.99927  0.11%  52.0 1293s
 540865 252897    0.99943   68   87    1.00040    0.99927  0.11%  52.0 1298s
 543135 254624     cutoff  114         1.00040    0.99927  0.11%  52.0 1302s
 545485 256217    0.99959   97   64    1.00040    0.99927  0.11%  52.0 1307s
 547947 257963    1.00005   96   55    1.00040    0.99927  0.11%  51.9 1312s
 550110 259653    1.00029  109   56    1.00040    0.99927  0.11%  51.9 1317s
 552551 261092    0.99947   84   77    1.00040    0.99927  0.11%  51.8 1322s
 555053 262590    1.00030  104   43    1.00040    0.99927  0.11%  51.8 1327s
 557582 264649    0.99977   91   61    1.00040    0.99927  0.11%  51.7 1333s
 560511 266274    1.00024   97   58    1.00040    0.99927  0.11%  51.7 1338s
 562989 267711     cutoff  106         1.00040    0.99927  0.11%  51.6 1342s
 565583 269384    1.00025   93   52    1.00040    0.99927  0.11%  51.6 1347s
 567710 271098    1.00010   87   63    1.00040    0.99927  0.11%  51.5 1351s
 569875 272808    0.99994  102   60    1.00040    0.99927  0.11%  51.5 1356s
 572328 274375    0.99938   86   81    1.00040    0.99927  0.11%  51.5 1361s
 574871 276007     cutoff  111         1.00040    0.99927  0.11%  51.4 1366s
 577006 276677    0.99995   95   63    1.00040    0.99927  0.11%  51.4 1371s
 578157 278649    0.99939   87   80    1.00040    0.99927  0.11%  51.4 1377s
 581281 280124    0.99945   88   70    1.00040    0.99927  0.11%  51.3 1382s
 583723 281629    1.00017  102   53    1.00040    0.99927  0.11%  51.3 1387s
 586110 282992     cutoff  105         1.00040    0.99927  0.11%  51.2 1391s
 588297 284498    0.99975   88   67    1.00040    0.99927  0.11%  51.2 1396s
 590622 286091    0.99959   76   61    1.00040    0.99928  0.11%  51.1 1401s
 593054 287482    1.00028   97   57    1.00040    0.99928  0.11%  51.1 1405s
 595378 288945    0.99971   84   73    1.00040    0.99928  0.11%  51.0 1410s
 597882 290486    1.00028   87   52    1.00040    0.99928  0.11%  51.0 1415s
 600243 292690    0.99967   81   80    1.00040    0.99928  0.11%  51.0 1421s
 603043 294269    1.00014   99   43    1.00040    0.99928  0.11%  50.9 1426s
 605594 294593    0.99994   86   66    1.00040    0.99928  0.11%  50.9 1431s
 606013 296448    1.00008   87   61    1.00040    0.99928  0.11%  50.9 1436s
 608631 298121    0.99994   86   54    1.00040    0.99928  0.11%  50.8 1441s
 611407 299785    1.00033   94   46    1.00040    0.99928  0.11%  50.8 1447s
 614204 301604    0.99988   76   70    1.00040    0.99928  0.11%  50.7 1452s
 616506 303206    0.99962   84   62    1.00040    0.99928  0.11%  50.7 1457s
 619189 305083    1.00036  111   44    1.00040    0.99928  0.11%  50.6 1462s
 621384 306925    0.99960   77   80    1.00040    0.99928  0.11%  50.6 1468s
 624376 308561     cutoff   96         1.00040    0.99928  0.11%  50.6 1472s
 626776 310102    0.99977   98   64    1.00040    0.99928  0.11%  50.5 1477s
 629075 311701    0.99952   90   87    1.00040    0.99928  0.11%  50.5 1482s
 631324 313367    0.99985   91   71    1.00040    0.99928  0.11%  50.5 1487s
 633800 314975    0.99964   72   76    1.00040    0.99928  0.11%  50.4 1492s
 636206 316460    0.99983   89   66    1.00040    0.99928  0.11%  50.4 1496s
 638682 318157    0.99986   80   71    1.00040    0.99928  0.11%  50.4 1501s
 640921 319711    1.00009  102   51    1.00040    0.99928  0.11%  50.3 1506s
 643453 321633     cutoff   58         1.00040    0.99928  0.11%  50.3 1512s
 646594 322356    0.99940   66   81    1.00040    0.99928  0.11%  50.2 1517s
 647543 324196    0.99974   94   54    1.00040    0.99928  0.11%  50.2 1522s
 650331 325896    0.99958   82   72    1.00040    0.99928  0.11%  50.2 1527s
 652903 327800    0.99942   70   76    1.00040    0.99928  0.11%  50.1 1532s
 655140 329559    0.99971   88   65    1.00040    0.99928  0.11%  50.1 1537s
 657407 331103    1.00010   98   60    1.00040    0.99928  0.11%  50.1 1542s
 659943 332909    1.00003   85   55    1.00040    0.99928  0.11%  50.1 1547s
 662185 334742    0.99991  103   58    1.00040    0.99928  0.11%  50.1 1552s
 664531 336728    0.99966   75   56    1.00040    0.99928  0.11%  50.1 1558s
 667373 338413    0.99943   92   72    1.00040    0.99928  0.11%  50.0 1563s
 669809 340030    0.99973   98   65    1.00040    0.99928  0.11%  50.0 1568s
 672154 341617    1.00033  104   46    1.00040    0.99928  0.11%  50.0 1573s
 674717 343228    1.00021  109   40    1.00040    0.99928  0.11%  49.9 1578s
 677178 344846    0.99978   83   66    1.00040    0.99928  0.11%  49.9 1583s
 679511 346464    1.00033  108   36    1.00040    0.99928  0.11%  49.9 1587s
 681963 348098    0.99977   90   60    1.00040    0.99929  0.11%  49.8 1592s
 684378 349783    0.99953   72   76    1.00040    0.99929  0.11%  49.8 1597s
 686856 351807    1.00009   93   54    1.00040    0.99929  0.11%  49.8 1603s
 689514 353444    1.00038  106   60    1.00040    0.99929  0.11%  49.8 1608s
 692306 355011    0.99945   72   80    1.00040    0.99929  0.11%  49.7 1613s
 694915 356509    0.99968   82   81    1.00040    0.99929  0.11%  49.7 1618s
 697377 357993    1.00024   95   56    1.00040    0.99929  0.11%  49.6 1622s
 699638 359872    0.99944   94   73    1.00040    0.99929  0.11%  49.6 1627s
 701887 361403    1.00027   97   43    1.00040    0.99929  0.11%  49.6 1632s
 704202 363120    0.99940   76   76    1.00040    0.99929  0.11%  49.5 1637s
 706732 364667    0.99964   84   65    1.00040    0.99929  0.11%  49.5 1642s
 709069 366587    1.00001   97   45    1.00040    0.99929  0.11%  49.5 1647s
 711654 368271    0.99936   69   70    1.00040    0.99929  0.11%  49.5 1653s
 714507 369177     cutoff  102         1.00040    0.99929  0.11%  49.4 1658s
 716062 370870    0.99945   78   76    1.00040    0.99929  0.11%  49.4 1663s
 718585 372620    1.00021   98   47    1.00040    0.99929  0.11%  49.4 1668s
 721170 374451    0.99979   98   64    1.00040    0.99929  0.11%  49.4 1673s
 723755 375919    0.99999  101   54    1.00040    0.99929  0.11%  49.3 1678s
 726289 377399    1.00039   81   55    1.00040    0.99929  0.11%  49.3 1683s
 728914 378991    0.99999   81   51    1.00040    0.99929  0.11%  49.2 1688s
 731505 380745     cutoff  110         1.00040    0.99929  0.11%  49.2 1694s
 734447 382436    0.99961   72   76    1.00040    0.99929  0.11%  49.2 1699s
 736590 384145    0.99997  108   60    1.00040    0.99929  0.11%  49.2 1704s
 738863 385898     cutoff   84         1.00040    0.99929  0.11%  49.2 1708s
 741238 387586    0.99995   97   71    1.00040    0.99929  0.11%  49.1 1714s
 743793 388975    0.99973   80   71    1.00040    0.99929  0.11%  49.1 1718s
 746353 390630    1.00034   92   47    1.00040    0.99929  0.11%  49.1 1723s
 748512 392243    0.99998   76   55    1.00040    0.99929  0.11%  49.1 1727s
 750655 393754    1.00000  104   56    1.00040    0.99929  0.11%  49.1 1732s
 753019 395734    0.99952   79   76    1.00040    0.99929  0.11%  49.0 1738s
 755884 397506    1.00006  109   44    1.00040    0.99929  0.11%  49.0 1743s
 758169 399217    1.00014   89   43    1.00040    0.99929  0.11%  49.0 1747s
 760310 400929     cutoff  101         1.00040    0.99929  0.11%  49.0 1752s
 762974 402541    0.99954   96   78    1.00040    0.99929  0.11%  49.0 1757s
 765302 404056    0.99938   82   80    1.00040    0.99929  0.11%  48.9 1762s
 767839 405095    0.99992   80   66    1.00040    0.99929  0.11%  48.9 1767s
 769359 406792    1.00034  101   51    1.00040    0.99929  0.11%  48.9 1772s
 771955 408411    0.99977   79   63    1.00040    0.99929  0.11%  48.9 1777s
 774624 410070    0.99987   84   62    1.00040    0.99929  0.11%  48.9 1783s
 777503 411509    0.99978   93   59    1.00040    0.99929  0.11%  48.8 1788s
 779935 413171    0.99960   85   66    1.00040    0.99929  0.11%  48.8 1793s
 782141 414674    1.00005  101   46    1.00040    0.99929  0.11%  48.8 1798s
 784664 415295    1.00005   97   62    1.00040    0.99929  0.11%  48.7 1800s

Cutting planes:
  Gomory: 261
  Cover: 9
  Implied bound: 8
  MIR: 96
  StrongCG: 11
  Flow cover: 402
  Inf proof: 9
  Zero half: 54
  RLT: 161
  Relax-and-lift: 21
  BQP: 11

Explored 785680 nodes (38310389 simplex iterations) in 1800.03 seconds (2501.04 work units)
Thread count was 16 (of 16 available processors)

Solution count 10: 1.0004 1.0004 1.0004 ... 1.00049

Time limit reached
Warning: max constraint violation (8.3542e-04) exceeds tolerance
Warning: max general constraint violation (8.3542e-04) exceeds tolerance
Best objective 1.000401905237e+00, best bound 9.992945520614e-01, gap 0.1107%
