
Gurobi 9.5.0 (linux64) logging started Tue 15 Nov 2022 05:50:19 PM PST

Set parameter LogFile to value "experiments/t_4_theta_0.4/gurobi.1668563418.log"
Set parameter LogToConsole to value 0
Set parameter TimeLimit to value 1800
Set parameter Threads to value 16
Gurobi Optimizer version 9.5.0 build v9.5.0rc5 (linux64)
Thread count: 8 physical cores, 16 logical processors, using up to 16 threads
Optimize a model with 342 rows, 1488 columns and 5363 nonzeros
Model fingerprint: 0x79081fd9
Model has 3475 quadratic objective terms
Model has 300 quadratic constraints
Model has 4 general constraints
Variable types: 95 continuous, 1393 integer (1393 binary)
Coefficient statistics:
  Matrix range     [1e+00, 1e+01]
  QMatrix range    [1e+00, 1e+00]
  QLMatrix range   [1e+00, 1e+00]
  Objective range  [0e+00, 0e+00]
  QObjective range [3e-05, 2e+01]
  Bounds range     [1e+00, 8e+02]
  RHS range        [1e+00, 1e+02]
Presolve added 56 rows and 1414 columns
Presolve time: 0.03s
Presolved: 5174 rows, 5340 columns, 39068 nonzeros
Variable types: 1628 continuous, 3712 integer (3527 binary)

Root relaxation: objective -9.947598e-14, 6499 iterations, 0.29 seconds (0.29 work units)

    Nodes    |    Current Node    |     Objective Bounds      |     Work
 Expl Unexpl |  Obj  Depth IntInf | Incumbent    BestBd   Gap | It/Node Time

     0     0   -0.00000    0 3507          -   -0.00000      -     -    0s
     0     0    0.01975    0 3530          -    0.01975      -     -    1s
     0     0    0.07523    0 3184          -    0.07523      -     -    1s
     0     0    0.07524    0 3181          -    0.07524      -     -    1s
     0     0    0.08527    0 2997          -    0.08527      -     -    2s
     0     0    0.08534    0 2995          -    0.08534      -     -    2s
     0     0    0.08808    0 2994          -    0.08808      -     -    2s
     0     0    0.08852    0 2993          -    0.08852      -     -    2s
     0     0    0.08943    0 3017          -    0.08943      -     -    3s
H    0     0                     121.5479098    0.08943   100%     -    3s
     0     0    0.08943    0 2993  121.54791    0.08943   100%     -    3s
H    0     0                      28.8705574    0.08945   100%     -    4s
H    0     0                      28.7571474    0.08945   100%     -    4s
H    0     2                      28.7520729    0.08945   100%     -    4s
     0     2    0.08945    0 2981   28.75207    0.08945   100%     -    4s
     3     6 infeasible    2        28.75207    0.09100   100%   276    5s
H   49    50                      28.7348213    0.16735  99.4%   730    6s
H   89    98                      28.5428401    0.16735  99.4%   616   10s
H   89    98                       8.9143914    0.16735  98.1%   616   10s
H   90    98                       8.8868007    0.16735  98.1%   612   10s
H   94    98                       8.8602387    0.16735  98.1%   611   10s
H   96    98                       8.3658698    0.16735  98.0%   608   10s
H  103    98                       2.4642312    0.16735  93.2%   597   10s
H  108   113                       2.3605065    0.16735  92.9%   613   10s
H  397   392                       1.8650897    0.16735  91.0%   480   15s
H  413   408                       1.6753419    0.16735  90.0%   481   19s
H  414   408                       1.5936049    0.16735  89.5%   483   19s
H  415   408                       1.5119827    0.16735  88.9%   483   19s
   479   498    0.68442   33 1354    1.51198    0.16735  88.9%   462   20s
H 1554  1653                       1.5105884    0.16735  88.9%   201   22s
H 2648  2459                       1.5087345    0.16847  88.8%   137   24s
H 2649  2459                       1.5069929    0.16847  88.8%   137   24s
  2706  2510    0.30982    8 1936    1.50699    0.16847  88.8%   138   25s
H 3208  2831                       1.4637434    0.16847  88.5%   156   34s
  3209  2832    1.16519  151 1737    1.46374    0.16847  88.5%   156   35s
H 3210  2691                       1.4581152    0.16847  88.4%   156   35s
H 3214  2558                       1.4555653    0.16847  88.4%   155   37s
H 3216  2432                       1.4013323    0.16847  88.0%   155   37s
H 3217  2310                       1.4004702    0.16847  88.0%   155   38s
H 3217  2194                       1.3986163    0.16847  88.0%   155   38s
H 3218  2086                       1.3929888    0.16847  87.9%   155   38s
H 3219  1982                       1.3914477    0.16847  87.9%   155   39s
H 3220  1883                       1.3867236    0.16847  87.9%   155   39s
H 3221  1789                       1.3863875    0.16847  87.8%   155   39s
H 3221  1700                       1.3834836    0.16847  87.8%   155   39s
H 3221  1614                       1.3826898    0.16847  87.8%   155   39s
H 3222  1534                       1.3521074    0.16847  87.5%   155   40s
H 3222  1457                       1.3492927    0.16847  87.5%   155   40s
H 3224  1385                       1.3476601    0.16847  87.5%   155   41s
H 3224  1316                       1.2957703    0.16847  87.0%   155   41s
H 3225  1251                       1.2703449    0.16847  86.7%   155   41s
H 3226  1188                       1.2619941    0.16847  86.7%   155   41s
H 3228  1130                       1.2508669    0.16847  86.5%   155   42s
H 3229  1073                       1.2507145    0.16847  86.5%   155   42s
H 3229  1019                       1.2505622    0.16847  86.5%   155   42s
H 3230   969                       1.2474915    0.18127  85.5%   155   43s
H 3231   921                       1.2468270    0.18160  85.4%   155   43s
H 3231   874                       1.2439470    0.18160  85.4%   155   43s
H 3232   830                       1.2406594    0.18685  84.9%   154   44s
  3234   832    0.31687   11 2836    1.24066    0.19181  84.5%   154   45s
H 3236   793                       1.2376271    0.19181  84.5%   164   47s
  3243   805    0.26248   12 2148    1.23763    0.24341  80.3%   170   50s
H 3315   821                       1.2363037    0.30392  75.4%   198   56s
H 3316   782                       1.2338423    0.30392  75.4%   199   56s
H 3317   746                       1.2336899    0.30392  75.4%   199   56s
H 3323   710                       1.2317057    0.30392  75.3%   200   56s
H 3324   677                       1.2281539    0.30392  75.3%   200   56s
H 3331   659                       1.2032871    0.30392  74.7%   201   61s
  3414   727    0.39438   19 2002    1.20329    0.30392  74.7%   218   65s
  3595   859    0.45921   22 1819    1.20329    0.30392  74.7%   250   70s
  3887  1003    0.48334   26 1960    1.20329    0.30392  74.7%   267   75s
  4143  1105    0.57237   29 1523    1.20329    0.30392  74.7%   294   80s
H 4390  1266                       1.2014988    0.30392  74.7%   314   84s
H 4437  1223                       1.1924148    0.30392  74.5%   315   84s
  4493  1280    0.72318   38 1716    1.19241    0.30392  74.5%   315   85s
H 4782  1280                       1.1785388    0.30392  74.2%   327   98s
H 4794  1280                       1.1778813    0.30392  74.2%   329   98s
H 4802  1255                       1.1628282    0.30392  73.9%   330   98s
  4859  1370    0.79903   48 1526    1.16283    0.30392  73.9%   337  101s
  5094  1608    1.02700   61 1454    1.16283    0.30392  73.9%   353  105s
  5496  1961    0.39294   17 2231    1.16283    0.31824  72.6%   363  111s
  5725  2155    0.46163   21 1686    1.16283    0.31824  72.6%   375  115s
  6096  2435    0.96866   37 1875    1.16283    0.31824  72.6%   386  122s
  6394  2687    0.35241   17 2020    1.16283    0.33520  71.2%   393  127s
  6603  2746    0.42797   21 1978    1.16283    0.33520  71.2%   395  130s
  6785  2868    0.53268   28 1679    1.16283    0.33520  71.2%   409  139s
H 6794  2854                       1.1551761    0.33520  71.0%   410  139s
  6831  2963    0.56314   29 1628    1.15518    0.33520  71.0%   412  142s
  6965  3093    0.89833   44 1570    1.15518    0.33520  71.0%   417  145s
  7258  3267    0.43502   19 1784    1.15518    0.34264  70.3%   429  152s
  7375  3395    0.56039   22 1708    1.15518    0.34264  70.3%   436  155s
  7718  3643    0.93880   41 1489    1.15518    0.34264  70.3%   445  163s
  7901  3774 infeasible   57         1.15518    0.36419  68.5%   450  167s
  8054  3913    0.48731   18 1999    1.15518    0.36419  68.5%   456  171s
  8257  4030    0.55847   21 1667    1.15518    0.36419  68.5%   458  176s
  8405  4196    0.71269   31 1474    1.15518    0.36419  68.5%   464  180s
  8646  4306    1.14697   47 1240    1.15518    0.36948  68.0%   465  185s
  8803  4361    0.56116   26 2136    1.15518    0.36948  68.0%   470  192s
H 8822  4354                       1.1535662    0.36948  68.0%   470  192s
  8884  4513    0.70115   29 1873    1.15357    0.36948  68.0%   472  197s
  9087  4671    0.95969   39 1622    1.15357    0.36948  68.0%   476  203s
  9297  4817    1.15205   53 1412    1.15357    0.38294  66.8%   480  208s
  9538  4918    0.69904   20 2121    1.15357    0.38607  66.5%   483  214s
  9688  5060    0.85484   23 1993    1.15357    0.38607  66.5%   491  224s
  9854  5240    0.81008   24 2169    1.15357    0.38607  66.5%   501  230s
H 9932  5240                       1.1534621    0.38607  66.5%   503  230s
H 9939  5240                       1.1534138    0.38607  66.5%   504  230s
H 9948  5227                       1.1504238    0.38607  66.4%   504  230s
 10068  5397    1.13964   33 1361    1.15042    0.38740  66.3%   506  237s
 10352  5534    0.57857   26 1893    1.15042    0.38770  66.3%   510  244s
 10510  5725    0.72467   32 2002    1.15042    0.38770  66.3%   517  251s
 10737  5907    1.06085   43 1598    1.15042    0.39497  65.7%   522  258s
 11018  6070    0.57284   23 2266    1.15042    0.40033  65.2%   527  266s
H11127  6070                       1.1501372    0.40033  65.2%   529  266s
 11208  6364    0.77798   28 2093    1.15014    0.40033  65.2%   531  274s
 11557  6566    1.10703   40 1667    1.15014    0.40100  65.1%   532  282s
 11877  6775    0.46861   20 1745    1.15014    0.40276  65.0%   536  290s
 12159  6971    0.52234   23 1488    1.15014    0.40276  65.0%   541  300s
 12377  7263    0.54893   27 1700    1.15014    0.40276  65.0%   550  308s
 12720  7581    0.73893   32 1795    1.15014    0.40276  65.0%   554  318s
 13127  7826    0.91978   39 1688    1.15014    0.40276  65.0%   556  328s
 13485  8104    0.92688   40 1605    1.15014    0.40276  65.0%   558  339s
H13514  8104                       1.1500716    0.40276  65.0%   558  339s
 13823  8382    1.10286   52 1339    1.15007    0.40294  65.0%   560  350s
 14207  8398    0.50428   24 1676    1.15007    0.40294  65.0%   563  446s
H14208  8398                       1.1500716    0.40294  65.0%   563  446s
H14211  8398                       1.1500716    0.40294  65.0%   563  446s
H14212  8382                       1.1487147    0.40294  64.9%   563  446s
 14223  8722    0.52044   25 1649    1.14871    0.40674  64.6%   563  457s
 14689  9020    0.47128   22 1879    1.14871    0.41009  64.3%   564  469s
 15097  9309     cutoff   55         1.14871    0.41009  64.3%   567  481s
 15452  9605    0.94163   33 1960    1.14871    0.41143  64.2%   575  494s
 15863  9996    0.55847   27 1751    1.14871    0.41285  64.1%   581  507s
 16332 10396    0.95650   43 1689    1.14871    0.41395  64.0%   585  520s
 16809 10724    0.52495   23 1955    1.14871    0.41395  64.0%   590  534s
 17229 11097    1.01839   41 1362    1.14871    0.41636  63.8%   597  549s
 17714 11122    0.63057   27 1936    1.14871    0.41636  63.8%   602  569s
H17715 10968                       1.1350102    0.41636  63.3%   602  569s
 17741 11368    0.63170   28 2036    1.13501    0.41636  63.3%   603  584s
 18190 11888    0.89352   38 1744    1.13501    0.41636  63.3%   611  599s
 18749 12367    1.00699   51 1413    1.13501    0.41815  63.2%   618  616s
 19407 12792    0.49779   24 1672    1.13501    0.41963  63.0%   619  635s
 20013 13196    0.77111   38 1664    1.13501    0.42203  62.8%   620  653s
 20615 13626    0.77894   35 1887    1.13501    0.42268  62.8%   622  677s
 21322 14059    0.45391   17 1861    1.13501    0.42535  62.5%   627  703s
 21993 14642    0.80491   28 2024    1.13501    0.42627  62.4%   634  731s
 22864 15200    0.48451   20 2017    1.13501    0.42793  62.3%   637  758s
 23649 15768    0.70530   25 1990    1.13501    0.42936  62.2%   642  787s
 24499 16383    1.09197   46 1704    1.13501    0.43085  62.0%   646  817s
 25419 16947    0.47735   21 1801    1.13501    0.43325  61.8%   649  849s
 26295 17578     cutoff   42         1.13501    0.43490  61.7%   653  881s
 27274 18250    0.98149   37 1852    1.13501    0.43704  61.5%   657  915s
 28117 19198    0.76340   33 1921    1.13501    0.43820  61.4%   665  950s
 29250 19817    0.65220   26 1867    1.13501    0.43822  61.4%   671  988s
 30241 20505     cutoff   39         1.13501    0.43936  61.3%   676 1027s
 31276 20938    0.66894   27 1985    1.13501    0.44128  61.1%   681 1067s
H31278 20911                       1.1334303    0.44128  61.1%   681 1067s
H31286 20898                       1.1329336    0.44128  61.0%   681 1067s
H31287 20895                       1.1327176    0.44128  61.0%   681 1067s
H31373 20895                       1.1327176    0.44182  61.0%   681 1067s
H31430 20895                       1.1327176    0.44187  61.0%   682 1067s
H31473 20895                       1.1327174    0.44196  61.0%   682 1067s
 31946 21642    0.86159   34 1717    1.13272    0.44305  60.9%   684 1108s
 33090 22234    1.11728   41 1841    1.13272    0.44460  60.7%   689 1152s
 34148 23085    0.67809   24 1966    1.13272    0.44602  60.6%   696 1197s
 35398 24097    0.66010   28 2073    1.13272    0.44699  60.5%   702 1248s
 36681 24912    0.54680   23 1793    1.13272    0.44844  60.4%   709 1299s
 37943 25502    1.09014   43 2066    1.13272    0.44932  60.3%   713 1353s
 39286 26651    0.50547   23 1430    1.13272    0.45081  60.2%   719 1409s
 40677 27820    0.58698   28 1972    1.13272    0.45192  60.1%   727 1466s
H42359 27820                       1.1327174    0.45355  60.0%   728 1609s
 42360 27821    0.84346   38 1734    1.13272    0.45355  60.0%   728 1613s
 42364 27824    0.94471   66 2877    1.13272    0.45355  60.0%   728 1615s
 42368 27826    1.01045   39 3033    1.13272    0.45355  60.0%   728 1621s
 42371 27828    0.69734   37 2994    1.13272    0.45355  60.0%   728 1625s
 42374 27830    0.84806   30 3034    1.13272    0.45355  60.0%   728 1631s
 42376 27832    1.04284   52 2959    1.13272    0.45355  60.0%   728 1636s
 42379 27834    1.01046   43 2946    1.13272    0.45355  60.0%   728 1640s
 42382 27836    1.01832   48 2948    1.13272    0.45355  60.0%   728 1647s
 42384 27837    0.96697   52 2925    1.13272    0.45355  60.0%   728 1652s
 42386 27838    0.61620   24 2939    1.13272    0.45355  60.0%   728 1657s
 42388 27840    0.94619   38 2915    1.13272    0.45355  60.0%   728 1660s
 42391 27842    0.58574   36 3005    1.13272    0.45355  60.0%   728 1666s
 42393 27843    0.96539   47 2888    1.13272    0.45355  60.0%   728 1671s
 42394 27844    1.10712   48 2906    1.13272    0.45355  60.0%   728 1675s
 42397 27846    0.76245   35 2825    1.13272    0.45355  60.0%   728 1681s
 42399 27847    0.93859   36 2813    1.13272    0.45355  60.0%   728 1686s
 42401 27848    0.95754   44 2792    1.13272    0.45355  60.0%   728 1690s
 42404 27850    0.52062   27 2824    1.13272    0.45355  60.0%   728 1695s
 42407 27852    0.79827   35 2763    1.13272    0.45355  60.0%   727 1700s
 42410 27854    0.96310   41 2794    1.13272    0.45355  60.0%   727 1706s
 42413 27856    0.95735   41 2934    1.13272    0.45355  60.0%   727 1713s
 42414 27857    0.68242   32 2936    1.13272    0.45355  60.0%   727 1715s
 42416 27858    0.49331   23 3013    1.13272    0.45355  60.0%   727 1720s
 42419 27860    0.58279   27 2970    1.13272    0.45355  60.0%   727 1726s
 42421 27862    1.04047   65 2940    1.13272    0.45355  60.0%   727 1732s
 42423 27863    0.77160   40 2984    1.13272    0.46103  59.3%   727 1738s
 42424 27864    0.61706   28 2975    1.13272    0.46156  59.3%   727 1741s
 42426 27865    0.92053   38 2978    1.13272    0.47406  58.1%   727 1746s
 42427 27866    0.60428   27 2947    1.13272    0.47519  58.0%   727 1750s
 42429 27867    1.10726   59 2762    1.13272    0.48770  56.9%   727 1755s
 42432 27869    1.09880   45 2755    1.13272    0.50011  55.8%   727 1761s
 42435 27871    0.63171   31 2971    1.13272    0.50091  55.8%   727 1766s
 42437 27872    0.91470   41 2974    1.13272    0.50159  55.7%   727 1770s
 42440 27874    0.60386   29 2976    1.13272    0.50236  55.7%   727 1775s
 42442 27876    1.09918   41 2999    1.13272    0.50347  55.6%   727 1780s
 42444 27877    0.77925   30 3006    1.13272    0.50364  55.5%   727 1786s
 42446 27878    0.52062   27 3031    1.13272    0.50404  55.5%   727 1791s
 42448 27880    1.03005   45 2977    1.13272    0.50470  55.4%   727 1798s

Cutting planes:
  Gomory: 637
  Implied bound: 35
  MIR: 32
  StrongCG: 12
  Flow cover: 160
  Inf proof: 16
  Zero half: 10
  RLT: 18

Explored 42448 nodes (31211861 simplex iterations) in 1800.04 seconds (2992.99 work units)
Thread count was 16 (of 16 available processors)

Solution count 10: 1.13272 1.13272 1.13272 ... 1.15007

Time limit reached
Warning: max constraint violation (8.3635e-04) exceeds tolerance
Warning: max general constraint violation (8.3635e-04) exceeds tolerance
Best objective 1.132717531685e+00, best bound 5.047013117492e-01, gap 55.4433%
