
Gurobi 9.5.0 (linux64) logging started Tue 15 Nov 2022 02:08:11 PM PST

Set parameter LogFile to value "experiments/t_3_theta_0.999/gurobi.1668550090.log"
Set parameter LogToConsole to value 0
Set parameter TimeLimit to value 1800
Set parameter Threads to value 16
Gurobi Optimizer version 9.5.0 build v9.5.0rc5 (linux64)
Thread count: 8 physical cores, 16 logical processors, using up to 16 threads
Optimize a model with 341 rows, 1458 columns and 5334 nonzeros
Model fingerprint: 0x572ac3b6
Model has 3450 quadratic objective terms
Model has 225 quadratic constraints
Model has 3 general constraints
Variable types: 90 continuous, 1368 integer (1368 binary)
Coefficient statistics:
  Matrix range     [1e+00, 1e+01]
  QMatrix range    [1e+00, 1e+00]
  QLMatrix range   [1e+00, 1e+00]
  Objective range  [0e+00, 0e+00]
  QObjective range [8e-07, 5e+01]
  Bounds range     [1e+00, 8e+02]
  RHS range        [1e+00, 1e+02]
Presolve added 35 rows and 1307 columns
Presolve time: 0.04s
Presolved: 4999 rows, 5114 columns, 37576 nonzeros
Variable types: 1473 continuous, 3641 integer (3486 binary)

Root relaxation: objective 1.193712e-12, 5412 iterations, 0.25 seconds (0.30 work units)

    Nodes    |    Current Node    |     Objective Bounds      |     Work
 Expl Unexpl |  Obj  Depth IntInf | Incumbent    BestBd   Gap | It/Node Time

     0     0    0.00000    0 3487          -    0.00000      -     -    0s
H    0     0                     168.3697561    0.00000   100%     -    0s
H    0     0                     134.9031411    0.00000   100%     -    0s
     0     0    0.04843    0 3464  134.90314    0.04843   100%     -    1s
     0     0    0.11890    0 3039  134.90314    0.11890   100%     -    1s
     0     0    0.11894    0 3040  134.90314    0.11894   100%     -    1s
     0     0    0.13845    0 2986  134.90314    0.13845   100%     -    1s
     0     0    0.13858    0 2977  134.90314    0.13858   100%     -    1s
     0     0    0.14496    0 2944  134.90314    0.14496   100%     -    2s
     0     0    0.14518    0 2969  134.90314    0.14518   100%     -    2s
     0     0    0.14673    0 2969  134.90314    0.14673   100%     -    2s
     0     0    0.14673    0 2960  134.90314    0.14673   100%     -    2s
H    0     0                      37.1404014    0.14681   100%     -    2s
H    0     2                      36.4611901    0.14681   100%     -    3s
     0     2    0.14681    0 2960   36.46119    0.14681   100%     -    3s
H   31    48                      36.0475536    0.17143   100%   434    3s
H   34    48                      35.7957780    0.17143   100%   526    3s
H   35    48                      20.1201900    0.17143  99.1%   513    3s
H   37    48                       3.8273920    0.17143  95.5%   490    3s
H   39    48                       3.8132930    0.17143  95.5%   470    3s
H   44    48                       3.7160302    0.17143  95.4%   494    3s
H   46    48                       3.4114663    0.17143  95.0%   569    3s
    63    78    0.38473    6 2826    3.41147    0.17159  95.0%   673    6s
H   79    90                       3.1736751    0.17159  94.6%   724    8s
H   79    90                       3.0149329    0.17159  94.3%   724    8s
H   87    90                       2.3916488    0.17159  92.8%   786    8s
H  140   140                       1.8977245    0.17208  90.9%   791   12s
H  141   140                       1.8629004    0.17208  90.8%   786   12s
H  142   140                       1.6049483    0.17208  89.3%   781   12s
H  149   140                       1.5784888    0.17208  89.1%   780   12s
   550   543    1.01669   32 1394    1.57849    0.17208  89.1%   439   15s
H 1047   931                       1.5312560    0.17208  88.8%   337   18s
H 1048   931                       1.3508417    0.17208  87.3%   337   18s
H 1087   931                       1.3272418    0.17208  87.0%   330   18s
  1551  1281    1.26275  100  330    1.32724    0.17208  87.0%   280   20s
H 2178  1990                       1.3238708    0.17208  87.0%   237   22s
H 2206  1987                       1.3187819    0.17208  87.0%   234   22s
H 2300  1900                       1.2962699    0.17208  86.7%   226   22s
H 2330  1897                       1.2942187    0.17208  86.7%   224   22s
H 2343  1882                       1.2890620    0.17208  86.7%   224   22s
H 2411   978                       1.0932791    0.17208  84.3%   220   26s
H 2413   876                       1.0931704    0.17208  84.3%   220   28s
H 2413   833                       1.0834974    0.17208  84.1%   220   28s
H 2416   793                       1.0834936    0.17734  83.6%   220   29s
  2420   795    0.98077   39 2794    1.08349    0.19878  81.7%   219   30s
H 2421   756                       1.0819304    0.22330  79.4%   219   30s
H 2423   719                       1.0816958    0.23389  78.4%   219   31s
H 2424   683                       1.0816693    0.23389  78.4%   219   32s
H 2425   650                       1.0802850    0.24075  77.7%   219   32s
H 2427   618                       1.0749664    0.24290  77.4%   219   33s
H 2428   588                       1.0749426    0.24343  77.4%   219   33s
H 2430   559                       1.0730226    0.24358  77.3%   218   33s
H 2433   533                       1.0710122    0.24525  77.1%   218   34s
H 2433   506                       1.0486477    0.24525  76.6%   218   34s
  2434   507    0.54826   11 2780    1.04865    0.24572  76.6%   218   35s
H 2434   481                       1.0485799    0.24572  76.6%   218   35s
H 2434   457                       1.0485535    0.24572  76.6%   218   35s
H 2434   433                       1.0484444    0.24682  76.5%   218   35s
H 2435   411                       1.0484029    0.24705  76.4%   218   35s
H 2436   391                       1.0483468    0.24705  76.4%   218   36s
H 2436   371                       1.0481838    0.24705  76.4%   218   36s
H 2438   353                       1.0480012    0.24942  76.2%   218   36s
H 2438   335                       1.0479926    0.24963  76.2%   218   36s
H 2440   320                       1.0479748    0.25490  75.7%   218   37s
H 2441   303                       1.0478980    0.26255  74.9%   217   37s
H 2441   288                       1.0478827    0.34676  66.9%   217   37s
H 2444   274                       1.0477610    0.34678  66.9%   217   39s
  2446   279    0.49928   15 2643    1.04776    0.34678  66.9%   231   40s
H 2476   293                       1.0449781    0.55269  47.1%   246   44s
H 2479   278                       1.0423934    0.55293  47.0%   248   44s
H 2484   264                       1.0375942    0.56432  45.6%   250   44s
  2492   277    0.89117   20 1998    1.03759    0.56432  45.6%   254   45s
H 2524   274                       1.0279299    0.58840  42.8%   261   47s
H 2525   262                       1.0225769    0.58840  42.5%   261   47s
  2646   268     cutoff   24         1.02258    0.58871  42.4%   277   50s
  2751   286    0.96478   26 1105    1.02258    0.58871  42.4%   293   55s
H 2752   274                       1.0224180    0.58871  42.4%   293   55s
H 2755   263                       1.0115897    0.58871  41.8%   293   55s
  3011   324    0.82648   21 1973    1.01159    0.59802  40.9%   319   60s
  3187   441     cutoff   27         1.01159    0.61496  39.2%   347   65s
  3503   588    0.97934   24 1811    1.01159    0.61496  39.2%   360   70s
H 3519   588                       1.0115825    0.61496  39.2%   361   70s
  3852   733    0.99801   44  624    1.01158    0.75074  25.8%   373   76s
  4128   803    0.94410   24 1635    1.01158    0.77439  23.4%   391   80s
  4420  1011    0.90776   26 1524    1.01158    0.78455  22.4%   410   85s
H 4608  1082                       1.0112469    0.78455  22.4%   410   86s
H 4609  1067                       1.0082344    0.78455  22.2%   410   86s
  4921  1163     cutoff   23         1.00823    0.81526  19.1%   405   96s
H 4924  1162                       1.0078988    0.81526  19.1%   405   96s
H 5039  1220                       1.0078967    0.81526  19.1%   408   98s
H 5073  1220                       1.0078896    0.81526  19.1%   409   98s
  5120  1239     cutoff   23         1.00789    0.84458  16.2%   409  100s
  5334  1311    0.98088   30 1632    1.00789    0.85887  14.8%   424  105s
  5697  1396     cutoff   34         1.00789    0.86834  13.8%   430  110s
  6043  1544    0.93299   24 1132    1.00789    0.87482  13.2%   439  115s
  6377  1621    0.99822   30 1087    1.00789    0.88168  12.5%   447  120s
  6809  1772    0.98656   26 1772    1.00789    0.89681  11.0%   451  126s
  7221  1926    1.00641   33 1279    1.00789    0.89887  10.8%   454  132s
  7505  1996    0.96156   26 1579    1.00789    0.90362  10.3%   453  135s
H 7904  2030                       1.0078896    0.90914  9.80%   453  138s
H 7937  1915                       1.0018026    0.90914  9.25%   453  138s
  8129  1956    0.96822   28 1116    1.00180    0.90914  9.25%   449  141s
  8676  2058     cutoff   26         1.00180    0.91355  8.81%   454  148s
  8955  2049     cutoff   28         1.00180    0.91548  8.62%   456  160s
H 8956  2049                       1.0017865    0.91548  8.62%   456  160s
H 8957  2049                       1.0017807    0.91548  8.61%   456  160s
H 8960  2049                       1.0017622    0.91548  8.61%   456  160s
H 8989  2023                       1.0009321    0.91548  8.54%   458  160s
  9320  2164    0.99819   34  973    1.00093    0.91798  8.29%   459  167s
H 9355  2162                       1.0008319    0.91806  8.27%   459  167s
H 9397  2160                       1.0008007    0.91808  8.27%   460  167s
H 9594  2159                       1.0007767    0.91808  8.26%   460  167s
  9630  2220    0.98578   32 1303    1.00078    0.91921  8.15%   461  171s
 10557  2517    0.99971   44  520    1.00078    0.92524  7.55%   454  178s
 11149  2721     cutoff   25         1.00078    0.93006  7.07%   446  182s
H11152  2721                       1.0007735    0.93006  7.07%   447  182s
H11310  2721                       1.0007704    0.93066  7.01%   445  182s
H11445  2721                       1.0007685    0.93091  6.98%   442  182s
 11698  2918    0.99194   34 1194    1.00077    0.93205  6.87%   440  186s
 12308  3123    0.96960   36  687    1.00077    0.93561  6.51%   435  190s
H13285  3334                       1.0007653    0.93848  6.22%   425  194s
 13704  3499    0.98120   28 1077    1.00077    0.94015  6.06%   420  198s
 14381  3719    0.97021   32 1066    1.00077    0.94257  5.81%   415  203s
H15138  3726                       1.0007620    0.94532  5.54%   408  218s
H15139  3726                       1.0007588    0.94532  5.54%   408  218s
H15140  3726                       1.0007556    0.94532  5.54%   408  218s
H15147  3726                       1.0007523    0.94532  5.54%   409  218s
 15161  4012    0.96425   42  783    1.00075    0.94533  5.54%   409  222s
 16110  4186     cutoff   36         1.00075    0.94758  5.31%   399  226s
 17000  4374    0.99803   31 1126    1.00075    0.94879  5.19%   392  231s
 17743  4557     cutoff   41         1.00075    0.95019  5.05%   389  236s
 18498  4735     cutoff   41         1.00075    0.95158  4.91%   386  240s
 19410  4917    0.99382   36  867    1.00075    0.95291  4.78%   381  246s
 20432  5212    0.97330   40 1040    1.00075    0.95429  4.64%   375  252s
 21751  5462     cutoff   40         1.00075    0.95578  4.49%   368  256s
 22637  5604    1.00002   47 1056    1.00075    0.95668  4.40%   363  260s
 24248  5945     cutoff   38         1.00075    0.95850  4.22%   356  268s
 25052  6131    0.99356   34  985    1.00075    0.95947  4.13%   354  273s
 26109  6305    0.99926   39  651    1.00075    0.96046  4.03%   349  277s
 27145  6568 infeasible   56         1.00075    0.96129  3.94%   344  282s
 28266  6708     cutoff   47         1.00075    0.96235  3.84%   340  287s
 29370  6776     cutoff   38         1.00075    0.96293  3.78%   336  295s
H29435  6772                       1.0007358    0.96308  3.76%   336  295s
 29847  6888     cutoff   46         1.00074    0.96362  3.71%   335  301s
 30850  7018     cutoff   49         1.00074    0.96416  3.65%   333  307s
H30852  7018                       1.0007301    0.96416  3.65%   333  307s
 32038  7140    0.97960   32 1001    1.00073    0.96514  3.56%   330  314s
 33214  7323    0.99503   39  671    1.00073    0.96601  3.47%   327  320s
H33357  7320                       1.0007163    0.96602  3.47%   327  320s
 34602  7494    0.97455   44  646    1.00072    0.96705  3.36%   323  327s
 36034  7705     cutoff   47         1.00072    0.96820  3.25%   319  333s
 37577  7839    0.98797   41 1002    1.00072    0.96892  3.18%   315  341s
 39085  8016     cutoff   43         1.00072    0.96981  3.09%   312  348s
 40705  8126    0.99161   46  886    1.00072    0.97063  3.01%   309  355s
 42259  8285    0.99128   47  653    1.00072    0.97163  2.91%   306  366s
 44654  8419    0.99779   38  716    1.00072    0.97269  2.80%   303  373s
 46392  8442    0.99626   38  750    1.00072    0.97340  2.73%   299  380s
 47903  8451     cutoff   36         1.00072    0.97419  2.65%   298  387s
 49449  8442    0.98036   37 1055    1.00072    0.97500  2.57%   296  394s
 51133  8481     cutoff   42         1.00072    0.97577  2.49%   294  401s
 52841  8483     cutoff   54         1.00072    0.97640  2.43%   291  408s
 54660  8444     cutoff   49         1.00072    0.97719  2.35%   288  415s
 56405  8373    0.99328   38 1002    1.00072    0.97790  2.28%   286  422s
 58123  8324    0.99466   43  696    1.00072    0.97872  2.20%   284  429s
 59829  8422    0.98972   47  599    1.00072    0.97944  2.13%   282  437s
 61609  8332     cutoff   36         1.00072    0.97999  2.07%   280  443s
 63343  8273     cutoff   40         1.00072    0.98065  2.00%   278  450s
 65301  8159     cutoff   51         1.00072    0.98115  1.96%   275  457s
 67022  8047    0.99541   50  373    1.00072    0.98199  1.87%   273  463s
 68695  7953    0.99741   41  674    1.00072    0.98260  1.81%   271  470s
 70506  7813    1.00034   53  186    1.00072    0.98326  1.74%   269  476s
 72282  7666     cutoff   47         1.00072    0.98401  1.67%   267  483s
 74283  7554     cutoff   41         1.00072    0.98463  1.61%   264  489s
 76317  7340    0.99521   48 1073    1.00072    0.98535  1.54%   261  495s
 78177  7071    1.00016   46  452    1.00072    0.98590  1.48%   259  501s
 80281  6835    1.00064   44  510    1.00072    0.98668  1.40%   256  507s
 82555  6560    0.99400   47  733    1.00072    0.98743  1.33%   252  513s
 84776  6278     cutoff   47         1.00072    0.98813  1.26%   249  518s
 86997  5910    0.99809   54  377    1.00072    0.98879  1.19%   245  523s
 88787  5521     cutoff   47         1.00072    0.98946  1.12%   243  528s
 90945  5220    0.99585   47  330    1.00072    0.99027  1.04%   240  533s
 93164  4740     cutoff   51         1.00072    0.99096  0.97%   236  537s
 95293  4299    0.99950   51  511    1.00072    0.99169  0.90%   233  542s
 97499  3875    0.99696   56  317    1.00072    0.99243  0.83%   230  547s
 99383  3346    0.99673   33 1082    1.00072    0.99341  0.73%   228  551s
 101523  2954    0.99560   54  314    1.00072    0.99432  0.64%   225  555s
 105315  2178     cutoff   48         1.00072    0.99666  0.41%   219  564s
 107543  3573     cutoff   91         1.00072    0.99791  0.28%   216  569s
 110166  7854    0.99940   70   75    1.00072    0.99854  0.22%   212  581s
 118400 10330    0.99997   91   47    1.00072    0.99919  0.15%   200  588s
 120178 11490    1.00061   97   27    1.00072    0.99921  0.15%   197  591s
 122176 12760    1.00047   89   40    1.00072    0.99923  0.15%   195  596s
 124555 13929    1.00067   89   34    1.00072    0.99925  0.15%   192  600s
 127004 15652    0.99941   75   74    1.00072    0.99926  0.15%   189  605s
 129582 17398    0.99961   76   67    1.00072    0.99926  0.15%   186  610s
 131938 23145    1.00027   93   41    1.00072    0.99927  0.14%   183  626s
 141050 24841    0.99956   77   66    1.00072    0.99928  0.14%   174  631s
 143667 26443     cutoff   92         1.00072    0.99929  0.14%   171  636s
 146237 27808     cutoff   84         1.00072    0.99929  0.14%   169  640s
 148795 29236     cutoff   83         1.00072    0.99929  0.14%   166  645s
 151457 30746     cutoff   91         1.00072    0.99930  0.14%   164  650s
 153856 35698    0.99986   81   50    1.00072    0.99930  0.14%   162  722s
 162190 37096    0.99943   71   72    1.00072    0.99931  0.14%   156  727s
 164520 38479    1.00012   79   62    1.00072    0.99932  0.14%   154  731s
 167034 39920    0.99951   78   67    1.00072    0.99932  0.14%   152  736s
 169535 41478    0.99989   77   53    1.00072    0.99932  0.14%   151  741s
 172014 43263    0.99982   79   62    1.00072    0.99933  0.14%   149  746s
 174398 47245    1.00071   93   34    1.00072    0.99933  0.14%   148  759s
 180929 48985    1.00051   89   39    1.00072    0.99933  0.14%   144  764s
 183552 50629    1.00054   92   41    1.00072    0.99934  0.14%   142  770s
 186240 52131    1.00011   75   62    1.00072    0.99934  0.14%   141  775s
 188819 53609    1.00063   86   42    1.00072    0.99934  0.14%   140  780s
 191389 55379    0.99971   75   66    1.00072    0.99935  0.14%   138  785s
 193748 57012    0.99967   74   60    1.00072    0.99935  0.14%   137  790s
 196258 60864    1.00068   94   34    1.00072    0.99935  0.14%   136  802s
 202362 62292    1.00050   92   31    1.00072    0.99936  0.14%   133  808s
 204869 63901    0.99948   75   74    1.00072    0.99936  0.14%   132  813s
 207374 65421    0.99979   85   59    1.00072    0.99936  0.14%   131  818s
 209743 67079    1.00027   77   60    1.00072    0.99936  0.14%   130  823s
 212376 68909    0.99987   79   54    1.00072    0.99936  0.14%   129  828s
H214848 68901                       1.0007140    0.99937  0.13%   128  835s
H214851 68886                       1.0007128    0.99937  0.13%   128  835s
 214870 70487     cutoff   90         1.00071    0.99937  0.13%   128  840s
 217545 74071    0.99949   68   74    1.00071    0.99937  0.13%   127  851s
 223318 75957    1.00024   92   42    1.00071    0.99937  0.13%   125  857s
 225599 77883    0.99978   76   62    1.00071    0.99937  0.13%   124  862s
 228240 79495    1.00037   87   45    1.00071    0.99937  0.13%   123  868s
 230799 81127    1.00030   85   45    1.00071    0.99938  0.13%   122  873s
 233430 82577    1.00071   92   33    1.00071    0.99938  0.13%   121  878s
 235969 84071    1.00000   82   50    1.00071    0.99938  0.13%   120  883s
 238593 87527    1.00065   93   32    1.00071    0.99938  0.13%   119  894s
 244293 88917    1.00003   86   49    1.00071    0.99939  0.13%   117  899s
 246779 90485 infeasible   84         1.00071    0.99939  0.13%   117  905s
 249331 91790    0.99974   73   60    1.00071    0.99939  0.13%   116  910s
 254305 94475    1.00055   93   36    1.00071    0.99939  0.13%   115  919s
 256597 95797    1.00021   77   51    1.00071    0.99939  0.13%   114  924s
 259164 98683    0.99987   74   58    1.00071    0.99940  0.13%   113  934s
 264472 100272    0.99956   73   67    1.00071    0.99940  0.13%   112  939s
 266912 101715    0.99950   79   68    1.00071    0.99940  0.13%   111  944s
 269417 103110    0.99942   68   77    1.00071    0.99940  0.13%   110  949s
 271947 104641    0.99972   67   63    1.00071    0.99941  0.13%   110  954s
 274476 106046    1.00057   89   40    1.00071    0.99941  0.13%   109  959s
 276928 107501     cutoff   93         1.00071    0.99941  0.13%   109  964s
 279415 109111    1.00069   87   28    1.00071    0.99941  0.13%   108  969s
 281811 112026    1.00063   88   38    1.00071    0.99941  0.13%   107  979s
 286976 113760    1.00020   81   52    1.00071    0.99941  0.13%   106  985s
 289516 114932     cutoff   98         1.00071    0.99942  0.13%   106  990s
 294453 117276    1.00065   94   32    1.00071    0.99942  0.13%   105  999s
 296870 118636    1.00012   84   49    1.00071    0.99942  0.13%   104 1004s
 299404 119979    1.00009   84   52    1.00071    0.99942  0.13%   104 1009s
 301800 121722    0.99960   69   69    1.00071    0.99942  0.13%   103 1014s
 304269 124378    0.99963   76   67    1.00071    0.99943  0.13%   103 1023s
 309242 125646     cutoff   96         1.00071    0.99943  0.13%   102 1028s
 311750 127325    0.99973   76   58    1.00071    0.99943  0.13%   101 1033s
 314087 129401    0.99975   75   58    1.00071    0.99943  0.13%   101 1038s
 316358 130568    1.00023   90   70    1.00071    0.99943  0.13%   100 1043s
 318881 131967    1.00066   96   38    1.00071    0.99943  0.13%   100 1048s
 321394 133240     cutoff   91         1.00071    0.99943  0.13%  99.3 1053s
 323867 134656    0.99985   82   54    1.00071    0.99943  0.13%  98.9 1058s
 326260 137592    1.00003   81   59    1.00071    0.99944  0.13%  98.5 1067s
 330822 139005     cutoff   97         1.00071    0.99944  0.13%  97.7 1072s
 333300 140501    0.99971   77   67    1.00071    0.99944  0.13%  97.3 1077s
 335823 142087    1.00034   78   46    1.00071    0.99944  0.13%  96.9 1082s
 338188 143442    1.00040   96   44    1.00071    0.99944  0.13%  96.5 1086s
 340774 144647    1.00004   84   53    1.00071    0.99944  0.13%  96.1 1091s
 343385 146428    0.99969   67   64    1.00071    0.99944  0.13%  95.6 1096s
 345773 147718    0.99959   74   74    1.00071    0.99944  0.13%  95.3 1102s
 348342 150200    0.99990   77   51    1.00071    0.99944  0.13%  94.8 1111s
 353056 151657    0.99989   83   66    1.00071    0.99945  0.13%  94.1 1115s
 355413 153052     cutoff   87         1.00071    0.99945  0.13%  93.8 1120s
 357815 154207    0.99993   83   59    1.00071    0.99945  0.13%  93.4 1125s
 360088 155897    1.00005   80   55    1.00071    0.99945  0.13%  93.1 1130s
 364866 158437    1.00025   88   39    1.00071    0.99945  0.13%  92.4 1139s
 367200 160124    0.99986   77   65    1.00071    0.99945  0.13%  92.1 1144s
 369636 162660    1.00011   82   50    1.00071    0.99945  0.13%  91.7 1153s
 373791 163743    1.00013   85   46    1.00071    0.99945  0.13%  91.2 1158s
 376416 165295    0.99959   74   64    1.00071    0.99946  0.13%  90.8 1163s
 378958 166940    0.99957   81   73    1.00071    0.99946  0.13%  90.5 1168s
 381375 168114    0.99970   79   63    1.00071    0.99946  0.13%  90.2 1173s
 383823 169690    1.00017   83   59    1.00071    0.99946  0.13%  89.9 1178s
 385959 171513    1.00011   84   46    1.00071    0.99946  0.13%  89.6 1183s
 388288 172869    1.00069   83   48    1.00071    0.99946  0.13%  89.3 1189s
 390796 175476    0.99978   71   60    1.00071    0.99946  0.13%  89.0 1197s
 394797 177083    1.00068   94   43    1.00071    0.99946  0.13%  88.6 1203s
 397292 178730    0.99974   74   61    1.00071    0.99946  0.13%  88.3 1208s
 399837 180443    1.00021   93   46    1.00071    0.99946  0.13%  88.0 1213s
 402418 181744    1.00046   83   35    1.00071    0.99946  0.13%  87.7 1218s
 404908 183078    1.00021   88   47    1.00071    0.99946  0.12%  87.4 1223s
 407427 184456    1.00064   93   39    1.00071    0.99946  0.12%  87.1 1228s
 409828 185862     cutoff   90         1.00071    0.99946  0.12%  86.8 1233s
 412265 188549    1.00045   88   44    1.00071    0.99946  0.12%  86.5 1241s
 416313 189892    1.00062   94   28    1.00071    0.99947  0.12%  86.1 1246s
 418772 190178    0.99975   75   61    1.00071    0.99947  0.12%  85.9 1252s
 419348 191966    1.00003   72   71    1.00071    0.99947  0.12%  85.8 1257s
 421938 193311    1.00026   82   48    1.00071    0.99947  0.12%  85.5 1262s
 424613 194686    1.00043   85   44    1.00071    0.99947  0.12%  85.3 1267s
 427042 196002    1.00054   93   41    1.00071    0.99947  0.12%  85.0 1273s
 429769 197463    1.00071  101   33    1.00071    0.99947  0.12%  84.7 1278s
 432294 199236    0.99963   84   71    1.00071    0.99947  0.12%  84.5 1283s
 434731 201486    0.99990   85   48    1.00071    0.99947  0.12%  84.2 1291s
 438811 202654    1.00036   86   53    1.00071    0.99947  0.12%  83.8 1296s
 441177 203893    0.99985   74   58    1.00071    0.99947  0.12%  83.6 1301s
 443673 205029     cutoff   93         1.00071    0.99947  0.12%  83.3 1305s
 446008 206179    0.99976   70   62    1.00071    0.99947  0.12%  83.1 1310s
 448463 207780    1.00026   87   39    1.00071    0.99947  0.12%  82.9 1315s
 450826 208896    1.00045   95   41    1.00071    0.99948  0.12%  82.7 1320s
 453267 210424    1.00025   85   47    1.00071    0.99948  0.12%  82.4 1325s
 455623 212531     cutoff   87         1.00071    0.99948  0.12%  82.2 1333s
 459506 213753    1.00007   81   46    1.00071    0.99948  0.12%  81.9 1338s
 461930 215313     cutoff   77         1.00071    0.99948  0.12%  81.7 1343s
 464310 216842    1.00004   84   56    1.00071    0.99948  0.12%  81.5 1348s
 466629 218349    1.00061   96   35    1.00071    0.99948  0.12%  81.3 1353s
 469120 220219    0.99972   76   62    1.00071    0.99948  0.12%  81.1 1358s
 471596 221956    1.00033   82   56    1.00071    0.99948  0.12%  80.8 1364s
 474125 223058     cutoff   94         1.00071    0.99948  0.12%  80.6 1368s
 476603 225297    1.00048   80   41    1.00071    0.99948  0.12%  80.4 1376s
 480619 226456    1.00056   90   37    1.00071    0.99948  0.12%  80.1 1381s
 483021 227712     cutoff   85         1.00071    0.99948  0.12%  79.9 1386s
 485455 228983    0.99973   72   64    1.00071    0.99948  0.12%  79.7 1391s
 487625 230259    0.99998   82   56    1.00071    0.99948  0.12%  79.5 1395s
 490090 231433    1.00069  101   27    1.00071    0.99948  0.12%  79.3 1400s
 492546 232655    0.99983   77   59    1.00071    0.99948  0.12%  79.1 1405s
 497076 233979    1.00058   90   48    1.00071    0.99949  0.12%  78.7 1410s
 497246 236387    0.99972   77   67    1.00071    0.99949  0.12%  78.7 1418s
 501158 237744    0.99992   76   58    1.00071    0.99949  0.12%  78.4 1422s
 503553 239183    0.99973   76   59    1.00071    0.99949  0.12%  78.2 1427s
 506064 240899    1.00000   75   57    1.00071    0.99949  0.12%  78.0 1432s
 508392 242294    1.00063   95   26    1.00071    0.99949  0.12%  77.9 1437s
 510416 243348    1.00027   82   50    1.00071    0.99949  0.12%  77.7 1442s
 512677 244590    0.99974   77   67    1.00071    0.99949  0.12%  77.6 1447s
 515207 245977    1.00010   81   44    1.00071    0.99949  0.12%  77.4 1452s
 517721 247074    1.00042   89   44    1.00071    0.99949  0.12%  77.2 1461s
 519465 250321    1.00012   75   70    1.00071    0.99949  0.12%  77.1 1471s
 524627 251875    0.99977   78   61    1.00071    0.99949  0.12%  76.7 1477s
 527576 253747    0.99994   80   60    1.00071    0.99949  0.12%  76.5 1482s
 530196 255454    1.00032   86   52    1.00071    0.99949  0.12%  76.4 1488s
 532951 256820    0.99985   78   60    1.00071    0.99949  0.12%  76.2 1493s
 535515 258535    0.99985   78   69    1.00071    0.99949  0.12%  76.0 1499s
 538089 259884    0.99971   74   69    1.00071    0.99949  0.12%  75.9 1503s
 540666 262531    1.00009   78   55    1.00071    0.99949  0.12%  75.7 1511s
 544334 264021    1.00008   73   60    1.00071    0.99950  0.12%  75.5 1516s
 546565 265430    1.00064   90   38    1.00071    0.99950  0.12%  75.3 1521s
 549106 266676    0.99990   78   59    1.00071    0.99950  0.12%  75.2 1526s
 551663 267882    0.99974   78   66    1.00071    0.99950  0.12%  75.0 1531s
 554191 269136    0.99971   76   62    1.00071    0.99950  0.12%  74.8 1536s
 556521 270276    0.99997   82   55    1.00071    0.99950  0.12%  74.7 1541s
 558996 271360    0.99968   75   67    1.00071    0.99950  0.12%  74.5 1546s
 561429 273647    0.99964   69   61    1.00071    0.99950  0.12%  74.4 1553s
 565054 274904     cutoff   92         1.00071    0.99950  0.12%  74.2 1558s
 567596 276689     cutoff   95         1.00071    0.99950  0.12%  74.0 1563s
 569851 278537    1.00003   84   74    1.00071    0.99950  0.12%  73.9 1569s
 572334 280027     cutoff   98         1.00071    0.99950  0.12%  73.7 1574s
 574793 281514     cutoff   86         1.00071    0.99950  0.12%  73.6 1579s
 577081 282821     cutoff   95         1.00071    0.99950  0.12%  73.5 1583s
 579363 284141    1.00055   88   47    1.00071    0.99950  0.12%  73.4 1588s
 581774 285524    0.99970   72   59    1.00071    0.99950  0.12%  73.2 1593s
 584309 287560    1.00006   82   48    1.00071    0.99950  0.12%  73.1 1601s
 588045 288842    0.99988   77   50    1.00071    0.99950  0.12%  72.9 1606s
 590400 290208    0.99985   78   58    1.00071    0.99950  0.12%  72.7 1610s
 592775 291677     cutoff   95         1.00071    0.99950  0.12%  72.6 1615s
 595124 292778    1.00051   90   42    1.00071    0.99950  0.12%  72.5 1620s
 597360 294135    1.00050   87   38    1.00071    0.99950  0.12%  72.4 1625s
 599853 295274    0.99969   69   59    1.00071    0.99950  0.12%  72.2 1630s
 602284 296499    0.99971   75   58    1.00071    0.99951  0.12%  72.1 1635s
 604748 298239    0.99958   64   79    1.00071    0.99951  0.12%  72.0 1642s
 608456 299372    1.00033   86   39    1.00071    0.99951  0.12%  71.8 1647s
 610838 300618    0.99964   70   67    1.00071    0.99951  0.12%  71.6 1652s
 613172 302153    1.00006   82   57    1.00071    0.99951  0.12%  71.5 1656s
 615513 303850    1.00001   80   51    1.00071    0.99951  0.12%  71.4 1661s
 617811 305463     cutoff   96         1.00071    0.99951  0.12%  71.3 1666s
 619948 307103    1.00060   92   39    1.00071    0.99951  0.12%  71.2 1671s
 622303 308577    0.99964   78   60    1.00071    0.99951  0.12%  71.1 1676s
 624776 309950    1.00033   94   40    1.00071    0.99951  0.12%  71.0 1681s
 627205 312205    0.99980   74   61    1.00071    0.99951  0.12%  70.9 1688s
 630787 312638    1.00054   98   34    1.00071    0.99951  0.12%  70.7 1694s
 631581 314079     cutoff   88         1.00071    0.99951  0.12%  70.7 1700s
 634587 315671     cutoff   91         1.00071    0.99951  0.12%  70.5 1705s
 637278 317115    1.00046   88   42    1.00071    0.99951  0.12%  70.4 1711s
 639924 318480     cutoff  100         1.00071    0.99951  0.12%  70.3 1716s
 642401 319948    1.00046   86   43    1.00071    0.99951  0.12%  70.1 1721s
 644830 321415     cutoff   93         1.00071    0.99951  0.12%  70.0 1726s
 647384 321495    0.99967   72   72    1.00071    0.99951  0.12%  69.9 1738s
H647547 321493                       1.0007128    0.99951  0.12%  69.9 1738s
H647549 321491                       1.0007128    0.99951  0.12%  69.9 1738s
 647550 322913    0.99977   73   60    1.00071    0.99951  0.12%  69.9 1743s
 650190 324808    0.99986   80   67    1.00071    0.99951  0.12%  69.8 1751s
 653619 326311    1.00059   85   42    1.00071    0.99951  0.12%  69.6 1756s
 656190 327938    0.99987   83   50    1.00071    0.99951  0.12%  69.5 1761s
 658510 329083    1.00059   92   41    1.00071    0.99951  0.12%  69.4 1766s
 660912 330541    0.99968   80   64    1.00071    0.99951  0.12%  69.3 1771s
 663147 331775    1.00019   87   55    1.00071    0.99951  0.12%  69.2 1776s
 665676 333385    0.99965   66   65    1.00071    0.99951  0.12%  69.1 1781s
 668030 334845    1.00055   97   40    1.00071    0.99951  0.12%  69.0 1786s
 670461 336274     cutoff   92         1.00071    0.99952  0.12%  68.9 1791s
 672842 338379     cutoff  101         1.00071    0.99952  0.12%  68.8 1798s
 676213 339010    1.00024   93   44    1.00071    0.99952  0.12%  68.7 1800s

Cutting planes:
  Gomory: 339
  Cover: 5
  Implied bound: 3
  MIR: 93
  StrongCG: 9
  Flow cover: 279
  Inf proof: 10
  Zero half: 79
  Mod-K: 1
  RLT: 107
  Relax-and-lift: 3
  BQP: 8

Explored 677002 nodes (46484043 simplex iterations) in 1800.02 seconds (2706.17 work units)
Thread count was 16 (of 16 available processors)

Solution count 10: 1.00071 1.00071 1.00072 ... 1.00077

Time limit reached
Warning: max constraint violation (4.5809e-04) exceeds tolerance
Warning: max general constraint violation (4.5809e-04) exceeds tolerance
Best objective 1.000712832705e+00, best bound 9.995157656808e-01, gap 0.1196%
