
Gurobi 9.5.0 (linux64) logging started Tue 15 Nov 2022 05:19:11 AM PST

Set parameter LogFile to value "experiments/t_1_theta_0.8/gurobi.1668518350.log"
Set parameter LogToConsole to value 0
Set parameter TimeLimit to value 1800
Set parameter Threads to value 16
Gurobi Optimizer version 9.5.0 build v9.5.0rc5 (linux64)
Thread count: 8 physical cores, 16 logical processors, using up to 16 threads
Optimize a model with 339 rows, 1398 columns and 5276 nonzeros
Model fingerprint: 0x2069053a
Model has 3400 quadratic objective terms
Model has 75 quadratic constraints
Model has 1 general constraint
Variable types: 80 continuous, 1318 integer (1318 binary)
Coefficient statistics:
  Matrix range     [1e+00, 1e+01]
  QMatrix range    [1e+00, 1e+00]
  QLMatrix range   [1e+00, 1e+00]
  Objective range  [0e+00, 0e+00]
  QObjective range [6e-05, 4e+01]
  Bounds range     [1e+00, 8e+02]
  RHS range        [1e+00, 1e+02]
Presolve added 0 rows and 1025 columns
Presolve removed 26 rows and 0 columns
Presolve time: 0.01s
Presolved: 2395 rows, 4505 columns, 12202 nonzeros
Presolved model has 1 SOS constraint(s)
Variable types: 1105 continuous, 3400 integer (3375 binary)

Root relaxation: objective 1.841349e-01, 1416 iterations, 0.06 seconds (0.07 work units)

    Nodes    |    Current Node    |     Objective Bounds      |     Work
 Expl Unexpl |  Obj  Depth IntInf | Incumbent    BestBd   Gap | It/Node Time

     0     0    0.18413    0 1319          -    0.18413      -     -    0s
H    0     0                      30.1587197    0.18413  99.4%     -    0s
     0     0    0.22583    0 1333   30.15872    0.22583  99.3%     -    0s
     0     0    0.36641    0 1166   30.15872    0.36641  98.8%     -    0s
     0     0    0.36641    0 1166   30.15872    0.36641  98.8%     -    0s
H    0     0                      16.8477811    0.36641  97.8%     -    0s
     0     0    0.37542    0 1125   16.84778    0.37542  97.8%     -    0s
     0     0    0.37559    0 1101   16.84778    0.37559  97.8%     -    0s
     0     0    0.37773    0 1130   16.84778    0.37773  97.8%     -    0s
     0     0    0.37784    0 1131   16.84778    0.37784  97.8%     -    0s
     0     0    0.38009    0 1139   16.84778    0.38009  97.7%     -    0s
     0     0    0.38009    0 1139   16.84778    0.38009  97.7%     -    0s
     0     2    0.38075    0 1139   16.84778    0.38075  97.7%     -    0s
H  204   200                      15.8345320    0.38654  97.6%   384    3s
H  309   316                       4.1243031    0.38654  90.6%   369    5s
H  310   316                       1.7524449    0.38654  77.9%   370    5s
H  591   597                       1.4209370    0.38654  72.8%   299    6s
H  661   638                       1.1976780    0.38654  67.7%   292   15s
H  662   638                       1.1898652    0.38654  67.5%   293   15s
H  664   638                       1.1835543    0.38654  67.3%   293   15s
H  668   638                       1.1732750    0.38654  67.1%   295   15s
H  673   638                       1.1622868    0.38654  66.7%   293   15s
H  677   638                       1.1486248    0.38654  66.3%   293   15s
  1712  1262    0.96050   12  771    1.14862    0.38733  66.3%   344   20s
  2118  1423    1.01044   38 1129    1.14862    0.39173  65.9%   384   25s
  2134  1434    0.94612   30 1327    1.14862    0.46553  59.5%   381   30s
H 2135  1362                       1.1484943    0.46728  59.3%   381   30s
H 2141  1298                       1.1398968    0.46949  58.8%   380   33s
  2147  1302    0.87258   25 1450    1.13990    0.47016  58.8%   379   35s
  2162  1313    0.73237   22 1411    1.13990    0.48173  57.7%   390   40s
H 2163  1247                       1.1397663    0.48220  57.7%   390   41s
  2172  1253    1.07715   17 1455    1.13977    0.48419  57.5%   389   45s
  2189  1282    0.49406   24 1423    1.13977    0.49368  56.7%   415   50s
  2253  1312    0.50319   27 1297    1.13977    0.49407  56.7%   460   55s
  2378  1378    0.51894   30 1312    1.13977    0.49407  56.7%   492   61s
H 2381  1313                       1.1340871    0.49407  56.4%   492   61s
  2507  1398    0.52971   32 1226    1.13409    0.49407  56.4%   499   79s
  2538  1412    0.60428   32 1217    1.13409    0.49407  56.4%   499   80s
  2755  1497    0.55105   35 1262    1.13409    0.49407  56.4%   504   85s
  2956  1576    0.58448   39 1217    1.13409    0.49407  56.4%   517   90s
  3225  1711    0.63610   45 1156    1.13409    0.49407  56.4%   523   95s
  3547  1908    0.65674   50 1225    1.13409    0.49407  56.4%   528  101s
  3699  1945    0.81521   53 1135    1.13409    0.49407  56.4%   538  105s
  3892  1989    0.91369   60 1143    1.13409    0.49407  56.4%   564  111s
H 3898  1927                       1.1340871    0.49407  56.4%   564  111s
  4032  2040    0.92048   64 1077    1.13409    0.49407  56.4%   568  115s
  4343  2173    1.09694   79  970    1.13409    0.49407  56.4%   585  120s
  4750  2345    0.65468   26 1242    1.13409    0.49548  56.3%   593  126s
  5020  2442    0.52760   28 1332    1.13409    0.49548  56.3%   600  131s
  5330  2533    0.56059   30 1305    1.13409    0.49548  56.3%   608  136s
  5606  2670    0.69238   32 1281    1.13409    0.49548  56.3%   621  142s
  5765  2742    0.61433   34 1264    1.13409    0.49548  56.3%   627  145s
  6044  2936    0.73199   37 1219    1.13409    0.49548  56.3%   642  151s
  6406  3276    0.89914   47 1152    1.13409    0.49548  56.3%   649  158s
  6660  3448    0.93864   54 1110    1.13409    0.49548  56.3%   646  162s
  6872  3583    0.96897   63 1041    1.13409    0.49548  56.3%   647  166s
  7038  3748    1.02420   72 1070    1.13409    0.49548  56.3%   654  170s
  7524  4076    0.66258   29 1105    1.13409    0.53974  52.4%   656  178s
  7702  4288    0.72225   31 1180    1.13409    0.53974  52.4%   665  181s
  7914  4584    0.75329   34 1109    1.13409    0.53974  52.4%   672  185s
  8601  5154    0.85200   47 1082    1.13409    0.53974  52.4%   668  193s
  8934  5511    0.88750   53  908    1.13409    0.53974  52.4%   667  197s
  9335  5832    0.94477   64  992    1.13409    0.53974  52.4%   662  201s
  9837  5887    1.01384   72  932    1.13409    0.53974  52.4%   652  250s
  9898  6173    1.10882   73  939    1.13409    0.53974  52.4%   654  255s
 10277  6347    1.03027   83  839    1.13409    0.53974  52.4%   654  260s
 10690  6803    1.05799   90  618    1.13409    0.53974  52.4%   653  265s
 11246  7098    1.08972  123  395    1.13409    0.55562  51.0%   644  272s
 11682  7304    0.76285   39 1153    1.13409    0.57083  49.7%   642  278s
H11824  7304                       1.1340871    0.57083  49.7%   643  278s
 11933  7671     cutoff   64         1.13409    0.57133  49.6%   642  284s
 12414  8025    0.81197   38 1210    1.13409    0.57133  49.6%   640  291s
 12892  8230    1.11803   62  917    1.13409    0.57431  49.4%   640  299s
H13089  8230                       1.1340871    0.57444  49.3%   649  299s
 13131  8584    0.81040   41 1194    1.13409    0.57444  49.3%   652  306s
 13543  8929    1.12181   70  945    1.13409    0.57640  49.2%   658  312s
 14071  9206    0.71148   40 1165    1.13409    0.57640  49.2%   659  320s
 14471  9624     cutoff   69         1.13409    0.57812  49.0%   665  328s
 14972 10001    0.99949   52 1060    1.13409    0.58352  48.5%   669  336s
H15314 10001                       1.1340871    0.58352  48.5%   668  336s
 15450 10462    0.93386   47  995    1.13409    0.58432  48.5%   667  345s
 16100 10809    0.77975   37 1133    1.13409    0.58590  48.3%   665  354s
 16633 11091     cutoff   58         1.13409    0.58782  48.2%   668  363s
 17135 11424    0.74264   43 1139    1.13409    0.59634  47.4%   673  373s
 17630 11906    0.68745   40 1113    1.13409    0.59855  47.2%   682  382s
 18241 12579    0.99449   48 1089    1.13409    0.59855  47.2%   688  392s
 19127 13185    1.07893   61  918    1.13409    0.59986  47.1%   684  402s
 20056 13751    0.79227   41 1059    1.13409    0.60471  46.7%   678  413s
 20890 14237    0.82606   35 1139    1.13409    0.60991  46.2%   675  424s
 21640 14738    0.77251   35 1069    1.13409    0.61415  45.8%   678  435s
 22435 15334     cutoff   51         1.13409    0.61785  45.5%   680  447s
 23221 15878    1.09238   52 1003    1.13409    0.62210  45.1%   685  458s
 24115 16352     cutoff   47         1.13409    0.62288  45.1%   687  471s
 25135 16882    0.90593   41 1017    1.13409    0.62857  44.6%   685  484s
 25954 17549    0.87429   49 1130    1.13409    0.62998  44.5%   689  498s
 26922 18369     cutoff   82         1.13409    0.63433  44.1%   691  512s
 28038 19297    1.01472   47  920    1.13409    0.63895  43.7%   690  526s
 29373 19991    0.75383   37 1166    1.13409    0.64105  43.5%   686  542s
 30470 20570    0.95263   44 1218    1.13409    0.64913  42.8%   685  560s
 31296 21482     cutoff   73         1.13409    0.65144  42.6%   686  576s
 32396 22446    1.06487   64 1056    1.13409    0.65476  42.3%   689  593s
 33867 23375    1.10433   47  926    1.13409    0.65788  42.0%   686  610s
 35122 24255    0.95485   46 1051    1.13409    0.65919  41.9%   689  627s
 36594 24972    1.08655   56 1062    1.13409    0.66278  41.6%   688  646s
 37899 25984    1.12949   75  785    1.13409    0.66962  41.0%   691  665s
 39593 27178    0.85456   28 1077    1.13409    0.67488  40.5%   689  685s
 41340 28421    0.90084   41 1069    1.13409    0.67830  40.2%   686  705s
 42967 29524    1.00340   43 1202    1.13409    0.68146  39.9%   686  726s
 44777 30387    0.87850   51 1081    1.13409    0.68895  39.3%   684  747s
 46270 31023    1.11995   62  778    1.13409    0.69161  39.0%   683  767s
 47832 31875    1.06494   48 1079    1.13409    0.69614  38.6%   685  788s
 49420 32887    1.04683   57  992    1.13409    0.70046  38.2%   686  809s
 50978 34025    1.04922   50 1063    1.13409    0.70551  37.8%   688  830s
 52855 35043    1.06380   65 1020    1.13409    0.70893  37.5%   685  850s
 54447 36217    1.13323   63  709    1.13409    0.71392  37.0%   686  870s
 56138 37086    1.08272   57  989    1.13409    0.71475  37.0%   686  891s
 57719 38102     cutoff   59         1.13409    0.71789  36.7%   687  911s
 59352 38115    1.03595   51 1121    1.13409    0.72087  36.4%   687  972s
 59371 39030    1.04945   52 1120    1.13409    0.72090  36.4%   687  993s
 61013 39905    0.92782   51 1044    1.13409    0.72342  36.2%   688 1014s
 62561 40811    1.07459   49 1018    1.13409    0.72622  36.0%   689 1035s
 64206 41848    0.83840   41 1165    1.13409    0.72829  35.8%   689 1055s
 65985 42800    1.01042   46 1197    1.13409    0.73073  35.6%   689 1075s
 67767 43919    0.93492   42 1158    1.13409    0.73428  35.3%   688 1095s
 69447 44423    1.10094   43 1077    1.13409    0.73776  34.9%   687 1116s
 70270 45238    1.03621   46 1026    1.13409    0.73794  34.9%   688 1136s
 71851 46360    1.11697   55 1115    1.13409    0.74051  34.7%   690 1157s
 73618 47898    1.06584   59  901    1.13409    0.74206  34.6%   689 1177s
 75758 48900    1.02241   40 1002    1.13409    0.74261  34.5%   686 1197s
 77464 49722    0.99157   50 1120    1.13409    0.74481  34.3%   686 1217s
 79104 50664    0.87616   46 1114    1.13409    0.74679  34.2%   686 1237s
 80911 51725    0.77333   46 1172    1.13409    0.74905  34.0%   684 1256s
 82626 52568    1.07735   73 1063    1.13409    0.75049  33.8%   684 1274s
 84195 53485    0.90098   50 1175    1.13409    0.75183  33.7%   684 1293s
 85669 54464    0.89307   45 1098    1.13409    0.75357  33.6%   685 1312s
 87492 55200    1.06234   47  861    1.13409    0.75569  33.4%   684 1331s
 88957 55828     cutoff   58         1.13409    0.75753  33.2%   685 1350s
 90305 56831    0.91567   38 1086    1.13409    0.75847  33.1%   687 1370s
 92102 57833    1.12698   54  782    1.13409    0.76136  32.9%   686 1390s
 93902 59264    0.93908   43 1106    1.13409    0.76331  32.7%   685 1409s
 95849 60388    1.04938   54 1101    1.13409    0.76458  32.6%   683 1427s
 97618 61586    0.96196   38 1107    1.13409    0.76625  32.4%   682 1446s
 99372 63089    0.99705   53 1010    1.13409    0.76791  32.3%   681 1464s
 101518 64029    1.06612   53  937    1.13409    0.76920  32.2%   677 1482s
 103093 64892    0.89899   52 1088    1.13409    0.77070  32.0%   677 1499s
 104489 65513    1.12094   58 1062    1.13409    0.77188  31.9%   677 1517s
 105926 66438    1.08570   65 1023    1.13409    0.77345  31.8%   677 1536s
 107550 67512    1.00983   40 1171    1.13409    0.77477  31.7%   677 1553s
 109179 68355    1.12830   77  669    1.13409    0.77567  31.6%   676 1571s
 110707 69693    0.91954   53 1094    1.13409    0.77687  31.5%   677 1589s
 112742 70937    1.08542   63  979    1.13409    0.77781  31.4%   674 1606s
 114477 71817     cutoff   58         1.13409    0.77881  31.3%   673 1624s
 115922 72691    1.05380   71  894    1.13409    0.77995  31.2%   673 1642s
 117446 73459    1.05384   47 1038    1.13409    0.78155  31.1%   673 1660s
 118878 74358     cutoff   55         1.13409    0.78313  30.9%   673 1678s
 120432 75510    1.02542   42 1119    1.13409    0.78367  30.9%   673 1696s
 122307 76560    1.09220   49 1030    1.13409    0.78506  30.8%   672 1715s
 123935 77315     cutoff   62         1.13409    0.78581  30.7%   671 1732s
 125555 78325     cutoff   58         1.13409    0.78797  30.5%   671 1750s
 127366 79179    1.08754   56 1027    1.13409    0.78923  30.4%   670 1768s
 128849 80036    0.98431   57 1076    1.13409    0.79061  30.3%   670 1785s
 130348 80798     cutoff   63         1.13409    0.79224  30.1%   670 1800s

Cutting planes:
  Gomory: 480
  Cover: 6
  MIR: 55
  Flow cover: 17
  Zero half: 39
  RLT: 11

Explored 131664 nodes (88160491 simplex iterations) in 1800.01 seconds (3053.57 work units)
Thread count was 16 (of 16 available processors)

Solution count 10: 1.13409 1.13409 1.13409 ... 1.16229

Time limit reached
Warning: max constraint violation (8.0283e-05) exceeds tolerance
Warning: max general constraint violation (8.0283e-05) exceeds tolerance
Best objective 1.134087017193e+00, best bound 7.924392113465e-01, gap 30.1254%
