
Gurobi 9.5.0 (linux64) logging started Sat 19 Nov 2022 03:27:23 AM PST

Set parameter LogFile to value "experiments/t_10_theta_0.001/gurobi.1668857242.log"
Set parameter LogToConsole to value 0
Set parameter TimeLimit to value 1800
Set parameter Threads to value 16
Gurobi Optimizer version 9.5.0 build v9.5.0rc5 (linux64)
Thread count: 8 physical cores, 16 logical processors, using up to 16 threads
Optimize a model with 348 rows, 1668 columns and 5537 nonzeros
Model fingerprint: 0xa27673ac
Model has 3625 quadratic objective terms
Model has 750 quadratic constraints
Model has 10 general constraints
Variable types: 125 continuous, 1543 integer (1543 binary)
Coefficient statistics:
  Matrix range     [1e+00, 1e+01]
  QMatrix range    [1e+00, 1e+00]
  QLMatrix range   [1e+00, 1e+00]
  Objective range  [0e+00, 0e+00]
  QObjective range [8e-08, 5e-02]
  Bounds range     [1e+00, 8e+02]
  RHS range        [1e+00, 1e+02]
Presolve added 2 rows and 1988 columns
Presolve time: 0.01s
Presolved: 6044 rows, 6628 columns, 22232 nonzeros
Presolved model has 10 SOS constraint(s)
Variable types: 2580 continuous, 4048 integer (3735 binary)

Root relaxation: objective 3.079982e-07, 6803 iterations, 0.42 seconds (0.54 work units)

    Nodes    |    Current Node    |     Objective Bounds      |     Work
 Expl Unexpl |  Obj  Depth IntInf | Incumbent    BestBd   Gap | It/Node Time

     0     0    0.00000    0 3484          -    0.00000      -     -    0s
     0     0    0.00005    0 3490          -    0.00005      -     -    2s
     0     0    0.02625    0 3143          -    0.02625      -     -    3s
     0     0    0.02631    0 3115          -    0.02631      -     -    4s
     0     0    0.02632    0 3090          -    0.02632      -     -    5s
H    0     0                       1.5211963    0.02632  98.3%     -    6s
H    0     0                       1.4959378    0.02632  98.2%     -    6s
     0     0    0.02633    0 3123    1.49594    0.02633  98.2%     -    6s
     0     0    0.02634    0 3135    1.49594    0.02634  98.2%     -    7s
H    0     0                       1.3840669    0.02634  98.1%     -    8s
     0     0    0.02635    0 3076    1.38407    0.02635  98.1%     -    8s
     0     0    0.02635    0 3038    1.38407    0.02635  98.1%     -    9s
     0     2    0.02635    0 3033    1.38407    0.02635  98.1%     -   11s
    47    64    0.02665    5 2724    1.38407    0.02653  98.1%  1849   16s
H   79    90                       1.2667147    0.02653  97.9%  2262   19s
H   80    90                       1.1953376    0.02653  97.8%  2239   19s
    95   111    0.02670    7 2707    1.19534    0.02653  97.8%  2146   20s
H   97   111                       1.1795747    0.02653  97.8%  2101   20s
H  140   147                       1.1315861    0.02653  97.7%  1928   27s
H  141   147                       1.0839900    0.02653  97.6%  1917   27s
H  146   147                       1.0614974    0.02653  97.5%  1903   27s
H  156   163                       1.0540862    0.02653  97.5%  1830   33s
H  157   163                       1.0491638    0.02653  97.5%  1836   34s
H  158   163                       1.0438773    0.02653  97.5%  1825   34s
H  161   163                       1.0430245    0.02653  97.5%  1797   34s
H  162   163                       1.0377433    0.02653  97.4%  1788   34s
H  164   163                       1.0227015    0.02653  97.4%  1782   34s
   172   195    0.05282   10 2504    1.02270    0.02653  97.4%  1774   35s
   296   311    0.08088   14 2469    1.02270    0.02653  97.4%  1825   40s
   495   483    0.08316   25 1957    1.02270    0.02653  97.4%  1582   45s
   777   780    0.22729   35 1722    1.02270    0.02653  97.4%  1272   55s
H  789   780                       1.0166856    0.02653  97.4%  1261   55s
H 1358  1209                       1.0159397    0.02653  97.4%   868   62s
H 1359  1209                       1.0122991    0.02653  97.4%   868   62s
H 1361  1209                       1.0116383    0.02653  97.4%   866   62s
H 1368  1209                       1.0098008    0.02653  97.4%   868   62s
  1580  1587    0.47642   71  980    1.00980    0.02653  97.4%   779   65s
  2553  2467    0.68430  141   35    1.00980    0.02653  97.4%   544   70s
H 2585  2467                       1.0097916    0.02653  97.4%   537   70s
H 2617  2467                       1.0097862    0.02653  97.4%   531   70s
H 2637  2467                       1.0097701    0.02653  97.4%   527   70s
H 2676  2467                       1.0097655    0.02653  97.4%   524   70s
H 2723  2467                       1.0090957    0.02653  97.4%   520   70s
  3337  3105    0.13080    8 2669    1.00910    0.02653  97.4%   485   76s
H 3728  3472                       1.0090912    0.02653  97.4%   471   79s
H 3734  3472                       1.0089954    0.02653  97.4%   473   79s
H 3802  3472                       1.0075653    0.02653  97.4%   466   79s
H 3823  3472                       1.0071280    0.02653  97.4%   464   79s
  3945  3720    0.15886   12 2589    1.00713    0.02653  97.4%   463   80s
  4620  4386    0.21507   16 2317    1.00713    0.02653  97.4%   446   86s
H 4905  4597                       1.0070332    0.02653  97.4%   436   87s
H 5170  4616                       1.0064243    0.02653  97.4%   427   92s
H 5174  4616                       1.0059271    0.02653  97.4%   428   92s
H 5184  4616                       1.0051608    0.02653  97.4%   428   92s
H 5207  4616                       1.0050984    0.02653  97.4%   431  110s
H 5209  4387                       1.0050425    0.02653  97.4%   431  112s
  5213  4389    0.48511   54 3071    1.00504    0.02653  97.4%   431  115s
H 5215  4171                       1.0050275    0.02653  97.4%   431  119s
  5217  4172    0.46949  171 3044    1.00503    0.02653  97.4%   431  120s
H 5217  3963                       1.0050243    0.02653  97.4%   431  122s
H 5218  3766                       1.0050214    0.02653  97.4%   431  125s
H 5218  3577                       1.0050174    0.02653  97.4%   431  125s
H 5218  3398                       1.0049998    0.02653  97.4%   431  125s
H 5218  3228                       1.0049592    0.02653  97.4%   431  125s
H 5218  3067                       1.0049590    0.02653  97.4%   431  125s
H 5218  2913                       1.0049441    0.02653  97.4%   431  125s
H 5218  2767                       1.0049039    0.02653  97.4%   431  125s
H 5218  2629                       1.0048742    0.02653  97.4%   431  125s
H 5219  2497                       1.0048740    0.02653  97.4%   430  126s
H 5219  2372                       1.0047816    0.02653  97.4%   430  126s
H 5219  2253                       1.0047814    0.02653  97.4%   430  126s
H 5220  2141                       1.0047116    0.02653  97.4%   430  129s
H 5221  2035                       1.0047068    0.02653  97.4%   430  131s
H 5221  1933                       1.0047048    0.02653  97.4%   430  131s
H 5221  1836                       1.0047002    0.02653  97.4%   430  131s
H 5224  1746                       1.0046996    0.02653  97.4%   430  136s
H 5226  1659                       1.0046831    0.02653  97.4%   430  141s
  5229  1661    0.18137  113 2992    1.00468    0.02653  97.4%   430  145s
H 5230  1579                       1.0045788    0.02653  97.4%   430  149s
H 5231  1499                       1.0045712    0.02653  97.4%   429  150s
H 5231  1424                       1.0045644    0.02653  97.4%   429  150s
H 5231  1352                       1.0045370    0.02653  97.4%   429  151s
H 5232  1285                       1.0044941    0.02653  97.4%   429  152s
H 5232  1221                       1.0044802    0.02653  97.4%   429  152s
H 5233  1160                       1.0044666    0.02653  97.4%   429  154s
H 5233  1102                       1.0044314    0.02653  97.4%   429  154s
H 5233  1046                       1.0044236    0.02653  97.4%   429  154s
  5234  1046    0.21952   78 2955    1.00442    0.02653  97.4%   429  155s
  5238  1052    0.05257   13 2915    1.00442    0.02653  97.4%   460  162s
  5240  1055    0.05258   14 2851    1.00442    0.05256  94.8%   461  165s
  5252  1075    0.05285   16 2534    1.00442    0.05272  94.8%   478  177s
  5268  1086    0.08092   17 2559    1.00442    0.05274  94.7%   507  183s
  5284  1097    0.27673   17 2460    1.00442    0.05274  94.7%   526  188s
  5300  1107    0.10898   18 2534    1.00442    0.05274  94.7%   545  191s
  5316  1118    0.08542   18 2410    1.00442    0.05274  94.7%   559  209s
H 5317  1065                       1.0043212    0.05274  94.7%   559  209s
H 5318  1014                       1.0041523    0.05274  94.7%   561  209s
H 5319   966                       1.0034756    0.05274  94.7%   563  209s
H 5322   920                       1.0030815    0.05274  94.7%   566  209s
H 5328   875                       1.0030371    0.05274  94.7%   573  209s
  5332   895    0.08662   19 2606    1.00304    0.05274  94.7%   577  212s
  5353   910    0.11393   19 2557    1.00304    0.05274  94.7%   593  216s
  5376   918    0.13873   20 2811    1.00304    0.05274  94.7%   608  238s
H 5377   877                       1.0029707    0.05274  94.7%   608  238s
H 5378   837                       1.0029087    0.05274  94.7%   608  238s
H 5381   799                       1.0029048    0.05274  94.7%   612  238s
H 5385   763                       1.0028927    0.05274  94.7%   613  238s
H 5388   728                       1.0028856    0.05274  94.7%   617  238s
  5392   746    0.23197   20 2869    1.00289    0.05274  94.7%   621  241s
  5412   767    0.17295   21 2802    1.00289    0.05274  94.7%   638  245s
  5480   796    0.26238   23 2761    1.00289    0.05274  94.7%   665  254s
  5510   815    0.23584   24 2603    1.00289    0.05274  94.7%   678  257s
  5543   832    0.23237   24 2508    1.00289    0.05274  94.7%   690  261s
  5578   861    0.27124   25 2524    1.00289    0.05274  94.7%   703  265s
  5659   923    0.23735   26 2625    1.00289    0.05274  94.7%   725  273s
  5710   961    0.27330   27 2614    1.00289    0.05274  94.7%   736  277s
  5768   995    0.33480   28 2588    1.00289    0.05274  94.7%   744  280s
  5898  1058    0.42612   30 2523    1.00289    0.05274  94.7%   760  288s
  5972  1076    0.43268   31 2498    1.00289    0.05274  94.7%   767  293s
  6036  1107    0.45222   32 2309    1.00289    0.05274  94.7%   772  298s
  6113  1127    0.47982   37 2260    1.00289    0.05274  94.7%   776  304s
  6189  1131    0.47982   40 2204    1.00289    0.05274  94.7%   787  311s
  6248  1150    0.53756   43 2015    1.00289    0.05274  94.7%   799  318s
  6295  1173    0.58907   48 1786    1.00289    0.05274  94.7%   812  324s
  6336  1219    0.56712   52 1838    1.00289    0.05274  94.7%   827  330s
  6400  1261    0.56928   53 1853    1.00289    0.05274  94.7%   843  336s
  6465  1285    0.60125   54 1772    1.00289    0.05274  94.7%   855  342s
  6521  1333    0.67170   55 1835    1.00289    0.05274  94.7%   870  349s
  6601  1381    0.68074   56 1774    1.00289    0.05274  94.7%   883  356s
  6689  1432    0.93049   63 1781    1.00289    0.05274  94.7%   895  363s
  6784  1499    0.96867   73 1659    1.00289    0.05274  94.7%   906  371s
  6896  1555    0.99852   79 1772    1.00289    0.05274  94.7%   915  377s
H 7000  1542                       1.0026080    0.05274  94.7%   926  387s
  7077  1644    0.99886   90 1677    1.00261    0.05274  94.7%   935  395s
  7195  1748 infeasible   94         1.00261    0.05277  94.7%   947  405s
  7317  1895    0.09638   18 2588    1.00261    0.05277  94.7%   958  413s
  7466  2031    0.12701   19 2623    1.00261    0.05277  94.7%   965  421s
  7635  2157    0.13298   20 2272    1.00261    0.05277  94.7%   969  431s
  7807  2308    0.19663   22 2524    1.00261    0.05277  94.7%   974  439s
  7988  2446    0.28545   25 2364    1.00261    0.05277  94.7%   979  449s
H 8175  2467                       1.0025729    0.05277  94.7%   984  469s
H 8182  2467                       1.0025141    0.05277  94.7%   988  469s
H 8183  2467                       1.0025121    0.05277  94.7%   988  469s
H 8189  2467                       1.0024871    0.05277  94.7%   989  469s
H 8199  2467                       1.0024378    0.05277  94.7%   989  469s
  8200  2591    0.41910   28 2371    1.00244    0.05277  94.7%   990  479s
  8388  2722    0.39792   29 2259    1.00244    0.05277  94.7%   996  490s
  8544  2836    0.46377   31 2404    1.00244    0.05277  94.7%  1008  504s
  8706  2975    0.57878   31 2145    1.00244    0.05277  94.7%  1023  515s
  8859  3073    0.57581   33 2471    1.00244    0.05277  94.7%  1036  529s
  8997  3187    0.60511   37 2413    1.00244    0.05277  94.7%  1051  542s
  9138  3320    0.70359   40 2396    1.00244    0.05277  94.7%  1067  559s
  9330  3438    0.67727   44 2302    1.00244    0.05277  94.7%  1081  572s
H 9396  3438                       1.0024179    0.05277  94.7%  1085  572s
H 9398  3438                       1.0024139    0.05277  94.7%  1086  572s
  9453  3587    0.73827   44 2211    1.00241    0.05277  94.7%  1099  588s
  9633  3744    0.73933   47 2270    1.00241    0.05277  94.7%  1112  604s
  9847  3938    0.81089   53 2262    1.00241    0.05277  94.7%  1123  619s
 10080  4116    0.83266   57 2078    1.00241    0.05277  94.7%  1129  637s
 10307  4270    0.86574   66 2240    1.00241    0.05277  94.7%  1138  654s
 10520  4371    0.92055   70 2232    1.00241    0.06158  93.9%  1148  673s
H10541  4371                       1.0023942    0.06159  93.9%  1148  673s
H10697  4371                       1.0023907    0.06159  93.9%  1154  673s
 10741  4491    0.35206   19 2655    1.00239    0.06159  93.9%  1159  694s
H10823  4490                       1.0023660    0.06159  93.9%  1171  694s
 10900  4604    0.38359   21 2649    1.00237    0.06159  93.9%  1177  715s
H11043  4604                       1.0023531    0.06159  93.9%  1196  715s
 11056  4708    0.51936   25 2538    1.00235    0.06159  93.9%  1198  735s
 11206  4818    0.76428   32 2175    1.00235    0.06159  93.9%  1218  759s
H11284  4818                       1.0023083    0.06159  93.9%  1223  759s
 11345  5060    0.83060   38 2092    1.00231    0.06159  93.9%  1232  783s
 11645  5207    0.85234   41 2124    1.00231    0.08092  91.9%  1237  810s
 11895  5304    0.34543   19 2900    1.00231    0.08092  91.9%  1249  834s
 12006  5472    0.76012   24 2788    1.00231    0.08237  91.8%  1273  860s
 12212  5676    0.13542   20 2426    1.00231    0.08237  91.8%  1289  885s
 12452  5802    0.16351   26 2412    1.00231    0.08237  91.8%  1302  914s
H12471  5802                       1.0023021    0.08237  91.8%  1304  914s
H12588  5802                       1.0022648    0.08237  91.8%  1321  914s
 12637  5976    0.24136   33 2431    1.00226    0.08237  91.8%  1321  941s
 12876  6174    0.44991   47 2212    1.00226    0.08237  91.8%  1334  972s
 13173  6307     cutoff   71         1.00226    0.08607  91.4%  1345 1004s
 13350  6439    0.37739   24 2315    1.00226    0.08607  91.4%  1367 1036s
 13539  6652    0.69389   28 2703    1.00226    0.08607  91.4%  1388 1070s
H13853  6810                       1.0022601    0.08607  91.4%  1395 1107s
H13881  6810                       1.0022464    0.08607  91.4%  1400 1107s
H13891  6810                       1.0021940    0.08607  91.4%  1402 1107s
H14070  6810                       1.0021845    0.08607  91.4%  1408 1107s
 14091  6986    0.64268   20 2760    1.00218    0.08607  91.4%  1412 1142s
 14289  7216    0.89527   26 2510    1.00218    0.08607  91.4%  1431 1180s
 14596  7440 infeasible   34         1.00218    0.10514  89.5%  1441 1221s
 14964  7637    0.11140   24 2510    1.00218    0.10519  89.5%  1446 1264s
 15239  7832    0.32866   30 2416    1.00218    0.10519  89.5%  1460 1309s
H15333  7832                       1.0021805    0.10519  89.5%  1463 1309s
 15538  7842    0.96464   39 1994    1.00218    0.10519  89.5%  1472 1759s
H15539  7842                       1.0021798    0.10519  89.5%  1472 1759s
H15542  7842                       1.0021558    0.10519  89.5%  1472 1759s
H15545  7842                       1.0021497    0.10519  89.5%  1473 1759s
H15548  7842                       1.0016398    0.10519  89.5%  1473 1759s
H15559  7853                       1.0016306    0.10519  89.5%  1475 1800s
H15565  7853                       1.0016064    0.10519  89.5%  1476 1800s
H15566  7853                       1.0015806    0.10519  89.5%  1476 1800s

Cutting planes:
  Gomory: 958
  Implied bound: 1
  MIR: 92
  StrongCG: 10
  Flow cover: 476
  Zero half: 41
  RLT: 34
  Relax-and-lift: 1

Explored 15579 nodes (23088778 simplex iterations) in 1800.05 seconds (2796.74 work units)
Thread count was 16 (of 16 available processors)

Solution count 10: 1.00158 1.00161 1.00163 ... 1.00219

Time limit reached
Warning: max constraint violation (2.5937e-03) exceeds tolerance
Warning: max general constraint violation (2.5937e-03) exceeds tolerance
         (model may be infeasible or unbounded - try turning presolve off)
Best objective 1.001580582796e+00, best bound 1.051895117088e-01, gap 89.4976%
