
Gurobi 9.5.0 (linux64) logging started Tue 15 Nov 2022 05:49:14 AM PST

Set parameter LogFile to value "experiments/t_1_theta_0.9/gurobi.1668520153.log"
Set parameter LogToConsole to value 0
Set parameter TimeLimit to value 1800
Set parameter Threads to value 16
Gurobi Optimizer version 9.5.0 build v9.5.0rc5 (linux64)
Thread count: 8 physical cores, 16 logical processors, using up to 16 threads
Optimize a model with 339 rows, 1398 columns and 5276 nonzeros
Model fingerprint: 0x67737527
Model has 3400 quadratic objective terms
Model has 75 quadratic constraints
Model has 1 general constraint
Variable types: 80 continuous, 1318 integer (1318 binary)
Coefficient statistics:
  Matrix range     [1e+00, 1e+01]
  QMatrix range    [1e+00, 1e+00]
  QLMatrix range   [1e+00, 1e+00]
  Objective range  [0e+00, 0e+00]
  QObjective range [5e-05, 4e+01]
  Bounds range     [1e+00, 8e+02]
  RHS range        [1e+00, 1e+02]
Presolve added 0 rows and 1025 columns
Presolve removed 26 rows and 0 columns
Presolve time: 0.02s
Presolved: 2395 rows, 4505 columns, 12202 nonzeros
Presolved model has 1 SOS constraint(s)
Variable types: 1105 continuous, 3400 integer (3375 binary)

Root relaxation: objective 9.206610e-02, 1471 iterations, 0.06 seconds (0.08 work units)

    Nodes    |    Current Node    |     Objective Bounds      |     Work
 Expl Unexpl |  Obj  Depth IntInf | Incumbent    BestBd   Gap | It/Node Time

     0     0    0.09207    0 1319          -    0.09207      -     -    0s
H    0     0                     121.2206748    0.09207   100%     -    0s
H    0     0                      62.2565411    0.09207   100%     -    0s
H    0     0                      62.1011666    0.09207   100%     -    0s
     0     0    0.13536    0 1325   62.10117    0.13536   100%     -    0s
     0     0    0.26070    0 1123   62.10117    0.26070   100%     -    0s
H    0     0                      62.0867308    0.27459   100%     -    0s
     0     0    0.27459    0 1148   62.08673    0.27459   100%     -    0s
     0     0    0.27582    0 1153   62.08673    0.27582   100%     -    0s
H    0     0                       3.6144665    0.28309  92.2%     -    0s
     0     0    0.28309    0 1175    3.61447    0.28309  92.2%     -    0s
     0     0    0.28318    0 1172    3.61447    0.28318  92.2%     -    0s
     0     0    0.28728    0 1166    3.61447    0.28728  92.1%     -    0s
     0     0    0.28728    0 1166    3.61447    0.28728  92.1%     -    0s
     0     2    0.28747    0 1166    3.61447    0.28747  92.0%     -    0s
H   81    94                       3.5286685    0.29669  91.6%   737    2s
H   86    94                       3.5084945    0.29669  91.5%   761    2s
H   90    94                       3.4485555    0.29669  91.4%   750    2s
H  137   152                       3.1938542    0.29669  90.7%   754    3s
H  139   152                       3.1317438    0.29669  90.5%   762    3s
H  141   152                       2.8511162    0.29669  89.6%   761    3s
H  188   198                       1.9990970    0.29669  85.2%   775    4s
H  194   198                       1.9932764    0.29669  85.1%   768    4s
H  203   220                       1.7952201    0.29669  83.5%   751    4s
   231   249    0.87701   14  866    1.79522    0.29669  83.5%   716    5s
H  503   492                       1.4479974    0.29669  79.5%   511    9s
H  504   492                       1.2553403    0.29669  76.4%   510    9s
H  505   492                       1.1559263    0.29669  74.3%   509    9s
   590   532    0.49695    7  944    1.15593    0.29676  74.3%   480   11s
H  591   532                       1.1275551    0.29676  73.7%   479   11s
H  844   707                       1.0976546    0.30379  72.3%   446   13s
H  851   707                       1.0967349    0.30379  72.3%   449   13s
  1338   894    0.63728    6 1134    1.09673    0.30771  71.9%   410   15s
  2316  1211    0.94696   11  764    1.09673    0.50331  54.1%   475   20s
  2899  1522    0.50924   11 1139    1.09673    0.50924  53.6%   469   25s
H 3058  1481                       1.0937572    0.54930  49.8%   486   28s
H 3086  1414                       1.0905475    0.54930  49.6%   489   29s
H 3094  1343                       1.0792072    0.54930  49.1%   490   29s
  3139  1359    0.59967   22  789    1.07921    0.54930  49.1%   491   30s
  4276  1448    1.03356   19  769    1.07921    0.58608  45.7%   460   35s
H 4742  1343                       1.0792072    0.61144  43.3%   459   37s
  4977  1348    0.99798   33  512    1.07921    0.61329  43.2%   459   41s
  5832  1039     cutoff   45         1.07921    0.78523  27.2%   464   45s
H 5871   964                       1.0792072    0.78523  27.2%   465   45s
  7602  1225    1.04106   26  602    1.07921    0.94316  12.6%   428   50s
 10039  2022     cutoff   33         1.07921    0.98096  9.10%   374   55s
 12746  2581     cutoff   34         1.07921    1.01415  6.03%   334   63s
 14038  3107    1.05875   28  505    1.07921    1.02218  5.28%   318   66s
 17823  4345    1.07643   56  117    1.07921    1.03177  4.40%   278   71s
H20161  4809                       1.0778241    1.03568  3.91%   259   74s
H20254  4580                       1.0748808    1.03568  3.65%   258   74s
H20342  4446                       1.0736529    1.03568  3.54%   257   74s
 20362  4799    1.05504   43  371    1.07365    1.03621  3.49%   257   75s
 24698  6128     cutoff   55         1.07365    1.04136  3.01%   227   80s
 31992  8076    1.05969   36  296    1.07365    1.04646  2.53%   192   85s
 40492  9951    1.07065   45  244    1.07365    1.05024  2.18%   165   90s
 50727 11567    1.06235   41  325    1.07365    1.05313  1.91%   143   95s
 60522 13024     cutoff   41         1.07365    1.05514  1.72%   128  100s
 71534 14355     cutoff   52         1.07365    1.05711  1.54%   116  105s
 81755 15180     cutoff   40         1.07365    1.05843  1.42%   108  110s
 94332 15906    1.07271   60  125    1.07365    1.05994  1.28%  99.2  115s
 106514 15770     cutoff   37         1.07365    1.06121  1.16%  92.9  120s
 110077 15699    1.07228   30  317    1.07365    1.06155  1.13%  91.3  131s
 117433 15262    1.06410   49  224    1.07365    1.06231  1.06%  88.3  135s
 129070 14416 infeasible   45         1.07365    1.06348  0.95%  84.0  140s
 140514 13511     cutoff   53         1.07365    1.06456  0.85%  80.3  145s
 153391 11913     cutoff   52         1.07365    1.06583  0.73%  76.7  150s
 166216  9863     cutoff   45         1.07365    1.06717  0.60%  73.5  155s
 181245  6075     cutoff   50         1.07365    1.06906  0.43%  69.9  160s
H188774  4204                       1.0736529    1.07001  0.34%  68.1  162s
 188971  4186     cutoff   47         1.07365    1.07024  0.32%  68.1  168s
 195338  1402    1.07174   72   14    1.07365    1.07109  0.24%  66.5  170s

Cutting planes:
  Gomory: 98
  Cover: 1
  MIR: 16
  Zero half: 11
  RLT: 9

Explored 201532 nodes (13062349 simplex iterations) in 171.35 seconds (179.02 work units)
Thread count was 16 (of 16 available processors)

Solution count 10: 1.07365 1.07365 1.07488 ... 1.09673
No other solutions better than 1.07365

Optimal solution found (tolerance 1.00e-04)
Warning: max constraint violation (3.7420e-05) exceeds tolerance
Warning: max general constraint violation (3.7420e-05) exceeds tolerance
Best objective 1.073652874557e+00, best bound 1.073652886804e+00, gap 0.0000%
