
Gurobi 9.5.0 (linux64) logging started Tue 15 Nov 2022 06:52:13 AM PST

Set parameter LogFile to value "experiments/t_3_theta_0.5/gurobi.1668523932.log"
Set parameter LogToConsole to value 0
Set parameter TimeLimit to value 1800
Set parameter Threads to value 16
Gurobi Optimizer version 9.5.0 build v9.5.0rc5 (linux64)
Thread count: 8 physical cores, 16 logical processors, using up to 16 threads
Optimize a model with 341 rows, 1458 columns and 5334 nonzeros
Model fingerprint: 0xcece6d31
Model has 3450 quadratic objective terms
Model has 225 quadratic constraints
Model has 3 general constraints
Variable types: 90 continuous, 1368 integer (1368 binary)
Coefficient statistics:
  Matrix range     [1e+00, 1e+01]
  QMatrix range    [1e+00, 1e+00]
  QLMatrix range   [1e+00, 1e+00]
  Objective range  [0e+00, 0e+00]
  QObjective range [4e-05, 2e+01]
  Bounds range     [1e+00, 8e+02]
  RHS range        [1e+00, 1e+02]
Presolve added 35 rows and 1307 columns
Presolve time: 0.04s
Presolved: 4999 rows, 5114 columns, 37576 nonzeros
Variable types: 1473 continuous, 3641 integer (3486 binary)

Root relaxation: objective 2.131628e-13, 5412 iterations, 0.29 seconds (0.30 work units)

    Nodes    |    Current Node    |     Objective Bounds      |     Work
 Expl Unexpl |  Obj  Depth IntInf | Incumbent    BestBd   Gap | It/Node Time

     0     0    0.00000    0 3487          -    0.00000      -     -    0s
H    0     0                      85.3628034    0.00000   100%     -    0s
H    0     0                      68.6059343    0.00000   100%     -    0s
     0     0    0.02424    0 3466   68.60593    0.02424   100%     -    1s
     0     0    0.08538    0 3025   68.60593    0.08538   100%     -    1s
     0     0    0.08540    0 3025   68.60593    0.08540   100%     -    1s
     0     0    0.09588    0 2954   68.60593    0.09588   100%     -    1s
     0     0    0.09594    0 2950   68.60593    0.09594   100%     -    1s
     0     0    0.10014    0 2943   68.60593    0.10014   100%     -    2s
     0     0    0.10019    0 2948   68.60593    0.10019   100%     -    2s
     0     0    0.10201    0 2936   68.60593    0.10201   100%     -    2s
     0     0    0.10201    0 2929   68.60593    0.10201   100%     -    2s
H    0     0                      19.4689196    0.10202  99.5%     -    3s
H    0     0                      19.2345543    0.10202  99.5%     -    3s
H    0     2                      19.0656847    0.10202  99.5%     -    3s
     0     2    0.10202    0 2922   19.06568    0.10202  99.5%     -    3s
H   42    56                      19.0633673    0.11172  99.4%   648    4s
H   43    56                      19.0522838    0.11172  99.4%   638    4s
H   45    56                      18.7719335    0.11172  99.4%   666    4s
H   52    56                      10.9558275    0.11172  99.0%   654    4s
    73    84    0.19920    7 2595   10.95583    0.11172  99.0%   825    5s
H   89    97                      10.4758700    0.11172  98.9%   813    9s
H   89    97                       2.4242342    0.11172  95.4%   813    9s
H   92    97                       2.3050229    0.11172  95.2%   793    9s
H   95    97                       2.3010232    0.11172  95.1%   780    9s
H   96    97                       2.1598661    0.11172  94.8%   797    9s
H   98    97                       2.1501775    0.11172  94.8%   788    9s
   108   111    0.21951    8 2478    2.15018    0.11172  94.8%   769   10s
H  282   288                       2.1121590    0.11172  94.7%   646   12s
   966  1073    0.44622   14 1523    2.11216    0.11172  94.7%   333   15s
H 1443  1485                       2.1090091    0.11172  94.7%   246   16s
H 1450  1485                       2.0822063    0.11172  94.6%   246   16s
H 1466  1485                       2.0797021    0.11172  94.6%   244   16s
H 2511  2306                       1.9662278    0.11172  94.3%   164   17s
H 2519  2294                       1.9361918    0.11172  94.2%   163   18s
H 2544  2264                       1.8951165    0.11172  94.1%   165   18s
H 2692  2284                       1.6717177    0.11172  93.3%   165   18s
  2870  2396    0.59188   43 1084    1.67172    0.11172  93.3%   177   20s
H 3122  2485                       1.5198477    0.11172  92.6%   197   24s
H 3125  2411                       1.4605946    0.11172  92.4%   197   24s
H 3187  2443                       1.4283540    0.11172  92.2%   204   28s
H 3188  2442                       1.4280883    0.11172  92.2%   204   28s
H 3189  2397                       1.4001957    0.11172  92.0%   204   28s
H 3192  2367                       1.3469001    0.11172  91.7%   204   28s
  3331  2540    0.75279   50  998    1.34690    0.11172  91.7%   213   30s
H 3634  2721                       1.3421578    0.11172  91.7%   224   37s
  3641  2724    0.57975   19 2820    1.34216    0.11172  91.7%   224   40s
H 3646  2590                       1.3304434    0.13540  89.8%   224   42s
H 3649  2462                       1.3268818    0.13864  89.6%   224   44s
H 3649  2339                       1.3155888    0.13864  89.5%   224   44s
H 3650  2222                       1.3104068    0.14003  89.3%   223   44s
  3651  2223    0.72177   30 2824    1.31041    0.14086  89.3%   223   45s
H 3652  2112                       1.3100260    0.14184  89.2%   223   46s
H 3652  2006                       1.3054231    0.14184  89.1%   223   46s
H 3652  1905                       1.2972237    0.14233  89.0%   223   46s
  3658  1909    1.18404  136 2824    1.29722    0.17757  86.3%   223   50s
  3665  1914    0.45834   12 2807    1.29722    0.20265  84.4%   223   55s
  3673  1919    0.48566   17 2812    1.29722    0.22293  82.8%   222   60s
H 3681  1828                       1.2912930    0.23718  81.6%   222   65s
H 3689  1741                       1.2886363    0.25968  79.8%   221   69s
  3691  1742    0.44593   12 2832    1.28864    0.26535  79.4%   221   70s
H 3691  1654                       1.2870211    0.26576  79.4%   221   70s
  3703  1664    0.41917   11 2810    1.28702    0.27183  78.9%   239   75s
H 3705  1581                       1.2851723    0.27183  78.8%   239   77s
H 3706  1503                       1.2832017    0.27183  78.8%   239   77s
  3713  1508    1.25816   68 2785    1.28320    0.27183  78.8%   238   80s
H 3713  1432                       1.2748302    0.27183  78.7%   238   81s
H 3714  1360                       1.2690409    0.27183  78.6%   238   81s
  3719  1364    0.74022   53 2794    1.26904    0.27183  78.6%   238   85s
  3726  1377    0.32229   31 2441    1.26904    0.27183  78.6%   251   90s
  3750  1401    0.49157   33 2490    1.26904    0.27183  78.6%   267   96s
  3782  1423    0.52171   34 2273    1.26904    0.29131  77.0%   290  100s
  3798  1433    0.56709   34 2470    1.26904    0.29131  77.0%   297  107s
H 3801  1364                       1.2690409    0.29131  77.0%   298  107s
H 3811  1295                       1.2615951    0.29131  76.9%   301  107s
  3838  1336    0.55935   35 2048    1.26160    0.29131  76.9%   306  115s
H 3839  1275                       1.2583007    0.29131  76.8%   306  115s
H 3843  1214                       1.2579379    0.29131  76.8%   307  115s
  3923  1290    0.59817   38 1862    1.25794    0.29131  76.8%   320  120s
  4159  1456    0.73818   48 1703    1.25794    0.29131  76.8%   330  125s
  4400  1611    0.77067   55 1111    1.25794    0.29131  76.8%   340  130s
  4703  1771    0.80062   63  669    1.25794    0.29131  76.8%   345  135s
  4962  1840    0.89356   72  724    1.25794    0.29131  76.8%   353  140s
  5149  1976    1.05073   83  953    1.25794    0.29131  76.8%   366  145s
  5382  2131     cutoff   99         1.25794    0.29706  76.4%   377  151s
  5598  2236    0.49468   35 2185    1.25794    0.29706  76.4%   383  155s
  5836  2287    0.58639   38 2432    1.25794    0.29706  76.4%   388  161s
  5993  2341    0.72644   45 2375    1.25794    0.29706  76.4%   401  166s
  6120  2427    0.88692   50 1603    1.25794    0.29706  76.4%   415  172s
  6196  2481    0.89437   52 1431    1.25794    0.29706  76.4%   422  175s
  6391  2538     cutoff   60         1.25794    0.38251  69.6%   433  182s
  6505  2539    0.44610   34 2255    1.25794    0.38251  69.6%   440  188s
H 6537  2472                       1.2579377    0.38251  69.6%   442  188s
H 6539  2419                       1.2568601    0.38251  69.6%   442  188s
  6546  2505    0.48604   35 2374    1.25686    0.38251  69.6%   443  192s
  6658  2552    0.61854   38 2361    1.25686    0.38251  69.6%   449  195s
  6850  2677    0.79775   45 2007    1.25686    0.38251  69.6%   464  203s
  6941  2755    0.85871   50 2025    1.25686    0.38251  69.6%   471  207s
H 7043  2769                       1.2558280    0.38251  69.5%   478  225s
H 7051  2769                       1.2557763    0.38251  69.5%   479  225s
H 7054  2769                       1.2548875    0.38251  69.5%   480  225s
H 7055  2769                       1.2534351    0.38251  69.5%   480  225s
  7188  2917     cutoff   66         1.25344    0.40333  67.8%   489  234s
  7313  2975    0.48710   36 2460    1.25344    0.40333  67.8%   497  239s
  7377  3041    0.51379   37 2356    1.25344    0.40942  67.3%   508  245s
  7445  3138    0.52721   38 2305    1.25344    0.40942  67.3%   519  250s
  7544  3159    0.55100   38 2216    1.25344    0.40942  67.3%   526  259s
H 7556  3138                       1.2477999    0.40942  67.2%   528  259s
  7578  3206    0.57134   39 2123    1.24780    0.40942  67.2%   530  264s
  7671  3298    0.54838   39 2383    1.24780    0.40942  67.2%   540  270s
  7771  3414    0.55676   39 2275    1.24780    0.40942  67.2%   550  276s
  7909  3535    0.82822   45 2060    1.24780    0.40942  67.2%   558  281s
  8069  3588    0.86450   46 2111    1.24780    0.40942  67.2%   564  287s
  8188  3662    1.23713   49 2342    1.24780    0.41507  66.7%   574  294s
  8319  3731    0.50969   36 2128    1.24780    0.41507  66.7%   584  300s
  8416  3819    0.63538   41 2014    1.24780    0.41507  66.7%   593  307s
  8535  3901    0.78261   48 2142    1.24780    0.41507  66.7%   602  314s
  8658  3998    0.98845   54 1986    1.24780    0.41507  66.7%   611  322s
  8824  4085    1.20217   68 1431    1.24780    0.45563  63.5%   620  331s
  8946  4130    0.52801   37 2232    1.24780    0.45563  63.5%   630  340s
H 8981  4112                       1.2446938    0.45563  63.4%   634  340s
  8991  4231    0.52924   37 2059    1.24469    0.45563  63.4%   635  348s
  9110  4330    0.60100   43 2075    1.24469    0.45563  63.4%   645  357s
  9244  4464    0.59821   42 1932    1.24469    0.45563  63.4%   656  366s
  9414  4578    0.57322   42 1986    1.24469    0.45563  63.4%   664  376s
  9594  4720    0.76312   45 2052    1.24469    0.45563  63.4%   674  386s
  9754  4867    0.69640   46 2065    1.24469    0.45563  63.4%   684  395s
  9939  4983    0.71405   47 2058    1.24469    0.45563  63.4%   693  406s
 10117  5100    0.93111   52 1923    1.24469    0.45563  63.4%   705  416s
 10256  5267    0.93029   54 2041    1.24469    0.45563  63.4%   716  427s
 10442  5465    0.97116   55 2121    1.24469    0.45563  63.4%   725  438s
 10743  5595    1.04421   64 1641    1.24469    0.45563  63.4%   729  452s
 10938  5774    1.14163   72 1567    1.24469    0.45563  63.4%   738  464s
 11145  5927    1.20157   76 1438    1.24469    0.48344  61.2%   746  476s
 11439  6056    0.56579   39 2113    1.24469    0.48344  61.2%   752  489s
 11736  6210    0.82826   44 2346    1.24469    0.48344  61.2%   758  503s
 11932  6337    1.24071   49 2244    1.24469    0.48344  61.2%   769  517s
 12154  6509    0.64745   42 2282    1.24469    0.48344  61.2%   779  532s
 12422  6639    1.24279   55 1621    1.24469    0.48344  61.2%   788  550s
 12683  6781    1.21409   55 1604    1.24469    0.48344  61.2%   795  567s
 12993  6952    1.22379   59 1609    1.24469    0.48882  60.7%   803  584s
 13235  7105    0.79885   46 2195    1.24469    0.49115  60.5%   814  602s
 13512  7286    0.87717   49 2072    1.24469    0.49115  60.5%   821  620s
 13727  7410    1.23088   56 1583    1.24469    0.49405  60.3%   835  639s
 13990  7626    0.69302   50 1936    1.24469    0.49504  60.2%   849  658s
H14301  7638                       1.2446936    0.49809  60.0%   856  809s
H14302  7631                       1.2434458    0.49809  59.9%   856  809s
H14303  7624                       1.2422912    0.49809  59.9%   856  809s
H14304  7623                       1.2421233    0.49809  59.9%   856  809s
H14315  7623                       1.2420869    0.49809  59.9%   856  809s
H14316  7612                       1.2414332    0.49809  59.9%   856  809s
 14320  7794    0.63930   43 1979    1.24143    0.49809  59.9%   857  830s
 14614  8028    0.79646   49 1902    1.24143    0.49809  59.9%   867  851s
 14904  8354    0.91764   54 1856    1.24143    0.49809  59.9%   877  874s
 15315  8601    1.07258   60 1679    1.24143    0.49939  59.8%   883  898s
 15687  8833    0.56736   43 2085    1.24143    0.49940  59.8%   889  922s
 16022  9067    0.98373   52 2234    1.24143    0.50468  59.3%   896  947s
 16357  9310    0.95395   48 2209    1.24143    0.50936  59.0%   902  972s
 16742  9512    0.71851   44 2013    1.24143    0.50991  58.9%   911  998s
 17090  9767    0.53707   37 2406    1.24143    0.51160  58.8%   922 1029s
 17472 10103    0.99867   51 2222    1.24143    0.51442  58.6%   931 1059s
 17815 10588    0.64300   45 2243    1.24143    0.51446  58.6%   944 1089s
 18380 11101    0.62614   38 2334    1.24143    0.51446  58.6%   948 1118s
 19107 11414    1.06961   60 2031    1.24143    0.51655  58.4%   945 1152s
 19488 11981    0.96403   48 2271    1.24143    0.51666  58.4%   956 1184s
 20218 12360    0.83375   43 2290    1.24143    0.51666  58.4%   956 1219s
H20774 12372                       1.2375242    0.51700  58.2%   962 1263s
H20821 12293                       1.2334273    0.51700  58.1%   963 1263s
 20960 13728    0.80009   45 2473    1.23343    0.51971  57.9%   969 1436s
 23090 14250    0.69652   45 1917    1.23343    0.52443  57.5%  1018 1510s
 23921 14786    0.69667   51 2148    1.23343    0.52789  57.2%  1031 1580s
 24838 15354    1.00265   51 2189    1.23343    0.53000  57.0%  1037 1655s
 25688 15842    0.74159   42 2421    1.23343    0.53278  56.8%  1049 1736s
 26478 16281     cutoff   65         1.23343    0.53278  56.8%  1066 1800s

Cutting planes:
  Gomory: 741
  Implied bound: 5
  MIR: 118
  StrongCG: 13
  Flow cover: 475
  Zero half: 112
  RLT: 54
  Relax-and-lift: 1
  BQP: 1

Explored 27167 nodes (29193840 simplex iterations) in 1800.03 seconds (2938.58 work units)
Thread count was 16 (of 16 available processors)

Solution count 10: 1.23343 1.23752 1.24143 ... 1.2478

Time limit reached
Warning: max constraint violation (5.5340e-04) exceeds tolerance
Warning: max general constraint violation (5.5340e-04) exceeds tolerance
Best objective 1.233427164021e+00, best bound 5.366840650228e-01, gap 56.4884%
