
Gurobi 9.5.0 (linux64) logging started Tue 15 Nov 2022 04:49:09 AM PST

Set parameter LogFile to value "experiments/t_1_theta_0.7/gurobi.1668516548.log"
Set parameter LogToConsole to value 0
Set parameter TimeLimit to value 1800
Set parameter Threads to value 16
Gurobi Optimizer version 9.5.0 build v9.5.0rc5 (linux64)
Thread count: 8 physical cores, 16 logical processors, using up to 16 threads
Optimize a model with 339 rows, 1398 columns and 5276 nonzeros
Model fingerprint: 0xa195fe34
Model has 3400 quadratic objective terms
Model has 75 quadratic constraints
Model has 1 general constraint
Variable types: 80 continuous, 1318 integer (1318 binary)
Coefficient statistics:
  Matrix range     [1e+00, 1e+01]
  QMatrix range    [1e+00, 1e+00]
  QLMatrix range   [1e+00, 1e+00]
  Objective range  [0e+00, 0e+00]
  QObjective range [5e-05, 3e+01]
  Bounds range     [1e+00, 8e+02]
  RHS range        [1e+00, 1e+02]
Presolve added 0 rows and 1025 columns
Presolve removed 26 rows and 0 columns
Presolve time: 0.01s
Presolved: 2395 rows, 4505 columns, 12202 nonzeros
Presolved model has 1 SOS constraint(s)
Variable types: 1105 continuous, 3400 integer (3375 binary)

Root relaxation: objective 2.761963e-01, 1426 iterations, 0.05 seconds (0.07 work units)

    Nodes    |    Current Node    |     Objective Bounds      |     Work
 Expl Unexpl |  Obj  Depth IntInf | Incumbent    BestBd   Gap | It/Node Time

     0     0    0.27620    0 1319          -    0.27620      -     -    0s
H    0     0                      38.2337585    0.27620  99.3%     -    0s
H    0     0                      26.5115850    0.27620  99.0%     -    0s
     0     0    0.32595    0 1336   26.51159    0.32595  98.8%     -    0s
     0     0    0.45232    0 1224   26.51159    0.45232  98.3%     -    0s
     0     0    0.45232    0 1224   26.51159    0.45232  98.3%     -    0s
H    0     0                      15.1099301    0.45232  97.0%     -    0s
     0     0    0.46462    0 1210   15.10993    0.46462  96.9%     -    0s
     0     0    0.46470    0 1209   15.10993    0.46470  96.9%     -    0s
     0     0    0.46953    0 1220   15.10993    0.46953  96.9%     -    0s
     0     0    0.46976    0 1220   15.10993    0.46976  96.9%     -    0s
H    0     0                      15.1098153    0.46976  96.9%     -    0s
     0     0    0.47112    0 1231   15.10982    0.47112  96.9%     -    0s
     0     0    0.47112    0 1224   15.10982    0.47112  96.9%     -    0s
     0     2    0.47148    0 1223   15.10982    0.47148  96.9%     -    0s
H  150   152                       3.3030219    0.47844  85.5%   306    3s
H  187   201                       3.1673491    0.47844  84.9%   284    3s
H  189   201                       3.0477280    0.47844  84.3%   287    3s
H  195   201                       2.9599989    0.47844  83.8%   285    3s
H  297   305                       2.9467948    0.47844  83.8%   267    5s
H  299   305                       2.9458028    0.47844  83.8%   269    5s
H  301   305                       2.8871447    0.47844  83.4%   268    5s
H  303   305                       2.7133654    0.47844  82.4%   272    5s
H 1248  1259                       2.7052231    0.47844  82.3%   213    7s
H 1249  1259                       2.7052231    0.47844  82.3%   213    7s
H 1253  1254                       2.6638059    0.47844  82.0%   213    7s
H 1671  1448                       1.6802899    0.47844  71.5%   190    8s
H 1817  1442                       1.6402734    0.47844  70.8%   182    8s
  1963  1460    0.65157    6 1142    1.64027    0.48240  70.6%   185   10s
H 1994  1250                       1.5506882    0.48240  68.9%   185   10s
* 2524  1429             113       1.3531139    0.48764  64.0%   207   11s
H 2659  1354                       1.3517084    0.48764  63.9%   204   12s
H 2667  1276                       1.3502373    0.49036  63.7%   203   14s
H 2669  1213                       1.3488287    0.49895  63.0%   203   14s
H 2670  1153                       1.3455098    0.49895  62.9%   203   15s
H 2678  1100                       1.3441478    0.54195  59.7%   202   17s
  2687  1106    0.77566    7 1386    1.34415    0.54685  59.3%   201   20s
H 2688  1051                       1.3406561    0.54685  59.2%   201   20s
H 2744  1034                       1.3395321    0.70395  47.4%   233   24s
  2746  1049    0.98519   16 1150    1.33953    0.70395  47.4%   234   25s
H 2779  1018                       1.3393501    0.70395  47.4%   245   26s
H 2843   997                       1.3370462    0.70395  47.4%   259   27s
H 2851   948                       1.2281873    0.70395  42.7%   260   27s
H 2854   904                       1.2203688    0.70395  42.3%   260   27s
H 2864   849                       1.2203688    0.70395  42.3%   263   29s
H 2868   809                       1.2115694    0.70395  41.9%   263   29s
  2894   807    0.99133   17 1117    1.21157    0.70395  41.9%   262   34s
H 2904   767                       1.2042745    0.70395  41.5%   263   34s
  2921   784    1.19888   18 1211    1.20427    0.70395  41.5%   265   35s
  3229   843     cutoff   20         1.20427    0.70395  41.5%   317   40s
  3555   994    1.05066   33 1037    1.20427    0.70395  41.5%   349   45s
  4073  1205    1.12476   39  958    1.20427    0.70395  41.5%   369   50s
  4517  1336    1.17705   49  844    1.20427    0.70395  41.5%   378   55s
  5152  1749    0.91359   20 1074    1.20427    0.73874  38.7%   397   61s
  5606  2079    1.06276   30  909    1.20427    0.73874  38.7%   405   65s
  6461  2845    1.16139   42  787    1.20427    0.73874  38.7%   402   70s
  7168  3530    1.17909   51  737    1.20427    0.80822  32.9%   394   75s
  7867  3951    1.00391   22 1227    1.20427    0.80822  32.9%   398  100s
H 7882  3596                       1.1927497    0.80822  32.2%   399  100s
H 7977  3601                       1.1927497    0.80822  32.2%   400  105s
H 7978  3601                       1.1927497    0.80822  32.2%   400  105s
H 7981  3530                       1.1905960    0.80822  32.1%   400  105s
H 7997  3530                       1.1905960    0.80822  32.1%   401  105s
  8489  4189    1.04305   28 1204    1.19060    0.80822  32.1%   407  111s
  9266  4711    1.13307   34 1187    1.19060    0.80822  32.1%   402  116s
  9824  5008    1.18647   42 1111    1.19060    0.84915  28.7%   408  121s
 10487  5270     cutoff   40         1.19060    0.86888  27.0%   414  126s
 11338  5768    1.11155   30  949    1.19060    0.89040  25.2%   414  132s
 11742  5880     cutoff   45         1.19060    0.90194  24.2%   415  144s
 11931  6142    1.07834   31  981    1.19060    0.91523  23.1%   415  147s
 12332  6417    1.10459   25 1120    1.19060    0.91538  23.1%   417  150s
 13250  7036    1.04819   27 1120    1.19060    0.92684  22.2%   420  157s
 13642  7286    1.16087   41  944    1.19060    0.93332  21.6%   424  161s
 14026  7569    1.09718   49  701    1.19060    0.93681  21.3%   428  165s
 14762  8110    1.16833   57  574    1.19060    0.93815  21.2%   438  173s
 15186  8423     cutoff   27         1.19060    0.93881  21.1%   442  177s
 15703  8796     cutoff   37         1.19060    0.94274  20.8%   444  182s
 16260  9185    1.04168   24 1075    1.19060    0.94703  20.5%   445  186s
 16837  9565    1.12211   38  910    1.19060    0.94880  20.3%   447  191s
 17394 10070    1.16252   26 1151    1.19060    0.95391  19.9%   450  196s
 18003 10572    1.12061   33 1028    1.19060    0.95413  19.9%   452  201s
 18791 11174 infeasible   43         1.19060    0.95568  19.7%   451  206s
 19652 11797    1.09855   53  622    1.19060    0.95780  19.6%   448  212s
 20481 12432    1.16771   45  961    1.19060    0.95960  19.4%   447  217s
 21308 12826    0.98731   28 1099    1.19060    0.95967  19.4%   446  225s
 21856 13374    1.16339   72  525    1.19060    0.96146  19.2%   447  231s
 22717 13869    1.10016   29  920    1.19060    0.96483  19.0%   447  237s
 23515 14550    1.04331   33  901    1.19060    0.96766  18.7%   448  244s
 24528 15249    1.12724   44  848    1.19060    0.96951  18.6%   447  250s
 25531 15762    1.04618   28  853    1.19060    0.97156  18.4%   446  257s
 26353 16113    1.13261   31  894    1.19060    0.97384  18.2%   449  264s
 27110 16577    1.01320   34 1077    1.19060    0.97502  18.1%   453  272s
 27962 17475    1.17257   34  947    1.19060    0.97798  17.9%   456  279s
 29255 18282    1.18421   35  958    1.19060    0.98045  17.7%   453  287s
 30472 19189    1.14853   32  919    1.19060    0.98297  17.4%   451  295s
 31786 19974    1.15650   67  460    1.19060    0.98511  17.3%   450  304s
 33018 21010    1.10167   49  726    1.19060    0.98739  17.1%   449  312s
 34288 21809    1.07524   36  947    1.19060    0.98756  17.1%   449  321s
 35428 22754    1.16826   53  719    1.19060    0.98812  17.0%   452  331s
 36718 23913    1.08854   32  840    1.19060    0.98884  16.9%   451  341s
 38293 24700    1.07112   36  990    1.19060    0.99001  16.8%   450  351s
 39630 25555    1.06800   30 1022    1.19060    0.99128  16.7%   451  361s
 40967 26610    1.15046   58  583    1.19060    0.99268  16.6%   452  373s
 42613 27217    1.18034   56  637    1.19060    0.99493  16.4%   452  384s
 44014 28398    1.12889   38  948    1.19060    0.99684  16.3%   453  396s
 45804 29554    1.06553   30 1038    1.19060    0.99855  16.1%   451  407s
 47324 30969    1.11131   45  740    1.19060    1.00012  16.0%   453  418s
 49333 31982     cutoff   35         1.19060    1.00132  15.9%   450  430s
 50910 32831     cutoff   45         1.19060    1.00309  15.7%   450  442s
 52191 33550    1.05070   31  943    1.19060    1.00401  15.7%   452  453s
 53304 34401    1.11683   36  980    1.19060    1.00416  15.7%   455  466s
 54662 35286    1.11257   30  876    1.19060    1.00576  15.5%   457  478s
 56110 36153    1.16618   42  718    1.19060    1.00781  15.4%   459  491s
 57567 36864    1.13614   30 1102    1.19060    1.00879  15.3%   460  504s
 58933 37889    1.08304   34 1008    1.19060    1.01026  15.1%   462  517s
 60653 39235    1.05825   32  940    1.19060    1.01161  15.0%   461  530s
 62691 40115     cutoff   41         1.19060    1.01293  14.9%   459  543s
 64311 40958     cutoff   42         1.19060    1.01487  14.8%   459  555s
 65749 41481    1.06142   32  827    1.19060    1.01607  14.7%   461  569s
H65764 41481                       1.1905960    1.01607  14.7%   460  569s
 66580 41485    1.09844   47  604    1.19060    1.01607  14.7%   460  626s
H66582 41252                       1.1889670    1.01607  14.5%   460  626s
 66608 42474    1.09962   48  578    1.18897    1.01609  14.5%   460  639s
 68555 43601    1.09747   34  869    1.18897    1.01769  14.4%   459  652s
 70156 44944    1.06960   32  895    1.18897    1.01834  14.4%   460  665s
 72027 45906    1.10629   38  667    1.18897    1.01952  14.3%   458  678s
 73503 47029    1.09152   42  667    1.18897    1.02040  14.2%   459  691s
 75319 47988    1.15946   42  746    1.18897    1.02139  14.1%   458  704s
 76959 49021    1.12126   19 1031    1.18897    1.02199  14.0%   458  716s
 78514 49803    1.17626   62  597    1.18897    1.02289  14.0%   458  729s
 79890 50809     cutoff   51         1.18897    1.02346  13.9%   460  742s
 81462 51713    1.15378   45  816    1.18897    1.02392  13.9%   460  755s
 82882 52623    1.17224   44  800    1.18897    1.02482  13.8%   461  769s
 84292 53933    1.16309   35 1041    1.18897    1.02634  13.7%   462  782s
 86103 54886    1.16664   45  768    1.18897    1.02693  13.6%   462  794s
 87725 55909    1.10731   28  887    1.18897    1.02715  13.6%   463  808s
 89302 57135     cutoff   46         1.18897    1.02795  13.5%   463  821s
 91128 57899     cutoff   38         1.18897    1.02867  13.5%   463  834s
 92461 58717    1.13581   31  879    1.18897    1.02949  13.4%   464  848s
 93896 59746    1.10273   44  646    1.18897    1.03002  13.4%   465  861s
 95384 60795    1.06680   38  800    1.18897    1.03030  13.3%   466  875s
 97078 62285    1.15030   41  937    1.18897    1.03125  13.3%   466  889s
 99076 63414     cutoff   38         1.18897    1.03188  13.2%   465  902s
 100859 64524    1.14409   43  715    1.18897    1.03254  13.2%   465  915s
 102467 65638     cutoff   61         1.18897    1.03300  13.1%   465  928s
 104181 66532    1.05469   31 1056    1.18897    1.03369  13.1%   465  941s
 105596 66977     cutoff   23         1.18897    1.03452  13.0%   466  954s
 106774 67751    1.09512   37  859    1.18897    1.03482  13.0%   467  968s
 108149 68770    1.14470   43  897    1.18897    1.03534  12.9%   468  983s
 109719 69718     cutoff   34         1.18897    1.03572  12.9%   469  996s
 111099 70522    1.18034   73  420    1.18897    1.03610  12.9%   471 1010s
 112746 71820    1.15360   46  817    1.18897    1.03674  12.8%   471 1024s
 114632 73108    1.15030   36  782    1.18897    1.03726  12.8%   471 1038s
 116319 74132    1.10394   31 1047    1.18897    1.03789  12.7%   471 1052s
 117965 74916    1.18079   44  655    1.18897    1.03804  12.7%   472 1065s
 119439 75666     cutoff   55         1.18897    1.03857  12.6%   472 1079s
 120873 76531    1.07761   31  920    1.18897    1.03888  12.6%   473 1094s
 122577 77876     cutoff   47         1.18897    1.03936  12.6%   473 1107s
 124485 79001    1.15518   47  519    1.18897    1.04015  12.5%   473 1121s
 126238 79815    1.09099   34  735    1.18897    1.04061  12.5%   473 1134s
 127852 80609     cutoff   31         1.18897    1.04081  12.5%   473 1147s
 129349 81263    1.16611   38  691    1.18897    1.04146  12.4%   474 1161s
 130811 82227    1.16805   45  673    1.18897    1.04188  12.4%   475 1174s
 132489 83462    1.12999   32 1050    1.18897    1.04242  12.3%   475 1188s
 134242 84044    1.13571   33 1053    1.18897    1.04286  12.3%   475 1202s
 135575 85228    1.10419   26  998    1.18897    1.04332  12.2%   476 1216s
 137331 86264    1.11528   34 1009    1.18897    1.04377  12.2%   475 1230s
 139091 87215    1.18535   34  820    1.18897    1.04430  12.2%   475 1244s
 140690 87976     cutoff   38         1.18897    1.04462  12.1%   476 1257s
 142275 88797     cutoff   57         1.18897    1.04500  12.1%   476 1271s
 143757 89877    1.17924   44  947    1.18897    1.04560  12.1%   476 1284s
 145337 90614    1.17141   56  598    1.18897    1.04612  12.0%   477 1298s
 146824 91557    1.07738   31 1012    1.18897    1.04638  12.0%   477 1312s
 148536 92530    1.17925   35  823    1.18897    1.04694  11.9%   478 1326s
 150046 93626     cutoff   50         1.18897    1.04719  11.9%   478 1340s
 151833 94830    1.12705   29 1059    1.18897    1.04776  11.9%   478 1358s
 153722 95645    1.14772   39  583    1.18897    1.04813  11.8%   478 1371s
 155363 96470    1.06759   37  917    1.18897    1.04856  11.8%   478 1385s
 156885 97138    1.12194   52  693    1.18897    1.04892  11.8%   478 1399s
 158498 98052     cutoff   39         1.18897    1.04933  11.7%   478 1413s
 159978 99075    1.11027   33 1096    1.18897    1.04979  11.7%   479 1426s
 161688 99868     cutoff   46         1.18897    1.04999  11.7%   479 1440s
 163159 101062    1.15685   48  702    1.18897    1.05059  11.6%   480 1454s
 164955 101585    1.18519   35  889    1.18897    1.05096  11.6%   480 1468s
 165747 102492    1.18609   36  871    1.18897    1.05096  11.6%   480 1482s
 167476 103366    1.15073   45  781    1.18897    1.05129  11.6%   480 1497s
 168993 104389    1.11306   38  874    1.18897    1.05168  11.5%   480 1511s
 170762 105388    1.13366   38  680    1.18897    1.05193  11.5%   480 1526s
 172499 106429     cutoff   41         1.18897    1.05224  11.5%   481 1540s
 174243 107392 infeasible   42         1.18897    1.05277  11.5%   480 1554s
 175916 108386    1.09588   39  917    1.18897    1.05311  11.4%   481 1568s
 177462 109104     cutoff   54         1.18897    1.05328  11.4%   481 1582s
 178963 109904    1.18855   47  554    1.18897    1.05355  11.4%   482 1596s
 180543 110818    1.16806   43  731    1.18897    1.05396  11.4%   482 1610s
 182361 112054    1.10184   42  865    1.18897    1.05441  11.3%   482 1624s
 184280 113073    1.16737   49  661    1.18897    1.05480  11.3%   481 1637s
 186002 114014    1.07007   31  917    1.18897    1.05499  11.3%   481 1651s
 187702 115078    1.08625   32  961    1.18897    1.05529  11.2%   481 1664s
 189532 115760    1.13768   47  715    1.18897    1.05569  11.2%   481 1677s
 190775 116655    1.11235   38  981    1.18897    1.05589  11.2%   482 1691s
 192390 117520    1.10136   33  999    1.18897    1.05623  11.2%   482 1704s
 193949 118436 infeasible   39         1.18897    1.05656  11.1%   482 1718s
 195686 119449    1.08604   30  944    1.18897    1.05671  11.1%   482 1731s
 197304 120411     cutoff   41         1.18897    1.05709  11.1%   482 1745s
 198937 121464    1.11391   48  689    1.18897    1.05733  11.1%   482 1758s
 200629 122393     cutoff   48         1.18897    1.05765  11.0%   482 1771s
 202089 123366    1.15761   31 1031    1.18897    1.05791  11.0%   483 1785s
 203904 124057     cutoff   29         1.18897    1.05804  11.0%   482 1798s
 205377 124155    1.18617   57  515    1.18897    1.05834  11.0%   483 1800s

Cutting planes:
  Gomory: 460
  Cover: 53
  MIR: 70
  StrongCG: 3
  Flow cover: 18
  Inf proof: 4
  Zero half: 48
  RLT: 10

Explored 205566 nodes (99263904 simplex iterations) in 1800.01 seconds (2910.21 work units)
Thread count was 16 (of 16 available processors)

Solution count 10: 1.18897 1.1906 1.1906 ... 1.22037

Time limit reached
Warning: max constraint violation (8.0283e-05) exceeds tolerance
Warning: max general constraint violation (8.0283e-05) exceeds tolerance
Best objective 1.188966954098e+00, best bound 1.058350139036e+00, gap 10.9857%
