
Gurobi 9.5.0 (linux64) logging started Mon 14 Nov 2022 02:59:14 AM PST

Set parameter LogFile to value "experiments/t_3_theta_0.0/gurobi.1668423553.log"
Set parameter LogToConsole to value 0
Set parameter TimeLimit to value 1800
Set parameter Threads to value 16
Gurobi Optimizer version 9.5.0 build v9.5.0rc5 (linux64)
Thread count: 8 physical cores, 16 logical processors, using up to 16 threads
Optimize a model with 341 rows, 1458 columns and 5334 nonzeros
Model fingerprint: 0x342dfa58
Model has 75 quadratic objective terms
Model has 225 quadratic constraints
Model has 3 general constraints
Variable types: 90 continuous, 1368 integer (1368 binary)
Coefficient statistics:
  Matrix range     [1e+00, 1e+01]
  QMatrix range    [1e+00, 1e+00]
  QLMatrix range   [1e+00, 1e+00]
  Objective range  [0e+00, 0e+00]
  QObjective range [2e+00, 2e+00]
  Bounds range     [1e+00, 8e+02]
  RHS range        [1e+00, 1e+02]
Presolve added 35 rows and 1307 columns
Presolve time: 0.04s
Presolved: 835 rows, 3032 columns, 29248 nonzeros
Variable types: 1473 continuous, 1559 integer (1404 binary)

Root relaxation: objective 0.000000e+00, 649 iterations, 0.01 seconds (0.01 work units)

    Nodes    |    Current Node    |     Objective Bounds      |     Work
 Expl Unexpl |  Obj  Depth IntInf | Incumbent    BestBd   Gap | It/Node Time

     0     0    0.00000    0   73          -    0.00000      -     -    0s
     0     0    0.00000    0  123          -    0.00000      -     -    0s
H    0     0                    4676.4904348   58.88714  98.7%     -    0s
H    0     0                    3795.0773761   58.88714  98.4%     -    0s
     0     0   58.88714    0  116 3795.07738   58.88714  98.4%     -    0s
     0     0   68.74600    0   67 3795.07738   68.74600  98.2%     -    0s
     0     0   68.74600    0   64 3795.07738   68.74600  98.2%     -    0s
H    0     0                    2793.8073973   73.02004  97.4%     -    0s
     0     0   73.02004    0  146 2793.80740   73.02004  97.4%     -    0s
     0     0   73.02004    0  130 2793.80740   73.02004  97.4%     -    0s
     0     0  112.28426    0  178 2793.80740  112.28426  96.0%     -    0s
     0     0  112.28426    0  134 2793.80740  112.28426  96.0%     -    0s
     0     0  114.95845    0  168 2793.80740  114.95845  95.9%     -    0s
     0     0  115.46928    0  164 2793.80740  115.46928  95.9%     -    0s
     0     0  115.47187    0  170 2793.80740  115.47187  95.9%     -    0s
     0     0  115.47187    0   71 2793.80740  115.47187  95.9%     -    0s
     0     2  115.47187    0   61 2793.80740  115.47187  95.9%     -    0s
H   82    88                    2707.2890568  194.60442  92.8%  93.1    0s
H  466   377                    2577.8541750  195.23530  92.4%  50.0    2s
H  481   390                    2577.8541700  195.23530  92.4%  50.2    3s
H  486   390                    2577.8541603  195.23530  92.4%  50.0    3s
H 1719  1205                    2535.4548869  201.07368  92.1%  43.5    4s
H 2124  1374                    2500.8863713  201.18797  92.0%  44.5    4s
  2134  1380 2000.07752   18  120 2500.88637  201.18797  92.0%  44.3    5s
H 2232  1378                    2468.4491087  237.75972  90.4%  56.5    7s
  4460  2078  650.00969   25  137 2468.44911  253.39741  89.7%  74.8   10s
  9087  4220 2336.60504   41   85 2468.44911  543.27520  78.0%  85.1   15s
 13144  6426 1559.48277   35  165 2468.44911  630.72647  74.4%  86.7   20s
 18095  9102 2012.35448   40  116 2468.44911  721.67508  70.8%  87.7   25s
H21017 10296                    2447.9218263  754.82412  69.2%  88.4   27s
H22859 11652                    2446.1162500  766.76619  68.7%  88.3   29s
H22876 11515                    2414.1510698  767.04883  68.2%  88.4   29s
 23247 11939 1006.11768   32  101 2414.15107  773.04949  68.0%  88.3   30s
H25264 12882                    2373.1186315  798.58833  66.3%  88.9   32s
 28262 14225 1734.35483   40  106 2373.11863  812.88012  65.7%  88.7   35s
 32657 16488 1272.22188   30  207 2373.11863  849.63309  64.2%  90.8   40s
 38265 19002 1724.70871   35  141 2373.11863  887.74930  62.6%  90.9   45s
 42931 20296 2019.49253   40   71 2373.11863  915.98526  61.4%  91.2   56s
 42974 20325 1381.04440   30  231 2373.11863  915.98526  61.4%  91.1   60s
H42996 19320                    2373.1186312  915.98526  61.4%  91.1   62s
 43026 19340 1184.02169   29  267 2373.11863  915.98526  61.4%  91.0   65s
 43068 19368 2233.39362   35  241 2373.11863  915.98526  61.4%  90.9   70s
 43116 19400 1884.46332   39  271 2373.11863  918.71598  61.3%  90.8   75s
 43152 19424 1895.45512   36  289 2373.11863  926.08111  61.0%  90.7   80s
 43183 19445 1611.05220   39  290 2373.11863  938.03191  60.5%  90.7   85s
 43211 19464 1853.15686   38  262 2373.11863  939.46914  60.4%  90.6   90s
 43253 19500 1169.55527   31  277 2373.11863 1063.18607  55.2%  95.7   95s
 44330 19846 1772.97680   34  170 2373.11863 1123.24875  52.7%   100  100s
 45689 20058 1644.69939   38  217 2373.11863 1182.14315  50.2%   104  105s
 47834 20515 1465.60055   36  208 2373.11863 1338.37462  43.6%   109  110s
 50055 20765 2008.24778   36  153 2373.11863 1468.81982  38.1%   112  115s
 52559 20971     cutoff   44      2373.11863 1517.76482  36.0%   115  120s
 55948 21149 2333.23163   50  124 2373.11863 1594.21195  32.8%   117  126s
 58561 21191 1846.67914   39  140 2373.11863 1621.03134  31.7%   118  130s
 61925 21646 2259.45955   55   88 2373.11863 1648.39116  30.5%   119  136s
 64777 21615 2136.61582   40  200 2373.11863 1660.47468  30.0%   120  141s
 65655 21326 1904.91004   40  163 2373.11863 1670.86665  29.6%   120  145s
 67770 21843 2329.46702   52   39 2373.11863 1683.51223  29.1%   120  150s
 71241 22018 2077.32887   43  131 2373.11863 1695.57716  28.6%   120  155s
 74986 22128 2082.72363   40  190 2373.11863 1718.75308  27.6%   121  161s
 77920 22174 2010.61151   41  166 2373.11863 1730.50240  27.1%   121  166s
 81029 22075 2258.09720   49  144 2373.11863 1742.17576  26.6%   120  170s
 84200 22293 2026.78378   46  150 2373.11863 1757.35088  25.9%   120  176s
 88000 21914 2359.58898   47  100 2373.11863 1777.85041  25.1%   120  180s
 91226 22006 2040.23733   45  180 2373.11863 1790.36639  24.6%   120  185s
 94523 22058 2059.37161   42  139 2373.11863 1802.14157  24.1%   119  190s
 97935 22067 2198.18848   47  134 2373.11863 1820.27538  23.3%   119  195s
 102525 21833 2175.70012   47  145 2373.11863 1837.31769  22.6%   118  200s
 104741 23002 2205.20973   45  115 2373.11863 1847.38320  22.2%   118  205s
 110190 24505     cutoff   45      2373.11863 1862.56821  21.5%   117  211s
 113416 25464 2037.85181   41  168 2373.11863 1871.58000  21.1%   116  215s
 115744 26130 1971.87697   38  154 2373.11863 1875.33189  21.0%   116  222s
 119362 27018 2318.30139   49  127 2373.11863 1884.61582  20.6%   115  226s
 122843 27916 2357.95623   50   80 2373.11863 1894.50851  20.2%   115  231s
 126306 28853 2314.42930   42  168 2373.11863 1902.97144  19.8%   114  235s
 131781 30098 2210.04193   50   99 2373.11863 1917.88448  19.2%   113  241s
 134980 31011 2243.35662   46  156 2373.11863 1924.13357  18.9%   113  246s
 138357 31858 1995.13499   44  181 2373.11863 1930.43991  18.7%   112  250s
 143211 33116 2031.30859   45  109 2373.11863 1937.46314  18.4%   111  256s
 146465 34091 2054.22962   49  153 2373.11863 1940.07972  18.2%   111  260s
 151901 35527 2249.52139   45  149 2373.11863 1945.09821  18.0%   110  266s
 155254 36170 2134.57285   47  159 2373.11863 1948.03264  17.9%   109  270s
 160082 37460 1985.09383   42  129 2373.11863 1951.46735  17.8%   108  276s
 163491 38207 2317.40285   47   76 2373.11863 1953.95298  17.7%   108  280s
 168499 39319 2198.06586   41  169 2373.11863 1958.71837  17.5%   107  286s
 172309 40121 2083.69342   44  141 2373.11863 1962.03530  17.3%   106  290s
 177240 40948 2293.10047   47  101 2373.11863 1964.77635  17.2%   105  300s
 180920 42136 2355.22903   55   58 2373.11863 1967.04985  17.1%   105  306s
 184544 42804 2296.90985   52  152 2373.11863 1968.91562  17.0%   104  310s
 189516 43958 2343.30230   55  113 2373.11863 1971.77576  16.9%   103  316s
 193244 44576 2182.46466   44  139 2373.11863 1974.28859  16.8%   103  320s
 197997 45435 2362.10653   48  108 2373.11863 1977.73717  16.7%   102  325s
 202966 46510 2159.08395   45  170 2373.11863 1980.65475  16.5%   102  331s
 206258 47194 2265.26139   52  127 2373.11863 1982.57957  16.5%   101  335s
 211282 48188     cutoff   49      2373.11863 1985.28018  16.3%   101  341s
 215062 48810     cutoff   46      2373.11863 1987.23619  16.3%   100  345s
 219993 49836 2355.09025   53   68 2373.11863 1990.17629  16.1%   100  350s
 224677 50784     cutoff   47      2373.11863 1992.63770  16.0%  99.3  356s
 229604 51819     cutoff   45      2373.11863 1994.78324  15.9%  98.8  361s
 232862 52482 2123.89058   41  127 2373.11863 1996.56028  15.9%  98.4  366s
 238166 53613     cutoff   48      2373.11863 1999.33396  15.8%  97.9  371s
 241154 54212 2212.46994   46  139 2373.11863 2000.87994  15.7%  97.6  375s
 246222 55031     cutoff   42      2373.11863 2003.28192  15.6%  97.2  381s
 249696 55613 2333.21629   51  120 2373.11863 2005.31498  15.5%  96.7  385s
 254584 56695 2117.94472   41  146 2373.11863 2007.98521  15.4%  96.3  391s
 258887 57294 2310.51690   42  134 2373.11863 2009.39493  15.3%  96.0  395s
 263389 58270 2246.85922   49  106 2373.11863 2011.56510  15.2%  95.5  400s
 268368 59028 2347.00792   51  126 2373.11863 2013.89731  15.1%  95.1  406s
 269940 59062 2321.23707   49  118 2373.11863 2014.55788  15.1%  95.0  411s
 271790 59591     cutoff   53      2373.11863 2015.33682  15.1%  94.8  415s
 277249 60482 2366.60196   45   70 2373.11863 2017.45770  15.0%  94.3  421s
 280536 60994     cutoff   45      2373.11863 2018.90253  14.9%  94.1  425s
 285209 61706 2300.90611   45  126 2373.11863 2020.91241  14.8%  93.8  430s
 290193 62476 2334.21254   53   80 2373.11863 2022.84915  14.8%  93.4  436s
 295191 63299 2096.66472   48  124 2373.11863 2024.98599  14.7%  92.9  441s
 299003 63873 2241.46038   50  110 2373.11863 2026.47222  14.6%  92.6  445s
 303722 64619     cutoff   51      2373.11863 2028.18639  14.5%  92.2  451s
 308603 65294     cutoff   53      2373.11863 2029.78585  14.5%  91.8  456s
 313493 66060     cutoff   47      2373.11863 2031.57477  14.4%  91.4  461s
 316775 66500 2218.57936   44  147 2373.11863 2032.82623  14.3%  91.2  465s
 322185 67329 2301.45961   42  122 2373.11863 2034.68260  14.3%  90.8  471s
 325570 67798 2367.21574   43  135 2373.11863 2036.19345  14.2%  90.5  475s
 330533 68552     cutoff   46      2373.11863 2037.90252  14.1%  90.2  480s
 335200 69273 2326.70013   51  101 2373.11863 2039.39806  14.1%  89.9  485s
 340007 70070 2197.08680   46  144 2373.11863 2041.16967  14.0%  89.7  491s
 343674 70504 2239.13044   41  183 2373.11863 2042.49654  13.9%  89.4  495s
 348627 71069 2182.58170   46  134 2373.11863 2044.33255  13.9%  89.0  500s
 353469 71626     cutoff   51      2373.11863 2046.30656  13.8%  88.7  505s
 358373 72223 2372.56939   50   71 2373.11863 2048.16289  13.7%  88.4  511s
 361520 72581     cutoff   50      2373.11863 2049.33979  13.6%  88.2  515s
 366984 73243 2245.67705   47  126 2373.11863 2051.69183  13.5%  87.8  520s
 371835 73804     cutoff   48      2373.11863 2053.64827  13.5%  87.5  525s
 376690 74402 2142.63862   47   43 2373.11863 2055.47685  13.4%  87.3  531s
 381524 75054 2256.94844   46  130 2373.11863 2057.21669  13.3%  87.0  536s
 385068 75575     cutoff   55      2373.11863 2058.43418  13.3%  86.8  540s
 389945 76154 2243.39517   47  152 2373.11863 2060.28400  13.2%  86.6  546s
 394781 76687 2095.86879   41  118 2373.11863 2062.09323  13.1%  86.4  551s
 398073 77102 2317.46408   48   83 2373.11863 2063.20926  13.1%  86.2  555s
 402966 77688 2101.61872   41  114 2373.11863 2064.78598  13.0%  86.0  560s
 408288 78242 2242.69382   46   97 2373.11863 2066.79634  12.9%  85.7  566s
 413303 78816     cutoff   47      2373.11863 2068.42736  12.8%  85.5  571s
 416630 79146 2157.00177   48  112 2373.11863 2069.70562  12.8%  85.3  575s
 421578 79601 2285.61014   45   88 2373.11863 2071.29351  12.7%  85.1  580s
 426217 80017 2170.36729   47   71 2373.11863 2072.78851  12.7%  84.9  586s
 431371 80402     cutoff   47      2373.11863 2074.18184  12.6%  84.7  591s
 434633 80678     cutoff   44      2373.11863 2075.27719  12.6%  84.5  595s
 439523 81076 2357.97299   47   83 2373.11863 2076.76578  12.5%  84.3  600s
 444234 81530 2246.42949   44  151 2373.11863 2078.34781  12.4%  84.2  605s
 448877 82050 2266.35821   47   62 2373.11863 2079.78205  12.4%  84.0  611s
 452184 82354 2364.76242   52  126 2373.11863 2080.89378  12.3%  83.8  615s
 457117 82647 2251.78566   45  146 2373.11863 2082.63920  12.2%  83.6  620s
 461932 83043 infeasible   51      2373.11863 2084.13902  12.2%  83.5  625s
 466878 83430 2266.09248   48  135 2373.11863 2085.78543  12.1%  83.2  630s
 472136 83770     cutoff   53      2373.11863 2087.22165  12.0%  83.0  636s
 475477 83972 2208.77901   46  138 2373.11863 2088.22819  12.0%  82.8  640s
 480415 84315     cutoff   43      2373.11863 2089.67615  11.9%  82.6  645s
 485461 84679 2228.68010   49  107 2373.11863 2091.15266  11.9%  82.4  650s
 490249 84957     cutoff   51      2373.11863 2092.50889  11.8%  82.2  655s
 495552 85229 2340.95892   50   82 2373.11863 2093.83636  11.8%  82.0  661s
 500441 85722 2284.99358   47  135 2373.11863 2095.29653  11.7%  81.8  666s
 505272 86092     cutoff   49      2373.11863 2096.62439  11.7%  81.6  671s
 509699 86276 2360.83338   44  132 2373.11863 2097.54668  11.6%  81.5  675s
 513736 86537     cutoff   50      2373.11863 2099.08896  11.5%  81.3  680s
 518535 86909     cutoff   49      2373.11863 2100.85106  11.5%  81.1  685s
 523638 87145 2202.47002   50  106 2373.11863 2102.34578  11.4%  80.9  691s
 528487 87483 2128.97044   44  161 2373.11863 2103.89051  11.3%  80.8  696s
 533519 87675     cutoff   51      2373.11863 2105.38911  11.3%  80.5  701s
 537239 87831 2219.32308   45  114 2373.11863 2106.41018  11.2%  80.4  705s
 542071 88124     cutoff   51      2373.11863 2107.78821  11.2%  80.2  711s
 546874 88402 2349.19444   53   76 2373.11863 2109.17876  11.1%  80.1  716s
 550364 88648     cutoff   54      2373.11863 2110.03695  11.1%  80.0  720s
 552272 88782 2323.17932   48  101 2373.11863 2110.55271  11.1%  79.9  726s
 556043 88959 2238.13506   49   91 2373.11863 2111.69909  11.0%  79.7  730s
 560950 89177 2342.00696   49  116 2373.11863 2112.94829  11.0%  79.6  735s
 565865 89387 2147.79189   46  139 2373.11863 2114.28905  10.9%  79.4  740s
 570973 89652     cutoff   51      2373.11863 2115.59975  10.9%  79.3  746s
 575780 89738 2204.74000   48  123 2373.11863 2116.87193  10.8%  79.1  751s
 579525 89828 2320.18099   43   96 2373.11863 2117.78393  10.8%  79.0  755s
 584356 90059 2350.47561   49  108 2373.11863 2119.19428  10.7%  78.8  760s
 589154 90179 2337.21750   49   79 2373.11863 2120.46857  10.6%  78.7  766s
 593979 90447     cutoff   54      2373.11863 2121.77481  10.6%  78.5  771s
 597249 90542     cutoff   53      2373.11863 2122.73734  10.6%  78.4  775s
 602351 90666 2230.71350   46   64 2373.11863 2124.08981  10.5%  78.2  781s
 607482 90785 2239.66220   45  144 2373.11863 2125.58273  10.4%  78.1  786s
 610818 90836 2161.20997   49  113 2373.11863 2126.36397  10.4%  78.0  790s
 615849 91044 2175.04501   47   89 2373.11863 2127.76588  10.3%  77.8  795s
 621091 91164     cutoff   49      2373.11863 2129.30772  10.3%  77.6  801s
 624533 91190 2144.31207   47  134 2373.11863 2130.34075  10.2%  77.5  805s
 629423 91339     cutoff   48      2373.11863 2131.49257  10.2%  77.4  810s
 634443 91443 2283.32328   47   99 2373.11863 2132.88988  10.1%  77.2  815s
 639379 91491 2192.78428   46  146 2373.11863 2134.13808  10.1%  77.1  820s
 642808 91604 2367.76909   46  128 2373.11863 2135.19031  10.0%  77.0  825s
 648207 91588 2307.94345   49  100 2373.11863 2136.66736  10.0%  76.9  830s
 653365 91607 2181.13423   53   61 2373.11863 2138.09000  9.90%  76.7  835s
 658398 91503 2279.59901   52   68 2373.11863 2139.39986  9.85%  76.6  840s
 663209 91476 2306.07749   48  149 2373.11863 2140.61115  9.80%  76.4  846s
 668557 91484     cutoff   52      2373.11863 2142.10271  9.73%  76.3  851s
 673242 91441 2189.86254   41  104 2373.11863 2143.42070  9.68%  76.1  856s
 678163 91427 2313.57286   49   82 2373.11863 2144.70993  9.62%  76.0  861s
 681393 91402 2315.12253   52   63 2373.11863 2145.44293  9.59%  75.9  865s
 686063 91492 2331.35460   48   90 2373.11863 2146.58873  9.55%  75.8  870s
 690942 91491 2201.35262   45  114 2373.11863 2147.78364  9.50%  75.7  875s
 696209 91378     cutoff   56      2373.11863 2149.24315  9.43%  75.6  881s
 701245 91317     cutoff   51      2373.11863 2150.83898  9.37%  75.5  886s
 706348 91260     cutoff   46      2373.11863 2152.17250  9.31%  75.3  891s
 710009 91224     cutoff   54      2373.11863 2153.22405  9.27%  75.2  895s
 715050 91164 2167.04519   45  134 2373.11863 2154.60501  9.21%  75.1  900s
 719845 91132 2258.99045   42  151 2373.11863 2155.92942  9.15%  75.0  905s
 724910 91089 2319.03120   44  102 2373.11863 2157.09367  9.10%  74.8  910s
 729928 91012 2354.66521   46  135 2373.11863 2158.40192  9.05%  74.7  916s
 735186 90846     cutoff   47      2373.11863 2159.67812  8.99%  74.6  921s
 739789 90753     cutoff   47      2373.11863 2160.83888  8.95%  74.5  926s
 744731 90654 2251.08540   47  119 2373.11863 2161.91204  8.90%  74.3  931s
 749687 90579     cutoff   47      2373.11863 2163.23395  8.84%  74.2  936s
 754738 90437 2352.68041   44  119 2373.11863 2164.34486  8.80%  74.1  941s
 759132 90270     cutoff   51      2373.11863 2165.43796  8.75%  74.0  946s
 762447 90154 2364.71349   50   98 2373.11863 2166.32177  8.71%  73.9  950s
 767519 89962 2323.33560   47  151 2373.11863 2167.51063  8.66%  73.8  955s
 772580 89798 2338.78710   54   53 2373.11863 2168.75725  8.61%  73.6  962s
 774310 89640 infeasible   51      2373.11863 2169.28427  8.59%  73.6  966s
 779488 89401 2299.08745   47  122 2373.11863 2170.46745  8.54%  73.5  971s
 784505 89187     cutoff   44      2373.11863 2171.86334  8.48%  73.4  976s
 789505 89049 2233.83257   50   81 2373.11863 2173.11432  8.43%  73.2  981s
 794434 88785 2349.31425   50  104 2373.11863 2174.27438  8.38%  73.1  986s
 799430 88671     cutoff   49      2373.11863 2175.56942  8.32%  73.0  991s
 804467 88364     cutoff   49      2373.11863 2176.90835  8.27%  72.9  996s
 807795 88218 2259.86036   49   94 2373.11863 2177.66909  8.24%  72.8 1000s
 812917 87933 2200.72173   49  140 2373.11863 2178.92181  8.18%  72.7 1005s
 818084 87696 2274.90404   53   64 2373.11863 2180.05120  8.14%  72.6 1010s
 823086 87326 2185.96196   47  155 2373.11863 2181.38654  8.08%  72.5 1015s
 827929 87003     cutoff   45      2373.11863 2182.61023  8.03%  72.4 1020s
 832975 86746 2184.84223   42  160 2373.11863 2183.88752  7.97%  72.3 1025s
 837451 86291     cutoff   43      2373.11863 2184.94732  7.93%  72.2 1030s
 842534 85986 2314.71471   47  123 2373.11863 2186.28755  7.87%  72.1 1035s
 847604 85589 2341.04267   48  126 2373.11863 2187.54591  7.82%  71.9 1040s
 852571 85237     cutoff   49      2373.11863 2188.88775  7.76%  71.8 1045s
 857858 84845 2256.44303   49  146 2373.11863 2190.11643  7.71%  71.7 1050s
 862815 84455 2242.33920   44  124 2373.11863 2191.31376  7.66%  71.6 1055s
 868009 84050 2212.12386   49  104 2373.11863 2192.62392  7.61%  71.5 1060s
 873124 83722 2364.02375   51  119 2373.11863 2193.81815  7.56%  71.4 1065s
 878209 83222 2244.64999   51  111 2373.11863 2194.93095  7.51%  71.2 1070s
 883210 82849     cutoff   43      2373.11863 2196.11150  7.46%  71.1 1075s
 888232 82418 2198.48430   47  118 2373.11863 2197.41474  7.40%  71.0 1080s
 893123 81927 2339.97699   47  125 2373.11863 2198.66012  7.35%  70.9 1085s
 898191 81376     cutoff   50      2373.11863 2199.74798  7.31%  70.8 1090s
 903018 80862 2244.83207   52   87 2373.11863 2200.94005  7.26%  70.7 1095s
H905649 80782                    2373.1186309 2201.45060  7.23%  70.7 1097s
 907492 80506 2372.12230   42  137 2373.11863 2201.89591  7.22%  70.6 1100s
H908345 80506                    2373.1186271 2201.99589  7.21%  70.6 1100s
H910973 80095                    2373.1186254 2202.74990  7.18%  70.6 1103s
 912564 79860     cutoff   46      2373.11863 2203.17760  7.16%  70.5 1105s
 917680 79358     cutoff   51      2373.11863 2204.39699  7.11%  70.4 1110s
 922867 78775     cutoff   52      2373.11863 2205.71371  7.05%  70.3 1115s
 928003 78226     cutoff   44      2373.11863 2207.04282  7.00%  70.2 1120s
 933044 77764 2248.84130   45   91 2373.11863 2208.28911  6.95%  70.1 1125s
 938186 77217 2242.36033   47   98 2373.11863 2209.55036  6.89%  70.0 1130s
 944750 76364 2322.72393   55  124 2373.11863 2211.14563  6.83%  69.9 1136s
 948055 76013 2212.87364   43   94 2373.11863 2212.02687  6.79%  69.8 1140s
 954786 75213 2283.78334   50  132 2373.11863 2213.53671  6.72%  69.7 1146s
 959930 74669 2303.44257   44  130 2373.11863 2214.79251  6.67%  69.6 1151s
 964951 74139 2260.10720   51   65 2373.11863 2216.03964  6.62%  69.5 1156s
 969993 73476     cutoff   44      2373.11863 2217.37055  6.56%  69.4 1161s
 975033 72789     cutoff   54      2373.11863 2218.63568  6.51%  69.3 1166s
 980245 72263 2347.97056   52   94 2373.11863 2219.96872  6.45%  69.2 1173s
 981715 72031     cutoff   55      2373.11863 2220.10983  6.45%  69.1 1175s
 986291 71273     cutoff   49      2373.11863 2221.53296  6.39%  69.0 1180s
 991810 70474 2333.17985   48   84 2373.11863 2222.93008  6.33%  68.9 1185s
 996853 69677     cutoff   45      2373.11863 2224.21970  6.27%  68.8 1190s
 1003813 68624 2291.97382   53   71 2373.11863 2226.21275  6.19%  68.7 1196s
 1008670 67888 2277.85556   51   48 2373.11863 2227.56405  6.13%  68.6 1201s
 1013770 67062 2293.99978   47  138 2373.11863 2228.70289  6.09%  68.5 1206s
 1018786 66299 2233.35133   46   89 2373.11863 2230.04475  6.03%  68.4 1210s
 1023642 65522 2328.77090   47   68 2373.11863 2231.32925  5.97%  68.3 1215s
 1028789 64593     cutoff   51      2373.11863 2232.58832  5.92%  68.2 1220s
 1033634 63803 2284.23145   48   39 2373.11863 2233.91545  5.87%  68.1 1225s
 1038810 62921 2303.34789   50  120 2373.11863 2235.45328  5.80%  68.0 1230s
 1044005 62094 2369.48998   52   21 2373.11863 2236.92405  5.74%  67.9 1235s
 1047365 61801 2331.23725   55   68 2373.11863 2237.85913  5.70%  67.8 1240s
 1050868 60879     cutoff   53      2373.11863 2238.84191  5.66%  67.8 1245s
 1056041 59921 2311.33705   47   99 2373.11863 2240.24692  5.60%  67.7 1250s
 1061121 59028     cutoff   44      2373.11863 2241.67753  5.54%  67.6 1255s
 1067986 57724     cutoff   48      2373.11863 2243.56346  5.46%  67.4 1261s
 1073135 56753 2306.66193   51   86 2373.11863 2244.92015  5.40%  67.3 1265s
 1078034 55799     cutoff   54      2373.11863 2246.45039  5.34%  67.2 1270s
 1083093 54833     cutoff   43      2373.11863 2247.92668  5.28%  67.1 1275s
 1089910 53476     cutoff   50      2373.11863 2249.90752  5.19%  67.0 1281s
 1094891 52466 2349.51386   48  123 2373.11863 2251.44434  5.13%  66.9 1285s
 1099841 51480 2262.60995   48   91 2373.11863 2252.96086  5.06%  66.8 1290s
 1106571 50112     cutoff   52      2373.11863 2255.05469  4.98%  66.7 1296s
 1111413 49169     cutoff   50      2373.11863 2256.52583  4.91%  66.6 1301s
 1116534 48097     cutoff   52      2373.11863 2258.19248  4.84%  66.5 1305s
 1121576 46983 2336.93943   49   78 2373.11863 2259.83593  4.77%  66.4 1310s
 1128186 45536     cutoff   49      2373.11863 2261.81755  4.69%  66.3 1316s
 1133247 44477 infeasible   45      2373.11863 2263.45690  4.62%  66.2 1320s
 1138175 43328 2357.16279   47  113 2373.11863 2265.26139  4.54%  66.1 1325s
 1144885 41665 2352.22726   54   90 2373.11863 2267.50159  4.45%  66.0 1331s
 1148155 41258     cutoff   48      2373.11863 2268.74788  4.40%  65.9 1335s
 1153562 39664 infeasible   53      2373.11863 2270.60816  4.32%  65.8 1341s
 1158711 38442     cutoff   54      2373.11863 2272.32090  4.25%  65.7 1345s
 1163798 37214 2331.86050   56   74 2373.11863 2274.56612  4.15%  65.6 1350s
 1170480 35417     cutoff   50      2373.11863 2277.19812  4.04%  65.5 1356s
 1175410 34166 2366.37725   52   73 2373.11863 2279.25323  3.96%  65.4 1360s
 1180473 32808 2360.11656   49   86 2373.11863 2281.61366  3.86%  65.3 1365s
 1187230 31050 2363.88384   46  108 2373.11863 2284.54004  3.73%  65.2 1370s
 1192068 29576 2344.81116   49   90 2373.11863 2286.84281  3.64%  65.1 1375s
 1198715 27612     cutoff   55      2373.11863 2290.28005  3.49%  64.9 1380s
 1205206 25599     cutoff   49      2373.11863 2294.22378  3.32%  64.8 1386s
 1210217 24156     cutoff   46      2373.11863 2296.89139  3.21%  64.7 1390s
 1216848 21982     cutoff   48      2373.11863 2300.77538  3.05%  64.6 1396s
 1221913 20287     cutoff   45      2373.11863 2304.12655  2.91%  64.5 1400s
 1228644 18012     cutoff   52      2373.11863 2309.04484  2.70%  64.3 1405s
 1235338 15480     cutoff   54      2373.11863 2314.99868  2.45%  64.2 1411s
 1240233 13397     cutoff   48      2373.11863 2320.08222  2.23%  64.1 1415s
 1246918 10403 2362.64973   52  105 2373.11863 2328.32407  1.89%  63.9 1420s
 1253739  6797 2365.82431   42  135 2373.11863 2339.36815  1.42%  63.7 1425s
 1260607  2328     cutoff   47      2373.11863 2355.36135  0.75%  63.5 1430s

Cutting planes:
  Gomory: 37
  Implied bound: 32
  MIR: 237
  StrongCG: 2
  Flow cover: 1176
  Inf proof: 83
  Zero half: 4
  RLT: 48
  Relax-and-lift: 2
  BQP: 13

Explored 1265367 nodes (80184995 simplex iterations) in 1432.75 seconds (1520.10 work units)
Thread count was 16 (of 16 available processors)

Solution count 10: 2373.12 2373.12 2373.12 ... 2500.89

Optimal solution found (tolerance 1.00e-04)
Warning: max constraint violation (5.5175e-04) exceeds tolerance
Warning: max general constraint violation (5.5175e-04) exceeds tolerance
Best objective 2.373118625418e+03, best bound 2.373118625418e+03, gap 0.0000%
