
Gurobi 9.5.0 (linux64) logging started Tue 15 Nov 2022 09:52:28 AM PST

Set parameter LogFile to value "experiments/t_3_theta_0.7/gurobi.1668534747.log"
Set parameter LogToConsole to value 0
Set parameter TimeLimit to value 1800
Set parameter Threads to value 16
Gurobi Optimizer version 9.5.0 build v9.5.0rc5 (linux64)
Thread count: 8 physical cores, 16 logical processors, using up to 16 threads
Optimize a model with 341 rows, 1458 columns and 5334 nonzeros
Model fingerprint: 0x37390979
Model has 3450 quadratic objective terms
Model has 225 quadratic constraints
Model has 3 general constraints
Variable types: 90 continuous, 1368 integer (1368 binary)
Coefficient statistics:
  Matrix range     [1e+00, 1e+01]
  QMatrix range    [1e+00, 1e+00]
  QLMatrix range   [1e+00, 1e+00]
  Objective range  [0e+00, 0e+00]
  QObjective range [5e-05, 3e+01]
  Bounds range     [1e+00, 8e+02]
  RHS range        [1e+00, 1e+02]
Presolve added 35 rows and 1307 columns
Presolve time: 0.05s
Presolved: 4999 rows, 5114 columns, 37576 nonzeros
Variable types: 1473 continuous, 3641 integer (3486 binary)

Root relaxation: objective -1.989520e-13, 5412 iterations, 0.28 seconds (0.30 work units)

    Nodes    |    Current Node    |     Objective Bounds      |     Work
 Expl Unexpl |  Obj  Depth IntInf | Incumbent    BestBd   Gap | It/Node Time

     0     0    0.00000    0 3487          -    0.00000      -     -    0s
H    0     0                     118.6321231    0.00000   100%     -    0s
H    0     0                      95.1725063    0.00000   100%     -    0s
     0     0    0.03394    0 3463   95.17251    0.03394   100%     -    1s
     0     0    0.10090    0 3023   95.17251    0.10090   100%     -    1s
     0     0    0.10093    0 3024   95.17251    0.10093   100%     -    1s
     0     0    0.11583    0 2999   95.17251    0.11583   100%     -    1s
     0     0    0.11584    0 2986   95.17251    0.11584   100%     -    1s
     0     0    0.11986    0 2950   95.17251    0.11986   100%     -    2s
     0     0    0.11998    0 2953   95.17251    0.11998   100%     -    2s
     0     0    0.12122    0 2964   95.17251    0.12122   100%     -    2s
     0     0    0.12122    0 2960   95.17251    0.12122   100%     -    2s
H    0     0                      25.9784479    0.12124   100%     -    3s
H    0     0                       3.0331198    0.12124  96.0%     -    3s
H    0     2                       2.9201514    0.12124  95.8%     -    3s
     0     2    0.12124    0 2958    2.92015    0.12124  95.8%     -    3s
H   31    48                       2.9167177    0.13746  95.3%   575    4s
H   32    48                       2.9161472    0.13746  95.3%   628    4s
H   33    48                       2.8901381    0.13746  95.2%   690    4s
    47    64    0.31905    5 2579    2.89014    0.13746  95.2%   768    5s
H   79    90                       2.7525934    0.13746  95.0%   791   10s
H   79    90                       2.5865051    0.13746  94.7%   791   10s
H   80    90                       2.5204417    0.13746  94.5%   795   10s
H   81    90                       2.3133193    0.13746  94.1%   795   10s
H   87    90                       1.8397058    0.13746  92.5%   834   10s
H  869   875                       1.5918836    0.13746  91.4%   362   16s
H  872   875                       1.4975875    0.13746  90.8%   361   16s
H  966   973                       1.4756629    0.13746  90.7%   335   17s
* 1083  1006              95       1.4710674    0.13746  90.7%   309   17s
* 1084  1006              95       1.4705908    0.13746  90.7%   309   17s
* 2047  1839             145       1.4070947    0.13746  90.2%   224   19s
  2190  1887     cutoff  169         1.40709    0.13758  90.2%   218   20s
H 2714  2185                       1.3588310    0.13834  89.8%   220   25s
H 2716  2077                       1.3486609    0.13834  89.7%   220   26s
H 2716  1973                       1.3484788    0.13834  89.7%   220   27s
H 2721  1877                       1.3484258    0.13834  89.7%   219   28s
  2725  1880    0.76083   22 2798    1.34843    0.14184  89.5%   219   30s
H 2726  1786                       1.3458962    0.14861  89.0%   219   30s
H 2729  1698                       1.3407310    0.16350  87.8%   219   33s
H 2729  1613                       1.3403817    0.16350  87.8%   219   33s
H 2729  1532                       1.3380657    0.16350  87.8%   219   33s
H 2731  1457                       1.3246740    0.16944  87.2%   218   34s
H 2731  1384                       1.3054245    0.16944  87.0%   218   34s
H 2731  1315                       1.3052668    0.17082  86.9%   218   34s
H 2732  1249                       1.2172594    0.17082  86.0%   218   35s
H 2732  1186                       1.2089020    0.17082  85.9%   218   35s
H 2732  1126                       1.2062487    0.17082  85.8%   218   35s
H 2732  1070                       1.2007769    0.17126  85.7%   218   35s
H 2733  1017                       1.1886158    0.17126  85.6%   218   36s
H 2735   966                       1.1853715    0.22556  81.0%   218   37s
  2740   970    1.18537  126 2781    1.18537    0.30188  74.5%   218   40s
H 2745   924                       1.1810957    0.32236  72.7%   217   44s
  2747   925    0.69164   16 2810    1.18110    0.32242  72.7%   217   45s
H 2747   878                       1.1799512    0.33451  71.7%   217   46s
  2752   882    0.77755   32 2833    1.17995    0.34759  70.5%   217   50s
H 2753   838                       1.1779096    0.34869  70.4%   217   51s
  2760   843    1.17791   79 2802    1.17791    0.35872  69.5%   216   56s
  2764   846    1.05570   96 2798    1.17791    0.36876  68.7%   216   60s
  2771   853    0.37782   15 2597    1.17791    0.37782  67.9%   247   65s
  2777   863    0.56927   17 2503    1.17791    0.37782  67.9%   257   71s
  2785   877    0.70469   18 2128    1.17791    0.37782  67.9%   265   76s
  2801   887    0.76887   19 2076    1.17791    0.47427  59.7%   297   81s
H 2804   842                       1.1752563    0.47427  59.6%   300   81s
  2817   854    0.80086   19 2170    1.17526    0.47427  59.6%   321   86s
  2849   875    0.84427   20 2006    1.17526    0.47427  59.6%   362   91s
H 2858   831                       1.1752563    0.47427  59.6%   369   91s
  2887   867    0.85063   21 2005    1.17526    0.47427  59.6%   387   97s
  2910   877    0.85804   22 1996    1.17526    0.47427  59.6%   397  100s
  2952   914    0.87836   23 1995    1.17526    0.47427  59.6%   421  106s
  3008   936    0.88351   24 1679    1.17526    0.47427  59.6%   447  123s
H 3011   896                       1.1752563    0.47427  59.6%   448  123s
H 3017   857                       1.1752563    0.47427  59.6%   450  123s
H 3025   819                       1.1742174    0.47427  59.6%   454  123s
  3026   835    0.88538   25 1771    1.17422    0.47427  59.6%   454  127s
  3045   864    0.89475   25 1790    1.17422    0.47427  59.6%   460  130s
  3181   904    0.96670   30 1588    1.17422    0.47427  59.6%   488  136s
  3272   927    0.98762   33 1561    1.17422    0.47427  59.6%   514  142s
  3320   958    0.99053   34 1591    1.17422    0.47427  59.6%   526  146s
  3421  1023    1.01588   37 1500    1.17422    0.47427  59.6%   552  151s
  3566  1093    1.10873   41 1259    1.17422    0.47427  59.6%   569  157s
  3641  1124    1.14701   45 1287    1.17422    0.51901  55.8%   578  161s
  3723  1145    0.61231   20 2012    1.17422    0.51901  55.8%   587  165s
  3806  1129    0.74340   22 2069    1.17422    0.51901  55.8%   598  170s
H 3807  1096                       1.1742164    0.51901  55.8%   598  170s
  3898  1207    0.91768   25 1811    1.17422    0.51901  55.8%   618  177s
  3994  1241    0.96359   29 1650    1.17422    0.51901  55.8%   624  182s
  4080  1273    1.02051   34 1753    1.17422    0.51901  55.8%   629  186s
  4198  1312    1.10413   35 1481    1.17422    0.51901  55.8%   636  191s
  4317  1325 infeasible   43         1.17422    0.56250  52.1%   643  195s
  4406  1363    0.61684   21 2130    1.17422    0.56250  52.1%   656  200s
  4487  1426    0.65253   24 1817    1.17422    0.56250  52.1%   667  205s
  4704  1596    0.74358   32 1558    1.17422    0.56250  52.1%   678  213s
  4875  1696    0.84929   38 1226    1.17422    0.56250  52.1%   677  218s
  5036  1792    1.12090   52 1217    1.17422    0.57681  50.9%   678  225s
  5163  1898    0.80985   21 2270    1.17422    0.57681  50.9%   686  230s
  5269  2060    0.83012   22 2234    1.17422    0.57681  50.9%   692  235s
  5448  2108    0.85062   24 2245    1.17422    0.57681  50.9%   692  241s
H 5480  2107                       1.1737011    0.57681  50.9%   690  241s
  5514  2195    0.87213   25 1992    1.17370    0.57681  50.9%   692  247s
  5684  2330    0.91145   29 1973    1.17370    0.57681  50.9%   695  253s
  5846  2496    1.08109   39 1831    1.17370    0.58758  49.9%   698  258s
  6061  2618    0.59804   23 2082    1.17370    0.58758  49.9%   697  265s
  6257  2740    0.63105   27 2001    1.17370    0.58758  49.9%   700  272s
  6426  2874    0.77185   33 1713    1.17370    0.58758  49.9%   707  279s
  6594  3048    0.86549   40 1385    1.17370    0.58758  49.9%   712  287s
  6813  3215    1.03789   50 1331    1.17370    0.59109  49.6%   714  293s
  7016  3432    0.63338   25 1499    1.17370    0.59110  49.6%   718  301s
  7327  3575    0.75384   34 1537    1.17370    0.59110  49.6%   711  309s
  7583  3735    1.01837   48 1555    1.17370    0.59137  49.6%   710  317s
  7800  3796    0.75864   28 1289    1.17370    0.59137  49.6%   714  326s
H 7806  3796                       1.1735862    0.59137  49.6%   714  326s
H 7867  3796                       1.1735862    0.59137  49.6%   716  326s
  7893  3948    0.86282   31 1357    1.17359    0.59137  49.6%   717  335s
  8093  4156    1.02883   37 1482    1.17359    0.59137  49.6%   722  344s
  8331  4352     cutoff   50         1.17359    0.59420  49.4%   725  353s
  8562  4594    0.66689   29 2037    1.17359    0.59424  49.4%   730  363s
  8853  4655    0.90851   40 1584    1.17359    0.59424  49.4%   731  397s
  8924  4951    0.99723   44 1443    1.17359    0.60741  48.2%   734  407s
  9275  5072    0.67796   26 2058    1.17359    0.60741  48.2%   732  418s
  9433  5359    0.88396   33 1733    1.17359    0.61907  47.2%   734  429s
  9804  5570    0.69894   28 1995    1.17359    0.61907  47.2%   733  441s
 10095  5831    1.00166   42 1282    1.17359    0.62855  46.4%   738  453s
 10462  6125    0.74307   28 2040    1.17359    0.62855  46.4%   737  466s
 10857  6408    1.07302   43 1757    1.17359    0.64024  45.4%   735  479s
 11255  6683    0.90428   35 1716    1.17359    0.64538  45.0%   733  493s
 11684  6958    0.69097   29 1642    1.17359    0.64538  45.0%   730  506s
 12112  7223    1.00765   43 1469    1.17359    0.64637  44.9%   728  521s
 12501  7472    0.66831   26 2010    1.17359    0.64990  44.6%   729  536s
 12891  7680    0.89492   38 1490    1.17359    0.65233  44.4%   730  554s
 13330  7905    0.74160   31 1970    1.17359    0.65679  44.0%   728  574s
 13746  8127    1.02785   46 1510    1.17359    0.65851  43.9%   728  594s
 14106  8408    0.73723   28 1681    1.17359    0.65851  43.9%   733  613s
 14466  8799    0.82787   35 1728    1.17359    0.65851  43.9%   740  632s
H14923  8815                       1.1735862    0.65851  43.9%   744  704s
 14939  9108    0.94873   39 1735    1.17359    0.65851  43.9%   744  724s
H15171  9108                       1.1735862    0.65851  43.9%   746  724s
H15306  9108                       1.1735862    0.65851  43.9%   747  724s
 15332  9440    1.04917   44 1572    1.17359    0.66004  43.8%   747  746s
 15805  9728    0.75724   33 1742    1.17359    0.66483  43.4%   749  771s
 16235 10052    0.81207   33 1680    1.17359    0.66705  43.2%   754  798s
 16601 10424    1.06347   40 1594    1.17359    0.66705  43.2%   764  823s
 17048 10711     cutoff   42         1.17359    0.66705  43.2%   773  849s
 17564 10913     cutoff   46         1.17359    0.66725  43.1%   780  876s
 18100 11173    0.92312   32 1561    1.17359    0.67113  42.8%   786  904s
 18651 11511    1.15609   43 1695    1.17359    0.67210  42.7%   791  933s
 19199 11828     cutoff   62         1.17359    0.67386  42.6%   795  964s
 19656 12242    0.89308   32 1784    1.17359    0.67544  42.4%   803  995s
 20270 12588    0.81977   24 2198    1.17359    0.67570  42.4%   809 1031s
 20807 12761    1.15991   42 1669    1.17359    0.67570  42.4%   815 1078s
H20821 12635                       1.1684683    0.67570  42.2%   815 1078s
 20982 15053     cutoff   43         1.16847    0.67876  41.9%   817 1241s
 24586 15631    0.75764   28 1768    1.16847    0.68095  41.7%   824 1289s
 25494 16123    0.76374   34 1719    1.16847    0.68444  41.4%   824 1343s
 26223 16827    0.96714   40 1693    1.16847    0.68673  41.2%   830 1396s
 27072 17471    0.99289   43 1479    1.16847    0.68733  41.2%   836 1455s
 28039 18242    0.94197   36 1853    1.16847    0.68952  41.0%   837 1515s
 28976 19129    1.05636   54 1569    1.16847    0.69088  40.9%   842 1574s
 30191 19762    0.96173   35 1639    1.16847    0.69179  40.8%   843 1638s
 31155 20356    0.76550   35 1583    1.16847    0.69308  40.7%   848 1704s
 32166 20993    0.82610   34 1787    1.16847    0.69554  40.5%   852 1771s
 33414 21300    0.94624   41 1695    1.16847    0.69633  40.4%   852 1800s

Cutting planes:
  Gomory: 628
  Implied bound: 6
  MIR: 253
  StrongCG: 9
  Flow cover: 636
  Zero half: 137
  RLT: 33
  Relax-and-lift: 4
  BQP: 3

Explored 33830 nodes (28881440 simplex iterations) in 1800.04 seconds (2760.24 work units)
Thread count was 16 (of 16 available processors)

Solution count 10: 1.16847 1.17359 1.17359 ... 1.17526

Time limit reached
Warning: max constraint violation (4.9273e-04) exceeds tolerance
Warning: max general constraint violation (4.9273e-04) exceeds tolerance
Best objective 1.168468309990e+00, best bound 6.963312397339e-01, gap 40.4065%
