
Gurobi 9.5.0 (linux64) logging started Mon 14 Nov 2022 04:52:03 PM PST

Set parameter LogFile to value "experiments/t_2_theta_0.3/gurobi.1668473522.log"
Set parameter LogToConsole to value 0
Set parameter TimeLimit to value 1800
Set parameter Threads to value 16
Gurobi Optimizer version 9.5.0 build v9.5.0rc5 (linux64)
Thread count: 8 physical cores, 16 logical processors, using up to 16 threads
Optimize a model with 340 rows, 1428 columns and 5305 nonzeros
Model fingerprint: 0x667da840
Model has 3425 quadratic objective terms
Model has 150 quadratic constraints
Model has 2 general constraints
Variable types: 85 continuous, 1343 integer (1343 binary)
Coefficient statistics:
  Matrix range     [1e+00, 1e+01]
  QMatrix range    [1e+00, 1e+00]
  QLMatrix range   [1e+00, 1e+00]
  Objective range  [0e+00, 0e+00]
  QObjective range [2e-05, 1e+01]
  Bounds range     [1e+00, 8e+02]
  RHS range        [1e+00, 1e+02]
Presolve added 57 rows and 1173 columns
Presolve time: 0.07s
Presolved: 4764 rows, 4797 columns, 36202 nonzeros
Variable types: 1286 continuous, 3511 integer (3415 binary)

Root relaxation: objective -4.973799e-14, 5130 iterations, 0.22 seconds (0.23 work units)

    Nodes    |    Current Node    |     Objective Bounds      |     Work
 Expl Unexpl |  Obj  Depth IntInf | Incumbent    BestBd   Gap | It/Node Time

     0     0    0.00000    0 3455          -    0.00000      -     -    0s
     0     0    0.01662    0 3380          -    0.01662      -     -    1s
     0     0    0.02067    0 3302          -    0.02067      -     -    1s
     0     0    0.02070    0 3302          -    0.02070      -     -    1s
     0     0    0.03109    0 3307          -    0.03109      -     -    2s
     0     0    0.03163    0 3312          -    0.03163      -     -    2s
     0     0    0.03291    0 3304          -    0.03291      -     -    2s
H    0     0                      77.1914061    0.03291   100%     -    2s
     0     0    0.03291    0 3291   77.19141    0.03291   100%     -    2s
H    0     0                      32.4168513    0.03299   100%     -    3s
H    0     0                      22.2456766    0.03299   100%     -    3s
H    0     2                      22.2438212    0.03299   100%     -    3s
     0     2    0.03299    0 3291   22.24382    0.03299   100%     -    3s
    15    32    0.04085    4 2968   22.24382    0.03977   100%   755    5s
H   32    46                      22.2322048    0.04029   100%  1030    6s
H   34    46                      17.4280704    0.04030   100%  1021    6s
H   38    46                      17.3591441    0.04030   100%  1122    6s
    63    74    0.06739    6 2603   17.35914    0.04042   100%  1342   10s
H   79    90                      17.0397438    0.04042   100%  1243   13s
H   79    90                      11.9538536    0.04042   100%  1243   13s
H   80    90                       7.6648919    0.04042  99.5%  1246   13s
H   81    90                       7.6208805    0.04042  99.5%  1250   13s
H   82    90                       7.1482229    0.04042  99.4%  1265   13s
H   83    90                       2.3349754    0.04042  98.3%  1252   13s
H   86    90                       2.0943216    0.04042  98.1%  1265   13s
H  140   136                       1.8888137    0.04042  97.9%  1081   15s
H  142   136                       1.7993830    0.04042  97.8%  1089   15s
H  186   177                       1.7920523    0.04042  97.7%   984   18s
H  187   177                       1.7601118    0.04042  97.7%   981   18s
H  189   177                       1.5723389    0.04042  97.4%   974   18s
H  194   177                       1.5450054    0.04042  97.4%   965   18s
   316   339    0.21877   15 1885    1.54501    0.04042  97.4%   826   20s
H  368   355                       1.3728867    0.04042  97.1%   764   25s
H  369   355                       1.3531357    0.04042  97.0%   763   25s
H  375   355                       1.3043133    0.04042  96.9%   757   25s
H  404   383                       1.3043017    0.04042  96.9%   728   27s
H  409   383                       1.2974713    0.04042  96.9%   725   27s
H  410   383                       1.2876179    0.04042  96.9%   724   27s
  1066  1174    0.28590   47  457    1.28762    0.04042  96.9%   372   30s
H 1124  1174                       1.2796911    0.04042  96.8%   355   30s
  2287  2108    0.99493  117   95    1.27969    0.04042  96.8%   211   35s
H 2290  2108                       1.2767860    0.04042  96.8%   211   35s
  2683  2329    0.39620   53 1691    1.27679    0.04066  96.8%   220   46s
  2690  2334    0.43577   91 3145    1.27679    0.04645  96.4%   220   50s
H 2690  2217                       1.2767368    0.04680  96.3%   220   50s
H 2692  2107                       1.2767368    0.05123  96.0%   219   51s
  2699  2112    0.89320  128 3107    1.27674    0.05991  95.3%   219   55s
H 2701  2007                       1.2716389    0.06043  95.2%   219   56s
H 2701  1906                       1.2702175    0.06043  95.2%   219   56s
H 2702  1811                       1.2690617    0.06057  95.2%   219   57s
  2708  1815    0.28641   27 3115    1.26906    0.06062  95.2%   218   61s
  2715  1828    0.18743   17 2587    1.26906    0.08206  93.5%   239   65s
  2739  1848 infeasible   19         1.26906    0.12631  90.0%   256   72s
H 2744  1756                       1.2683888    0.12631  90.0%   267   72s
H 2753  1667                       1.2682745    0.12631  90.0%   279   72s
  2771  1693    0.27405   20 2538    1.26827    0.12631  90.0%   292   75s
  2819  1725    0.39606   21 2542    1.26827    0.12631  90.0%   316   90s
H 2825  1640                       1.2673514    0.12631  90.0%   320   90s
H 2835  1574                       1.2650236    0.12631  90.0%   324   98s
H 2846  1497                       1.2594032    0.12631  90.0%   328   98s
  2851  1519    0.41716   22 2532    1.25940    0.12631  90.0%   332  100s
  2956  1595    0.42568   24 2296    1.25940    0.12631  90.0%   361  106s
  3059  1680    0.45389   27 2120    1.25940    0.12631  90.0%   381  111s
  3155  1731    0.48637   28 2114    1.25940    0.12631  90.0%   393  115s
  3321  1750    0.65069   31 2178    1.25940    0.12631  90.0%   410  121s
  3378  1789    0.63250   32 2209    1.25940    0.12631  90.0%   426  125s
  3448  1827    0.73994   34 2033    1.25940    0.12631  90.0%   440  130s
  3520  1873    0.81367   36 2105    1.25940    0.12631  90.0%   459  135s
  3612  1938    0.88951   38 2293    1.25940    0.12631  90.0%   477  141s
  3737  1987    0.92417   40 1935    1.25940    0.12631  90.0%   494  146s
  3858  2035    0.98452   43 2270    1.25940    0.12631  90.0%   510  153s
  3937  2058    1.02292   45 1985    1.25940    0.12631  90.0%   517  161s
  4111  2165    1.03736   49 2091    1.25940    0.12631  90.0%   526  168s
  4206  2226    1.09318   54 1756    1.25940    0.12631  90.0%   533  171s
  4320  2244    1.15455   63 1549    1.25940    0.12631  90.0%   539  175s
  4462  2230    0.32624   22 2149    1.25940    0.16972  86.5%   555  180s
  4545  2298    0.43528   24 2419    1.25940    0.16972  86.5%   568  188s
  4607  2352    0.66632   26 2303    1.25940    0.16972  86.5%   579  193s
  4685  2392    0.76383   28 2498    1.25940    0.16972  86.5%   587  198s
  4777  2426    0.93050   32 2561    1.25940    0.16972  86.5%   596  202s
  4889  2432     cutoff   39         1.25940    0.16972  86.5%   602  207s
  4965  2470    1.19465   39 2442    1.25940    0.17170  86.4%   612  213s
  5065  2516    0.25387   22 2278    1.25940    0.17170  86.4%   620  218s
  5152  2567    0.37989   26 2057    1.25940    0.17170  86.4%   629  224s
  5260  2615    0.50023   28 2147    1.25940    0.17170  86.4%   637  230s
  5375  2671    0.61384   31 2395    1.25940    0.17170  86.4%   644  236s
  5510  2689    0.85962   36 2222    1.25940    0.17170  86.4%   651  242s
  5660  2713    1.24878   46 1904    1.25940    0.17170  86.4%   656  248s
  5795  2717    1.23331   46 1937    1.25940    0.17170  86.4%   663  255s
  5908  2722     cutoff   49         1.25940    0.17170  86.4%   671  263s
  6003  2770     cutoff   50         1.25940    0.17170  86.4%   684  271s
  6108  2821    0.76161   33 2291    1.25940    0.17170  86.4%   694  278s
  6245  2833    1.23099   42 2174    1.25940    0.17170  86.4%   701  286s
  6367  2862    0.73988   33 2386    1.25940    0.17170  86.4%   711  295s
  6486  2918     cutoff   43         1.25940    0.17170  86.4%   721  304s
  6636  2950     cutoff   46         1.25940    0.17800  85.9%   729  313s
  6800  2960    0.39314   23 2241    1.25940    0.17800  85.9%   735  323s
  6919  3005    0.58944   29 2221    1.25940    0.17800  85.9%   746  332s
  7087  3071    0.98414   36 2229    1.25940    0.17800  85.9%   754  343s
H 7218  3102                       1.2573819    0.17800  85.8%   764  362s
H 7231  3102                       1.2573456    0.17800  85.8%   764  362s
  7263  3165    0.83312   31 2096    1.25735    0.23314  81.5%   767  372s
  7379  3249    0.29610   21 2090    1.25735    0.23314  81.5%   773  385s
  7510  3354    0.64139   27 2266    1.25735    0.23314  81.5%   784  397s
  7672  3455    1.25601   41 1981    1.25735    0.25265  79.9%   795  409s
H 7768  3455                       1.2573456    0.25265  79.9%   803  409s
  7818  3528    0.51126   27 2374    1.25735    0.25265  79.9%   805  422s
  7988  3625    0.83068   32 2367    1.25735    0.25265  79.9%   815  435s
  8167  3742    0.60863   27 2131    1.25735    0.25265  79.9%   825  448s
  8343  3840    0.96369   35 2395    1.25735    0.25265  79.9%   834  463s
  8536  3911    0.57839   28 2322    1.25735    0.25265  79.9%   845  478s
H 8568  3911                       1.2573455    0.25265  79.9%   847  478s
  8626  4099    0.86588   33 2296    1.25735    0.25265  79.9%   852  492s
  8905  4228    1.24703   49 2314    1.25735    0.28133  77.6%   856  508s
  9134  4353    0.37681   23 2286    1.25735    0.28140  77.6%   865  523s
  9382  4544    0.91159   30 2327    1.25735    0.29312  76.7%   873  540s
  9636  4812    0.52222   25 2294    1.25735    0.29312  76.7%   882  558s
  9932  5043    0.68569   29 2403    1.25735    0.29312  76.7%   889  575s
 10208  5272    0.78982   30 1905    1.25735    0.29312  76.7%   893  593s
 10610  5609    1.06756   38 1834    1.25735    0.30359  75.9%   894  611s
 11009  5924    0.47558   25 2408    1.25735    0.30359  75.9%   894  629s
 11412  6232    1.14090   44 2011    1.25735    0.30404  75.8%   893  649s
 11886  6451    0.82293   32 2196    1.25735    0.31102  75.3%   891  670s
 12251  6721    0.47448   25 2104    1.25735    0.31102  75.3%   895  693s
 12565  7097    0.99676   34 2017    1.25735    0.31584  74.9%   906  714s
 13015  7368    0.46108   24 2443    1.25735    0.31584  74.9%   911  738s
 13451  7589    1.13195   36 2389    1.25735    0.31946  74.6%   913  763s
 13877  7806    1.22793   46 1978    1.25735    0.33249  73.6%   918  790s
 14284  8056    1.24408   38 2230    1.25735    0.33351  73.5%   924  817s
 14693  8240     cutoff   37         1.25735    0.33451  73.4%   931  844s
 15189  8466     cutoff   41         1.25735    0.34495  72.6%   934  873s
 15609  8482    0.77317   34 2311    1.25735    0.34530  72.5%   943 1086s
 15625  8943    0.79074   35 2193    1.25735    0.34530  72.5%   944 1116s
 16171  9320    1.24014   59 1543    1.25735    0.34984  72.2%   950 1147s
 16829  9570     cutoff   43         1.25735    0.35614  71.7%   948 1184s
 17299  9837    1.15679   42 2258    1.25735    0.36160  71.2%   956 1219s
 17814 10205    0.52399   26 2239    1.25735    0.36619  70.9%   962 1255s
 18383 10522    0.75211   26 2354    1.25735    0.36695  70.8%   968 1293s
 19006 10844    0.66412   27 2050    1.25735    0.37356  70.3%   971 1333s
 19601 11188    0.49491   27 2415    1.25735    0.37814  69.9%   973 1373s
 20237 11601    0.66894   29 2189    1.25735    0.38201  69.6%   977 1415s
 20963 12133    0.69802   29 2458    1.25735    0.38722  69.2%   978 1468s
 21843 12658    0.60025   31 2348    1.25735    0.39102  68.9%   981 1512s
 22537 13289    1.17392   44 2371    1.25735    0.39141  68.9%   981 1562s
 23412 13774    0.75977   28 2231    1.25735    0.39572  68.5%   987 1613s
 24292 14372    0.59608   26 2377    1.25735    0.39903  68.3%   991 1667s
 25218 14918    1.20780   42 2299    1.25735    0.40297  68.0%   993 1724s
 26114 15594    1.16249   42 1678    1.25735    0.40864  67.5%   997 1782s
 27091 15743    0.49361   26 2193    1.25735    0.41212  67.2%  1001 1800s

Cutting planes:
  Gomory: 681
  Implied bound: 1
  MIR: 83
  StrongCG: 13
  Flow cover: 92
  Inf proof: 8
  Zero half: 21
  RLT: 81
  Relax-and-lift: 5

Explored 27349 nodes (27395664 simplex iterations) in 1800.02 seconds (2490.73 work units)
Thread count was 16 (of 16 available processors)

Solution count 10: 1.25735 1.25735 1.25735 ... 1.26906

Time limit reached
Warning: max constraint violation (2.8902e-04) exceeds tolerance
Warning: max general constraint violation (2.8902e-04) exceeds tolerance
Best objective 1.257345258469e+00, best bound 4.121247582087e-01, gap 67.2226%
