
Gurobi 9.5.0 (linux64) logging started Sat 19 Nov 2022 04:10:38 AM PST

Set parameter LogFile to value "experiments/t_15_theta_0.001/gurobi.1668859837.log"
Set parameter LogToConsole to value 0
Set parameter TimeLimit to value 1800
Set parameter Threads to value 16
Gurobi Optimizer version 9.5.0 build v9.5.0rc5 (linux64)
Thread count: 8 physical cores, 16 logical processors, using up to 16 threads
Optimize a model with 353 rows, 1818 columns and 5682 nonzeros
Model fingerprint: 0xf018cce9
Model has 3750 quadratic objective terms
Model has 1125 quadratic constraints
Model has 15 general constraints
Variable types: 150 continuous, 1668 integer (1668 binary)
Coefficient statistics:
  Matrix range     [1e+00, 1e+01]
  QMatrix range    [1e+00, 1e+00]
  QLMatrix range   [1e+00, 1e+00]
  Objective range  [0e+00, 0e+00]
  QObjective range [8e-08, 5e-02]
  Bounds range     [1e+00, 8e+02]
  RHS range        [1e+00, 1e+02]
Presolve added 17 rows and 2498 columns
Presolve time: 0.01s
Presolved: 6829 rows, 7733 columns, 25897 nonzeros
Presolved model has 15 SOS constraint(s)
Variable types: 3375 continuous, 4358 integer (3915 binary)

Root relaxation: objective 3.079982e-07, 6873 iterations, 0.38 seconds (0.52 work units)

    Nodes    |    Current Node    |     Objective Bounds      |     Work
 Expl Unexpl |  Obj  Depth IntInf | Incumbent    BestBd   Gap | It/Node Time

     0     0    0.00000    0 3486          -    0.00000      -     -    0s
     0     0    0.00005    0 3434          -    0.00005      -     -    1s
     0     0    0.02627    0 3155          -    0.02627      -     -    2s
     0     0    0.02627    0 3143          -    0.02627      -     -    3s
     0     0    0.02629    0 3143          -    0.02629      -     -    4s
     0     0    0.02629    0 3203          -    0.02629      -     -    5s
H    0     0                       1.2996096    0.02629  98.0%     -    7s
H    0     0                       1.2995904    0.02629  98.0%     -    7s
H    0     0                       1.2103307    0.02629  97.8%     -    7s
     0     0    0.02631    0 3190    1.21033    0.02631  97.8%     -    7s
     0     0    0.02631    0 3113    1.21033    0.02631  97.8%     -    8s
H    0     0                       1.1247663    0.02631  97.7%     -   11s
H    0     0                       1.1144335    0.02631  97.6%     -   11s
     0     2    0.02631    0 3109    1.11443    0.02631  97.6%     -   11s
H   33    40                       1.1096040    0.02653  97.6%  2305   14s
H   37    40                       1.1090078    0.02653  97.6%  2205   14s
    45    56    0.02653    6 2625    1.10901    0.02653  97.6%  2086   15s
H   77    85                       1.0509686    0.02653  97.5%  1730   22s
H   78    85                       1.0500488    0.02653  97.5%  1720   22s
H   79    85                       1.0333650    0.02653  97.4%  1701   22s
H   80    85                       1.0322915    0.02653  97.4%  1696   22s
H   83    85                       1.0201361    0.02653  97.4%  1640   22s
H   92    85                       1.0188506    0.02653  97.4%  1541   22s
H  120   120                       1.0187481    0.02653  97.4%  1441   27s
H  121   120                       1.0155275    0.02653  97.4%  1429   27s
H  122   120                       1.0120859    0.02653  97.4%  1418   27s
H  125   120                       1.0117602    0.02653  97.4%  1403   27s
   233   224    0.06063   17 2314    1.01176    0.02653  97.4%  1203   30s
   415   428    0.08917   26 1731    1.01176    0.02653  97.4%  1189   35s
  1159  1225 infeasible   84         1.01176    0.02653  97.4%   596   40s
H 1160  1225                       1.0115525    0.02653  97.4%   596   40s
H 1228  1225                       1.0094797    0.02653  97.4%   570   40s
  2031  1842    0.11195    8 2468    1.00948    0.02653  97.4%   403   45s
H 2258  1983                       1.0044496    0.02653  97.4%   429   49s
H 2260  1983                       1.0044121    0.02653  97.4%   430   49s
H 2274  1983                       1.0043356    0.02653  97.4%   432   49s
  2299  2041    0.36268   13 2577    1.00434    0.02653  97.4%   442   50s
H 2357  2057                       1.0042094    0.02653  97.4%   448   61s
H 2363  2057                       1.0042087    0.02653  97.4%   451   61s
H 2365  2057                       1.0041649    0.02653  97.4%   452   61s
H 2368  2057                       1.0040161    0.02653  97.4%   452   61s
H 2369  2057                       1.0028217    0.02653  97.4%   452   61s
H 2373  2073                       1.0026098    0.02653  97.4%   453   70s
H 2384  2073                       1.0025030    0.02653  97.4%   457   70s
H 2385  2073                       1.0024076    0.02653  97.4%   457   70s
H 2385  2073                       1.0023086    0.02653  97.4%   457   70s
  2635  2421    0.85617   26 2577    1.00231    0.02653  97.4%   480   75s
  3206  3022    0.05465    7 2562    1.00231    0.02653  97.4%   461   80s
H 3427  3022                       1.0022573    0.02653  97.4%   451   95s
H 3429  2872                       1.0022101    0.02653  97.4%   450   96s
  3433  2874    0.95981   85 3128    1.00221    0.02653  97.4%   450  100s
  3437  2877    0.34743   45 3052    1.00221    0.02653  97.4%   449  106s
H 3439  2734                       1.0021669    0.02653  97.4%   449  111s
H 3440  2598                       1.0021571    0.02653  97.4%   449  114s
H 3440  2468                       1.0020772    0.02653  97.4%   449  114s
H 3440  2344                       1.0020416    0.02653  97.4%   449  114s
H 3440  2227                       1.0020277    0.02653  97.4%   449  114s
H 3440  2115                       1.0020255    0.02653  97.4%   449  114s
H 3440  2009                       1.0020227    0.02653  97.4%   449  114s
H 3440  1909                       1.0019589    0.02653  97.4%   449  114s
H 3441  1814                       1.0017081    0.02653  97.4%   449  116s
H 3441  1723                       1.0016773    0.02653  97.4%   449  116s
H 3442  1637                       1.0016711    0.02653  97.4%   449  120s
H 3442  1555                       1.0016672    0.02653  97.4%   449  120s
H 3443  1477                       1.0016665    0.02653  97.4%   448  122s
H 3443  1403                       1.0016664    0.02653  97.4%   448  122s
  3445  1404    0.78675   73 3050    1.00167    0.02653  97.4%   448  125s
  3448  1406    0.08915   26 3066    1.00167    0.02653  97.4%   448  131s
  3450  1408    0.05810    9 3031    1.00167    0.02653  97.4%   448  136s
H 3450  1338                       1.0016065    0.02653  97.4%   448  137s
H 3450  1270                       1.0015624    0.02653  97.4%   448  137s
  3452  1271    0.22554   27 3024    1.00156    0.02653  97.4%   447  140s
  3455  1273    0.62800  137 2950    1.00156    0.02653  97.4%   447  147s
  3457  1274    0.34517   48 2943    1.00156    0.02653  97.4%   447  152s
  3458  1278    0.30276   11 2726    1.00156    0.02653  97.4%   500  157s
  3460  1279    0.33437   12 2351    1.00156    0.05452  94.6%   503  161s
  3464  1284    0.37676   13 2315    1.00156    0.05452  94.6%   509  166s
  3470  1294    0.37677   14 2237    1.00156    0.05454  94.6%   528  172s
  3482  1304    0.37681   15 2235    1.00156    0.05454  94.6%   533  184s
  3498  1315    0.38360   16 1895    1.00156    0.05454  94.6%   574  190s
  3530  1332    0.42735   17 1892    1.00156    0.05454  94.6%   605  197s
H 3546  1279                       1.0014911    0.05454  94.6%   624  211s
H 3552  1216                       1.0014561    0.05454  94.6%   632  211s
H 3555  1157                       1.0014507    0.05454  94.6%   634  211s
H 3557  1101                       1.0013509    0.05454  94.6%   636  211s
  3562  1121    0.69060   18 2335    1.00135    0.05454  94.6%   640  216s
  3586  1137    0.68190   19 2300    1.00135    0.05454  94.6%   654  220s
  3610  1152    0.55236   20 2119    1.00135    0.05454  94.6%   676  225s
  3634  1176    0.59556   21 2238    1.00135    0.05454  94.6%   700  230s
  3666  1190    0.63931   22 2228    1.00135    0.05454  94.6%   719  236s
  3696  1210    0.63931   23 2226    1.00135    0.05454  94.6%   743  241s
  3730  1239    0.63931   24 2230    1.00135    0.05454  94.6%   756  247s
  3771  1268    0.63937   26 2127    1.00135    0.05454  94.6%   768  253s
  3816  1305    0.63937   28 2152    1.00135    0.05454  94.6%   782  259s
  3870  1339    0.68312   29 2148    1.00135    0.05454  94.6%   793  262s
  3922  1378    0.68312   30 2104    1.00135    0.05454  94.6%   800  266s
H 3979  1323                       1.0012572    0.05454  94.6%   806  279s
  3997  1389    0.68314   33 2012    1.00126    0.05454  94.6%   810  282s
  4078  1423    0.68320   36 1757    1.00126    0.05454  94.6%   808  285s
  4224  1514    0.77461   43 1747    1.00126    0.05454  94.6%   812  295s
  4389  1560    0.77478   49 1699    1.00126    0.05454  94.6%   811  314s
H 4397  1507                       1.0012569    0.05454  94.6%   811  314s
  4405  1591    0.77479   50 1640    1.00126    0.05454  94.6%   811  318s
  4503  1648    0.77518   56 1274    1.00126    0.05454  94.6%   807  327s
  4613  1719    0.77719   63 1220    1.00126    0.05454  94.6%   803  334s
  4737  1777    0.86790   70 1265    1.00126    0.05454  94.6%   796  343s
  4865  1829    0.87241   79  958    1.00126    0.05454  94.6%   796  350s
  4981  1892    0.87251   88  795    1.00126    0.05454  94.6%   807  358s
  5098  1983     cutoff   98         1.00126    0.05454  94.6%   814  364s
  5259  2069    0.66474   25 2473    1.00126    0.05454  94.6%   810  369s
  5412  2161    0.93915   33 2367    1.00126    0.05454  94.6%   804  380s
  5586  2243    0.08065   16 2885    1.00126    0.05454  94.6%   808  388s
  5752  2360    0.13482   19 2855    1.00126    0.05454  94.6%   809  396s
  5972  2407    0.17537   25 2518    1.00126    0.05454  94.6%   801  409s
  6127  2482    0.20635   29 2414    1.00126    0.05454  94.6%   808  423s
  6298  2503    0.20635   30 2417    1.00126    0.05454  94.6%   823  435s
  6400  2588    0.23442   31 2367    1.00126    0.05454  94.6%   844  447s
  6493  2692    0.42514   33 2365    1.00126    0.05454  94.6%   867  461s
  6600  2822    0.42669   34 2364    1.00126    0.05454  94.6%   889  472s
  6746  3008    0.47889   42 2408    1.00126    0.05454  94.6%   897  486s
  6964  3125    0.48389   49 2244    1.00126    0.05454  94.6%   895  508s
  7142  3237    0.72610   64 1904    1.00126    0.05454  94.6%   909  524s
  7271  3367    0.91267   83 1839    1.00126    0.05454  94.6%   924  545s
  7430  3457     cutoff   98         1.00126    0.05454  94.6%   943  564s
  7530  3526 infeasible  114         1.00126    0.05454  94.6%   964  583s
  7613  3620    0.08064   16 2820    1.00126    0.05454  94.6%   983  599s
  7738  3709    0.13677   20 2764    1.00126    0.05454  94.6%  1002  616s
  7852  3720    0.16287   21 2772    1.00126    0.05454  94.6%  1018  641s
H 7871  3720                       1.0012343    0.05454  94.6%  1025  641s
H 7875  3735                       1.0012038    0.05454  94.6%  1027  686s
H 7876  3735                       1.0011991    0.05454  94.6%  1027  686s
H 7879  3735                       1.0011874    0.05454  94.6%  1027  686s
H 7880  3735                       1.0011818    0.05454  94.6%  1027  686s
H 7882  3735                       1.0011725    0.05454  94.6%  1027  686s
  7891  3860    0.16287   23 2821    1.00117    0.05454  94.6%  1029  705s
  8035  4005    0.18897   24 2803    1.00117    0.05454  94.6%  1041  726s
  8217  4095    0.16288   25 2804    1.00117    0.05454  94.6%  1048  744s
  8357  4154    0.19041   28 2599    1.00117    0.05454  94.6%  1066  772s
  8456  4216    0.18909   27 2679    1.00117    0.05454  94.6%  1093  796s
  8537  4295    0.21606   32 2526    1.00117    0.05454  94.6%  1124  816s
  8650  4358    0.18993   31 2603    1.00117    0.05454  94.6%  1145  843s
  8740  4450    0.18993   32 2594    1.00117    0.05454  94.6%  1166  869s
  8848  4549    0.34205   37 2276    1.00117    0.05454  94.6%  1194  897s
  8984  4670    0.27224   36 2301    1.00117    0.05454  94.6%  1217  926s
  9157  4773    0.30570   39 2131    1.00117    0.05454  94.6%  1236  954s
  9311  4875    0.44940   40 2149    1.00117    0.05454  94.6%  1255  991s
  9436  4970    0.52059   41 2305    1.00117    0.05454  94.6%  1281 1018s
H 9479  4970                       1.0011692    0.05454  94.6%  1289 1018s
  9542  5010    0.52291   42 2172    1.00117    0.05454  94.6%  1308 1057s
H 9552  5010                       1.0011678    0.05454  94.6%  1314 1057s
  9598  5119    0.47747   41 2097    1.00117    0.05454  94.6%  1326 1088s
  9719  5267    0.55098   43 2111    1.00117    0.05454  94.6%  1353 1126s
  9890  5401    0.69558   51 2303    1.00117    0.05454  94.6%  1379 1164s
 10049  5536    0.69558   52 2306    1.00117    0.05454  94.6%  1405 1204s
 10256  5609    0.72366   55 2281    1.00117    0.05454  94.6%  1427 1252s
 10369  5702    0.72366   60 2253    1.00117    0.05454  94.6%  1463 1297s
 10483  5837    0.72556   68 2262    1.00117    0.05454  94.6%  1494 1334s
 10650  6008    0.83928   71 2188    1.00117    0.05454  94.6%  1517 1374s
 10839  6181    0.88912   83 2184    1.00117    0.05454  94.6%  1537 1415s
 11032  6417 infeasible   92         1.00117    0.05466  94.5%  1552 1458s
 11330  6558    0.29978   20 2606    1.00117    0.05466  94.5%  1554 1504s
H11361  6558                       1.0011616    0.05466  94.5%  1563 1504s
 11486  6741    0.32785   23 2600    1.00116    0.05466  94.5%  1571 1560s
 11713  6866    0.53959   25 2587    1.00116    0.05466  94.5%  1588 1629s
 11901  6866    0.99798   50 2283    1.00116    0.05466  94.5%  1600 1630s
 11931  6981    0.58111   28 2230    1.00116    0.08065  91.9%  1609 1685s
 12059  7074    0.08378   21 2984    1.00116    0.08065  91.9%  1649 1738s
 12206  7247    0.44471   41 2438    1.00116    0.08065  91.9%  1683 1790s
 12415  7275    0.93713   98 2003    1.00116    0.08065  91.9%  1707 1800s
H12430  7275                       1.0011616    0.08065  91.9%  1706 1800s
H12439  7275                       1.0011616    0.08065  91.9%  1705 1800s

Cutting planes:
  Gomory: 890
  Implied bound: 8
  MIR: 60
  StrongCG: 13
  Flow cover: 199
  Zero half: 45
  RLT: 31
  Relax-and-lift: 1
  BQP: 3

Explored 12445 nodes (21273360 simplex iterations) in 1800.05 seconds (2885.01 work units)
Thread count was 16 (of 16 available processors)

Solution count 10: 1.00116 1.00116 1.00116 ... 1.0012

Time limit reached
Warning: max constraint violation (3.7323e-03) exceeds tolerance
Warning: max general constraint violation (3.7323e-03) exceeds tolerance
         (model may be infeasible or unbounded - try turning presolve off)
Best objective 1.001161616479e+00, best bound 8.065494836158e-02, gap 91.9439%
