
Gurobi 9.5.0 (linux64) logging started Mon 14 Nov 2022 02:15:16 AM PST

Set parameter LogFile to value "experiments/t_1_theta_1.0/gurobi.1668420915.log"
Set parameter LogToConsole to value 0
Set parameter TimeLimit to value 1800
Set parameter Threads to value 16
Gurobi Optimizer version 9.5.0 build v9.5.0rc5 (linux64)
Thread count: 8 physical cores, 16 logical processors, using up to 16 threads
Optimize a model with 339 rows, 1398 columns and 5276 nonzeros
Model fingerprint: 0x50167923
Model has 3375 quadratic objective terms
Model has 75 quadratic constraints
Model has 1 general constraint
Variable types: 80 continuous, 1318 integer (1318 binary)
Coefficient statistics:
  Matrix range     [1e+00, 1e+01]
  QMatrix range    [1e+00, 1e+00]
  QLMatrix range   [1e+00, 1e+00]
  Objective range  [0e+00, 0e+00]
  QObjective range [7e+06, 4e+12]
  Bounds range     [1e+00, 8e+02]
  RHS range        [1e+00, 1e+02]
Warning: Model contains large quadratic objective coefficients
         Consider reformulating model or setting NumericFocus parameter
         to avoid numerical issues.
Presolve added 0 rows and 1025 columns
Presolve removed 26 rows and 0 columns
Presolve time: 0.01s
Presolved: 2395 rows, 4505 columns, 12202 nonzeros
Presolved model has 1 SOS constraint(s)
Variable types: 1105 continuous, 3400 integer (3375 binary)

Root relaxation: objective 6.520376e-05, 1232 iterations, 0.04 seconds (0.06 work units)

    Nodes    |    Current Node    |     Objective Bounds      |     Work
 Expl Unexpl |  Obj  Depth IntInf | Incumbent    BestBd   Gap | It/Node Time

     0     0    0.00007    0 1315          -    0.00007      -     -    0s
     0     0 3.9964e+09    0 1336          - 3.9964e+09      -     -    0s
     0     0 6.3871e+09    0 1243          - 6.3871e+09      -     -    0s
     0     0 6.3933e+09    0 1239          - 6.3933e+09      -     -    0s
     0     0 6.7460e+09    0 1240          - 6.7460e+09      -     -    0s
     0     0 6.7460e+09    0 1239          - 6.7460e+09      -     -    0s
H    0     0                    1.558207e+13 6.8464e+09   100%     -    1s
H    0     0                    3.442357e+12 6.8464e+09   100%     -    1s
H    0     0                    2.891552e+11 6.8464e+09  97.6%     -    2s
     0     2 6.8464e+09    0 1239 2.8916e+11 6.8464e+09  97.6%     -    2s
H   83    96                    2.891240e+11 9.7956e+09  96.6%   603    3s
H   92    96                    2.880378e+11 9.7956e+09  96.6%   604    3s
H  129   147                    2.749396e+11 9.7956e+09  96.4%   579    3s
H  131   147                    2.719211e+11 9.7956e+09  96.4%   573    3s
H  139   147                    2.629479e+11 9.7956e+09  96.3%   553    3s
H  145   147                    2.611294e+11 9.7956e+09  96.2%   558    3s
H  186   203                    2.604474e+11 9.7956e+09  96.2%   546    5s
H  186   203                    2.214022e+11 9.7956e+09  95.6%   546    5s
H  189   203                    2.144113e+11 9.7956e+09  95.4%   551    5s
H  192   203                    1.958079e+11 9.7956e+09  95.0%   546    5s
H  194   203                    1.830189e+11 9.7956e+09  94.6%   547    5s
H  196   203                    1.779898e+11 9.7956e+09  94.5%   545    5s
H  198   203                    1.770884e+11 9.7956e+09  94.5%   541    5s
H  242   260                    1.719382e+11 9.7956e+09  94.3%   541    6s
H  244   260                    1.704517e+11 9.7956e+09  94.3%   539    6s
H  402   427                    1.694610e+11 9.7956e+09  94.2%   528    7s
H  407   427                    1.433614e+11 9.7956e+09  93.2%   528    7s
H  409   427                    1.423707e+11 9.7956e+09  93.1%   529    7s
H  468   516                    1.420876e+11 9.7956e+09  93.1%   516    7s
H  578   603                    1.420725e+11 9.7956e+09  93.1%   473    8s
H  582   603                    1.374893e+11 9.7956e+09  92.9%   473    8s
H 1151  1189                    1.358266e+11 9.7956e+09  92.8%   373   10s
H 1153  1156                    1.301209e+11 9.7956e+09  92.5%   373   10s
H 1190  1155                    1.263181e+11 9.7956e+09  92.2%   365   10s
  2952  2899 2.6481e+10    6 1166 1.2632e+11 1.0240e+10  91.9%   235   16s
H 2961  2601                    1.073781e+11 1.0240e+10  90.5%   235   16s
H 3054  2580                    1.059362e+11 1.0240e+10  90.3%   234   17s
H 3059  2527                    1.037845e+11 1.0240e+10  90.1%   234   17s
H 3099  2511                    1.030838e+11 1.0240e+10  90.1%   234   17s
H 3738  3041                    1.030838e+11 1.0240e+10  90.1%   237   19s
  3742  3044 7.1891e+10   82 1181 1.0308e+11 1.0240e+10  90.1%   237   20s
  3777  3067 4.2402e+10   16 1286 1.0308e+11 3.3427e+10  67.6%   235   25s
  3823  3115 9.3542e+10   17 1261 1.0308e+11 4.8165e+10  53.3%   248   30s
  3983  3180 8.7208e+10   23 1037 1.0308e+11 5.3721e+10  47.9%   276   35s
  4344  3346 9.1750e+10   38  609 1.0308e+11 5.3721e+10  47.9%   299   40s
H 4469  3221                    1.023026e+11 5.3721e+10  47.5%   303   49s
H 4470  3073                    9.778215e+10 5.3721e+10  45.1%   303   49s
  4491  3057 9.3778e+10   47  565 9.7782e+10 5.3721e+10  45.1%   305   57s
H 4492  2917                    9.759136e+10 5.3721e+10  45.0%   305   57s
H 4494  2783                    9.583962e+10 5.3721e+10  43.9%   305   57s
  4771  2914 9.5512e+10   58  476 9.5840e+10 5.3721e+10  43.9%   310   60s
  5438  3018 7.7742e+10   22 1062 9.5840e+10 5.6840e+10  40.7%   323   65s
  5981  3168 9.2485e+10   34  795 9.5840e+10 5.6840e+10  40.7%   334   70s
  6727  3446 7.9225e+10   20 1021 9.5840e+10 7.5808e+10  20.9%   345   76s
  7320  3625 9.3225e+10   28  885 9.5840e+10 7.5808e+10  20.9%   347   80s
  7872  3666 9.4321e+10   27 1011 9.5840e+10 7.6267e+10  20.4%   353   96s
  8344  3816 8.8328e+10   23 1005 9.5840e+10 8.0116e+10  16.4%   358  101s
  8934  4093 9.4527e+10   35  547 9.5840e+10 8.0171e+10  16.3%   368  106s
  9433  4214 9.4842e+10   29  667 9.5840e+10 8.1799e+10  14.7%   371  110s
 10225  4521 9.2722e+10   31  673 9.5840e+10 8.1799e+10  14.7%   378  117s
 10488  4572 9.4063e+10   41  442 9.5840e+10 8.2232e+10  14.2%   381  120s
*11047  3738              91    9.457870e+10 8.2232e+10  13.1%   383  122s
 11105  3788 9.0872e+10   29  724 9.4579e+10 8.2232e+10  13.1%   384  125s
 11592  4162 8.7115e+10   31  757 9.4579e+10 8.2978e+10  12.3%   393  130s
*12269  3453              89    9.338767e+10 8.3580e+10  10.5%   394  133s
 12413  3576 8.7347e+10   31  760 9.3388e+10 8.3659e+10  10.4%   393  136s
*12493  3371              79    9.310524e+10 8.3659e+10  10.1%   391  136s
 13138  3793 8.8287e+10   38  666 9.3105e+10 8.4234e+10  9.53%   396  142s
*13204  3544              83    9.279548e+10 8.4234e+10  9.23%   394  142s
 13564  3757 8.9466e+10   43  662 9.2795e+10 8.4392e+10  9.06%   396  146s
*13832  3691              70    9.271044e+10 8.4392e+10  8.97%   398  146s
*14142  3675              72    9.246664e+10 8.4738e+10  8.36%   398  149s
 14410  3815 8.7218e+10   36  736 9.2467e+10 8.4748e+10  8.35%   400  153s
 14770  4077 8.9733e+10   30  778 9.2467e+10 8.5065e+10  8.01%   403  156s
 15220  4332 9.2012e+10   41  557 9.2467e+10 8.5199e+10  7.86%   404  161s
 15749  4520 9.2193e+10   44  454 9.2467e+10 8.5327e+10  7.72%   404  167s
 16191  4652 9.2248e+10   32  793 9.2467e+10 8.5612e+10  7.41%   406  172s
 16577  4819 8.9916e+10   43  676 9.2467e+10 8.5811e+10  7.20%   410  176s
 17003  4993 9.2252e+10   33  734 9.2467e+10 8.6008e+10  6.98%   414  180s
 17510  5184 infeasible   34      9.2467e+10 8.6111e+10  6.87%   416  186s
 18068  5385 9.2435e+10   51  338 9.2467e+10 8.6419e+10  6.54%   418  193s
 18613  5626     cutoff   39      9.2467e+10 8.6537e+10  6.41%   419  197s
 19271  5779 9.1753e+10   35  562 9.2467e+10 8.6635e+10  6.31%   419  202s
 19777  6052 9.1955e+10   50  472 9.2467e+10 8.6715e+10  6.22%   423  208s
 20559  6383 8.9556e+10   49  489 9.2467e+10 8.6901e+10  6.02%   422  217s
 21506  6595 9.0459e+10   32  823 9.2467e+10 8.7080e+10  5.83%   421  224s
 22281  6751 8.8992e+10   34  607 9.2467e+10 8.7213e+10  5.68%   420  231s
 22902  6968     cutoff   32      9.2467e+10 8.7319e+10  5.57%   421  240s
 23593  7234 8.9726e+10   33  727 9.2467e+10 8.7449e+10  5.43%   422  248s
 24414  7525 9.1218e+10   41  535 9.2467e+10 8.7538e+10  5.33%   422  256s
 25514  7815     cutoff   38      9.2467e+10 8.7731e+10  5.12%   418  264s
 26412  8062     cutoff   28      9.2467e+10 8.7843e+10  5.00%   417  273s
 27338  8270 9.0460e+10   31  887 9.2467e+10 8.7983e+10  4.85%   417  283s
 28310  8275     cutoff   36      9.2467e+10 8.8085e+10  4.74%   417  297s
H28312  8213                    9.242607e+10 8.8085e+10  4.70%   417  297s
 28341  8421 9.1065e+10   35  644 9.2426e+10 8.8098e+10  4.68%   417  304s
H28433  8421                    9.242607e+10 8.8103e+10  4.68%   417  305s
H28477  8421                    9.242607e+10 8.8103e+10  4.68%   417  305s
 29286  8724 9.0103e+10   32  822 9.2426e+10 8.8218e+10  4.55%   415  315s
 30532  8955     cutoff   33      9.2426e+10 8.8363e+10  4.40%   412  325s
 31662  9157 9.0576e+10   29  708 9.2426e+10 8.8480e+10  4.27%   411  332s
 32974  9386     cutoff   24      9.2426e+10 8.8625e+10  4.11%   408  343s
 34193  9661 9.0938e+10   29  858 9.2426e+10 8.8757e+10  3.97%   407  353s
 35573  9790     cutoff   51      9.2426e+10 8.8877e+10  3.84%   405  366s
H35574  9790                    9.242607e+10 8.8877e+10  3.84%   405  366s
 36660 10005 9.2097e+10   31  635 9.2426e+10 8.8989e+10  3.72%   405  380s
 38244 10279     cutoff   35      9.2426e+10 8.9133e+10  3.56%   402  394s
 39999 10451 9.1901e+10   43  527 9.2426e+10 8.9259e+10  3.43%   398  407s
 41593 10645 infeasible   32      9.2426e+10 8.9350e+10  3.33%   396  423s
 43542 10844 9.2105e+10   39  664 9.2426e+10 8.9473e+10  3.19%   394  437s
 45207 10938     cutoff   30      9.2426e+10 8.9567e+10  3.09%   393  448s
 46833 11031     cutoff   38      9.2426e+10 8.9697e+10  2.95%   392  464s
 48487 11149 9.1221e+10   48  462 9.2426e+10 8.9800e+10  2.84%   391  478s
 50293 11207 9.1480e+10   37  779 9.2426e+10 8.9901e+10  2.73%   388  493s
 52042 11265 9.1637e+10   52  387 9.2426e+10 8.9965e+10  2.66%   386  507s
 53848 11357 9.2258e+10   27  898 9.2426e+10 9.0069e+10  2.55%   384  517s
 55722 11400     cutoff   47      9.2426e+10 9.0173e+10  2.44%   381  530s
 57606 11451 9.1307e+10   45  424 9.2426e+10 9.0255e+10  2.35%   378  544s
 59390 11502 9.2040e+10   50  481 9.2426e+10 9.0337e+10  2.26%   376  555s
 61358 11495     cutoff   44      9.2426e+10 9.0429e+10  2.16%   373  563s
 63193 11440 9.2197e+10   43  483 9.2426e+10 9.0511e+10  2.07%   370  571s
 64987 11393 9.1515e+10   29  909 9.2426e+10 9.0587e+10  1.99%   368  583s
 66831 11371 9.1154e+10   36  558 9.2426e+10 9.0646e+10  1.93%   365  590s
 68564 11306     cutoff   53      9.2426e+10 9.0711e+10  1.86%   363  598s
 70342 11221     cutoff   58      9.2426e+10 9.0777e+10  1.78%   361  610s
 72161 11132 infeasible   49      9.2426e+10 9.0858e+10  1.70%   358  620s
 74002 10944 9.1808e+10   43  474 9.2426e+10 9.0908e+10  1.64%   356  630s
 75769 10798 9.2132e+10   44  507 9.2426e+10 9.0958e+10  1.59%   354  640s
 77796 10590 9.2360e+10   43  350 9.2426e+10 9.1038e+10  1.50%   350  652s
 79610 10447 9.2088e+10   44  426 9.2426e+10 9.1092e+10  1.44%   348  663s
 81203 10238 9.2334e+10   37  660 9.2426e+10 9.1142e+10  1.39%   346  674s
 83117  9974     cutoff   41      9.2426e+10 9.1186e+10  1.34%   343  683s
 84894  9762 9.1780e+10   52  354 9.2426e+10 9.1243e+10  1.28%   341  690s
 86719  9429     cutoff   56      9.2426e+10 9.1296e+10  1.22%   339  700s
 88248  9095 9.2271e+10   51  419 9.2426e+10 9.1350e+10  1.16%   338  711s
 90075  8707     cutoff   33      9.2426e+10 9.1386e+10  1.12%   336  720s
 91959  8314     cutoff   51      9.2426e+10 9.1460e+10  1.05%   333  730s
 93839  7810 9.2118e+10   41  492 9.2426e+10 9.1512e+10  0.99%   331  738s
 95641  7417 9.2232e+10   49  320 9.2426e+10 9.1570e+10  0.93%   329  749s
 97139  6839     cutoff   44      9.2426e+10 9.1616e+10  0.88%   327  757s
 99035  6161 9.2105e+10   47  346 9.2426e+10 9.1679e+10  0.81%   325  764s
 100785  5422     cutoff   38      9.2426e+10 9.1756e+10  0.73%   324  771s
 102571  4479 infeasible   51      9.2426e+10 9.1811e+10  0.66%   322  780s
 104513  3469     cutoff   46      9.2426e+10 9.1910e+10  0.56%   319  785s
 106097  2350     cutoff   45      9.2426e+10 9.1990e+10  0.47%   318  799s
 107638  1069 9.2186e+10   51  289 9.2426e+10 9.2084e+10  0.37%   316  805s
H108848  1069                    9.242607e+10 9.2098e+10  0.36%   314  805s
 109214   645     cutoff   45      9.2426e+10 9.2225e+10  0.22%   314  814s
 109663     0 9.2380e+10   47  505 9.2426e+10 9.2247e+10  0.19%   313  816s

Cutting planes:
  Gomory: 555
  Cover: 131
  MIR: 9
  StrongCG: 4
  Flow cover: 6
  Inf proof: 4
  Zero half: 117
  RLT: 12

Explored 110372 nodes (34433756 simplex iterations) in 816.23 seconds (1309.70 work units)
Thread count was 16 (of 16 available processors)

Solution count 10: 9.24261e+10 9.24261e+10 9.24261e+10 ... 9.58396e+10
No other solutions better than 9.24261e+10

Optimal solution found (tolerance 1.00e-04)
Best objective 9.242602539459e+10, best bound 9.242606670315e+10, gap 0.0000%
