
Gurobi 9.5.0 (linux64) logging started Tue 15 Nov 2022 09:22:26 AM PST

Set parameter LogFile to value "experiments/t_3_theta_0.3/gurobi.1668532945.log"
Set parameter LogToConsole to value 0
Set parameter TimeLimit to value 1800
Set parameter Threads to value 16
Gurobi Optimizer version 9.5.0 build v9.5.0rc5 (linux64)
Thread count: 8 physical cores, 16 logical processors, using up to 16 threads
Optimize a model with 341 rows, 1458 columns and 5334 nonzeros
Model fingerprint: 0xe64a3ebb
Model has 3450 quadratic objective terms
Model has 225 quadratic constraints
Model has 3 general constraints
Variable types: 90 continuous, 1368 integer (1368 binary)
Coefficient statistics:
  Matrix range     [1e+00, 1e+01]
  QMatrix range    [1e+00, 1e+00]
  QLMatrix range   [1e+00, 1e+00]
  Objective range  [0e+00, 0e+00]
  QObjective range [2e-05, 1e+01]
  Bounds range     [1e+00, 8e+02]
  RHS range        [1e+00, 1e+02]
Presolve added 35 rows and 1307 columns
Presolve time: 0.05s
Presolved: 4999 rows, 5114 columns, 37576 nonzeros
Variable types: 1473 continuous, 3641 integer (3486 binary)

Root relaxation: objective 4.618528e-13, 5412 iterations, 0.28 seconds (0.30 work units)

    Nodes    |    Current Node    |     Objective Bounds      |     Work
 Expl Unexpl |  Obj  Depth IntInf | Incumbent    BestBd   Gap | It/Node Time

     0     0    0.00000    0 3487          -    0.00000      -     -    0s
H    0     0                      52.0934838    0.00000   100%     -    0s
H    0     0                      42.0393623    0.00000   100%     -    0s
     0     0    0.01454    0 3471   42.03936    0.01454   100%     -    1s
     0     0    0.06261    0 3140   42.03936    0.06261   100%     -    1s
     0     0    0.06266    0 3138   42.03936    0.06266   100%     -    1s
     0     0    0.07468    0 3102   42.03936    0.07468   100%     -    2s
H    0     0                      37.1711481    0.07468   100%     -    2s
     0     0    0.07471    0 3100   37.17115    0.07471   100%     -    2s
     0     0    0.07692    0 3057   37.17115    0.07692   100%     -    2s
H    0     0                      37.0660848    0.07692   100%     -    2s
     0     0    0.07712    0 3061   37.06608    0.07712   100%     -    2s
H    0     0                       1.7323846    0.07712  95.5%     -    3s
H    0     0                       1.7127936    0.07712  95.5%     -    3s
     0     0    0.07839    0 3083    1.71279    0.07839  95.4%     -    3s
     0     0    0.07839    0 3063    1.71279    0.07839  95.4%     -    3s
     0     2    0.07839    0 3059    1.71279    0.07839  95.4%     -    3s
    15    32    0.14120    4 2939    1.71279    0.08442  95.1%   874    5s
    79    92    0.14929    7 2688    1.71279    0.08505  95.0%  1198   12s
H   80    92                       1.6289352    0.08505  94.8%  1183   12s
   119   137    0.20369    9 2267    1.62894    0.08505  94.8%  1004   16s
H  123   137                       1.5698268    0.08505  94.6%   993   16s
H  128   137                       1.5456287    0.08505  94.5%   982   16s
H  131   137                       1.4011871    0.08505  93.9%   965   16s
   752   849    0.34476   29  748    1.40119    0.08505  93.9%   428   20s
H  993  1098                       1.4002306    0.08505  93.9%   351   21s
H 1004  1098                       1.3954915    0.08505  93.9%   348   21s
H 1056  1098                       1.3944669    0.08505  93.9%   335   21s
H 1067  1098                       1.3730530    0.08505  93.8%   332   21s
  2078  1918    1.35111  133  274    1.37305    0.08554  93.8%   236   25s
H 2087  1918                       1.3730219    0.08554  93.8%   237   25s
H 2093  1918                       1.3707787    0.08554  93.8%   238   25s
H 2111  1926                       1.3616010    0.08554  93.7%   242   29s
  2186  2025    0.27930   10 1974    1.36160    0.08554  93.7%   249   30s
  2659  2441    0.61851   18 1864    1.36160    0.08554  93.7%   287   35s
H 2726  2441                       1.3602126    0.08554  93.7%   291   41s
  2734  2447    0.72451   90 2946    1.36021    0.09523  93.0%   290   45s
H 2735  2324                       1.3596778    0.09530  93.0%   290   46s
H 2737  2210                       1.3595461    0.12395  90.9%   290   47s
H 2737  2099                       1.3591839    0.12395  90.9%   290   47s
H 2737  1994                       1.3591658    0.12395  90.9%   290   47s
H 2737  1894                       1.3552876    0.12395  90.9%   290   47s
  2742  1897    0.54856   17 2791    1.35529    0.14400  89.4%   289   50s
H 2742  1802                       1.3494399    0.14606  89.2%   289   51s
H 2743  1712                       1.3453218    0.14606  89.1%   289   51s
H 2748  1629                       1.3447381    0.15904  88.2%   289   54s
H 2748  1547                       1.3432050    0.16058  88.0%   289   55s
  2757  1553    0.17878    6 2828    1.34321    0.17878  86.7%   288   60s
  2762  1556    0.20451    7 2843    1.34321    0.20071  85.1%   287   65s
  2771  1562    0.30775   15 2871    1.34321    0.20596  84.7%   286   70s
  2778  1567    0.38443   13 2928    1.34321    0.21523  84.0%   286   75s
  2782  1570    1.19378   22 2870    1.34321    0.22560  83.2%   285   80s
  2787  1573    0.91694   78 2857    1.34321    0.22705  83.1%   285   85s
  2792  1576    0.36917   61 2851    1.34321    0.22800  83.0%   284   90s
  2798  1580    0.23733    9 2846    1.34321    0.22891  83.0%   284   95s
H 2803  1504                       1.3422820    0.23065  82.8%   283  100s
  2813  1510    0.47412   39 2859    1.34228    0.23116  82.8%   282  105s
  2821  1517    0.33951   18 2730    1.34228    0.23116  82.8%   329  110s
  2827  1521    0.53816   32 2899    1.34228    0.23411  82.6%   329  115s
H 2827  1444                       1.3420018    0.23411  82.6%   329  117s
H 2830  1374                       1.3344935    0.23640  82.3%   328  118s
H 2830  1305                       1.3342961    0.23640  82.3%   328  118s
  2832  1306    0.92312   25 2973    1.33430    0.23713  82.2%   328  120s
  2838  1310    0.38246   43 3033    1.33430    0.23764  82.2%   327  125s
  2844  1314    0.60460   25 2990    1.33430    0.23785  82.2%   327  130s
  2847  1319    0.24482   26 2812    1.33430    0.23785  82.2%   348  136s
  2853  1329    0.30560   28 2582    1.33430    0.29102  78.2%   357  142s
  2861  1343    0.41654   29 2578    1.33430    0.30001  77.5%   369  147s
  2877  1353    0.46197   30 2613    1.33430    0.31648  76.3%   397  150s
H 2880  1285                       1.3342477    0.31648  76.3%   399  150s
H 2884  1221                       1.3341048    0.31648  76.3%   403  150s
H 2888  1161                       1.3337124    0.31648  76.3%   407  150s
H 2925  1139                       1.3295983    0.34723  73.9%   430  164s
  2941  1163    0.46547   32 2245    1.32960    0.34723  73.9%   433  165s
  3129  1284    0.49833   38 1669    1.32960    0.34723  73.9%   440  171s
  3154  1292    0.49753   38 1535    1.32960    0.34723  73.9%   444  176s
H 3155  1238                       1.3264489    0.34723  73.8%   444  176s
H 3156  1185                       1.3258088    0.34723  73.8%   444  176s
H 3159  1136                       1.3233245    0.34723  73.8%   444  176s
H 3167  1087                       1.3197679    0.34723  73.7%   445  176s
  3300  1217    0.51672   42 1348    1.31977    0.34723  73.7%   446  180s
  3515  1357    0.56113   46 1296    1.31977    0.34723  73.7%   448  185s
  3683  1387    0.65344   49 1256    1.31977    0.34723  73.7%   460  191s
  3763  1431    0.59692   52 1254    1.31977    0.34723  73.7%   485  195s
  3893  1499    0.77500   58 1247    1.31977    0.34723  73.7%   518  201s
  3940  1514    0.79822   61 1134    1.31977    0.34723  73.7%   532  242s
  4028  1612    0.90397   67 1203    1.31977    0.34723  73.7%   548  246s
  4192  1739    1.08845   78  981    1.31977    0.34723  73.7%   553  251s
  4381  1815    1.24885   92  810    1.31977    0.34723  73.7%   553  257s
  4469  1839    1.27863  101  764    1.31977    0.35030  73.5%   564  261s
  4617  1884    0.78226   32 2192    1.31977    0.35030  73.5%   589  267s
  4681  1910    0.81263   34 2207    1.31977    0.35030  73.5%   604  272s
  4732  1945    0.89753   37 2284    1.31977    0.35030  73.5%   621  277s
  4784  1998    1.09495   41 2057    1.31977    0.35030  73.5%   637  282s
  4854  2050    1.23081   48 1447    1.31977    0.37256  71.8%   646  287s
  4949  2112    0.45162   31 2287    1.31977    0.37256  71.8%   649  291s
  5063  2173    0.50252   33 2307    1.31977    0.37256  71.8%   649  296s
  5190  2219    0.59133   36 2234    1.31977    0.37256  71.8%   661  301s
  5326  2245    0.62901   39 2160    1.31977    0.37256  71.8%   671  307s
  5423  2308    0.74218   42 2063    1.31977    0.37256  71.8%   687  311s
H 5522  2313                       1.3179691    0.37256  71.7%   700  338s
H 5523  2263                       1.2818811    0.37256  70.9%   701  338s
H 5538  2272                       1.2749614    0.37256  70.8%   704  344s
  5574  2382    0.96129   48 1884    1.27496    0.37256  70.8%   710  349s
  5727  2447    1.23991   59 1446    1.27496    0.37401  70.7%   711  355s
  5849  2531    0.41129   32 2036    1.27496    0.37401  70.7%   724  361s
  5958  2622    0.41569   33 2036    1.27496    0.37401  70.7%   740  368s
  6077  2687    0.49287   36 2110    1.27496    0.37401  70.7%   757  374s
  6179  2754    0.54711   38 2043    1.27496    0.37401  70.7%   772  381s
  6253  2838    0.60528   41 2016    1.27496    0.37401  70.7%   792  388s
  6343  2939    0.68727   43 2152    1.27496    0.37401  70.7%   804  394s
  6450  3055    0.75226   45 2071    1.27496    0.37401  70.7%   812  401s
  6581  3100    0.87925   50 1953    1.27496    0.37401  70.7%   826  409s
H 6584  3100                       1.2749125    0.37401  70.7%   827  409s
H 6588  3096                       1.2741091    0.37401  70.6%   828  409s
H 6611  3091                       1.2733639    0.37401  70.6%   832  409s
H 6624  3074                       1.2652856    0.37401  70.4%   833  409s
  6639  3194    0.85734   49 1964    1.26529    0.37401  70.4%   834  416s
  6791  3328    0.94622   51 1857    1.26529    0.37401  70.4%   842  424s
  6944  3441    0.99739   54 1815    1.26529    0.37401  70.4%   855  432s
  7098  3543    1.09200   58 1676    1.26529    0.37401  70.4%   870  440s
  7220  3671    1.12505   60 1445    1.26529    0.37401  70.4%   892  448s
  7364  3821    1.14549   63 1459    1.26529    0.37401  70.4%   911  457s
  7563  3948    1.23858   70 1188    1.26529    0.37401  70.4%   914  466s
H 7773  4070                       1.2652508    0.37401  70.4%   924  476s
H 7879  4055                       1.2640593    0.37401  70.4%   926  476s
H 7938  4054                       1.2640245    0.37401  70.4%   932  476s
H 7964  4090                       1.2633820    0.37401  70.4%   939  486s
H 7983  4090                       1.2633820    0.37401  70.4%   942  486s
H 7992  4089                       1.2633330    0.37401  70.4%   943  486s
  8031  4191    0.62861   38 2175    1.26333    0.37401  70.4%   948  496s
  8159  4312    0.81966   43 1757    1.26333    0.37401  70.4%   965  506s
  8332  4449    0.95569   46 1727    1.26333    0.37401  70.4%   978  517s
  8507  4553    1.06736   51 1825    1.26333    0.37401  70.4%   996  529s
  8683  4663    1.09269   55 1829    1.26333    0.39860  68.4%  1010  541s
  8836  4805    0.45502   32 2153    1.26333    0.39860  68.4%  1026  558s
  9004  4929    0.69005   39 2113    1.26333    0.39860  68.4%  1042  570s
H 9142  4881                       1.2601836    0.39860  68.4%  1050  570s
  9206  5006    1.11453   52 1892    1.26018    0.40281  68.0%  1053  586s
  9396  5171    0.50124   32 2190    1.26018    0.40281  68.0%  1075  600s
  9608  5268    0.68837   39 1790    1.26018    0.40281  68.0%  1090  615s
  9759  5419    0.95533   45 1733    1.26018    0.40281  68.0%  1104  629s
  9973  5561     cutoff   56         1.26018    0.40920  67.5%  1122  645s
 10194  5738    0.65733   41 1937    1.26018    0.40920  67.5%  1138  660s
 10375  5940     cutoff   50         1.26018    0.41219  67.3%  1156  675s
 10651  6133    0.50883   37 2061    1.26018    0.41219  67.3%  1159  692s
 10914  6392    0.79872   46 2267    1.26018    0.41302  67.2%  1173  709s
 11224  6559    0.52229   36 2059    1.26018    0.41302  67.2%  1182  727s
 11528  6751    0.73275   45 1737    1.26018    0.41302  67.2%  1192  745s
 11861  6895    1.22017   62 1687    1.26018    0.41985  66.7%  1198  766s
 12138  7101    0.60522   42 1903    1.26018    0.41985  66.7%  1214  786s
 12413  7411    0.73919   48 1702    1.26018    0.41985  66.7%  1230  808s
 12744  7788    1.09449   57 2003    1.26018    0.41985  66.7%  1237  829s
 13237  7858    1.24608   69 1905    1.26018    0.42280  66.4%  1232  851s
 13360  8138    0.51000   34 2137    1.26018    0.42702  66.1%  1240  874s
 13787  8400    0.62139   39 1827    1.26018    0.42702  66.1%  1242  898s
 14125  8612    0.97240   48 1993    1.26018    0.42702  66.1%  1255  925s
 14449  8908    1.21221   59 1918    1.26018    0.42945  65.9%  1269  953s
 14803  9210    0.76506   40 2184    1.26018    0.42945  65.9%  1281  987s
 15175  9415    1.08892   50 2029    1.26018    0.43038  65.8%  1288 1018s
 15528  9650    0.50948   36 1997    1.26018    0.43453  65.5%  1294 1051s
 15881  9914    0.92424   47 1826    1.26018    0.43466  65.5%  1299 1085s
 16282 10139    0.52965   39 1925    1.26018    0.43478  65.5%  1302 1123s
 16577 10375    0.75474   46 1862    1.26018    0.43932  65.1%  1312 1163s
 16969 10618    0.58174   36 1946    1.26018    0.44055  65.0%  1321 1204s
 17309 10877    1.24527   53 1805    1.26018    0.44208  64.9%  1329 1245s
 17718 11261    0.77362   43 1884    1.26018    0.44389  64.8%  1341 1284s
 18159 11635    1.22436   54 2007    1.26018    0.44446  64.7%  1346 1323s
H18628 11489                       1.2537547    0.44446  64.5%  1351 1467s
H18636 11432                       1.2507953    0.44446  64.5%  1351 1467s
 18649 11729    0.62012   42 1991    1.25080    0.44446  64.5%  1352 1510s
 19114 11983    1.24080   64 1709    1.25080    0.44729  64.2%  1359 1558s
 19555 12317    1.03199   55 1907    1.25080    0.45076  64.0%  1366 1608s
 20081 12684    0.56833   41 1386    1.25080    0.45346  63.7%  1370 1661s
 20584 13373    0.64614   39 2095    1.25080    0.45390  63.7%  1375 1724s
 21338 14146    1.03181   51 1641    1.25080    0.45438  63.7%  1383 1786s
 22353 14382    0.72107   49 1567    1.25080    0.45438  63.7%  1383 1800s

Cutting planes:
  Gomory: 461
  Implied bound: 4
  MIR: 144
  StrongCG: 6
  Flow cover: 558
  Zero half: 86
  RLT: 47
  Relax-and-lift: 1
  BQP: 1

Explored 22621 nodes (31247545 simplex iterations) in 1800.01 seconds (2621.33 work units)
Thread count was 16 (of 16 available processors)

Solution count 10: 1.2508 1.25375 1.26018 ... 1.27336

Time limit reached
Warning: max constraint violation (5.5340e-04) exceeds tolerance
Warning: max general constraint violation (5.5340e-04) exceeds tolerance
Best objective 1.250795315576e+00, best bound 4.543794894811e-01, gap 63.6728%
