
Gurobi 9.5.0 (linux64) logging started Mon 14 Nov 2022 12:38:41 PM PST

Set parameter LogFile to value "experiments/t_2_theta_0.5/gurobi.1668458320.log"
Set parameter LogToConsole to value 0
Set parameter TimeLimit to value 1800
Set parameter Threads to value 16
Gurobi Optimizer version 9.5.0 build v9.5.0rc5 (linux64)
Thread count: 8 physical cores, 16 logical processors, using up to 16 threads
Optimize a model with 340 rows, 1428 columns and 5305 nonzeros
Model fingerprint: 0xdaab0857
Model has 3425 quadratic objective terms
Model has 150 quadratic constraints
Model has 2 general constraints
Variable types: 85 continuous, 1343 integer (1343 binary)
Coefficient statistics:
  Matrix range     [1e+00, 1e+01]
  QMatrix range    [1e+00, 1e+00]
  QLMatrix range   [1e+00, 1e+00]
  Objective range  [0e+00, 0e+00]
  QObjective range [4e-05, 2e+01]
  Bounds range     [1e+00, 8e+02]
  RHS range        [1e+00, 1e+02]
Presolve added 57 rows and 1173 columns
Presolve time: 0.07s
Presolved: 4764 rows, 4797 columns, 36202 nonzeros
Variable types: 1286 continuous, 3511 integer (3415 binary)

Root relaxation: objective -9.947598e-14, 4996 iterations, 0.21 seconds (0.20 work units)

    Nodes    |    Current Node    |     Objective Bounds      |     Work
 Expl Unexpl |  Obj  Depth IntInf | Incumbent    BestBd   Gap | It/Node Time

     0     0   -0.00000    0 3455          -   -0.00000      -     -    0s
     0     0    0.02386    0 3422          -    0.02386      -     -    1s
     0     0    0.03228    0 3326          -    0.03228      -     -    1s
     0     0    0.03253    0 3327          -    0.03253      -     -    2s
     0     0    0.03774    0 3337          -    0.03774      -     -    2s
     0     0    0.03872    0 3332          -    0.03872      -     -    2s
H    0     0                       2.0191945    0.03872  98.1%     -    3s
H    0     0                       2.0114957    0.03872  98.1%     -    3s
H    0     0                       1.9831419    0.03872  98.0%     -    3s
     0     0    0.03888    0 3328    1.98314    0.03888  98.0%     -    3s
     0     0    0.04254    0 3346    1.98314    0.04254  97.9%     -    3s
     0     0    0.04254    0 3330    1.98314    0.04254  97.9%     -    4s
H    0     0                       1.8731815    0.04268  97.7%     -    4s
H    0     0                       1.8426596    0.04268  97.7%     -    4s
     0     2    0.04268    0 3330    1.84266    0.04268  97.7%     -    5s
H   79    82                       1.6503135    0.05521  96.7%   559   11s
H   81    82                       1.6366336    0.05521  96.6%   561   11s
H   89    82                       1.5342895    0.05521  96.4%   593   11s
H  149   142                       1.4965328    0.05521  96.3%   876   18s
H  150   142                       1.4834769    0.05521  96.3%   879   18s
H  153   142                       1.4598532    0.05521  96.2%   900   18s
H  155   142                       1.4318015    0.05521  96.1%   894   18s
H  162   142                       1.3740618    0.05521  96.0%   913   18s
   194   180    0.37472   15 2191    1.37406    0.05521  96.0%   890   21s
H  202   180                       1.3642591    0.05521  96.0%   861   21s
H  210   180                       1.3612238    0.05521  95.9%   856   21s
H  245   229                       1.3563107    0.05521  95.9%   847   26s
H  246   229                       1.3552554    0.05521  95.9%   844   26s
H  247   229                       1.3265565    0.05521  95.8%   848   26s
H  261   229                       1.3264715    0.05521  95.8%   841   26s
   610   661    0.68805   49  901    1.32647    0.05521  95.8%   579   30s
H 1463  1475                       1.3241542    0.05521  95.8%   301   32s
H 1484  1475                       1.3192606    0.05521  95.8%   297   32s
H 1524  1475                       1.3169951    0.05521  95.8%   292   32s
  2043  1893    0.16916    6 2824    1.31700    0.05525  95.8%   251   35s
  2435  2159    0.23386   10 2852    1.31700    0.05525  95.8%   264   40s
H 2470  2159                       1.3141142    0.05525  95.8%   273   48s
H 2472  2052                       1.3046378    0.05525  95.8%   272   50s
H 2476  1952                       1.3041308    0.05525  95.8%   272   52s
  2484  1958    0.71828   65 3090    1.30413    0.07846  94.0%   271   55s
H 2485  1859                       1.3027592    0.07963  93.9%   271   55s
H 2490  1770                       1.2991443    0.08729  93.3%   270   57s
  2497  1774    0.55651   42 3146    1.29914    0.08929  93.1%   270   60s
H 2497  1685                       1.2984246    0.08935  93.1%   270   60s
H 2501  1603                       1.2940027    0.08944  93.1%   269   65s
  2527  1631    0.28931   19 2415    1.29400    0.19625  84.8%   296   70s
  2591  1672    0.33903   22 2323    1.29400    0.21014  83.8%   315   75s
H 2592  1591                       1.2931324    0.21014  83.7%   315   75s
  2607  1602    0.29213   20 2373    1.29313    0.21014  83.7%   320   83s
  2642  1629    0.43809   22 2575    1.29313    0.21014  83.7%   328   86s
H 2662  1561                       1.2931324    0.21014  83.7%   333   89s
H 2665  1488                       1.2922203    0.21014  83.7%   333   89s
  2678  1507    0.33903   23 2322    1.29222    0.21014  83.7%   336   90s
  2752  1565    0.36748   24 2345    1.29222    0.21014  83.7%   356   95s
  2901  1666    0.47104   27 2193    1.29222    0.21014  83.7%   383  100s
  3119  1707    0.54360   28 2185    1.29222    0.21014  83.7%   402  106s
  3241  1750    0.59343   30 2234    1.29222    0.21014  83.7%   425  111s
  3314  1812    0.60430   31 2114    1.29222    0.21014  83.7%   440  115s
  3470  1919    0.66740   34 2051    1.29222    0.21014  83.7%   461  121s
  3645  2014    0.75614   36 2177    1.29222    0.21014  83.7%   466  125s
  3808  2060    0.87455   37 2093    1.29222    0.21014  83.7%   475  130s
  3947  2079    0.82816   39 2153    1.29222    0.21014  83.7%   486  135s
  4068  2159    0.90346   43 1840    1.29222    0.21014  83.7%   503  141s
  4203  2240    0.91442   44 1834    1.29222    0.21014  83.7%   517  147s
  4285  2289    0.95939   46 1925    1.29222    0.21014  83.7%   524  150s
  4487  2371    1.04635   49 1633    1.29222    0.21014  83.7%   534  156s
H 4693  2353                       1.2921685    0.21014  83.7%   544  183s
H 4695  2288                       1.2894644    0.21014  83.7%   544  183s
H 4704  2222                       1.2875482    0.21014  83.7%   544  183s
  4711  2300    1.08521   53 1795    1.28755    0.21014  83.7%   544  187s
  4820  2336    1.10917   54 1659    1.28755    0.21014  83.7%   551  191s
  4917  2386    1.16125   55 1663    1.28755    0.21014  83.7%   559  199s
  5015  2446    1.14848   56 1628    1.28755    0.21014  83.7%   567  203s
  5171  2452    1.20942   63 1340    1.28755    0.21014  83.7%   571  208s
  5235  2543    1.19355   63 1497    1.28755    0.21014  83.7%   573  213s
  5389  2543    1.23232   70 1235    1.28755    0.26912  79.1%   578  218s
  5506  2573    0.33314   21 2217    1.28755    0.26912  79.1%   586  223s
  5591  2626    0.50530   26 2259    1.28755    0.26912  79.1%   597  229s
  5697  2692    0.65588   30 2336    1.28755    0.26912  79.1%   606  234s
  5834  2780    1.01420   41 2265    1.28755    0.26912  79.1%   613  241s
  5992  2832    1.26820   57 1714    1.28755    0.28977  77.5%   618  246s
  6142  2912    0.37173   24 2389    1.28755    0.28977  77.5%   624  252s
  6290  3014    0.51566   27 2468    1.28755    0.28977  77.5%   633  259s
  6418  3139    0.68595   32 2432    1.28755    0.28977  77.5%   642  266s
H 6431  3139                       1.2875481    0.28977  77.5%   643  266s
  6562  3294    0.89361   35 2672    1.28755    0.28977  77.5%   641  273s
  6747  3451    1.10717   44 2104    1.28755    0.28977  77.5%   645  279s
  6997  3549    1.28132   52 1757    1.28755    0.29972  76.7%   647  287s
  7174  3703    0.41880   22 2220    1.28755    0.32117  75.1%   652  294s
  7369  3906    0.66859   27 2503    1.28755    0.32117  75.1%   657  301s
  7631  4002    0.98163   36 2128    1.28755    0.32117  75.1%   659  309s
H 7663  4002                       1.2875481    0.32117  75.1%   659  309s
H 7717  4000                       1.2869362    0.32117  75.0%   660  309s
H 7743  3991                       1.2850237    0.32117  75.0%   661  309s
  7789  4153    1.17244   45 1911    1.28502    0.32421  74.8%   660  317s
  7990  4325    0.64736   22 2527    1.28502    0.33773  73.7%   666  325s
  8227  4567    0.92747   28 2342    1.28502    0.33773  73.7%   669  334s
  8556  4715    1.27334   44 1411    1.28502    0.34216  73.4%   666  343s
  8787  4853    0.87158   32 2392    1.28502    0.34780  72.9%   671  353s
H 8883  4829                       1.2827064    0.34780  72.9%   671  353s
  9056  4911     cutoff   45         1.28271    0.34818  72.9%   676  364s
  9280  5084    0.69614   28 2518    1.28271    0.34818  72.9%   679  374s
  9529  5265    1.23741   52 1527    1.28271    0.35403  72.4%   685  385s
  9782  5422    0.62750   27 2339    1.28271    0.35403  72.4%   691  397s
 10010  5643    0.88412   34 2384    1.28271    0.35403  72.4%   698  410s
 10241  5942    1.10469   40 2100    1.28271    0.35403  72.4%   703  421s
 10582  6180    1.20825   49 1459    1.28271    0.36722  71.4%   707  433s
 10893  6429    0.50863   25 2477    1.28271    0.37158  71.0%   713  446s
 11236  6707    0.89185   34 2539    1.28271    0.37158  71.0%   718  459s
 11575  6850    1.27775   44 1810    1.28271    0.37359  70.9%   722  477s
H11709  6850                       1.2827064    0.38098  70.3%   723  477s
 11830  7073    1.05822   37 2044    1.28271    0.38149  70.3%   725  491s
 12197  7208    0.65248   27 2326    1.28271    0.38149  70.3%   729  505s
 12557  7431    1.05768   40 2109    1.28271    0.38811  69.7%   735  521s
 12915  7675    0.58537   24 2331    1.28271    0.38811  69.7%   741  538s
 13291  7911    1.24524   47 1939    1.28271    0.39493  69.2%   746  556s
 13646  8165    0.94238   34 2452    1.28271    0.39627  69.1%   753  574s
 13997  8430    0.82267   32 2348    1.28271    0.40502  68.4%   761  595s
 14419  8716    0.60419   28 2543    1.28271    0.40662  68.3%   765  614s
 14828  8985    1.10707   46 1789    1.28271    0.41179  67.9%   770  636s
 15251  9393    0.94885   37 2587    1.28271    0.41179  67.9%   776  657s
H15665  9408                       1.2826546    0.41179  67.9%   783  787s
H15667  9408                       1.2826546    0.41179  67.9%   783  787s
H15672  9401                       1.2819644    0.41179  67.9%   783  787s
H15675  9378                       1.2800593    0.41179  67.8%   783  787s
H15680  9378                       1.2800593    0.41179  67.8%   783  787s
 15681  9852    1.12715   41 2175    1.28006    0.41818  67.3%   783  813s
H16144  9850                       1.2800075    0.41840  67.3%   783  813s
 16315 10233    0.60723   31 2123    1.28001    0.41843  67.3%   782  835s
 16908 10568    0.47738   26 2281    1.28001    0.42327  66.9%   783  860s
 17416 10908    0.56268   29 2296    1.28001    0.42581  66.7%   787  884s
 17969 11238    0.57150   28 2385    1.28001    0.42919  66.5%   790  912s
 18483 11777    0.66313   29 2478    1.28001    0.43338  66.1%   796  940s
 19024 12477    0.90130   37 2384    1.28001    0.43338  66.1%   803  966s
 19760 13179    1.04169   42 2388    1.28001    0.43338  66.1%   802  991s
 20569 14180    1.21128   48 1680    1.28001    0.43415  66.1%   803 1020s
 21970 14656    0.63288   28 2556    1.28001    0.43416  66.1%   789 1041s
 22789 14959    0.65033   29 2340    1.28001    0.43912  65.7%   779 1063s
 23241 15448    1.25013   53 1660    1.28001    0.44104  65.5%   783 1087s
 23774 15990    0.54038   24 2983    1.28001    0.44207  65.5%   787 1111s
 24558 16394    0.91394   34 2582    1.28001    0.44654  65.1%   785 1140s
 25157 16816    1.26874   46 1829    1.28001    0.44905  64.9%   788 1169s
 25878 17410    0.62156   30 2451    1.28001    0.45169  64.7%   789 1202s
 26587 18180    1.19368   51 1604    1.28001    0.45278  64.6%   792 1234s
 27696 18687    0.59510   30 2394    1.28001    0.45628  64.4%   786 1270s
 28485 19149    1.08518   41 2039    1.28001    0.45942  64.1%   788 1308s
 29276 19677    0.64661   30 2695    1.28001    0.46263  63.9%   791 1349s
 30086 20083    1.06600   37 2285    1.28001    0.46640  63.6%   794 1392s
 30785 20606    1.19797   43 2074    1.28001    0.47111  63.2%   797 1438s
 31640 21266    0.82454   34 2264    1.28001    0.47488  62.9%   801 1486s
 32598 21892    0.79237   29 2607    1.28001    0.47657  62.8%   805 1535s
 33510 22551    0.60949   25 2553    1.28001    0.48041  62.5%   811 1587s
 34594 23302    0.73356   32 2461    1.28001    0.48325  62.2%   814 1642s
 35745 23915    1.27477   49 1883    1.28001    0.48648  62.0%   816 1698s
 36879 24704    0.70824   31 2392    1.28001    0.49060  61.7%   818 1755s
 38055 25207     cutoff   41         1.28001    0.49319  61.5%   821 1800s

Cutting planes:
  Gomory: 602
  MIR: 36
  StrongCG: 5
  Flow cover: 67
  Inf proof: 3
  Zero half: 17
  Mod-K: 1
  RLT: 35

Explored 38866 nodes (31966418 simplex iterations) in 1800.04 seconds (2844.41 work units)
Thread count was 16 (of 16 available processors)

Solution count 10: 1.28001 1.28006 1.28006 ... 1.28755

Time limit reached
Warning: max constraint violation (2.1661e-04) exceeds tolerance
Warning: max general constraint violation (2.1661e-04) exceeds tolerance
Best objective 1.280007477945e+00, best bound 4.941020693618e-01, gap 61.3985%
