
Gurobi 9.5.0 (linux64) logging started Wed 16 Nov 2022 02:29:40 PM PST

Set parameter LogFile to value "experiments/t_1_theta_0.35/gurobi.1668637779.log"
Set parameter LogToConsole to value 0
Set parameter TimeLimit to value 1800
Set parameter Threads to value 16
Gurobi Optimizer version 9.5.0 build v9.5.0rc5 (linux64)
Thread count: 8 physical cores, 16 logical processors, using up to 16 threads
Optimize a model with 339 rows, 1398 columns and 5276 nonzeros
Model fingerprint: 0xceed9e73
Model has 3400 quadratic objective terms
Model has 75 quadratic constraints
Model has 1 general constraint
Variable types: 80 continuous, 1318 integer (1318 binary)
Coefficient statistics:
  Matrix range     [1e+00, 1e+01]
  QMatrix range    [1e+00, 1e+00]
  QLMatrix range   [1e+00, 1e+00]
  Objective range  [0e+00, 0e+00]
  QObjective range [3e-05, 2e+01]
  Bounds range     [1e+00, 8e+02]
  RHS range        [1e+00, 1e+02]
Presolve added 0 rows and 1025 columns
Presolve removed 26 rows and 0 columns
Presolve time: 0.01s
Presolved: 2395 rows, 4505 columns, 12202 nonzeros
Presolved model has 1 SOS constraint(s)
Variable types: 1105 continuous, 3400 integer (3375 binary)

Root relaxation: objective 5.984214e-01, 1856 iterations, 0.07 seconds (0.10 work units)

    Nodes    |    Current Node    |     Objective Bounds      |     Work
 Expl Unexpl |  Obj  Depth IntInf | Incumbent    BestBd   Gap | It/Node Time

     0     0    0.59842    0 1319          -    0.59842      -     -    0s
H    0     0                      21.4045933    0.59842  97.2%     -    0s
H    0     0                      15.4946791    0.59842  96.1%     -    0s
H    0     0                       9.5060262    0.59842  93.7%     -    0s
H    0     0                       9.4605068    0.59842  93.7%     -    0s
     0     0    0.63907    0 1330    9.46051    0.63907  93.2%     -    0s
     0     0    0.70460    0 1252    9.46051    0.70460  92.6%     -    0s
     0     0    0.70511    0 1248    9.46051    0.70511  92.5%     -    0s
     0     0    0.70526    0 1250    9.46051    0.70526  92.5%     -    0s
     0     0    0.71228    0 1259    9.46051    0.71228  92.5%     -    0s
     0     0    0.71290    0 1253    9.46051    0.71290  92.5%     -    0s
H    0     0                       9.4440221    0.71589  92.4%     -    0s
H    0     0                       8.1081839    0.71589  91.2%     -    0s
H    0     0                       8.0887209    0.71589  91.1%     -    0s
     0     0    0.71589    0 1268    8.08872    0.71589  91.1%     -    0s
     0     0    0.71589    0 1268    8.08872    0.71589  91.1%     -    0s
     0     2    0.71605    0 1268    8.08872    0.71605  91.1%     -    0s
H   79    84                       2.4000371    0.72101  70.0%   399    2s
H   82    84                       2.3958796    0.72101  69.9%   405    2s
H   83    84                       2.3671976    0.72101  69.5%   406    2s
H   85    84                       2.3379171    0.72101  69.2%   406    2s
H  120   123                       2.2845785    0.72101  68.4%   348    2s
H  125   123                       2.1885981    0.72101  67.1%   345    2s
H  127   123                       2.1739850    0.72101  66.8%   342    2s
H  137   123                       2.1444041    0.72101  66.4%   330    2s
H  190   196                       2.0275023    0.72101  64.4%   296    3s
H  194   196                       1.8862026    0.72101  61.8%   292    3s
H  195   196                       1.8571070    0.72101  61.2%   290    3s
   655   722    1.06317   30  877    1.85711    0.72101  61.2%   206    5s
*  694   722              61       1.3660225    0.72101  47.2%   201    5s
H 1485  1262                       1.3332848    0.72101  45.9%   179    7s
H 1496  1252                       1.3299961    0.72101  45.8%   178    7s
H 2130  1713                       1.3189129    0.72101  45.3%   172    8s
H 2132  1627                       1.3173710    0.72101  45.3%   172    9s
H 2133  1545                       1.3160797    0.72197  45.1%   172    9s
  2136  1547    1.27703   40 1223    1.31608    0.73016  44.5%   172   10s
H 2136  1470                       1.3128345    0.73016  44.4%   172   10s
H 2136  1396                       1.3112926    0.73304  44.1%   172   10s
H 2141  1330                       1.3100013    0.74972  42.8%   171   12s
H 2149  1268                       1.3090281    0.75948  42.0%   171   14s
H 2149  1204                       1.3081613    0.75948  41.9%   171   14s
H 2149  1144                       1.3080291    0.76192  41.8%   171   14s
  2151  1145    1.18767   89 1344    1.30803    0.76275  41.7%   171   15s
H 2161  1094                       1.2371417    0.77082  37.7%   170   19s
H 2161  1038                       1.2370669    0.77165  37.6%   170   19s
  2163  1039    1.13475   45 1418    1.23707    0.77171  37.6%   170   20s
  2179  1051    1.23707   87 1398    1.23707    0.77411  37.4%   182   25s
H 2187  1003                       1.2342953    0.77790  37.0%   181   29s
H 2189   954                       1.2327983    0.77845  36.9%   181   30s
  2203   972    0.78400   23 1414    1.23280    0.77898  36.8%   194   35s
H 2275   979                       1.2318799    0.77983  36.7%   220   39s
H 2276   934                       1.2318225    0.77983  36.7%   221   39s
  2291   950    0.80262   27 1414    1.23182    0.77983  36.7%   226   40s
H 2333   929                       1.2304605    0.78123  36.5%   238   41s
H 2335   886                       1.2271998    0.78123  36.3%   238   41s
H 2381   879                       1.2224130    0.78123  36.1%   252   44s
H 2394   838                       1.2157221    0.78123  35.7%   253   44s
  2396   853    0.84689   29 1332    1.21572    0.78123  35.7%   254   46s
  2445   883    0.82630   31 1402    1.21572    0.78123  35.7%   263   50s
H 2454   844                       1.2107469    0.78123  35.5%   265   50s
H 2460   808                       1.2074359    0.78123  35.3%   266   50s
  2569   881    0.83967   34 1383    1.20744    0.78123  35.3%   276   57s
H 2584   844                       1.2074359    0.78123  35.3%   278   57s
  2690   953    0.85656   36 1344    1.20744    0.78123  35.3%   283   60s
  2905  1048    0.85393   41 1312    1.20744    0.78123  35.3%   304   65s
  2949  1073    0.87243   42 1334    1.20744    0.78123  35.3%   311   75s
  3223  1229    0.88867   47 1288    1.20744    0.78123  35.3%   335   81s
  3453  1347    0.91802   51 1218    1.20744    0.78123  35.3%   353   85s
  3829  1491    0.97677   57 1233    1.20744    0.78123  35.3%   370   95s
H 3837  1459                       1.2074359    0.78123  35.3%   370   95s
  4122  1774    0.99864   63 1165    1.20744    0.78123  35.3%   373  100s
  4580  2129    1.07904   70 1096    1.20744    0.78123  35.3%   378  105s
  4870  2428    1.10760   76 1054    1.20744    0.78123  35.3%   382  110s
  5455  2862    1.16922   94  681    1.20744    0.78123  35.3%   380  116s
  5849  3168    0.87141   26 1360    1.20744    0.78495  35.0%   381  121s
  6304  3515    1.06309   41 1134    1.20744    0.78495  35.0%   380  127s
  6537  3635    1.15654   52 1078    1.20744    0.82117  32.0%   381  130s
  6903  3959    1.05811   35 1180    1.20744    0.84161  30.3%   388  136s
  7403  4377    0.93654   39 1242    1.20744    0.84586  29.9%   389  142s
  7696  4607    0.99256   45 1171    1.20744    0.84586  29.9%   388  145s
  8272  5045    1.06492   43 1178    1.20744    0.84868  29.7%   388  153s
  8573  5264    1.06011   35 1203    1.20744    0.84932  29.7%   388  156s
  8897  5481    1.06648   37 1205    1.20744    0.84932  29.7%   388  160s
  9588  6001    1.20563   49  928    1.20744    0.85496  29.2%   389  168s
  9908  6287    0.95086   29 1229    1.20744    0.85496  29.2%   390  173s
 10334  6545    1.15949   52 1080    1.20744    0.85630  29.1%   388  177s
 10684  6945    1.01627   45 1246    1.20744    0.85630  29.1%   390  181s
 11183  7234     cutoff   66         1.20744    0.85725  29.0%   386  186s
 11594  7430    0.97343   40 1188    1.20744    0.85922  28.8%   388  192s
 11832  7804    1.06968   45 1121    1.20744    0.85922  28.8%   396  197s
 12270  8249    1.15255   66 1059    1.20744    0.85922  28.8%   397  203s
 12791  8504    1.16967   85  975    1.20744    0.86062  28.7%   398  208s
 13204  8792    1.12614   47 1164    1.20744    0.86197  28.6%   402  215s
 13626  9105    0.99548   40 1188    1.20744    0.86435  28.4%   405  221s
 14072  9410    0.92978   36 1283    1.20744    0.86435  28.4%   407  228s
 14407  9902    1.00597   51 1185    1.20744    0.86435  28.4%   412  234s
 14996 10325    1.10035   65  940    1.20744    0.86872  28.1%   413  241s
 15583 10858    0.96281   37 1268    1.20744    0.86952  28.0%   414  248s
 16261 11299    0.98693   34 1257    1.20744    0.87250  27.7%   412  255s
 16908 11631    0.97192   29 1358    1.20744    0.87345  27.7%   413  264s
 17425 11930    0.97520   41 1224    1.20744    0.87345  27.7%   415  274s
 17768 12547    1.04332   53 1130    1.20744    0.87479  27.6%   416  282s
 18647 12925    0.95723   39 1174    1.20744    0.87489  27.5%   414  293s
 19194 13345    1.18719   55 1084    1.20744    0.87611  27.4%   419  302s
 19842 13860 infeasible   79         1.20744    0.87678  27.4%   422  312s
 20611 14453    1.05852   42 1237    1.20744    0.87750  27.3%   423  323s
 21332 15101    1.02125   42 1132    1.20744    0.87847  27.2%   422  333s
 22266 15813     cutoff   48         1.20744    0.88150  27.0%   421  343s
 23196 16385    0.89049   32 1400    1.20744    0.88339  26.8%   420  354s
 24023 17032    1.07777   50 1192    1.20744    0.88475  26.7%   422  365s
 24921 17705    0.98598   41 1337    1.20744    0.88643  26.6%   422  377s
 25808 18721    1.08870   76 1152    1.20744    0.88741  26.5%   424  389s
 27105 19589    1.06381   41 1208    1.20744    0.88793  26.5%   421  401s
 28242 20179    1.12711   56 1153    1.20744    0.88909  26.4%   420  414s
 29026 20730     cutoff   48         1.20744    0.89017  26.3%   425  427s
 30145 21430    1.07603   48 1152    1.20744    0.89047  26.3%   427  441s
 31322 22211     cutoff   69         1.20744    0.89153  26.2%   427  456s
 32485 22919    1.11198   51 1120    1.20744    0.89412  25.9%   427  470s
 33667 23757    1.18729   54 1054    1.20744    0.89555  25.8%   429  491s
 34930 24810    1.01259   36 1260    1.20744    0.89703  25.7%   430  514s
 36309 25758    1.12542   63 1029    1.20744    0.89818  25.6%   432  569s
 37490 26991    1.09026   57  984    1.20744    0.90018  25.4%   433  588s
 39302 28226    1.20465   57 1037    1.20744    0.90195  25.3%   432  608s
 41012 29286    1.15228   57 1088    1.20744    0.90393  25.1%   432  628s
 42700 30687    0.97379   39 1227    1.20744    0.90470  25.1%   433  650s
H42762 30549                       1.2056524    0.90470  25.0%   434  650s
H42872 30525                       1.2052744    0.90540  24.9%   433  650s
H43777 30521                       1.2052118    0.90744  24.7%   433  650s
 44421 31406 infeasible   33         1.20521    0.90804  24.7%   432  673s
H44888 31406                       1.2052118    0.90842  24.6%   432  673s
 45873 32572 infeasible   61         1.20521    0.90902  24.6%   433  694s
 47631 33704    1.07793   47 1159    1.20521    0.91158  24.4%   433  715s
 49345 34828    0.99239   38 1249    1.20521    0.91371  24.2%   433  736s
 51046 36174    1.15195   48 1160    1.20521    0.91513  24.1%   433  757s
H52206 36125                       1.2047200    0.91592  24.0%   434  757s
 52736 37428    1.03319   48 1041    1.20472    0.91621  23.9%   434  776s
 54502 38807    1.19356  114  355    1.20472    0.91676  23.9%   435  796s
 56336 39864    1.18226   77  687    1.20472    0.91780  23.8%   434  816s
 58198 40762    1.06591   38 1247    1.20472    0.91915  23.7%   434  835s
 59709 41872     cutoff   48         1.20472    0.92024  23.6%   435  855s
H59853 41872                       1.2047200    0.92039  23.6%   435  855s
H60331 41872                       1.2047200    0.92070  23.6%   435  855s
H60754 41872                       1.2047200    0.92079  23.6%   435  855s
 61171 43157    1.02241   47 1310    1.20472    0.92097  23.6%   435  874s
 62887 44241    1.19394   72 1058    1.20472    0.92166  23.5%   436  894s
 64539 45232    1.12466   39 1122    1.20472    0.92333  23.4%   436  913s
 66170 46396    1.09994   36 1077    1.20472    0.92437  23.3%   437  933s
 67818 47479    1.04305   36 1023    1.20472    0.92495  23.2%   437  952s
 69444 48738    1.16871   75 1027    1.20472    0.92644  23.1%   438  972s
 71222 50046    0.97894   45 1187    1.20472    0.92757  23.0%   437  991s
 73086 51138    1.19851   63 1066    1.20472    0.92872  22.9%   436 1009s
 74799 52202    1.07105   34 1258    1.20472    0.92999  22.8%   436 1027s
 76361 53222    1.07924   43 1154    1.20472    0.93120  22.7%   436 1047s
 77898 54300    0.98549   36 1247    1.20472    0.93199  22.6%   436 1066s
 79559 55269     cutoff   86         1.20472    0.93264  22.6%   436 1085s
 81022 56238    1.09187   52 1023    1.20472    0.93376  22.5%   437 1104s
 82585 57141     cutoff   55         1.20472    0.93474  22.4%   438 1123s
 84000 58284    1.10548   38 1244    1.20472    0.93560  22.3%   439 1143s
 85716 59184    1.10789   44 1194    1.20472    0.93613  22.3%   439 1162s
 87277 60306    1.04542   37 1222    1.20472    0.93705  22.2%   440 1181s
 88970 61809    1.06869   39 1138    1.20472    0.93743  22.2%   440 1200s
 91006 62850    1.13626   40 1044    1.20472    0.93764  22.2%   439 1218s
 92674 63800    1.18729   67  911    1.20472    0.93810  22.1%   439 1236s
 94178 64944    1.06603   46 1209    1.20472    0.93858  22.1%   438 1255s
 95854 65598 infeasible   37         1.20472    0.93935  22.0%   438 1274s
 96773 66892    1.04307   41 1253    1.20472    0.93938  22.0%   438 1294s
 98632 68141    1.04570   46 1232    1.20472    0.93994  22.0%   438 1312s
 100396 69255    1.08589   37 1195    1.20472    0.94066  21.9%   438 1331s
 102082 70761    1.07146   57 1159    1.20472    0.94093  21.9%   438 1349s
 104037 72083    1.16318   92  710    1.20472    0.94145  21.9%   437 1368s
 105924 72839    0.99695   48 1157    1.20472    0.94204  21.8%   436 1386s
H107065 72839                       1.2047200    0.94242  21.8%   436 1386s
 107135 73579    1.04494   43 1216    1.20472    0.94270  21.7%   437 1406s
 108251 74522    1.18241   52 1121    1.20472    0.94299  21.7%   437 1426s
 109772 75227    1.13206   45 1153    1.20472    0.94331  21.7%   438 1444s
 111578 76191 infeasible   46         1.20472    0.94342  21.7%   438 1463s
 113375 77418    1.09793   37 1255    1.20472    0.94454  21.6%   438 1481s
 115094 78776    1.17824   78  818    1.20472    0.94501  21.6%   438 1499s
 116929 79862    0.97248   45 1196    1.20472    0.94538  21.5%   437 1517s
 118504 80917    1.06985   44 1211    1.20472    0.94618  21.5%   438 1535s
 120064 82315    1.07762   47 1179    1.20472    0.94666  21.4%   438 1553s
 121921 83520    1.17741   59  997    1.20472    0.94716  21.4%   437 1571s
 123532 84656    1.18129   52 1071    1.20472    0.94781  21.3%   438 1589s
 125110 85912    1.16385   65 1068    1.20472    0.94814  21.3%   438 1607s
 126878 86792    1.07920   63 1199    1.20472    0.94845  21.3%   438 1625s
 128394 87870     cutoff   55         1.20472    0.94906  21.2%   438 1643s
 129920 89143    1.14909   56 1007    1.20472    0.94944  21.2%   438 1660s
 131623 90150    1.17530   51 1138    1.20472    0.94961  21.2%   438 1678s
 133131 91170    1.17587   59 1025    1.20472    0.94993  21.1%   439 1697s
 134476 92061    1.12826   43 1206    1.20472    0.95004  21.1%   441 1716s
 136006 93147 infeasible   49         1.20472    0.95036  21.1%   442 1734s
 137687 94750    1.01311   44 1270    1.20472    0.95091  21.1%   442 1753s
 139653 95785    1.16201   81  806    1.20472    0.95120  21.0%   441 1772s
 141358 96633    1.19839  110  578    1.20472    0.95139  21.0%   441 1791s
 142710 97154    1.09792   56 1142    1.20472    0.95178  21.0%   441 1800s

Cutting planes:
  Gomory: 479
  MIR: 51
  Flow cover: 8
  Zero half: 4
  RLT: 9

Explored 143483 nodes (63282375 simplex iterations) in 1800.01 seconds (2760.12 work units)
Thread count was 16 (of 16 available processors)

Solution count 10: 1.20472 1.20472 1.20472 ... 1.20744

Time limit reached
Warning: max constraint violation (8.5993e-05) exceeds tolerance
Warning: max general constraint violation (8.5993e-05) exceeds tolerance
Best objective 1.204719994888e+00, best bound 9.518840937318e-01, gap 20.9871%
