
Gurobi 9.5.0 (linux64) logging started Wed 16 Nov 2022 06:09:58 AM PST

Set parameter LogFile to value "experiments/t_5_theta_0.2/gurobi.1668607797.log"
Set parameter LogToConsole to value 0
Set parameter TimeLimit to value 1800
Set parameter Threads to value 16
Gurobi Optimizer version 9.5.0 build v9.5.0rc5 (linux64)
Thread count: 8 physical cores, 16 logical processors, using up to 16 threads
Optimize a model with 343 rows, 1518 columns and 5392 nonzeros
Model fingerprint: 0x2d5f763e
Model has 3500 quadratic objective terms
Model has 375 quadratic constraints
Model has 5 general constraints
Variable types: 100 continuous, 1418 integer (1418 binary)
Coefficient statistics:
  Matrix range     [1e+00, 1e+01]
  QMatrix range    [1e+00, 1e+00]
  QLMatrix range   [1e+00, 1e+00]
  Objective range  [0e+00, 0e+00]
  QObjective range [2e-05, 1e+01]
  Bounds range     [1e+00, 8e+02]
  RHS range        [1e+00, 1e+02]
Presolve added 77 rows and 1523 columns
Presolve time: 0.04s
Presolved: 5349 rows, 5568 columns, 40602 nonzeros
Variable types: 1785 continuous, 3783 integer (3565 binary)

Root relaxation: objective 1.207923e-13, 6027 iterations, 0.31 seconds (0.24 work units)

    Nodes    |    Current Node    |     Objective Bounds      |     Work
 Expl Unexpl |  Obj  Depth IntInf | Incumbent    BestBd   Gap | It/Node Time

     0     0    0.00000    0 3491          -    0.00000      -     -    0s
     0     0    0.00941    0 3492          -    0.00941      -     -    1s
     0     0    0.05039    0 3148          -    0.05039      -     -    2s
     0     0    0.06147    0 3192          -    0.06147      -     -    2s
     0     0    0.06157    0 3179          -    0.06157      -     -    2s
     0     0    0.06581    0 3103          -    0.06581      -     -    3s
     0     0    0.06604    0 3095          -    0.06604      -     -    3s
H    0     0                       1.6758091    0.06604  96.1%     -    3s
H    0     0                       1.6495697    0.06604  96.0%     -    3s
     0     0    0.06880    0 3126    1.64957    0.06880  95.8%     -    3s
     0     0    0.06880    0 3094    1.64957    0.06880  95.8%     -    4s
     0     2    0.06883    0 3086    1.64957    0.06883  95.8%     -    4s
     3     6 infeasible    2         1.64957    0.06975  95.8%   133    5s
H   94    86                       1.6318336    0.07291  95.5%   652    8s
H   99    86                       1.5915901    0.07291  95.4%   694    8s
H  108   106                       1.5583977    0.07291  95.3%   728    9s
H  144   139                       1.4925736    0.07291  95.1%   748   16s
H  145   139                       1.4467707    0.07291  95.0%   757   16s
H  149   139                       1.4246868    0.07291  94.9%   749   16s
H  150   139                       1.4126785    0.07291  94.8%   753   16s
H  190   182                       1.3719280    0.07291  94.7%   724   24s
H  191   182                       1.3186306    0.07291  94.5%   725   24s
H  198   182                       1.2955303    0.07291  94.4%   723   24s
   206   210    0.14857    9 2262    1.29553    0.07291  94.4%   732   25s
H  594   617                       1.2661477    0.07291  94.2%   423   28s
   941   987    0.21130   17 1670    1.26615    0.07291  94.2%   321   30s
H 1797  1782                       1.2605279    0.07291  94.2%   197   32s
H 1815  1782                       1.2605275    0.07291  94.2%   196   32s
  2645  2446    0.36290   41  957    1.26053    0.07291  94.2%   161   35s
H 2844  2536                       1.2556757    0.07291  94.2%   165   37s
H 2859  2535                       1.2550335    0.07291  94.2%   166   37s
H 2866  2534                       1.2549059    0.07291  94.2%   166   37s
H 2868  2530                       1.2534697    0.07291  94.2%   166   37s
H 3029  2662                       1.2534137    0.07291  94.2%   174   46s
H 3031  2530                       1.2533823    0.07291  94.2%   174   47s
H 3035  2406                       1.2526565    0.07291  94.2%   173   49s
  3036  2407    0.84670  141 2949    1.25266    0.07291  94.2%   173   50s
H 3038  2287                       1.2525687    0.07766  93.8%   173   51s
H 3040  2174                       1.2518828    0.07790  93.8%   173   52s
H 3044  2067                       1.2517635    0.10107  91.9%   173   55s
H 3045  1965                       1.2513619    0.10142  91.9%   173   56s
H 3046  1867                       1.2507466    0.10193  91.9%   173   58s
H 3046  1773                       1.2507466    0.10193  91.9%   173   58s
  3049  1775    1.00302  165 2900    1.25075    0.10384  91.7%   173   60s
H 3049  1686                       1.2480457    0.10404  91.7%   173   61s
H 3049  1602                       1.2476047    0.10404  91.7%   173   61s
H 3049  1521                       1.2429273    0.10404  91.6%   173   61s
  3054  1524    0.27097   48 2880    1.24293    0.10448  91.6%   172   65s
H 3055  1449                       1.2339722    0.10468  91.5%   172   66s
  3059  1451    0.19572   19 2899    1.23397    0.10695  91.3%   172   70s
  3070  1460    0.22636   24 2871    1.23397    0.10695  91.3%   191   75s
H 3071  1387                       1.2333569    0.10695  91.3%   191   76s
H 3071  1318                       1.2325428    0.10695  91.3%   191   76s
H 3072  1253                       1.2325160    0.10695  91.3%   190   77s
H 3073  1190                       1.2320993    0.10695  91.3%   190   77s
H 3073  1130                       1.2320665    0.10695  91.3%   190   77s
H 3075  1075                       1.2314118    0.10695  91.3%   190   79s
H 3075  1021                       1.2306178    0.10695  91.3%   190   79s
H 3076   970                       1.2306178    0.10695  91.3%   190   80s
H 3079   923                       1.2302162    0.10702  91.3%   190   82s
H 3081   878                       1.2293703    0.11917  90.3%   190   85s
H 3082   834                       1.1889054    0.11917  90.0%   190   86s
H 3084   794                       1.1813463    0.12642  89.3%   190   88s
  3087   796    0.31505   87 2860    1.18135    0.14152  88.0%   190   92s
  3092   799    0.79030  188 2888    1.18135    0.14255  87.9%   189   95s
  3096   805    0.14368   26 2781    1.18135    0.14260  87.9%   208  100s
  3102   815    0.25124   28 2551    1.18135    0.17692  85.0%   215  105s
  3126   837    0.26826   30 2539    1.18135    0.18498  84.3%   240  114s
H 3130   794                       1.1813346    0.18498  84.3%   244  114s
H 3133   755                       1.1797949    0.18498  84.3%   246  114s
  3142   764 infeasible   31         1.17979    0.18501  84.3%   253  117s
  3174   782    0.31070   32 2168    1.17979    0.18501  84.3%   278  128s
H 3175   744                       1.1785581    0.18501  84.3%   278  128s
H 3176   709                       1.1734829    0.18501  84.2%   279  128s
  3190   719    0.34548   32 2281    1.17348    0.18501  84.2%   290  130s
  3232   739 infeasible   33         1.17348    0.18501  84.2%   310  145s
H 3233   706                       1.1733735    0.18501  84.2%   310  145s
H 3234   675                       1.1733504    0.18501  84.2%   311  145s
H 3237   644                       1.1639278    0.18501  84.1%   312  145s
  3305   709    0.34537   36 2062    1.16393    0.18501  84.1%   336  150s
  3484   824    0.35645   40 1805    1.16393    0.18501  84.1%   353  155s
  3694   984    0.45322   44 2020    1.16393    0.18501  84.1%   367  160s
  4167  1248    0.40397   49 1564    1.16393    0.18501  84.1%   360  166s
H 4328  1211                       1.1542619    0.18501  84.0%   359  168s
  4430  1223    0.49744   54 1452    1.15426    0.18501  84.0%   366  172s
  4476  1243    0.49857   55 1451    1.15426    0.18501  84.0%   375  175s
  4607  1331    0.63199   61 1250    1.15426    0.18501  84.0%   396  180s
H 4628  1308                       1.1536465    0.18501  84.0%   399  180s
  4690  1369    0.71564   64 1426    1.15365    0.18501  84.0%   408  197s
H 4693  1369                       1.1536137    0.18501  84.0%   407  197s
H 4698  1364                       1.1482200    0.18501  83.9%   408  197s
  4766  1511    0.75784   65 1614    1.14822    0.18501  83.9%   415  200s
  4974  1717    0.82139   70 1305    1.14822    0.18501  83.9%   419  205s
  5230  1949    1.01245   82 1450    1.14822    0.18501  83.9%   423  211s
  5497  2118     cutoff   98         1.14822    0.21002  81.7%   430  217s
  5699  2272    0.25348   33 2062    1.14822    0.21002  81.7%   443  223s
  5788  2350    0.32384   36 1997    1.14822    0.21002  81.7%   449  226s
  5981  2486    0.39808   40 2179    1.14822    0.21002  81.7%   463  233s
  6039  2591    0.47219   42 2056    1.14822    0.21002  81.7%   469  236s
  6144  2703    0.51690   47 2016    1.14822    0.21002  81.7%   477  240s
  6414  2834    0.63633   53 2170    1.14822    0.21002  81.7%   486  249s
  6531  2899    0.77864   58 1701    1.14822    0.21002  81.7%   493  253s
  6618  2954    0.85454   62 1437    1.14822    0.21002  81.7%   503  259s
  6704  3033    0.99950   67 1771    1.14822    0.21002  81.7%   512  264s
  6791  3106     cutoff   73         1.14822    0.21721  81.1%   523  270s
  6905  3194    0.26369   31 2141    1.14822    0.21721  81.1%   530  275s
  6999  3273    0.32656   33 2080    1.14822    0.21721  81.1%   539  281s
  7119  3346    0.35927   38 2174    1.14822    0.21721  81.1%   546  287s
  7208  3419    0.41026   44 2207    1.14822    0.21721  81.1%   556  293s
  7310  3477    0.54840   49 2203    1.14822    0.21721  81.1%   566  300s
  7416  3590    0.66024   58 2011    1.14822    0.21721  81.1%   576  306s
  7547  3668    1.05589   64 2065    1.14822    0.21721  81.1%   584  313s
  7669  3773    1.11308   71 1612    1.14822    0.23619  79.4%   592  320s
  7802  3873    0.32646   34 2043    1.14822    0.23619  79.4%   601  327s
  7926  3983    0.39701   38 2046    1.14822    0.23619  79.4%   611  334s
  8081  4052    0.46556   41 2088    1.14822    0.23619  79.4%   618  343s
  8218  4139    0.61168   47 1828    1.14822    0.23619  79.4%   627  353s
  8329  4227    0.71479   55 1766    1.14822    0.23619  79.4%   639  362s
  8425  4340    1.08534   68 1829    1.14822    0.24713  78.5%   650  371s
  8547  4466    0.27290   33 2037    1.14822    0.24713  78.5%   660  380s
  8687  4565    0.65798   38 2106    1.14822    0.24713  78.5%   668  390s
  8824  4639 infeasible   46         1.14822    0.24713  78.5%   677  399s
  8951  4744     cutoff   48         1.14822    0.26246  77.1%   688  411s
  9088  4779    0.29383   36 2034    1.14822    0.26358  77.0%   700  423s
  9134  4912    0.26819   37 2172    1.14822    0.26358  77.0%   704  434s
  9275  4934    0.26819   39 2147    1.14822    0.26358  77.0%   715  452s
H 9286  4933                       1.1481432    0.26358  77.0%   715  452s
H 9288  4933                       1.1479388    0.26358  77.0%   715  452s
H 9304  4933                       1.1477582    0.26358  77.0%   716  452s
  9305  5042    0.29100   39 2056    1.14776    0.26358  77.0%   716  463s
  9513  5124    0.32027   40 2154    1.14776    0.26358  77.0%   723  477s
  9643  5242    0.34328   42 2259    1.14776    0.26358  77.0%   736  489s
  9783  5357    0.41470   44 2166    1.14776    0.26358  77.0%   747  503s
  9927  5478    0.42124   49 2117    1.14776    0.26358  77.0%   758  517s
 10076  5588    0.47442   53 2076    1.14776    0.26358  77.0%   770  532s
 10236  5700    0.59738   59 1970    1.14776    0.26358  77.0%   782  546s
 10387  5837    0.75589   65 1927    1.14776    0.26358  77.0%   794  561s
 10559  5946    0.87110   71 1980    1.14776    0.26358  77.0%   805  577s
 10719  6061    1.00119   77 1789    1.14776    0.27086  76.4%   819  594s
 10904  6176    0.36313   35 2384    1.14776    0.27086  76.4%   832  611s
 11058  6312    0.41330   40 2391    1.14776    0.27086  76.4%   845  626s
 11281  6433    0.80523   52 2064    1.14776    0.27086  76.4%   854  644s
 11462  6585    1.12821   64 2060    1.14776    0.27648  75.9%   865  663s
 11670  6721    0.52976   34 2120    1.14776    0.27648  75.9%   877  682s
 11851  6887    1.07552   56 1913    1.14776    0.27793  75.8%   889  701s
 12099  7033    1.08694   46 1988    1.14776    0.27956  75.6%   898  720s
H12185  7033                       1.1477582    0.27956  75.6%   901  720s
 12310  7214    0.46802   44 1732    1.14776    0.27956  75.6%   906  740s
 12562  7420    0.95985   50 2057    1.14776    0.27956  75.6%   917  761s
 12820  7622     cutoff   58         1.14776    0.27989  75.6%   928  782s
 13123  7770    0.66461   50 1932    1.14776    0.27989  75.6%   937  803s
 13405  7934     cutoff   59         1.14776    0.28048  75.6%   945  828s
H13550  7934                       1.1477582    0.28392  75.3%   953  828s
 13668  8136    0.70446   49 2228    1.14776    0.28392  75.3%   956  854s
 13964  8315    1.08914   63 2133    1.14776    0.28517  75.2%   965  889s
 14203  8492    0.40926   39 1818    1.14776    0.28517  75.2%   972  918s
 14481  8669    1.05738   58 2261    1.14776    0.28772  74.9%   984  947s
H14742  8857                       1.1477582    0.28856  74.9%   996  977s
 14997  9053    0.50808   48 2207    1.14776    0.28987  74.7%  1011 1008s
 15260  9283    0.58471   49 1872    1.14776    0.28987  74.7%  1027 1040s
 15573  9566    0.78163   54 2131    1.14776    0.28987  74.7%  1041 1072s
 15927  9834    0.82717   59 2085    1.14776    0.28987  74.7%  1052 1105s
 16303 10080    1.08118   70 1895    1.14776    0.29048  74.7%  1062 1140s
 16638 10383    0.67002   43 2230    1.14776    0.29115  74.6%  1078 1179s
H16966 10399                       1.1477582    0.29115  74.6%  1093 1410s
H16969 10399                       1.1477582    0.29115  74.6%  1093 1410s
H16970 10399                       1.1477582    0.29115  74.6%  1093 1410s
 16982 10497    0.48710   42 2179    1.14776    0.29115  74.6%  1094 1447s
H17060 10487                       1.1449613    0.29115  74.6%  1097 1447s
 17097 10761    0.51951   45 2046    1.14496    0.29115  74.6%  1098 1490s
 17466 11010     cutoff   66         1.14496    0.29201  74.5%  1112 1534s
 17860 11302    0.74376   59 1868    1.14496    0.29276  74.4%  1125 1579s
 18307 11527    0.40821   43 1902    1.14496    0.29383  74.3%  1135 1626s
H18404 11526                       1.1439220    0.29383  74.3%  1138 1626s
 18753 11822    0.94053   59 2184    1.14392    0.29487  74.2%  1144 1676s
 19188 12119    0.88700   49 2140    1.14392    0.29644  74.1%  1155 1725s
 19661 12444    0.74996   57 2161    1.14392    0.29885  73.9%  1163 1780s
 20155 12580    0.58733   36 2457    1.14392    0.29885  73.9%  1172 1800s

Cutting planes:
  Gomory: 874
  Implied bound: 1
  MIR: 86
  StrongCG: 4
  Flow cover: 550
  Inf proof: 1
  Zero half: 16
  Mod-K: 1
  RLT: 56
  Relax-and-lift: 2
  BQP: 16

Explored 20352 nodes (23906649 simplex iterations) in 1800.03 seconds (3046.98 work units)
Thread count was 16 (of 16 available processors)

Solution count 10: 1.14392 1.14496 1.14776 ... 1.15426

Time limit reached
Warning: max constraint violation (1.1519e-03) exceeds tolerance
Warning: max general constraint violation (1.1519e-03) exceeds tolerance
         (model may be infeasible or unbounded - try turning presolve off)
Best objective 1.143921980965e+00, best bound 2.988495346940e-01, gap 73.8750%
