
Gurobi 9.5.0 (linux64) logging started Tue 15 Nov 2022 07:22:16 AM PST

Set parameter LogFile to value "experiments/t_3_theta_0.55/gurobi.1668525735.log"
Set parameter LogToConsole to value 0
Set parameter TimeLimit to value 1800
Set parameter Threads to value 16
Gurobi Optimizer version 9.5.0 build v9.5.0rc5 (linux64)
Thread count: 8 physical cores, 16 logical processors, using up to 16 threads
Optimize a model with 341 rows, 1458 columns and 5334 nonzeros
Model fingerprint: 0x80115059
Model has 3450 quadratic objective terms
Model has 225 quadratic constraints
Model has 3 general constraints
Variable types: 90 continuous, 1368 integer (1368 binary)
Coefficient statistics:
  Matrix range     [1e+00, 1e+01]
  QMatrix range    [1e+00, 1e+00]
  QLMatrix range   [1e+00, 1e+00]
  Objective range  [0e+00, 0e+00]
  QObjective range [4e-05, 3e+01]
  Bounds range     [1e+00, 8e+02]
  RHS range        [1e+00, 1e+02]
Presolve added 35 rows and 1307 columns
Presolve time: 0.04s
Presolved: 4999 rows, 5114 columns, 37576 nonzeros
Variable types: 1473 continuous, 3641 integer (3486 binary)

Root relaxation: objective -2.842171e-14, 5412 iterations, 0.33 seconds (0.30 work units)

    Nodes    |    Current Node    |     Objective Bounds      |     Work
 Expl Unexpl |  Obj  Depth IntInf | Incumbent    BestBd   Gap | It/Node Time

     0     0   -0.00000    0 3487          -   -0.00000      -     -    0s
H    0     0                      93.6801334   -0.00000   100%     -    0s
H    0     0                      75.2475773   -0.00000   100%     -    0s
     0     0    0.02666    0 3465   75.24758    0.02666   100%     -    1s
     0     0    0.08926    0 3016   75.24758    0.08926   100%     -    1s
     0     0    0.08928    0 3012   75.24758    0.08928   100%     -    1s
     0     0    0.10144    0 2961   75.24758    0.10144   100%     -    2s
     0     0    0.10147    0 2954   75.24758    0.10147   100%     -    2s
     0     0    0.10407    0 2964   75.24758    0.10407   100%     -    2s
     0     0    0.10423    0 2969   75.24758    0.10423   100%     -    2s
     0     0    0.10553    0 2962   75.24758    0.10553   100%     -    2s
     0     0    0.10553    0 2946   75.24758    0.10553   100%     -    2s
H    0     0                      11.7608882    0.10555  99.1%     -    3s
H    0     0                       2.7350434    0.10555  96.1%     -    3s
H    0     2                       2.6619198    0.10555  96.0%     -    3s
     0     2    0.10555    0 2944    2.66192    0.10555  96.0%     -    3s
H   31    48                       2.4889603    0.11738  95.3%   480    4s
H   34    48                       2.2883900    0.11738  94.9%   539    4s
    47    64    0.24000    5 2831    2.28839    0.11748  94.9%   574    5s
H   79    92                       2.0522310    0.11748  94.3%   648   10s
H   80    92                       2.0224630    0.11748  94.2%   667   10s
H   81    92                       1.9222681    0.11748  93.9%   670   10s
H   82    92                       1.8639758    0.11748  93.7%   690   10s
H   85    92                       1.6405155    0.11748  92.8%   680   10s
H  126   135                       1.5028722    0.11748  92.2%   693   13s
H  128   135                       1.4653206    0.11748  92.0%   686   13s
H  134   135                       1.3959640    0.11748  91.6%   671   13s
   220   238    0.43299   10 2124    1.39596    0.11748  91.6%   599   15s
H 1191  1182                       1.3763707    0.11748  91.5%   283   19s
  1609  1682    0.76280   87  100    1.37637    0.11748  91.5%   230   20s
H 1862  1699                       1.3611388    0.11748  91.4%   207   22s
H 1864  1675                       1.3413719    0.11748  91.2%   207   22s
  2960  2651    0.35478    8 2516    1.34137    0.11762  91.2%   173   25s
H 2963  2648                       1.3310735    0.11762  91.2%   173   25s
H 2965  2647                       1.3305101    0.11762  91.2%   174   25s
H 2972  2646                       1.3267827    0.11762  91.1%   174   25s
H 2980  2646                       1.3247573    0.11762  91.1%   174   25s
H 3477  3062                       1.3195453    0.11762  91.1%   171   30s
H 3479  2910                       1.3178605    0.11762  91.1%   171   31s
H 3487  2769                       1.3125000    0.14382  89.0%   170   34s
  3488  2770    0.48183   13 2775    1.31250    0.14427  89.0%   170   35s
H 3489  2632                       1.3084279    0.15753  88.0%   170   36s
H 3490  2501                       1.3067453    0.15987  87.8%   170   36s
H 3491  2376                       1.3034407    0.15987  87.7%   170   36s
H 3491  2257                       1.2795545    0.15987  87.5%   170   36s
H 3491  2144                       1.2788041    0.16028  87.5%   170   37s
H 3491  2037                       1.2745697    0.16028  87.4%   170   37s
H 3492  1935                       1.2745697    0.16028  87.4%   170   37s
H 3494  1840                       1.2655925    0.16255  87.2%   170   38s
H 3495  1747                       1.2655355    0.16501  87.0%   170   38s
  3498  1749    0.86890   38 2742    1.26554    0.16633  86.9%   170   40s
H 3498  1661                       1.2561948    0.16633  86.8%   170   40s
  3509  1669    1.16971  109 2750    1.25619    0.22898  81.8%   169   45s
H 3513  1587                       1.2533175    0.24477  80.5%   169   47s
  3518  1591    0.90735   57 2767    1.25332    0.24818  80.2%   169   50s
  3526  1596    0.51983   15 2778    1.25332    0.26532  78.8%   168   55s
  3531  1599    0.92223  100 2781    1.25332    0.28186  77.5%   168   60s
  3539  1605    1.25332  128 2777    1.25332    0.28828  77.0%   168   65s
  3544  1608    0.63091   26 2768    1.25332    0.29393  76.5%   168   70s
  3553  1614    0.35399    8 2806    1.25332    0.30623  75.6%   167   75s
  3561  1619    1.05201   77 2784    1.25332    0.30633  75.6%   167   80s
H 3561  1537                       1.2512883    0.30635  75.5%   167   81s
  3567  1541    1.02799  100 2910    1.25129    0.30947  75.3%   167   85s
  3571  1544    0.81046   87 2921    1.25129    0.31056  75.2%   166   91s
  3573  1545    1.10784   90 2922    1.25129    0.31667  74.7%   166   95s
  3582  1552    0.67177   76 2943    1.25129    0.32000  74.4%   198  100s
  3587  1556    0.91877   47 2837    1.25129    0.32000  74.4%   197  105s
H 3587  1478                       1.2474381    0.32000  74.3%   197  105s
H 3588  1404                       1.2472534    0.32000  74.3%   197  106s
H 3589  1334                       1.2455612    0.32000  74.3%   197  106s
H 3589  1267                       1.2438689    0.32000  74.3%   197  106s
  3593  1270    0.96680   54 2890    1.24387    0.32000  74.3%   197  110s
  3598  1276    0.32151   26 2637    1.24387    0.32000  74.3%   207  118s
  3600  1279    0.49857   27 2565    1.24387    0.32000  74.3%   214  122s
  3604  1286    0.53541   28 2530    1.24387    0.32594  73.8%   216  125s
  3612  1299    0.54840   29 2486    1.24387    0.33664  72.9%   222  131s
  3628  1310    0.55049   30 2390    1.24387    0.33824  72.8%   238  137s
  3644  1321    0.55191   30 2476    1.24387    0.33824  72.8%   256  142s
  3660  1331    0.56688   31 2356    1.24387    0.33824  72.8%   268  145s
  3676  1342    0.55799   31 2430    1.24387    0.33824  72.8%   278  152s
H 3677  1278                       1.2409402    0.33824  72.7%   278  152s
  3692  1291    0.57388   32 2379    1.24094    0.33824  72.7%   285  158s
  3710  1307    0.58794   32 2425    1.24094    0.33824  72.7%   298  161s
  3732  1320    0.59891   33 2379    1.24094    0.33824  72.7%   309  165s
  3774  1357    0.66491   34 2314    1.24094    0.33824  72.7%   329  173s
  3804  1378    0.66511   35 2315    1.24094    0.33824  72.7%   339  176s
H 3835  1324                       1.2409402    0.33824  72.7%   347  189s
H 3843  1263                       1.2409402    0.33824  72.7%   352  189s
  3851  1302    0.68554   36 2257    1.24094    0.33824  72.7%   355  195s
  3936  1362    0.79568   39 2063    1.24094    0.33824  72.7%   372  200s
  4038  1405    0.76612   42 2152    1.24094    0.33824  72.7%   383  207s
  4088  1428    0.81493   43 2064    1.24094    0.33824  72.7%   392  211s
  4193  1495    0.84069   45 1984    1.24094    0.33824  72.7%   406  217s
  4255  1511    0.83390   47 1932    1.24094    0.33824  72.7%   414  220s
  4311  1533    0.84171   49 1814    1.24094    0.33824  72.7%   421  226s
  4367  1564    0.85522   50 1808    1.24094    0.33824  72.7%   431  232s
  4425  1577    0.94842   51 1916    1.24094    0.33824  72.7%   443  237s
H 4455  1512                       1.2387506    0.33824  72.7%   448  237s
  4463  1586    0.94674   52 1872    1.23875    0.33824  72.7%   450  240s
H 4623  1585                       1.2387506    0.33824  72.7%   465  251s
H 4647  1528                       1.2370584    0.33824  72.7%   468  251s
H 4653  1479                       1.2365178    0.33824  72.6%   469  251s
  4656  1544    1.03189   58 1750    1.23652    0.33824  72.6%   470  255s
  4743  1589    1.04489   60 1523    1.23652    0.33824  72.6%   477  261s
  4840  1611    1.05881   63 1537    1.23652    0.33824  72.6%   483  268s
  4910  1665    1.09325   66 1620    1.23652    0.33824  72.6%   496  278s
H 4931  1613                       1.2335891    0.33824  72.6%   496  278s
  5007  1664     cutoff   70         1.23359    0.35311  71.4%   506  285s
  5108  1704    0.76969   31 2495    1.23359    0.35311  71.4%   515  292s
  5201  1760    0.61228   32 2219    1.23359    0.35311  71.4%   526  300s
  5288  1839    0.63670   34 2223    1.23359    0.35311  71.4%   537  306s
  5419  1899    0.63928   33 2156    1.23359    0.35311  71.4%   540  314s
  5554  1934    0.66919   36 1891    1.23359    0.35311  71.4%   548  322s
H 5655  1876                       1.2321433    0.35311  71.3%   561  332s
  5683  1979    0.68858   37 2164    1.23214    0.35311  71.3%   567  339s
  5830  2070    0.70575   40 1898    1.23214    0.35311  71.3%   572  346s
  5985  2130    0.80364   43 1918    1.23214    0.35311  71.3%   578  352s
  6111  2229    0.75404   41 1833    1.23214    0.35311  71.3%   577  361s
  6255  2312    0.80366   44 1878    1.23214    0.35311  71.3%   586  370s
  6363  2439    0.82870   46 1645    1.23214    0.35311  71.3%   598  380s
  6544  2526    0.88416   50 1840    1.23214    0.35311  71.3%   605  392s
  6672  2583    0.91614   51 1652    1.23214    0.35311  71.3%   616  403s
  6777  2688    1.04983   54 1709    1.23214    0.35311  71.3%   628  414s
  6898  2743    1.04885   53 1555    1.23214    0.35311  71.3%   640  425s
H 6920  2743                       1.2321433    0.35311  71.3%   644  425s
H 6958  2738                       1.2291620    0.35311  71.3%   647  425s
  6973  2828    1.05816   55 1624    1.22916    0.35311  71.3%   651  438s
  7107  2901    1.14190   59 1535    1.22916    0.35311  71.3%   663  452s
  7192  3013    1.18710   61 1534    1.22916    0.35311  71.3%   681  465s
  7320  3140     cutoff   63         1.22916    0.42257  65.6%   693  479s
  7481  3264    0.67220   32 2444    1.22916    0.42257  65.6%   703  492s
  7629  3378    0.80653   36 2293    1.22916    0.42257  65.6%   715  509s
  7782  3507    0.83356   38 2208    1.22916    0.42257  65.6%   729  526s
  7941  3632    0.98412   40 2288    1.22916    0.42257  65.6%   741  542s
H 7946  3629                       1.2263673    0.42257  65.5%   742  542s
H 7953  3625                       1.2244529    0.42257  65.5%   744  542s
  8129  3763    0.90076   41 2144    1.22445    0.42257  65.5%   748  560s
H 8312  3793                       1.2221724    0.42257  65.4%   759  581s
  8370  3868    1.17129   49 1901    1.22217    0.42257  65.4%   767  598s
  8475  4006    1.17285   52 2028    1.22217    0.44681  63.4%   772  618s
  8696  4137    0.58641   34 2422    1.22217    0.44681  63.4%   780  639s
  8871  4240    0.68784   41 1850    1.22217    0.44681  63.4%   790  660s
  8990  4395    0.71318   42 2107    1.22217    0.44681  63.4%   807  682s
  9164  4550    0.88119   51 2031    1.22217    0.44681  63.4%   819  702s
  9326  4829    1.00233   54 2031    1.22217    0.44681  63.4%   826  724s
  9645  5023    1.12036   60 1985    1.22217    0.44681  63.4%   829  749s
  9912  5210    1.20088   76 1296    1.22217    0.46979  61.6%   836  770s
 10117  5444    0.72804   35 2496    1.22217    0.46979  61.6%   848  792s
 10454  5639    0.72548   38 2173    1.22217    0.46979  61.6%   852  817s
 10706  5800    0.93470   47 2095    1.22217    0.47628  61.0%   861  848s
 10971  5908    0.56723   35 2285    1.22217    0.47628  61.0%   871  879s
 11129  6073    0.63335   38 2220    1.22217    0.47628  61.0%   883  911s
 11365  6231    0.76560   46 1964    1.22217    0.47628  61.0%   891  944s
 11585  6351     cutoff   67         1.22217    0.49256  59.7%   903  978s
 11833  6557    0.66697   39 2187    1.22217    0.49852  59.2%   915 1013s
 12076  6670    1.00611   50 2135    1.22217    0.50123  59.0%   926 1050s
 12283  6836    0.58558   35 2788    1.22217    0.50448  58.7%   937 1091s
 12495  7085    0.61146   39 2876    1.22217    0.50448  58.7%   953 1127s
 12800  7423    0.64653   40 2626    1.22217    0.50448  58.7%   962 1162s
 13188  7792    0.81904   45 2431    1.22217    0.50448  58.7%   967 1199s
 13675  8072    0.92365   54 2208    1.22217    0.50448  58.7%   966 1240s
 14056  8345    1.12070   64 1906    1.22217    0.51329  58.0%   973 1281s
H14458  8358                       1.2221702    0.51891  57.5%   977 1512s
H14466  8306                       1.2182611    0.51891  57.4%   977 1512s
H14477  8225                       1.2062794    0.51891  57.0%   978 1549s
H14480  8190                       1.2046691    0.51891  56.9%   978 1549s
H14520  8183                       1.2044597    0.51891  56.9%   980 1549s
 14574  8542    0.85250   45 2100    1.20446    0.51930  56.9%   981 1592s
 15024  8775    0.69024   39 2356    1.20446    0.51930  56.9%   986 1639s
 15354  9101    0.73270   41 2209    1.20446    0.51930  56.9%   998 1687s
 15794  9421    1.07206   47 2236    1.20446    0.52228  56.6%  1004 1738s
 16280  9731    0.61059   36 2333    1.20446    0.52570  56.4%  1010 1793s
 16695  9768    0.92932   48 1768    1.20446    0.52570  56.4%  1019 1800s

Cutting planes:
  Gomory: 784
  Implied bound: 2
  MIR: 155
  StrongCG: 2
  Flow cover: 283
  Zero half: 32
  RLT: 36
  BQP: 1

Explored 16752 nodes (17082128 simplex iterations) in 1800.01 seconds (2746.81 work units)
Thread count was 16 (of 16 available processors)

Solution count 10: 1.20446 1.20467 1.20628 ... 1.23359

Time limit reached
Warning: max constraint violation (4.5758e-04) exceeds tolerance
Warning: max general constraint violation (4.5758e-04) exceeds tolerance
Best objective 1.204459652816e+00, best bound 5.256972594213e-01, gap 56.3541%
