
Gurobi 9.5.0 (linux64) logging started Tue 15 Nov 2022 12:36:56 AM PST

Set parameter LogFile to value "experiments/t_1_theta_0.55/gurobi.1668501415.log"
Set parameter LogToConsole to value 0
Set parameter TimeLimit to value 1800
Set parameter Threads to value 16
Gurobi Optimizer version 9.5.0 build v9.5.0rc5 (linux64)
Thread count: 8 physical cores, 16 logical processors, using up to 16 threads
Optimize a model with 339 rows, 1398 columns and 5276 nonzeros
Model fingerprint: 0x6b693972
Model has 3400 quadratic objective terms
Model has 75 quadratic constraints
Model has 1 general constraint
Variable types: 80 continuous, 1318 integer (1318 binary)
Coefficient statistics:
  Matrix range     [1e+00, 1e+01]
  QMatrix range    [1e+00, 1e+00]
  QLMatrix range   [1e+00, 1e+00]
  Objective range  [0e+00, 0e+00]
  QObjective range [4e-05, 3e+01]
  Bounds range     [1e+00, 8e+02]
  RHS range        [1e+00, 1e+02]
Presolve added 0 rows and 1025 columns
Presolve removed 26 rows and 0 columns
Presolve time: 0.01s
Presolved: 2395 rows, 4505 columns, 12202 nonzeros
Presolved model has 1 SOS constraint(s)
Variable types: 1105 continuous, 3400 integer (3375 binary)

Root relaxation: objective 4.142916e-01, 1483 iterations, 0.05 seconds (0.07 work units)

    Nodes    |    Current Node    |     Objective Bounds      |     Work
 Expl Unexpl |  Obj  Depth IntInf | Incumbent    BestBd   Gap | It/Node Time

     0     0    0.41429    0 1319          -    0.41429      -     -    0s
H    0     0                      39.9089859    0.41429  99.0%     -    0s
H    0     0                      30.7487291    0.41429  98.7%     -    0s
H    0     0                      30.3245195    0.41429  98.6%     -    0s
H    0     0                      30.3124253    0.41429  98.6%     -    0s
     0     0    0.45806    0 1348   30.31243    0.45806  98.5%     -    0s
H    0     0                      30.3024605    0.56110  98.1%     -    0s
     0     0    0.56110    0 1231   30.30246    0.56110  98.1%     -    0s
     0     0    0.56147    0 1232   30.30246    0.56147  98.1%     -    0s
H    0     0                      30.2608363    0.56147  98.1%     -    0s
     0     0    0.57441    0 1246   30.26084    0.57441  98.1%     -    0s
     0     0    0.57496    0 1225   30.26084    0.57496  98.1%     -    0s
     0     0    0.58119    0 1245   30.26084    0.58119  98.1%     -    0s
     0     0    0.58119    0 1245   30.26084    0.58119  98.1%     -    0s
     0     2    0.58151    0 1244   30.26084    0.58151  98.1%     -    0s
H   33    48                      30.1671586    0.58520  98.1%   290    1s
H   40    48                      30.1632263    0.58520  98.1%   296    1s
H   79    88                      30.1364828    0.58592  98.1%   313    2s
H   80    88                      30.1194858    0.58592  98.1%   313    2s
H   83    88                      30.0566395    0.58592  98.1%   323    2s
H   84    88                      21.1496869    0.58592  97.2%   329    2s
H   90    88                      21.0922767    0.58592  97.2%   361    2s
H  136   153                      21.0030652    0.58592  97.2%   344    2s
H  143   153                      19.9551654    0.58592  97.1%   338    2s
H  156   153                      12.1461370    0.58592  95.2%   326    2s
H  197   204                       2.8629250    0.58592  79.5%   291    3s
H  200   204                       1.6190994    0.58592  63.8%   287    3s
H  406   411                       1.5809413    0.58592  62.9%   304    5s
H  409   411                       1.5279204    0.58592  61.7%   307    5s
H  411   411                       1.4728644    0.58592  60.2%   307    5s
H 1473  1169                       1.3826340    0.58592  57.6%   232    7s
H 1475  1126                       1.3697178    0.58592  57.2%   231    7s
H 1476  1083                       1.3541170    0.58592  56.7%   231    7s
  2132  1578    1.14105   67 1208    1.35412    0.58880  56.5%   232   10s
H 2148  1509                       1.3504025    0.62885  53.4%   230   15s
H 2158  1438                       1.3212462    0.63124  52.2%   229   18s
H 2159  1367                       1.3175317    0.63146  52.1%   229   18s
  2167  1374    0.75854   11 1276    1.31753    0.63172  52.1%   239   20s
  2180  1382    1.31753   61 1383    1.31753    0.64999  50.7%   238   25s
H 2181  1313                       1.3095779    0.65779  49.8%   238   25s
H 2181  1247                       1.3073724    0.65779  49.7%   238   26s
H 2189  1189                       1.2731413    0.69429  45.5%   237   29s
  2192  1191    0.91605   13 1434    1.27314    0.69880  45.1%   236   30s
H 2193  1132                       1.2720711    0.70380  44.7%   236   30s
H 2195  1076                       1.2717405    0.70392  44.6%   236   31s
  2230  1116    0.70421   25 1359    1.27174    0.70421  44.6%   256   35s
H 2282  1087                       1.2708268    0.70421  44.6%   265   37s
H 2284  1035                       1.2705625    0.70421  44.6%   265   37s
H 2291   983                       1.2655099    0.70421  44.4%   266   37s
H 2337   975                       1.2559542    0.70421  43.9%   269   38s
H 2339   930                       1.2507991    0.70421  43.7%   270   38s
H 2342   886                       1.2506088    0.70421  43.7%   271   38s
  2426   958    0.70421   32 1400    1.25061    0.70421  43.7%   280   40s
  2817  1192    0.76496   47 1328    1.25061    0.70421  43.7%   303   45s
H 2969  1229                       1.2436591    0.70421  43.4%   313   48s
H 3048  1198                       1.2436021    0.70421  43.4%   316   49s
  3062  1254    0.77076   51 1226    1.24360    0.70421  43.4%   316   50s
  3458  1419    0.82080   56 1225    1.24360    0.70421  43.4%   334   55s
  3967  1611    0.92251   63 1260    1.24360    0.70421  43.4%   350   60s
  4289  1831    1.06160   72 1191    1.24360    0.70421  43.4%   363   65s
  5029  2367    1.19133  106 1111    1.24360    0.70421  43.4%   363   71s
  5511  2820    0.76017   34 1325    1.24360    0.70421  43.4%   364   75s
  5907  2964    0.98831   52 1133    1.24360    0.70421  43.4%   365   90s
H 5908  2964                       1.2436021    0.70421  43.4%   365   90s
H 5924  3094                       1.2376535    0.70421  43.1%   366   92s
  6110  3207    1.12239   70  984    1.23765    0.70421  43.1%   366   95s
H 6457  3338                       1.2345545    0.70421  43.0%   371  111s
H 6501  3323                       1.2323823    0.70421  42.9%   375  111s
  6671  3539    1.04215   34 1142    1.23238    0.70421  42.9%   379  115s
  7187  4111    1.16876   51 1001    1.23238    0.70421  42.9%   393  121s
  7741  4560    1.07249   35 1163    1.23238    0.70421  42.9%   394  126s
  8320  4977    1.16657   45 1227    1.23238    0.70421  42.9%   395  131s
  8857  5306    1.20368   42  944    1.23238    0.70421  42.9%   400  136s
  9421  5715    0.77142   33 1324    1.23238    0.70421  42.9%   404  142s
  9640  5974    0.80503   34 1414    1.23238    0.70421  42.9%   409  145s
 10255  6546    0.88937   43 1317    1.23238    0.70421  42.9%   413  152s
 10668  6894    0.98185   51 1325    1.23238    0.70421  42.9%   411  155s
 11404  7339    1.15632   71 1151    1.23238    0.70421  42.9%   414  163s
 11729  7588    0.84319   29 1254    1.23238    0.70543  42.8%   418  167s
 12110  7912    1.19868   64  911    1.23238    0.70551  42.8%   421  171s
 12529  8274    0.99398   47 1220    1.23238    0.70768  42.6%   421  175s
 13030  8539    0.73962   32 1321    1.23238    0.70768  42.6%   420  180s
 13831  9445    0.92151   42 1257    1.23238    0.70768  42.6%   425  188s
 14401  9957    0.94562   52 1215    1.23238    0.70768  42.6%   426  193s
 15058 10342    1.14091   68 1099    1.23238    0.71158  42.3%   424  198s
 15577 10685    0.97935   48 1277    1.23238    0.71308  42.1%   423  203s
 16048 11141    0.86955   35 1330    1.23238    0.71381  42.1%   426  208s
H16557 11553                       1.2323823    0.71381  42.1%   429  214s
H16600 11553                       1.2323822    0.71381  42.1%   429  214s
 17019 12140    1.22931   76 1083    1.23238    0.71422  42.0%   429  220s
 17764 12580    1.21415   42 1046    1.23238    0.71501  42.0%   429  226s
 18348 12894    1.11074   43 1131    1.23238    0.71543  41.9%   433  232s
 18933 13309    1.04888   36 1176    1.23238    0.71843  41.7%   438  238s
 19634 13771    1.21391   50 1013    1.23238    0.72197  41.4%   439  245s
 20291 14260    0.94949   34 1206    1.23238    0.72297  41.3%   442  252s
 20979 14853    0.96024   39 1336    1.23238    0.72665  41.0%   443  259s
 21731 15346    0.86459   40 1147    1.23238    0.72907  40.8%   443  266s
 22400 15879    0.76389   42 1228    1.23238    0.72980  40.8%   447  274s
 22991 16494    0.91371   49 1278    1.23238    0.72980  40.8%   453  283s
 23814 17259    1.14747   64 1152    1.23238    0.73051  40.7%   456  291s
 24726 18002    1.01328   54 1178    1.23238    0.73302  40.5%   458  300s
 25714 18806    1.03018   55 1199    1.23238    0.73548  40.3%   459  309s
 26756 19614    1.12814   59 1028    1.23238    0.73850  40.1%   459  318s
 27872 20473    1.05431   53 1118    1.23238    0.74305  39.7%   458  328s
 28992 21157    1.10060   42 1179    1.23238    0.74465  39.6%   458  338s
 29848 22120    1.08977   55  935    1.23238    0.74495  39.6%   463  350s
 31033 22566    1.21650  109  709    1.23238    0.74495  39.6%   463  365s
 31748 23323    1.23219  149  386    1.23238    0.74749  39.3%   464  376s
 32820 24593    0.94323   51 1141    1.23238    0.74967  39.2%   467  388s
 34403 25570 infeasible   69         1.23238    0.75118  39.0%   466  400s
 35679 27014    1.07612   55 1143    1.23238    0.75478  38.8%   466  412s
 37493 28069    0.91414   39 1228    1.23238    0.75493  38.7%   463  425s
 38942 28962    1.10186   47 1205    1.23238    0.75842  38.5%   463  438s
 40123 30081    1.08900   42 1164    1.23238    0.76032  38.3%   468  452s
 41724 31252    1.00557   44 1197    1.23238    0.76232  38.1%   468  467s
 43272 32288    0.90796   52 1161    1.23238    0.76605  37.8%   468  481s
 44806 33121    1.01076   51 1195    1.23238    0.76987  37.5%   469  497s
 46171 33802     cutoff   41         1.23238    0.77270  37.3%   472  514s
 47223 34731    0.88702   40 1216    1.23238    0.77495  37.1%   474  530s
 48591 35819    1.03857   46 1104    1.23238    0.77830  36.8%   478  549s
 49896 37065    1.20407   94  783    1.23238    0.77849  36.8%   478  565s
 51645 38141    1.21805   51 1034    1.23238    0.78038  36.7%   479  581s
 53206 39461    1.12337   51 1056    1.23238    0.78397  36.4%   481  597s
 55038 40620    1.09544   55 1072    1.23238    0.78665  36.2%   481  613s
 56556 41925    1.02772   49 1242    1.23238    0.78856  36.0%   483  629s
 58361 43272    1.14758   63 1039    1.23238    0.79176  35.8%   483  645s
 60117 44193    1.21674   35 1185    1.23238    0.79531  35.5%   483  660s
 61727 45336    1.21754   59  988    1.23238    0.79810  35.2%   483  676s
 63276 46428    1.04959   49 1240    1.23238    0.80044  35.0%   485  692s
 64762 47680    1.15213   52 1069    1.23238    0.80332  34.8%   488  725s
 66503 48818    1.10092   65 1084    1.23238    0.80495  34.7%   487  742s
 68186 50104    0.92095   34 1031    1.23238    0.80706  34.5%   488  759s
 70004 51285    1.12603   53 1190    1.23238    0.81008  34.3%   487  775s
 71761 52433    1.18805   47 1078    1.23238    0.81470  33.9%   487  792s
 73402 53725    0.92365   36 1237    1.23238    0.81769  33.6%   488  808s
 74970 55215    1.01059   40 1244    1.23238    0.81868  33.6%   490  824s
 76885 56411    1.21361   85  802    1.23238    0.81908  33.5%   490  840s
 78506 57676    1.02895   43 1223    1.23238    0.82012  33.5%   491  856s
 80280 58559    1.18527   51 1045    1.23238    0.82188  33.3%   491  871s
 81663 59545    1.05784   58  933    1.23238    0.82388  33.1%   492  888s
 83177 60870    0.95079   40 1241    1.23238    0.82533  33.0%   492  904s
 84879 62139    1.02092   56 1174    1.23238    0.82686  32.9%   492  920s
 86631 62999    1.10437   40 1218    1.23238    0.82768  32.8%   492  935s
 88177 63728    1.22656   62 1104    1.23238    0.82931  32.7%   493  952s
 89403 64720     cutoff   55         1.23238    0.83142  32.5%   494  968s
 90930 65957    0.92876   45 1305    1.23238    0.83276  32.4%   495  984s
 92611 67119    0.94626   49 1092    1.23238    0.83404  32.3%   496 1001s
 94232 68187    1.22214  116  517    1.23238    0.83502  32.2%   497 1029s
 95907 69310    1.14771   53 1114    1.23238    0.83654  32.1%   497 1045s
 97649 70398 infeasible   31         1.23238    0.83770  32.0%   498 1062s
 99341 71532    0.88589   41 1319    1.23238    0.83794  32.0%   498 1079s
 100979 72786    1.21960   71 1038    1.23238    0.83959  31.9%   499 1096s
 102748 73833    1.05855   39 1215    1.23238    0.84011  31.8%   499 1112s
 104365 75065    1.21151   56 1010    1.23238    0.84147  31.7%   500 1128s
 106025 76132    1.22697   97  643    1.23238    0.84221  31.7%   500 1144s
 107711 77388    1.19175   52 1249    1.23238    0.84357  31.5%   500 1161s
 109356 78573    0.99149   40 1113    1.23238    0.84495  31.4%   501 1177s
 111026 79442    1.03239   41 1175    1.23238    0.84537  31.4%   501 1197s
 112185 80614    1.08005   55 1175    1.23238    0.84644  31.3%   501 1214s
 114055 82134    1.04970   47 1203    1.23238    0.84730  31.2%   501 1230s
 115879 82836    0.98381   43 1136    1.23238    0.84784  31.2%   501 1248s
 117502 83872    1.21600   49 1099    1.23238    0.84825  31.2%   502 1264s
 119269 85032    1.00599   59 1081    1.23238    0.84962  31.1%   502 1280s
 121133 86143    1.15168   49 1103    1.23238    0.85056  31.0%   501 1295s
 122827 86962    1.11054   60  988    1.23238    0.85207  30.9%   501 1345s
 123978 88303    1.21268   74  774    1.23238    0.85275  30.8%   501 1365s
 125685 89805    1.10984   47 1104    1.23238    0.85315  30.8%   501 1382s
 127559 91247    1.13642   45 1052    1.23238    0.85437  30.7%   501 1400s
 129358 92323    1.21384   78  963    1.23238    0.85487  30.6%   502 1416s
 131203 93690    0.96776   33 1129    1.23238    0.85569  30.6%   502 1433s
 133109 95041    1.20298   79  800    1.23238    0.85693  30.5%   502 1449s
 134766 96159    1.01064   45 1260    1.23238    0.85721  30.4%   502 1466s
 136404 97483    1.09526   52  996    1.23238    0.85858  30.3%   502 1482s
 138301 98749    1.03182   44 1053    1.23238    0.85961  30.2%   502 1498s
 140066 99737     cutoff   54         1.23238    0.86009  30.2%   502 1514s
 141775 100739    1.04758   49  993    1.23238    0.86111  30.1%   502 1532s
H142585 100589                       1.2316415    0.86111  30.1%   502 1532s
 142984 101748    1.22040  101  683    1.23164    0.86147  30.1%   502 1549s
H143105 101455                       1.2302539    0.86147  30.0%   502 1549s
 144585 102302    1.03901   42 1030    1.23025    0.86189  29.9%   503 1568s
H144718 102082                       1.2293268    0.86196  29.9%   503 1568s
 145637 102730    1.13238   40 1028    1.22933    0.86269  29.8%   503 1588s
H146532 102730                       1.2293268    0.86269  29.8%   503 1588s
 146533 104111    1.22561   53  898    1.22933    0.86275  29.8%   503 1605s
 148493 105216    1.04041   50 1100    1.22933    0.86335  29.8%   503 1623s
 150317 106365     cutoff   78         1.22933    0.86429  29.7%   504 1640s
 152144 107635    1.02974   42 1180    1.22933    0.86518  29.6%   504 1656s
 153937 108661    0.93432   40 1151    1.22933    0.86576  29.6%   504 1673s
 155613 109718    1.07384   49 1188    1.22933    0.86697  29.5%   504 1688s
 157345 110774    1.14232   45 1155    1.22933    0.86763  29.4%   504 1704s
 158957 111728    1.17603   45 1141    1.22933    0.86857  29.3%   504 1720s
 160584 112866     cutoff   55         1.22933    0.86996  29.2%   504 1738s
 162051 114197    1.14274   52 1190    1.22933    0.87054  29.2%   505 1754s
 163870 115451    1.14480   78  805    1.22933    0.87147  29.1%   505 1770s
 165595 116585    1.09976   53 1130    1.22933    0.87187  29.1%   505 1786s
 167304 117541 infeasible   65         1.22933    0.87306  29.0%   504 1800s

Cutting planes:
  Gomory: 481
  Cover: 50
  MIR: 71
  Flow cover: 22
  Inf proof: 4
  Zero half: 8
  RLT: 8

Explored 168890 nodes (85126314 simplex iterations) in 1800.06 seconds (2879.74 work units)
Thread count was 16 (of 16 available processors)

Solution count 10: 1.22933 1.22933 1.23025 ... 1.2436

Time limit reached
Warning: max constraint violation (6.4426e-05) exceeds tolerance
Warning: max general constraint violation (6.4426e-05) exceeds tolerance
Best objective 1.229326804559e+00, best bound 8.736225449817e-01, gap 28.9349%
