
Gurobi 9.5.0 (linux64) logging started Tue 15 Nov 2022 08:24:18 PM PST

Set parameter LogFile to value "experiments/t_4_theta_0.001/gurobi.1668572657.log"
Set parameter LogToConsole to value 0
Set parameter TimeLimit to value 1800
Set parameter Threads to value 16
Gurobi Optimizer version 9.5.0 build v9.5.0rc5 (linux64)
Thread count: 8 physical cores, 16 logical processors, using up to 16 threads
Optimize a model with 342 rows, 1488 columns and 5363 nonzeros
Model fingerprint: 0xad83e69a
Model has 3475 quadratic objective terms
Model has 300 quadratic constraints
Model has 4 general constraints
Variable types: 95 continuous, 1393 integer (1393 binary)
Coefficient statistics:
  Matrix range     [1e+00, 1e+01]
  QMatrix range    [1e+00, 1e+00]
  QLMatrix range   [1e+00, 1e+00]
  Objective range  [0e+00, 0e+00]
  QObjective range [8e-08, 5e-02]
  Bounds range     [1e+00, 8e+02]
  RHS range        [1e+00, 1e+02]
Presolve added 56 rows and 1414 columns
Presolve time: 0.04s
Presolved: 5174 rows, 5340 columns, 39068 nonzeros
Variable types: 1628 continuous, 3712 integer (3527 binary)

Root relaxation: objective 2.309850e-07, 6583 iterations, 0.37 seconds (0.47 work units)

    Nodes    |    Current Node    |     Objective Bounds      |     Work
 Expl Unexpl |  Obj  Depth IntInf | Incumbent    BestBd   Gap | It/Node Time

     0     0    0.00000    0 3515          -    0.00000      -     -    0s
     0     0    0.00005    0 3529          -    0.00005      -     -    1s
     0     0    0.02578    0 3141          -    0.02578      -     -    2s
     0     0    0.02584    0 3096          -    0.02584      -     -    3s
     0     0    0.02584    0 3045          -    0.02584      -     -    4s
H    0     0                       1.6162981    0.02584  98.4%     -    5s
H    0     0                       1.6162913    0.02584  98.4%     -    5s
     0     0    0.02587    0 3052    1.61629    0.02587  98.4%     -    5s
     0     0    0.02587    0 3031    1.61629    0.02587  98.4%     -    6s
     0     0    0.02590    0 3097    1.61629    0.02590  98.4%     -    7s
     0     0    0.02590    0 3086    1.61629    0.02590  98.4%     -    7s
     0     2    0.02590    0 3081    1.61629    0.02590  98.4%     -    8s
     7    16    0.02659    3 2875    1.61629    0.02593  98.4%  3693   10s
    47    64    0.03148    5 2747    1.61629    0.02593  98.4%  3796   15s
    63    80    0.03154    6 2721    1.61629    0.02593  98.4%  3813   21s
H   79    94                       1.6003625    0.02593  98.4%  3372   25s
H   80    94                       1.4198241    0.02593  98.2%  3418   25s
H  140   144                       1.4002390    0.02593  98.1%  2989   36s
H  140   144                       1.2889986    0.02593  98.0%  2989   36s
H  141   144                       1.1873589    0.02593  97.8%  2988   36s
H  259   251                       1.1630674    0.02593  97.8%  2214   45s
H  261   251                       1.1404281    0.02593  97.7%  2211   45s
   401   415    0.11972   19 1855    1.14043    0.02593  97.7%  1875   50s
   748   789    0.12582   39 1207    1.14043    0.02593  97.7%  1302   55s
H 1320  1394                       1.1404258    0.02593  97.7%   838   58s
H 1321  1394                       1.1404119    0.02593  97.7%   839   58s
H 1322  1394                       1.1404115    0.02593  97.7%   840   58s
H 1396  1394                       1.1403896    0.02593  97.7%   801   58s
H 1399  1394                       1.1403471    0.02593  97.7%   802   58s
  1657  1773    0.34825   92   63    1.14035    0.02593  97.7%   695   60s
H 2542  2415                       1.1403258    0.02593  97.7%   516   77s
H 2542  2415                       1.1397858    0.02593  97.7%   516   77s
H 2547  2403                       1.1085117    0.02593  97.7%   515   77s
H 2558  2411                       1.0872244    0.02593  97.6%   522   86s
  2860  2630    0.05367    6 2755    1.08722    0.02593  97.6%   525   91s
  2957  2705    0.10719    8 2562    1.08722    0.02593  97.6%   566   95s
  3098  2849    0.13363   13 2608    1.08722    0.02593  97.6%   625  100s
  3271  3029    0.24819   23 2464    1.08722    0.02593  97.6%   683  106s
  3437  3230    0.28855   28 2444    1.08722    0.02593  97.6%   702  110s
H 3620  3336                       1.0872160    0.02593  97.6%   699  112s
  3788  3464    0.51688   37 2197    1.08722    0.02593  97.6%   714  116s
H 3861  3464                       1.0866535    0.02593  97.6%   730  140s
H 3863  3292                       1.0866459    0.02593  97.6%   730  141s
H 3866  3129                       1.0866285    0.02593  97.6%   729  145s
H 3867  2973                       1.0866150    0.02595  97.6%   729  146s
H 3871  2827                       1.0866016    0.02597  97.6%   728  150s
H 3873  2686                       1.0865774    0.02598  97.6%   728  153s
H 3875  2554                       1.0865706    0.02599  97.6%   728  156s
H 3876  2426                       1.0865668    0.02600  97.6%   727  158s
H 3877  2305                       1.0601123    0.02600  97.5%   727  160s
H 3877  2190                       1.0600364    0.02600  97.5%   727  160s
H 3877  2080                       1.0599998    0.02600  97.5%   727  160s
H 3878  1976                       1.0599940    0.02600  97.5%   727  162s
  3881  1978    0.38522  106 3036    1.05999    0.02600  97.5%   726  165s
H 3881  1879                       1.0599879    0.02600  97.5%   726  168s
H 3881  1785                       1.0599769    0.02600  97.5%   726  168s
H 3881  1695                       1.0599685    0.02600  97.5%   726  168s
H 3881  1610                       1.0599618    0.02601  97.5%   726  168s
H 3881  1529                       1.0599617    0.02601  97.5%   726  168s
  3883  1530    0.94529  119 3030    1.05996    0.02601  97.5%   726  170s
  3886  1532    0.48673  149 2996    1.05996    0.02601  97.5%   726  175s
  3889  1534    0.98658  151 2999    1.05996    0.02601  97.5%   725  181s
  3892  1536    0.36712  104 3029    1.05996    0.02601  97.5%   724  185s
H 3892  1459                       1.0599616    0.02601  97.5%   724  187s
H 3894  1386                       1.0599615    0.02601  97.5%   724  190s
H 3895  1318                       1.0599614    0.02602  97.5%   724  193s
  3897  1319    0.31467   61 3014    1.05996    0.02602  97.5%   723  195s
  3900  1321    0.50139  110 2942    1.05996    0.02602  97.5%   723  200s
  3903  1323    0.38070  113 3037    1.05996    0.02602  97.5%   722  206s
  3905  1325    0.40739   24 3026    1.05996    0.02602  97.5%   722  212s
  3907  1326    0.94556  125 3026    1.05996    0.02602  97.5%   722  215s
  3909  1327    0.55632  162 2996    1.05996    0.02602  97.5%   721  220s
  3911  1329    0.54363  148 2991    1.05996    0.02602  97.5%   721  225s
  3914  1334 infeasible   15         1.05996    0.05165  95.1%   801  235s
  3918  1338    0.05182   16 2684    1.05996    0.05167  95.1%   807  241s
  3924  1344    0.05624   17 2557    1.05996    0.05169  95.1%   818  248s
  3936  1356    0.07399   18 2440    1.05996    0.05621  94.7%   849  266s
H 3952  1297                       1.0599614    0.07383  93.0%   886  278s
H 3959  1231                       1.0599488    0.07383  93.0%   903  278s
  3968  1244    0.10480   19 2678    1.05995    0.07383  93.0%   930  284s
  3984  1254    0.15252   20 2363    1.05995    0.07383  93.0%   962  289s
  4000  1264    0.10689   20 2733    1.05995    0.07383  93.0%   984  296s
H 4008  1201                       1.0599457    0.07383  93.0%   995  296s
  4017  1218    0.13427   21 2774    1.05995    0.07383  93.0%  1013  300s
H 4058  1181                       1.0599457    0.07383  93.0%  1058  327s
H 4064  1124                       1.0599455    0.07383  93.0%  1066  327s
  4074  1136    0.15435   22 2701    1.05995    0.07383  93.0%  1078  333s
  4095  1150    0.16089   21 2669    1.05995    0.07383  93.0%  1107  338s
  4121  1167    0.15753   23 2704    1.05995    0.07383  93.0%  1132  343s
  4146  1177    0.23546   23 2494    1.05995    0.07383  93.0%  1163  347s
  4173  1193    0.19482   25 2574    1.05995    0.07383  93.0%  1189  352s
  4203  1217    0.19486   26 2540    1.05995    0.07383  93.0%  1214  356s
  4243  1219    0.19433   25 2480    1.05995    0.07383  93.0%  1241  361s
  4282  1219    0.27283   27 2737    1.05995    0.07383  93.0%  1268  369s
  4320  1230    0.25351   28 2295    1.05995    0.07383  93.0%  1299  376s
  4355  1238    0.24357   28 2568    1.05995    0.07383  93.0%  1330  382s
  4378  1250    0.22040   26 2718    1.05995    0.07383  93.0%  1370  391s
  4415  1255    0.28640   29 2565    1.05995    0.07383  93.0%  1406  399s
  4447  1271    0.33060   28 2562    1.05995    0.07383  93.0%  1447  406s
  4478  1294    0.31064   29 2181    1.05995    0.07383  93.0%  1481  413s
  4514  1311    0.31585   30 2359    1.05995    0.07383  93.0%  1521  421s
  4557  1324    0.30650   30 2450    1.05995    0.07383  93.0%  1555  431s
H 4558  1272                       1.0599453    0.07383  93.0%  1555  431s
H 4565  1221                       1.0599453    0.07383  93.0%  1559  431s
  4594  1243    0.54388   31 2472    1.05995    0.07383  93.0%  1590  440s
  4629  1262    0.53259   31 2622    1.05995    0.07383  93.0%  1635  449s
H 4654  1207                       1.0599452    0.07383  93.0%  1664  449s
  4661  1239 infeasible   32         1.05995    0.07383  93.0%  1671  458s
  4707  1254    0.58859   32 2343    1.05995    0.07383  93.0%  1715  468s
H 4711  1208                       1.0599452    0.07383  93.0%  1717  468s
H 4721  1163                       1.0472460    0.07383  92.9%  1723  468s
  4749  1202    0.56295   32 2607    1.04725    0.07383  92.9%  1751  480s
H 4805  1188                       1.0472334    0.07383  92.9%  1792  490s
H 4832  1140                       1.0472264    0.07383  92.9%  1810  490s
H 4864  1093                       1.0471796    0.07383  92.9%  1832  490s
  4866  1125    0.61920   35 2405    1.04718    0.07383  92.9%  1836  500s
H 4927  1082                       1.0471353    0.07383  92.9%  1873  516s
H 4945  1044                       1.0433789    0.07383  92.9%  1886  516s
  4971  1057    0.70511   40 2228    1.04338    0.07383  92.9%  1899  531s
  5047  1071    0.73192   41 2337    1.04338    0.07383  92.9%  1941  545s
  5106  1094    0.80772   43 2174    1.04338    0.07383  92.9%  1991  560s
  5165  1120    0.92214   44 2314    1.04338    0.07383  92.9%  2046  575s
  5236  1127    0.77113   46 2262    1.04338    0.07383  92.9%  2089  592s
H 5306  1104                       1.0433767    0.07383  92.9%  2137  610s
H 5311  1073                       1.0433632    0.07383  92.9%  2139  610s
  5349  1099    0.84733   47 2172    1.04336    0.07383  92.9%  2185  626s
  5403  1122 infeasible   48         1.04336    0.07383  92.9%  2237  643s
H 5404  1094                       1.0433613    0.07383  92.9%  2236  643s
H 5419  1074                       1.0433610    0.07383  92.9%  2239  643s
H 5436  1074                       1.0433579    0.07383  92.9%  2245  643s
H 5440  1074                       1.0433177    0.07383  92.9%  2252  643s
H 5479  1110                       1.0433057    0.07383  92.9%  2276  663s
H 5497  1110                       1.0432820    0.07383  92.9%  2290  663s
  5528  1137    0.95265   51 2331    1.04328    0.07383  92.9%  2315  682s
  5583  1182    1.00577   54 2267    1.04328    0.10190  90.2%  2363  702s
  5645  1236    0.12921   20 2478    1.04328    0.10262  90.2%  2424  723s
  5715  1275    0.25217   22 2302    1.04328    0.10262  90.2%  2483  744s
  5782  1336    0.29131   25 2156    1.04328    0.10262  90.2%  2545  767s
  5868  1389    0.36435   28 2224    1.04328    0.10262  90.2%  2583  788s
  5944  1440    0.48524   33 2150    1.04328    0.10262  90.2%  2644  813s
  6035  1490    0.63356   38 2100    1.04328    0.10262  90.2%  2697  837s
  6122  1549    0.87744   43 2457    1.04328    0.10262  90.2%  2754  863s
  6201  1616    1.01631   50 2376    1.04328    0.10262  90.2%  2814  891s
  6292  1685     cutoff   50         1.04328    0.11973  88.5%  2876  920s
  6387  1757    0.19313   23 2683    1.04328    0.11973  88.5%  2936  950s
  6484  1823    0.22366   25 2649    1.04328    0.11973  88.5%  3000  985s
  6607  1879    0.26607   25 2683    1.04328    0.11973  88.5%  3059 1019s
  6708  1957    0.26910   26 2720    1.04328    0.11973  88.5%  3126 1055s
  6820  2049    0.35855   30 2367    1.04328    0.11973  88.5%  3189 1090s
  6934  2129    0.49392   34 2436    1.04328    0.11973  88.5%  3256 1125s
H 6965  2129                       1.0432680    0.11973  88.5%  3270 1125s
  7021  2215    0.42840   34 2254    1.04327    0.11973  88.5%  3309 1164s
  7146  2316    0.64799   36 2227    1.04327    0.11973  88.5%  3373 1204s
  7288  2416    0.81949   44 2183    1.04327    0.11973  88.5%  3431 1248s
  7452  2495    0.94665   48 2322    1.04327    0.13981  86.6%  3483 1291s
H 7584  2523                       1.0432651    0.13981  86.6%  3551 1338s
H 7635  2523                       1.0432624    0.13981  86.6%  3580 1338s
  7636  2638    0.33689   31 2474    1.04326    0.13981  86.6%  3582 1384s
  7786  2745    0.53826   37 2329    1.04326    0.13981  86.6%  3652 1435s
  7960  2858    0.62947   41 2439    1.04326    0.13981  86.6%  3696 1492s
  8151  2944    0.71254   44 2237    1.04326    0.13981  86.6%  3731 1545s
H 8161  2944                       1.0432624    0.13981  86.6%  3732 1545s
  8278  3065    0.76783   45 2365    1.04326    0.13981  86.6%  3771 1599s
  8445  3188    0.95543   52 2362    1.04326    0.13981  86.6%  3838 1659s
  8652  3300    0.99474   58 2377    1.04326    0.14885  85.7%  3892 1720s
  8866  3425    0.62525   28 2554    1.04326    0.14885  85.7%  3945 1786s
H 8902  3425                       1.0432622    0.14885  85.7%  3956 1786s
  9084  3446    0.85271   41 2444    1.04326    0.14885  85.7%  3997 1800s

Cutting planes:
  Gomory: 959
  Implied bound: 10
  MIR: 125
  StrongCG: 4
  Flow cover: 256
  Inf proof: 1
  Zero half: 61
  RLT: 27
  Relax-and-lift: 15

Explored 9124 nodes (36554318 simplex iterations) in 1800.05 seconds (2992.81 work units)
Thread count was 16 (of 16 available processors)

Solution count 10: 1.04326 1.04327 1.04327 ... 1.04336

Time limit reached
Warning: max constraint violation (8.3436e-04) exceeds tolerance
Warning: max general constraint violation (8.3436e-04) exceeds tolerance
Best objective 1.043262388527e+00, best bound 1.488533955023e-01, gap 85.7319%
