
Gurobi 9.5.0 (linux64) logging started Wed 16 Nov 2022 05:39:56 AM PST

Set parameter LogFile to value "experiments/t_5_theta_0.1/gurobi.1668605995.log"
Set parameter LogToConsole to value 0
Set parameter TimeLimit to value 1800
Set parameter Threads to value 16
Gurobi Optimizer version 9.5.0 build v9.5.0rc5 (linux64)
Thread count: 8 physical cores, 16 logical processors, using up to 16 threads
Optimize a model with 343 rows, 1518 columns and 5392 nonzeros
Model fingerprint: 0xaca2ca68
Model has 3500 quadratic objective terms
Model has 375 quadratic constraints
Model has 5 general constraints
Variable types: 100 continuous, 1418 integer (1418 binary)
Coefficient statistics:
  Matrix range     [1e+00, 1e+01]
  QMatrix range    [1e+00, 1e+00]
  QLMatrix range   [1e+00, 1e+00]
  Objective range  [0e+00, 0e+00]
  QObjective range [8e-06, 5e+00]
  Bounds range     [1e+00, 8e+02]
  RHS range        [1e+00, 1e+02]
Presolve added 77 rows and 1523 columns
Presolve time: 0.04s
Presolved: 5349 rows, 5568 columns, 40602 nonzeros
Variable types: 1785 continuous, 3783 integer (3565 binary)

Root relaxation: objective 7.460699e-14, 5847 iterations, 0.27 seconds (0.21 work units)

    Nodes    |    Current Node    |     Objective Bounds      |     Work
 Expl Unexpl |  Obj  Depth IntInf | Incumbent    BestBd   Gap | It/Node Time

     0     0    0.00000    0 3493          -    0.00000      -     -    0s
     0     0    0.00502    0 3506          -    0.00502      -     -    1s
     0     0    0.03863    0 3134          -    0.03863      -     -    2s
     0     0    0.04440    0 3135          -    0.04440      -     -    3s
     0     0    0.04442    0 3131          -    0.04442      -     -    3s
H    0     0                       1.6704180    0.04442  97.3%     -    3s
H    0     0                       1.6280463    0.04442  97.3%     -    3s
     0     0    0.04756    0 3062    1.62805    0.04756  97.1%     -    3s
     0     0    0.04761    0 3067    1.62805    0.04761  97.1%     -    3s
     0     0    0.04814    0 3114    1.62805    0.04814  97.0%     -    4s
     0     0    0.04814    0 3050    1.62805    0.04814  97.0%     -    4s
     0     2    0.04816    0 3045    1.62805    0.04816  97.0%     -    4s
     3     6 infeasible    2         1.62805    0.04859  97.0%   327    5s
H   90    94                       1.5896082    0.05010  96.8%   725    8s
H  143   140                       1.4685239    0.05010  96.6%   758   18s
H  143   140                       1.4036533    0.05010  96.4%   758   18s
H  157   140                       1.3896694    0.05010  96.4%   767   18s
H  159   140                       1.3689580    0.05010  96.3%   767   18s
   218   217    0.07585    9 2474    1.36896    0.05010  96.3%   726   20s
   851   930    0.11810   15 1866    1.36896    0.05010  96.3%   373   25s
H 1282  1258                       1.3528995    0.05010  96.3%   277   26s
H 2434  2349                       1.3528317    0.05010  96.3%   176   29s
  2716  2706    0.34930   23 1291    1.35283    0.05010  96.3%   166   30s
H 3438  3133                       1.3323977    0.05010  96.2%   167   33s
  3479  3134    1.19658  209 1766    1.33240    0.05010  96.2%   169   40s
H 3483  2980                       1.3318652    0.05010  96.2%   169   43s
H 3483  2831                       1.3314423    0.05010  96.2%   169   43s
H 3485  2690                       1.3276828    0.05104  96.2%   169   44s
H 3486  2556                       1.3016215    0.05306  95.9%   169   45s
H 3486  2428                       1.3008049    0.05306  95.9%   169   45s
H 3489  2309                       1.3000481    0.06475  95.0%   169   47s
H 3490  2193                       1.2996191    0.06494  95.0%   169   48s
H 3491  2084                       1.2985693    0.06529  95.0%   169   49s
H 3491  1980                       1.2974357    0.06538  95.0%   169   49s
H 3492  1881                       1.2906055    0.06538  94.9%   169   49s
H 3493  1787                       1.2893407    0.06571  94.9%   168   50s
H 3496  1699                       1.2850414    0.06590  94.9%   168   52s
H 3496  1614                       1.2518945    0.06593  94.7%   168   53s
H 3496  1533                       1.2407740    0.06598  94.7%   168   53s
H 3497  1457                       1.2393264    0.06613  94.7%   168   54s
  3499  1458    0.10770   11 2821    1.23933    0.06616  94.7%   168   55s
H 3501  1386                       1.2338018    0.06625  94.6%   168   57s
H 3503  1318                       1.2316525    0.06625  94.6%   168   59s
  3505  1322    0.07211   12 2633    1.23165    0.06625  94.6%   181   61s
  3519  1346    0.09424   15 2235    1.23165    0.07578  93.8%   193   67s
H 3535  1289                       1.2254525    0.07665  93.7%   204   70s
H 3538  1225                       1.2240917    0.07665  93.7%   205   70s
H 3543  1164                       1.2224830    0.07665  93.7%   210   70s
H 3583  1142                       1.2170895    0.07665  93.7%   229   82s
  3621  1171    0.14652   18 2415    1.21709    0.07665  93.7%   242   85s
H 3644  1124                       1.2165570    0.07665  93.7%   249  101s
H 3645  1073                       1.2128973    0.07665  93.7%   249  101s
H 3646  1023                       1.2103082    0.07665  93.7%   250  101s
H 3658   973                       1.2102781    0.07665  93.7%   253  101s
  3716  1034    0.15437   21 2491    1.21028    0.07665  93.7%   268  106s
  3809  1103    0.38186   23 2388    1.21028    0.07665  93.7%   293  111s
  3935  1177    0.25610   26 2239    1.21028    0.07665  93.7%   311  116s
  4038  1239    0.29727   28 2124    1.21028    0.07665  93.7%   325  120s
  4162  1253    0.28746   31 2206    1.21028    0.07665  93.7%   334  125s
  4249  1297    0.37125   33 1995    1.21028    0.07665  93.7%   355  131s
  4343  1344    0.40871   35 1911    1.21028    0.07665  93.7%   373  135s
  4445  1416    0.50779   37 1827    1.21028    0.07665  93.7%   390  141s
  4571  1504    0.46758   40 1881    1.21028    0.07665  93.7%   407  147s
  4721  1588 infeasible   48         1.21028    0.07665  93.7%   422  152s
H 4726  1542                       1.2073093    0.07665  93.7%   423  152s
H 4732  1498                       1.2071921    0.07665  93.7%   425  152s
  4795  1513    0.66336   51 1675    1.20719    0.07665  93.7%   431  156s
  4852  1543    0.60774   51 1655    1.20719    0.07665  93.7%   441  160s
  4974  1609    0.79095   57 1998    1.20719    0.07665  93.7%   464  167s
  5031  1657    0.88683   58 1927    1.20719    0.07665  93.7%   475  171s
  5189  1762    0.87913   61 1925    1.20719    0.07665  93.7%   492  178s
  5289  1832    1.05844   66 2018    1.20719    0.07665  93.7%   500  182s
  5392  1903    1.14925   71 1729    1.20719    0.07665  93.7%   509  186s
  5534  1936     cutoff   75         1.20719    0.08105  93.3%   513  195s
H 5622  1860                       1.2012818    0.08105  93.3%   517  195s
  5767  1988    0.41283   20 2112    1.20128    0.08105  93.3%   532  205s
  5876  2092    0.46745   22 2135    1.20128    0.08105  93.3%   539  210s
  6001  2178    0.50525   27 2366    1.20128    0.08105  93.3%   547  216s
  6112  2298    0.63453   33 1863    1.20128    0.08105  93.3%   558  221s
H 6186  2281                       1.1936264    0.08105  93.2%   559  221s
  6241  2423    0.97645   43 1914    1.19363    0.08105  93.2%   562  227s
  6412  2529    1.17778   53 1794    1.19363    0.08186  93.1%   567  235s
H 6418  2515                       1.1879394    0.08186  93.1%   567  235s
H 6421  2449                       1.1726706    0.09162  92.2%   569  235s
  6581  2515    0.12597   17 2566    1.17267    0.09162  92.2%   574  242s
  6696  2536    0.14964   18 2552    1.17267    0.09162  92.2%   584  256s
H 6705  2533                       1.1719704    0.09162  92.2%   585  256s
  6725  2605    0.17569   19 2554    1.17197    0.09162  92.2%   590  265s
  6856  2666    0.21229   21 2306    1.17197    0.09162  92.2%   600  273s
  6946  2747    0.24348   24 2450    1.17197    0.09162  92.2%   614  281s
  7053  2826    0.46594   31 2215    1.17197    0.09162  92.2%   626  289s
  7161  2918    0.58991   40 1990    1.17197    0.09162  92.2%   637  298s
  7261  3003    0.77017   46 2011    1.17197    0.09162  92.2%   648  309s
  7369  3087    0.83515   52 2312    1.17197    0.09162  92.2%   662  319s
  7470  3176    0.95436   58 1991    1.17197    0.09162  92.2%   676  328s
  7586  3273    1.11142   68 2020    1.17197    0.09162  92.2%   688  338s
  7719  3359     cutoff   69         1.17197    0.09598  91.8%   698  349s
  7835  3457    0.14575   18 2325    1.17197    0.09598  91.8%   709  360s
  7967  3545    0.21079   20 2421    1.17197    0.09598  91.8%   722  371s
  8084  3582    0.23982   25 2474    1.17197    0.09598  91.8%   734  385s
H 8085  3582                       1.1717834    0.09598  91.8%   734  385s
H 8107  3582                       1.1717538    0.09598  91.8%   737  385s
  8131  3695    0.27733   25 2497    1.17175    0.09598  91.8%   741  397s
  8260  3843    0.34032   30 2218    1.17175    0.09598  91.8%   752  409s
  8440  3999    0.52509   32 2199    1.17175    0.09598  91.8%   761  421s
  8629  4139    0.47374   36 2160    1.17175    0.09598  91.8%   770  434s
  8825  4268    0.59897   43 1898    1.17175    0.09598  91.8%   781  448s
  8977  4401    0.75864   47 1836    1.17175    0.09598  91.8%   794  463s
  9123  4555    0.77215   49 2003    1.17175    0.09598  91.8%   805  478s
  9311  4701    0.85093   52 1883    1.17175    0.09598  91.8%   816  493s
  9525  4751    0.97432   60 1785    1.17175    0.09598  91.8%   827  511s
H 9527  4750                       1.1711827    0.09598  91.8%   827  511s
H 9568  4749                       1.1705747    0.09598  91.8%   833  511s
  9597  4891    0.96365   60 1896    1.17057    0.09598  91.8%   835  528s
  9766  5076    1.03336   68 1662    1.17057    0.09598  91.8%   849  544s
  9983  5301    1.12053   77 1798    1.17057    0.09598  91.8%   856  561s
 10242  5531     cutoff   88         1.17057    0.13950  88.1%   856  579s
 10522  5707    0.88820   19 2359    1.17057    0.13950  88.1%   859  598s
 10770  5833    0.68957   25 1955    1.17057    0.13950  88.1%   862  617s
 10914  6027    0.85504   28 2160    1.17057    0.13950  88.1%   873  637s
 11146  6191    0.94332   31 2166    1.17057    0.13950  88.1%   884  661s
 11380  6411    1.04518   35 2096    1.17057    0.13950  88.1%   898  685s
 11647  6594    1.12095   39 2020    1.17057    0.14418  87.7%   906  709s
 11890  6752    0.18157   20 2552    1.17057    0.14418  87.7%   917  734s
 12124  6906    0.25770   24 2404    1.17057    0.14418  87.7%   928  760s
 12323  7099    0.39034   32 2670    1.17057    0.14418  87.7%   941  789s
 12548  7318    0.67613   40 2515    1.17057    0.14418  87.7%   953  818s
 12834  7537    1.05304   63 2105    1.17057    0.14575  87.5%   963  847s
 13112  7710    0.45583   29 2489    1.17057    0.14575  87.5%   973  877s
 13361  7893    0.81186   37 2066    1.17057    0.14575  87.5%   980  908s
 13606  8100    1.16932   52 2173    1.17057    0.14869  87.3%   992  942s
 13891  8330    0.28140   28 2473    1.17057    0.14869  87.3%  1004  975s
 14174  8596    0.71505   38 2072    1.17057    0.14869  87.3%  1016 1012s
 14502  8815    1.15154   51 2454    1.17057    0.14969  87.2%  1025 1048s
 14831  9068    0.19016   24 2284    1.17057    0.14969  87.2%  1037 1085s
 15110  9318    0.87741   33 2330    1.17057    0.15480  86.8%  1050 1124s
 15444  9389    0.58841   32 2439    1.17057    0.15515  86.7%  1059 1164s
H15478  9372                       1.1697905    0.15515  86.7%  1061 1164s
 15536  9646    0.88544   37 2541    1.16979    0.16227  86.1%  1064 1203s
H15864  9618                       1.1682505    0.16227  86.1%  1075 1513s
H15878  9618                       1.1682242    0.16227  86.1%  1075 1513s
 15881 10009    0.65729   30 2357    1.16822    0.16227  86.1%  1076 1557s
 16369 10437    0.93871   42 2284    1.16822    0.16532  85.8%  1078 1600s
 16980 10791    0.21512   19 2098    1.16822    0.16532  85.8%  1075 1656s
 17422 11150    0.60075   34 1978    1.16822    0.17386  85.1%  1080 1708s
 17966 11419    0.29428   20 2074    1.16822    0.17638  84.9%  1082 1759s
 18321 11666    0.79579   30 2151    1.16822    0.17638  84.9%  1099 1800s

Cutting planes:
  Gomory: 852
  Implied bound: 5
  MIR: 120
  StrongCG: 12
  Flow cover: 422
  Inf proof: 6
  Zero half: 18
  RLT: 102
  Relax-and-lift: 11
  BQP: 33

Explored 18643 nodes (20597740 simplex iterations) in 1800.03 seconds (2548.50 work units)
Thread count was 16 (of 16 available processors)

Solution count 10: 1.16822 1.16825 1.16979 ... 1.18794

Time limit reached
Warning: max constraint violation (1.1494e-03) exceeds tolerance
Warning: max general constraint violation (1.1494e-03) exceeds tolerance
         (model may be infeasible or unbounded - try turning presolve off)
Best objective 1.168224186342e+00, best bound 1.763815865203e-01, gap 84.9017%
