
Gurobi 9.5.0 (linux64) logging started Tue 15 Nov 2022 08:52:23 AM PST

Set parameter LogFile to value "experiments/t_3_theta_0.2/gurobi.1668531142.log"
Set parameter LogToConsole to value 0
Set parameter TimeLimit to value 1800
Set parameter Threads to value 16
Gurobi Optimizer version 9.5.0 build v9.5.0rc5 (linux64)
Thread count: 8 physical cores, 16 logical processors, using up to 16 threads
Optimize a model with 341 rows, 1458 columns and 5334 nonzeros
Model fingerprint: 0xd30683f7
Model has 3450 quadratic objective terms
Model has 225 quadratic constraints
Model has 3 general constraints
Variable types: 90 continuous, 1368 integer (1368 binary)
Coefficient statistics:
  Matrix range     [1e+00, 1e+01]
  QMatrix range    [1e+00, 1e+00]
  QLMatrix range   [1e+00, 1e+00]
  Objective range  [0e+00, 0e+00]
  QObjective range [2e-05, 1e+01]
  Bounds range     [1e+00, 8e+02]
  RHS range        [1e+00, 1e+02]
Presolve added 35 rows and 1307 columns
Presolve time: 0.04s
Presolved: 4999 rows, 5114 columns, 37576 nonzeros
Variable types: 1473 continuous, 3641 integer (3486 binary)

Root relaxation: objective -2.557954e-13, 5217 iterations, 0.28 seconds (0.30 work units)

    Nodes    |    Current Node    |     Objective Bounds      |     Work
 Expl Unexpl |  Obj  Depth IntInf | Incumbent    BestBd   Gap | It/Node Time

     0     0   -0.00000    0 3487          -   -0.00000      -     -    0s
     0     0    0.01030    0 3436          -    0.01030      -     -    1s
     0     0    0.05039    0 3103          -    0.05039      -     -    1s
     0     0    0.05046    0 3102          -    0.05046      -     -    1s
     0     0    0.05868    0 3136          -    0.05868      -     -    2s
     0     0    0.05870    0 3129          -    0.05870      -     -    2s
H    0     0                       1.7029803    0.05870  96.6%     -    3s
H    0     0                       1.6838271    0.05870  96.5%     -    3s
     0     0    0.07136    0 3046    1.68383    0.07136  95.8%     -    3s
     0     0    0.07141    0 3052    1.68383    0.07141  95.8%     -    3s
     0     0    0.07360    0 3056    1.68383    0.07360  95.6%     -    3s
     0     0    0.07360    0 3043    1.68383    0.07360  95.6%     -    4s
     0     2    0.07365    0 3041    1.68383    0.07365  95.6%     -    5s
    79    90    0.15025    7 2757    1.68383    0.08026  95.2%  1095   13s
   119   135    0.17965    9 2547    1.68383    0.08026  95.2%  1050   15s
H  181   178                       1.6645109    0.08026  95.2%   972   19s
   189   204    0.22459   11 2161    1.66451    0.08026  95.2%   969   20s
   396   408    0.25222   16 2059    1.66451    0.08026  95.2%   725   26s
H  398   408                       1.5009825    0.08026  94.7%   721   26s
H 1420  1556                       1.4870771    0.08026  94.6%   300   29s
  1607  1751    0.45102   83   97    1.48708    0.08026  94.6%   275   30s
H 2541  2319                       1.4809586    0.08026  94.6%   212   32s
  2738  2459 infeasible    6         1.48096    0.08603  94.2%   224   35s
H 2871  2542                       1.4190753    0.08603  93.9%   239   44s
H 2872  2527                       1.4064013    0.08603  93.9%   239   44s
H 2881  2477                       1.3582204    0.08603  93.7%   241   44s
H 2887  2491                       1.3579634    0.08603  93.7%   242   48s
H 2889  2490                       1.3571554    0.08603  93.7%   242   48s
H 2894  2441                       1.3254012    0.08603  93.5%   242   48s
H 2901  2433                       1.3098172    0.08603  93.4%   242   48s
  3004  2587    0.74660   16 2116    1.30982    0.08603  93.4%   254   50s
H 3287  2691                       1.2861515    0.08603  93.3%   272   61s
H 3289  2558                       1.2852246    0.08603  93.3%   272   62s
H 3291  2431                       1.2850646    0.08603  93.3%   272   63s
H 3291  2309                       1.2756121    0.08603  93.3%   272   63s
H 3292  2195                       1.2559108    0.08603  93.1%   272   64s
H 3293  2085                       1.2558681    0.08603  93.1%   272   64s
H 3294  1981                       1.2550540    0.08603  93.1%   272   65s
H 3296  1883                       1.2531201    0.08603  93.1%   271   66s
H 3297  1790                       1.2531112    0.08612  93.1%   271   67s
H 3297  1700                       1.2530873    0.08612  93.1%   271   67s
H 3297  1615                       1.2523292    0.08612  93.1%   271   67s
H 3297  1534                       1.2514023    0.08612  93.1%   271   67s
H 3297  1457                       1.2506124    0.08612  93.1%   271   67s
H 3297  1384                       1.2484201    0.08612  93.1%   271   67s
H 3299  1316                       1.2478047    0.09451  92.4%   271   69s
H 3299  1250                       1.2468752    0.09451  92.4%   271   69s
H 3300  1188                       1.2454141    0.09692  92.2%   271   70s
H 3304  1131                       1.2434319    0.11172  91.0%   271   72s
  3308  1133    0.38076   20 2918    1.24343    0.11388  90.8%   270   75s
H 3309  1077                       1.2433992    0.11537  90.7%   270   76s
H 3311  1024                       1.2433230    0.12027  90.3%   270   79s
  3312  1025    0.54077  103 2801    1.24332    0.12128  90.2%   270   80s
  3318  1029    1.16416   45 2971    1.24332    0.12731  89.8%   270   85s
  3324  1033    1.24332   55 2955    1.24332    0.12903  89.6%   269   90s
H 3325   981                       1.2433230    0.13003  89.5%   269   92s
  3329   983    0.81430   51 2951    1.24332    0.13564  89.1%   269   95s
  3332   985    0.45548   91 2975    1.24332    0.13649  89.0%   268  100s
  3337   989    0.13684    6 2997    1.24332    0.13684  89.0%   268  105s
  3342   992    0.56712   46 3114    1.24332    0.13887  88.8%   268  111s
  3352  1000    0.45321   32 1702    1.24332    0.14041  88.7%   299  115s
  3358  1004    0.15338    9 2971    1.24332    0.14158  88.6%   299  120s
H 3363   956                       1.2433230    0.14553  88.3%   298  125s
  3371   962    0.71760   46 3077    1.24332    0.14574  88.3%   298  130s
  3374   969    0.15810   27 2668    1.24332    0.14714  88.2%   308  135s
  3386   989    0.17004   29 2915    1.24332    0.16942  86.4%   323  143s
  3402   999    0.17137   30 2910    1.24332    0.17137  86.2%   348  147s
  3418  1008    0.22669   30 2793    1.24332    0.17137  86.2%   370  150s
  3450  1026    0.21804   31 2770    1.24332    0.20636  83.4%   388  159s
H 3451   978                       1.2406781    0.20636  83.4%   388  159s
H 3453   931                       1.2387673    0.20636  83.3%   389  159s
  3466   948    0.24316   32 2234    1.23877    0.20636  83.3%   394  162s
  3513   979    0.26748   33 2438    1.23877    0.20879  83.1%   412  166s
  3564  1021    0.27178   34 2141    1.23877    0.21618  82.5%   425  170s
  3674  1104    0.28910   37 2109    1.23877    0.21618  82.5%   439  176s
  3765  1169    0.29931   41 1881    1.23877    0.21618  82.5%   448  180s
  3937  1283    0.30764   48 1841    1.23877    0.21618  82.5%   454  185s
  4214  1405    0.35277   53 1701    1.23877    0.21618  82.5%   455  191s
  4360  1395    0.57603   56 1912    1.23877    0.21618  82.5%   460  196s
  4431  1409    0.49155   58 1597    1.23877    0.21618  82.5%   474  210s
H 4432  1365                       1.2387673    0.21618  82.5%   474  210s
H 4444  1319                       1.2387673    0.21618  82.5%   476  210s
  4489  1370    0.49508   60 1753    1.23877    0.21618  82.5%   486  216s
  4562  1436    0.66802   64 1727    1.23877    0.21618  82.5%   501  223s
  4611  1465    0.62852   66 1449    1.23877    0.21618  82.5%   508  226s
  4669  1485    0.62274   68 1504    1.23877    0.21618  82.5%   514  230s
  4769  1548    0.75116   72 1322    1.23877    0.21618  82.5%   529  238s
  4824  1550    0.98022   75 1408    1.23877    0.21618  82.5%   537  246s
  4849  1603    0.88488   76 1314    1.23877    0.21618  82.5%   540  250s
  4982  1681    0.98806   83 1421    1.23877    0.21618  82.5%   552  259s
  5050  1745    1.05310   86 1283    1.23877    0.21618  82.5%   558  263s
  5148  1819    1.19329   91 1082    1.23877    0.21618  82.5%   561  267s
  5258  1906    1.17580   99 1269    1.23877    0.21618  82.5%   562  271s
  5406  1914 infeasible  109         1.23877    0.21804  82.4%   560  276s
  5502  1963    0.25280   32 2192    1.23877    0.21805  82.4%   566  281s
  5599  2008    0.30498   34 2402    1.23877    0.21805  82.4%   571  288s
  5689  2073    0.36117   36 2281    1.23877    0.21805  82.4%   579  294s
  5798  2146    0.40858   39 2030    1.23877    0.21805  82.4%   583  300s
  5905  2178    0.47778   42 2176    1.23877    0.21805  82.4%   589  336s
  5951  2279    0.56405   45 2208    1.23877    0.21805  82.4%   594  342s
  6066  2360    0.74237   49 2059    1.23877    0.21805  82.4%   600  351s
  6183  2452    0.90892   52 1992    1.23877    0.21805  82.4%   607  358s
  6308  2531    1.12950   58 1719    1.23877    0.21805  82.4%   613  366s
  6427  2598     cutoff   67         1.23877    0.22087  82.2%   621  374s
  6529  2700    0.28319   34 2488    1.23877    0.22488  81.8%   630  382s
  6668  2799    0.48236   42 2261    1.23877    0.22488  81.8%   636  390s
  6777  2891    0.67399   46 2262    1.23877    0.22488  81.8%   644  399s
  6905  2999    1.16646   53 2329    1.23877    0.22488  81.8%   651  408s
  7043  3043     cutoff   56         1.23877    0.22488  81.8%   658  418s
H 7059  3043                       1.2387673    0.22911  81.5%   660  418s
H 7081  3019                       1.2319834    0.22911  81.4%   662  418s
  7102  3130    0.29811   39 2169    1.23198    0.22911  81.4%   663  428s
  7244  3215    0.56672   46 2006    1.23198    0.22911  81.4%   670  439s
  7417  3306    0.90532   58 1975    1.23198    0.22911  81.4%   677  449s
  7570  3423    1.17880   67 1712    1.23198    0.23536  80.9%   686  460s
H 7722  3470                       1.2295654    0.23536  80.9%   693  475s
H 7728  3470                       1.2294954    0.23536  80.9%   694  475s
H 7743  3466                       1.2282537    0.23536  80.8%   695  475s
H 7773  3460                       1.2277135    0.23536  80.8%   698  475s
H 7779  3460                       1.2276060    0.23536  80.8%   698  475s
H 7783  3457                       1.2271952    0.23536  80.8%   699  475s
H 7791  3449                       1.2242592    0.23536  80.8%   699  475s
  7798  3554    0.25836   33 2665    1.22426    0.23536  80.8%   701  487s
  7943  3652    0.49282   37 2497    1.22426    0.23536  80.8%   711  500s
  8098  3749    0.52448   38 2523    1.22426    0.23536  80.8%   720  513s
  8233  3872    0.71630   38 2637    1.22426    0.23536  80.8%   732  526s
  8394  4018    0.63190   43 2597    1.22426    0.23536  80.8%   741  543s
  8565  4131    0.89066   46 2490    1.22426    0.23536  80.8%   752  557s
H 8572  4129                       1.2239158    0.23536  80.8%   753  557s
H 8615  4124                       1.2231643    0.23536  80.8%   753  557s
  8721  4254    0.82050   46 2357    1.22316    0.23536  80.8%   756  573s
  8889  4397    1.01723   51 2350    1.22316    0.23536  80.8%   768  590s
  9068  4537    1.01434   52 2176    1.22316    0.23536  80.8%   777  606s
  9238  4664    1.09958   54 1748    1.22316    0.23536  80.8%   788  625s
  9428  4779    1.12995   55 1490    1.22316    0.25683  79.0%   797  642s
  9652  4794    0.71500   33 2843    1.22316    0.25683  79.0%   806  668s
H 9653  4788                       1.2225490    0.25683  79.0%   806  668s
H 9674  4783                       1.2222280    0.25683  79.0%   807  668s
H 9677  4783                       1.2222280    0.25683  79.0%   808  668s
  9678  4914    1.14856   34 2864    1.22223    0.25683  79.0%   808  687s
  9863  4958    1.20281   35 2803    1.22223    0.25836  78.9%   820  708s
H 9882  4949                       1.2215131    0.25836  78.8%   821  708s
  9950  5095    0.59274   34 2817    1.22151    0.25836  78.8%   827  728s
 10174  5192     cutoff   46         1.22151    0.26491  78.3%   837  748s
 10400  5352    0.45588   39 2558    1.22151    0.26491  78.3%   847  771s
 10612  5502    0.84878   49 2269    1.22151    0.26491  78.3%   856  795s
H10741  5441                       1.2148066    0.26491  78.2%   865  795s
 10832  5576     cutoff   58         1.21481    0.26491  78.2%   866  820s
 11058  5747     cutoff   60         1.21481    0.27131  77.7%   877  844s
 11330  5920    0.49348   35 2444    1.21481    0.27131  77.7%   882  868s
 11589  6087    1.11259   50 2185    1.21481    0.27433  77.4%   891  894s
 11863  6240    0.32959   37 2183    1.21481    0.27433  77.4%   900  923s
 12100  6429    0.83126   54 1898    1.21481    0.27615  77.3%   911  952s
H12139  6429                       1.2148066    0.27615  77.3%   912  952s
H12273  6429                       1.2148063    0.27615  77.3%   917  952s
 12358  6648    0.62924   40 2126    1.21481    0.27615  77.3%   920  981s
 12664  6810     cutoff   56         1.21481    0.27806  77.1%   928 1013s
H12750  6810                       1.2148063    0.27806  77.1%   930 1013s
H12913  6801                       1.2138584    0.27806  77.1%   937 1013s
 12933  6999    0.54669   40 2597    1.21386    0.27806  77.1%   938 1046s
 13213  7174    1.17498   49 2738    1.21386    0.27806  77.1%   949 1080s
H13265  7132                       1.2106504    0.27806  77.0%   953 1080s
 13487  7304    0.50085   38 2350    1.21065    0.27806  77.0%   961 1113s
H13520  7304                       1.2106504    0.27806  77.0%   961 1113s
H13769  7304                       1.2106504    0.27806  77.0%   970 1113s
 13805  7505    1.19629   50 2208    1.21065    0.27979  76.9%   971 1149s
H13848  7505                       1.2106504    0.27979  76.9%   972 1149s
 14159  7698    0.93895   46 2802    1.21065    0.27995  76.9%   980 1187s
 14467  7958    0.44056   40 2317    1.21065    0.27998  76.9%   989 1226s
 14899  8235     cutoff   60         1.21065    0.28439  76.5%   995 1264s
 15339  8242 infeasible   41         1.21065    0.28613  76.4%  1002 1487s
H15346  8242                       1.2106504    0.28613  76.4%  1002 1487s
H15361  8242                       1.2106498    0.28613  76.4%  1002 1487s
 15364  8523    0.33836   43 1846    1.21065    0.28613  76.4%  1002 1526s
 15804  8794    0.73945   55 1920    1.21065    0.28707  76.3%  1010 1570s
 16250  9089    0.74629   42 2436    1.21065    0.29126  75.9%  1017 1615s
 16672  9390    0.42205   41 2478    1.21065    0.29279  75.8%  1026 1663s
 17133  9668    0.42374   37 2577    1.21065    0.29286  75.8%  1033 1712s
 17586  9965     cutoff   57         1.21065    0.29434  75.7%  1042 1767s
 18079 10167    1.16258   57 2250    1.21065    0.29655  75.5%  1049 1800s

Cutting planes:
  Gomory: 695
  Implied bound: 4
  MIR: 46
  StrongCG: 9
  Flow cover: 159
  Inf proof: 1
  Zero half: 107
  RLT: 67
  Relax-and-lift: 8
  BQP: 11

Explored 18365 nodes (19373026 simplex iterations) in 1800.01 seconds (2875.86 work units)
Thread count was 16 (of 16 available processors)

Solution count 10: 1.21065 1.21065 1.21065 ... 1.22316

Time limit reached
Warning: max constraint violation (4.5675e-04) exceeds tolerance
Warning: max general constraint violation (4.5675e-04) exceeds tolerance
Best objective 1.210650447228e+00, best bound 2.965456925516e-01, gap 75.5053%
