
Gurobi 9.5.0 (linux64) logging started Mon 14 Nov 2022 11:36:51 PM PST

Set parameter LogFile to value "experiments/t_1_theta_0.45/gurobi.1668497810.log"
Set parameter LogToConsole to value 0
Set parameter TimeLimit to value 1800
Set parameter Threads to value 16
Gurobi Optimizer version 9.5.0 build v9.5.0rc5 (linux64)
Thread count: 8 physical cores, 16 logical processors, using up to 16 threads
Optimize a model with 339 rows, 1398 columns and 5276 nonzeros
Model fingerprint: 0x846b43b1
Model has 3400 quadratic objective terms
Model has 75 quadratic constraints
Model has 1 general constraint
Variable types: 80 continuous, 1318 integer (1318 binary)
Coefficient statistics:
  Matrix range     [1e+00, 1e+01]
  QMatrix range    [1e+00, 1e+00]
  QLMatrix range   [1e+00, 1e+00]
  Objective range  [0e+00, 0e+00]
  QObjective range [3e-05, 2e+01]
  Bounds range     [1e+00, 8e+02]
  RHS range        [1e+00, 1e+02]
Presolve added 0 rows and 1025 columns
Presolve removed 26 rows and 0 columns
Presolve time: 0.01s
Presolved: 2395 rows, 4505 columns, 12202 nonzeros
Presolved model has 1 SOS constraint(s)
Variable types: 1105 continuous, 3400 integer (3375 binary)

Root relaxation: objective 5.063564e-01, 1859 iterations, 0.07 seconds (0.10 work units)

    Nodes    |    Current Node    |     Objective Bounds      |     Work
 Expl Unexpl |  Obj  Depth IntInf | Incumbent    BestBd   Gap | It/Node Time

     0     0    0.50636    0 1319          -    0.50636      -     -    0s
     0     0    0.54822    0 1319          -    0.54822      -     -    0s
     0     0    0.63373    0 1238          -    0.63373      -     -    0s
     0     0    0.63373    0 1238          -    0.63373      -     -    0s
     0     0    0.64110    0 1255          -    0.64110      -     -    0s
     0     0    0.64114    0 1255          -    0.64114      -     -    0s
     0     0    0.64294    0 1257          -    0.64294      -     -    0s
     0     0    0.64294    0 1246          -    0.64294      -     -    0s
H    0     0                      58.9448934    0.64307  98.9%     -    0s
H    0     0                      28.8841751    0.64307  97.8%     -    0s
     0     2    0.64307    0 1246   28.88418    0.64307  97.8%     -    0s
H   31    48                      28.6378531    0.64801  97.7%   300    1s
H   32    48                      14.1498612    0.64801  95.4%   295    1s
H   34    48                       6.8292573    0.64801  90.5%   296    1s
H   36    48                       6.6724621    0.64801  90.3%   307    1s
H   79    88                       6.5767802    0.64801  90.1%   257    1s
H   81    88                       6.3653416    0.64801  89.8%   254    1s
H   83    88                       2.5350333    0.64801  74.4%   251    1s
H  139   145                       2.4338142    0.64801  73.4%   237    2s
H  155   145                       2.3260785    0.64801  72.1%   238    2s
H  158   161                       2.0442498    0.64801  68.3%   241    2s
H  161   161                       2.0430929    0.64801  68.3%   241    2s
H  165   161                       1.8549518    0.64801  65.1%   240    2s
H  198   201                       1.5866815    0.64801  59.2%   229    2s
H  246   247                       1.5760729    0.64801  58.9%   241    3s
H  247   247                       1.5696491    0.64801  58.7%   241    3s
H  356   353                       1.5644118    0.64801  58.6%   261    3s
H  360   353                       1.5580213    0.64801  58.4%   262    3s
H  363   353                       1.5539815    0.64801  58.3%   263    3s
H  367   353                       1.5298175    0.64801  57.6%   266    3s
H  370   353                       1.5024597    0.64801  56.9%   266    3s
H  441   446                       1.4930590    0.64801  56.6%   259    3s
H  446   446                       1.4908319    0.64801  56.5%   258    3s
H  449   446                       1.4867921    0.64801  56.4%   259    3s
H  459   446                       1.4767971    0.64801  56.1%   256    3s
H  463   446                       1.4726435    0.64801  56.0%   257    3s
H  632   609                       1.4712590    0.64801  56.0%   253    4s
H  633   609                       1.4708390    0.64801  55.9%   253    4s
H  634   609                       1.4694545    0.64801  55.9%   253    4s
H  642   609                       1.4669014    0.64801  55.8%   253    4s
   948   976    1.01600   34  964    1.46690    0.64801  55.8%   237    5s
H 1047   987                       1.4650969    0.64801  55.8%   228    5s
H 1060   987                       1.4592134    0.64801  55.6%   227    5s
H 1312  1101                       1.3608701    0.64801  52.4%   206    7s
H 1318  1069                       1.3478771    0.64801  51.9%   206    7s
  1965  1630    1.17093   95  591    1.34788    0.64801  51.9%   205   10s
H 1975  1474                       1.2958314    0.64801  50.0%   205   10s
H 2070  1450                       1.2905350    0.64801  49.8%   207   10s
  2086  1454    1.21682   32 1338    1.29053    0.69712  46.0%   206   15s
H 2089  1382                       1.2867285    0.70023  45.6%   205   17s
  2096  1387    1.16227  121 1378    1.28673    0.71069  44.8%   205   20s
  2114  1400    1.14611   26 1229    1.28673    0.71407  44.5%   218   25s
  2125  1407    1.22598   13 1424    1.28673    0.72849  43.4%   217   30s
H 2125  1336                       1.2691006    0.72849  42.6%   217   30s
H 2126  1270                       1.2687316    0.72942  42.5%   217   31s
H 2126  1206                       1.2525066    0.72942  41.8%   217   31s
  2136  1213    0.92574   16 1505    1.25251    0.80407  35.8%   216   35s
  2150  1222    1.25251   28 1532    1.25251    0.82253  34.3%   215   40s
H 2190  1195                       1.2525066    0.82253  34.3%   241   44s
  2197  1208    0.82253   25 1429    1.25251    0.82253  34.3%   243   45s
H 2297  1212                       1.2523896    0.82253  34.3%   258   49s
  2334  1257    0.82253   29 1460    1.25239    0.82253  34.3%   262   50s
  2549  1396    0.82253   34 1458    1.25239    0.82253  34.3%   283   55s
  2773  1546    0.82942   37 1354    1.25239    0.82253  34.3%   305   60s
  3094  1728    0.82253   42 1337    1.25239    0.82253  34.3%   311   67s
H 3097  1671                       1.2507293    0.82253  34.2%   311   67s
H 3113  1613                       1.2475679    0.82253  34.1%   314   67s
  3316  1713    0.82492   46 1341    1.24757    0.82253  34.1%   316   70s
  3391  1704    0.82600   47 1289    1.24757    0.82253  34.1%   320   75s
H 3393  1654                       1.2475679    0.82253  34.1%   320   75s
  3663  1858    0.86197   51 1295    1.24757    0.82253  34.1%   349   80s
H 3984  1990                       1.2475213    0.82253  34.1%   366   84s
  4024  2085    0.89329   56 1246    1.24752    0.82253  34.1%   366   86s
  4360  2259    0.90792   61 1214    1.24752    0.82253  34.1%   377   90s
  5063  2738    1.10097   72 1106    1.24752    0.82253  34.1%   379   96s
  5620  3115    1.23419   86 1066    1.24752    0.82253  34.1%   379  101s
  5997  3426    0.82253   31 1300    1.24752    0.82253  34.1%   381  106s
  6341  3750    0.97578   43 1070    1.24752    0.82253  34.1%   386  110s
  6736  4014    1.23502   78  850    1.24752    0.82253  34.1%   390  115s
  6997  4257    0.88111   32 1189    1.24752    0.82253  34.1%   402  121s
H 7360  4610                       1.2467381    0.82253  34.0%   410  126s
H 7451  4602                       1.2458610    0.82253  34.0%   415  126s
  7546  4697    0.97149   42 1197    1.24586    0.82253  34.0%   415  142s
H 7565  4696                       1.2456448    0.82253  34.0%   417  142s
H 7566  4648                       1.2404540    0.82253  33.7%   417  142s
H 7645  4781                       1.2360968    0.82253  33.5%   416  145s
  7867  4888    1.06504   47 1046    1.23610    0.82253  33.5%   419  151s
  7976  4904    1.04749   54 1068    1.23610    0.82253  33.5%   422  157s
H 7978  4904                       1.2360968    0.82253  33.5%   422  157s
H 7980  4904                       1.2360968    0.82253  33.5%   422  157s
H 7983  4904                       1.2360968    0.82253  33.5%   422  157s
H 7984  4904                       1.2360968    0.82253  33.5%   422  157s
  8294  5438    1.11083   63 1082    1.23610    0.82253  33.5%   423  162s
  8657  5814    1.15816   76 1099    1.23610    0.82253  33.5%   422  165s
  9620  6447    0.82253   33 1316    1.23610    0.82253  33.5%   411  172s
  9880  6706    1.02626   42 1021    1.23610    0.82253  33.5%   416  175s
 10458  7139    1.00169   37 1002    1.23610    0.82253  33.5%   424  183s
 10783  7407    0.82253   33 1385    1.23610    0.82253  33.5%   427  188s
 11149  7663    0.91557   44 1246    1.23610    0.82253  33.5%   429  193s
 11437  8038    1.17899   62 1085    1.23610    0.82253  33.5%   433  197s
 11911  8281    0.91751   36 1198    1.23610    0.82253  33.5%   431  202s
 12224  8578    1.21643   64 1009    1.23610    0.82253  33.5%   435  206s
 12648  8928    0.85906   34 1210    1.23610    0.82253  33.5%   436  210s
 13066  9276    1.16348   61 1063    1.23610    0.82253  33.5%   436  215s
 13511  9697    0.85315   36 1304    1.23610    0.82253  33.5%   436  220s
 14025 10091    1.07600   54 1102    1.23610    0.82253  33.5%   435  225s
 14537 10457    0.98054   37 1145    1.23610    0.82253  33.5%   435  231s
 15018 10759    0.95983   37 1233    1.23610    0.82253  33.5%   437  237s
 15429 11049    1.00445   37 1251    1.23610    0.82253  33.5%   441  243s
 15769 11468    1.01363   43 1071    1.23610    0.82253  33.5%   447  249s
 16206 12289    1.15556   74  955    1.23610    0.82253  33.5%   453  255s
 17072 12844    1.18447   88  690    1.23610    0.82253  33.5%   448  261s
 17759 13269    1.21169  101  528    1.23610    0.82253  33.5%   448  267s
 18298 13665    1.23377  121  369    1.23610    0.82253  33.5%   452  274s
 18834 14122    0.93346   42 1263    1.23610    0.82253  33.5%   456  281s
 19464 14424    0.89679   29 1234    1.23610    0.82253  33.5%   460  289s
 20024 14770     cutoff   40         1.23610    0.82253  33.5%   465  297s
 20409 15229    0.94355   43 1161    1.23610    0.82253  33.5%   473  305s
 21140 15625    1.04182   40 1113    1.23610    0.82253  33.5%   476  314s
 21908 15914    1.15745   49 1180    1.23610    0.82253  33.5%   476  328s
H21982 15870                       1.2354569    0.82253  33.4%   477  328s
H22328 16430                       1.2352593    0.82253  33.4%   477  337s
 23111 17214    0.93528   30 1269    1.23526    0.82253  33.4%   478  347s
 24102 18044    1.00492   57 1235    1.23526    0.82253  33.4%   476  357s
 25134 18358    1.05193   50 1121    1.23526    0.82253  33.4%   474  371s
H25167 18358                       1.2352593    0.82253  33.4%   474  371s
 25595 19179    0.82253   39 1276    1.23526    0.82253  33.4%   475  381s
 26601 19897    1.11795   42 1218    1.23526    0.82253  33.4%   474  393s
 27487 20550    1.17143   68 1083    1.23526    0.82253  33.4%   477  408s
 28282 21469    1.04716   54 1139    1.23526    0.82253  33.4%   478  420s
 29301 22676    1.13107   51 1101    1.23526    0.82253  33.4%   481  433s
 30716 23600    0.95954   41 1156    1.23526    0.82253  33.4%   479  446s
 31983 24363    1.03978   41 1264    1.23526    0.82253  33.4%   479  459s
 33037 25315    1.06888   54 1123    1.23526    0.82253  33.4%   482  473s
 34231 26606    0.94709   44 1220    1.23526    0.82253  33.4%   484  488s
 35739 27790    1.18778   85  835    1.23526    0.82253  33.4%   483  502s
 37264 28832    1.01902   40 1099    1.23526    0.82253  33.4%   483  518s
 38673 29886     cutoff   52         1.23526    0.82253  33.4%   483  534s
 40116 31085    1.02904   44 1151    1.23526    0.82253  33.4%   483  551s
 41745 32118    1.08967   50 1174    1.23526    0.82253  33.4%   481  569s
 43379 33246    1.00813   44 1143    1.23526    0.82253  33.4%   480  586s
 44878 34268    1.14503   39 1136    1.23526    0.82253  33.4%   481  604s
 46273 35733    0.94337   47 1138    1.23526    0.82253  33.4%   483  621s
 47981 37110    0.82253   39 1283    1.23526    0.82253  33.4%   484  639s
 49702 38395    1.01029   49 1076    1.23526    0.82253  33.4%   484  656s
 51314 39702    1.23192  108  548    1.23526    0.82253  33.4%   486  673s
 53050 40835    0.94331   48  984    1.23526    0.82253  33.4%   484  690s
 54496 41998    0.93852   32 1315    1.23526    0.82253  33.4%   485  708s
 55968 43802    0.82846   36 1420    1.23526    0.82253  33.4%   486  726s
 58101 44934    1.19019   91  922    1.23526    0.82253  33.4%   483  742s
 59706 45983    0.92092   50 1141    1.23526    0.82253  33.4%   483  759s
 61117 46955    0.89023   44 1183    1.23526    0.82253  33.4%   484  777s
 62561 48773    0.91348   43 1226    1.23526    0.82253  33.4%   485  794s
 64706 49692    1.11800   47 1207    1.23526    0.82253  33.4%   482  811s
 65946 50968    0.85486   50 1191    1.23526    0.82253  33.4%   483  828s
 67546 51823    1.06552   40 1274    1.23526    0.82253  33.4%   484  846s
 68925 53014    1.13592   53 1147    1.23526    0.82253  33.4%   486  864s
 70423 54153    1.03105   44 1111    1.23526    0.82253  33.4%   487  882s
 71903 55209    0.92979   33 1282    1.23526    0.82253  33.4%   487  900s
 73243 56680    1.05908   45 1054    1.23526    0.82253  33.4%   489  919s
 75120 57783    0.87669   43 1228    1.23526    0.82253  33.4%   488  937s
 76583 58921    1.19716   46 1166    1.23526    0.82253  33.4%   489  955s
 78285 59770    1.06767   37 1108    1.23526    0.82253  33.4%   488  974s
 79791 61045    1.11666   58  963    1.23526    0.82253  33.4%   490  992s
 81421 62516    1.19125   62 1088    1.23526    0.82253  33.4%   490 1010s
 83187 63647    1.15874   76  936    1.23526    0.82253  33.4%   489 1028s
 84728 64656    1.08490   48 1260    1.23526    0.82253  33.4%   490 1049s
H85705 64534                       1.2346811    0.82253  33.4%   492 1049s
 85940 65692    1.02453   35 1169    1.23468    0.82253  33.4%   492 1069s
H86948 65682                       1.2346076    0.82253  33.4%   492 1069s
 87481 66758    1.17475   44 1180    1.23461    0.82253  33.4%   493 1089s
H87576 66758                       1.2346076    0.82253  33.4%   493 1089s
H87774 66758                       1.2346076    0.82253  33.4%   493 1089s
 88914 68055    0.93653   35 1275    1.23461    0.82253  33.4%   493 1108s
 90619 69273    1.09322   51 1255    1.23461    0.82253  33.4%   493 1128s
 92149 70493    0.95838   42 1209    1.23461    0.82253  33.4%   494 1147s
 93762 71541    1.00101   42 1234    1.23461    0.82253  33.4%   496 1167s
 95236 72616    1.08665   58 1158    1.23461    0.82253  33.4%   498 1186s
 96822 73839    1.16001   56 1155    1.23461    0.82253  33.4%   499 1206s
 98551 75170    1.04274   40 1150    1.23461    0.82253  33.4%   499 1225s
 100305 76421    1.16788   50 1008    1.23461    0.82253  33.4%   499 1244s
 102041 77387    0.94140   37 1220    1.23461    0.82253  33.4%   499 1265s
H102101 77340                       1.2344362    0.82253  33.4%   499 1265s
 103438 78341    0.96444   35 1193    1.23444    0.82253  33.4%   499 1287s
 104771 79941    1.07784   68  915    1.23444    0.82253  33.4%   500 1306s
 106747 81278    1.01589   50 1071    1.23444    0.82253  33.4%   499 1325s
 108590 82256    1.23127   62 1061    1.23444    0.82253  33.4%   499 1344s
H108874 82256                       1.2344362    0.82253  33.4%   498 1344s
 110355 83100    1.06728   55 1214    1.23444    0.82253  33.4%   499 1362s
 111982 84420    1.09936   50 1171    1.23444    0.82253  33.4%   499 1381s
 113759 85775    0.94648   45 1219    1.23444    0.82290  33.3%   499 1401s
 115357 86923    1.20664   81  854    1.23444    0.82313  33.3%   499 1420s
 117137 88017    1.20404   51  884    1.23444    0.82371  33.3%   499 1438s
 118696 89261    0.94545   66 1097    1.23444    0.82425  33.2%   500 1456s
 120313 90489    0.96968   53 1090    1.23444    0.82469  33.2%   500 1474s
 121982 91679    1.18626   61 1105    1.23444    0.82488  33.2%   501 1491s
 123654 92800    0.90241   71 1101    1.23444    0.82602  33.1%   501 1510s
 125220 94143    0.94894   42 1184    1.23444    0.82724  33.0%   501 1527s
 126950 95391    1.20792   86  762    1.23444    0.82726  33.0%   501 1545s
 128555 96592    1.13136   59 1036    1.23444    0.82834  32.9%   502 1563s
 130153 98242    1.03605   49 1132    1.23444    0.82912  32.8%   502 1580s
 132182 99422    1.10484   41 1153    1.23444    0.82924  32.8%   501 1598s
 133837 100566    1.12553   47 1201    1.23444    0.83021  32.7%   500 1615s
 135464 101405    1.14199   56 1195    1.23444    0.83102  32.7%   500 1632s
 136947 102708    1.22837   85  555    1.23444    0.83205  32.6%   500 1649s
 138655 103919    0.96858   58 1209    1.23444    0.83294  32.5%   500 1666s
 140275 105055    1.22265   76  956    1.23444    0.83387  32.4%   500 1683s
 141869 106067    1.16227   70  811    1.23444    0.83493  32.4%   499 1701s
 143301 107039    1.21800   75  908    1.23444    0.83599  32.3%   500 1717s
 144710 107957    0.87395   37 1170    1.23444    0.83670  32.2%   500 1737s
H145356 107725                       1.2338039    0.83696  32.2%   500 1737s
 146014 108717    0.97532   46 1220    1.23380    0.83742  32.1%   500 1757s
 147313 109985    0.98089   59 1133    1.23380    0.83824  32.1%   501 1775s
 149120 110709    1.01999   60 1047    1.23380    0.83883  32.0%   500 1794s
 150466 110806    1.05699   48 1116    1.23380    0.84001  31.9%   502 1800s
H150494 110806                       1.2338039    0.84001  31.9%   502 1800s
H150530 110806                       1.2338039    0.84001  31.9%   502 1800s

Cutting planes:
  Gomory: 528
  Cover: 13
  MIR: 57
  Flow cover: 25
  Zero half: 12
  RLT: 8

Explored 150640 nodes (75563117 simplex iterations) in 1800.04 seconds (3099.70 work units)
Thread count was 16 (of 16 available processors)

Solution count 10: 1.2338 1.2338 1.2338 ... 1.23526

Time limit reached
Warning: max constraint violation (6.4456e-05) exceeds tolerance
Warning: max general constraint violation (6.4456e-05) exceeds tolerance
Best objective 1.233803874971e+00, best bound 8.400116147111e-01, gap 31.9169%
