
Gurobi 9.5.0 (linux64) logging started Tue 15 Nov 2022 01:38:08 PM PST

Set parameter LogFile to value "experiments/t_3_theta_0.001/gurobi.1668548287.log"
Set parameter LogToConsole to value 0
Set parameter TimeLimit to value 1800
Set parameter Threads to value 16
Gurobi Optimizer version 9.5.0 build v9.5.0rc5 (linux64)
Thread count: 8 physical cores, 16 logical processors, using up to 16 threads
Optimize a model with 341 rows, 1458 columns and 5334 nonzeros
Model fingerprint: 0xbb8ac3c1
Model has 3450 quadratic objective terms
Model has 225 quadratic constraints
Model has 3 general constraints
Variable types: 90 continuous, 1368 integer (1368 binary)
Coefficient statistics:
  Matrix range     [1e+00, 1e+01]
  QMatrix range    [1e+00, 1e+00]
  QLMatrix range   [1e+00, 1e+00]
  Objective range  [0e+00, 0e+00]
  QObjective range [8e-08, 5e-02]
  Bounds range     [1e+00, 8e+02]
  RHS range        [1e+00, 1e+02]
Presolve added 35 rows and 1307 columns
Presolve time: 0.06s
Presolved: 4999 rows, 5114 columns, 37576 nonzeros
Variable types: 1473 continuous, 3641 integer (3486 binary)

Root relaxation: objective 9.138503e-08, 5508 iterations, 0.26 seconds (0.33 work units)

    Nodes    |    Current Node    |     Objective Bounds      |     Work
 Expl Unexpl |  Obj  Depth IntInf | Incumbent    BestBd   Gap | It/Node Time

     0     0    0.00000    0 3488          -    0.00000      -     -    0s
     0     0    0.00006    0 3340          -    0.00006      -     -    1s
     0     0    0.02495    0 3046          -    0.02495      -     -    1s
     0     0    0.02501    0 3034          -    0.02501      -     -    2s
     0     0    0.02501    0 3043          -    0.02501      -     -    3s
H    0     0                       1.6583467    0.02501  98.5%     -    4s
H    0     0                       1.6507745    0.02501  98.5%     -    4s
     0     0    0.02504    0 3043    1.65077    0.02504  98.5%     -    4s
H    0     0                       1.6384030    0.02504  98.5%     -    4s
     0     0    0.02504    0 3023    1.63840    0.02504  98.5%     -    4s
     0     0    0.02506    0 3070    1.63840    0.02506  98.5%     -    5s
     0     0    0.02506    0 3067    1.63840    0.02506  98.5%     -    5s
H    0     0                       1.5763415    0.02506  98.4%     -    6s
H    0     0                       1.5625503    0.02506  98.4%     -    6s
     0     2    0.02506    0 3064    1.56255    0.02506  98.4%     -    6s
    27    40    0.02527    5 2636    1.56255    0.02526  98.4%  2386   10s
H   29    40                       1.5622484    0.02526  98.4%  2250   10s
H   31    40                       1.4402878    0.02526  98.2%  2480   10s
H   75    82                       1.3581738    0.02526  98.1%  2251   15s
H   76    82                       1.2945501    0.02526  98.0%  2224   15s
H  131   138                       1.2724128    0.02526  98.0%  1630   18s
H  139   138                       1.2576634    0.02526  98.0%  1605   18s
H  145   138                       1.2222114    0.02526  97.9%  1544   18s
   178   205    0.05040   15 2136    1.22221    0.02526  97.9%  1493   20s
H  313   318                       1.2006572    0.02526  97.9%  1056   29s
H  315   318                       1.1719762    0.02526  97.8%  1051   29s
H  323   318                       1.1704283    0.02526  97.8%  1052   29s
   329   338    0.05314   24 1266    1.17043    0.02526  97.8%  1048   31s
H  330   338                       1.1701319    0.02526  97.8%  1045   31s
H  331   338                       1.1701154    0.02526  97.8%  1042   31s
H  348   338                       1.1697885    0.02526  97.8%  1010   31s
H  399   402                       1.1697603    0.02526  97.8%   964   33s
H  404   402                       1.1697357    0.02526  97.8%   961   33s
H  410   402                       1.1533160    0.02526  97.8%   950   33s
   475   485    0.12931   34  716    1.15332    0.02526  97.8%   907   36s
   653   690    0.20406   62  187    1.15332    0.02526  97.8%   906   42s
H  664   690                       1.1531509    0.02526  97.8%   893   42s
H  694   690                       1.1530603    0.02526  97.8%   891   42s
H  710   690                       1.1048911    0.02526  97.7%   882   42s
   908   968    0.51826   92   54    1.10489    0.02526  97.7%   773   45s
H 1852  1814                       1.1044493    0.02526  97.7%   496   51s
H 1853  1814                       1.0867249    0.02526  97.7%   497   51s
H 1891  1814                       1.0866709    0.02526  97.7%   488   51s
H 1945  1814                       1.0683253    0.02526  97.6%   490   51s
  2321  2160    0.53544   14 2315    1.06833    0.02526  97.6%   485   56s
H 2452  2206                       1.0682277    0.02526  97.6%   516   60s
H 2454  2206                       1.0681515    0.02526  97.6%   517   60s
H 2455  2206                       1.0678766    0.02526  97.6%   517   60s
H 2457  2206                       1.0678030    0.02526  97.6%   518   60s
H 2470  2188                       1.0639797    0.02526  97.6%   522   60s
H 2614  2247                       1.0554758    0.02526  97.6%   560   74s
  2615  2248    0.41624   10 1773    1.05548    0.02526  97.6%   560   75s
H 2618  2137                       1.0554381    0.02526  97.6%   559   78s
H 2619  2031                       1.0554378    0.02526  97.6%   559   78s
  2622  2033    0.20406   58 2847    1.05544    0.02526  97.6%   558   80s
H 2623  1931                       1.0554279    0.02526  97.6%   558   82s
H 2623  1834                       1.0470742    0.02526  97.6%   558   82s
H 2624  1743                       1.0469643    0.02526  97.6%   558   83s
  2626  1744    0.38720  101 2922    1.04696    0.02787  97.3%   557   85s
H 2627  1658                       1.0464301    0.02857  97.3%   557   88s
H 2627  1575                       1.0464278    0.04768  95.4%   557   88s
H 2629  1497                       1.0464067    0.04796  95.4%   557   90s
H 2630  1423                       1.0463901    0.05817  94.4%   556   91s
H 2631  1352                       1.0463774    0.05826  94.4%   556   93s
H 2631  1284                       1.0463728    0.05826  94.4%   556   93s
H 2631  1220                       1.0463604    0.05826  94.4%   556   93s
H 2631  1159                       1.0463385    0.05826  94.4%   556   93s
H 2631  1100                       1.0462989    0.05826  94.4%   556   93s
H 2631  1045                       1.0462942    0.05828  94.4%   556   94s
H 2632   992                       1.0462896    0.05828  94.4%   556   94s
  2633   993    0.13382   54 2902    1.04629    0.05829  94.4%   556   95s
H 2634   944                       1.0462787    0.05830  94.4%   555   97s
H 2635   897                       1.0322520    0.05830  94.4%   555   99s
H 2635   852                       1.0322501    0.05832  94.3%   555   99s
H 2636   810                       1.0321934    0.05832  94.3%   555  100s
H 2637   770                       1.0321841    0.05889  94.3%   555  103s
H 2637   731                       1.0321381    0.05889  94.3%   555  103s
H 2637   694                       1.0321376    0.05889  94.3%   555  103s
H 2638   659                       1.0321361    0.06315  93.9%   555  104s
  2640   661    0.46000   31 2623    1.03214    0.07048  93.2%   554  105s
  2643   663    0.41497   74 2995    1.03214    0.07438  92.8%   554  110s
H 2643   629                       1.0321342    0.07438  92.8%   554  112s
H 2643   597                       1.0321315    0.07438  92.8%   554  112s
H 2643   567                       1.0320872    0.07438  92.8%   554  112s
H 2644   538                       1.0195588    0.07489  92.7%   553  114s
H 2645   512                       1.0190245    0.07499  92.6%   553  116s
H 2645   485                       1.0190193    0.07499  92.6%   553  116s
H 2645   461                       1.0190188    0.07499  92.6%   553  116s
H 2645   437                       1.0189900    0.07520  92.6%   553  116s
  2649   440    0.86548  108 3072    1.01899    0.07582  92.6%   552  121s
  2651   441    0.11945   48 3010    1.01899    0.07602  92.5%   552  125s
H 2651   418                       1.0189783    0.07602  92.5%   552  127s
  2653   419    0.78362  111 3012    1.01898    0.07622  92.5%   552  130s
H 2653   398                       1.0188847    0.07622  92.5%   552  132s
  2655   400    0.07798   18 2914    1.01888    0.07681  92.5%   551  135s
  2657   401    0.18114   25 3021    1.01888    0.07706  92.4%   551  141s
  2660   403    0.89285  137 2863    1.01888    0.08031  92.1%   550  145s
  2662   404    0.93798  151 2651    1.01888    0.08476  91.7%   550  150s
  2666   407    0.08686   14 2685    1.01888    0.08686  91.5%   549  156s
H 2667   387                       1.0188689    0.08853  91.3%   549  158s
  2670   389    0.08865   16 2920    1.01887    0.08865  91.3%   548  160s
  2674   391    0.08911   10 2952    1.01887    0.08911  91.3%   547  165s
  2680   395    0.86557  133 2925    1.01887    0.08913  91.3%   546  170s
  2685   399    0.08914   10 2937    1.01887    0.08914  91.3%   545  175s
  2694   406    0.69070   90 2521    1.01887    0.08914  91.3%   699  180s
  2697   408    0.75229  157 2886    1.01887    0.11685  88.5%   698  185s
  2701   411    0.62821   77 2851    1.01887    0.14103  86.2%   697  191s
H 2702   390                       1.0188631    0.14248  86.0%   697  195s
  2706   393    0.32808   16 2982    1.01886    0.14442  85.8%   696  202s
H 2706   373                       1.0188604    0.14442  85.8%   696  204s
H 2706   354                       1.0188589    0.14442  85.8%   696  204s
  2708   355    0.23915   23 2984    1.01886    0.14443  85.8%   695  205s
H 2709   338                       1.0188587    0.14443  85.8%   695  209s
H 2710   322                       1.0188540    0.14445  85.8%   695  211s
  2713   324    0.25734   60 2901    1.01885    0.14701  85.6%   694  216s
  2715   325    0.41624   10 2946    1.01885    0.15404  84.9%   693  220s
  2719   328    0.20696   25 2899    1.01885    0.15598  84.7%   692  226s
  2722   330    0.20406   58 2888    1.01885    0.15602  84.7%   692  231s
H 2722   313                       1.0188539    0.15602  84.7%   692  232s
  2725   315    0.15602   32 2918    1.01885    0.15602  84.7%   691  236s
  2728   317    0.15602   13 2949    1.01885    0.15602  84.7%   690  240s
  2731   319    0.15602   11 2940    1.01885    0.15602  84.7%   689  245s
  2738   325    0.67109  110 2760    1.01885    0.15602  84.7%   781  250s
  2742   328    0.15602   14 2974    1.01885    0.15602  84.7%   780  255s
  2745   330    0.65303  103 2945    1.01885    0.15602  84.7%   779  261s
  2747   331    0.85998  121 3038    1.01885    0.15744  84.5%   779  266s
  2750   333    0.45312   88 2800    1.01885    0.15905  84.4%   778  272s
  2752   334    0.16137   50 2995    1.01885    0.16137  84.2%   777  275s
H 2754   318                       1.0188508    0.16255  84.0%   777  280s
H 2755   302                       1.0188413    0.16257  84.0%   776  283s
  2757   304    0.18114   25 2903    1.01884    0.17028  83.3%   776  285s
  2759   305    0.88972   45 2966    1.01884    0.17094  83.2%   775  290s
  2762   307    0.93798  151 3024    1.01884    0.17116  83.2%   774  295s
  2764   308    0.85210   30 3006    1.01884    0.17116  83.2%   774  300s
  2767   310    1.01884  195 3009    1.01884    0.17123  83.2%   773  306s
  2770   312    0.17127   16 3024    1.01884    0.17127  83.2%   772  310s
  2774   315    0.17128   10 3020    1.01884    0.17128  83.2%   771  316s
  2777   317    0.66303  103 3046    1.01884    0.17130  83.2%   770  321s
  2780   319    0.86557  133 3038    1.01884    0.17130  83.2%   769  325s
  2787   325    1.00027  191 3140    1.01884    0.17130  83.2%   873  330s
  2791   328    0.17130   14 2981    1.01884    0.17130  83.2%   872  336s
  2794   330    0.69070   90 2989    1.01884    0.17132  83.2%   871  340s
  2797   332    0.75229  157 3008    1.01884    0.17133  83.2%   870  345s
  2800   334    0.17133   12 2977    1.01884    0.17133  83.2%   869  350s
  2806   338    0.32808   16 3011    1.01884    0.17133  83.2%   867  355s
  2811   344 infeasible   58         1.01884    0.17133  83.2%   904  363s
  2815   348    0.17640   59 2890    1.01884    0.17134  83.2%   911  367s
  2821   357    0.18281   60 2786    1.01884    0.17437  82.9%   927  373s
  2832   369    0.23167   61 2613    1.01884    0.17880  82.5%   975  379s
  2848   380    0.25692   62 2426    1.01884    0.17889  82.4%  1003  385s
  2880   399    0.26633   63 2405    1.01884    0.17889  82.4%  1083  391s
  2896   409    0.27883   63 2301    1.01884    0.17889  82.4%  1093  400s
  2939   433    0.26634   65 2372    1.01884    0.17889  82.4%  1120  416s
  2979   462    0.26913   65 2302    1.01884    0.17889  82.4%  1153  423s
  3004   479    0.27073   66 2447    1.01884    0.17889  82.4%  1177  428s
  3033   484    0.27064   68 2410    1.01884    0.17889  82.4%  1191  438s
  3049   507    0.26960   67 2433    1.01884    0.17889  82.4%  1223  444s
  3077   527    0.27101   67 2531    1.01884    0.17889  82.4%  1241  449s
  3108   537    0.29825   68 2364    1.01884    0.17889  82.4%  1271  455s
  3129   561    0.30078   69 2398    1.01884    0.17889  82.4%  1295  460s
  3167   572    0.29847   68 2414    1.01884    0.17889  82.4%  1312  466s
  3198   590    0.29232   69 2670    1.01884    0.17889  82.4%  1333  472s
  3235   605    0.34143   70 2417    1.01884    0.17889  82.4%  1355  479s
  3277   606    0.33456   69 2438    1.01884    0.17889  82.4%  1380  485s
  3314   609    0.35939   69 2417    1.01884    0.17889  82.4%  1412  493s
  3347   616    0.33860   70 2700    1.01884    0.17889  82.4%  1441  502s
  3382   617    0.37092   70 2437    1.01884    0.17889  82.4%  1474  512s
  3405   633    0.38135   71 2427    1.01884    0.17889  82.4%  1500  521s
  3439   638    0.34171   71 2621    1.01884    0.17889  82.4%  1545  532s
  3459   659    0.34490   71 2619    1.01884    0.17889  82.4%  1579  540s
  3491   682    0.38558   72 2590    1.01884    0.17889  82.4%  1630  548s
  3531   701    0.56895   72 2427    1.01884    0.17889  82.4%  1684  557s
  3573   713    0.57055   72 2407    1.01884    0.17889  82.4%  1737  566s
  3606   717    0.44327   73 2617    1.01884    0.17889  82.4%  1783  589s
  3633   727    0.44031   73 2640    1.01884    0.17889  82.4%  1825  598s
  3684   741    0.54609   73 2364    1.01884    0.17889  82.4%  1891  612s
  3727   743    0.62162   74 2229    1.01884    0.17889  82.4%  1972  627s
  3745   767    0.59463   74 2384    1.01884    0.17889  82.4%  2001  640s
  3805   766    0.78294   75 2622    1.01884    0.17889  82.4%  2048  653s
  3835   798    0.53158   76 2343    1.01884    0.17889  82.4%  2090  667s
  3878   826    0.69491   77 2442    1.01884    0.17889  82.4%  2150  681s
  3906   865    0.58543   78 2375    1.01884    0.17889  82.4%  2200  695s
  3953   915    0.65107   79 2200    1.01884    0.17889  82.4%  2246  709s
  4017   959    0.72457   82 2184    1.01884    0.17889  82.4%  2304  723s
  4096  1004    0.85435   87 2089    1.01884    0.17889  82.4%  2351  738s
  4175  1039 infeasible   90         1.01884    0.17889  82.4%  2401  756s
  4238  1079    0.99826   93 2100    1.01884    0.17889  82.4%  2444  774s
  4327  1116     cutoff   93         1.01884    0.18315  82.0%  2494  791s
  4386  1169    0.37904   62 2742    1.01884    0.18315  82.0%  2541  808s
  4466  1228    0.62119   65 2863    1.01884    0.18315  82.0%  2594  826s
  4556  1273    0.91373   70 2454    1.01884    0.19445  80.9%  2646  848s
  4668  1315    0.23620   63 2741    1.01884    0.19445  80.9%  2688  870s
  4744  1371    0.30953   66 2590    1.01884    0.19445  80.9%  2746  893s
  4829  1434    0.43558   70 2427    1.01884    0.19445  80.9%  2804  915s
  4934  1497    0.66917   75 2160    1.01884    0.19445  80.9%  2850  941s
  5045  1550    0.94491   84 2106    1.01884    0.19445  80.9%  2898  968s
  5133  1625    0.21351   62 2606    1.01884    0.19445  80.9%  2963  991s
  5226  1681    0.31439   65 2435    1.01884    0.19445  80.9%  3020 1019s
  5329  1745    0.53983   69 1964    1.01884    0.19445  80.9%  3077 1049s
  5444  1811    0.85632   80 2083    1.01884    0.21351  79.0%  3131 1077s
  5545  1897    0.61085   63 2692    1.01884    0.21351  79.0%  3180 1108s
  5640  1969    0.78065   67 2023    1.01884    0.22625  77.8%  3242 1135s
  5753  2038    0.31137   65 2297    1.01884    0.22625  77.8%  3329 1168s
  5870  2137    0.66490   71 2318    1.01884    0.22625  77.8%  3389 1202s
  6013  2224     cutoff   79         1.01884    0.22625  77.8%  3434 1237s
  6158  2320    0.98486   80 2149    1.01884    0.22673  77.7%  3478 1273s
  6325  2428     cutoff   66         1.01884    0.22673  77.7%  3515 1311s
  6505  2521    0.99670   74 2602    1.01884    0.23770  76.7%  3541 1352s
  6670  2610    0.40177   71 2341    1.01884    0.23770  76.7%  3577 1395s
  6808  2703    0.50990   76 2432    1.01884    0.23770  76.7%  3629 1439s
  6940  2807    0.79673   82 2245    1.01884    0.23771  76.7%  3681 1487s
  7094  2874    0.27084   64 2636    1.01884    0.23771  76.7%  3742 1535s
  7247  2966    0.49886   65 2571    1.01884    0.23771  76.7%  3787 1587s
  7366  3036    0.42578   68 2497    1.01884    0.23771  76.7%  3848 1641s
  7503  3129    0.40069   68 2559    1.01884    0.23771  76.7%  3923 1699s
  7637  3240    0.48174   70 2527    1.01884    0.23771  76.7%  3976 1758s
  7802  3303    0.68464   74 2409    1.01884    0.23771  76.7%  4024 1800s

Cutting planes:
  Gomory: 909
  MIR: 91
  StrongCG: 6
  Flow cover: 314
  Zero half: 28
  RLT: 47
  BQP: 2

Explored 7941 nodes (32070231 simplex iterations) in 1800.04 seconds (2847.46 work units)
Thread count was 16 (of 16 available processors)

Solution count 10: 1.01884 1.01885 1.01885 ... 1.01888

Time limit reached
Warning: max constraint violation (5.1833e-04) exceeds tolerance
Warning: max general constraint violation (5.1833e-04) exceeds tolerance
Best objective 1.018841303716e+00, best bound 2.377076454929e-01, gap 76.6688%
