
Gurobi 9.5.0 (linux64) logging started Wed 16 Nov 2022 09:37:18 AM PST

Set parameter LogFile to value "experiments/t_5_theta_0.45/gurobi.1668620237.log"
Set parameter LogToConsole to value 0
Set parameter TimeLimit to value 1800
Set parameter Threads to value 16
Gurobi Optimizer version 9.5.0 build v9.5.0rc5 (linux64)
Thread count: 8 physical cores, 16 logical processors, using up to 16 threads
Optimize a model with 343 rows, 1518 columns and 5392 nonzeros
Model fingerprint: 0x09bb0798
Model has 3500 quadratic objective terms
Model has 375 quadratic constraints
Model has 5 general constraints
Variable types: 100 continuous, 1418 integer (1418 binary)
Coefficient statistics:
  Matrix range     [1e+00, 1e+01]
  QMatrix range    [1e+00, 1e+00]
  QLMatrix range   [1e+00, 1e+00]
  Objective range  [0e+00, 0e+00]
  QObjective range [3e-05, 2e+01]
  Bounds range     [1e+00, 8e+02]
  RHS range        [1e+00, 1e+02]
Presolve added 77 rows and 1523 columns
Presolve time: 0.04s
Presolved: 5349 rows, 5568 columns, 40602 nonzeros
Variable types: 1785 continuous, 3783 integer (3565 binary)

Root relaxation: objective 1.421085e-14, 5897 iterations, 0.29 seconds (0.25 work units)

    Nodes    |    Current Node    |     Objective Bounds      |     Work
 Expl Unexpl |  Obj  Depth IntInf | Incumbent    BestBd   Gap | It/Node Time

     0     0   -0.00000    0 3494          -   -0.00000      -     -    0s
     0     0    0.02545    0 3496          -    0.02545      -     -    1s
     0     0    0.09021    0 3073          -    0.09021      -     -    2s
     0     0    0.09083    0 3071          -    0.09083      -     -    2s
     0     0    0.09987    0 2997          -    0.09987      -     -    3s
     0     0    0.10024    0 3014          -    0.10024      -     -    3s
H    0     0                       1.7203603    0.10024  94.2%     -    3s
H    0     0                       1.7115525    0.10024  94.1%     -    3s
     0     0    0.10400    0 3064    1.71155    0.10400  93.9%     -    3s
     0     0    0.10400    0 3030    1.71155    0.10400  93.9%     -    4s
     0     2    0.10404    0 3023    1.71155    0.10404  93.9%     -    4s
     7    16    0.12557    3 2984    1.71155    0.11355  93.4%   552    5s
H   79    94                       1.6154020    0.12627  92.2%  1098    9s
    95   110    0.21579    7 2805    1.61540    0.12657  92.2%  1100   10s
H  100   110                       1.6014493    0.12657  92.1%  1070   10s
H  134   144                       1.5320687    0.12657  91.7%  1030   13s
H  136   144                       1.5283292    0.12657  91.7%  1019   13s
H  137   144                       1.5153695    0.12657  91.6%  1020   13s
H  138   144                       1.4957648    0.12657  91.5%  1016   13s
H  145   144                       1.4900475    0.12657  91.5%   995   13s
H  146   144                       1.4829728    0.12657  91.5%   991   13s
   229   246    0.44159   13 2049    1.48297    0.12657  91.5%   804   15s
H  397   407                       1.4221697    0.12657  91.1%   564   17s
H  425   423                       1.4117182    0.12657  91.0%   542   22s
H  426   423                       1.3955576    0.12657  90.9%   541   22s
H  430   423                       1.3876225    0.12657  90.9%   541   22s
H  431   423                       1.3587274    0.12657  90.7%   540   22s
H  433   423                       1.3428347    0.12657  90.6%   538   22s
   683   724    0.57153   36  768    1.34283    0.12657  90.6%   436   25s
H 1434  1457                       1.3410031    0.12657  90.6%   261   27s
H 1438  1457                       1.3368825    0.12657  90.5%   260   27s
H 1474  1457                       1.3364775    0.12657  90.5%   256   27s
  2213  2171    0.95937  111  147    1.33648    0.12657  90.5%   192   30s
H 2568  2448                       1.3321951    0.12657  90.5%   182   31s
  3304  3152    0.53814   19 1638    1.33220    0.12676  90.5%   177   35s
H 3678  3464                       1.3294700    0.12676  90.5%   172   36s
H 3691  3461                       1.3271850    0.12676  90.4%   171   36s
H 3764  3461                       1.3271820    0.12676  90.4%   169   36s
H 3793  3459                       1.3234119    0.12676  90.4%   170   36s
H 3794  3449                       1.3172766    0.12676  90.4%   170   45s
H 3797  3276                       1.3160626    0.12676  90.4%   170   48s
H 3802  3116                       1.3160278    0.12741  90.3%   170   50s
H 3802  2960                       1.3134105    0.12741  90.3%   170   50s
H 3808  2816                       1.3098724    0.13443  89.7%   170   52s
H 3808  2675                       1.3063805    0.13443  89.7%   170   52s
H 3810  2541                       1.3029160    0.13480  89.7%   170   53s
H 3811  2415                       1.3011387    0.13480  89.6%   170   53s
H 3814  2296                       1.3009673    0.13547  89.6%   170   54s
  3815  2296    0.90735   39 2795    1.30097    0.13549  89.6%   170   55s
H 3816  2182                       1.2999580    0.13771  89.4%   170   56s
H 3821  2075                       1.2896170    0.19478  84.9%   169   59s
  3823  2080    0.21725   12 2457    1.28962    0.19478  84.9%   178   61s
H 3853  2010                       1.2855568    0.30266  76.5%   188   65s
H 3867  1906                       1.2843994    0.30266  76.4%   197   65s
H 3901  1849                       1.2840162    0.30266  76.4%   208   72s
H 3903  1758                       1.2801189    0.30266  76.4%   209   72s
H 3904  1673                       1.2753065    0.30266  76.3%   209   72s
H 3910  1591                       1.2594741    0.30266  76.0%   210   72s
  3979  1653    0.53619   19 2062    1.25947    0.30266  76.0%   221   75s
  4147  1778    0.61852   24 1804    1.25947    0.30266  76.0%   238   80s
  4378  1906    0.68344   31 1733    1.25947    0.30266  76.0%   250   85s
  4653  1987    0.71909   37 1661    1.25947    0.30266  76.0%   264   91s
  4808  2083    0.73791   40 1394    1.25947    0.30266  76.0%   277   97s
H 4832  1998                       1.2571840    0.30266  75.9%   278   97s
  4955  2110    0.78127   44 1381    1.25718    0.30266  75.9%   282  100s
  5353  2271    0.96421   60 1073    1.25718    0.30266  75.9%   290  106s
H 5545  2233                       1.2571569    0.30266  75.9%   295  118s
H 5549  2155                       1.2454607    0.30266  75.7%   295  118s
  5564  2169     cutoff   70         1.24546    0.30266  75.7%   297  122s
H 5566  2101                       1.2404078    0.30266  75.6%   297  122s
H 5576  2034                       1.2388709    0.30266  75.6%   297  122s
H 5577  1970                       1.2365079    0.30266  75.5%   297  122s
  5694  2112    1.14286   54 1226    1.23651    0.34547  72.1%   303  125s
  5930  2215    0.56879   18 2348    1.23651    0.34547  72.1%   308  130s
  6298  2391    0.70169   23 2184    1.23651    0.34547  72.1%   315  136s
  6551  2558    0.71251   25 1775    1.23651    0.34547  72.1%   319  141s
  6865  2581    0.79307   31 1505    1.23651    0.34547  72.1%   322  149s
H 6866  2424                       1.2038111    0.34547  71.3%   322  149s
  6892  2534    0.77742   31 1562    1.20381    0.34547  71.3%   323  152s
  7053  2611    0.81313   33 1496    1.20381    0.34547  71.3%   325  155s
  7325  2839    0.93618   41 1269    1.20381    0.34547  71.3%   331  161s
  7655  3100     cutoff   55         1.20381    0.39747  67.0%   336  168s
  7790  3242    0.43790   18 2194    1.20381    0.39747  67.0%   341  171s
  7945  3361    0.60324   22 2085    1.20381    0.39747  67.0%   344  175s
  8284  3655    0.86104   38 1595    1.20381    0.39747  67.0%   350  183s
  8449  3789    1.16973   58 1274    1.20381    0.40305  66.5%   355  186s
  8621  3950    0.64455   20 2227    1.20381    0.40305  66.5%   358  191s
  8822  4105    0.76113   26 1534    1.20381    0.40305  66.5%   361  195s
  9018  4234    1.10140   44 1419    1.20381    0.41014  65.9%   364  200s
  9189  4376    0.55156   23 2007    1.20381    0.41281  65.7%   365  205s
  9365  4541    0.61165   28 1877    1.20381    0.41281  65.7%   370  210s
  9558  4576    0.71455   34 1744    1.20381    0.41281  65.7%   374  218s
H 9575  4574                       1.2031122    0.41281  65.7%   374  218s
H 9580  4558                       1.2004522    0.41281  65.6%   375  218s
  9603  4738    0.73541   35 1743    1.20045    0.41281  65.6%   375  223s
  9836  4975    0.81827   45 1845    1.20045    0.41937  65.1%   378  228s
 10111  5201    0.44534   19 2149    1.20045    0.41937  65.1%   379  234s
 10370  5371    0.49628   24 1899    1.20045    0.41937  65.1%   382  240s
 10650  5598    0.74419   36 1626    1.20045    0.41937  65.1%   384  246s
H10671  5593                       1.1987465    0.41937  65.0%   385  246s
 10930  5787    1.03992   52 1457    1.19875    0.42630  64.4%   387  253s
 11194  5923    0.57531   24 1478    1.19875    0.42630  64.4%   390  260s
 11405  6133    0.81882   33 1544    1.19875    0.43113  64.0%   396  266s
 11665  6264    0.48642   19 2094    1.19875    0.43113  64.0%   400  274s
 11877  6452    0.58993   20 2017    1.19875    0.43113  64.0%   405  281s
 12080  6663    0.58024   24 1981    1.19875    0.43113  64.0%   411  289s
 12305  6901    0.64477   27 1814    1.19875    0.43113  64.0%   416  297s
 12550  7190    0.66803   30 1635    1.19875    0.43113  64.0%   421  305s
 12851  7616    0.75063   34 2069    1.19875    0.43113  64.0%   425  313s
 13291  8023    1.01517   42 1382    1.19875    0.43225  63.9%   424  322s
 13751  8366    0.51405   20 2244    1.19875    0.43225  63.9%   424  331s
 14140  8728    0.59010   27 2215    1.19875    0.43225  63.9%   426  340s
 14590  9080    0.80853   39 1604    1.19875    0.43411  63.8%   427  350s
 15023  9513    0.91410   21 2260    1.19875    0.43722  63.5%   429  361s
 15510 10046    0.59141   23 1693    1.19875    0.43722  63.5%   429  372s
 16123 10580    0.93425   39 1754    1.19875    0.43793  63.5%   426  382s
 16793 10998    0.55192   26 1912    1.19875    0.43793  63.5%   423  395s
H17050 10465                       1.1693077    0.43793  62.5%   422  395s
H17412 10216                       1.1684021    0.43793  62.5%   421  459s
H17413 10067                       1.1646131    0.43793  62.4%   421  459s
H17414  9955                       1.1610316    0.43793  62.3%   421  459s
H17415  9856                       1.1573656    0.43793  62.2%   421  459s
 17428 10174    0.72003   33 1717    1.15737    0.43793  62.2%   422  472s
 17772 10577    0.74250   38 1581    1.15737    0.43793  62.2%   428  484s
 18241 10808    0.83930   41 1839    1.15737    0.43793  62.2%   431  513s
H18286 10765                       1.1565263    0.43793  62.1%   431  513s
H18376 10754                       1.1560522    0.43793  62.1%   431  513s
H18426 10720                       1.1549260    0.43793  62.1%   431  513s
H18599 10720                       1.1549260    0.43793  62.1%   432  513s
 18600 11096    0.98737   48 1339    1.15493    0.44090  61.8%   432  528s
 19066 11486    0.50833   27 1624    1.15493    0.44513  61.5%   436  543s
 19551 11867 infeasible   54         1.15493    0.44683  61.3%   441  559s
 20142 12193    0.73519   27 1757    1.15493    0.44961  61.1%   443  575s
 20685 12685    1.04074   31 1795    1.15493    0.45030  61.0%   447  595s
 21349 13265    0.68069   32 1948    1.15493    0.45034  61.0%   451  616s
 22125 13668    0.84755   39 1834    1.15493    0.45034  61.0%   455  638s
 23086 14210    1.13706   47 1454    1.15493    0.45281  60.8%   455  660s
 23850 14665    0.83878   38 1652    1.15493    0.45551  60.6%   458  683s
 24537 15170    0.72621   32 1596    1.15493    0.45944  60.2%   462  708s
 25201 15672    0.67379   31 1896    1.15493    0.46131  60.1%   467  735s
 25877 16240    0.66954   29 1563    1.15493    0.46223  60.0%   473  762s
 26679 16901    1.13857   66 1354    1.15493    0.46459  59.8%   477  791s
 27543 17633    0.50647   27 2107    1.15493    0.46499  59.7%   481  822s
 28552 18343     cutoff   59         1.15493    0.46665  59.6%   484  855s
 29374 19344    0.65563   33 1666    1.15493    0.46733  59.5%   488  888s
 30508 20255    1.06188   72 1630    1.15493    0.46779  59.5%   490  922s
 31741 21152     cutoff   59         1.15493    0.46824  59.5%   490  958s
 32884 21573    0.88198   34 1672    1.15493    0.46911  59.4%   492  997s
H32928 21573                       1.1549260    0.46911  59.4%   492  997s
H32937 21573                       1.1549230    0.46911  59.4%   492  997s
H32950 21568                       1.1548455    0.46911  59.4%   492  997s
H33012 21546                       1.1540956    0.46911  59.4%   492  997s
H33373 21544                       1.1540684    0.46911  59.4%   493  997s
 33437 22400    0.76833   34 1646    1.15407    0.46978  59.3%   493 1036s
 34690 23187    0.71302   29 1903    1.15407    0.47142  59.2%   495 1076s
 35805 24008    0.55502   30 1391    1.15407    0.47242  59.1%   499 1120s
 36992 24846    0.88884   36 1806    1.15407    0.47484  58.9%   503 1164s
 38223 25835    0.53172   28 1658    1.15407    0.47616  58.7%   506 1211s
 39542 26835    0.84566   32 1851    1.15407    0.47836  58.6%   509 1261s
 40910 27894    0.77842   37 1673    1.15407    0.47968  58.4%   512 1311s
H42362 27863                       1.1531675    0.48026  58.4%   514 1451s
 42363 27864    0.48632   24 1760    1.15317    0.48026  58.4%   514 1455s
H42368 26473                       1.1524283    0.48026  58.3%   514 1461s
 42372 26476    0.97435   48 2839    1.15243    0.48026  58.3%   514 1465s
H42374 25153                       1.1524283    0.48026  58.3%   514 1471s
H42375 23896                       1.1524283    0.48026  58.3%   514 1472s
 42377 23897    0.54216   30 2873    1.15243    0.48026  58.3%   514 1476s
 42379 23899    0.88293   51 2898    1.15243    0.48026  58.3%   514 1483s
 42380 23899    1.08469   68 2931    1.15243    0.48026  58.3%   514 1486s
 42381 23900    0.83423   38 2959    1.15243    0.48026  58.3%   514 1490s
 42383 23901    0.73795   37 2864    1.15243    0.48026  58.3%   514 1498s
 42384 23902    0.61140   24 2842    1.15243    0.48026  58.3%   514 1501s
 42385 23903    0.63277   32 2802    1.15243    0.48026  58.3%   514 1505s
 42387 23904    0.92063   57 2917    1.15243    0.48026  58.3%   514 1513s
 42388 23905    1.08701   55 2970    1.15243    0.48026  58.3%   514 1516s
 42390 23906    0.49351   23 2964    1.15243    0.48026  58.3%   514 1522s
 42391 23907    0.88873   41 2913    1.15243    0.48026  58.3%   514 1528s
 42392 23907    1.02798   48 2781    1.15243    0.48026  58.3%   514 1530s
 42393 23908    0.48553   22 2848    1.15243    0.48026  58.3%   514 1535s
 42395 23909    0.78669   43 2951    1.15243    0.48026  58.3%   514 1543s
 42396 23910    0.57522   26 2900    1.15243    0.48026  58.3%   514 1547s
 42397 23911    0.66828   31 2794    1.15243    0.48026  58.3%   514 1551s
 42399 23912    0.70962   37 2784    1.15243    0.48026  58.3%   514 1558s
 42400 23913    1.01171   51 2811    1.15243    0.48026  58.3%   514 1563s
 42401 23913    1.00282   46 2857    1.15243    0.48026  58.3%   514 1571s
 42402 23914    0.92152   35 2847    1.15243    0.48026  58.3%   514 1575s
 42403 23915    0.51079   30 2812    1.15243    0.48026  58.3%   514 1581s
 42404 23915    1.13552   78 2762    1.15243    0.48026  58.3%   514 1588s
 42405 23916    0.61510   44 2802    1.15243    0.48026  58.3%   514 1593s
 42406 23917    1.02041   49 2779    1.15243    0.48026  58.3%   514 1597s
 42407 23917    1.08625   69 2686    1.15243    0.48026  58.3%   514 1601s
 42408 23918    0.61603   25 2788    1.15243    0.48026  58.3%   514 1607s
 42409 23919    0.64451   33 2839    1.15243    0.48026  58.3%   514 1613s
 42410 23919    0.55991   31 2847    1.15243    0.48026  58.3%   514 1621s
 42411 23920    0.77890   35 2785    1.15243    0.48026  58.3%   514 1627s
 42412 23921    0.77966   32 2836    1.15243    0.48026  58.3%   514 1633s
 42413 23921    1.07693   53 2838    1.15243    0.48026  58.3%   514 1638s
 42414 23922    0.80117   55 2852    1.15243    0.48026  58.3%   514 1644s
 42415 23923    1.06370   66 2761    1.15243    0.48026  58.3%   514 1648s
 42416 23923    0.71404   46 2838    1.15243    0.48026  58.3%   514 1654s
 42417 23924    1.07295   50 2809    1.15243    0.48026  58.3%   514 1658s
 42418 23925    0.86284   49 2810    1.15243    0.48026  58.3%   514 1663s
 42419 23925    0.83125   43 2817    1.15243    0.48026  58.3%   514 1667s
 42420 23926    1.14648   49 2807    1.15243    0.48026  58.3%   514 1671s
 42421 23927    0.83617   39 2782    1.15243    0.48026  58.3%   514 1675s
 42422 23927    1.02790   50 2768    1.15243    0.48026  58.3%   514 1680s
 42424 23929    0.71066   36 2764    1.15243    0.48026  58.3%   514 1689s
 42425 23929    0.55347   25 2777    1.15243    0.48026  58.3%   514 1694s
 42426 23930    0.95248   37 2798    1.15243    0.48026  58.3%   514 1699s
 42427 23931    1.05531   62 2785    1.15243    0.48026  58.3%   514 1702s
 42428 23931    1.11543   57 2687    1.15243    0.48026  58.3%   514 1708s
 42429 23932    1.03828   61 2791    1.15243    0.48026  58.3%   513 1712s
 42430 23933    0.55930   28 2803    1.15243    0.48026  58.3%   513 1719s
 42431 23933    1.11079   60 2814    1.15243    0.48026  58.3%   513 1725s
 42432 23934    0.49755   20 2807    1.15243    0.48026  58.3%   513 1731s
 42433 23935    0.84439   27 2781    1.15243    0.48026  58.3%   513 1737s
 42434 23935    0.93354   45 2804    1.15243    0.48026  58.3%   513 1741s
 42435 23936    1.14998  108 2837    1.15243    0.48026  58.3%   513 1747s
 42436 23937    0.55768   30 2726    1.15243    0.48026  58.3%   513 1752s
 42437 23937    1.07154   59 2810    1.15243    0.48026  58.3%   513 1758s
 42438 23938    1.01096   39 2717    1.15243    0.48026  58.3%   513 1766s
 42439 23939    1.13163   71 2729    1.15243    0.48026  58.3%   513 1771s
 42440 23939    1.12852   58 2719    1.15243    0.48026  58.3%   513 1775s
 42441 23940    0.49283   22 2733    1.15243    0.48026  58.3%   513 1781s
 42442 23941    0.89496   47 2722    1.15243    0.48026  58.3%   513 1786s
 42443 23941    0.51698   29 2713    1.15243    0.48026  58.3%   513 1791s
 42444 23942    0.76071   40 2724    1.15243    0.48026  58.3%   513 1796s

Cutting planes:
  Gomory: 473
  Implied bound: 23
  MIR: 41
  Flow cover: 188
  Inf proof: 8
  Zero half: 9
  RLT: 27
  BQP: 5

Explored 42445 nodes (22325011 simplex iterations) in 1800.06 seconds (2972.27 work units)
Thread count was 16 (of 16 available processors)

Solution count 10: 1.15243 1.15243 1.15243 ... 1.15493

Time limit reached
Warning: max constraint violation (1.1539e-03) exceeds tolerance
Warning: max general constraint violation (1.1539e-03) exceeds tolerance
         (model may be infeasible or unbounded - try turning presolve off)
Best objective 1.152428230670e+00, best bound 4.802552206274e-01, gap 58.3267%
