
Gurobi 9.5.0 (linux64) logging started Mon 14 Nov 2022 01:38:46 PM PST

Set parameter LogFile to value "experiments/t_2_theta_0.6/gurobi.1668461925.log"
Set parameter LogToConsole to value 0
Set parameter TimeLimit to value 1800
Set parameter Threads to value 16
Gurobi Optimizer version 9.5.0 build v9.5.0rc5 (linux64)
Thread count: 8 physical cores, 16 logical processors, using up to 16 threads
Optimize a model with 340 rows, 1428 columns and 5305 nonzeros
Model fingerprint: 0xec28eb47
Model has 3425 quadratic objective terms
Model has 150 quadratic constraints
Model has 2 general constraints
Variable types: 85 continuous, 1343 integer (1343 binary)
Coefficient statistics:
  Matrix range     [1e+00, 1e+01]
  QMatrix range    [1e+00, 1e+00]
  QLMatrix range   [1e+00, 1e+00]
  Objective range  [0e+00, 0e+00]
  QObjective range [5e-05, 3e+01]
  Bounds range     [1e+00, 8e+02]
  RHS range        [1e+00, 1e+02]
Presolve added 57 rows and 1173 columns
Presolve time: 0.08s
Presolved: 4764 rows, 4797 columns, 36202 nonzeros
Variable types: 1286 continuous, 3511 integer (3415 binary)

Root relaxation: objective -9.521273e-13, 5261 iterations, 0.28 seconds (0.29 work units)

    Nodes    |    Current Node    |     Objective Bounds      |     Work
 Expl Unexpl |  Obj  Depth IntInf | Incumbent    BestBd   Gap | It/Node Time

     0     0    0.00000    0 3458          -    0.00000      -     -    0s
     0     0    0.03203    0 3392          -    0.03203      -     -    1s
     0     0    0.03203    0 3386          -    0.03203      -     -    1s
     0     0    0.04897    0 3338          -    0.04897      -     -    1s
     0     0    0.04947    0 3334          -    0.04947      -     -    1s
     0     0    0.05667    0 3330          -    0.05667      -     -    2s
H    0     0                     130.5748439    0.05667   100%     -    2s
     0     0    0.05667    0 3308  130.57484    0.05667   100%     -    2s
H    0     0                     101.7399963    0.05673   100%     -    2s
H    0     0                      22.7935106    0.05673   100%     -    2s
     0     2    0.05673    0 3308   22.79351    0.05673   100%     -    3s
H   29    44                       3.1317925    0.07088  97.7%   611    5s
H   37    44                       3.0443603    0.07110  97.7%   848    5s
H   77    88                       2.5217890    0.07120  97.2%   887   12s
H   79    88                       2.2281855    0.07120  96.8%   913   12s
H  141   146                       1.8698150    0.07120  96.2%   766   17s
H  143   146                       1.7265447    0.07120  95.9%   762   17s
H  144   146                       1.6837458    0.07120  95.8%   762   17s
   433   481    0.49090   19 1752    1.68375    0.07120  95.8%   561   20s
H 1139  1170                       1.6106716    0.07120  95.6%   314   23s
H 1142  1170                       1.5967095    0.07120  95.5%   314   23s
  1746  1760    1.11008   69  640    1.59671    0.07120  95.5%   234   25s
H 2248  2093                       1.5898016    0.07120  95.5%   214   27s
H 2280  2086                       1.5868063    0.07120  95.5%   212   27s
H 2284  2083                       1.5846928    0.07120  95.5%   213   27s
H 2285  2077                       1.5767603    0.07120  95.5%   213   27s
H 2298  2077                       1.5756873    0.07120  95.5%   214   27s
H 2519  2224                       1.5413893    0.07163  95.4%   226   31s
H 2523  2127                       1.4741236    0.07163  95.1%   227   31s
H 2525  1982                       1.4027363    0.07163  94.9%   227   31s
H 2875  2144                       1.3284550    0.07163  94.6%   247   41s
H 2877  2030                       1.3177135    0.07163  94.6%   246   42s
H 2880  1930                       1.3155799    0.07220  94.5%   246   44s
  2883  1932    0.54943   29 3140    1.31558    0.08392  93.6%   246   45s
H 2883  1835                       1.3144419    0.08392  93.6%   246   45s
H 2886  1745                       1.3135284    0.09958  92.4%   246   46s
H 2887  1658                       1.3121676    0.10431  92.1%   246   47s
H 2888  1576                       1.3098209    0.10552  91.9%   246   47s
H 2888  1497                       1.3077856    0.10552  91.9%   246   47s
H 2888  1422                       1.3056793    0.11062  91.5%   246   47s
H 2889  1351                       1.2994142    0.11132  91.4%   245   48s
H 2890  1283                       1.2988540    0.11132  91.4%   245   49s
H 2890  1219                       1.2980066    0.11132  91.4%   245   49s
H 2892  1160                       1.2919009    0.11406  91.2%   245   49s
  2894  1161    0.56912   28 3090    1.29190    0.11490  91.1%   245   50s
H 2897  1104                       1.2892576    0.11529  91.1%   245   51s
H 2898  1049                       1.2747530    0.11540  90.9%   245   51s
H 2906  1001                       1.2701337    0.11651  90.8%   244   54s
  2908  1002    0.53763   23 3090    1.27013    0.11660  90.8%   244   55s
H 2938   982                       1.2699321    0.24543  80.7%   264   61s
H 2949   931                       1.2681485    0.28624  77.4%   269   61s
H 2951   884                       1.2639042    0.28624  77.4%   269   61s
  2986   918    0.47055   22 2198    1.26390    0.28624  77.4%   279   65s
  3040   954    0.54380   25 2080    1.26390    0.28624  77.4%   291   73s
H 3049   908                       1.2639042    0.28624  77.4%   295   73s
  3076   938    0.65812   28 1988    1.26390    0.28624  77.4%   302   75s
  3121   965    0.75029   30 1826    1.26390    0.28624  77.4%   311   84s
H 3129   922                       1.2629430    0.28624  77.3%   313   84s
  3145   940    0.79992   32 1891    1.26294    0.28624  77.3%   317   85s
  3293  1047    1.09776   37 1939    1.26294    0.28624  77.3%   335   90s
  3440  1074     cutoff   43         1.26294    0.30575  75.8%   350   95s
  3567  1126    0.63523   25 2253    1.26294    0.30575  75.8%   367  100s
  3726  1210    0.95347   32 1976    1.26294    0.30575  75.8%   380  105s
  3944  1333     cutoff   49         1.26294    0.30575  75.8%   390  111s
  4103  1389     cutoff   51         1.26294    0.32199  74.5%   397  115s
H 4166  1401                       1.2550696    0.32199  74.3%   401  117s
H 4197  1351                       1.2454458    0.32199  74.1%   402  117s
  4353  1468    0.56321   26 2113    1.24545    0.32199  74.1%   404  121s
  4565  1510    0.83345   34 2199    1.24545    0.32199  74.1%   406  126s
  4729  1597    1.08783   42 2352    1.24545    0.32199  74.1%   417  132s
  4900  1635    0.48006   27 2180    1.24545    0.32538  73.9%   425  139s
H 4927  1602                       1.2454458    0.32538  73.9%   427  139s
  4939  1683    0.51402   28 2116    1.24545    0.32538  73.9%   428  141s
  5165  1886    1.00999   41 2107    1.24545    0.32538  73.9%   435  147s
  5293  1928    1.20272   46 2018    1.24545    0.32839  73.6%   437  151s
  5405  1940    0.45489   20 2497    1.24545    0.32839  73.6%   443  165s
H 5407  1931                       1.2407899    0.32839  73.5%   443  165s
H 5411  1931                       1.2407899    0.32839  73.5%   444  165s
H 5421  1931                       1.2407899    0.32839  73.5%   445  165s
  5528  2071    0.62418   23 2590    1.24079    0.32839  73.5%   453  174s
  5633  2183    0.81174   27 2546    1.24079    0.32839  73.5%   458  177s
  5785  2274    1.09329   34 2411    1.24079    0.32839  73.5%   461  181s
  5904  2316     cutoff   41         1.24079    0.32839  73.5%   467  198s
  5968  2352    1.22382   44 1836    1.24079    0.32839  73.5%   472  203s
  6059  2435    0.88275   38 2050    1.24079    0.32839  73.5%   475  208s
  6184  2512    0.99743   40 2040    1.24079    0.32839  73.5%   481  213s
  6305  2596    1.12772   45 2071    1.24079    0.32839  73.5%   489  219s
  6422  2699     cutoff   51         1.24079    0.32839  73.5%   497  235s
  6547  2814     cutoff   50         1.24079    0.32839  73.5%   501  240s
  6712  2903     cutoff   51         1.24079    0.32839  73.5%   507  246s
  6879  2972    1.23390   51 1449    1.24079    0.32839  73.5%   513  253s
  7009  3076     cutoff   51         1.24079    0.36370  70.7%   522  260s
  7154  3227    0.68762   24 2197    1.24079    0.36370  70.7%   531  266s
  7335  3380    0.97311   33 2289    1.24079    0.36370  70.7%   537  273s
  7562  3464     cutoff   45         1.24079    0.36370  70.7%   540  281s
  7730  3578     cutoff   45         1.24079    0.39310  68.3%   549  289s
  7872  3742    0.58614   25 2221    1.24079    0.39758  68.0%   557  296s
  8063  3895    1.07454   32 2139    1.24079    0.39758  68.0%   563  304s
  8270  4074    1.05649   34 2033    1.24079    0.39758  68.0%   568  312s
  8512  4209    0.72925   32 2089    1.24079    0.39758  68.0%   572  321s
  8724  4352    1.10315   45 2146    1.24079    0.41922  66.2%   578  331s
  8941  4472    0.47476   22 2428    1.24079    0.41922  66.2%   585  341s
  9142  4640    0.71864   25 2121    1.24079    0.41922  66.2%   593  350s
  9387  4800    1.08445   35 1740    1.24079    0.41922  66.2%   598  360s
  9674  4925    1.19978   40 1706    1.24079    0.43208  65.2%   600  371s
  9907  5135    0.65094   23 2411    1.24079    0.43208  65.2%   605  383s
 10187  5312    0.84448   28 2574    1.24079    0.43208  65.2%   609  395s
 10465  5502    1.08048   42 1885    1.24079    0.44942  63.8%   613  408s
 10732  5720    0.62769   26 2298    1.24079    0.45000  63.7%   618  421s
 10988  5893     cutoff   45         1.24079    0.45601  63.2%   624  434s
H11247  5887                       1.2387610    0.45601  63.2%   631  582s
 11266  6096    0.94630   31 2294    1.23876    0.46352  62.6%   631  595s
 11614  6311    0.65704   29 1899    1.23876    0.46352  62.6%   636  610s
 11896  6592    1.17358   45 1718    1.23876    0.46717  62.3%   643  624s
 12258  6878    0.93302   32 2181    1.23876    0.46798  62.2%   646  639s
 12673  7054    0.63790   27 2154    1.23876    0.46798  62.2%   649  656s
 12983  7335    1.19420   45 1705    1.23876    0.47024  62.0%   656  674s
 13355  7566    0.80916   33 2127    1.23876    0.47590  61.6%   659  692s
 13742  7832    0.66028   26 2253    1.23876    0.47967  61.3%   663  713s
 14036  8182    0.95892   37 2085    1.23876    0.47967  61.3%   672  734s
 14431  8506    1.20716   48 1737    1.23876    0.48111  61.2%   678  754s
 14889  8755    1.14413   44 2048    1.23876    0.48143  61.1%   681  775s
 15314  9043    0.96172   33 2068    1.23876    0.48288  61.0%   686  798s
 15733  9323    0.93694   33 2054    1.23876    0.48895  60.5%   691  823s
 16162  9441    0.74597   25 2292    1.23876    0.48895  60.5%   697  848s
H16299  9441                       1.2387610    0.48895  60.5%   700  848s
H16317  9441                       1.2387610    0.48895  60.5%   700  848s
H16320  9441                       1.2387610    0.48895  60.5%   700  848s
 16412  9638     cutoff   44         1.23876    0.49020  60.4%   702  873s
 16894  9915    0.84132   26 2198    1.23876    0.49135  60.3%   707  898s
 17393 10162    1.19643   40 1870    1.23876    0.49357  60.2%   712  924s
 17855 10469    0.61369   25 2088    1.23876    0.49520  60.0%   719  954s
 18343 10841    0.86259   30 2235    1.23876    0.50407  59.3%   726  986s
 18899 11261     cutoff   43         1.23876    0.50479  59.3%   730 1018s
 19500 11617    0.75034   28 2040    1.23876    0.50766  59.0%   733 1051s
 20053 12022    1.13928   44 1823    1.23876    0.51135  58.7%   739 1087s
 20736 12512    1.21528   44 1872    1.23876    0.51559  58.4%   741 1132s
 21486 12999    1.04164   37 2012    1.23876    0.51785  58.2%   746 1178s
 22296 13632     cutoff   37         1.23876    0.52021  58.0%   749 1224s
 23076 14248    0.94746   38 2150    1.23876    0.52390  57.7%   754 1268s
 23906 14696    0.71420   27 2576    1.23876    0.52462  57.6%   759 1315s
 24602 15366 infeasible   36         1.23876    0.52730  57.4%   762 1370s
 25458 16064    1.11626   34 1956    1.23876    0.52995  57.2%   769 1423s
 26458 16687    0.67367   26 2180    1.23876    0.53165  57.1%   771 1481s
 27425 17228    0.97163   41 1903    1.23876    0.53468  56.8%   774 1543s
 28321 17760    1.22222   57 1534    1.23876    0.53975  56.4%   780 1607s
 29173 18451    1.23720   53 1483    1.23876    0.54209  56.2%   788 1673s
 30291 19036    1.17953   44 2025    1.23876    0.54688  55.9%   790 1741s
H31086 19036                       1.2387609    0.54869  55.7%   794 1741s
 31245 19435    1.12217   38 2338    1.23876    0.54942  55.6%   794 1800s

Cutting planes:
  Gomory: 625
  Implied bound: 2
  MIR: 44
  StrongCG: 6
  Flow cover: 44
  Inf proof: 7
  Zero half: 45
  RLT: 42
  Relax-and-lift: 2

Explored 31880 nodes (25408288 simplex iterations) in 1800.08 seconds (2675.25 work units)
Thread count was 16 (of 16 available processors)

Solution count 10: 1.23876 1.23876 1.23876 ... 1.24545

Time limit reached
Warning: max constraint violation (2.1661e-04) exceeds tolerance
Warning: max general constraint violation (2.1661e-04) exceeds tolerance
Best objective 1.238760996839e+00, best bound 5.526117742779e-01, gap 55.3900%
