
Gurobi 9.5.0 (linux64) logging started Tue 15 Nov 2022 06:20:22 PM PST

Set parameter LogFile to value "experiments/t_4_theta_0.45/gurobi.1668565221.log"
Set parameter LogToConsole to value 0
Set parameter TimeLimit to value 1800
Set parameter Threads to value 16
Gurobi Optimizer version 9.5.0 build v9.5.0rc5 (linux64)
Thread count: 8 physical cores, 16 logical processors, using up to 16 threads
Optimize a model with 342 rows, 1488 columns and 5363 nonzeros
Model fingerprint: 0x9e6314db
Model has 3475 quadratic objective terms
Model has 300 quadratic constraints
Model has 4 general constraints
Variable types: 95 continuous, 1393 integer (1393 binary)
Coefficient statistics:
  Matrix range     [1e+00, 1e+01]
  QMatrix range    [1e+00, 1e+00]
  QLMatrix range   [1e+00, 1e+00]
  Objective range  [0e+00, 0e+00]
  QObjective range [3e-05, 2e+01]
  Bounds range     [1e+00, 8e+02]
  RHS range        [1e+00, 1e+02]
Presolve added 56 rows and 1414 columns
Presolve time: 0.04s
Presolved: 5174 rows, 5340 columns, 39068 nonzeros
Variable types: 1628 continuous, 3712 integer (3527 binary)

Root relaxation: objective 1.421085e-13, 6186 iterations, 0.27 seconds (0.27 work units)

    Nodes    |    Current Node    |     Objective Bounds      |     Work
 Expl Unexpl |  Obj  Depth IntInf | Incumbent    BestBd   Gap | It/Node Time

     0     0    0.00000    0 3508          -    0.00000      -     -    0s
     0     0    0.02165    0 3509          -    0.02165      -     -    1s
     0     0    0.08148    0 3145          -    0.08148      -     -    2s
     0     0    0.08148    0 3145          -    0.08148      -     -    2s
     0     0    0.08957    0 3085          -    0.08957      -     -    2s
     0     0    0.08964    0 3067          -    0.08964      -     -    2s
     0     0    0.09142    0 3128          -    0.09142      -     -    3s
     0     0    0.09178    0 3122          -    0.09178      -     -    3s
     0     0    0.09274    0 3079          -    0.09274      -     -    3s
H    0     0                     128.2316474    0.09274   100%     -    3s
     0     0    0.09274    0 3054  128.23165    0.09274   100%     -    4s
H    0     0                      69.4382292    0.09276   100%     -    4s
H    0     0                      54.5274260    0.09276   100%     -    4s
     0     2    0.09276    0 3039   54.52743    0.09276   100%     -    4s
     3     8    0.17737    2 2963   54.52743    0.09962   100%   786    5s
H   31    46                      39.8944055    0.18580   100%  1179    7s
H   79    94                      10.1959421    0.18586  98.2%   783   10s
H   86    94                      10.0908656    0.18586  98.2%   755   10s
H   90    94                       9.9167202    0.18586  98.1%   740   10s
H   98   116                       9.9155116    0.19448  98.0%   750   11s
   403   427    7.98645   36 1071    9.91551    0.19448  98.0%   561   16s
H  438   443                       2.3268637    0.19448  91.6%   536   20s
H  439   443                       2.1294177    0.19448  90.9%   535   20s
* 1499  1475             145       2.0666897    0.19481  90.6%   269   24s
H 1500  1475                       2.0642784    0.19481  90.6%   269   24s
* 1748  1729             146       2.0622823    0.19481  90.6%   235   24s
* 1750  1729             146       2.0421296    0.19481  90.5%   235   24s
* 1751  1729             146       2.0397183    0.19481  90.4%   235   24s
  1882  2017    0.60834  102  198    2.03972    0.19481  90.4%   221   25s
H 2812  2714                       1.8985927    0.19481  89.7%   161   26s
H 2910  2706                       1.8847261    0.19481  89.7%   157   26s
H 3617  3387                       1.8767576    0.19577  89.6%   142   28s
  4112  3871    0.56369   22 1736    1.87676    0.19577  89.6%   145   30s
H 5933  5289                       1.6354542    0.19577  88.0%   130   34s
  6054  5480    1.19355   60  945    1.63545    0.19577  88.0%   129   35s
H 6600  5449                       1.5694919    0.19577  87.5%   124   36s
H 6705  5185                       1.4956266    0.19577  86.9%   126   44s
  6706  5169    1.24922  184 1737    1.49563    0.19577  86.9%   126   45s
H 6707  4911                       1.4675299    0.19577  86.7%   126   46s
H 6707  4665                       1.4495166    0.19577  86.5%   126   46s
H 6709  4433                       1.4485201    0.19577  86.5%   126   47s
H 6710  4212                       1.4388759    0.19577  86.4%   125   47s
H 6714  4003                       1.4311948    0.19577  86.3%   125   49s
H 6716  3805                       1.4298103    0.19577  86.3%   125   49s
H 6717  3614                       1.4279876    0.19577  86.3%   125   50s
H 6717  3434                       1.3582184    0.19577  85.6%   125   50s
H 6718  3263                       1.3245421    0.19577  85.2%   125   50s
H 6720  3100                       1.2501142    0.19577  84.3%   125   51s
H 6720  2945                       1.2447996    0.19577  84.3%   125   51s
H 6720  2797                       1.2416512    0.19577  84.2%   125   51s
H 6720  2657                       1.2361248    0.19577  84.2%   125   51s
H 6721  2525                       1.2347456    0.19577  84.1%   125   51s
H 6721  2398                       1.2332284    0.19577  84.1%   125   51s
H 6721  2278                       1.2277978    0.19577  84.1%   125   51s
H 6721  2164                       1.2276466    0.19577  84.1%   125   51s
H 6724  2057                       1.2248137    0.19577  84.0%   125   52s
  6728  2063    0.20773   10 2846    1.22481    0.19577  84.0%   129   55s
H 6762  1992                       1.2229559    0.28868  76.4%   138   59s
H 6763  1894                       1.2188433    0.28868  76.3%   138   59s
  6774  1906    0.36018   14 2478    1.21884    0.28868  76.3%   140   60s
  6806  1928    0.45614   15 2157    1.21884    0.29145  76.1%   145   66s
H 6807  1834                       1.2126188    0.29145  76.0%   145   66s
H 6809  1745                       1.2013483    0.29145  75.7%   146   66s
H 6810  1660                       1.1978826    0.29145  75.7%   146   66s
H 6863  1620                       1.1951200    0.29145  75.6%   150   75s
H 6864  1543                       1.1944846    0.29145  75.6%   150   75s
H 6865  1471                       1.1935791    0.29145  75.6%   151   75s
H 6867  1401                       1.1932352    0.29145  75.6%   151   75s
H 6870  1335                       1.1686921    0.29145  75.1%   151   75s
  7091  1472    0.56846   24 2053    1.16869    0.29145  75.1%   166   80s
  7334  1563    0.63770   30 2066    1.16869    0.29145  75.1%   184   86s
  7503  1652    0.54704   34 1889    1.16869    0.29145  75.1%   199   90s
  7703  1765    0.62683   42 1433    1.16869    0.29145  75.1%   212   95s
  7969  1942    0.70793   51 1600    1.16869    0.29145  75.1%   227  101s
  8227  2077    0.78125   57 1500    1.16869    0.29145  75.1%   239  106s
  8423  2157    0.92871   64 1650    1.16869    0.29145  75.1%   247  110s
  8701  2310    0.31570   15 2513    1.16869    0.31570  73.0%   262  116s
  8902  2360    0.51396   19 2176    1.16869    0.31572  73.0%   271  120s
  9187  2461    0.39627   23 1940    1.16869    0.31572  73.0%   288  127s
  9402  2554    0.46001   27 1837    1.16869    0.31572  73.0%   298  132s
  9517  2626    0.49690   28 1962    1.16869    0.31572  73.0%   302  135s
  9772  2751    0.60663   34 1995    1.16869    0.31572  73.0%   312  141s
  9913  2735    0.87367   37 1908    1.16869    0.31572  73.0%   317  145s
H 9949  2661                       1.1683696    0.31572  73.0%   319  145s
H 9973  2584                       1.1634834    0.31572  72.9%   320  145s
 10068  2762     cutoff   41         1.16348    0.31572  72.9%   325  151s
 10212  2886    1.14524   42 1774    1.16348    0.31572  72.9%   329  155s
 10515  3057    0.41373   19 2191    1.16348    0.35230  69.7%   341  163s
 10655  3173    0.56725   24 1843    1.16348    0.35230  69.7%   346  167s
 10783  3271    0.65887   34 1769    1.16348    0.35230  69.7%   351  172s
 10919  3425    0.81378   44 1747    1.16348    0.35230  69.7%   357  176s
 11101  3547 infeasible   68         1.16348    0.36767  68.4%   362  181s
H11156  3546                       1.1633322    0.36767  68.4%   364  181s
 11286  3645    0.59448   19 2218    1.16333    0.36767  68.4%   368  186s
 11422  3754    0.69591   25 2290    1.16333    0.36767  68.4%   375  192s
 11575  3896    0.84338   31 2171    1.16333    0.36767  68.4%   380  197s
 11734  4057    0.98476   37 1782    1.16333    0.36767  68.4%   385  203s
 11931  4148     cutoff   47         1.16333    0.37990  67.3%   389  209s
 12079  4257    0.80838   20 2115    1.16333    0.37990  67.3%   395  214s
 12289  4422    0.97599   30 1948    1.16333    0.37990  67.3%   400  220s
H12374  4420                       1.1632063    0.37990  67.3%   403  220s
 12464  4570    1.14654   37 1806    1.16321    0.38040  67.3%   405  227s
 12651  4637    0.52149   19 2080    1.16321    0.38040  67.3%   411  234s
H12657  4634                       1.1624523    0.38040  67.3%   411  234s
 12761  4824    0.67913   25 2309    1.16245    0.38040  67.3%   414  241s
 13022  4968    1.00619   40 1870    1.16245    0.39016  66.4%   419  248s
 13227  5140    0.47647   25 1924    1.16245    0.39930  65.7%   424  256s
 13407  5332    0.68519   39 1864    1.16245    0.39930  65.7%   432  264s
 13633  5552    1.16079   55 1586    1.16245    0.39992  65.6%   439  272s
 13917  5762    0.48489   29 2000    1.16245    0.40092  65.5%   444  281s
 14209  6014    0.58682   33 1929    1.16245    0.40092  65.5%   450  290s
 14496  6217    0.71870   36 1972    1.16245    0.40092  65.5%   455  299s
 14799  6375    0.85827   40 2039    1.16245    0.40092  65.5%   461  309s
 15021  6546    0.90381   44 1843    1.16245    0.40092  65.5%   469  319s
 15225  6725    1.07922   48 1502    1.16245    0.40094  65.5%   476  330s
 15472  6956    0.54625   22 2561    1.16245    0.40094  65.5%   483  341s
H15741  6895                       1.1503149    0.40094  65.1%   491  450s
 15759  6911    1.12841   36 1877    1.15031    0.40094  65.1%   491  464s
H15764  6911                       1.1503149    0.40094  65.1%   491  464s
H15781  6911                       1.1503149    0.40094  65.1%   491  464s
H15784  6911                       1.1503149    0.40094  65.1%   491  464s
 15791  7145     cutoff   37         1.15031    0.40422  64.9%   492  476s
 16102  7335    0.75462   27 1929    1.15031    0.40422  64.9%   499  487s
 16462  7542 infeasible   39         1.15031    0.41425  64.0%   505  500s
 16796  7735    0.57100   27 2004    1.15031    0.41425  64.0%   512  514s
 17061  8039    0.61291   30 2037    1.15031    0.41425  64.0%   521  527s
 17376  8381    0.76364   35 1971    1.15031    0.41425  64.0%   529  540s
 17777  8725    0.98693   47 1671    1.15031    0.41425  64.0%   535  554s
 18230  8987    1.12278   55 1471    1.15031    0.42324  63.2%   540  570s
 18626  9237    0.95743   42 1743    1.15031    0.42397  63.1%   547  586s
 19068  9426    1.08826   50 1459    1.15031    0.42695  62.9%   553  602s
 19519  9689    0.69121   32 1945    1.15031    0.42699  62.9%   558  618s
 19938  9934    0.66490   22 2277    1.15031    0.42734  62.9%   565  634s
 20311 10266     cutoff   32         1.15031    0.42949  62.7%   569  653s
 20757 10744    0.74316   29 1958    1.15031    0.42949  62.7%   576  679s
 21305 11219    0.90632   34 2021    1.15031    0.42949  62.7%   587  708s
 21905 11688    0.96724   39 1849    1.15031    0.42949  62.7%   599  735s
 22634 11992    1.14121   52 1353    1.15031    0.43387  62.3%   606  761s
 23484 12402    0.56262   26 1862    1.15031    0.43462  62.2%   611  789s
 24160 12874    0.55783   25 1879    1.15031    0.43720  62.0%   615  817s
 24883 13369    0.64000   36 1835    1.15031    0.43933  61.8%   618  845s
 25602 13926    1.04064   27 2397    1.15031    0.44053  61.7%   623  877s
 26340 14405     cutoff   46         1.15031    0.44185  61.6%   628  909s
 27070 14943    0.63676   33 1947    1.15031    0.44445  61.4%   634  943s
 27889 15442    1.12179   48 1881    1.15031    0.44635  61.2%   639  978s
 28599 15978    0.72011   26 2051    1.15031    0.44720  61.1%   645 1016s
 29403 16402    0.59178   31 1821    1.15031    0.44919  61.0%   651 1055s
H29585 16402                       1.1503149    0.44957  60.9%   651 1055s
H29830 16402                       1.1503148    0.44957  60.9%   653 1055s
 30015 16956    0.83379   42 1900    1.15031    0.45016  60.9%   654 1099s
 30881 17557    0.67350   31 1901    1.15031    0.45319  60.6%   659 1142s
 31728 18199    1.08559   46 1882    1.15031    0.45360  60.6%   664 1189s
 32693 18961    0.71853   33 2133    1.15031    0.45417  60.5%   669 1237s
 33630 19902    0.83496   41 1709    1.15031    0.45725  60.2%   676 1287s
 34822 20620    1.11879   45 1990    1.15031    0.45755  60.2%   682 1341s
 35722 21644    0.70871   36 1832    1.15031    0.45908  60.1%   692 1394s
 37025 22430    1.11343   56 1902    1.15031    0.45931  60.1%   697 1451s
 38164 23233    1.12793   52 1743    1.15031    0.46023  60.0%   701 1512s
 39294 24388    1.00229   43 1738    1.15031    0.46227  59.8%   708 1574s
 40782 25368    0.80048   30 2145    1.15031    0.46302  59.7%   711 1640s
 42025 25369    0.94546   44 1734    1.15031    0.46439  59.6%   719 1785s
H42027 24101                       1.1503148    0.46439  59.6%   719 1787s
 42031 24104    0.64134   27 3080    1.15031    0.46439  59.6%   719 1791s
 42033 24105    0.83132   36 3090    1.15031    0.46439  59.6%   719 1795s

Cutting planes:
  Gomory: 254
  Implied bound: 1
  MIR: 30
  Flow cover: 116
  Inf proof: 4
  Zero half: 6
  RLT: 31
  Relax-and-lift: 4
  BQP: 8

Explored 42036 nodes (30292772 simplex iterations) in 1800.01 seconds (2714.14 work units)
Thread count was 16 (of 16 available processors)

Solution count 10: 1.15031 1.15031 1.15031 ... 1.16837

Time limit reached
Warning: max constraint violation (8.4894e-04) exceeds tolerance
Warning: max general constraint violation (8.4894e-04) exceeds tolerance
Best objective 1.150314952393e+00, best bound 4.643930068696e-01, gap 59.6291%
