
Gurobi 9.5.0 (linux64) logging started Wed 16 Nov 2022 04:09:48 AM PST

Set parameter LogFile to value "experiments/t_5_theta_0.5/gurobi.1668600587.log"
Set parameter LogToConsole to value 0
Set parameter TimeLimit to value 1800
Set parameter Threads to value 16
Gurobi Optimizer version 9.5.0 build v9.5.0rc5 (linux64)
Thread count: 8 physical cores, 16 logical processors, using up to 16 threads
Optimize a model with 343 rows, 1518 columns and 5392 nonzeros
Model fingerprint: 0xd95d7b38
Model has 3500 quadratic objective terms
Model has 375 quadratic constraints
Model has 5 general constraints
Variable types: 100 continuous, 1418 integer (1418 binary)
Coefficient statistics:
  Matrix range     [1e+00, 1e+01]
  QMatrix range    [1e+00, 1e+00]
  QLMatrix range   [1e+00, 1e+00]
  Objective range  [0e+00, 0e+00]
  QObjective range [4e-05, 2e+01]
  Bounds range     [1e+00, 8e+02]
  RHS range        [1e+00, 1e+02]
Presolve added 77 rows and 1523 columns
Presolve time: 0.04s
Presolved: 5349 rows, 5568 columns, 40602 nonzeros
Variable types: 1785 continuous, 3783 integer (3565 binary)

Root relaxation: objective 4.547474e-13, 6335 iterations, 0.35 seconds (0.35 work units)

    Nodes    |    Current Node    |     Objective Bounds      |     Work
 Expl Unexpl |  Obj  Depth IntInf | Incumbent    BestBd   Gap | It/Node Time

     0     0    0.00000    0 3499          -    0.00000      -     -    0s
     0     0    0.02415    0 3523          -    0.02415      -     -    1s
     0     0    0.08523    0 3078          -    0.08523      -     -    2s
     0     0    0.08536    0 3081          -    0.08536      -     -    2s
     0     0    0.09172    0 3059          -    0.09172      -     -    2s
     0     0    0.09172    0 3059          -    0.09172      -     -    2s
     0     0    0.09461    0 3030          -    0.09461      -     -    2s
     0     0    0.09462    0 3032          -    0.09462      -     -    3s
     0     0    0.09514    0 3059          -    0.09514      -     -    3s
H    0     0                     144.1466676    0.09514   100%     -    3s
     0     0    0.09514    0 3013  144.14667    0.09514   100%     -    3s
H    0     0                      35.5879803    0.09515   100%     -    4s
H    0     0                      19.1830907    0.09515   100%     -    4s
H    0     2                      19.1625448    0.09515   100%     -    4s
     0     2    0.09515    0 3010   19.16254    0.09515   100%     -    4s
     3     8    0.11700    2 2887   19.16254    0.10565  99.4%   705    5s
H   33    48                      19.1580058    0.10842  99.4%   369    5s
H   36    48                      19.1140242    0.10842  99.4%   389    5s
H   38    48                      11.0336371    0.10845  99.0%   385    5s
H   79    92                      10.5704568    0.10845  99.0%   695    8s
H   79    92                       2.4939419    0.10845  95.7%   695    8s
H   82    92                       2.4885096    0.10845  95.6%   710    8s
H   89    92                       2.4418226    0.10846  95.6%   728    8s
H   90    92                       2.3571532    0.10846  95.4%   724    8s
H   92    92                       2.3225429    0.10846  95.3%   725    8s
H   98    99                       2.3200350    0.10846  95.3%   701    8s
   197   188    0.40337   13 1841    2.32003    0.10846  95.3%   657   10s
H  349   332                       2.0853471    0.10846  94.8%   519   15s
H  350   332                       1.9280438    0.10846  94.4%   517   15s
H  353   332                       1.5895360    0.10846  93.2%   517   15s
H  371   379                       1.5054000    0.10846  92.8%   505   16s
H  374   379                       1.4834921    0.10846  92.7%   503   16s
H  376   379                       1.4597420    0.10846  92.6%   502   16s
H  396   379                       1.3461987    0.10846  91.9%   487   16s
  1362  1416    0.77184   70  344    1.34620    0.10846  91.9%   233   20s
H 1521  1530                       1.3326281    0.10846  91.9%   216   20s
H 1551  1529                       1.3316016    0.10846  91.9%   213   20s
H 1553  1527                       1.3294748    0.10846  91.8%   213   20s
H 1566  1527                       1.3281357    0.10846  91.8%   211   20s
H 2660  2505                       1.3128555    0.10846  91.7%   157   23s
H 2763  2505                       1.3102934    0.10846  91.7%   156   23s
  3646  3517     cutoff  142         1.31029    0.10949  91.6%   141   25s
H 3854  3638                       1.3029845    0.10949  91.6%   139   25s
H 4534  4033                       1.2757258    0.10949  91.4%   133   31s
H 4540  3828                       1.2724290    0.10949  91.4%   132   34s
  4544  3831    0.46520   12 2765    1.27243    0.12100  90.5%   132   35s
H 4546  3640                       1.2693876    0.12420  90.2%   132   36s
H 4546  3458                       1.2577477    0.12420  90.1%   132   36s
H 4547  3286                       1.2576661    0.12468  90.1%   132   37s
H 4547  3121                       1.2435667    0.12468  90.0%   132   37s
H 4547  2965                       1.2413121    0.12468  90.0%   132   37s
H 4550  2818                       1.2393386    0.13060  89.5%   132   38s
H 4551  2678                       1.2299185    0.13100  89.3%   132   39s
H 4552  2544                       1.2264195    0.13287  89.2%   132   39s
  4554  2546    1.12599  149 2830    1.22642    0.13402  89.1%   132   40s
H 4554  2418                       1.2252867    0.13402  89.1%   132   40s
H 4555  2297                       1.2252349    0.20250  83.5%   132   41s
  4560  2301    1.15803  159 2830    1.22523    0.20422  83.3%   132   45s
H 4560  2185                       1.2203931    0.20567  83.1%   132   45s
H 4560  2076                       1.2201522    0.20567  83.1%   132   45s
H 4565  1974                       1.2164604    0.21328  82.5%   132   50s
H 4567  1876                       1.2135356    0.21328  82.4%   132   52s
H 4567  1782                       1.2078077    0.21328  82.3%   132   52s
  4569  1787    0.22532   12 2444    1.20781    0.21328  82.3%   144   55s
  4583  1810    0.43300   15 2733    1.20781    0.23518  80.5%   152   60s
H 4599  1731                       1.2063772    0.24601  79.6%   161   64s
H 4603  1644                       1.2063481    0.24601  79.6%   164   64s
H 4614  1560                       1.2005351    0.24601  79.5%   171   64s
  4615  1575    0.53672   16 2425    1.20054    0.24601  79.5%   173   66s
H 4647  1520                       1.2005351    0.24601  79.5%   185   72s
H 4648  1446                       1.1940088    0.24601  79.4%   185   72s
  4682  1476    0.51587   18 2460    1.19401    0.24601  79.4%   195   75s
H 4704  1415                       1.1860894    0.24601  79.3%   199   87s
H 4708  1347                       1.1839189    0.24601  79.2%   201   87s
  4777  1415    0.63568   21 2180    1.18392    0.24601  79.2%   216   90s
  4947  1537    0.68882   25 1846    1.18392    0.24601  79.2%   232   95s
  5230  1679    0.71535   28 1369    1.18392    0.24601  79.2%   248  100s
  5406  1772    0.78919   32 1389    1.18392    0.24601  79.2%   260  105s
H 5629  1770                       1.1839188    0.24601  79.2%   271  114s
H 5656  1701                       1.1832889    0.24601  79.2%   274  114s
  5657  1766    0.76998   37 1421    1.18329    0.24601  79.2%   274  115s
  5903  1908    0.82731   42 1464    1.18329    0.24601  79.2%   285  133s
  5976  1974    0.86549   44 1462    1.18329    0.24601  79.2%   287  136s
  6213  2121    0.93857   53 1343    1.18329    0.24601  79.2%   295  141s
  6474  2250    0.95418   62 1214    1.18329    0.24601  79.2%   301  145s
  6749  2377    1.06911   70 1143    1.18329    0.24601  79.2%   307  151s
  7023  2516    1.15028   82  935    1.18329    0.24601  79.2%   316  157s
  7178  2612    1.18029   96  744    1.18329    0.32592  72.5%   320  161s
  7516  2740    0.51800   19 2156    1.18329    0.32592  72.5%   327  168s
  7662  2807    0.64513   21 2135    1.18329    0.32592  72.5%   332  172s
  7817  2884    0.80249   27 2052    1.18329    0.32592  72.5%   338  176s
  7973  2968    0.90678   33 2127    1.18329    0.32592  72.5%   342  180s
  8109  2989    1.05401   39 1862    1.18329    0.32592  72.5%   347  187s
H 8114  2988                       1.1820463    0.32592  72.4%   347  187s
H 8119  2983                       1.1789696    0.32592  72.4%   347  187s
  8130  3132    1.05413   40 1839    1.17897    0.32592  72.4%   349  192s
  8316  3332    0.73726   44 1422    1.17897    0.32592  72.4%   353  196s
  8531  3512    0.93634   53 1657    1.17897    0.32592  72.4%   356  201s
  8762  3686     cutoff   94         1.17897    0.33798  71.3%   358  206s
  8971  3875    0.52265   17 2173    1.17897    0.33798  71.3%   362  211s
  9173  4053    0.56726   20 2125    1.17897    0.33798  71.3%   365  216s
H 9218  4053                       1.1789405    0.33798  71.3%   365  216s
  9401  4218    0.72605   25 1624    1.17894    0.33798  71.3%   368  222s
  9595  4448    0.92830   37 1099    1.17894    0.33798  71.3%   374  227s
  9848  4605    1.14887   53  949    1.17894    0.34369  70.8%   376  234s
 10082  4819    0.51220   18 2288    1.17894    0.34370  70.8%   380  240s
 10314  5037    0.54159   21 2114    1.17894    0.34370  70.8%   384  247s
H10515  5036                       1.1779982    0.34370  70.8%   386  247s
 10582  5176    0.58484   24 1961    1.17800    0.34370  70.8%   387  254s
 10791  5291    0.61280   28 1540    1.17800    0.34370  70.8%   393  263s
 10931  5442    0.80910   38 1811    1.17800    0.34370  70.8%   402  270s
 11094  5584    1.14130   54 1329    1.17800    0.41588  64.7%   408  278s
 11254  5772    0.48802   18 2127    1.17800    0.41588  64.7%   416  286s
 11499  5954    0.53659   21 2014    1.17800    0.41588  64.7%   422  295s
 11711  6130    0.58236   24 1928    1.17800    0.41588  64.7%   428  303s
 11939  6310    0.66944   30 1582    1.17800    0.41588  64.7%   434  312s
 12214  6499    0.86230   43 1448    1.17800    0.41588  64.7%   438  321s
 12443  6711    1.12333   58 1188    1.17800    0.42458  64.0%   444  331s
 12719  6915    0.52177   22 2022    1.17800    0.43253  63.3%   450  342s
 12980  7046    0.72214   28 1605    1.17800    0.43253  63.3%   456  351s
H12994  7043                       1.1767754    0.43253  63.2%   457  351s
 13129  7228    0.87170   37 1931    1.17678    0.43615  62.9%   462  363s
 13382  7393    0.53014   19 2263    1.17678    0.43615  62.9%   469  375s
 13631  7641    0.57085   23 2135    1.17678    0.43615  62.9%   477  385s
 13926  7874    0.62009   26 1929    1.17678    0.43615  62.9%   482  396s
H14196  7795                       1.1684950    0.43615  62.7%   488  476s
H14212  7581                       1.1569971    0.43615  62.3%   489  476s
 14216  7848    0.75509   37 1588    1.15700    0.43615  62.3%   489  487s
 14509  8107    1.11217   61 1079    1.15700    0.44699  61.4%   495  499s
 14843  8341    0.50688   24 1946    1.15700    0.44699  61.4%   501  513s
 15139  8517    0.66918   34 1427    1.15700    0.44817  61.3%   507  526s
 15402  8749    0.51032   22 1729    1.15700    0.44817  61.3%   515  540s
 15721  9064    0.68660   31 1767    1.15700    0.44817  61.3%   521  554s
 16114  9313    1.15436   55 1090    1.15700    0.45963  60.3%   527  570s
H16462  9328                       1.1569971    0.46026  60.2%   533  605s
H16470  9309                       1.1557435    0.46026  60.2%   534  605s
H16473  9286                       1.1552621    0.46026  60.2%   534  605s
 16479  9542    0.71161   23 2177    1.15526    0.46026  60.2%   534  621s
 16850  9766    1.06910   33 1886    1.15526    0.46218  60.0%   540  639s
 17150 10104    0.55955   19 2126    1.15526    0.46233  60.0%   547  658s
 17556 10378    0.66001   24 1822    1.15526    0.46233  60.0%   551  677s
 17950 10589    0.76510   37 1463    1.15526    0.46233  60.0%   556  697s
 18279 10867    1.14468   59 1537    1.15526    0.46912  59.4%   561  716s
 18694 11111    0.64070   30 1844    1.15526    0.47035  59.3%   564  738s
 19066 11402    0.57685   23 1989    1.15526    0.47035  59.3%   570  761s
 19459 11625    0.91578   40 1517    1.15526    0.47274  59.1%   576  785s
 19747 11943    0.50897   25 1522    1.15526    0.47324  59.0%   586  807s
 20092 12280    0.64069   31 1482    1.15526    0.47324  59.0%   596  831s
 20514 12650    0.69189   36 1395    1.15526    0.47324  59.0%   604  863s
 21041 13229    0.88682   49 1579    1.15526    0.47562  58.8%   611  904s
 21776 13808    0.53046   25 2034    1.15526    0.47706  58.7%   614  945s
 22561 14324    0.61199   28 1933    1.15526    0.48097  58.4%   619  985s
 23278 14681    0.60087   29 1641    1.15526    0.48509  58.0%   625 1030s
 23819 15511    0.55887   22 1694    1.15526    0.48513  58.0%   639 1072s
 24699 16314    0.95520   44 1375    1.15526    0.48644  57.9%   649 1120s
 25698 17244    0.64572   35 1276    1.15526    0.48684  57.9%   656 1166s
 26695 17992    1.02012   62 1377    1.15526    0.48854  57.7%   662 1216s
 27633 18827    0.67552   37 1353    1.15526    0.49114  57.5%   671 1268s
 28546 19494    0.79918   24 1920    1.15526    0.49153  57.5%   680 1322s
 29410 20512    0.76289   41 1556    1.15526    0.49153  57.5%   689 1372s
 30539 21273    1.13526   87  876    1.15526    0.49333  57.3%   693 1429s
H30896 21273                       1.1552621    0.49449  57.2%   693 1429s
 31557 21945     cutoff   59         1.15526    0.49529  57.1%   694 1491s
 32481 22856    0.52967   24 1686    1.15526    0.49562  57.1%   702 1553s
H32520 22806                       1.1535239    0.49562  57.0%   703 1553s
 33517 23591    0.92709   39 1900    1.15352    0.49614  57.0%   710 1622s
 34649 24316    0.91835   53 1419    1.15352    0.50003  56.7%   713 1695s
H34734 24316                       1.1535238    0.50003  56.7%   713 1695s
 35715 25512    0.62268   28 1304    1.15352    0.50233  56.5%   718 1765s
 37132 26009    1.14991   80 1149    1.15352    0.50285  56.4%   719 1800s

Cutting planes:
  Gomory: 840
  Cover: 3
  Implied bound: 6
  MIR: 163
  StrongCG: 13
  Flow cover: 605
  Inf proof: 8
  Zero half: 66
  RLT: 54
  Relax-and-lift: 8
  BQP: 17

Explored 37831 nodes (27236156 simplex iterations) in 1800.02 seconds (3230.30 work units)
Thread count was 16 (of 16 available processors)

Solution count 10: 1.15352 1.15352 1.15526 ... 1.17897

Time limit reached
Warning: max constraint violation (1.1546e-03) exceeds tolerance
Warning: max general constraint violation (1.1546e-03) exceeds tolerance
         (model may be infeasible or unbounded - try turning presolve off)
Best objective 1.153523869000e+00, best bound 5.040111478435e-01, gap 56.3068%
