
Gurobi 9.5.0 (linux64) logging started Sat 19 Nov 2022 02:53:23 AM PST

Set parameter LogFile to value "experiments/t_10_theta_1.0/gurobi.1668855202.log"
Set parameter LogToConsole to value 0
Set parameter TimeLimit to value 1800
Set parameter Threads to value 16
Gurobi Optimizer version 9.5.0 build v9.5.0rc5 (linux64)
Thread count: 8 physical cores, 16 logical processors, using up to 16 threads
Optimize a model with 348 rows, 1668 columns and 5537 nonzeros
Model fingerprint: 0xa3ef8c52
Model has 3375 quadratic objective terms
Model has 750 quadratic constraints
Model has 10 general constraints
Variable types: 125 continuous, 1543 integer (1543 binary)
Coefficient statistics:
  Matrix range     [1e+00, 1e+01]
  QMatrix range    [1e+00, 1e+00]
  QLMatrix range   [1e+00, 1e+00]
  Objective range  [0e+00, 0e+00]
  QObjective range [7e+06, 4e+12]
  Bounds range     [1e+00, 8e+02]
  RHS range        [1e+00, 1e+02]
Warning: Model contains large quadratic objective coefficients
         Consider reformulating model or setting NumericFocus parameter
         to avoid numerical issues.
Presolve added 0 rows and 1978 columns
Presolve removed 8 rows and 0 columns
Presolve time: 0.02s
Presolved: 5784 rows, 6368 columns, 19472 nonzeros
Presolved model has 10 SOS constraint(s)
Variable types: 2320 continuous, 4048 integer (3735 binary)

Root relaxation: objective 6.640625e-02, 7614 iterations, 0.33 seconds (0.28 work units)

    Nodes    |    Current Node    |     Objective Bounds      |     Work
 Expl Unexpl |  Obj  Depth IntInf | Incumbent    BestBd   Gap | It/Node Time

     0     0    0.06250    0 3496          -    0.06250      -     -    0s
     0     0 4.4875e+09    0 3531          - 4.4875e+09      -     -    1s
     0     0 1.2243e+10    0 2963          - 1.2243e+10      -     -    1s
     0     0 1.2374e+10    0 3002          - 1.2374e+10      -     -    1s
     0     0 1.3680e+10    0 2900          - 1.3680e+10      -     -    2s
     0     0 1.3684e+10    0 2910          - 1.3684e+10      -     -    2s
     0     0 1.4542e+10    0 2918          - 1.4542e+10      -     -    2s
H    0     0                    1.864721e+13 1.4542e+10   100%     -    2s
     0     0 1.4542e+10    0 2895 1.8647e+13 1.4542e+10   100%     -    2s
H    0     0                    1.245136e+13 1.4552e+10   100%     -    2s
H    0     0                    9.416072e+12 1.4552e+10   100%     -    2s
     0     2 1.4552e+10    0 2895 9.4161e+12 1.4552e+10   100%     -    2s
H   27    32                    6.369650e+12 3.6258e+10  99.4%   488    4s
H   40    32                    3.380832e+12 3.6263e+10  98.9%   365    4s
H   75    80                    3.368151e+12 3.6498e+10  98.9%   371    4s
H   75    80                    3.031359e+11 3.6498e+10  88.0%   371    4s
    91   100 5.9707e+10    7 2086 3.0314e+11 3.6503e+10  88.0%   402    5s
H  127   132                    2.900165e+11 3.6526e+10  87.4%   383    5s
H  129   132                    2.889458e+11 3.6526e+10  87.4%   382    5s
H  134   132                    2.887367e+11 3.6526e+10  87.3%   393    5s
H  138   132                    2.555618e+11 3.6526e+10  85.7%   386    5s
H  331   343                    2.292071e+11 3.6538e+10  84.1%   577    8s
H  332   343                    2.215508e+11 3.6538e+10  83.5%   577    8s
H  336   343                    1.959708e+11 3.6538e+10  81.4%   580    8s
H  351   343                    1.794288e+11 3.6538e+10  79.6%   569    8s
H  389   388                    1.573895e+11 3.6538e+10  76.8%   562    9s
H  390   388                    1.529224e+11 3.6538e+10  76.1%   562    9s
H  394   388                    1.377487e+11 3.6538e+10  73.5%   564    9s
   455   456 7.4868e+10   13 1832 1.3775e+11 3.6538e+10  73.5%   552   10s
H  673   655                    1.270650e+11 3.6538e+10  71.2%   483   11s
H  679   655                    1.228520e+11 3.6538e+10  70.3%   481   11s
H  689   655                    1.124523e+11 3.6538e+10  67.5%   475   11s
H  704   664                    1.036822e+11 3.6538e+10  64.8%   473   12s
H  714   664                    1.028756e+11 3.6538e+10  64.5%   471   12s
H  716   664                    1.001749e+11 3.6538e+10  63.5%   471   12s
  1214  1108 8.9472e+10   84  243 1.0017e+11 3.6538e+10  63.5%   401   15s
H 1682  1488                    9.970564e+10 3.6538e+10  63.4%   358   17s
H 1697  1398                    9.701208e+10 3.6538e+10  62.3%   358   17s
  2115  1593 9.5947e+10   55 1904 9.7012e+10 3.6699e+10  62.2%   319   23s
  2122  1598 8.0400e+10   36 2817 9.7012e+10 3.6699e+10  62.2%   318   25s
H 2131  1523                    9.701208e+10 3.6699e+10  62.2%   317   26s
H 2135  1448                    9.590196e+10 3.6699e+10  61.7%   316   27s
  2145  1464 4.8750e+10   17 2327 9.5902e+10 3.6699e+10  61.7%   331   30s
H 2169  1412                    9.558683e+10 3.6699e+10  61.6%   339   31s
H 2173  1342                    9.551770e+10 3.6699e+10  61.6%   340   31s
H 2219  1290                    9.376595e+10 3.6699e+10  60.9%   349   33s
  2271  1303 7.9130e+10   23 1641 9.3766e+10 4.4116e+10  53.0%   359   35s
  2383  1324 8.1798e+10   27 1483 9.3766e+10 4.4116e+10  53.0%   380   40s
H 2385  1261                    9.314174e+10 4.4116e+10  52.6%   380   40s
H 2385  1201                    9.305028e+10 4.4116e+10  52.6%   380   40s
  2634  1263 9.0290e+10   33  766 9.3050e+10 4.4116e+10  52.6%   396   45s
  3064  1399     cutoff   54      9.3050e+10 4.8148e+10  48.3%   385   50s
H 3445  1367                    9.305028e+10 4.8148e+10  48.3%   388   54s
  3488  1392 8.9866e+10   27 1130 9.3050e+10 4.8148e+10  48.3%   388   55s
H 3837  1334                    9.305028e+10 4.9181e+10  47.1%   383   59s
  3867  1364 7.1280e+10   23 1979 9.3050e+10 4.9181e+10  47.1%   383   60s
  4362  1411     cutoff   35      9.3050e+10 5.2128e+10  44.0%   377   65s
  4970  1533 8.3082e+10   28 1615 9.3050e+10 6.4018e+10  31.2%   366   70s
H 4975  1385                    9.242607e+10 6.4018e+10  30.7%   366   70s
H 5021  1371                    9.242607e+10 6.4018e+10  30.7%   365   70s
  5222  1467 8.2562e+10   25 1922 9.2426e+10 6.6122e+10  28.5%   363   76s
H 5223  1467                    9.242607e+10 6.6122e+10  28.5%   363   76s
  5718  1605 8.3226e+10   27 1930 9.2426e+10 7.0305e+10  23.9%   357   80s
  5897  1650 8.7475e+10   29 1685 9.2426e+10 7.4370e+10  19.5%   357   85s
  6078  1661 8.7663e+10   26 1924 9.2426e+10 7.4370e+10  19.5%   356   90s
  6367  1744 8.8871e+10   29 1635 9.2426e+10 7.9595e+10  13.9%   353   95s
  7053  1915 9.1341e+10   28 1250 9.2426e+10 8.1624e+10  11.7%   349  101s
  7605  2059 9.1633e+10   42  685 9.2426e+10 8.2230e+10  11.0%   344  105s
  8214  2338 9.1542e+10   35 1104 9.2426e+10 8.2341e+10  10.9%   340  111s
  9132  2519 8.7679e+10   31 1168 9.2426e+10 8.3742e+10  9.40%   326  116s
  9998  2701 9.2146e+10   30 1179 9.2426e+10 8.4525e+10  8.55%   318  122s
 10434  2810 9.2086e+10   34  813 9.2426e+10 8.4848e+10  8.20%   314  125s
 11507  3050 9.0687e+10   33 1027 9.2426e+10 8.5333e+10  7.67%   305  132s
 12089  3207 8.9243e+10   37  802 9.2426e+10 8.5822e+10  7.14%   300  137s
 12757  3419 9.1399e+10   34  725 9.2426e+10 8.6045e+10  6.90%   294  141s
 13498  3502 9.0642e+10   32 1312 9.2426e+10 8.6293e+10  6.64%   287  145s
 14783  3709 8.9734e+10   34  789 9.2426e+10 8.6848e+10  6.03%   280  151s
 15534  3817     cutoff   49      9.2426e+10 8.7192e+10  5.66%   276  156s
 16278  3941     cutoff   40      9.2426e+10 8.7361e+10  5.48%   273  161s
 17128  4130     cutoff   34      9.2426e+10 8.7618e+10  5.20%   268  166s
 18006  4308 9.2309e+10   50  536 9.2426e+10 8.7808e+10  5.00%   263  171s
 19035  4343 9.0541e+10   38  822 9.2426e+10 8.7997e+10  4.79%   257  177s
H19217  4343                    9.242606e+10 8.8070e+10  4.71%   256  177s
 19218  4405     cutoff   39      9.2426e+10 8.8070e+10  4.71%   256  184s
H19266  4405                    9.242606e+10 8.8070e+10  4.71%   256  184s
 19467  4623     cutoff   40      9.2426e+10 8.8081e+10  4.70%   254  189s
 20622  4772     cutoff   46      9.2426e+10 8.8309e+10  4.45%   248  207s
 21393  5455     cutoff   50      9.2426e+10 8.8376e+10  4.38%   245  224s
 25231  5538     cutoff   40      9.2426e+10 8.8958e+10  3.75%   229  230s
H25447  5538                    9.242606e+10 8.8958e+10  3.75%   228  230s
H25811  5538                    9.242606e+10 8.8958e+10  3.75%   226  230s
 25881  5662 9.0628e+10   44  854 9.2426e+10 8.8973e+10  3.74%   226  236s
 27240  5834 9.1275e+10   51  710 9.2426e+10 8.9294e+10  3.39%   222  242s
 28652  6011 9.2299e+10   31  960 9.2426e+10 8.9461e+10  3.21%   217  249s
 30162  6113 9.2019e+10   50  687 9.2426e+10 8.9636e+10  3.02%   212  255s
 31765  6223     cutoff   34      9.2426e+10 8.9810e+10  2.83%   208  262s
 33387  6402 9.2152e+10   38  861 9.2426e+10 8.9950e+10  2.68%   203  268s
 35261  6526 9.1724e+10   43  609 9.2426e+10 9.0074e+10  2.54%   198  275s
 37091  6619 infeasible   38      9.2426e+10 9.0213e+10  2.39%   193  281s
 38877  6628     cutoff   43      9.2426e+10 9.0343e+10  2.25%   189  287s
 40636  6630 infeasible   41      9.2426e+10 9.0446e+10  2.14%   186  294s
 42509  6597 9.1744e+10   37  791 9.2426e+10 9.0552e+10  2.03%   182  301s
 44558  6405 9.1635e+10   51  422 9.2426e+10 9.0670e+10  1.90%   178  314s
 48165  6249     cutoff   53      9.2426e+10 9.0832e+10  1.73%   171  319s
 49751  6040     cutoff   55      9.2426e+10 9.0959e+10  1.59%   169  324s
 51549  5845     cutoff   35      9.2426e+10 9.1053e+10  1.49%   166  329s
 53327  5624 9.2277e+10   50  534 9.2426e+10 9.1148e+10  1.38%   163  333s
 55163  5435     cutoff   53      9.2426e+10 9.1255e+10  1.27%   159  337s
 56985  5203     cutoff   36      9.2426e+10 9.1340e+10  1.18%   157  341s
 58678  4848     cutoff   48      9.2426e+10 9.1414e+10  1.10%   154  345s
 62545  4189 9.1916e+10   57  392 9.2426e+10 9.1591e+10  0.90%   148  353s
 64596  3684     cutoff   64      9.2426e+10 9.1695e+10  0.79%   145  357s
 66534  3122 9.2411e+10   37  928 9.2426e+10 9.1804e+10  0.67%   143  361s
 68470  2504     cutoff   60      9.2426e+10 9.1897e+10  0.57%   140  365s
 71920   797 9.2180e+10   61  392 9.2426e+10 9.2118e+10  0.33%   136  371s

Cutting planes:
  Gomory: 310
  Cover: 6
  Implied bound: 3
  MIR: 18
  StrongCG: 6
  Flow cover: 10
  Zero half: 69
  RLT: 27
  Relax-and-lift: 1

Explored 74695 nodes (9940837 simplex iterations) in 373.57 seconds (547.23 work units)
Thread count was 16 (of 16 available processors)

Solution count 10: 9.24261e+10 9.24261e+10 9.24261e+10 ... 9.3766e+10

Optimal solution found (tolerance 1.00e-04)
Best objective 9.242606902193e+10, best bound 9.242605990231e+10, gap 0.0000%
