
Gurobi 9.5.0 (linux64) logging started Mon 14 Nov 2022 11:06:48 PM PST

Set parameter LogFile to value "experiments/t_1_theta_0.4/gurobi.1668496007.log"
Set parameter LogToConsole to value 0
Set parameter TimeLimit to value 1800
Set parameter Threads to value 16
Gurobi Optimizer version 9.5.0 build v9.5.0rc5 (linux64)
Thread count: 8 physical cores, 16 logical processors, using up to 16 threads
Optimize a model with 339 rows, 1398 columns and 5276 nonzeros
Model fingerprint: 0xc501297f
Model has 3400 quadratic objective terms
Model has 75 quadratic constraints
Model has 1 general constraint
Variable types: 80 continuous, 1318 integer (1318 binary)
Coefficient statistics:
  Matrix range     [1e+00, 1e+01]
  QMatrix range    [1e+00, 1e+00]
  QLMatrix range   [1e+00, 1e+00]
  Objective range  [0e+00, 0e+00]
  QObjective range [3e-05, 2e+01]
  Bounds range     [1e+00, 8e+02]
  RHS range        [1e+00, 1e+02]
Presolve added 0 rows and 1025 columns
Presolve removed 26 rows and 0 columns
Presolve time: 0.02s
Presolved: 2395 rows, 4505 columns, 12202 nonzeros
Presolved model has 1 SOS constraint(s)
Variable types: 1105 continuous, 3400 integer (3375 binary)

Root relaxation: objective 5.523854e-01, 1580 iterations, 0.05 seconds (0.08 work units)

    Nodes    |    Current Node    |     Objective Bounds      |     Work
 Expl Unexpl |  Obj  Depth IntInf | Incumbent    BestBd   Gap | It/Node Time

     0     0    0.55239    0 1319          -    0.55239      -     -    0s
H    0     0                      30.4360132    0.55239  98.2%     -    0s
H    0     0                      23.6856207    0.55239  97.7%     -    0s
H    0     0                      23.3740100    0.59205  97.5%     -    0s
     0     0    0.59205    0 1326   23.37401    0.59205  97.5%     -    0s
H    0     0                      23.3657624    0.66961  97.1%     -    0s
     0     0    0.66961    0 1247   23.36576    0.66961  97.1%     -    0s
     0     0    0.66967    0 1260   23.36576    0.66967  97.1%     -    0s
     0     0    0.67402    0 1228   23.36576    0.67402  97.1%     -    0s
     0     0    0.67421    0 1234   23.36576    0.67421  97.1%     -    0s
     0     0    0.67653    0 1268   23.36576    0.67653  97.1%     -    0s
     0     0    0.67653    0 1266   23.36576    0.67653  97.1%     -    0s
H    0     0                       3.8727805    0.67668  82.5%     -    0s
H    0     0                       3.8276229    0.67668  82.3%     -    0s
     0     2    0.67668    0 1266    3.82762    0.67668  82.3%     -    0s
H   41    56                       3.8257264    0.68027  82.2%   251    1s
H   46    56                       3.7328887    0.68027  81.8%   255    1s
H   46    56                       2.4550236    0.68027  72.3%   255    1s
H   96   100                       2.4267824    0.68027  72.0%   274    1s
H   98   100                       2.4077688    0.68027  71.7%   273    1s
H  103   100                       2.3602894    0.68027  71.2%   266    1s
H  147   157                       2.2668087    0.68027  70.0%   264    1s
H  152   157                       2.2120543    0.68027  69.2%   265    1s
H  155   157                       2.1469981    0.68027  68.3%   267    1s
H  182   191                       2.1435292    0.68027  68.3%   292    2s
H  187   191                       2.1197421    0.68027  67.9%   304    2s
H  188   191                       2.1135489    0.68027  67.8%   304    2s
H  189   191                       2.0830496    0.68027  67.3%   303    2s
H  194   191                       2.0133153    0.68027  66.2%   308    2s
H  196   191                       1.9568811    0.68027  65.2%   309    2s
H  198   207                       1.7866986    0.68027  61.9%   307    3s
H  199   207                       1.7010246    0.68027  60.0%   309    3s
H  203   207                       1.6824710    0.68027  59.6%   308    3s
H  209   207                       1.6571771    0.68027  59.0%   310    3s
H  213   207                       1.6241815    0.68027  58.1%   308    3s
H  414   423                       1.5673620    0.68027  56.6%   266    4s
H  421   423                       1.4175211    0.68027  52.0%   267    4s
H  517   504                       1.3757512    0.68027  50.6%   246    4s
H  663   639                       1.3720591    0.68027  50.4%   230    4s
   705   684    1.05054   19 1008    1.37206    0.68027  50.4%   230    5s
H  998   901                       1.3461291    0.68027  49.5%   216    5s
H  999   901                       1.3094722    0.68027  48.1%   215    5s
H 1003   901                       1.3082085    0.68027  48.0%   215    5s
H 1006   901                       1.3075770    0.68027  48.0%   216    5s
H 1548  1077                       1.2854650    0.68027  47.1%   202    7s
H 1561  1034                       1.2711807    0.68027  46.5%   203    7s
  2107  1377    1.17740   77 1234    1.27118    0.69623  45.2%   207   10s
  2124  1388    1.19223   18 1374    1.27118    0.72434  43.0%   205   15s
H 2135  1327                       1.2677271    0.72466  42.8%   215   18s
  2142  1331    1.17652   19 1378    1.26773    0.73070  42.4%   214   20s
H 2143  1265                       1.2664336    0.73162  42.2%   214   20s
  2157  1279    0.74418   22 1423    1.26643    0.73900  41.6%   222   25s
H 2186  1246                       1.2663922    0.73900  41.6%   233   27s
  2273  1313    0.85863   27 1174    1.26639    0.73900  41.6%   256   30s
H 2345  1296                       1.2663922    0.73900  41.6%   262   31s
H 2346  1237                       1.2662165    0.73900  41.6%   263   31s
H 2347  1182                       1.2657177    0.73900  41.6%   263   31s
H 2353  1128                       1.2649879    0.73900  41.6%   265   31s
H 2395  1110                       1.2648123    0.73900  41.6%   269   35s
H 2401  1061                       1.2574068    0.73900  41.2%   270   35s
H 2415  1011                       1.2572312    0.73900  41.2%   271   35s
  2641  1181    0.81561   35 1228    1.25723    0.73900  41.2%   299   40s
  3107  1432    0.95350   42 1234    1.25723    0.73900  41.2%   322   45s
  3484  1605    0.96484   50 1170    1.25723    0.73900  41.2%   343   51s
  3852  1897    1.01765   57 1174    1.25723    0.73900  41.2%   346   55s
  4494  2287    1.06808   82  967    1.25723    0.73900  41.2%   348   60s
  5227  2835    1.22484  127  781    1.25723    0.73900  41.2%   346   65s
  5812  3332    0.94319   28 1351    1.25723    0.73900  41.2%   355   71s
  6364  3807    1.19264   61 1303    1.25723    0.73900  41.2%   358   82s
H 6369  3684                       1.2413597    0.73900  40.5%   359   82s
  6703  3870    0.86989   30 1297    1.24136    0.73900  40.5%   363   85s
  7154  4283    1.01600   53 1229    1.24136    0.73900  40.5%   371   91s
  7578  4549    0.77476   37 1247    1.24136    0.74096  40.3%   375   95s
  7854  4870    0.91653   46 1271    1.24136    0.74096  40.3%   380  101s
  8266  5180    0.87531   33 1319    1.24136    0.74357  40.1%   387  106s
  8754  5563    0.84126   35 1291    1.24136    0.76705  38.2%   392  111s
  9232  5920    1.00690   63 1175    1.24136    0.76705  38.2%   399  117s
  9493  6154     cutoff   91         1.24136    0.76871  38.1%   402  120s
 10120  6710    1.17170   93  787    1.24136    0.76908  38.0%   405  127s
 10527  6947    0.77029   31 1349    1.24136    0.76911  38.0%   404  130s
 11155  7436    1.23343   59 1036    1.24136    0.77041  37.9%   409  138s
 11498  7723    0.96368   37 1304    1.24136    0.77041  37.9%   410  142s
 11909  8001    1.14965   57 1119    1.24136    0.77217  37.8%   410  146s
 12314  8246    0.84841   36 1377    1.24136    0.77522  37.6%   411  150s
 12616  8551    0.86809   39 1303    1.24136    0.77522  37.6%   415  155s
 13411  9160    1.11824   52 1280    1.24136    0.77735  37.4%   421  164s
 13875  9411    0.92488   35 1320    1.24136    0.78710  36.6%   423  170s
H13959  9396                       1.2407224    0.78710  36.6%   424  170s
H14157  9396                       1.2406976    0.78710  36.6%   424  170s
 14165  9763    1.04099   43 1285    1.24070    0.78710  36.6%   424  175s
 14670 10110    1.19564   58 1280    1.24070    0.78886  36.4%   424  180s
 15092 10369    0.94484   36 1329    1.24070    0.78886  36.4%   427  186s
 15490 10660    1.07463   40 1296    1.24070    0.78886  36.4%   431  192s
 15920 10909    1.20167   48 1176    1.24070    0.78886  36.4%   435  199s
H16151 10369                       1.2214776    0.78886  35.4%   437  199s
 16265 10665     cutoff   56         1.22148    0.79013  35.3%   439  206s
 16706 10918    0.95343   44 1246    1.22148    0.79014  35.3%   443  215s
 16995 11228    1.08775   59 1175    1.22148    0.79196  35.2%   446  222s
H17007 11209                       1.2206155    0.79196  35.1%   446  222s
 17447 11606    0.95951   39 1276    1.22062    0.79767  34.7%   449  230s
 17977 11926    1.14505   65 1202    1.22062    0.79822  34.6%   452  237s
 18426 12318    0.95229   37 1286    1.22062    0.79822  34.6%   458  245s
 18873 12751    1.06623   46 1162    1.22062    0.79970  34.5%   465  253s
 19514 13163    1.11246   43 1183    1.22062    0.80146  34.3%   469  262s
 20067 13562    1.01422   44 1246    1.22062    0.80333  34.2%   472  271s
 20657 14013    1.10176   45 1240    1.22062    0.80530  34.0%   476  280s
 21313 14197    1.10286   46 1233    1.22062    0.80882  33.7%   480  295s
H21338 14193                       1.2205114    0.80882  33.7%   480  295s
H21503 14186                       1.2204399    0.80882  33.7%   481  295s
 21589 14698    1.01279   47 1175    1.22044    0.81060  33.6%   482  307s
H21635 14698                       1.2204399    0.81060  33.6%   482  307s
 22271 15236    1.14102   56 1156    1.22044    0.81425  33.3%   484  318s
 23024 15717    0.96667   33 1277    1.22044    0.81480  33.2%   488  329s
 23719 16325    1.21274   43 1188    1.22044    0.81624  33.1%   495  341s
 24616 17118    0.91903   38 1206    1.22044    0.81978  32.8%   498  352s
 25661 18009    1.15540   60 1227    1.22044    0.82387  32.5%   499  365s
 26832 18965    1.02175   51 1184    1.22044    0.82525  32.4%   499  377s
 28089 19755     cutoff   66         1.22044    0.82949  32.0%   497  390s
 29214 20740    0.96196   38 1344    1.22044    0.83114  31.9%   497  403s
 30528 21534    0.96254   31 1173    1.22044    0.83561  31.5%   497  416s
 31700 22546    1.09992   49 1079    1.22044    0.83805  31.3%   499  429s
 33104 23378    1.03150   37 1355    1.22044    0.84053  31.1%   498  443s
 34407 24101    1.19263   57 1188    1.22044    0.84249  31.0%   499  460s
 35508 24464    1.12819   51 1200    1.22044    0.84575  30.7%   498  479s
 35986 25386 infeasible   35         1.22044    0.84687  30.6%   499  495s
 37504 26338    1.01325   49 1225    1.22044    0.84984  30.4%   499  512s
 39022 27296    1.04073   46 1294    1.22044    0.85241  30.2%   501  529s
 40521 28909    1.10371   49 1196    1.22044    0.85368  30.1%   504  547s
 42614 30188    1.14963   81  872    1.22044    0.85619  29.8%   501  565s
 44502 31723    0.98064   42 1238    1.22044    0.85825  29.7%   500  582s
 46454 32906    1.13541   53 1206    1.22044    0.86038  29.5%   499  598s
 48331 34239    0.93841   47 1234    1.22044    0.86254  29.3%   498  615s
 50154 34969    1.04360   46 1185    1.22044    0.86545  29.1%   496  631s
 51557 36002    1.03337   46 1052    1.22044    0.86684  29.0%   498  647s
 53264 37081    1.19935   54 1184    1.22044    0.86864  28.8%   497  664s
 54862 38295    1.14808   60  992    1.22044    0.87141  28.6%   497  680s
 56556 38948     cutoff   41         1.22044    0.87472  28.3%   496  700s
 57657 40496    1.06653   43 1251    1.22044    0.87617  28.2%   497  716s
 59636 42276    0.98845   42 1244    1.22044    0.87785  28.1%   495  732s
 61911 43303    1.10350   67  926    1.22044    0.87938  27.9%   492  750s
 63375 44404    1.18177   58 1136    1.22044    0.88015  27.9%   490  765s
 65092 45417    1.12643   54 1196    1.22044    0.88128  27.8%   489  781s
 66599 46424    1.04283   51 1150    1.22044    0.88404  27.6%   490  796s
 68089 47817    1.00423   36 1264    1.22044    0.88577  27.4%   490  812s
 69868 48790    0.97007   44 1229    1.22044    0.88671  27.3%   490  828s
 71367 49689    1.07960   54 1135    1.22044    0.88905  27.2%   490  844s
 72807 50787    1.17212   49  815    1.22044    0.89070  27.0%   491  859s
 74480 52154    1.00167   52 1225    1.22044    0.89203  26.9%   491  875s
 76446 53204    1.00217   35 1302    1.22044    0.89323  26.8%   489  891s
 78005 54282     cutoff   64         1.22044    0.89444  26.7%   489  906s
 79507 55365     cutoff   64         1.22044    0.89563  26.6%   489  922s
 81094 56519    1.01847   34 1283    1.22044    0.89710  26.5%   489  937s
 82653 57567    1.09984   49 1180    1.22044    0.89767  26.4%   489  953s
 84368 58418    0.98712   37 1227    1.22044    0.89854  26.4%   489  969s
 85672 59337    1.19542   58 1108    1.22044    0.89953  26.3%   489  985s
 87065 60324    1.02848   34 1221    1.22044    0.90066  26.2%   490 1001s
 88615 61492 infeasible   48         1.22044    0.90175  26.1%   491 1017s
 90269 62763    1.19053   64 1216    1.22044    0.90241  26.1%   492 1034s
 91978 63922    1.17925   56 1036    1.22044    0.90314  26.0%   492 1050s
 93656 65179    1.09954   50 1104    1.22044    0.90390  25.9%   492 1065s
 95551 66282    1.15497   71 1018    1.22044    0.90488  25.9%   491 1081s
 97308 66645    1.01742   44 1142    1.22044    0.90616  25.8%   490 1136s
 97813 67893    1.09121   52 1007    1.22044    0.90616  25.8%   490 1154s
 99746 69135    1.09227   38 1267    1.22044    0.90682  25.7%   490 1171s
 101525 70410    1.12170   52  962    1.22044    0.90884  25.5%   490 1187s
 103451 71272 infeasible   45         1.22044    0.90981  25.5%   489 1205s
 104869 72316    1.04380   43 1170    1.22044    0.91040  25.4%   489 1223s
 106440 73362    1.07333   40 1179    1.22044    0.91104  25.4%   489 1240s
 108132 74421    1.02965   48 1191    1.22044    0.91262  25.2%   489 1256s
 109781 75648    1.16799   53 1165    1.22044    0.91352  25.1%   489 1273s
 111620 76750    1.04715   53 1176    1.22044    0.91392  25.1%   489 1288s
 113342 77933    0.95518   43 1134    1.22044    0.91469  25.1%   489 1304s
 115177 78984    1.04255   43 1194    1.22044    0.91558  25.0%   488 1319s
 116875 80245    1.19175   53  967    1.22044    0.91651  24.9%   488 1334s
 118754 81276    1.11885   52 1154    1.22044    0.91714  24.9%   487 1350s
 120357 82353    1.08475   47 1194    1.22044    0.91784  24.8%   487 1365s
 121990 83407    1.20951   43 1121    1.22044    0.91828  24.8%   487 1380s
 123433 84339    0.99395   43 1161    1.22044    0.91871  24.7%   488 1396s
 124826 85357    1.16499   66 1158    1.22044    0.91900  24.7%   488 1412s
 126539 86291    1.16483   56 1106    1.22044    0.91963  24.6%   488 1427s
 128042 87322    1.14054   51 1127    1.22044    0.92049  24.6%   489 1443s
 129677 88408    1.04615   36 1235    1.22044    0.92149  24.5%   489 1458s
 131244 89355    1.17100   92  778    1.22044    0.92184  24.5%   489 1475s
H131468 89278                       1.2199027    0.92184  24.4%   489 1475s
H132733 89664                       1.2198778    0.92252  24.4%   489 1497s
H132978 89664                       1.2198778    0.92252  24.4%   489 1497s
H133148 89664                       1.2198778    0.92252  24.4%   489 1497s
 133260 90700     cutoff   85         1.21988    0.92259  24.4%   489 1514s
 134866 91711    1.18398   56 1103    1.21988    0.92338  24.3%   490 1531s
 136583 93008    1.18878   59 1080    1.21988    0.92431  24.2%   490 1548s
 138512 93984    1.18986   60 1068    1.21988    0.92499  24.2%   490 1564s
 140139 95043    1.06048   49 1184    1.21988    0.92559  24.1%   490 1580s
 141805 96172     cutoff   65         1.21988    0.92659  24.0%   490 1596s
 143627 97444    1.18739   58 1151    1.21988    0.92707  24.0%   490 1612s
 145588 98535    1.03925   53 1177    1.21988    0.92791  23.9%   490 1628s
 147262 99434    1.01024   40 1339    1.21988    0.92830  23.9%   490 1643s
 148732 100570    1.06345   39 1267    1.21988    0.92869  23.9%   490 1659s
 150500 101875    1.02930   41 1058    1.21988    0.92971  23.8%   490 1674s
 152371 103190    1.03301   43 1264    1.21988    0.93029  23.7%   489 1689s
 154127 104180    1.04566   41 1024    1.21988    0.93080  23.7%   489 1704s
 155862 105301    1.09836   40 1155    1.21988    0.93123  23.7%   488 1719s
 157534 106347    1.11786   63 1002    1.21988    0.93173  23.6%   488 1733s
 159094 107266    1.19797   68 1039    1.21988    0.93219  23.6%   488 1748s
 160639 108191    1.18223   63 1120    1.21988    0.93260  23.5%   488 1763s
 162105 109296    1.10990   52 1015    1.21988    0.93314  23.5%   488 1778s
 163767 110526    1.01082   36 1260    1.21988    0.93361  23.5%   488 1794s
 165502 110905     cutoff   55         1.21988    0.93380  23.5%   488 1800s

Cutting planes:
  Gomory: 428
  Cover: 1
  MIR: 75
  StrongCG: 1
  Flow cover: 14
  Zero half: 8
  RLT: 8

Explored 166053 nodes (81074320 simplex iterations) in 1800.01 seconds (3067.07 work units)
Thread count was 16 (of 16 available processors)

Solution count 10: 1.21988 1.21988 1.21988 ... 1.2407

Time limit reached
Warning: max constraint violation (8.5993e-05) exceeds tolerance
Warning: max general constraint violation (8.5993e-05) exceeds tolerance
Best objective 1.219877822496e+00, best bound 9.337960426665e-01, gap 23.4517%
