
Gurobi 9.5.0 (linux64) logging started Tue 15 Nov 2022 04:42:20 PM PST

Set parameter LogFile to value "experiments/t_4_theta_0.8/gurobi.1668559339.log"
Set parameter LogToConsole to value 0
Set parameter TimeLimit to value 1800
Set parameter Threads to value 16
Gurobi Optimizer version 9.5.0 build v9.5.0rc5 (linux64)
Thread count: 8 physical cores, 16 logical processors, using up to 16 threads
Optimize a model with 342 rows, 1488 columns and 5363 nonzeros
Model fingerprint: 0x52adb781
Model has 3475 quadratic objective terms
Model has 300 quadratic constraints
Model has 4 general constraints
Variable types: 95 continuous, 1393 integer (1393 binary)
Coefficient statistics:
  Matrix range     [1e+00, 1e+01]
  QMatrix range    [1e+00, 1e+00]
  QLMatrix range   [1e+00, 1e+00]
  Objective range  [0e+00, 0e+00]
  QObjective range [6e-05, 4e+01]
  Bounds range     [1e+00, 8e+02]
  RHS range        [1e+00, 1e+02]
Presolve added 56 rows and 1414 columns
Presolve time: 0.03s
Presolved: 5174 rows, 5340 columns, 39068 nonzeros
Variable types: 1628 continuous, 3712 integer (3527 binary)

Root relaxation: objective -3.410605e-13, 6697 iterations, 0.34 seconds (0.36 work units)

    Nodes    |    Current Node    |     Objective Bounds      |     Work
 Expl Unexpl |  Obj  Depth IntInf | Incumbent    BestBd   Gap | It/Node Time

     0     0   -0.00000    0 3504          -   -0.00000      -     -    0s
     0     0    0.03701    0 3517          -    0.03701      -     -    1s
     0     0    0.10823    0 3061          -    0.10823      -     -    1s
     0     0    0.10827    0 3065          -    0.10827      -     -    1s
     0     0    0.12121    0 3016          -    0.12121      -     -    2s
     0     0    0.12131    0 3016          -    0.12131      -     -    2s
     0     0    0.13402    0 3020          -    0.13402      -     -    2s
     0     0    0.13675    0 3028          -    0.13675      -     -    2s
     0     0    0.13678    0 3084          -    0.13678      -     -    2s
     0     0    0.13891    0 3086          -    0.13891      -     -    2s
H    0     0                     175.0178106    0.13891   100%     -    2s
     0     0    0.13891    0 3035  175.01781    0.13891   100%     -    3s
H    0     0                      42.9382506    0.13897   100%     -    4s
H    0     0                      42.8128479    0.13897   100%     -    4s
H    0     2                      42.8099319    0.13897   100%     -    4s
     0     2    0.13897    0 3028   42.80993    0.13897   100%     -    4s
    13    20    0.29789    4 2822   42.80993    0.15139   100%  1022    5s
H   42    46                      29.7403467    0.26057  99.1%  1072    6s
H   42    46                      29.5829529    0.26057  99.1%  1072    6s
H   43    46                      29.3911391    0.26057  99.1%  1065    6s
H   44    46                       3.3753973    0.26057  92.3%  1049    6s
H   89    90                       2.6132084    0.26057  90.0%   940    8s
H   90    90                       2.5149092    0.26057  89.6%   932    8s
H   98    90                       2.4443999    0.26057  89.3%   928    8s
H  104    90                       2.2842264    0.26057  88.6%   888    8s
H  106   112                       2.2539017    0.26057  88.4%   890    9s
   173   180    0.46742    8 2524    2.25390    0.26057  88.4%   756   10s
H  250   246                       1.9848153    0.26057  86.9%   667   13s
H  251   246                       1.9023227    0.26057  86.3%   668   13s
H  252   246                       1.6739599    0.26057  84.4%   668   13s
H  262   246                       1.5889619    0.26057  83.6%   665   13s
   385   406    0.73651   12 2045    1.58896    0.26057  83.6%   568   15s
  1392  1322    0.89602   51  446    1.58896    0.26057  83.6%   309   20s
H 2307  2038                       1.5785133    0.26057  83.5%   222   25s
H 2309  1935                       1.5599451    0.26057  83.3%   222   26s
H 2309  1838                       1.5497386    0.26057  83.2%   222   27s
H 2311  1747                       1.5398594    0.26057  83.1%   222   28s
H 2312  1660                       1.5373980    0.26057  83.1%   222   28s
H 2313  1577                       1.5352626    0.26057  83.0%   222   28s
H 2313  1498                       1.4989613    0.26057  82.6%   222   29s
H 2314  1424                       1.4635227    0.26057  82.2%   221   29s
H 2314  1353                       1.4619964    0.26057  82.2%   221   29s
H 2316  1286                       1.4552321    0.26057  82.1%   221   30s
H 2318  1223                       1.4519465    0.26057  82.1%   221   30s
H 2319  1162                       1.4408446    0.26057  81.9%   221   30s
H 2320  1105                       1.4358905    0.26057  81.9%   221   31s
H 2320  1049                       1.4330342    0.26057  81.8%   221   31s
H 2321   997                       1.4226361    0.26057  81.7%   221   31s
H 2321   947                       1.4123058    0.26057  81.6%   221   31s
H 2321   900                       1.4029031    0.26057  81.4%   221   31s
H 2321   855                       1.4011126    0.26057  81.4%   221   31s
H 2322   812                       1.3972199    0.26057  81.4%   221   32s
H 2322   771                       1.3566065    0.26057  80.8%   221   32s
H 2323   733                       1.3422605    0.26057  80.6%   221   32s
H 2324   697                       1.2785858    0.26057  79.6%   221   32s
H 2324   662                       1.2450698    0.26057  79.1%   221   32s
  2332   667    1.24507   21 2896    1.24507    0.30043  75.9%   220   35s
H 2332   633                       1.2073917    0.30331  74.9%   220   36s
H 2332   601                       1.2060505    0.30331  74.9%   220   36s
H 2332   570                       1.2024256    0.30331  74.8%   220   36s
H 2332   541                       1.1989371    0.30331  74.7%   220   36s
H 2335   518                       1.1949466    0.30386  74.6%   232   38s
  2338   523    0.59193   11 2694    1.19495    0.34086  71.5%   239   41s
  2366   554    0.65839   14 2228    1.19495    0.50663  57.6%   259   46s
H 2368   527                       1.1924756    0.50663  57.5%   260   46s
H 2369   502                       1.1880453    0.50663  57.4%   261   46s
H 2414   511                       1.1853152    0.50663  57.3%   287   56s
H 2419   486                       1.1815222    0.50663  57.1%   290   56s
H 2420   465                       1.1465758    0.50663  55.8%   290   56s
H 2425   443                       1.1275167    0.50663  55.1%   290   56s
  2454   481    0.86115   16 1974    1.12752    0.50663  55.1%   301   65s
H 2459   460                       1.1082031    0.50663  54.3%   303   65s
H 2462   441                       1.1052311    0.50663  54.2%   304   65s
H 2466   422                       1.0966362    0.50663  53.8%   304   65s
  2613   519    0.94593   20 1427    1.09664    0.50663  53.8%   326   70s
  2853   621    1.00453   28  860    1.09664    0.50663  53.8%   340   75s
  3175   785    1.06193   44  524    1.09664    0.50663  53.8%   348   80s
H 3487  1025                       1.0955506    0.54800  50.0%   352   85s
H 3557  1025                       1.0955506    0.54800  50.0%   350   85s
  4035  1518    0.92248   29  858    1.09555    0.54800  50.0%   343   91s
H 4575  1916                       1.0918428    0.54925  49.7%   326   95s
H 4624  1899                       1.0881351    0.57691  47.0%   327   95s
  4968  2184    0.60221   17 1771    1.08814    0.60221  44.7%   329  100s
  5502  2658    0.70483   19 1758    1.08814    0.62146  42.9%   322  105s
H 5876  2698                       1.0807249    0.62146  42.5%   316  107s
  6108  3155    0.75277   21 1327    1.08072    0.62146  42.5%   315  111s
  7026  3734    0.90916   50  671    1.08072    0.62146  42.5%   297  117s
H 7141  3733                       1.0805936    0.62146  42.5%   296  117s
  7531  4169    1.03157   81  497    1.08059    0.65641  39.3%   293  121s
  8035  4581    0.81457   20 1643    1.08059    0.68770  36.4%   292  125s
  8757  5085    0.75504   19 1623    1.08059    0.69875  35.3%   283  130s
  9438  5611    0.74244   22 1495    1.08059    0.71321  34.0%   279  136s
 10199  6265    0.87893   38  751    1.08059    0.72162  33.2%   274  141s
 11088  6939    0.79286   19 1564    1.08059    0.72597  32.8%   267  148s
 11561  6952    0.95960   40  703    1.08059    0.72597  32.8%   265  176s
H11564  6939                       1.0799227    0.72597  32.8%   265  176s
H11567  6819                       1.0730150    0.72597  32.3%   265  176s
 11580  7174    0.97126   41  720    1.07301    0.73284  31.7%   265  180s
 12445  8058    0.95279   18 2004    1.07301    0.73284  31.7%   262  187s
 12982  8411    0.99001   20 1685    1.07301    0.73284  31.7%   259  191s
 13480  8687    1.05932   26 1482    1.07301    0.73628  31.4%   257  195s
 14227  9002    0.92681   30 1286    1.07301    0.73628  31.4%   260  213s
H14228  8987                       1.0722222    0.73628  31.3%   260  213s
 14271  9371    0.94192   33 1058    1.07222    0.73628  31.3%   261  217s
 14783  9758    1.05428   39  923    1.07222    0.73632  31.3%   260  222s
 15340 10198    1.06212   66  531    1.07222    0.74287  30.7%   259  226s
 15957 10621    1.02405   50  662    1.07222    0.74471  30.5%   257  231s
 16518 11192    1.01145   51  858    1.07222    0.74560  30.5%   257  235s
 17259 11718    1.06152   54  756    1.07222    0.74617  30.4%   254  240s
 18002 12159    0.95965   17 1794    1.07222    0.74991  30.1%   252  245s
 18615 12719    1.04501   26 1567    1.07222    0.75045  30.0%   252  250s
 19375 13309     cutoff   31         1.07222    0.75277  29.8%   250  255s
 20180 13913    0.84028   24 1242    1.07222    0.75479  29.6%   248  261s
 20965 14780    0.98844   44  811    1.07222    0.75632  29.5%   247  269s
 22110 15332 infeasible   49         1.07222    0.75805  29.3%   244  274s
 22855 15887    0.79913   23 1538    1.07222    0.75978  29.1%   244  279s
 23650 16675    0.88973   34 1041    1.07222    0.76097  29.0%   243  286s
 24721 17209    0.79896   19 1621    1.07222    0.76209  28.9%   240  292s
 25444 17927    0.81986   20 1664    1.07222    0.76256  28.9%   240  299s
 26404 18571    0.89098   36 1012    1.07222    0.76447  28.7%   239  305s
 27248 19413    0.83469   28 1158    1.07222    0.76553  28.6%   239  311s
 28461 19789    0.80152   26 1251    1.07222    0.76561  28.6%   236  322s
H28474 19748                       1.0710594    0.76561  28.5%   236  322s
 28957 20583 infeasible   52         1.07106    0.76650  28.4%   236  329s
 30160 21491    0.87349   33 1133    1.07106    0.76825  28.3%   234  337s
 31317 22608    0.84646   39  957    1.07106    0.76867  28.2%   232  345s
 32647 23958    0.85756   33 1127    1.07106    0.76885  28.2%   230  352s
 34221 25150    0.82259   30  939    1.07106    0.76923  28.2%   227  361s
 36000 25773    1.06951   60  685    1.07106    0.77143  28.0%   223  369s
 36976 26736    1.04488   32 1224    1.07106    0.77219  27.9%   224  377s
 38361 27842    1.06269   52  984    1.07106    0.77295  27.8%   224  387s
 39656 29056    0.97209   46 1080    1.07106    0.77349  27.8%   223  396s
 41380 30247    0.94495   47  926    1.07106    0.77412  27.7%   221  473s
 43203 31176    0.97999   50 1002    1.07106    0.77549  27.6%   221  487s
 44507 32200    0.87645   31 1412    1.07106    0.77623  27.5%   223  502s
 45901 33405    0.89540   40  923    1.07106    0.77699  27.5%   224  517s
 47519 34729    1.06058   57  985    1.07106    0.77729  27.4%   225  531s
 49365 35615    1.00840   51 1050    1.07106    0.77788  27.4%   225  546s
 50551 36689    0.84460   25 1437    1.07106    0.77837  27.3%   228  562s
 52070 37548     cutoff   55         1.07106    0.77851  27.3%   229  578s
 53502 38531    0.94269   38 1277    1.07106    0.77954  27.2%   231  593s
 54828 39446    0.97734   45 1016    1.07106    0.78007  27.2%   233  609s
 56025 40497 infeasible   46         1.07106    0.78059  27.1%   236  625s
 57553 41741    0.85685   31 1348    1.07106    0.78121  27.1%   238  642s
 59112 42939    1.04582   47  946    1.07106    0.78168  27.0%   239  662s
 60721 44033    0.87210   21 2028    1.07106    0.78249  26.9%   240  685s
 62327 44785    1.06076   56  872    1.07106    0.78363  26.8%   241  705s
 63697 45724    0.99817   43  847    1.07106    0.78429  26.8%   242  728s
 65084 46653    1.06294   32 1135    1.07106    0.78484  26.7%   244  753s
 66595 47690    1.06310   49 1244    1.07106    0.78530  26.7%   246  779s
 68340 48800    0.89367   31 1515    1.07106    0.78622  26.6%   248  804s
 70007 49967    0.99888   52  830    1.07106    0.78686  26.5%   249  822s
 71667 51079    0.94410   41  796    1.07106    0.78758  26.5%   250  842s
 73233 52081    0.89874   40 1129    1.07106    0.78793  26.4%   252  860s
 74689 53332    0.83440   26  989    1.07106    0.78888  26.3%   254  879s
 76372 54346    1.03939   54 1147    1.07106    0.78928  26.3%   254  897s
 77979 55368    0.96466   41 1185    1.07106    0.79000  26.2%   256  915s
 79474 56672    1.04308   50 1063    1.07106    0.79036  26.2%   257  933s
 81165 57900    1.01117   51 1182    1.07106    0.79118  26.1%   258  952s
 82860 58990    0.96621   37 1419    1.07106    0.79165  26.1%   259  967s
 84255 60224    0.97537   42 1677    1.07106    0.79204  26.1%   260  985s
 85969 61175    0.87816   34 1239    1.07106    0.79274  26.0%   260 1002s
H87569 61507                       1.0710594    0.79350  25.9%   261 1021s
H88125 61507                       1.0710594    0.79350  25.9%   261 1021s
 88207 62881    0.94095   36  975    1.07106    0.79351  25.9%   261 1040s
 90095 63977    0.93673   41 1108    1.07106    0.79413  25.9%   262 1058s
 91683 65625    0.88247   36 1043    1.07106    0.79475  25.8%   263 1075s
 93557 67088    0.99306   59  676    1.07106    0.79493  25.8%   263 1093s
 95573 68084    0.91926   33 1349    1.07106    0.79522  25.8%   263 1110s
 97103 68920    0.93653   31 1360    1.07106    0.79583  25.7%   263 1130s
 98366 70303    0.94439   41 1250    1.07106    0.79639  25.6%   265 1156s
 100143 71567    1.05742   56 1090    1.07106    0.79669  25.6%   265 1180s
 101951 72615    0.89385   34 1324    1.07106    0.79745  25.5%   265 1198s
 103489 73657     cutoff   62         1.07106    0.79822  25.5%   266 1213s
 105006 74649    0.91383   37 1441    1.07106    0.79904  25.4%   266 1230s
 106463 75764    0.93847   35 1321    1.07106    0.79953  25.4%   267 1248s
 108113 76708     cutoff   56         1.07106    0.80007  25.3%   268 1265s
 109572 77864    1.02439   47 1180    1.07106    0.80063  25.2%   269 1289s
 111251 79065    0.84918   30 1138    1.07106    0.80152  25.2%   269 1307s
 112940 80165    0.84034   25 1329    1.07106    0.80187  25.1%   269 1325s
 114422 81304    1.02136   44 1243    1.07106    0.80262  25.1%   270 1350s
 116109 82681    1.01024   54  927    1.07106    0.80311  25.0%   271 1375s
 117929 83856    0.99491   38 1106    1.07106    0.80347  25.0%   271 1393s
 119634 84830    0.87694   29 1761    1.07106    0.80412  24.9%   271 1438s
H120101 84830                       1.0710590    0.80421  24.9%   271 1438s
 121185 85882    0.93032   33  910    1.07106    0.80434  24.9%   271 1458s
 122944 87198     cutoff   49         1.07106    0.80482  24.9%   271 1477s
 124873 88254    0.91200   39 1096    1.07106    0.80586  24.8%   271 1493s
 126328 89252    1.06804   51 1470    1.07106    0.80655  24.7%   272 1512s
 127910 90333    0.97257   43 1111    1.07106    0.80693  24.7%   272 1532s
 129278 91637    0.98687   39  800    1.07106    0.80721  24.6%   272 1551s
 131132 92710    1.02145   44 1298    1.07106    0.80786  24.6%   272 1569s
 132800 93927    0.85994   27 1508    1.07106    0.80855  24.5%   273 1588s
 134587 95255 infeasible   39         1.07106    0.80919  24.4%   273 1606s
 136297 96674     cutoff   50         1.07106    0.80951  24.4%   273 1624s
 138095 98040    0.94022   35 1231    1.07106    0.81017  24.4%   273 1649s
 139881 99029    0.98348   47 1195    1.07106    0.81041  24.3%   273 1674s
 141370 100108    0.85708   24 1243    1.07106    0.81105  24.3%   274 1698s
 142990 101479    0.93625   34 1359    1.07106    0.81153  24.2%   274 1722s
 144707 103233    0.91483   34  878    1.07106    0.81202  24.2%   274 1746s
 147192 104284    1.00662   37 1257    1.07106    0.81212  24.2%   273 1762s
 148784 105557    0.87013   34 1187    1.07106    0.81245  24.1%   273 1778s
 150521 106840    0.89711   40 1240    1.07106    0.81292  24.1%   273 1794s
 152246 107144    0.92149   35 1423    1.07106    0.81318  24.1%   272 1800s

Cutting planes:
  Gomory: 401
  Cover: 2
  Implied bound: 19
  MIR: 99
  StrongCG: 10
  Flow cover: 273
  Inf proof: 8
  Zero half: 121
  RLT: 80
  Relax-and-lift: 3
  BQP: 14

Explored 152703 nodes (41616082 simplex iterations) in 1800.01 seconds (3960.81 work units)
Thread count was 16 (of 16 available processors)

Solution count 10: 1.07106 1.07222 1.07301 ... 1.09664

Time limit reached
Warning: max constraint violation (8.3613e-04) exceeds tolerance
Warning: max general constraint violation (8.3613e-04) exceeds tolerance
Best objective 1.071059474495e+00, best bound 8.131820325272e-01, gap 24.0769%
