
Gurobi 9.5.0 (linux64) logging started Wed 16 Nov 2022 02:59:43 PM PST

Set parameter LogFile to value "experiments/t_1_theta_0.425/gurobi.1668639582.log"
Set parameter LogToConsole to value 0
Set parameter TimeLimit to value 1800
Set parameter Threads to value 16
Gurobi Optimizer version 9.5.0 build v9.5.0rc5 (linux64)
Thread count: 8 physical cores, 16 logical processors, using up to 16 threads
Optimize a model with 339 rows, 1398 columns and 5276 nonzeros
Model fingerprint: 0x44386bfa
Model has 3400 quadratic objective terms
Model has 75 quadratic constraints
Model has 1 general constraint
Variable types: 80 continuous, 1318 integer (1318 binary)
Coefficient statistics:
  Matrix range     [1e+00, 1e+01]
  QMatrix range    [1e+00, 1e+00]
  QLMatrix range   [1e+00, 1e+00]
  Objective range  [0e+00, 0e+00]
  QObjective range [3e-05, 2e+01]
  Bounds range     [1e+00, 8e+02]
  RHS range        [1e+00, 1e+02]
Presolve added 0 rows and 1025 columns
Presolve removed 26 rows and 0 columns
Presolve time: 0.01s
Presolved: 2395 rows, 4505 columns, 12202 nonzeros
Presolved model has 1 SOS constraint(s)
Variable types: 1105 continuous, 3400 integer (3375 binary)

Root relaxation: objective 5.293692e-01, 1730 iterations, 0.06 seconds (0.09 work units)

    Nodes    |    Current Node    |     Objective Bounds      |     Work
 Expl Unexpl |  Obj  Depth IntInf | Incumbent    BestBd   Gap | It/Node Time

     0     0    0.52937    0 1319          -    0.52937      -     -    0s
H    0     0                      31.5171093    0.52937  98.3%     -    0s
H    0     0                      10.7467845    0.52937  95.1%     -    0s
H    0     0                       5.8669363    0.52937  91.0%     -    0s
H    0     0                       2.6715315    0.52937  80.2%     -    0s
     0     0    0.57742    0 1329    2.67153    0.57742  78.4%     -    0s
     0     0    0.65211    0 1241    2.67153    0.65211  75.6%     -    0s
     0     0    0.65251    0 1246    2.67153    0.65251  75.6%     -    0s
H    0     0                       2.4200885    0.65798  72.8%     -    0s
     0     0    0.65798    0 1249    2.42009    0.65798  72.8%     -    0s
     0     0    0.65822    0 1251    2.42009    0.65822  72.8%     -    0s
     0     0    0.66034    0 1266    2.42009    0.66034  72.7%     -    0s
     0     0    0.66034    0 1266    2.42009    0.66034  72.7%     -    0s
     0     2    0.66054    0 1266    2.42009    0.66054  72.7%     -    0s
H   33    48                       2.4008460    0.66436  72.3%   240    1s
H   38    48                       2.2789967    0.66436  70.8%   240    1s
H   79    94                       2.2764472    0.66554  70.8%   289    1s
H   81    94                       2.2486894    0.66554  70.4%   285    1s
H   85    94                       2.1066688    0.66554  68.4%   291    1s
H   90    94                       2.0475911    0.66554  67.5%   300    1s
H  137   151                       1.9971967    0.66554  66.7%   276    1s
H  139   151                       1.9568781    0.66554  66.0%   279    1s
H  143   151                       1.9105065    0.66554  65.2%   279    1s
H  201   209                       1.8151743    0.66554  63.3%   292    3s
H  202   209                       1.8082114    0.66554  63.2%   292    3s
H  203   209                       1.6465256    0.66554  59.6%   290    3s
H  207   209                       1.6457500    0.66554  59.6%   288    3s
H  210   209                       1.6053799    0.66554  58.5%   285    3s
H  218   225                       1.5967332    0.66554  58.3%   284    4s
H  222   225                       1.5967332    0.66554  58.3%   280    4s
H  223   225                       1.5684855    0.66554  57.6%   280    4s
   457   495    0.97334   19 1081    1.56849    0.66554  57.6%   274    5s
H 1292  1281                       1.5431995    0.66554  56.9%   215    6s
H 1298  1273                       1.5364606    0.66554  56.7%   216    6s
H 1386  1275                       1.5302877    0.66554  56.5%   216    7s
H 1387  1263                       1.5219941    0.66554  56.3%   217    7s
H 1390  1228                       1.4968567    0.66554  55.5%   218    7s
* 2443  1656             144       1.3591412    0.66554  51.0%   189    8s
H 2644  1417                       1.3170111    0.74767  43.2%   185    9s
H 2774  1488                       1.3110546    0.74767  43.0%   185    9s
H 2878  1450                       1.3086605    0.74767  42.9%   186    9s
H 2880  1376                       1.3056853    0.74767  42.7%   186   10s
H 2887  1311                       1.3041226    0.74767  42.7%   185   11s
  2904  1323    0.91381   26 1346    1.30412    0.74767  42.7%   184   15s
H 2984  1318                       1.3040962    0.80430  38.3%   214   19s
H 2992  1252                       1.3028150    0.80430  38.3%   218   19s
H 2997  1191                       1.3027886    0.80430  38.3%   220   19s
  2999  1208    0.91941   17 1268    1.30279    0.80430  38.3%   221   20s
H 3051  1175                       1.3018890    0.80430  38.2%   232   21s
  3083  1201    0.83473   19 1223    1.30189    0.80430  38.2%   239   26s
H 3086  1146                       1.2992216    0.80430  38.1%   240   26s
H 3089  1093                       1.2963349    0.80430  38.0%   240   26s
  3335  1197    0.94976   26 1108    1.29633    0.80430  38.0%   266   30s
  3915  1525    1.00826   37 1096    1.29633    0.80430  38.0%   281   35s
* 4577  1852             109       1.2919098    0.80430  37.7%   279   39s
  4687  1873    1.12633   57  884    1.29191    0.80430  37.7%   278   40s
H 5242  1968                       1.2866691    0.80430  37.5%   272   43s
  5428  2147    1.27420   91  751    1.28667    0.80430  37.5%   271   45s
  6166  2787    1.25873  115  554    1.28667    0.80430  37.5%   280   50s
  6889  3245    0.89858   26 1165    1.28667    0.80489  37.4%   272   79s
H 6890  2239                       1.2304575    0.80489  34.6%   272   79s
H 6922  2232                       1.2304575    0.80489  34.6%   273   83s
  7085  2483    1.12793   38 1161    1.23046    0.80489  34.6%   276   85s
  7835  3079    1.12331   33 1096    1.23046    0.82215  33.2%   281   90s
  8525  3563    1.11973   43 1008    1.23046    0.82215  33.2%   283   95s
  9320  4191    1.06748   32 1233    1.23046    0.84201  31.6%   285  100s
 10156  4773    1.22905   37 1020    1.23046    0.88318  28.2%   287  105s
 10679  5189     cutoff   35         1.23046    0.88764  27.9%   291  110s
 11408  5777    1.06679   34  993    1.23046    0.89121  27.6%   290  115s
 12169  6461    1.11026   47  914    1.23046    0.89121  27.6%   291  120s
 13022  6980    1.17704   52  961    1.23046    0.90144  26.7%   291  125s
 13629  7483    1.07185   42 1066    1.23046    0.90144  26.7%   292  131s
 14634  7964    1.20523   46  937    1.23046    0.90631  26.3%   292  138s
 15027  8427    1.14751   50  928    1.23046    0.90885  26.1%   294  141s
 16055  9011    1.18839   37 1074    1.23046    0.91304  25.8%   294  148s
 16538  9312    1.15064   25 1038    1.23046    0.91436  25.7%   296  151s
 16981  9736    1.01429   26 1013    1.23046    0.91553  25.6%   297  155s
 18085 10660    1.03858   22 1166    1.23046    0.91869  25.3%   299  163s
 18637 11135    1.05510   30 1194    1.23046    0.91869  25.3%   300  168s
 19197 11531    1.18663   43 1065    1.23046    0.91869  25.3%   302  172s
 19772 11866     cutoff   53         1.23046    0.91957  25.3%   304  177s
 20374 12103    1.00697   28 1137    1.23046    0.92258  25.0%   305  183s
 20783 12571    1.00884   19 1284    1.23046    0.92542  24.8%   307  188s
 21457 13139    1.12520   39  855    1.23046    0.92693  24.7%   308  193s
 22172 13556    1.16888   27 1104    1.23046    0.92705  24.7%   310  198s
 22770 14086    1.07526   35 1129    1.23046    0.93017  24.4%   313  204s
 23460 14566    1.22158   57  939    1.23046    0.93034  24.4%   315  210s
 24216 15129    1.09136   19 1252    1.23046    0.93044  24.4%   316  216s
 25061 15815    1.22632   38  832    1.23046    0.93467  24.0%   317  222s
 26017 16520    1.01120   30 1019    1.23046    0.93687  23.9%   317  229s
 26958 17133    1.20614   67  776    1.23046    0.93929  23.7%   317  236s
 27894 18013    1.04876   39 1052    1.23046    0.94065  23.6%   318  244s
 29021 18859    1.19499   63  694    1.23046    0.94285  23.4%   317  251s
 30171 19634    1.12011   33 1154    1.23046    0.94374  23.3%   317  259s
 31325 20327     cutoff   62         1.23046    0.94627  23.1%   317  267s
 32485 21067    1.09363   23 1179    1.23046    0.94795  23.0%   317  275s
 33594 21865    1.10914   27 1023    1.23046    0.94911  22.9%   318  284s
 34761 22509    1.10426   32 1149    1.23046    0.95145  22.7%   319  293s
 35728 23209    1.17343   33  966    1.23046    0.95330  22.5%   320  303s
 36999 24169    1.20179   50  965    1.23046    0.95479  22.4%   322  313s
 38376 24971    1.13313   29 1092    1.23046    0.95579  22.3%   323  324s
H39416 24938                       1.2296813    0.95678  22.2%   322  324s
H39490 24953                       1.2296648    0.95684  22.2%   322  374s
H39491 24865                       1.2280539    0.95684  22.1%   322  374s
 39506 25903    1.04796   36  959    1.22805    0.95725  22.1%   322  385s
 40991 26928    1.09698   26 1074    1.22805    0.95922  21.9%   324  398s
 42400 27844    1.21851   45  995    1.22805    0.96020  21.8%   324  409s
 43948 28911    1.18593   35  857    1.22805    0.96255  21.6%   326  422s
 45613 30149    1.18524   62  657    1.22805    0.96429  21.5%   327  434s
 47466 31211    1.03570   29  997    1.22805    0.96743  21.2%   326  446s
 49124 32391    1.21465   39  888    1.22805    0.97040  21.0%   327  458s
 50857 33421    1.05901   30 1073    1.22805    0.97176  20.9%   326  470s
 52283 34557    1.15922   49  773    1.22805    0.97363  20.7%   328  482s
 53924 35566    1.22299   62  680    1.22805    0.97415  20.7%   329  494s
 55301 36606    1.17726   50  779    1.22805    0.97529  20.6%   331  507s
 56913 37645    1.19360   48  840    1.22805    0.97686  20.5%   331  519s
 58382 38678    1.02910   30 1000    1.22805    0.97788  20.4%   333  532s
 59973 39863    1.05801   32 1003    1.22805    0.97903  20.3%   333  545s
 61704 40937    1.13008   27  938    1.22805    0.98129  20.1%   333  557s
 63357 42016    1.12850   50  862    1.22805    0.98247  20.0%   334  569s
 64918 42935    1.09893   38 1130    1.22805    0.98367  19.9%   335  581s
 66329 43645    1.20705   48 1048    1.22805    0.98395  19.9%   336  594s
H66843 43645                       1.2280539    0.98427  19.9%   336  594s
 67379 44448    1.07674   26 1067    1.22805    0.98551  19.8%   336  609s
 68569 45239     cutoff   46         1.22805    0.98634  19.7%   337  623s
 70048 46380    1.16963   33 1024    1.22805    0.98705  19.6%   338  636s
 71685 47717    1.19273   68  680    1.22805    0.98812  19.5%   339  649s
 73584 48706    1.22279   61  728    1.22805    0.98948  19.4%   339  663s
 75154 49767    1.04429   30  829    1.22805    0.99073  19.3%   340  676s
 76859 50696    1.19436   50 1036    1.22805    0.99206  19.2%   340  689s
 78408 51728    1.07339   32 1072    1.22805    0.99312  19.1%   341  702s
 80087 52689    1.01951   23 1038    1.22805    0.99450  19.0%   341  715s
 81648 53537 infeasible   29         1.22805    0.99515  19.0%   342  728s
 83192 54641    1.21024   31 1090    1.22805    0.99600  18.9%   343  741s
 84892 55719    1.14782   34  984    1.22805    0.99745  18.8%   344  754s
 86606 56599    1.15493   34 1149    1.22805    0.99900  18.7%   344  767s
 88013 57411    1.16772   44 1029    1.22805    0.99942  18.6%   345  780s
 89590 58478    1.13648   28 1053    1.22805    1.00076  18.5%   346  793s
 91372 59494    1.11733   35 1081    1.22805    1.00199  18.4%   345  806s
 92958 60510    1.16934   30 1121    1.22805    1.00273  18.3%   346  819s
 94662 61549    1.08978   33  882    1.22805    1.00332  18.3%   346  832s
 96365 62524    1.22219   51  910    1.22805    1.00438  18.2%   346  845s
 97949 63256    1.15682   55  836    1.22805    1.00489  18.2%   347  858s
 99483 64204    1.14234   36  913    1.22805    1.00561  18.1%   347  872s
 101032 65397    1.05963   30 1088    1.22805    1.00646  18.0%   348  885s
 102783 66446    1.05394   29 1017    1.22805    1.00702  18.0%   348  898s
 104391 67439    1.19228   55  624    1.22805    1.00761  18.0%   348  911s
 105999 68573    1.14603   24 1023    1.22805    1.00813  17.9%   348  924s
 107789 69620    1.07449   35  981    1.22805    1.00903  17.8%   348  937s
 109444 70597    1.06411   35  832    1.22805    1.00930  17.8%   348  950s
 111110 71677     cutoff   58         1.22805    1.01028  17.7%   348  963s
 112756 72563    1.12737   26 1077    1.22805    1.01062  17.7%   348  976s
 114436 73592    1.05229   23  956    1.22805    1.01145  17.6%   348  989s
 116064 74780    1.13785   41  904    1.22805    1.01229  17.6%   348 1001s
 117724 75595    1.15141   30 1103    1.22805    1.01262  17.5%   348 1014s
 119169 76394    1.13512   39  981    1.22805    1.01306  17.5%   349 1027s
 120709 77535     cutoff   57         1.22805    1.01354  17.5%   349 1039s
 122371 78724    1.19379   31 1144    1.22805    1.01454  17.4%   349 1052s
 124207 79804    1.17986   34 1059    1.22805    1.01544  17.3%   349 1065s
 125804 80923    1.21716   40  900    1.22805    1.01627  17.2%   349 1078s
 127466 82091     cutoff   60         1.22805    1.01680  17.2%   349 1090s
 129208 82969     cutoff   68         1.22805    1.01729  17.2%   349 1103s
 130770 83860    1.20418   55  821    1.22805    1.01792  17.1%   349 1116s
 132327 84798    1.20764   27  679    1.22805    1.01859  17.1%   349 1129s
 133787 86014    1.15746   35 1144    1.22805    1.01903  17.0%   348 1142s
 135600 87095    1.04562   31 1158    1.22805    1.01914  17.0%   348 1155s
 137381 87883    1.18852   51  757    1.22805    1.02017  16.9%   348 1167s
 138826 88626    1.04307   35 1060    1.22805    1.02082  16.9%   348 1180s
 140236 89662    1.13881   36 1131    1.22805    1.02133  16.8%   349 1193s
 141933 90478    1.17076   41 1081    1.22805    1.02214  16.8%   349 1206s
 143503 91604    1.15355   30 1002    1.22805    1.02281  16.7%   349 1219s
 145126 92622 infeasible   38         1.22805    1.02316  16.7%   349 1232s
 146817 93354     cutoff   48         1.22805    1.02392  16.6%   349 1244s
 148236 94332     cutoff   47         1.22805    1.02442  16.6%   349 1258s
 149844 95199    1.21546   50  990    1.22805    1.02514  16.5%   349 1271s
 151358 96096    1.20396   50  992    1.22805    1.02574  16.5%   349 1283s
 152920 97000 infeasible   26         1.22805    1.02611  16.4%   350 1297s
 154617 97845    1.22135   47  677    1.22805    1.02647  16.4%   350 1310s
 156175 98824    1.13518   40  899    1.22805    1.02744  16.3%   350 1323s
 157761 99913 infeasible   45         1.22805    1.02790  16.3%   350 1337s
 159388 100887    1.03804   29 1050    1.22805    1.02857  16.2%   350 1350s
 161167 101956    1.15660   28 1159    1.22805    1.02900  16.2%   350 1363s
 162816 102734    1.09150   37 1106    1.22805    1.02946  16.2%   350 1376s
 164404 103629    1.16497   42 1048    1.22805    1.02994  16.1%   350 1390s
 166026 104127    1.18630   46 1036    1.22805    1.03081  16.1%   350 1405s
 166820 104963    1.18547   38 1105    1.22805    1.03096  16.0%   350 1419s
 168418 105860    1.20409   56  965    1.22805    1.03137  16.0%   351 1433s
 169997 106775    1.19603   34 1030    1.22805    1.03185  16.0%   351 1446s
 171817 108021    1.20022   53  809    1.22805    1.03221  15.9%   351 1460s
 173734 108779    1.21229   66  660    1.22805    1.03298  15.9%   350 1475s
 175033 109728 infeasible   41         1.22805    1.03325  15.9%   350 1489s
 176679 110546     cutoff   53         1.22805    1.03382  15.8%   351 1502s
 178277 111334    1.20695   46  984    1.22805    1.03414  15.8%   351 1516s
 179784 112518    1.12660   29 1024    1.22805    1.03442  15.8%   351 1530s
 181593 113651    1.18073   38 1086    1.22805    1.03460  15.8%   351 1544s
 183261 114740    1.11959   40  960    1.22805    1.03513  15.7%   351 1557s
 185013 115575    1.09935   28 1038    1.22805    1.03537  15.7%   351 1571s
 186668 116498    1.17338   34 1031    1.22805    1.03591  15.6%   351 1584s
 188200 117445    1.16292   31 1123    1.22805    1.03619  15.6%   351 1598s
 189843 118305     cutoff   33         1.22805    1.03642  15.6%   351 1612s
 191568 119530    1.20543   54  733    1.22805    1.03683  15.6%   351 1625s
 193421 120600 infeasible   42         1.22805    1.03720  15.5%   351 1639s
 195144 121470    1.22685   94  536    1.22805    1.03766  15.5%   351 1651s
 196573 122403    1.09323   37  999    1.22805    1.03793  15.5%   351 1665s
 198197 123430    1.12448   32 1039    1.22805    1.03827  15.5%   351 1678s
 199912 124507    1.11349   24 1026    1.22805    1.03865  15.4%   351 1691s
 201456 125571    1.12535   33  938    1.22805    1.03877  15.4%   351 1703s
 203088 126492    1.08449   27 1135    1.22805    1.03921  15.4%   351 1716s
 204813 127407     cutoff   50         1.22805    1.03946  15.4%   351 1730s
 206409 128520    1.19991   60  678    1.22805    1.03977  15.3%   351 1743s
 208064 129426    1.19162   54  843    1.22805    1.03999  15.3%   350 1756s
 209647 130335    1.11392   23  958    1.22805    1.04041  15.3%   351 1769s
H210146 130113                       1.2274832    1.04048  15.2%   351 1769s
 211110 130963    1.10486   31 1047    1.22748    1.04072  15.2%   351 1783s
H212113 130949                       1.2274567    1.04079  15.2%   351 1783s
 212452 131956    1.16631   35 1025    1.22746    1.04090  15.2%   351 1797s
 214074 132148    1.21946   55  881    1.22746    1.04127  15.2%   351 1800s

Cutting planes:
  Gomory: 442
  Cover: 59
  MIR: 24
  StrongCG: 3
  Flow cover: 5
  Inf proof: 5
  Zero half: 63
  RLT: 9

Explored 214365 nodes (75160999 simplex iterations) in 1800.01 seconds (3194.38 work units)
Thread count was 16 (of 16 available processors)

Solution count 10: 1.22746 1.22748 1.22805 ... 1.29191

Time limit reached
Warning: max constraint violation (8.5993e-05) exceeds tolerance
Warning: max general constraint violation (8.5993e-05) exceeds tolerance
Best objective 1.227456733284e+00, best bound 1.041274951874e+00, gap 15.1681%
