
Gurobi 9.5.0 (linux64) logging started Mon 14 Nov 2022 10:01:40 PM PST

Set parameter LogFile to value "experiments/t_2_theta_0.999/gurobi.1668492099.log"
Set parameter LogToConsole to value 0
Set parameter TimeLimit to value 1800
Set parameter Threads to value 16
Gurobi Optimizer version 9.5.0 build v9.5.0rc5 (linux64)
Thread count: 8 physical cores, 16 logical processors, using up to 16 threads
Optimize a model with 340 rows, 1428 columns and 5305 nonzeros
Model fingerprint: 0xe997af61
Model has 3425 quadratic objective terms
Model has 150 quadratic constraints
Model has 2 general constraints
Variable types: 85 continuous, 1343 integer (1343 binary)
Coefficient statistics:
  Matrix range     [1e+00, 1e+01]
  QMatrix range    [1e+00, 1e+00]
  QLMatrix range   [1e+00, 1e+00]
  Objective range  [0e+00, 0e+00]
  QObjective range [8e-07, 5e+01]
  Bounds range     [1e+00, 8e+02]
  RHS range        [1e+00, 1e+02]
Presolve added 57 rows and 1173 columns
Presolve time: 0.07s
Presolved: 4764 rows, 4797 columns, 36202 nonzeros
Variable types: 1286 continuous, 3511 integer (3415 binary)

Root relaxation: objective -7.673862e-13, 5291 iterations, 0.29 seconds (0.34 work units)

    Nodes    |    Current Node    |     Objective Bounds      |     Work
 Expl Unexpl |  Obj  Depth IntInf | Incumbent    BestBd   Gap | It/Node Time

     0     0   -0.00000    0 3455          -   -0.00000      -     -    0s
     0     0    0.04989    0 3380          -    0.04989      -     -    1s
     0     0    0.04989    0 3384          -    0.04989      -     -    1s
     0     0    0.07460    0 3306          -    0.07460      -     -    1s
     0     0    0.07619    0 3311          -    0.07619      -     -    1s
     0     0    0.07619    0 3311          -    0.07619      -     -    1s
     0     0    0.09316    0 3307          -    0.09316      -     -    2s
     0     0    0.09421    0 3306          -    0.09421      -     -    2s
     0     0    0.10278    0 3302          -    0.10278      -     -    3s
H    0     0                     201.5748162    0.10278   100%     -    3s
     0     0    0.10278    0 3282  201.57482    0.10278   100%     -    3s
H    0     0                     168.1688748    0.10303   100%     -    3s
H    0     0                     118.8431092    0.10303   100%     -    3s
     0     2    0.10303    0 3282  118.84311    0.10303   100%     -    3s
    15    30    0.14250    4 3036  118.84311    0.12189   100%   938    5s
H   32    38                     118.7271600    0.14170   100%  1301    5s
H   37    38                     102.3777411    0.14173   100%  1189    5s
H   79    82                      53.7309009    0.16686   100%   975   11s
H   79    82                      35.9534470    0.16686   100%   975   11s
H   82    82                      35.7131618    0.16686   100%   996   11s
H   85    82                       3.6505290    0.16686  95.4%   991   11s
H  138   130                       3.3379162    0.16686  95.0%   908   13s
H  139   130                       3.1012999    0.16686  94.6%   907   13s
H  140   130                       3.1008561    0.16686  94.6%   908   13s
H  144   130                       3.0225107    0.16686  94.5%   910   13s
H  146   130                       2.8869804    0.16686  94.2%   913   13s
H  150   130                       2.8060961    0.16686  94.1%   918   13s
H  151   130                       2.7854923    0.16686  94.0%   918   13s
   215   217    0.83318   16 2125    2.78549    0.16686  94.0%   806   15s
H  670   650                       2.0802371    0.16686  92.0%   467   20s
H  673   650                       1.7264873    0.16686  90.3%   465   20s
H  681   650                       1.6828975    0.16686  90.1%   464   20s
  1632  1500    0.57381   10 2233    1.68290    0.28576  83.0%   300   25s
H 1745  1477                       1.5931911    0.28576  82.1%   291   25s
H 1779  1465                       1.5769073    0.28576  81.9%   289   25s
H 2238  1652                       1.4783372    0.28576  80.7%   256   31s
H 2240  1560                       1.4492848    0.28576  80.3%   256   33s
H 2240  1482                       1.3721769    0.28576  79.2%   256   33s
H 2242  1409                       1.3493593    0.28576  78.8%   255   34s
H 2245  1340                       1.3284064    0.28576  78.5%   255   35s
H 2246  1274                       1.3208156    0.28576  78.4%   255   35s
H 2252  1214                       1.3147797    0.28576  78.3%   254   37s
H 2254  1154                       1.3049739    0.28576  78.1%   254   38s
H 2254  1096                       1.2694217    0.28576  77.5%   254   38s
H 2254  1041                       1.2694197    0.28576  77.5%   254   38s
H 2255   990                       1.1957707    0.28576  76.1%   254   38s
H 2255   940                       1.1823240    0.28576  75.8%   254   38s
H 2259   894                       1.1581738    0.28576  75.3%   254   40s
H 2260   852                       1.1581704    0.28576  75.3%   264   41s
  2275   877    0.79451   18 2801    1.15817    0.37919  67.3%   277   45s
H 2291   845                       1.0824345    0.38940  64.0%   285   46s
H 2339   829                       1.0820603    0.39030  63.9%   313   52s
H 2340   789                       1.0722787    0.39030  63.6%   313   52s
H 2343   751                       1.0686519    0.39030  63.5%   315   52s
  2379   771 infeasible   21         1.06865    0.39030  63.5%   324   56s
H 2380   736                       1.0421582    0.39030  62.5%   323   56s
H 2383   702                       1.0374205    0.39030  62.4%   324   56s
H 2395   666                       1.0301100    0.39030  62.1%   326   56s
  2528   727     cutoff   23         1.03011    0.39649  61.5%   336   60s
  2790   803    0.65451   21 2252    1.03011    0.39649  61.5%   346   65s
  3062   893    0.73798   25 1798    1.03011    0.39649  61.5%   353   70s
  3524  1020    0.78141   28 1463    1.03011    0.39649  61.5%   341   75s
H 3695  1019                       1.0299693    0.39649  61.5%   340   79s
H 3697   987                       1.0296290    0.39649  61.5%   340   79s
H 3701   948                       1.0266695    0.39649  61.4%   340   79s
H 3719   905                       1.0192167    0.39649  61.1%   340   79s
H 3742   905                       1.0190794    0.39649  61.1%   339   79s
  3766   970    0.78142   29 1463    1.01908    0.39649  61.1%   338   80s
  4211  1269     cutoff   40         1.01908    0.39649  61.1%   334   85s
  4590  1448    0.55153   20 2431    1.01908    0.52147  48.8%   333   90s
H 4863  1550                       1.0189200    0.52147  48.8%   332   94s
H 4924  1550                       1.0189100    0.52147  48.8%   333   94s
H 4928  1549                       1.0188829    0.52147  48.8%   333   94s
  4954  1605    1.00777   27 1907    1.01888    0.53550  47.4%   334   96s
  5245  1728    0.95590   26 1666    1.01888    0.53550  47.4%   336  100s
  5675  1909    0.89817   26 1687    1.01888    0.61460  39.7%   339  107s
H 5677  1909                       1.0188241    0.61460  39.7%   339  107s
H 5751  1908                       1.0186006    0.61460  39.7%   337  107s
  5985  2119     cutoff   33         1.01860    0.67129  34.1%   337  112s
  6428  2303    0.84164   25 1766    1.01860    0.68425  32.8%   333  117s
H 6766  2374                       1.0185630    0.70962  30.3%   335  119s
  6775  2490    0.86469   25 1431    1.01856    0.71399  29.9%   335  122s
  7043  2598    0.77105   24 1734    1.01856    0.71678  29.6%   333  125s
H 7263  2567                       1.0147143    0.71678  29.4%   333  137s
H 7264  2567                       1.0147143    0.71678  29.4%   333  137s
H 7275  2407                       1.0051973    0.71678  28.7%   333  137s
H 7277  2346                       1.0018292    0.71678  28.5%   334  137s
  7289  2471    0.94819   51  761    1.00183    0.71834  28.3%   334  140s
  7821  2795    0.87353   41 1169    1.00183    0.72155  28.0%   328  146s
  8192  2878    0.86971   27 1878    1.00183    0.72639  27.5%   325  150s
  8767  3084    0.94116   48  852    1.00183    0.73195  26.9%   322  156s
  9008  3164    0.89308   26 1407    1.00183    0.73530  26.6%   324  160s
  9742  3530    0.86393   28 1590    1.00183    0.74259  25.9%   319  167s
 10127  3597    0.96530   36  974    1.00183    0.74344  25.8%   316  171s
 10947  3904 infeasible   34         1.00183    0.75090  25.0%   313  179s
 11394  4146    0.91128   36  993    1.00183    0.75368  24.8%   311  183s
 11864  4292     cutoff   30         1.00183    0.75421  24.7%   309  189s
 12244  4459    0.94019   32 1326    1.00183    0.75732  24.4%   308  194s
 12670  4631    0.90638   32 1371    1.00183    0.76002  24.1%   309  198s
 13155  4818    0.84439   26 1845    1.00183    0.76272  23.9%   308  204s
 13671  5062    0.98770   41  884    1.00183    0.76879  23.3%   307  209s
 14311  5245    0.99134   30 1366    1.00183    0.77185  23.0%   305  214s
 14843  5504    0.92761   32 1231    1.00183    0.77590  22.6%   304  220s
H15658  5516                       1.0018201    0.77902  22.2%   299  242s
 15678  5773     cutoff   27         1.00182    0.77905  22.2%   299  247s
 16394  6140     cutoff   29         1.00182    0.78605  21.5%   297  253s
 17277  6497    0.99979   39 1089    1.00182    0.79052  21.1%   292  259s
 18020  6992    0.97708   32 1297    1.00182    0.79318  20.8%   290  265s
 18802  7584    0.94939   41  900    1.00182    0.79554  20.6%   287  271s
 19897  7950    0.99423   37 1193    1.00182    0.79758  20.4%   281  278s
 20730  8270     cutoff   31         1.00182    0.80115  20.0%   279  286s
 21661  8574     cutoff   30         1.00182    0.80432  19.7%   278  293s
 22500  8948 infeasible   32         1.00182    0.80782  19.4%   278  300s
 23449  9388    0.85752   31 1249    1.00182    0.80981  19.2%   276  307s
 24670  9782     cutoff   37         1.00182    0.81278  18.9%   271  314s
 25580 10049    0.98664   30 1434    1.00182    0.81541  18.6%   270  321s
 26467 10364     cutoff   26         1.00182    0.81704  18.4%   269  328s
 27526 10888    0.91566   33 1266    1.00182    0.81995  18.2%   267  335s
 28874 11377     cutoff   50         1.00182    0.82224  17.9%   263  342s
H29970 11480                       1.0018082    0.82355  17.8%   261  355s
H29999 11479                       1.0017927    0.82355  17.8%   261  355s
H30001 11479                       1.0017872    0.82355  17.8%   261  355s
H30014 11478                       1.0017617    0.82355  17.8%   261  355s
H30076 11478                       1.0017503    0.82355  17.8%   261  355s
H30081 11478                       1.0017502    0.82355  17.8%   261  355s
 30134 12057    0.99212   35 1048    1.00175    0.82393  17.8%   261  363s
 31506 12516    0.93901   35  940    1.00175    0.82593  17.6%   258  371s
 32760 13173    0.94204   34 1292    1.00175    0.82781  17.4%   256  379s
 34194 13723     cutoff   29         1.00175    0.83033  17.1%   253  387s
 35659 14400    0.93265   25 1855    1.00175    0.83176  17.0%   251  397s
 37188 14831    0.83980   32 1374    1.00175    0.83449  16.7%   248  405s
 38428 15330     cutoff   22         1.00175    0.83625  16.5%   248  416s
 39769 15909    0.89040   34 1363    1.00175    0.83849  16.3%   248  426s
 41390 16803     cutoff   34         1.00175    0.84033  16.1%   246  504s
 43681 17274     cutoff   39         1.00175    0.84244  15.9%   243  514s
 44722 17702 infeasible   30         1.00175    0.84443  15.7%   244  525s
 45784 18065    0.97087   29 1321    1.00175    0.84611  15.5%   245  537s
 46858 18605 infeasible   29         1.00175    0.84818  15.3%   248  550s
 48184 19116    0.93864   25 1401    1.00175    0.84970  15.2%   249  564s
 49616 19772    0.94192   34 1415    1.00175    0.85127  15.0%   250  579s
 51193 20552     cutoff   48         1.00175    0.85270  14.9%   250  593s
 52763 21164     cutoff   32         1.00175    0.85523  14.6%   251  606s
 54197 21628     cutoff   37         1.00175    0.85708  14.4%   252  621s
 55714 22045    0.90160   32 1295    1.00175    0.85942  14.2%   253  636s
 57092 22497    0.93228   30 1289    1.00175    0.86094  14.1%   254  650s
 58613 23072     cutoff   38         1.00175    0.86239  13.9%   255  665s
 60121 23727    0.97534   47  872    1.00175    0.86390  13.8%   256  679s
 61835 24242    0.91156   36 1281    1.00175    0.86567  13.6%   257  693s
 63244 24805    0.92848   27 1229    1.00175    0.86699  13.5%   257  708s
 64845 25291     cutoff   43         1.00175    0.86832  13.3%   258  724s
 66354 25960    0.94858   29 1327    1.00175    0.87009  13.1%   259  739s
 68149 26568    0.96406   33 1321    1.00175    0.87198  13.0%   259  755s
 69911 27341    0.89565   36 1373    1.00175    0.87349  12.8%   259  769s
 71797 27846     cutoff   45         1.00175    0.87471  12.7%   258  784s
 73359 28442    0.95898   38  950    1.00175    0.87621  12.5%   259  799s
 74842 29035    0.93369   31 1345    1.00175    0.87717  12.4%   259  813s
 76443 29723    0.97622   48  888    1.00175    0.87867  12.3%   260  829s
 78109 30331    0.94770   44 1056    1.00175    0.87969  12.2%   260  846s
 79756 30868    0.99514   29 1692    1.00175    0.88072  12.1%   260  863s
 81371 31487    0.99781   45 1102    1.00175    0.88165  12.0%   260  878s
 83240 32168     cutoff   48         1.00175    0.88255  11.9%   259  892s
 84855 32735    0.99763   39 1210    1.00175    0.88341  11.8%   259  905s
 86452 33438     cutoff   43         1.00175    0.88465  11.7%   259  919s
 88224 33961    0.95805   29 1312    1.00175    0.88561  11.6%   258  932s
 89754 34390    0.94045   32 1350    1.00175    0.88664  11.5%   258  946s
 91198 34961    0.94465   32 1298    1.00175    0.88791  11.4%   259  963s
 92826 35610    0.98901   39 1222    1.00175    0.88855  11.3%   259  983s
 94737 36174    0.95463   45 1100    1.00175    0.88927  11.2%   258 1001s
 96260 36739    0.95737   40 1019    1.00175    0.88995  11.2%   258 1020s
 97748 37437    0.90963   44 1104    1.00175    0.89080  11.1%   258 1034s
 99464 38025    0.98511   44  897    1.00175    0.89131  11.0%   258 1047s
 101088 38611    0.98425   37 1150    1.00175    0.89239  10.9%   258 1061s
 102670 39133    0.95985   35 1181    1.00175    0.89315  10.8%   258 1075s
 104062 39782    0.93733   29 1365    1.00175    0.89375  10.8%   258 1088s
 105807 40450    0.92792   33 1354    1.00175    0.89453  10.7%   257 1101s
 107284 41178    0.93617   36 1138    1.00175    0.89505  10.7%   257 1114s
 108994 41686    0.98030   56  608    1.00175    0.89582  10.6%   257 1127s
 110629 42152    0.98758   49  886    1.00175    0.89668  10.5%   257 1140s
 111973 42242     cutoff   36         1.00175    0.89714  10.4%   257 1179s
 112140 42602     cutoff   28         1.00175    0.89732  10.4%   257 1198s
H112151 42428                       1.0008681    0.89732  10.3%   257 1198s
 112973 43006     cutoff   31         1.00087    0.89762  10.3%   257 1213s
 114640 43623    0.99885   44  984    1.00087    0.89854  10.2%   257 1228s
 116350 44317    0.98900   44 1126    1.00087    0.89906  10.2%   256 1243s
 118178 44977    0.95047   54  833    1.00087    0.89957  10.1%   256 1258s
 119997 45811    0.99824   38 1127    1.00087    0.90022  10.1%   256 1272s
 121962 46581    0.94495   26 1409    1.00087    0.90124  10.0%   255 1286s
 123760 47234    0.95331   49  847    1.00087    0.90196  9.88%   255 1299s
 125452 48013    0.97238   42  989    1.00087    0.90261  9.82%   254 1313s
 127240 48530 infeasible   25         1.00087    0.90322  9.76%   254 1326s
 128833 49220    0.99737   54  819    1.00087    0.90393  9.69%   254 1340s
 130441 50051    0.93827   44 1019    1.00087    0.90468  9.61%   253 1352s
 132225 50689    0.92068   32 1241    1.00087    0.90498  9.58%   253 1365s
 133943 51443    0.97246   51  550    1.00087    0.90556  9.52%   252 1377s
 135730 52099    0.99344   47  656    1.00087    0.90601  9.48%   252 1390s
 137223 52633    0.91675   33 1458    1.00087    0.90646  9.43%   251 1403s
 138799 53373     cutoff   40         1.00087    0.90699  9.38%   251 1416s
 140576 54247    1.00050   40 1209    1.00087    0.90748  9.33%   250 1428s
 142433 54849    0.98752   39 1175    1.00087    0.90788  9.29%   250 1440s
 144176 55387    0.98418   42 1031    1.00087    0.90836  9.24%   249 1452s
 145678 56011    0.98894   61  509    1.00087    0.90873  9.21%   249 1464s
 147353 56818    0.97483   32 1239    1.00087    0.90907  9.17%   248 1478s
 149418 57384    0.98953   57  602    1.00087    0.90966  9.11%   248 1488s
 150946 58164    0.94070   31 1239    1.00087    0.91006  9.07%   247 1499s
 152752 58909    0.99298   35 1337    1.00087    0.91050  9.03%   246 1510s
 154397 59475    1.00001   68  163    1.00087    0.91072  9.01%   246 1521s
 155928 60098    0.95733   45 1009    1.00087    0.91119  8.96%   245 1533s
H156027 60085                       1.0008339    0.91119  8.96%   245 1533s
H156129 60077                       1.0008088    0.91125  8.95%   245 1533s
H156524 60077                       1.0008034    0.91127  8.95%   245 1533s
 157353 60711    0.95498   47  958    1.00080    0.91160  8.91%   245 1544s
 158916 61295     cutoff   41         1.00080    0.91200  8.87%   245 1556s
 160391 61793    0.96868   49 1000    1.00080    0.91222  8.85%   244 1567s
 161921 62667    0.94422   42 1009    1.00080    0.91258  8.82%   244 1579s
 163684 63169    0.99631   49  730    1.00080    0.91282  8.79%   243 1591s
 165367 63855    0.92441   35 1004    1.00080    0.91307  8.77%   243 1603s
 166910 64486    0.98981   53  824    1.00080    0.91345  8.73%   242 1614s
 168396 65357    0.96612   53  933    1.00080    0.91365  8.71%   242 1628s
 170380 66133     cutoff   48         1.00080    0.91394  8.68%   242 1639s
 172080 66928    0.93211   33 1359    1.00080    0.91416  8.66%   241 1650s
 173796 67814    0.96027   29 1575    1.00080    0.91441  8.63%   240 1661s
 175510 68509    0.95397   42 1092    1.00080    0.91463  8.61%   240 1672s
 176989 68969    0.92292   37 1124    1.00080    0.91487  8.59%   239 1682s
 178465 69937    0.96808   37 1267    1.00080    0.91512  8.56%   239 1693s
 179978 70427    0.95845   36 1232    1.00080    0.91520  8.55%   239 1703s
 181498 71053     cutoff   46         1.00080    0.91537  8.54%   238 1714s
 182896 71972    0.99874   59  425    1.00080    0.91559  8.51%   238 1725s
 184729 72702    0.98690   44 1063    1.00080    0.91584  8.49%   238 1736s
 186435 73337    0.95384   43 1173    1.00080    0.91618  8.46%   237 1747s
 187921 73810    0.99890   39 1007    1.00080    0.91651  8.42%   237 1761s
H188147 73810                       1.0008034    0.91653  8.42%   237 1761s
 189043 74785    0.99338   56  445    1.00080    0.91672  8.40%   237 1780s
 191090 75405    0.92824   35 1094    1.00080    0.91699  8.37%   236 1795s
 192524 75690     cutoff   26         1.00080    0.91729  8.34%   236 1800s

Cutting planes:
  Gomory: 676
  Cover: 2
  Implied bound: 1
  MIR: 78
  StrongCG: 14
  Flow cover: 119
  Inf proof: 17
  Zero half: 52
  RLT: 68
  Relax-and-lift: 1

Explored 193220 nodes (45531764 simplex iterations) in 1800.04 seconds (4460.83 work units)
Thread count was 16 (of 16 available processors)

Solution count 10: 1.0008 1.00081 1.00083 ... 1.00181

Time limit reached
Warning: max constraint violation (2.1685e-04) exceeds tolerance
Warning: max general constraint violation (2.1685e-04) exceeds tolerance
Best objective 1.000803414739e+00, best bound 9.172927616028e-01, gap 8.3444%
