
Gurobi 9.5.0 (linux64) logging started Tue 15 Nov 2022 03:12:12 PM PST

Set parameter LogFile to value "experiments/t_4_theta_0.2/gurobi.1668553931.log"
Set parameter LogToConsole to value 0
Set parameter TimeLimit to value 1800
Set parameter Threads to value 16
Gurobi Optimizer version 9.5.0 build v9.5.0rc5 (linux64)
Thread count: 8 physical cores, 16 logical processors, using up to 16 threads
Optimize a model with 342 rows, 1488 columns and 5363 nonzeros
Model fingerprint: 0xb6a37fb1
Model has 3475 quadratic objective terms
Model has 300 quadratic constraints
Model has 4 general constraints
Variable types: 95 continuous, 1393 integer (1393 binary)
Coefficient statistics:
  Matrix range     [1e+00, 1e+01]
  QMatrix range    [1e+00, 1e+00]
  QLMatrix range   [1e+00, 1e+00]
  Objective range  [0e+00, 0e+00]
  QObjective range [2e-05, 1e+01]
  Bounds range     [1e+00, 8e+02]
  RHS range        [1e+00, 1e+02]
Presolve added 56 rows and 1414 columns
Presolve time: 0.04s
Presolved: 5174 rows, 5340 columns, 39068 nonzeros
Variable types: 1628 continuous, 3712 integer (3527 binary)

Root relaxation: objective -7.815970e-14, 6644 iterations, 0.30 seconds (0.31 work units)

    Nodes    |    Current Node    |     Objective Bounds      |     Work
 Expl Unexpl |  Obj  Depth IntInf | Incumbent    BestBd   Gap | It/Node Time

     0     0   -0.00000    0 3510          -   -0.00000      -     -    0s
     0     0    0.00985    0 3464          -    0.00985      -     -    1s
     0     0    0.05028    0 3129          -    0.05028      -     -    1s
     0     0    0.05036    0 3123          -    0.05036      -     -    1s
     0     0    0.06016    0 3149          -    0.06016      -     -    2s
     0     0    0.06018    0 3148          -    0.06018      -     -    2s
     0     0    0.06442    0 3158          -    0.06442      -     -    2s
     0     0    0.06452    0 3134          -    0.06452      -     -    2s
H    0     0                       1.5712063    0.06452  95.9%     -    3s
H    0     0                       1.5699703    0.06452  95.9%     -    3s
     0     0    0.07155    0 3107    1.56997    0.07155  95.4%     -    3s
     0     0    0.07155    0 3079    1.56997    0.07155  95.4%     -    3s
     0     2    0.07163    0 3079    1.56997    0.07163  95.4%     -    4s
    13    18    0.10783    4 2758    1.56997    0.07463  95.2%   991    5s
H   87    90                       1.4848600    0.09760  93.4%   934    8s
H   91    90                       1.4622421    0.09760  93.3%   915    8s
H  104    90                       1.4468260    0.09760  93.3%   891    8s
   193   194    0.14657    9 2574    1.44683    0.09760  93.3%   712   10s
   764   833    0.25092   16 1483    1.44683    0.09760  93.3%   398   15s
H 1137  1114                       1.4316065    0.09760  93.2%   302   16s
H 1139  1114                       1.3857249    0.09760  93.0%   302   16s
H 1140  1114                       1.3806861    0.09760  92.9%   302   16s
H 1147  1114                       1.3679697    0.09760  92.9%   301   16s
H 1995  1943                       1.3290175    0.09760  92.7%   195   22s
H 1997  1943                       1.3152118    0.09760  92.6%   195   22s
H 2008  1943                       1.3003562    0.09760  92.5%   195   22s
H 2976  2739                       1.3000427    0.09760  92.5%   153   26s
H 2978  2739                       1.2932282    0.09760  92.5%   153   26s
  3655  3444    0.65757   96  253    1.29323    0.09760  92.5%   169   30s
H 4059  3852                       1.2929897    0.09760  92.5%   173   32s
H 4094  3851                       1.2900517    0.09760  92.4%   171   32s
H 4154  3849                       1.2873903    0.09760  92.4%   170   32s
H 4433  4052                       1.2849990    0.09760  92.4%   168   39s
  4434  4053    0.31212  100 1737    1.28500    0.09760  92.4%   168   40s
H 4435  3851                       1.2840721    0.09760  92.4%   168   41s
H 4438  3660                       1.2832060    0.09760  92.4%   168   42s
H 4443  3480                       1.2808468    0.09760  92.4%   168   44s
H 4443  3306                       1.2803341    0.09760  92.4%   168   44s
H 4443  3140                       1.2788678    0.09760  92.4%   168   44s
H 4444  2984                       1.2788601    0.09760  92.4%   167   45s
H 4444  2835                       1.2782474    0.09760  92.4%   167   45s
H 4446  2694                       1.2782002    0.09760  92.4%   167   46s
H 4446  2559                       1.2740482    0.09760  92.3%   167   46s
H 4448  2431                       1.2738825    0.09760  92.3%   167   47s
H 4451  2311                       1.2736243    0.09760  92.3%   167   49s
  4454  2313    0.33648   93 2919    1.27362    0.09760  92.3%   167   50s
H 4454  2197                       1.2729540    0.09760  92.3%   167   50s
  4462  2208    0.16013   11 2264    1.27295    0.13208  89.6%   179   56s
  4474  2228    0.18406   13 2283    1.27295    0.13910  89.1%   186   60s
H 4499  2125                       1.2722923    0.14037  89.0%   197   62s
H 4502  2019                       1.2715104    0.14037  89.0%   199   62s
H 4538  1955                       1.2663396    0.15112  88.1%   214   75s
H 4540  1860                       1.2442622    0.15112  87.9%   214   75s
  4601  1910    0.21789   17 2243    1.24426    0.15112  87.9%   226   80s
  4625  1919    0.22607   18 2183    1.24426    0.15112  87.9%   232   85s
H 4626  1829                       1.2412034    0.15112  87.8%   232   85s
H 4627  1744                       1.2407941    0.15112  87.8%   233   85s
H 4628  1662                       1.2368213    0.15112  87.8%   234   85s
  4701  1734    0.25302   22 1881    1.23682    0.15112  87.8%   247   90s
  4810  1816    0.41191   25 1798    1.23682    0.15112  87.8%   268   95s
  4972  1935    0.49653   30 1906    1.23682    0.15112  87.8%   281  100s
  5298  2077    0.64716   35 1889    1.23682    0.15112  87.8%   291  106s
  5439  2127    0.63537   38 1552    1.23682    0.15112  87.8%   299  110s
  5654  2227    0.64633   46 1410    1.23682    0.15112  87.8%   313  115s
  5789  2369    0.75073   49 1546    1.23682    0.15112  87.8%   321  120s
  5899  2414    0.75478   53 1452    1.23682    0.15112  87.8%   324  129s
  5988  2475    0.76845   56 1541    1.23682    0.15112  87.8%   327  131s
  6115  2516    0.85722   63 1407    1.23682    0.15112  87.8%   329  135s
  6294  2610    0.53162   15 2198    1.23682    0.15858  87.2%   340  140s
  6495  2684    0.58611   19 2289    1.23682    0.15858  87.2%   349  148s
  6566  2725    0.69210   24 2218    1.23682    0.15858  87.2%   357  151s
  6653  2773    0.97703   27 2458    1.23682    0.15858  87.2%   363  155s
  6847  2913    1.14099   47 1527    1.23682    0.16818  86.4%   375  162s
  6971  2975    0.39549   15 2465    1.23682    0.16818  86.4%   380  166s
  7211  3089    0.48387   20 2102    1.23682    0.16818  86.4%   391  174s
  7335  3149    0.60619   24 2183    1.23682    0.16818  86.4%   397  178s
  7456  3249    0.71915   27 2033    1.23682    0.16818  86.4%   403  183s
  7602  3282    0.91092   35 2144    1.23682    0.16818  86.4%   408  188s
  7732  3363    1.10837   48 1858    1.23682    0.16818  86.4%   414  194s
  7874  3395    1.23233   58 1355    1.23682    0.16818  86.4%   420  200s
  7994  3445    0.25714   20 2098    1.23682    0.16982  86.3%   428  206s
  8101  3536    0.39576   22 2291    1.23682    0.16982  86.3%   435  211s
  8245  3588    0.47767   26 2040    1.23682    0.16982  86.3%   441  217s
  8374  3684    0.56502   29 1841    1.23682    0.16982  86.3%   447  223s
  8564  3744    0.79980   33 2058    1.23682    0.16982  86.3%   452  230s
  8735  3781    0.83913   36 2102    1.23682    0.16982  86.3%   457  237s
  8873  3850    0.94250   43 1878    1.23682    0.16982  86.3%   464  245s
  9031  3895     cutoff   51         1.23682    0.16982  86.3%   470  253s
  9171  3993    1.19588   50 1886    1.23682    0.18646  84.9%   477  262s
  9318  4132    0.52361   20 2418    1.23682    0.18646  84.9%   486  269s
  9526  4221    0.35255   20 2446    1.23682    0.18646  84.9%   490  278s
  9686  4351    0.66580   23 2248    1.23682    0.18646  84.9%   497  288s
  9854  4473    0.87713   27 2075    1.23682    0.18646  84.9%   504  298s
H10043  4487                       1.2339195    0.18646  84.9%   510  318s
H10049  4478                       1.2287265    0.18646  84.8%   510  318s
 10059  4619    0.94584   31 2157    1.22873    0.18646  84.8%   511  328s
H10229  4560                       1.2104853    0.18646  84.6%   518  487s
H10230  4552                       1.2091442    0.18646  84.6%   518  487s
 10248  4701    1.18058   37 2257    1.20914    0.18655  84.6%   519  498s
 10465  4816    0.23992   21 2390    1.20914    0.18655  84.6%   525  510s
 10631  4960    0.35352   25 2265    1.20914    0.18655  84.6%   533  523s
 10806  5105    0.74939   35 2056    1.20914    0.18655  84.6%   540  536s
 10965  5199    1.06251   52 1862    1.20914    0.18921  84.4%   548  548s
 11112  5319    0.21766   22 2523    1.20914    0.18921  84.4%   553  561s
 11267  5453    0.36280   26 2462    1.20914    0.18921  84.4%   564  575s
 11431  5688    0.53146   29 2271    1.20914    0.18921  84.4%   573  590s
 11687  5906    0.77659   37 2238    1.20914    0.18921  84.4%   579  604s
 11996  6063    1.05196   50 2184    1.20914    0.19043  84.3%   584  620s
 12245  6230    0.22357   23 2413    1.20914    0.19043  84.3%   591  639s
 12444  6431    0.44011   29 2426    1.20914    0.19043  84.3%   599  656s
 12685  6632    1.15022   49 2111    1.20914    0.19808  83.6%   606  674s
 12982  6849    0.51323   25 2169    1.20914    0.19808  83.6%   613  692s
 13246  7070    0.98305   39 2315    1.20914    0.20597  83.0%   621  711s
 13515  7285    0.38838   25 2579    1.20914    0.20597  83.0%   630  731s
 13809  7507    0.99062   41 2215    1.20914    0.20598  83.0%   637  751s
 14189  7667    0.24776   20 2176    1.20914    0.20881  82.7%   642  776s
 14411  7890    0.27467   26 1931    1.20914    0.20881  82.7%   653  799s
 14652  8133    0.32389   31 1798    1.20914    0.20881  82.7%   664  822s
 14954  8361    0.41357   38 1939    1.20914    0.20881  82.7%   674  843s
 15225  8739    0.58920   41 2036    1.20914    0.20881  82.7%   678  866s
 15652  9041    0.77862   47 1822    1.20914    0.20881  82.7%   683  892s
 16086  9359    0.90610   56 1849    1.20914    0.20881  82.7%   687  919s
 16513  9584    1.14200   68 1556    1.20914    0.20882  82.7%   693  947s
 16976  9896    0.46190   33 2321    1.20914    0.20882  82.7%   699  977s
 17410 10227    1.18113   62 1688    1.20914    0.20897  82.7%   705 1007s
 17862 10524    0.78930   32 2337    1.20914    0.20897  82.7%   710 1041s
 18294 10778    1.20883   49 1916    1.20914    0.21476  82.2%   717 1075s
 18674 11150    0.43056   29 2260    1.20914    0.21476  82.2%   727 1110s
 19135 11562    1.08652   48 2048    1.20914    0.21524  82.2%   734 1146s
 19667 12003    0.85356   43 2106    1.20914    0.21618  82.1%   741 1184s
 20260 12335    0.45160   26 2284    1.20914    0.21668  82.1%   745 1225s
 20689 12709    0.86115   35 2127    1.20914    0.21893  81.9%   754 1280s
 21273 13264    0.91567   39 1904    1.20914    0.22344  81.5%   763 1341s
 22019 13671    1.20515   44 2384    1.20914    0.22437  81.4%   771 1400s
 22614 14230    1.06442   45 1979    1.20914    0.22600  81.3%   783 1467s
H23372 14476                       1.2081007    0.22601  81.3%   793 1528s
H23373 14476                       1.2081007    0.22790  81.1%   793 1528s
H23429 14429                       1.2056280    0.22815  81.1%   794 1528s
H23507 14359                       1.2011541    0.22815  81.0%   794 1528s
 23757 15098    0.78839   32 2121    1.20115    0.22850  81.0%   796 1606s
 24818 15745    0.43231   23 2507    1.20115    0.23037  80.8%   800 1685s
 25554 16471    0.92066   48 2142    1.20115    0.23075  80.8%   814 1767s
 26464 16785    0.46705   26 2090    1.20115    0.23075  80.8%   827 1800s

Cutting planes:
  Gomory: 698
  Cover: 1
  Implied bound: 6
  MIR: 109
  StrongCG: 15
  Flow cover: 134
  Inf proof: 1
  Zero half: 27
  RLT: 95
  Relax-and-lift: 2
  BQP: 13

Explored 26810 nodes (22308268 simplex iterations) in 1800.02 seconds (2400.08 work units)
Thread count was 16 (of 16 available processors)

Solution count 10: 1.20115 1.20563 1.2081 ... 1.24079

Time limit reached
Warning: max constraint violation (7.2870e-04) exceeds tolerance
Warning: max general constraint violation (7.2870e-04) exceeds tolerance
Best objective 1.201154119065e+00, best bound 2.307507149868e-01, gap 80.7892%
