
Gurobi 9.5.0 (linux64) logging started Mon 14 Nov 2022 01:08:44 PM PST

Set parameter LogFile to value "experiments/t_2_theta_0.55/gurobi.1668460122.log"
Set parameter LogToConsole to value 0
Set parameter TimeLimit to value 1800
Set parameter Threads to value 16
Gurobi Optimizer version 9.5.0 build v9.5.0rc5 (linux64)
Thread count: 8 physical cores, 16 logical processors, using up to 16 threads
Optimize a model with 340 rows, 1428 columns and 5305 nonzeros
Model fingerprint: 0x587811c8
Model has 3425 quadratic objective terms
Model has 150 quadratic constraints
Model has 2 general constraints
Variable types: 85 continuous, 1343 integer (1343 binary)
Coefficient statistics:
  Matrix range     [1e+00, 1e+01]
  QMatrix range    [1e+00, 1e+00]
  QLMatrix range   [1e+00, 1e+00]
  Objective range  [0e+00, 0e+00]
  QObjective range [4e-05, 3e+01]
  Bounds range     [1e+00, 8e+02]
  RHS range        [1e+00, 1e+02]
Presolve added 57 rows and 1173 columns
Presolve time: 0.06s
Presolved: 4764 rows, 4797 columns, 36202 nonzeros
Variable types: 1286 continuous, 3511 integer (3415 binary)

Root relaxation: objective -4.263256e-14, 5272 iterations, 0.28 seconds (0.33 work units)

    Nodes    |    Current Node    |     Objective Bounds      |     Work
 Expl Unexpl |  Obj  Depth IntInf | Incumbent    BestBd   Gap | It/Node Time

     0     0   -0.00000    0 3456          -   -0.00000      -     -    0s
     0     0    0.02794    0 3402          -    0.02794      -     -    1s
     0     0    0.02797    0 3402          -    0.02797      -     -    1s
     0     0    0.04024    0 3333          -    0.04024      -     -    1s
     0     0    0.04038    0 3326          -    0.04038      -     -    1s
     0     0    0.04972    0 3332          -    0.04972      -     -    2s
     0     0    0.05053    0 3332          -    0.05053      -     -    2s
     0     0    0.05560    0 3298          -    0.05560      -     -    3s
H    0     0                     121.6776043    0.05560   100%     -    3s
     0     0    0.05560    0 3280  121.67760    0.05560   100%     -    3s
H    0     0                      30.2879033    0.05564   100%     -    3s
H    0     0                      30.0611416    0.05564   100%     -    3s
     0     2    0.05564    0 3280   30.06114    0.05564   100%     -    3s
     7    16    0.06817    3 3164   30.06114    0.06533   100%   595    5s
H   32    40                      30.0585022    0.10563   100%  1288    6s
H   37    40                      30.0389460    0.10563   100%  1190    6s
H   38    40                      30.0340455    0.10563   100%  1201    6s
H   40    40                      21.1123476    0.10563  99.5%  1166    6s
H   79    88                      21.0296665    0.15599  99.3%   989   13s
H   79    88                      11.3977926    0.15599  98.6%   989   13s
H   82    88                      11.2282954    0.15599  98.6%   994   13s
H   84    88                       2.5384622    0.15599  93.9%   990   13s
   182   170    0.21697   10 2840    2.53846    0.15651  93.8%   798   15s
  1047  1142    1.05567   67  403    2.53846    0.15651  93.8%   359   20s
H 1220  1193                       2.5310378    0.15651  93.8%   319   20s
H 1223  1193                       2.5281317    0.15651  93.8%   319   20s
H 1237  1193                       2.5255257    0.15651  93.8%   316   20s
H 1238  1193                       2.5201031    0.15651  93.8%   316   20s
H 1245  1193                       1.8741440    0.15651  91.6%   316   20s
  2037  1747    0.66007   18 1313    1.87414    0.15706  91.6%   285   25s
H 2082  1723                       1.8375826    0.15706  91.5%   291   30s
H 2084  1638                       1.8373731    0.15706  91.5%   291   31s
H 2084  1556                       1.8126432    0.15706  91.3%   291   32s
H 2087  1480                       1.7835531    0.15706  91.2%   290   33s
H 2091  1408                       1.7833684    0.15706  91.2%   290   34s
H 2093  1339                       1.7815726    0.15706  91.2%   289   35s
H 2094  1272                       1.7775944    0.15706  91.2%   289   35s
H 2096  1210                       1.7542866    0.15706  91.0%   289   36s
H 2098  1150                       1.7210782    0.15706  90.9%   289   38s
H 2099  1096                       1.7165717    0.15706  90.9%   299   38s
  2102  1099 infeasible   16         1.71657    0.15706  90.9%   303   40s
H 2140  1081                       1.7120651    0.21073  87.7%   320   43s
H 2141  1028                       1.7075586    0.21073  87.7%   320   43s
H 2142   978                       1.7030521    0.21073  87.6%   321   43s
H 2151   928                       1.6957235    0.21073  87.6%   325   43s
H 2188   919                       1.6569431    0.21073  87.3%   330   49s
H 2191   875                       1.4452057    0.21073  85.4%   330   49s
H 2199   832                       1.4139104    0.21073  85.1%   332   49s
  2204   853    0.44886   22 2562    1.41391    0.21073  85.1%   332   50s
H 2340   897                       1.3704401    0.21073  84.6%   358   61s
H 2344   859                       1.3541732    0.21073  84.4%   361   61s
  2503  1001    0.52623   27 2408    1.35417    0.21073  84.4%   382   65s
  2744  1075    0.70095   30 2367    1.35417    0.21073  84.4%   402   70s
  2925  1187    0.84811   36 1908    1.35417    0.21073  84.4%   422   75s
  3323  1393    0.99988   42 1644    1.35417    0.21073  84.4%   434   80s
H 3427  1397                       1.3524810    0.21073  84.4%   436   82s
  3723  1519    1.13809   47 1462    1.35248    0.21073  84.4%   436   86s
  4019  1705    1.23985   53 1328    1.35248    0.21073  84.4%   445   91s
  4373  2009    0.23368   20 2398    1.35248    0.21934  83.8%   451   96s
  4625  2174    0.42716   24 2243    1.35248    0.21934  83.8%   452  100s
  4980  2468    1.22796   43 1557    1.35248    0.21934  83.8%   462  106s
  5218  2663    0.36428   21 2167    1.35248    0.23368  82.7%   471  111s
  5491  2965    0.50053   24 2286    1.35248    0.23368  82.7%   479  117s
H 5688  2827                       1.3183791    0.23368  82.3%   479  121s
H 5697  2681                       1.3033906    0.23368  82.1%   479  121s
  5882  2821    0.64559   28 2242    1.30339    0.23368  82.1%   484  126s
  6019  2960    0.79459   30 1920    1.30339    0.23368  82.1%   489  130s
  6341  3279    1.02532   40 2277    1.30339    0.23368  82.1%   498  136s
  6800  3609    1.23936   48 1765    1.30339    0.28502  78.1%   500  142s
H 6927  3607                       1.3031812    0.30622  76.5%   504  142s
  7004  3797    0.48965   22 2614    1.30318    0.30622  76.5%   503  146s
  7215  3953    1.11563   33 2192    1.30318    0.32372  75.2%   504  150s
H 7692  4226                       1.3013432    0.32372  75.1%   507  158s
H 7750  4191                       1.2974930    0.32372  75.1%   508  158s
  7840  4365    1.01931   37 2201    1.29749    0.32372  75.1%   509  162s
  8090  4647    1.22731   48 1578    1.29749    0.33752  74.0%   510  166s
  8445  4796    0.73206   28 2337    1.29749    0.33758  74.0%   506  171s
  8719  4975    1.10107   38 2264    1.29749    0.33758  74.0%   508  175s
  8929  5147     cutoff   46         1.29749    0.34163  73.7%   514  181s
H 8930  4868                       1.2771860    0.34163  73.3%   514  181s
  9164  4975    0.81086   26 2671    1.27719    0.36750  71.2%   518  186s
  9279  5232    0.86440   27 2555    1.27719    0.36750  71.2%   522  191s
  9560  5510    1.10136   33 2365    1.27719    0.36750  71.2%   526  197s
  9949  5738     cutoff   38         1.27719    0.37212  70.9%   525  202s
 10273  5903    1.14320   41 1875    1.27719    0.37320  70.8%   526  208s
 10557  6109    0.71218   30 1948    1.27719    0.37320  70.8%   530  214s
 10846  6313    1.25776   49 1729    1.27719    0.37664  70.5%   533  220s
 11149  6519    0.76312   31 2022    1.27719    0.38510  69.8%   538  226s
 11420  6834    1.05255   37 1803    1.27719    0.38700  69.7%   543  233s
 11784  7155    0.54072   25 2178    1.27719    0.39042  69.4%   546  239s
 12179  7216     cutoff   48         1.27719    0.39631  69.0%   549  253s
H12180  7185                       1.2750671    0.39631  68.9%   549  253s
H12181  7159                       1.2728948    0.39631  68.9%   549  253s
H12184  7135                       1.2716769    0.39631  68.8%   549  253s
 12245  7377    0.46608   24 2283    1.27168    0.39631  68.8%   549  260s
 12615  7546    0.98866   35 2394    1.27168    0.40218  68.4%   551  268s
H12760  7546                       1.2716769    0.40488  68.2%   553  268s
 12837  7825    0.48460   23 2053    1.27168    0.40488  68.2%   554  276s
 13211  8155    0.93564   29 2351    1.27168    0.40488  68.2%   559  285s
 13616  8410 infeasible   39         1.27168    0.40623  68.1%   563  294s
 13984  8689    0.74349   29 2356    1.27168    0.40908  67.8%   569  302s
 14387  8924    1.25605   38 1970    1.27168    0.41027  67.7%   574  311s
 14802  9226    0.49861   31 2309    1.27168    0.41677  67.2%   579  321s
 15286  9476    1.25183   53 1759    1.27168    0.42079  66.9%   581  331s
 15691  9887    0.73139   35 2303    1.27168    0.42883  66.3%   586  341s
 16115 10358    0.91993   41 2034    1.27168    0.42883  66.3%   591  351s
 16695 10701    1.11379   47 1788    1.27168    0.42883  66.3%   593  362s
 17251 10715    1.24939   55 1188    1.27168    0.42883  66.3%   595  422s
H17255 10489                       1.2641199    0.42883  66.1%   595  422s
 17267 10801    1.25927   55 1234    1.26412    0.43541  65.6%   595  434s
 17789 11200     cutoff   44         1.26412    0.44304  65.0%   599  446s
 18372 11542     cutoff   53         1.26412    0.44743  64.6%   602  459s
 18951 11970    0.87850   36 2019    1.26412    0.45314  64.2%   604  472s
 19597 12313    1.19381   46 1847    1.26412    0.45753  63.8%   607  486s
 20171 12727    0.85277   32 2180    1.26412    0.46132  63.5%   611  500s
 20799 13178    0.52984   26 2257    1.26412    0.46534  63.2%   614  519s
 21545 13760    0.63740   23 2347    1.26412    0.46961  62.9%   619  537s
 22416 14431     cutoff   53         1.26412    0.47454  62.5%   621  556s
 23350 15051    0.99673   34 2282    1.26412    0.47666  62.3%   623  574s
 24308 15693    1.04874   39 2139    1.26412    0.48066  62.0%   624  593s
 25312 16244    1.19217   39 1973    1.26412    0.48612  61.5%   623  612s
 26180 16859    1.26356   46 1928    1.26412    0.49000  61.2%   626  633s
 27114 17432    0.92014   40 2155    1.26412    0.49484  60.9%   628  655s
 28004 18071    1.05199   33 2200    1.26412    0.49864  60.6%   632  678s
 28932 18877    1.09507   38 1949    1.26412    0.50196  60.3%   635  700s
 30084 19628 infeasible   47         1.26412    0.50639  59.9%   637  724s
 31262 20254    0.76611   28 2107    1.26412    0.51027  59.6%   638  749s
H31345 20191                       1.2622446    0.51130  59.5%   638  749s
 32367 20880    1.10934   35 2137    1.26224    0.51359  59.3%   636  776s
 33603 21409    0.84025   28 2345    1.26224    0.51684  59.1%   638  803s
 34757 22296    0.98364   33 2090    1.26224    0.52009  58.8%   641  833s
 36094 23315    1.02772   35 2152    1.26224    0.52421  58.5%   643  863s
 37460 24265    1.25120   49 1608    1.26224    0.52699  58.2%   646  894s
 38858 25041    1.02867   32 2191    1.26224    0.53072  58.0%   648  925s
 40211 26016    0.89174   34 1991    1.26224    0.53338  57.7%   651  959s
H41725 26016                       1.2622445    0.53746  57.4%   652 1089s
 41726 26017    1.23772   49 1684    1.26224    0.53746  57.4%   652 1092s
 41731 26020    1.19839   38 3047    1.26224    0.53746  57.4%   652 1095s
 41734 26022    0.64637   30 3054    1.26224    0.53746  57.4%   652 1102s
 41736 26024    0.83175   30 3006    1.26224    0.53746  57.4%   652 1105s
 41740 26026    1.14945   40 2939    1.26224    0.53746  57.4%   652 1112s
 41742 26028    1.16930   40 2989    1.26224    0.53746  57.4%   652 1115s
 41746 26030    1.24670   50 2990    1.26224    0.53746  57.4%   652 1122s
 41748 26032    0.68445   31 2994    1.26224    0.53746  57.4%   652 1126s
 41751 26034    1.11640   37 2954    1.26224    0.53746  57.4%   652 1130s
 41754 26036    0.78055   28 2997    1.26224    0.53746  57.4%   652 1136s
 41756 26037    0.96046   36 3013    1.26224    0.53746  57.4%   652 1140s
 41760 26040    1.01803   37 3051    1.26224    0.53746  57.4%   652 1146s
 41763 26042    0.80702   33 2988    1.26224    0.53746  57.4%   652 1151s
 41765 26043    0.99134   36 2933    1.26224    0.53746  57.4%   652 1155s
 41768 26045    1.16415   57 2934    1.26224    0.53746  57.4%   652 1160s
 41771 26047    0.75102   32 2957    1.26224    0.53746  57.4%   652 1165s
 41774 26049    1.22985   67 2964    1.26224    0.53746  57.4%   651 1170s
 41778 26052    0.66586   27 2978    1.26224    0.53746  57.4%   651 1176s
 41781 26054    0.68773   30 2988    1.26224    0.53746  57.4%   651 1180s
 41784 26056    1.07713   35 2925    1.26224    0.53746  57.4%   651 1185s
 41788 26058    0.70648   30 3004    1.26224    0.53746  57.4%   651 1191s
 41791 26060    0.93599   32 2959    1.26224    0.53746  57.4%   651 1196s
 41794 26062    0.98110   36 2981    1.26224    0.53746  57.4%   651 1201s
 41797 26064    1.19885   45 2979    1.26224    0.53746  57.4%   651 1206s
 41800 26066    0.69383   27 3028    1.26224    0.53746  57.4%   651 1211s
 41802 26068    0.95476   40 3050    1.26224    0.53746  57.4%   651 1215s
 41805 26070    0.77890   30 3057    1.26224    0.53746  57.4%   651 1220s
 41808 26072    0.77104   35 2990    1.26224    0.53746  57.4%   651 1225s
 41811 26074    1.05984   44 3046    1.26224    0.53746  57.4%   651 1230s
 41814 26076    1.05710   42 3027    1.26224    0.53746  57.4%   651 1235s
 41818 26078    0.79918   26 3047    1.26224    0.53746  57.4%   651 1242s
 41820 26080    0.84560   36 3045    1.26224    0.53746  57.4%   651 1246s
 41823 26082    1.03875   33 3042    1.26224    0.53746  57.4%   651 1250s
 41826 26084    1.23772   49 3024    1.26224    0.53746  57.4%   651 1256s
 41829 26086    1.25112   59 3024    1.26224    0.53746  57.4%   651 1260s
 41832 26088    1.23990   37 3025    1.26224    0.53746  57.4%   651 1266s
 41834 26089    0.64637   30 3031    1.26224    0.53746  57.4%   651 1270s
 41837 26091    1.16881   48 3024    1.26224    0.53746  57.4%   650 1275s
 41840 26093    1.14945   40 3033    1.26224    0.53746  57.4%   650 1281s
 41843 26095    1.17776   42 3007    1.26224    0.53746  57.4%   650 1285s
 41846 26097    1.24670   50 3030    1.26224    0.53746  57.4%   650 1290s
 41850 26100    1.24393   71 3016    1.26224    0.53746  57.4%   650 1297s
 41852 26101    1.23293   51 3030    1.26224    0.53746  57.4%   650 1300s
 41856 26104    0.96046   36 3053    1.26224    0.53746  57.4%   650 1307s
 41858 26105    1.24038   43 3020    1.26224    0.53746  57.4%   650 1310s
 41862 26108    0.69525   29 3003    1.26224    0.53746  57.4%   650 1315s
 41866 26110    0.73082   27 3001    1.26224    0.53746  57.4%   650 1320s
 41870 26113    1.13681   38 3018    1.26224    0.53746  57.4%   650 1326s
 41874 26116    1.22985   67 3022    1.26224    0.53746  57.4%   650 1331s
 41878 26118    0.66586   27 3017    1.26224    0.53746  57.4%   650 1336s
 41882 26121    0.87118   36 3017    1.26224    0.53746  57.4%   650 1340s
 41886 26124    1.14609   39 3020    1.26224    0.53746  57.4%   650 1345s
 41890 26126    1.13641   42 3022    1.26224    0.53746  57.4%   650 1350s
 41894 26129    0.98110   36 3028    1.26224    0.53746  57.4%   650 1355s
 41899 26132    0.93592   40 3026    1.26224    0.53746  57.4%   650 1360s
 41903 26135    1.12460   42 3026    1.26224    0.53746  57.4%   649 1366s
 41904 26136    1.14475   42 3026    1.26224    0.53746  57.4%   649 1374s
 41905 26139    0.53746   29 2864    1.26224    0.53746  57.4%   656 1386s
 41907 26143    0.53746   30 2902    1.26224    0.53746  57.4%   657 1391s
 41911 26149    0.53746   31 2755    1.26224    0.53746  57.4%   657 1397s
 41919 26163    0.53746   32 2860    1.26224    0.53746  57.4%   658 1403s
 41935 26173    0.60343   33 2821    1.26224    0.53746  57.4%   659 1411s
 41951 26182    0.53820   33 2851    1.26224    0.53746  57.4%   660 1424s
 41967 26193    0.54531   34 2826    1.26224    0.53746  57.4%   661 1434s
 41983 26203    0.55983   34 2787    1.26224    0.53746  57.4%   663 1441s
 41999 26215    0.56750   35 2608    1.26224    0.53746  57.4%   664 1447s
 42016 26225    0.59839   35 2518    1.26224    0.53746  57.4%   665 1453s
 42032 26240    0.57087   36 2534    1.26224    0.53746  57.4%   666 1464s
 42054 26254    0.58835   37 2436    1.26224    0.53746  57.4%   668 1470s
 42075 26270    0.65333   37 2532    1.26224    0.53746  57.4%   669 1476s
 42098 26291    0.65144   38 2269    1.26224    0.53746  57.4%   670 1480s
 42154 26329    0.67955   39 2275    1.26224    0.53746  57.4%   672 1489s
 42184 26346    0.70547   39 2325    1.26224    0.53746  57.4%   673 1494s
 42217 26362    0.69622   40 2174    1.26224    0.53746  57.4%   674 1499s
 42250 26377    0.71448   41 2159    1.26224    0.53746  57.4%   675 1503s
 42290 26386    0.74000   42 2211    1.26224    0.53746  57.4%   676 1509s
 42332 26404    0.79756   43 2113    1.26224    0.53746  57.4%   677 1514s
 42374 26417    0.78440   44 2179    1.26224    0.53746  57.4%   678 1520s
 42413 26435    0.81766   45 2219    1.26224    0.53746  57.4%   680 1525s
 42458 26450    0.86738   46 2079    1.26224    0.53746  57.4%   681 1531s
 42499 26485    0.89243   48 2085    1.26224    0.53746  57.4%   682 1538s
 42556 26512    0.94127   50 1950    1.26224    0.53746  57.4%   684 1544s
 42608 26544    0.97334   51 1975    1.26224    0.53746  57.4%   685 1550s
 42657 26544    0.95151   52 2043    1.26224    0.53746  57.4%   686 1563s
 42673 26607    0.99566   53 2078    1.26224    0.53746  57.4%   687 1568s
 42751 26632    1.01941   54 2089    1.26224    0.53746  57.4%   688 1574s
 42837 26639    1.14988   57 1958    1.26224    0.53746  57.4%   690 1580s
 42906 26649    1.12272   59 1917    1.26224    0.53746  57.4%   691 1588s
 42966 26672     cutoff   61         1.26224    0.53746  57.4%   693 1595s
 43021 26718    1.14543   60 2064    1.26224    0.53746  57.4%   695 1602s
 43094 26750     cutoff   61         1.26224    0.53746  57.4%   697 1608s
 43181 26763    0.53746   35 2449    1.26224    0.53746  57.4%   698 1617s
 43267 26788    0.53746   35 2348    1.26224    0.53746  57.4%   700 1625s
 43337 26835    0.53746   37 2378    1.26224    0.53746  57.4%   702 1633s
 43422 26875    0.53746   39 2356    1.26224    0.53746  57.4%   704 1641s
 43529 26939    0.53746   40 2243    1.26224    0.53746  57.4%   706 1649s
 43641 26972    0.53746   42 2280    1.26224    0.53746  57.4%   707 1659s
 43760 27015    0.57354   44 1983    1.26224    0.53746  57.4%   710 1669s
 43867 27042    0.62828   46 2097    1.26224    0.53746  57.4%   712 1680s
 43965 27096    0.67344   47 2127    1.26224    0.53746  57.4%   712 1690s
 44077 27138    0.71744   48 2274    1.26224    0.53746  57.4%   715 1700s
 44198 27164    0.78317   49 2164    1.26224    0.53746  57.4%   717 1713s
 44330 27195    0.80459   49 2081    1.26224    0.53746  57.4%   720 1724s
 44474 27231    0.84335   50 1838    1.26224    0.53746  57.4%   722 1736s
 44585 27293    0.87091   53 2093    1.26224    0.53746  57.4%   724 1749s
 44719 27350    0.97302   55 2122    1.26224    0.53746  57.4%   727 1762s
 44869 27393    1.11838   58 2018    1.26224    0.53746  57.4%   730 1774s
 45018 27427    1.20502   68 1651    1.26224    0.53746  57.4%   732 1788s
 45167 27471     cutoff   77         1.26224    0.53746  57.4%   735 1800s

Cutting planes:
  Gomory: 654
  MIR: 37
  Flow cover: 55
  Zero half: 1
  RLT: 9

Explored 45315 nodes (33413575 simplex iterations) in 1800.02 seconds (2781.41 work units)
Thread count was 16 (of 16 available processors)

Solution count 10: 1.26224 1.26224 1.26412 ... 1.30134

Time limit reached
Warning: max constraint violation (2.1661e-04) exceeds tolerance
Warning: max general constraint violation (2.1661e-04) exceeds tolerance
Best objective 1.262244606478e+00, best bound 5.374617410116e-01, gap 57.4202%
