
Gurobi 9.5.0 (linux64) logging started Wed 16 Nov 2022 04:39:50 AM PST

Set parameter LogFile to value "experiments/t_5_theta_0.55/gurobi.1668602389.log"
Set parameter LogToConsole to value 0
Set parameter TimeLimit to value 1800
Set parameter Threads to value 16
Gurobi Optimizer version 9.5.0 build v9.5.0rc5 (linux64)
Thread count: 8 physical cores, 16 logical processors, using up to 16 threads
Optimize a model with 343 rows, 1518 columns and 5392 nonzeros
Model fingerprint: 0xb6445bb8
Model has 3500 quadratic objective terms
Model has 375 quadratic constraints
Model has 5 general constraints
Variable types: 100 continuous, 1418 integer (1418 binary)
Coefficient statistics:
  Matrix range     [1e+00, 1e+01]
  QMatrix range    [1e+00, 1e+00]
  QLMatrix range   [1e+00, 1e+00]
  Objective range  [0e+00, 0e+00]
  QObjective range [4e-05, 3e+01]
  Bounds range     [1e+00, 8e+02]
  RHS range        [1e+00, 1e+02]
Presolve added 77 rows and 1523 columns
Presolve time: 0.04s
Presolved: 5349 rows, 5568 columns, 40602 nonzeros
Variable types: 1785 continuous, 3783 integer (3565 binary)

Root relaxation: objective -1.449507e-12, 6367 iterations, 0.38 seconds (0.36 work units)

    Nodes    |    Current Node    |     Objective Bounds      |     Work
 Expl Unexpl |  Obj  Depth IntInf | Incumbent    BestBd   Gap | It/Node Time

     0     0   -0.00000    0 3520          -   -0.00000      -     -    0s
     0     0    0.03246    0 3502          -    0.03246      -     -    1s
     0     0    0.09464    0 3009          -    0.09464      -     -    1s
     0     0    0.09465    0 3005          -    0.09465      -     -    1s
     0     0    0.10776    0 2984          -    0.10776      -     -    2s
     0     0    0.10846    0 2970          -    0.10846      -     -    2s
     0     0    0.11458    0 2989          -    0.11458      -     -    2s
     0     0    0.11508    0 2987          -    0.11508      -     -    3s
H    0     0                       1.9765001    0.11508  94.2%     -    3s
H    0     0                       1.9351716    0.11508  94.1%     -    3s
     0     0    0.11826    0 2974    1.93517    0.11826  93.9%     -    3s
     0     0    0.11826    0 2939    1.93517    0.11826  93.9%     -    3s
H    0     0                       1.8387940    0.11837  93.6%     -    4s
H    0     0                       1.8382862    0.11837  93.6%     -    4s
     0     2    0.11837    0 2929    1.83829    0.11837  93.6%     -    4s
H    3     8                       1.8251551    0.12650  93.1%   139    5s
H   31    42                       1.7955085    0.13692  92.4%   826    6s
H   38    42                       1.7786348    0.13696  92.3%   709    6s
H   79    78                       1.7535040    0.14264  91.9%   679    9s
H   80    78                       1.7282147    0.14264  91.7%   678    9s
H   83    78                       1.7028234    0.14264  91.6%   678    9s
H   93    78                       1.6645534    0.14264  91.4%   657    9s
   115   116    0.26294    8 2451    1.66455    0.14264  91.4%   623   10s
H  133   132                       1.5937162    0.14264  91.1%   696   14s
H  138   132                       1.5824616    0.14264  91.0%   688   14s
H  142   132                       1.5750123    0.14264  90.9%   687   14s
H  144   132                       1.4055375    0.14264  89.9%   687   14s
H  148   132                       1.3945071    0.14264  89.8%   688   14s
   149   158    0.26886   10 2453    1.39451    0.14264  89.8%   694   15s
H  728   768                       1.3538596    0.14264  89.5%   387   21s
H  734   768                       1.3218988    0.14264  89.2%   385   21s
H  746   768                       1.3161880    0.14264  89.2%   383   21s
  1710  1719    1.21459   84  223    1.31619    0.14264  89.2%   211   25s
H 1877  1811                       1.3146594    0.14264  89.2%   200   26s
H 1901  1811                       1.3125995    0.14264  89.1%   198   26s
  2692  2644    0.32076    8 2080    1.31260    0.14400  89.0%   172   30s
H 2929  2643                       1.2986163    0.14400  88.9%   165   33s
H 2929  2608                       1.2917699    0.14400  88.9%   165   33s
H 2931  2579                       1.2837504    0.14400  88.8%   166   33s
H 2932  2503                       1.2551570    0.14400  88.5%   166   33s
H 2933  2415                       1.2122515    0.14400  88.1%   166   33s
H 3475  2778                       1.1860352    0.14400  87.9%   155   41s
H 3477  2641                       1.1544886    0.14400  87.5%   155   42s
H 3478  2508                       1.1539919    0.14400  87.5%   155   44s
H 3480  2385                       1.1495335    0.14400  87.5%   155   45s
H 3483  2267                       1.1485189    0.14672  87.2%   155   46s
H 3484  2154                       1.1464897    0.14872  87.0%   155   47s
H 3486  2048                       1.1436682    0.16065  86.0%   155   48s
H 3487  1945                       1.1434166    0.16222  85.8%   155   48s
H 3487  1848                       1.1403784    0.16371  85.6%   155   49s
H 3491  1758                       1.1386126    0.17200  84.9%   154   50s
H 3496  1672                       1.1297327    0.23066  79.6%   154   52s
H 3496  1588                       1.1280479    0.23066  79.6%   154   52s
  3502  1592    0.97439  151 2748    1.12805    0.26156  76.8%   154   55s
H 3506  1515                       1.1228528    0.28903  74.3%   154   57s
  3511  1518    0.75458   95 2799    1.12285    0.31249  72.2%   154   61s
  3515  1521    1.09664  138 2849    1.12285    0.31612  71.8%   153   66s
H 3518  1446                       1.1222057    0.31894  71.6%   153   70s
H 3518  1373                       1.1204240    0.32075  71.4%   153   71s
  3526  1378    0.78173  124 2728    1.12042    0.32805  70.7%   153   75s
  3542  1406    0.45969   15 2459    1.12042    0.34134  69.5%   182   82s
  3558  1417    0.53106   16 2375    1.12042    0.42784  61.8%   199   85s
H 3569  1343                       1.1204240    0.42784  61.8%   209   85s
H 3606  1313                       1.1203365    0.42784  61.8%   230   98s
H 3607  1249                       1.1181407    0.42784  61.7%   231   98s
H 3612  1188                       1.1162447    0.42784  61.7%   232   98s
  3622  1208    0.63771   18 1840    1.11624    0.42784  61.7%   235  100s
  3722  1263    0.65601   20 1581    1.11624    0.42784  61.7%   264  106s
  3816  1334    0.66743   22 1378    1.11624    0.42784  61.7%   284  110s
  3990  1388    0.70931   24 1327    1.11624    0.42784  61.7%   301  116s
  4111  1472    0.71325   28 1251    1.11624    0.42784  61.7%   312  120s
  4384  1641    0.82148   37 1205    1.11624    0.42784  61.7%   323  126s
  4656  1753    0.86689   45 1142    1.11624    0.42784  61.7%   329  130s
  4904  1882    0.93748   51 1100    1.11624    0.42784  61.7%   338  136s
  5221  2125    1.04275   66  919    1.11624    0.42784  61.7%   343  142s
  5532  2244    0.50661   17 1919    1.11624    0.49451  55.7%   343  147s
  5692  2259    0.51919   18 1886    1.11624    0.49451  55.7%   343  150s
  5808  2248    0.55807   20 1507    1.11624    0.49451  55.7%   348  157s
  5849  2323    0.55991   21 1481    1.11624    0.49451  55.7%   350  160s
  6258  2559    0.68570   39 1311    1.11624    0.49451  55.7%   356  168s
  6447  2587    0.80674   51 1068    1.11624    0.49451  55.7%   357  171s
  6672  2680    0.61392   18 2057    1.11624    0.51354  54.0%   368  177s
  6801  2777    0.66774   20 1939    1.11624    0.51354  54.0%   371  180s
H 7119  2887                       1.1154943    0.51354  54.0%   372  196s
H 7120  2886                       1.1151505    0.51354  53.9%   372  196s
H 7121  2880                       1.1143000    0.51354  53.9%   373  196s
H 7129  2874                       1.1138993    0.51354  53.9%   373  196s
  7410  3347    0.70544   24 1777    1.11390    0.51354  53.9%   371  203s
  7695  3575    0.81483   27 1782    1.11390    0.51354  53.9%   367  206s
  7990  3756    0.79704   34 1681    1.11390    0.51354  53.9%   365  210s
H 8226  3924                       1.1137146    0.51354  53.9%   366  214s
  8418  4159    1.00320   51 1109    1.11371    0.51354  53.9%   368  219s
  8684  4382    1.10265   68  790    1.11371    0.51701  53.6%   368  223s
  8950  4481    0.61434   18 1942    1.11371    0.51702  53.6%   368  229s
  9063  4670    0.63819   20 2003    1.11371    0.51702  53.6%   370  234s
  9292  4908    0.65473   21 1776    1.11371    0.51702  53.6%   371  239s
  9572  5211    0.68755   24 1685    1.11371    0.51702  53.6%   371  244s
  9967  5369    0.74287   28 1609    1.11371    0.51702  53.6%   367  250s
 10177  5585    0.93004   35 1617    1.11371    0.51702  53.6%   368  256s
 10480  5772    1.10800   52 1158    1.11371    0.54265  51.3%   370  262s
 10742  6032    0.63462   19 2124    1.11371    0.54265  51.3%   373  268s
 11063  6247    0.67732   21 1914    1.11371    0.54265  51.3%   374  274s
 11358  6448    0.67502   23 1547    1.11371    0.54265  51.3%   376  280s
 11583  6722    0.75948   31 1573    1.11371    0.54265  51.3%   380  287s
 11870  6996    0.77749   37 1647    1.11371    0.54265  51.3%   383  294s
 12199  7338    0.87656   44 1556    1.11371    0.54265  51.3%   385  300s
 12561  7653    0.93223   48 1669    1.11371    0.54265  51.3%   386  308s
 12929  7994    1.01956   57 1446    1.11371    0.54265  51.3%   387  315s
 13363  8348    1.07580   68 1126    1.11371    0.56538  49.2%   387  323s
 13786  8658    0.64107   26 1678    1.11371    0.56538  49.2%   387  330s
H14217  8671                       1.1137146    0.56538  49.2%   388  378s
H14218  8671                       1.1137140    0.56538  49.2%   388  378s
 14236  8960    0.90460   46 1611    1.11371    0.57493  48.4%   389  386s
 14595  9368    0.63361   27 1440    1.11371    0.57493  48.4%   392  395s
 15068  9740     cutoff   80         1.11371    0.57939  48.0%   392  404s
 15566 10046    0.79678   31 1626    1.11371    0.57939  48.0%   393  413s
 16056 10394     cutoff   54         1.11371    0.58264  47.7%   394  423s
 16432 10829    0.67319   26 1250    1.11371    0.58264  47.7%   398  433s
 16889 11338    0.73624   38 1111    1.11371    0.58264  47.7%   401  443s
 17458 11843    0.90278   54 1269    1.11371    0.58264  47.7%   401  454s
 18116 12324    1.09967   76  988    1.11371    0.58511  47.5%   400  465s
 18722 12716    0.82945   35 1629    1.11371    0.58581  47.4%   400  478s
 19262 13057    0.69262   17 2016    1.11371    0.58697  47.3%   403  491s
 19792 13464    0.77470   22 1868    1.11371    0.58697  47.3%   406  504s
 20338 13960     cutoff   40         1.11371    0.59051  47.0%   409  517s
 21043 14493    0.71874   20 1779    1.11371    0.59221  46.8%   409  534s
 21752 14946    1.08562   29 1703    1.11371    0.59381  46.7%   411  552s
 22384 15533    0.87574   27 1689    1.11371    0.59593  46.5%   415  574s
 23039 16236    0.70538   24 1456    1.11371    0.59597  46.5%   420  598s
 23924 16863    0.89642   40 1254    1.11371    0.59644  46.4%   422  619s
 24826 17567    0.95157   48 1469    1.11371    0.59677  46.4%   423  642s
 25793 18237    0.69367   24 2018    1.11371    0.59863  46.2%   425  666s
 26603 18948    0.92030   38 1450    1.11371    0.59868  46.2%   429  691s
 27592 19191    0.90957   45 1624    1.11371    0.59993  46.1%   431  727s
H27729 19170                       1.1128346    0.59993  46.1%   432  727s
 27909 19943    0.63497   32 1498    1.11283    0.60083  46.0%   432  753s
 29008 20633    0.62187   32 1532    1.11283    0.60348  45.8%   433  783s
H29466 20633                       1.1128346    0.60348  45.8%   437  783s
 29753 21488    0.88088   48 1387    1.11283    0.60350  45.8%   440  813s
 30785 22422    0.68829   32 1319    1.11283    0.60350  45.8%   444  845s
 31877 23349    0.97625   56 1404    1.11283    0.60577  45.6%   447  877s
 33150 24244    0.71566   35 1491    1.11283    0.60584  45.6%   447  909s
 34672 25249    0.71470   24 2020    1.11283    0.60789  45.4%   446  942s
 36154 26227    0.85926   41 1498    1.11283    0.60998  45.2%   446  975s
 37326 27390    0.82653   32 1660    1.11283    0.61078  45.1%   449 1011s
 39023 28359    1.07576   43 1575    1.11283    0.61080  45.1%   448 1048s
 40381 29539    0.83927   50 1547    1.11283    0.61174  45.0%   449 1085s
H41845 29539                       1.1128316    0.61257  45.0%   451 1244s
 41846 29540    0.84229   35 1760    1.11283    0.61257  45.0%   451 1249s
 41848 29541    0.72790   27 2928    1.11283    0.61257  45.0%   451 1250s
 41852 29544    1.06240   43 2640    1.11283    0.61257  45.0%   451 1255s
 41855 29546    0.84912   24 2800    1.11283    0.61257  45.0%   451 1260s
 41858 29548    0.81832   25 2815    1.11283    0.61257  45.0%   451 1266s
 41861 29550    1.05581   74 2705    1.11283    0.61257  45.0%   451 1270s
 41863 29551    0.91004   36 2725    1.11283    0.61257  45.0%   451 1275s
 41865 29553    1.10692   71 2657    1.11283    0.61257  45.0%   451 1280s
 41867 29554    0.79587   33 2720    1.11283    0.61257  45.0%   451 1285s
 41869 29555    0.89324   37 2755    1.11283    0.61257  45.0%   451 1290s
H41870 28077                       1.1099059    0.61257  44.8%   451 1296s
 41872 28078    0.65472   38 2840    1.10991    0.61257  44.8%   451 1300s
 41874 28080    1.01934   52 2807    1.10991    0.61257  44.8%   451 1309s
 41875 28080    0.68624   35 2740    1.10991    0.61257  44.8%   451 1312s
 41876 28081    0.97349   42 2785    1.10991    0.61257  44.8%   451 1316s
H41876 26677                       1.1099040    0.61257  44.8%   451 1318s
 41878 26678    1.08300   53 2804    1.10990    0.61257  44.8%   451 1323s
 41879 26679    0.89177   48 2702    1.10990    0.61257  44.8%   451 1325s
 41881 26680    0.76262   39 2820    1.10990    0.61257  44.8%   451 1330s
 41882 26681    1.09595   71 2776    1.10990    0.61257  44.8%   451 1335s
 41884 26682    0.75014   42 2702    1.10990    0.61257  44.8%   451 1342s
 41885 26683    1.08873   70 2761    1.10990    0.61257  44.8%   451 1346s
 41886 26684    0.76391   36 2751    1.10990    0.61257  44.8%   451 1350s
 41888 26685    0.66700   31 2751    1.10990    0.61257  44.8%   451 1356s
 41889 26686    0.84205   38 2723    1.10990    0.61257  44.8%   451 1360s
 41891 26687    0.95466   39 2708    1.10990    0.61257  44.8%   451 1366s
H41891 25352                       1.1069772    0.61257  44.7%   451 1368s
 41892 25353    0.90394   44 2712    1.10698    0.61257  44.7%   451 1370s
 41894 25354    0.72726   23 2786    1.10698    0.61257  44.7%   450 1377s
 41896 25355    0.93312   48 2777    1.10698    0.61257  44.7%   450 1383s
 41898 25357    0.90479   50 2822    1.10698    0.61257  44.7%   450 1389s
H41898 24088                       1.1069772    0.61257  44.7%   450 1392s
 41900 24089    1.01823   49 2814    1.10698    0.61257  44.7%   450 1396s
 41902 24090    0.96717   44 2836    1.10698    0.61257  44.7%   450 1402s
 41904 24092    1.05700   57 2846    1.10698    0.61257  44.7%   450 1405s
 41906 24093    0.61786   24 2887    1.10698    0.61257  44.7%   450 1410s
H41906 22887                       1.1069772    0.61257  44.7%   450 1412s
 41908 22888    0.61570   27 2867    1.10698    0.61257  44.7%   450 1419s
 41909 22889    1.06412   52 2835    1.10698    0.61257  44.7%   450 1420s
H41909 21744                       1.1069772    0.61257  44.7%   450 1423s
 41911 21745    0.68694   25 2855    1.10698    0.61257  44.7%   450 1428s
H41912 20657                       1.1069772    0.61257  44.7%   450 1430s
 41915 20659    0.89840   42 2840    1.10698    0.61257  44.7%   450 1435s
 41917 20660    0.96291   53 2848    1.10698    0.61257  44.7%   450 1442s
 41918 20661    0.93450   48 2860    1.10698    0.61257  44.7%   450 1445s
 41920 20662    0.84685   39 2888    1.10698    0.61257  44.7%   450 1450s
 41921 20663    0.69674   33 2882    1.10698    0.61257  44.7%   450 1455s
 41923 20664    0.62120   38 2885    1.10698    0.61257  44.7%   450 1460s
 41925 20666    0.95818   50 2868    1.10698    0.61257  44.7%   450 1466s
 41927 20667    0.64268   30 2883    1.10698    0.61257  44.7%   450 1472s
 41928 20668    0.91628   49 2881    1.10698    0.61257  44.7%   450 1475s
 41931 20670    0.75397   32 2900    1.10698    0.61257  44.7%   450 1483s
 41932 20670    0.97171   33 2892    1.10698    0.61257  44.7%   450 1486s
 41933 20671    0.99190   66 2914    1.10698    0.61257  44.7%   450 1491s
 41935 20672    1.04593   46 2911    1.10698    0.61257  44.7%   450 1497s
 41936 20673    0.65681   29 2915    1.10698    0.61257  44.7%   450 1501s
 41937 20674    0.90287   41 2916    1.10698    0.61257  44.7%   450 1505s
 41938 20674    1.10276   82 2920    1.10698    0.61257  44.7%   450 1510s
 41940 20676    0.71958   31 2925    1.10698    0.61257  44.7%   450 1516s
 41941 20676    0.79932   41 2921    1.10698    0.61257  44.7%   450 1520s
H41942 19642                       1.1069762    0.61257  44.7%   450 1526s
 41944 19643    0.68552   44 2911    1.10698    0.61257  44.7%   450 1533s
 41945 19644    0.82697   38 2907    1.10698    0.61257  44.7%   450 1535s
 41946 19645    0.84229   35 2917    1.10698    0.61257  44.7%   450 1540s
 41948 19646    0.72790   27 2944    1.10698    0.61257  44.7%   450 1548s
 41949 19647    0.65673   24 2973    1.10698    0.61257  44.7%   450 1554s
 41950 19647    1.07872   56 2941    1.10698    0.61257  44.7%   450 1559s
 41951 19648    0.95098   51 2939    1.10698    0.61257  44.7%   450 1563s
 41952 19649    1.06240   43 2948    1.10698    0.61257  44.7%   450 1568s
 41953 19649    0.62462   26 2953    1.10698    0.61257  44.7%   450 1570s
 41954 19650    0.94978   38 2971    1.10698    0.61257  44.7%   450 1576s
 41956 19651    0.80740   52 2940    1.10698    0.61257  44.7%   450 1582s
 41957 19652    1.08764   72 2899    1.10698    0.61257  44.7%   450 1586s
 41959 19653    1.10297   42 2833    1.10698    0.61257  44.7%   450 1591s
 41960 19654    0.89118   38 2810    1.10698    0.61257  44.7%   450 1596s
 41962 19655    0.81466   28 2810    1.10698    0.61257  44.7%   450 1603s
 41964 19657    1.01481   67 2907    1.10698    0.61257  44.7%   450 1611s
 41965 19657    1.10692   71 2882    1.10698    0.61257  44.7%   450 1615s
 41966 19658    1.02304   46 2886    1.10698    0.61257  44.7%   450 1621s
 41968 19659    0.68991   40 2882    1.10698    0.61257  44.7%   450 1626s
 41969 19660    0.89324   37 2870    1.10698    0.61257  44.7%   450 1631s
 41971 19661    0.66148   29 2883    1.10698    0.61257  44.7%   450 1638s
 41972 19662    0.65472   38 2875    1.10698    0.61257  44.7%   450 1640s
 41974 19663    1.01934   52 2854    1.10698    0.61257  44.7%   450 1646s
 41976 19665    0.97349   42 2871    1.10698    0.61257  44.7%   450 1650s
 41977 19665    0.78378   34 2886    1.10698    0.61257  44.7%   450 1655s
 41979 19667    0.89177   48 2864    1.10698    0.61257  44.7%   450 1661s
 41980 19667    0.89394   38 2836    1.10698    0.61257  44.7%   450 1665s
 41981 19668    0.76262   39 2856    1.10698    0.61257  44.7%   450 1671s
 41983 19669    0.75547   25 2875    1.10698    0.61257  44.7%   450 1681s
 41984 19670    0.75014   42 2905    1.10698    0.61257  44.7%   450 1686s
 41985 19671    1.08873   70 2875    1.10698    0.61257  44.7%   450 1691s
 41987 19672    1.03416   65 2869    1.10698    0.61257  44.7%   449 1699s
 41988 19673    0.66700   31 2914    1.10698    0.61257  44.7%   449 1706s
 41989 19673    0.84205   38 2954    1.10698    0.61257  44.7%   449 1712s
 41990 19674    0.67797   35 2935    1.10698    0.61257  44.7%   449 1716s
 41991 19675    0.95466   39 2849    1.10698    0.61257  44.7%   449 1720s
 41992 19675    0.90394   44 2843    1.10698    0.61257  44.7%   449 1725s
 41994 19677    0.72726   23 2932    1.10698    0.61257  44.7%   449 1732s
 41995 19677    0.68756   32 2887    1.10698    0.61257  44.7%   449 1737s
 41996 19678    0.93312   48 2902    1.10698    0.61257  44.7%   449 1741s
 41997 19679    0.81189   41 2964    1.10698    0.61257  44.7%   449 1746s
 41999 19680    1.08748   54 2957    1.10698    0.61257  44.7%   449 1753s
 42000 19681    1.01823   49 2942    1.10698    0.61257  44.7%   449 1757s
 42001 19681    0.86598   41 2878    1.10698    0.61257  44.7%   449 1761s
 42002 19682    0.96717   44 2908    1.10698    0.61257  44.7%   449 1765s
 42004 19683    1.05700   57 2860    1.10698    0.61257  44.7%   449 1774s
 42005 19684    1.01592   48 2862    1.10698    0.61257  44.7%   449 1779s
 42006 19685    0.61786   24 2901    1.10698    0.61257  44.7%   449 1783s
 42008 19686    0.61570   27 2898    1.10698    0.61257  44.7%   449 1788s
 42009 19687    1.06412   52 2953    1.10698    0.61257  44.7%   449 1793s
H42009 18700                       1.1069761    0.61257  44.7%   449 1797s

Cutting planes:
  Gomory: 579
  Implied bound: 17
  MIR: 22
  StrongCG: 9
  Flow cover: 272
  Zero half: 6
  RLT: 21
  Relax-and-lift: 16
  BQP: 7

Explored 42009 nodes (19676898 simplex iterations) in 1800.11 seconds (3092.56 work units)
Thread count was 16 (of 16 available processors)

Solution count 10: 1.10698 1.10698 1.10698 ... 1.11371

Time limit reached
Warning: max constraint violation (1.1479e-03) exceeds tolerance
Warning: max general constraint violation (1.1479e-03) exceeds tolerance
         (model may be infeasible or unbounded - try turning presolve off)
Best objective 1.106977260536e+00, best bound 6.125679362051e-01, gap 44.6630%
