
Gurobi 9.5.0 (linux64) logging started Wed 16 Nov 2022 10:37:23 AM PST

Set parameter LogFile to value "experiments/t_5_theta_0.55/gurobi.1668623842.log"
Set parameter LogToConsole to value 0
Set parameter TimeLimit to value 1800
Set parameter Threads to value 16
Gurobi Optimizer version 9.5.0 build v9.5.0rc5 (linux64)
Thread count: 8 physical cores, 16 logical processors, using up to 16 threads
Optimize a model with 343 rows, 1518 columns and 5392 nonzeros
Model fingerprint: 0xb6445bb8
Model has 3500 quadratic objective terms
Model has 375 quadratic constraints
Model has 5 general constraints
Variable types: 100 continuous, 1418 integer (1418 binary)
Coefficient statistics:
  Matrix range     [1e+00, 1e+01]
  QMatrix range    [1e+00, 1e+00]
  QLMatrix range   [1e+00, 1e+00]
  Objective range  [0e+00, 0e+00]
  QObjective range [4e-05, 3e+01]
  Bounds range     [1e+00, 8e+02]
  RHS range        [1e+00, 1e+02]
Presolve added 77 rows and 1523 columns
Presolve time: 0.04s
Presolved: 5349 rows, 5568 columns, 40602 nonzeros
Variable types: 1785 continuous, 3783 integer (3565 binary)

Root relaxation: objective -1.449507e-12, 6367 iterations, 0.36 seconds (0.36 work units)

    Nodes    |    Current Node    |     Objective Bounds      |     Work
 Expl Unexpl |  Obj  Depth IntInf | Incumbent    BestBd   Gap | It/Node Time

     0     0   -0.00000    0 3520          -   -0.00000      -     -    0s
     0     0    0.03246    0 3502          -    0.03246      -     -    1s
     0     0    0.09464    0 3009          -    0.09464      -     -    1s
     0     0    0.09465    0 3005          -    0.09465      -     -    1s
     0     0    0.10776    0 2984          -    0.10776      -     -    2s
     0     0    0.10846    0 2970          -    0.10846      -     -    2s
     0     0    0.11458    0 2989          -    0.11458      -     -    2s
     0     0    0.11508    0 2987          -    0.11508      -     -    3s
H    0     0                       1.9765001    0.11508  94.2%     -    3s
H    0     0                       1.9351716    0.11508  94.1%     -    3s
     0     0    0.11826    0 2974    1.93517    0.11826  93.9%     -    3s
     0     0    0.11826    0 2939    1.93517    0.11826  93.9%     -    3s
H    0     0                       1.8387940    0.11837  93.6%     -    4s
H    0     0                       1.8382862    0.11837  93.6%     -    4s
     0     2    0.11837    0 2929    1.83829    0.11837  93.6%     -    4s
H    3     8                       1.8251551    0.12650  93.1%   139    5s
H   31    42                       1.7955085    0.13692  92.4%   826    6s
H   38    42                       1.7786348    0.13696  92.3%   709    6s
H   79    78                       1.7535040    0.14264  91.9%   679    9s
H   80    78                       1.7282147    0.14264  91.7%   678    9s
H   83    78                       1.7028234    0.14264  91.6%   678    9s
H   93    78                       1.6645534    0.14264  91.4%   657    9s
   115   116    0.26294    8 2451    1.66455    0.14264  91.4%   623   10s
H  133   132                       1.5937162    0.14264  91.1%   696   14s
H  138   132                       1.5824616    0.14264  91.0%   688   14s
H  142   132                       1.5750123    0.14264  90.9%   687   14s
H  144   132                       1.4055375    0.14264  89.9%   687   14s
H  148   132                       1.3945071    0.14264  89.8%   688   14s
   175   178    0.37920   11 2159    1.39451    0.14264  89.8%   663   15s
H  728   768                       1.3538596    0.14264  89.5%   387   20s
H  734   768                       1.3218988    0.14264  89.2%   385   20s
H  746   768                       1.3161880    0.14264  89.2%   383   20s
  1710  1719    1.21459   84  223    1.31619    0.14264  89.2%   211   25s
H 1877  1811                       1.3146594    0.14264  89.2%   200   25s
H 1901  1811                       1.3125995    0.14264  89.1%   198   25s
  2692  2644    0.32076    8 2080    1.31260    0.14400  89.0%   172   30s
H 2929  2643                       1.2986163    0.14400  88.9%   165   32s
H 2929  2608                       1.2917699    0.14400  88.9%   165   32s
H 2931  2579                       1.2837504    0.14400  88.8%   166   32s
H 2932  2503                       1.2551570    0.14400  88.5%   166   32s
H 2933  2415                       1.2122515    0.14400  88.1%   166   32s
H 3475  2778                       1.1860352    0.14400  87.9%   155   41s
H 3477  2641                       1.1544886    0.14400  87.5%   155   42s
H 3478  2508                       1.1539919    0.14400  87.5%   155   43s
H 3480  2385                       1.1495335    0.14400  87.5%   155   44s
  3482  2386    0.77152   22 2822    1.14953    0.14400  87.5%   155   45s
H 3483  2267                       1.1485189    0.14672  87.2%   155   46s
H 3484  2154                       1.1464897    0.14872  87.0%   155   46s
H 3486  2048                       1.1436682    0.16065  86.0%   155   47s
H 3487  1945                       1.1434166    0.16222  85.8%   155   48s
H 3487  1848                       1.1403784    0.16371  85.6%   155   48s
H 3491  1758                       1.1386126    0.17200  84.9%   154   50s
H 3496  1672                       1.1297327    0.23066  79.6%   154   52s
H 3496  1588                       1.1280479    0.23066  79.6%   154   52s
  3503  1593    0.68272   46 2773    1.12805    0.26337  76.7%   154   55s
H 3506  1515                       1.1228528    0.28903  74.3%   154   57s
  3511  1518    0.75458   95 2799    1.12285    0.31249  72.2%   154   60s
  3515  1521    1.09664  138 2849    1.12285    0.31612  71.8%   153   65s
H 3518  1446                       1.1222057    0.31894  71.6%   153   70s
H 3518  1373                       1.1204240    0.32075  71.4%   153   70s
  3527  1379    0.68509   40 2728    1.12042    0.32805  70.7%   153   75s
  3542  1406    0.45969   15 2459    1.12042    0.34134  69.5%   182   82s
  3558  1417    0.53106   16 2375    1.12042    0.42784  61.8%   199   85s
H 3569  1343                       1.1204240    0.42784  61.8%   209   85s
H 3606  1313                       1.1203365    0.42784  61.8%   230   98s
H 3607  1249                       1.1181407    0.42784  61.7%   231   98s
H 3612  1188                       1.1162447    0.42784  61.7%   232   98s
  3646  1219    0.73933   19 2012    1.11624    0.42784  61.7%   243  101s
  3722  1263    0.65601   20 1581    1.11624    0.42784  61.7%   264  106s
  3816  1334    0.66743   22 1378    1.11624    0.42784  61.7%   284  110s
  3990  1388    0.70931   24 1327    1.11624    0.42784  61.7%   301  116s
  4164  1512    0.77147   30 1315    1.11624    0.42784  61.7%   316  120s
  4384  1641    0.82148   37 1205    1.11624    0.42784  61.7%   323  125s
  4758  1771    0.89224   48 1216    1.11624    0.42784  61.7%   331  131s
  4904  1882    0.93748   51 1100    1.11624    0.42784  61.7%   338  135s
  5221  2125    1.04275   66  919    1.11624    0.42784  61.7%   343  141s
  5532  2244    0.50661   17 1919    1.11624    0.49451  55.7%   343  146s
  5808  2248    0.55807   20 1507    1.11624    0.49451  55.7%   348  156s
  5938  2396    0.57164   24 1372    1.11624    0.49451  55.7%   355  161s
  6258  2559    0.68570   39 1311    1.11624    0.49451  55.7%   356  167s
  6447  2587    0.80674   51 1068    1.11624    0.49451  55.7%   357  171s
  6672  2680    0.61392   18 2057    1.11624    0.51354  54.0%   368  177s
  6982  2866    0.68364   21 1639    1.11624    0.51354  54.0%   373  183s
H 7119  2887                       1.1154943    0.51354  54.0%   372  195s
H 7120  2886                       1.1151505    0.51354  53.9%   372  195s
H 7121  2880                       1.1143000    0.51354  53.9%   373  195s
H 7129  2874                       1.1138993    0.51354  53.9%   373  195s
  7410  3347    0.70544   24 1777    1.11390    0.51354  53.9%   371  202s
  7695  3575    0.81483   27 1782    1.11390    0.51354  53.9%   367  206s
  7990  3756    0.79704   34 1681    1.11390    0.51354  53.9%   365  210s
H 8226  3924                       1.1137146    0.51354  53.9%   366  214s
  8418  4159    1.00320   51 1109    1.11371    0.51354  53.9%   368  219s
  8684  4382    1.10265   68  790    1.11371    0.51701  53.6%   368  223s
  8950  4481    0.61434   18 1942    1.11371    0.51702  53.6%   368  229s
  9063  4670    0.63819   20 2003    1.11371    0.51702  53.6%   370  234s
  9292  4908    0.65473   21 1776    1.11371    0.51702  53.6%   371  239s
  9572  5211    0.68755   24 1685    1.11371    0.51702  53.6%   371  244s
  9967  5369    0.74287   28 1609    1.11371    0.51702  53.6%   367  250s
 10177  5585    0.93004   35 1617    1.11371    0.51702  53.6%   368  255s
 10480  5772    1.10800   52 1158    1.11371    0.54265  51.3%   370  261s
 10742  6032    0.63462   19 2124    1.11371    0.54265  51.3%   373  267s
 11063  6247    0.67732   21 1914    1.11371    0.54265  51.3%   374  273s
 11358  6448    0.67502   23 1547    1.11371    0.54265  51.3%   376  280s
 11583  6722    0.75948   31 1573    1.11371    0.54265  51.3%   380  286s
 11870  6996    0.77749   37 1647    1.11371    0.54265  51.3%   383  293s
 12199  7338    0.87656   44 1556    1.11371    0.54265  51.3%   385  300s
 12561  7653    0.93223   48 1669    1.11371    0.54265  51.3%   386  307s
 12929  7994    1.01956   57 1446    1.11371    0.54265  51.3%   387  314s
 13363  8348    1.07580   68 1126    1.11371    0.56538  49.2%   387  322s
 13786  8658    0.64107   26 1678    1.11371    0.56538  49.2%   387  330s
H14217  8671                       1.1137146    0.56538  49.2%   388  378s
H14218  8671                       1.1137140    0.56538  49.2%   388  378s
 14236  8960    0.90460   46 1611    1.11371    0.57493  48.4%   389  387s
 14595  9368    0.63361   27 1440    1.11371    0.57493  48.4%   392  395s
 15068  9740     cutoff   80         1.11371    0.57939  48.0%   392  404s
 15566 10046    0.79678   31 1626    1.11371    0.57939  48.0%   393  413s
 16056 10394     cutoff   54         1.11371    0.58264  47.7%   394  424s
 16432 10829    0.67319   26 1250    1.11371    0.58264  47.7%   398  434s
 16889 11338    0.73624   38 1111    1.11371    0.58264  47.7%   401  444s
 17458 11843    0.90278   54 1269    1.11371    0.58264  47.7%   401  455s
 18116 12324    1.09967   76  988    1.11371    0.58511  47.5%   400  466s
 18722 12716    0.82945   35 1629    1.11371    0.58581  47.4%   400  479s
 19262 13057    0.69262   17 2016    1.11371    0.58697  47.3%   403  492s
 19792 13464    0.77470   22 1868    1.11371    0.58697  47.3%   406  505s
 20338 13960     cutoff   40         1.11371    0.59051  47.0%   409  519s
 21043 14493    0.71874   20 1779    1.11371    0.59221  46.8%   409  535s
 21752 14946    1.08562   29 1703    1.11371    0.59381  46.7%   411  554s
 22384 15533    0.87574   27 1689    1.11371    0.59593  46.5%   415  576s
 23039 16236    0.70538   24 1456    1.11371    0.59597  46.5%   420  599s
 23924 16863    0.89642   40 1254    1.11371    0.59644  46.4%   422  621s
 24826 17567    0.95157   48 1469    1.11371    0.59677  46.4%   423  643s
 25793 18237    0.69367   24 2018    1.11371    0.59863  46.2%   425  667s
 26603 18948    0.92030   38 1450    1.11371    0.59868  46.2%   429  692s
 27592 19191    0.90957   45 1624    1.11371    0.59993  46.1%   431  728s
H27729 19170                       1.1128346    0.59993  46.1%   432  728s
 27909 19943    0.63497   32 1498    1.11283    0.60083  46.0%   432  755s
 29008 20633    0.62187   32 1532    1.11283    0.60348  45.8%   433  785s
H29466 20633                       1.1128346    0.60348  45.8%   437  785s
 29753 21488    0.88088   48 1387    1.11283    0.60350  45.8%   440  815s
 30785 22422    0.68829   32 1319    1.11283    0.60350  45.8%   444  847s
 31877 23349    0.97625   56 1404    1.11283    0.60577  45.6%   447  879s
 33150 24244    0.71566   35 1491    1.11283    0.60584  45.6%   447  911s
 34672 25249    0.71470   24 2020    1.11283    0.60789  45.4%   446  944s
 36154 26227    0.85926   41 1498    1.11283    0.60998  45.2%   446  977s
 37326 27390    0.82653   32 1660    1.11283    0.61078  45.1%   449 1014s
 39023 28359    1.07576   43 1575    1.11283    0.61080  45.1%   448 1050s
 40381 29539    0.83927   50 1547    1.11283    0.61174  45.0%   449 1088s
H41845 29539                       1.1128316    0.61257  45.0%   451 1245s
 41846 29540    0.84229   35 1760    1.11283    0.61257  45.0%   451 1250s
 41851 29543    0.95098   51 2688    1.11283    0.61257  45.0%   451 1255s
 41854 29545    0.94978   38 2830    1.11283    0.61257  45.0%   451 1260s
 41857 29547    1.08764   72 2761    1.11283    0.61257  45.0%   451 1265s
 41860 29549    0.89118   38 2789    1.11283    0.61257  45.0%   451 1271s
 41862 29551    0.81466   28 2752    1.11283    0.61257  45.0%   451 1275s
 41865 29553    1.10692   71 2657    1.11283    0.61257  45.0%   451 1281s
 41866 29553    1.02304   46 2718    1.11283    0.61257  45.0%   451 1286s
 41868 29555    0.68991   40 2745    1.11283    0.61257  45.0%   451 1290s
 41870 29556    1.08301   84 2801    1.11283    0.61257  45.0%   451 1296s
H41870 28077                       1.1099059    0.61257  44.8%   451 1298s
 41872 28078    0.65472   38 2840    1.10991    0.61257  44.8%   451 1302s
 41873 28079    0.93714   52 2862    1.10991    0.61257  44.8%   451 1305s
 41874 28080    1.01934   52 2807    1.10991    0.61257  44.8%   451 1311s
 41876 28081    0.97349   42 2785    1.10991    0.61257  44.8%   451 1318s
H41876 26677                       1.1099040    0.61257  44.8%   451 1321s
 41878 26678    1.08300   53 2804    1.10990    0.61257  44.8%   451 1325s
 41880 26680    0.89394   38 2776    1.10990    0.61257  44.8%   451 1330s
 41882 26681    1.09595   71 2776    1.10990    0.61257  44.8%   451 1337s
 41883 26682    0.75547   25 2719    1.10990    0.61257  44.8%   451 1340s
 41884 26682    0.75014   42 2702    1.10990    0.61257  44.8%   451 1345s
 41886 26684    0.76391   36 2751    1.10990    0.61257  44.8%   451 1353s
 41887 26684    1.03416   65 2738    1.10990    0.61257  44.8%   451 1356s
 41888 26685    0.66700   31 2751    1.10990    0.61257  44.8%   451 1360s
 41890 26686    0.67797   35 2733    1.10990    0.61257  44.8%   451 1367s
 41891 26687    0.95466   39 2708    1.10990    0.61257  44.8%   451 1370s
H41891 25352                       1.1069772    0.61257  44.7%   451 1371s
 41893 25353    0.69877   24 2699    1.10698    0.61257  44.7%   451 1376s
 41894 25354    0.72726   23 2786    1.10698    0.61257  44.7%   450 1380s
 41896 25355    0.93312   48 2777    1.10698    0.61257  44.7%   450 1387s
 41898 25357    0.90479   50 2822    1.10698    0.61257  44.7%   450 1392s
H41898 24088                       1.1069772    0.61257  44.7%   450 1395s
 41901 24090    0.86598   41 2818    1.10698    0.61257  44.7%   450 1401s
 41902 24090    0.96717   44 2836    1.10698    0.61257  44.7%   450 1405s
 41905 24092    1.01592   48 2848    1.10698    0.61257  44.7%   450 1411s
H41906 22887                       1.1069772    0.61257  44.7%   450 1416s
 41908 22888    0.61570   27 2867    1.10698    0.61257  44.7%   450 1422s
H41909 21744                       1.1069772    0.61257  44.7%   450 1426s
 41911 21745    0.68694   25 2855    1.10698    0.61257  44.7%   450 1431s
H41912 20657                       1.1069772    0.61257  44.7%   450 1434s
 41914 20658    1.08917   59 2862    1.10698    0.61257  44.7%   450 1437s
 41916 20660    0.99704   54 2855    1.10698    0.61257  44.7%   450 1443s
 41917 20660    0.96291   53 2848    1.10698    0.61257  44.7%   450 1446s
 41919 20662    0.64558   21 2893    1.10698    0.61257  44.7%   450 1450s
 41921 20663    0.69674   33 2882    1.10698    0.61257  44.7%   450 1458s
 41922 20664    1.07622   60 2881    1.10698    0.61257  44.7%   450 1462s
 41924 20665    0.76892   31 2868    1.10698    0.61257  44.7%   450 1468s
 41925 20666    0.95818   50 2868    1.10698    0.61257  44.7%   450 1470s
 41927 20667    0.64268   30 2883    1.10698    0.61257  44.7%   450 1476s
 41929 20668    1.04625   49 2886    1.10698    0.61257  44.7%   450 1481s
 41931 20670    0.75397   32 2900    1.10698    0.61257  44.7%   450 1487s
 41932 20670    0.97171   33 2892    1.10698    0.61257  44.7%   450 1490s
 41934 20672    0.64050   37 2904    1.10698    0.61257  44.7%   450 1497s
 41935 20672    1.04593   46 2911    1.10698    0.61257  44.7%   450 1501s
 41936 20673    0.65681   29 2915    1.10698    0.61257  44.7%   450 1505s
 41938 20674    1.10276   82 2920    1.10698    0.61257  44.7%   450 1514s
 41939 20675    0.88498   52 2935    1.10698    0.61257  44.7%   450 1518s
 41940 20676    0.71958   31 2925    1.10698    0.61257  44.7%   450 1521s
 41942 20677    0.70437   32 2926    1.10698    0.61257  44.7%   450 1528s
H41942 19642                       1.1069762    0.61257  44.7%   450 1530s
 41944 19643    0.68552   44 2911    1.10698    0.61257  44.7%   450 1537s
 41946 19645    0.84229   35 2917    1.10698    0.61257  44.7%   450 1544s
 41947 19645    0.74376   38 2922    1.10698    0.61257  44.7%   450 1548s
 41948 19646    0.72790   27 2944    1.10698    0.61257  44.7%   450 1552s
 41949 19647    0.65673   24 2973    1.10698    0.61257  44.7%   450 1559s
 41950 19647    1.07872   56 2941    1.10698    0.61257  44.7%   450 1563s
 41951 19648    0.95098   51 2939    1.10698    0.61257  44.7%   450 1567s
 41952 19649    1.06240   43 2948    1.10698    0.61257  44.7%   450 1573s
 41953 19649    0.62462   26 2953    1.10698    0.61257  44.7%   450 1575s
 41954 19650    0.94978   38 2971    1.10698    0.61257  44.7%   450 1580s
 41956 19651    0.80740   52 2940    1.10698    0.61257  44.7%   450 1587s
 41957 19652    1.08764   72 2899    1.10698    0.61257  44.7%   450 1591s
 41959 19653    1.10297   42 2833    1.10698    0.61257  44.7%   450 1595s
 41960 19654    0.89118   38 2810    1.10698    0.61257  44.7%   450 1600s
 41962 19655    0.81466   28 2810    1.10698    0.61257  44.7%   450 1607s
 41964 19657    1.01481   67 2907    1.10698    0.61257  44.7%   450 1615s
 41966 19658    1.02304   46 2886    1.10698    0.61257  44.7%   450 1625s
 41968 19659    0.68991   40 2882    1.10698    0.61257  44.7%   450 1631s
 41969 19660    0.89324   37 2870    1.10698    0.61257  44.7%   450 1635s
 41971 19661    0.66148   29 2883    1.10698    0.61257  44.7%   450 1642s
 41973 19663    0.93714   52 2868    1.10698    0.61257  44.7%   450 1648s
 41974 19663    1.01934   52 2854    1.10698    0.61257  44.7%   450 1650s
 41976 19665    0.97349   42 2871    1.10698    0.61257  44.7%   450 1655s
 41978 19666    1.08300   53 2870    1.10698    0.61257  44.7%   450 1661s
 41979 19667    0.89177   48 2864    1.10698    0.61257  44.7%   450 1665s
 41980 19667    0.89394   38 2836    1.10698    0.61257  44.7%   450 1670s
 41981 19668    0.76262   39 2856    1.10698    0.61257  44.7%   450 1675s
 41983 19669    0.75547   25 2875    1.10698    0.61257  44.7%   450 1686s
 41984 19670    0.75014   42 2905    1.10698    0.61257  44.7%   450 1691s
 41985 19671    1.08873   70 2875    1.10698    0.61257  44.7%   450 1696s
 41987 19672    1.03416   65 2869    1.10698    0.61257  44.7%   449 1704s
 41988 19673    0.66700   31 2914    1.10698    0.61257  44.7%   449 1711s
 41989 19673    0.84205   38 2954    1.10698    0.61257  44.7%   449 1717s
 41990 19674    0.67797   35 2935    1.10698    0.61257  44.7%   449 1722s
 41991 19675    0.95466   39 2849    1.10698    0.61257  44.7%   449 1726s
 41992 19675    0.90394   44 2843    1.10698    0.61257  44.7%   449 1731s
 41993 19676    0.69877   24 2947    1.10698    0.61257  44.7%   449 1735s
 41995 19677    0.68756   32 2887    1.10698    0.61257  44.7%   449 1742s
 41996 19678    0.93312   48 2902    1.10698    0.61257  44.7%   449 1747s
 41997 19679    0.81189   41 2964    1.10698    0.61257  44.7%   449 1752s
 41999 19680    1.08748   54 2957    1.10698    0.61257  44.7%   449 1759s
 42000 19681    1.01823   49 2942    1.10698    0.61257  44.7%   449 1763s
 42001 19681    0.86598   41 2878    1.10698    0.61257  44.7%   449 1767s
 42002 19682    0.96717   44 2908    1.10698    0.61257  44.7%   449 1771s
 42004 19683    1.05700   57 2860    1.10698    0.61257  44.7%   449 1780s
 42005 19684    1.01592   48 2862    1.10698    0.61257  44.7%   449 1785s
 42007 19685    1.05640   60 2899    1.10698    0.61257  44.7%   449 1791s

Cutting planes:
  Gomory: 559
  Implied bound: 11
  MIR: 9
  StrongCG: 9
  Flow cover: 171
  Zero half: 6
  RLT: 14
  Relax-and-lift: 12
  BQP: 6

Explored 42008 nodes (19669564 simplex iterations) in 1800.11 seconds (3082.70 work units)
Thread count was 16 (of 16 available processors)

Solution count 10: 1.10698 1.10698 1.10698 ... 1.11371

Time limit reached
Warning: max constraint violation (1.1479e-03) exceeds tolerance
Warning: max general constraint violation (1.1479e-03) exceeds tolerance
         (model may be infeasible or unbounded - try turning presolve off)
Best objective 1.106977260560e+00, best bound 6.125679362051e-01, gap 44.6630%
