
Gurobi 9.5.0 (linux64) logging started Wed 16 Nov 2022 03:59:48 PM PST

Set parameter LogFile to value "experiments/t_1_theta_0.525/gurobi.1668643187.log"
Set parameter LogToConsole to value 0
Set parameter TimeLimit to value 1800
Set parameter Threads to value 16
Gurobi Optimizer version 9.5.0 build v9.5.0rc5 (linux64)
Thread count: 8 physical cores, 16 logical processors, using up to 16 threads
Optimize a model with 339 rows, 1398 columns and 5276 nonzeros
Model fingerprint: 0xe17a674d
Model has 3400 quadratic objective terms
Model has 75 quadratic constraints
Model has 1 general constraint
Variable types: 80 continuous, 1318 integer (1318 binary)
Coefficient statistics:
  Matrix range     [1e+00, 1e+01]
  QMatrix range    [1e+00, 1e+00]
  QLMatrix range   [1e+00, 1e+00]
  Objective range  [0e+00, 0e+00]
  QObjective range [4e-05, 3e+01]
  Bounds range     [1e+00, 8e+02]
  RHS range        [1e+00, 1e+02]
Presolve added 0 rows and 1025 columns
Presolve removed 26 rows and 0 columns
Presolve time: 0.01s
Presolved: 2395 rows, 4505 columns, 12202 nonzeros
Presolved model has 1 SOS constraint(s)
Variable types: 1105 continuous, 3400 integer (3375 binary)

Root relaxation: objective 4.373080e-01, 1532 iterations, 0.06 seconds (0.08 work units)

    Nodes    |    Current Node    |     Objective Bounds      |     Work
 Expl Unexpl |  Obj  Depth IntInf | Incumbent    BestBd   Gap | It/Node Time

     0     0    0.43731    0 1319          -    0.43731      -     -    0s
H    0     0                      63.7003773    0.43731  99.3%     -    0s
H    0     0                      46.5640928    0.43731  99.1%     -    0s
H    0     0                      29.2300603    0.43731  98.5%     -    0s
H    0     0                      29.2252675    0.43731  98.5%     -    0s
     0     0    0.47925    0 1320   29.22527    0.47925  98.4%     -    0s
     0     0    0.57792    0 1225   29.22527    0.57792  98.0%     -    0s
     0     0    0.57835    0 1219   29.22527    0.57835  98.0%     -    0s
H    0     0                      12.1312437    0.58931  95.1%     -    0s
     0     0    0.58931    0 1261   12.13124    0.58931  95.1%     -    0s
     0     0    0.59059    0 1261   12.13124    0.59059  95.1%     -    0s
H    0     0                      12.0733152    0.59365  95.1%     -    0s
     0     0    0.59365    0 1265   12.07332    0.59365  95.1%     -    0s
     0     0    0.59365    0 1265   12.07332    0.59365  95.1%     -    0s
H    0     0                      11.9632790    0.59382  95.0%     -    0s
     0     2    0.59382    0 1265   11.96328    0.59382  95.0%     -    0s
H   41    54                      11.9609223    0.59941  95.0%   204    1s
H   49    54                      11.9532425    0.59941  95.0%   193    1s
H   50    54                      10.9232972    0.59941  94.5%   191    1s
H   89    92                      10.9209405    0.59941  94.5%   218    1s
H   90    92                      10.9190550    0.59941  94.5%   217    1s
H   91    92                      10.8821091    0.59941  94.5%   221    1s
H  154   157                      10.7793482    0.59941  94.4%   221    2s
H  155   157                       2.3373929    0.59941  74.4%   221    2s
H  171   157                       2.3357381    0.59941  74.3%   212    2s
H  199   201                       2.1868710    0.59941  72.6%   205    3s
H  202   201                       2.0754601    0.59941  71.1%   202    3s
H  204   201                       1.8968841    0.59941  68.4%   202    3s
H  482   487                       1.8520337    0.59941  67.6%   218    4s
   766   759    0.99840   26  903    1.85203    0.59941  67.6%   201    5s
H  767   759                       1.7665272    0.59941  66.1%   200    5s
H  768   759                       1.6371739    0.59941  63.4%   200    5s
H  794   806                       1.5207792    0.59941  60.6%   201    6s
H 1841  1713                       1.5092375    0.59941  60.3%   185    8s
H 1916  1696                       1.5056234    0.59941  60.2%   186    8s
H 2162  1467                       1.4237142    0.59941  57.9%   189    9s
H 2164  1381                       1.4221060    0.59941  57.9%   189    9s
  2166  1382    1.32380   43 1213    1.42211    0.59941  57.9%   188   10s
H 2167  1314                       1.3904933    0.59941  56.9%   188   10s
H 2181  1256                       1.3893776    0.65021  53.2%   187   14s
  2183  1257    1.23538   55 1330    1.38938    0.65075  53.2%   187   15s
H 2190  1199                       1.3574617    0.77424  43.0%   186   17s
H 2193  1140                       1.3554391    0.77772  42.6%   186   18s
  2198  1143    1.22766   37 1416    1.35544    0.77859  42.6%   186   20s
H 2211  1095                       1.3516817    0.77916  42.4%   198   24s
  2214  1097    1.20960   88 1427    1.35168    0.77916  42.4%   198   25s
  2279  1156    0.78648   26 1378    1.35168    0.77916  42.4%   229   30s
H 2296  1111                       1.3515451    0.77916  42.4%   230   31s
H 2301  1056                       1.3505501    0.77916  42.3%   234   31s
H 2307  1004                       1.3469231    0.77916  42.2%   235   31s
H 2361  1012                       1.3457915    0.77916  42.1%   244   32s
H 2362   967                       1.3449803    0.77916  42.1%   244   32s
H 2368   922                       1.3422694    0.77916  42.0%   244   32s
H 2373   880                       1.3350684    0.77916  41.6%   244   32s
H 2377   840                       1.3345766    0.77916  41.6%   244   32s
H 2417   849                       1.2937313    0.77916  39.8%   245   34s
H 2434   808                       1.2888728    0.77916  39.5%   247   34s
  2445   835    0.77916   31 1303    1.28887    0.77916  39.5%   247   35s
H 2446   802                       1.2876047    0.77916  39.5%   247   35s
H 2452   769                       1.2863030    0.77916  39.4%   249   35s
H 2634   845                       1.2851714    0.77916  39.4%   257   38s
H 2638   816                       1.2840247    0.77916  39.3%   258   38s
  2860   956    0.77916   39 1300    1.28402    0.77916  39.3%   259   40s
  3271  1113    0.90477   46 1270    1.28402    0.77916  39.3%   271   46s
H 3289  1112                       1.2778133    0.77916  39.0%   272   53s
H 3301  1082                       1.2777828    0.77916  39.0%   274   53s
H 3318  1049                       1.2747547    0.77916  38.9%   273   53s
  3486  1214    0.87682   51 1270    1.27475    0.77916  38.9%   278   55s
  4065  1681    0.97693   56 1214    1.27475    0.77916  38.9%   289   60s
H 4426  1950                       1.2685698    0.77916  38.6%   295   63s
H 4438  1946                       1.2672701    0.77916  38.5%   295   63s
  4672  2153    0.99323   63 1196    1.26727    0.77916  38.5%   297   65s
  5175  2594    1.11851   74 1180    1.26727    0.77916  38.5%   305   70s
  5936  3266    0.98674   35 1311    1.26727    0.77916  38.5%   305   75s
  6510  3652    0.81256   27 1381    1.26727    0.77916  38.5%   308   80s
  7008  3976    1.24423   62 1161    1.26727    0.77916  38.5%   317   86s
  7287  4301    1.11963   49  958    1.26727    0.77916  38.5%   324   90s
H 7875  4596                       1.2560350    0.77916  38.0%   321   94s
  8067  4775    0.83540   28 1290    1.25604    0.77916  38.0%   320   96s
  8570  5098    1.14031   47  931    1.25604    0.77916  38.0%   321  101s
H 8817  5245                       1.2544197    0.77916  37.9%   322  104s
  9063  5412    1.09962   40 1152    1.25442    0.77956  37.9%   323  106s
  9510  5898    1.02077   41 1201    1.25442    0.78066  37.8%   332  112s
  9864  6139    1.01928   47 1132    1.25442    0.78066  37.8%   331  115s
 10557  6706    1.25283   73  531    1.25442    0.78217  37.6%   333  121s
H10688  6687                       1.2528155    0.78756  37.1%   334  121s
 11241  7096    1.11559   65 1141    1.25282    0.78756  37.1%   335  127s
H11256  6946                       1.2477860    0.78756  36.9%   335  127s
H11412  6946                       1.2477316    0.78756  36.9%   336  127s
 11442  7354    1.17227   72 1156    1.24773    0.78821  36.8%   336  131s
 12411  8058    1.07674   52 1272    1.24773    0.79370  36.4%   334  138s
 12870  8445    0.84447   38 1240    1.24773    0.79718  36.1%   334  141s
 13395  8771    0.92424   45 1225    1.24773    0.80136  35.8%   332  145s
 14329  9459    0.91728   42 1219    1.24773    0.80188  35.7%   333  153s
 14797  9787    1.19974   62 1101    1.24773    0.80213  35.7%   334  158s
 15300 10154    1.23633   50 1183    1.24773    0.81248  34.9%   335  163s
 15786 10581    0.99421   43 1123    1.24773    0.81248  34.9%   337  167s
 16254 11041    1.10854   62  975    1.24773    0.81248  34.9%   340  172s
 16863 11463    1.20399   87  787    1.24773    0.81248  34.9%   340  177s
 17408 11930    1.24610  101  685    1.24773    0.81533  34.7%   342  182s
 18002 12275    0.91744   30 1365    1.24773    0.81533  34.7%   344  188s
 18559 12677    1.18178   40 1158    1.24773    0.81544  34.6%   347  195s
H18957 12310                       1.2403802    0.82068  33.8%   347  195s
 19183 12609     cutoff   57         1.24038    0.82088  33.8%   349  200s
 19762 13041    1.10979   48 1048    1.24038    0.82159  33.8%   352  206s
 20385 13622    1.01641   35 1229    1.24038    0.82182  33.7%   355  213s
 21140 14129    1.21498   59 1091    1.24038    0.82182  33.7%   355  219s
 21944 14678 infeasible   66         1.24038    0.82487  33.5%   355  226s
 22712 15437    1.16022   52 1220    1.24038    0.82786  33.3%   356  233s
 23697 15789    1.21330   66 1077    1.24038    0.83113  33.0%   354  241s
 24288 16385 infeasible   49         1.24038    0.83228  32.9%   359  249s
H24336 16156                       1.2367558    0.83263  32.7%   359  249s
 25172 16721     cutoff   54         1.23676    0.83561  32.4%   359  257s
 25991 17312 infeasible   63         1.23676    0.83825  32.2%   362  267s
H26354 17006                       1.2326396    0.83929  31.9%   362  267s
 26863 17771    1.20572   65 1115    1.23264    0.84127  31.8%   361  276s
 27902 18556     cutoff   56         1.23264    0.84341  31.6%   360  285s
 28944 19315    1.12595   53 1193    1.23264    0.84593  31.4%   360  295s
 30021 20150    0.99946   44 1203    1.23264    0.85157  30.9%   362  304s
 31149 21068    1.19221   77  996    1.23264    0.85317  30.8%   363  314s
 32341 21869     cutoff   68         1.23264    0.85531  30.6%   364  324s
 33574 22495    1.11399   35 1253    1.23264    0.85813  30.4%   365  335s
 34948 23555    1.08115   40 1268    1.23264    0.86047  30.2%   365  347s
 36289 24329    1.17981   56 1060    1.23264    0.86387  29.9%   366  360s
 37592 25430    1.21294   42 1144    1.23264    0.86460  29.9%   367  372s
 39228 26480    1.20207   53 1179    1.23264    0.87235  29.2%   366  387s
 40708 27218    1.23018   48  941    1.23264    0.87499  29.0%   367  400s
 42161 27618    1.21064   54 1133    1.23264    0.87928  28.7%   368  418s
H42238 27618                       1.2326396    0.87930  28.7%   368  418s
H42328 27618                       1.2326396    0.87930  28.7%   368  418s
H42686 27618                       1.2326396    0.87930  28.7%   368  418s
 42795 28356    1.23006   70 1136    1.23264    0.88022  28.6%   368  435s
 43967 29338    1.05320   44 1180    1.23264    0.88166  28.5%   369  451s
 45365 30520     cutoff   49         1.23264    0.88490  28.2%   371  466s
 47184 31333    1.20135   58 1211    1.23264    0.88647  28.1%   373  483s
 48547 32665    1.13163   33 1317    1.23264    0.89092  27.7%   373  498s
 50460 34046    1.17247   43 1301    1.23264    0.89332  27.5%   373  513s
 52494 35322    1.22853  105  778    1.23264    0.89658  27.3%   372  527s
 54324 36550    1.20353   63  994    1.23264    0.90009  27.0%   372  541s
 55974 37723    1.17455   77  827    1.23264    0.90130  26.9%   373  558s
 57614 38776    1.15642   60 1140    1.23264    0.90259  26.8%   373  571s
 59328 39870    1.05777   36 1135    1.23264    0.90437  26.6%   373  585s
 60956 41051    1.21707   81  851    1.23264    0.90464  26.6%   375  599s
 62658 42256    1.19301   53 1205    1.23264    0.90682  26.4%   375  612s
 64363 43282    1.06136   36 1247    1.23264    0.90837  26.3%   376  625s
 66198 44497    1.12508   52 1091    1.23264    0.91002  26.2%   375  638s
 67871 45751    1.21022   74  966    1.23264    0.91165  26.0%   376  651s
 69451 46775 infeasible   68         1.23264    0.91235  26.0%   377  664s
 71116 47752    1.19335   63 1079    1.23264    0.91462  25.8%   378  677s
 72721 48240    0.97337   45 1218    1.23264    0.91530  25.7%   378  734s
 73406 49122    1.12694   65 1158    1.23264    0.91568  25.7%   378  750s
H73487 49122                       1.2326396    0.91568  25.7%   378  750s
 74828 50285    1.18675   65 1084    1.23264    0.91794  25.5%   380  766s
 76738 51319     cutoff   58         1.23264    0.92086  25.3%   380  783s
 78368 52373    1.18623   36 1195    1.23264    0.92244  25.2%   381  799s
 79855 53717    1.05754   35 1132    1.23264    0.92365  25.1%   382  815s
 81671 54932     cutoff   54         1.23264    0.92421  25.0%   383  830s
 83588 56023     cutoff   53         1.23264    0.92552  24.9%   383  844s
 85341 57257    1.04351   44 1225    1.23264    0.92771  24.7%   383  859s
 87240 58433    1.18253   62 1085    1.23264    0.92819  24.7%   383  873s
 88955 59515    1.02294   43 1078    1.23264    0.92955  24.6%   384  886s
 90800 60784    1.17439   44 1141    1.23264    0.93104  24.5%   384  900s
 92480 62275    1.19743   85  840    1.23264    0.93138  24.4%   385  913s
 94571 63306    1.21489   63 1128    1.23264    0.93341  24.3%   384  926s
 96200 64284     cutoff   43         1.23264    0.93500  24.1%   384  939s
 97912 65349    1.19903   91  767    1.23264    0.93578  24.1%   384  952s
 99377 66760    1.04669   38 1143    1.23264    0.93636  24.0%   385  965s
 101205 68004    1.00160   33 1069    1.23264    0.93638  24.0%   385  983s
 102950 69277 infeasible   53         1.23264    0.93772  23.9%   385  996s
 104661 70258    1.19684   58 1063    1.23264    0.93791  23.9%   385 1008s
 106098 71287    1.18018   70  907    1.23264    0.93901  23.8%   386 1021s
 107528 72328    1.19829   51 1181    1.23264    0.93970  23.8%   387 1034s
 109240 73570 infeasible   49         1.23264    0.94022  23.7%   387 1047s
 111068 74644    1.20956   71 1007    1.23264    0.94166  23.6%   386 1059s
 112708 75384    1.15737   52 1191    1.23264    0.94233  23.6%   386 1072s
 114161 76260    1.15889   54 1027    1.23264    0.94387  23.4%   387 1085s
 115682 77275    1.15978   60 1075    1.23264    0.94493  23.3%   387 1099s
 117107 78178    1.20240   61 1062    1.23264    0.94531  23.3%   388 1112s
 118717 79162    1.22341   79  901    1.23264    0.94693  23.2%   388 1126s
 120322 80266    1.05791   39 1063    1.23264    0.94770  23.1%   389 1139s
 121897 81048    1.22792   84  583    1.23264    0.94821  23.1%   389 1153s
 123439 81519    1.09238   49 1032    1.23264    0.94905  23.0%   389 1166s
 124826 82311    1.18057   62 1029    1.23264    0.94980  22.9%   391 1180s
 126125 83282    1.23206   68  970    1.23264    0.95023  22.9%   391 1194s
 127655 84566    1.10608   48 1046    1.23264    0.95125  22.8%   392 1207s
 129502 85431     cutoff   70         1.23264    0.95170  22.8%   392 1221s
 130944 86391    1.04153   45 1048    1.23264    0.95231  22.7%   393 1235s
 132699 87463     cutoff   34         1.23264    0.95393  22.6%   393 1249s
 134457 88353 infeasible   59         1.23264    0.95508  22.5%   393 1264s
 136049 89470    1.21568   50 1226    1.23264    0.95613  22.4%   393 1277s
 137761 90619    1.04864   47 1171    1.23264    0.95703  22.4%   393 1290s
 139446 91708    1.12113   52 1155    1.23264    0.95767  22.3%   393 1304s
 141279 93102    1.16341   45 1259    1.23264    0.95858  22.2%   393 1317s
 143174 94175    1.17820   67 1017    1.23264    0.95944  22.2%   393 1330s
 144811 94872    1.15496   68 1014    1.23264    0.96012  22.1%   393 1344s
H144901 94872                       1.2326396    0.96012  22.1%   393 1344s
 145904 94872    1.12451   40 1227    1.23264    0.96032  22.1%   393 1345s
 145913 95649    1.11458   38 1090    1.23264    0.96071  22.1%   393 1358s
 147573 96444    1.18658   54 1151    1.23264    0.96162  22.0%   394 1372s
 149125 97636    1.13925   38 1112    1.23264    0.96252  21.9%   394 1385s
 151045 98635    1.11538   51 1061    1.23264    0.96363  21.8%   394 1399s
 152629 99631    1.10825   52  990    1.23264    0.96497  21.7%   394 1412s
 154145 100641    1.11615   60 1043    1.23264    0.96532  21.7%   394 1426s
 155809 101522    1.06809   40 1214    1.23264    0.96628  21.6%   394 1438s
 157488 102514    1.10928   56 1029    1.23264    0.96805  21.5%   394 1451s
 159121 103562    1.15941   61  908    1.23264    0.96848  21.4%   395 1464s
 160923 104506    1.12131   56  869    1.23264    0.96942  21.4%   395 1477s
 162622 105535 infeasible   73         1.23264    0.97084  21.2%   395 1490s
 164356 106506     cutoff   56         1.23264    0.97228  21.1%   395 1502s
 166079 107393    1.09479   46 1179    1.23264    0.97341  21.0%   394 1515s
 167631 108119    1.17963   48 1131    1.23264    0.97405  21.0%   394 1528s
 168944 109165    1.20109   60 1147    1.23264    0.97493  20.9%   394 1541s
 170727 110295     cutoff  100         1.23264    0.97611  20.8%   394 1554s
 172442 111340    1.14802   54  948    1.23264    0.97698  20.7%   394 1566s
 174063 112645    1.16401   65 1068    1.23264    0.97773  20.7%   394 1579s
 175995 113666    1.15582   48 1130    1.23264    0.97807  20.7%   394 1590s
 177681 114377    1.21324   48 1172    1.23264    0.97904  20.6%   394 1603s
 179116 115259    1.10994   63 1096    1.23264    0.97993  20.5%   394 1615s
 180545 116478    1.07320   40 1177    1.23264    0.98031  20.5%   395 1628s
 182328 117588    1.18624   47 1221    1.23264    0.98065  20.4%   394 1641s
 184176 118554    1.13834   52  993    1.23264    0.98156  20.4%   394 1653s
 185862 119717    1.05999   40 1085    1.23264    0.98210  20.3%   394 1664s
 187577 120774    1.20120   68  924    1.23264    0.98275  20.3%   394 1677s
 189237 121862    1.20709   85  912    1.23264    0.98336  20.2%   394 1688s
 191072 122834    1.01555   43 1149    1.23264    0.98403  20.2%   393 1700s
 192495 123831    1.07246   45 1039    1.23264    0.98409  20.2%   393 1712s
 194099 125064    1.19657   96  625    1.23264    0.98460  20.1%   393 1724s
 195879 126208    1.04540   33 1074    1.23264    0.98509  20.1%   393 1736s
 197436 127262    1.22688   72  904    1.23264    0.98528  20.1%   393 1747s
 199296 128216     cutoff   78         1.23264    0.98604  20.0%   393 1759s
 200920 129252     cutoff   60         1.23264    0.98655  20.0%   393 1770s
 202493 130405 infeasible   38         1.23264    0.98683  19.9%   393 1782s
 204256 131454    1.18680   65 1213    1.23264    0.98755  19.9%   393 1793s
 205815 131970    1.11465   71  981    1.23264    0.98761  19.9%   393 1800s

Cutting planes:
  Gomory: 504
  MIR: 53
  Flow cover: 3
  Zero half: 17
  RLT: 8

Explored 206582 nodes (81166448 simplex iterations) in 1800.02 seconds (2970.19 work units)
Thread count was 16 (of 16 available processors)

Solution count 10: 1.23264 1.23264 1.23264 ... 1.24779

Time limit reached
Warning: max constraint violation (6.4426e-05) exceeds tolerance
Warning: max general constraint violation (6.4426e-05) exceeds tolerance
Best objective 1.232639348854e+00, best bound 9.876065992419e-01, gap 19.8787%
