
Gurobi 9.5.0 (linux64) logging started Tue 15 Nov 2022 04:12:17 PM PST

Set parameter LogFile to value "experiments/t_4_theta_0.7/gurobi.1668557536.log"
Set parameter LogToConsole to value 0
Set parameter TimeLimit to value 1800
Set parameter Threads to value 16
Gurobi Optimizer version 9.5.0 build v9.5.0rc5 (linux64)
Thread count: 8 physical cores, 16 logical processors, using up to 16 threads
Optimize a model with 342 rows, 1488 columns and 5363 nonzeros
Model fingerprint: 0xf3715f7e
Model has 3475 quadratic objective terms
Model has 300 quadratic constraints
Model has 4 general constraints
Variable types: 95 continuous, 1393 integer (1393 binary)
Coefficient statistics:
  Matrix range     [1e+00, 1e+01]
  QMatrix range    [1e+00, 1e+00]
  QLMatrix range   [1e+00, 1e+00]
  Objective range  [0e+00, 0e+00]
  QObjective range [5e-05, 3e+01]
  Bounds range     [1e+00, 8e+02]
  RHS range        [1e+00, 1e+02]
Presolve added 56 rows and 1414 columns
Presolve time: 0.03s
Presolved: 5174 rows, 5340 columns, 39068 nonzeros
Variable types: 1628 continuous, 3712 integer (3527 binary)

Root relaxation: objective 1.023182e-12, 6933 iterations, 0.36 seconds (0.40 work units)

    Nodes    |    Current Node    |     Objective Bounds      |     Work
 Expl Unexpl |  Obj  Depth IntInf | Incumbent    BestBd   Gap | It/Node Time

     0     0    0.00000    0 3490          -    0.00000      -     -    0s
     0     0    0.03881    0 3441          -    0.03881      -     -    1s
     0     0    0.10406    0 2983          -    0.10406      -     -    1s
     0     0    0.10409    0 2988          -    0.10409      -     -    1s
     0     0    0.12239    0 2924          -    0.12239      -     -    2s
     0     0    0.12248    0 2922          -    0.12248      -     -    2s
     0     0    0.13803    0 2936          -    0.13803      -     -    2s
     0     0    0.13883    0 2936          -    0.13883      -     -    2s
     0     0    0.14492    0 2924          -    0.14492      -     -    3s
H    0     0                     161.6503354    0.14492   100%     -    3s
     0     0    0.14492    0 2903  161.65034    0.14492   100%     -    3s
H    0     0                      72.4388518    0.14494   100%     -    3s
H    0     0                      38.0570199    0.14494   100%     -    3s
     0     2    0.14494    0 2901   38.05702    0.14494   100%     -    3s
    13    18    0.30987    4 2733   38.05702    0.16394   100%  1321    5s
H   39    48                      15.0202858    0.26774  98.2%  1046    6s
H   48    48                       3.7631702    0.26787  92.9%  1102    6s
H   49    48                       3.4396695    0.26787  92.2%  1093    6s
H   88    85                       2.3724669    0.27348  88.5%   879    9s
   123   127    0.42877    8 2461    2.37247    0.27348  88.5%   831   10s
H  346   337                       2.0639994    0.27348  86.7%   571   16s
H  347   337                       1.9674147    0.27348  86.1%   572   16s
H  348   337                       1.7251253    0.27348  84.1%   570   16s
   842   849    0.75843   32  795    1.72513    0.27348  84.1%   382   20s
H 1408  1343                       1.7029798    0.27348  83.9%   289   22s
H 2611  2517                       1.7014363    0.27348  83.9%   193   25s
H 2924  2435                       1.4717799    0.27348  81.4%   182   25s
H 3085  2343                       1.4050829    0.27348  80.5%   181   33s
H 3087  2227                       1.3515852    0.27348  79.8%   181   34s
H 3087  2116                       1.3359637    0.27348  79.5%   181   34s
  3089  2117    0.91989   81 2740    1.33596    0.27348  79.5%   181   35s
H 3089  2011                       1.3332559    0.27348  79.5%   181   35s
H 3092  1912                       1.3276954    0.27348  79.4%   181   36s
H 3094  1817                       1.3260203    0.27348  79.4%   181   37s
H 3097  1728                       1.3251624    0.27348  79.4%   181   37s
H 3099  1643                       1.3070264    0.27348  79.1%   181   38s
H 3100  1561                       1.2987555    0.27348  78.9%   181   38s
H 3100  1483                       1.2962600    0.27348  78.9%   181   38s
H 3101  1409                       1.2832978    0.27348  78.7%   180   39s
H 3103  1339                       1.2752693    0.27348  78.6%   180   39s
H 3103  1272                       1.2643776    0.27348  78.4%   180   39s
H 3104  1209                       1.2601090    0.27348  78.3%   180   40s
H 3104  1148                       1.2570569    0.27348  78.2%   180   40s
H 3105  1092                       1.2362510    0.27348  77.9%   180   40s
H 3105  1037                       1.2323312    0.27348  77.8%   180   40s
H 3108   986                       1.1958204    0.27348  77.1%   180   41s
H 3109   937                       1.1871445    0.28977  75.6%   180   42s
H 3109   889                       1.1793675    0.28977  75.4%   180   42s
H 3109   844                       1.1718567    0.28977  75.3%   180   42s
H 3109   802                       1.1718567    0.28977  75.3%   180   42s
H 3109   761                       1.1634656    0.28977  75.1%   180   42s
  3115   765    1.03915   92 2793    1.16347    0.32566  72.0%   180   45s
H 3121   730                       1.1471431    0.34612  69.8%   179   49s
  3123   735    0.34612   10 2722    1.14714    0.34612  69.8%   193   51s
  3153   769    0.47801   14 2307    1.14714    0.36183  68.5%   207   55s
H 3201   764                       1.1416705    0.36667  67.9%   225   64s
H 3205   727                       1.1359608    0.37507  67.0%   226   64s
  3217   744    0.54316   16 2157    1.13596    0.37507  67.0%   229   65s
  3449   885    0.70368   20 2021    1.13596    0.37806  66.7%   256   70s
  3703  1005    0.77530   24 1679    1.13596    0.37806  66.7%   281   75s
  4023  1148    0.84976   31 1250    1.13596    0.37806  66.7%   302   81s
  4242  1263    0.92540   39 1126    1.13596    0.37806  66.7%   323   85s
H 4561  1394                       1.1304882    0.37806  66.6%   334   93s
H 4566  1357                       1.1281422    0.37806  66.5%   334   93s
H 4571  1319                       1.1210450    0.37806  66.3%   335   93s
  4706  1432    1.02849   55 1103    1.12104    0.37806  66.3%   336   96s
  4920  1559     cutoff   68         1.12104    0.37806  66.3%   341  107s
  5140  1746    0.57516   15 2390    1.12104    0.39691  64.6%   346  111s
  5460  1982    0.71753   17 2187    1.12104    0.42030  62.5%   361  116s
  5668  2168    0.76650   19 1685    1.12104    0.42030  62.5%   369  120s
  6079  2533    0.83907   24 1656    1.12104    0.42030  62.5%   379  126s
  6424  2812    0.94091   33 1168    1.12104    0.42030  62.5%   382  131s
  6611  2843    0.96351   40 1156    1.12104    0.42030  62.5%   384  136s
H 6613  2842                       1.1186583    0.42030  62.4%   384  136s
  6830  3044    1.03789   47 1093    1.11866    0.42030  62.4%   389  141s
  7142  3271    0.58087   16 2246    1.11866    0.54952  50.9%   398  146s
  7277  3345    0.62418   19 1512    1.11866    0.54952  50.9%   405  150s
  7562  3647    0.66485   26 1309    1.11866    0.54952  50.9%   416  156s
H 7802  3810                       1.1157360    0.54952  50.7%   416  159s
  8010  3948    0.78494   39 1213    1.11574    0.54952  50.7%   418  162s
  8189  4140    0.83938   44 1429    1.11574    0.54952  50.7%   422  166s
  8657  4489    0.95440   55 1076    1.11574    0.54952  50.7%   427  173s
H 8890  4537                       1.1136787    0.54952  50.7%   430  178s
  9009  4674     cutoff   67         1.11368    0.59104  46.9%   432  183s
H 9232  4690                       1.1136787    0.60304  45.9%   438  206s
H 9233  4663                       1.1107181    0.60304  45.7%   438  206s
H 9234  4608                       1.1058967    0.60304  45.5%   438  206s
H 9235  4549                       1.0992126    0.60304  45.1%   439  206s
  9248  4678    0.76595   22 1797    1.09921    0.60304  45.1%   440  210s
  9425  4862    0.78508   25 1719    1.09921    0.60304  45.1%   447  215s
  9640  5106    0.85609   29 1731    1.09921    0.60304  45.1%   452  220s
  9907  5300    0.87950   33 1633    1.09921    0.60304  45.1%   456  225s
 10151  5541    0.95716   40 1254    1.09921    0.60304  45.1%   460  230s
 10475  5742    1.04463   48  940    1.09921    0.60727  44.8%   462  235s
 10796  6020    0.71564   21 1993    1.09921    0.60727  44.8%   463  240s
 11139  6195    0.99396   41 1433    1.09921    0.60727  44.8%   464  246s
 11418  6401    1.08373   51 1661    1.09921    0.61820  43.8%   467  252s
 11739  6597    0.76748   19 1587    1.09921    0.61820  43.8%   471  259s
H11861  6564                       1.0974133    0.61820  43.7%   473  259s
 11995  6843    0.80805   22 1325    1.09741    0.61820  43.7%   476  265s
 12332  7159    0.97939   35 1578    1.09741    0.62261  43.3%   480  271s
 12697  7466    0.72607   22 1437    1.09741    0.62323  43.2%   484  278s
 13132  7750    1.01479   45 1137    1.09741    0.62731  42.8%   485  285s
 13465  8182    0.79868   27 1649    1.09741    0.62736  42.8%   491  293s
 13957  8525    0.70507   22 1635    1.09741    0.62736  42.8%   490  301s
 14401  8612     cutoff   34         1.09741    0.62852  42.7%   491  338s
H14403  8611                       1.0972991    0.62852  42.7%   491  338s
H14552  8610                       1.0972313    0.62852  42.7%   490  338s
 14619  8879    0.98259   22 1475    1.09723    0.63167  42.4%   491  346s
 15041  9208    1.02818   39 1531    1.09723    0.63457  42.2%   494  355s
 15545  9576    0.93987   35 1524    1.09723    0.63784  41.9%   495  364s
 16074  9905    0.96734   42 1502    1.09723    0.63932  41.7%   496  373s
 16593 10317    1.06250   35 1728    1.09723    0.64056  41.6%   498  384s
 17160 10764    1.09677   35 1793    1.09723    0.64231  41.5%   499  394s
 17739 11298    0.87284   47 1260    1.09723    0.64251  41.4%   501  405s
 18371 11857    0.76033   39 1290    1.09723    0.64334  41.4%   503  417s
 19128 12389    0.75536   39 1222    1.09723    0.64521  41.2%   503  429s
 19823 12783    0.97940   57 1289    1.09723    0.64597  41.1%   505  441s
 20424 13315     cutoff   37         1.09723    0.64918  40.8%   507  456s
 21137 14094    0.93688   32 1336    1.09723    0.65164  40.6%   512  471s
 22046 14596    1.05059   36 1540    1.09723    0.65214  40.6%   514  486s
 22816 15141    0.71029   24 1434    1.09723    0.65381  40.4%   515  500s
 23618 15726    0.97599   46 1460    1.09723    0.65583  40.2%   515  515s
 24467 16445    0.70712   23 1397    1.09723    0.65584  40.2%   515  531s
 25506 17101    0.98209   45 1268    1.09723    0.65808  40.0%   512  547s
 26423 17724     cutoff   46         1.09723    0.65869  40.0%   512  564s
 27350 18335    1.06484   48 1018    1.09723    0.66088  39.8%   512  582s
 28313 18586    0.81359   28 1371    1.09723    0.66201  39.7%   511  603s
H28314 18584                       1.0971171    0.66201  39.7%   511  603s
H28322 18524                       1.0941004    0.66201  39.5%   511  603s
 28892 19121    0.94183   29 1781    1.09410    0.66229  39.5%   512  622s
 29909 19783    1.01516   42 1381    1.09410    0.66400  39.3%   511  642s
 30940 20637    0.85569   32 1534    1.09410    0.66565  39.2%   510  663s
 31959 21595    0.83961   36 1383    1.09410    0.66693  39.0%   514  685s
 33312 22531    0.71574   32 1618    1.09410    0.66736  39.0%   513  707s
 34580 23614    0.84653   18 1959    1.09410    0.67006  38.8%   513  731s
 35942 24581    0.93677   37 1249    1.09410    0.67051  38.7%   514  754s
 37251 25677    0.79980   30 1703    1.09410    0.67175  38.6%   514  780s
 38781 26373    0.83912   36 1754    1.09410    0.67295  38.5%   514  806s
 40336 27322    0.73507   34 1286    1.09410    0.67445  38.4%   512  832s
 41797 28536     cutoff   51         1.09410    0.67642  38.2%   511  937s
 43364 29186    1.08354   41 1465    1.09410    0.67711  38.1%   514  981s
 44402 29843    0.71692   24 1699    1.09410    0.67844  38.0%   520 1033s
 45528 30840     cutoff   39         1.09410    0.67957  37.9%   526 1093s
 46875 31908    1.00167   48 1421    1.09410    0.68070  37.8%   532 1155s
 48358 32905    0.87019   45 1232    1.09410    0.68132  37.7%   538 1217s
 49744 33722    0.86889   23 1479    1.09410    0.68257  37.6%   545 1281s
 51184 34589    0.82123   35 1531    1.09410    0.68406  37.5%   551 1347s
 52558 35675    0.75193   34 1761    1.09410    0.68516  37.4%   557 1414s
 54118 36517    1.05645   44 1862    1.09410    0.68599  37.3%   563 1484s
 55488 37367    0.91176   43 1269    1.09410    0.68686  37.2%   569 1556s
 56856 38479 infeasible   32         1.09410    0.68840  37.1%   575 1627s
 58535 39409     cutoff   47         1.09410    0.68991  36.9%   579 1698s
 59988 40421    0.88803   39 1696    1.09410    0.69065  36.9%   583 1767s
 61606 40869    1.07285   47 1821    1.09410    0.69217  36.7%   586 1800s

Cutting planes:
  Gomory: 753
  Cover: 1
  Implied bound: 2
  MIR: 139
  StrongCG: 6
  Flow cover: 395
  Inf proof: 9
  Zero half: 143
  RLT: 75
  Relax-and-lift: 2
  BQP: 10

Explored 62374 nodes (36682225 simplex iterations) in 1800.04 seconds (3202.18 work units)
Thread count was 16 (of 16 available processors)

Solution count 10: 1.0941 1.09712 1.09723 ... 1.11368

Time limit reached
Warning: max constraint violation (8.4955e-04) exceeds tolerance
Warning: max general constraint violation (8.4955e-04) exceeds tolerance
Best objective 1.094100440059e+00, best bound 6.928365954990e-01, gap 36.6752%
