
Gurobi 9.5.0 (linux64) logging started Tue 15 Nov 2022 06:50:24 PM PST

Set parameter LogFile to value "experiments/t_4_theta_0.5/gurobi.1668567023.log"
Set parameter LogToConsole to value 0
Set parameter TimeLimit to value 1800
Set parameter Threads to value 16
Gurobi Optimizer version 9.5.0 build v9.5.0rc5 (linux64)
Thread count: 8 physical cores, 16 logical processors, using up to 16 threads
Optimize a model with 342 rows, 1488 columns and 5363 nonzeros
Model fingerprint: 0x70cbab02
Model has 3475 quadratic objective terms
Model has 300 quadratic constraints
Model has 4 general constraints
Variable types: 95 continuous, 1393 integer (1393 binary)
Coefficient statistics:
  Matrix range     [1e+00, 1e+01]
  QMatrix range    [1e+00, 1e+00]
  QLMatrix range   [1e+00, 1e+00]
  Objective range  [0e+00, 0e+00]
  QObjective range [4e-05, 2e+01]
  Bounds range     [1e+00, 8e+02]
  RHS range        [1e+00, 1e+02]
Presolve added 56 rows and 1414 columns
Presolve time: 0.04s
Presolved: 5174 rows, 5340 columns, 39068 nonzeros
Variable types: 1628 continuous, 3712 integer (3527 binary)

Root relaxation: objective -4.689582e-13, 6156 iterations, 0.26 seconds (0.28 work units)

    Nodes    |    Current Node    |     Objective Bounds      |     Work
 Expl Unexpl |  Obj  Depth IntInf | Incumbent    BestBd   Gap | It/Node Time

     0     0   -0.00000    0 3505          -   -0.00000      -     -    0s
     0     0    0.02553    0 3517          -    0.02553      -     -    1s
     0     0    0.09101    0 3007          -    0.09101      -     -    1s
     0     0    0.09125    0 3006          -    0.09125      -     -    1s
     0     0    0.09581    0 2969          -    0.09581      -     -    2s
     0     0    0.09632    0 2965          -    0.09632      -     -    2s
     0     0    0.10127    0 2972          -    0.10127      -     -    2s
H    0     0                     134.9153850    0.10127   100%     -    2s
     0     0    0.10127    0 2938  134.91539    0.10127   100%     -    3s
H    0     0                      35.6010591    0.10144   100%     -    4s
H    0     0                      35.3908696    0.10144   100%     -    4s
H    0     2                      35.3818071    0.10144   100%     -    4s
     0     2    0.10144    0 2933   35.38181    0.10144   100%     -    4s
     7    12 infeasible    3        35.38181    0.11187   100%   944    5s
H   29    40                      35.3756359    0.19545  99.4%   690    5s
H   32    40                      35.3439013    0.19545  99.4%   665    5s
H   53    56                      35.3243245    0.20334  99.4%   522    5s
H   75    88                       2.3145828    0.20334  91.2%   470    7s
H   91    95                       1.9932389    0.20334  89.8%   449    9s
H  100    95                       1.9790573    0.20334  89.7%   482    9s
   138   131    0.42424   11 2017    1.97906    0.20334  89.7%   468   10s
H  375   393                       1.9669636    0.20334  89.7%   461   12s
   735   802    0.70645   67  115    1.96696    0.20334  89.7%   344   15s
H 1259  1391                       1.9492909    0.20334  89.6%   239   16s
H 2443  2352                       1.9423120    0.20361  89.5%   148   17s
H 2450  2352                       1.9370128    0.20361  89.5%   148   17s
H 2904  2568                       1.7430441    0.20361  88.3%   144   19s
  2980  2605    0.52334   18 1930    1.74304    0.20361  88.3%   145   20s
H 3966  3506                       1.7325773    0.20361  88.2%   160   24s
H 4014  3460                       1.7016611    0.20361  88.0%   162   29s
  4015  3461    1.00307   31 1737    1.70166    0.20361  88.0%   162   30s
H 4016  3288                       1.6947316    0.20361  88.0%   162   30s
H 4016  3124                       1.6916549    0.20361  88.0%   162   30s
H 4018  2969                       1.6907217    0.20361  88.0%   162   31s
H 4020  2821                       1.6853771    0.20361  87.9%   161   32s
H 4021  2681                       1.6740054    0.20361  87.8%   161   32s
H 4025  2549                       1.6544165    0.20361  87.7%   161   34s
H 4026  2422                       1.6464959    0.20361  87.6%   161   34s
H 4026  2300                       1.5802899    0.20361  87.1%   161   35s
H 4026  2185                       1.5709724    0.20361  87.0%   161   35s
H 4026  2076                       1.5686550    0.20361  87.0%   161   35s
H 4026  1972                       1.5631499    0.20361  87.0%   161   35s
H 4027  1874                       1.5534905    0.20361  86.9%   161   35s
H 4027  1780                       1.5393160    0.20361  86.8%   161   35s
H 4028  1692                       1.4958324    0.20361  86.4%   161   35s
H 4028  1607                       1.4325430    0.20361  85.8%   161   36s
H 4029  1526                       1.4242618    0.20361  85.7%   161   36s
H 4030  1451                       1.4184639    0.20361  85.6%   161   37s
H 4031  1379                       1.3884336    0.20361  85.3%   161   37s
H 4032  1309                       1.3838453    0.20361  85.3%   161   38s
H 4032  1244                       1.3619401    0.20361  85.1%   161   38s
H 4032  1181                       1.3584982    0.20361  85.0%   161   38s
H 4032  1122                       1.3552243    0.20361  85.0%   161   38s
H 4033  1066                       1.3418111    0.20361  84.8%   161   39s
H 4034  1014                       1.3068335    0.20361  84.4%   161   39s
  4036  1015    1.09296  118 2850    1.30683    0.20361  84.4%   161   40s
H 4040   966                       1.2557265    0.20361  83.8%   161   43s
  4044   973    0.25440   11 2421    1.25573    0.24403  80.6%   173   45s
  4072  1004    0.37304   14 2445    1.25573    0.27046  78.5%   184   50s
H 4074   955                       1.2546488    0.27046  78.4%   184   50s
H 4120   941                       1.1998551    0.28428  76.3%   205   62s
H 4125   895                       1.1930064    0.28428  76.2%   206   62s
  4180   944    0.43333   17 2061    1.19301    0.28428  76.2%   219   65s
H 4203   910                       1.1895482    0.28428  76.1%   223   74s
H 4204   871                       1.1786944    0.28428  75.9%   224   74s
H 4205   833                       1.1662420    0.28428  75.6%   225   74s
H 4209   795                       1.1561810    0.28428  75.4%   225   74s
  4219   822    0.43716   18 2061    1.15618    0.28428  75.4%   228   75s
  4346   903    0.48268   21 2207    1.15618    0.28428  75.4%   247   80s
  4494   986    0.57032   24 2327    1.15618    0.28428  75.4%   266   85s
  4662  1059    0.55224   27 1988    1.15618    0.28428  75.4%   283   92s
  4761  1117    0.55542   30 1906    1.15618    0.28428  75.4%   295   95s
  4923  1175    0.62797   35 1671    1.15618    0.28428  75.4%   311  103s
  4953  1232    0.65265   36 1681    1.15618    0.28428  75.4%   315  105s
  5164  1351    0.81835   44 1473    1.15618    0.28428  75.4%   329  111s
  5324  1411    0.83940   50  937    1.15618    0.28428  75.4%   337  116s
  5493  1460    1.12748   57 1248    1.15618    0.28428  75.4%   349  122s
  5558  1504    1.07203   60 1025    1.15618    0.28428  75.4%   357  125s
  5823  1661    0.43722   16 2274    1.15618    0.30075  74.0%   373  132s
  5951  1720    0.49253   18 2100    1.15618    0.30075  74.0%   376  135s
  6211  1874    0.48889   22 2141    1.15618    0.30075  74.0%   384  141s
  6428  2093    0.68253   27 2049    1.15618    0.30075  74.0%   395  148s
  6576  2205    0.65592   29 1846    1.15618    0.30075  74.0%   398  151s
  6737  2285    0.73304   30 1952    1.15618    0.30075  74.0%   400  156s
H 6898  2318                       1.1559408    0.30075  74.0%   405  162s
H 6910  2317                       1.1551102    0.30075  74.0%   406  162s
H 6923  2314                       1.1539384    0.30075  73.9%   407  162s
  6956  2421    0.68423   32 1801    1.15394    0.30075  73.9%   407  165s
  7205  2635    0.75545   39 1407    1.15394    0.30075  73.9%   418  173s
  7330  2744    0.87936   43 1591    1.15394    0.30075  73.9%   423  177s
  7574  2837    0.97844   47 1634    1.15394    0.30075  73.9%   423  182s
  7781  2943    1.03428   55 1469    1.15394    0.30075  73.9%   426  187s
H 7946  3006                       1.1493048    0.30075  73.8%   430  192s
  8069  3121    0.43245   15 2337    1.14930    0.32725  71.5%   437  197s
  8184  3237    0.45427   17 2144    1.14930    0.32725  71.5%   444  203s
  8338  3327    0.51727   21 2184    1.14930    0.32725  71.5%   451  208s
  8489  3377    0.58726   26 2035    1.14930    0.32725  71.5%   456  214s
  8539  3518    0.61612   26 2003    1.14930    0.32725  71.5%   460  221s
  8684  3643    0.61615   27 2002    1.14930    0.32725  71.5%   466  227s
  8899  3764    0.69930   31 1802    1.14930    0.32725  71.5%   470  234s
  9026  3953    0.73990   36 1735    1.14930    0.32725  71.5%   478  240s
H 9088  3953                       1.1491144    0.32725  71.5%   479  240s
  9231  4149    0.79170   44 1613    1.14911    0.32725  71.5%   482  246s
  9501  4369    0.88237   53 1101    1.14911    0.32725  71.5%   484  253s
  9746  4597    0.99290   63  961    1.14911    0.32725  71.5%   487  260s
 10011  4797    1.06650   76  954    1.14911    0.32725  71.5%   490  267s
 10245  4955    1.11725   85  853    1.14911    0.39475  65.6%   493  275s
 10458  5127    0.46324   18 2490    1.14911    0.39510  65.6%   498  284s
 10669  5294    0.82419   32 1974    1.14911    0.39510  65.6%   504  293s
 10860  5475    1.07755   45 1652    1.14911    0.41120  64.2%   511  302s
 11087  5554    0.63803   24 1930    1.14911    0.41120  64.2%   516  313s
H11104  5537                       1.1472641    0.41120  64.2%   517  313s
 11188  5751    0.66043   26 1720    1.14726    0.41120  64.2%   518  338s
H11217  5743                       1.1445656    0.41120  64.1%   519  338s
H11323  5742                       1.1440555    0.41120  64.1%   520  338s
 11431  5948    0.99066   46 1848    1.14406    0.41120  64.1%   521  349s
 11721  6199    1.13715   69 1391    1.14406    0.41969  63.3%   526  360s
 12111  6468    0.49052   18 2466    1.14406    0.41969  63.3%   526  371s
 12399  6711    0.60820   24 1847    1.14406    0.41969  63.3%   531  383s
 12708  6983    0.66516   29 1930    1.14406    0.41969  63.3%   536  396s
 12980  7320    0.86558   45 1317    1.14406    0.41969  63.3%   542  409s
 13361  7628    1.02782   58  998    1.14406    0.42353  63.0%   545  422s
 13790  7936    0.49402   17 2061    1.14406    0.42353  63.0%   547  436s
 14184  8164     cutoff   35         1.14406    0.43027  62.4%   551  451s
 14550  8481    0.58957   22 2499    1.14406    0.43027  62.4%   556  467s
 14942  8497    0.79329   30 1892    1.14406    0.43027  62.4%   560  550s
H14945  8496                       1.1438036    0.43027  62.4%   560  550s
H14949  8417                       1.1385931    0.43027  62.2%   560  550s
H14951  8299                       1.1314730    0.43027  62.0%   560  550s
 14958  8517    0.76186   30 1890    1.13147    0.43027  62.0%   561  566s
 15274  8798    0.85041   33 1697    1.13147    0.43027  62.0%   566  583s
 15659  9023    1.04195   45 1181    1.13147    0.43851  61.2%   573  601s
 16028  9234    0.59414   25 2010    1.13147    0.43851  61.2%   579  619s
 16388  9553    0.81996   35 1052    1.13147    0.43851  61.2%   586  640s
 16829  9889    1.10937   53 1214    1.13147    0.44453  60.7%   590  661s
 17302 10228    0.83134   31 2132    1.13147    0.44557  60.6%   594  682s
 17783 10545    0.92856   39 1750    1.13147    0.45106  60.1%   600  705s
 18254 10770    0.75022   30 2303    1.13147    0.45439  59.8%   605  729s
 18783 11036    1.13049   42 1960    1.13147    0.45575  59.7%   609  753s
 19295 11389    0.57768   22 2223    1.13147    0.45828  59.5%   614  781s
 19748 11739    0.98730   32 2105    1.13147    0.45841  59.5%   621  810s
 20291 12087    0.77791   33 2321    1.13147    0.45887  59.4%   627  838s
 20818 12572    0.58763   21 2422    1.13147    0.46093  59.3%   632  871s
 21583 12828    0.56693   21 2134    1.13147    0.46567  58.8%   635  903s
 22250 13095    0.63433   17 1924    1.13147    0.46649  58.8%   639  935s
 22835 13556    0.92457   33 1918    1.13147    0.46789  58.6%   646  972s
 23514 14075    0.53035   22 1975    1.13147    0.47175  58.3%   653 1011s
 24305 14639    0.93184   33 1997    1.13147    0.47388  58.1%   658 1051s
 25051 15380    1.02200   31 2050    1.13147    0.47657  57.9%   665 1092s
 25992 15873    1.11221   44 1713    1.13147    0.47807  57.7%   667 1135s
 26804 16490    0.94019   46 1413    1.13147    0.47981  57.6%   673 1182s
 27763 17350    0.69235   28 1973    1.13147    0.48193  57.4%   677 1227s
H28761 17938                       1.1269690    0.48193  57.2%   679 1275s
H28774 17883                       1.1241742    0.48229  57.1%   679 1275s
H28780 17791                       1.1201642    0.48229  56.9%   679 1275s
H28829 17750                       1.1184595    0.48229  56.9%   679 1275s
H28839 17748                       1.1184090    0.48229  56.9%   679 1275s
H29141 17704                       1.1164243    0.48376  56.7%   680 1275s
 29784 18150    0.87983   35 2004    1.11642    0.48441  56.6%   680 1327s
H29785 18148                       1.1163233    0.48441  56.6%   680 1327s
H29920 18148                       1.1163233    0.48445  56.6%   680 1327s
H29923 18148                       1.1163230    0.48452  56.6%   680 1327s
 30491 18983    1.03732   42 2007    1.11632    0.48651  56.4%   682 1382s
 31589 19909    0.79198   36 1378    1.11632    0.48711  56.4%   685 1441s
 32813 20807     cutoff   46         1.11632    0.48900  56.2%   686 1499s
 33888 21591    0.91358   42 1581    1.11632    0.49082  56.0%   691 1558s
 35008 22383    0.73697   20 2469    1.11632    0.49206  55.9%   695 1625s
 36102 23268    0.81498   32 2244    1.11632    0.49350  55.8%   701 1695s
 37419 24199    0.75247   31 1930    1.11632    0.49526  55.6%   705 1769s
 38796 24613    1.06192   43 1521    1.11632    0.49803  55.4%   715 1800s

Cutting planes:
  Gomory: 604
  Implied bound: 2
  MIR: 61
  StrongCG: 10
  Flow cover: 203
  Inf proof: 9
  Zero half: 95
  RLT: 98
  Relax-and-lift: 4
  BQP: 19

Explored 39401 nodes (28228240 simplex iterations) in 1800.03 seconds (3106.68 work units)
Thread count was 16 (of 16 available processors)

Solution count 10: 1.11632 1.11632 1.11632 ... 1.13147

Time limit reached
Warning: max constraint violation (8.4955e-04) exceeds tolerance
Warning: max general constraint violation (8.4955e-04) exceeds tolerance
Best objective 1.116323320031e+00, best bound 4.987653122116e-01, gap 55.3207%
