
Gurobi 9.5.0 (linux64) logging started Wed 16 Nov 2022 12:07:31 PM PST

Set parameter LogFile to value "experiments/t_5_theta_0.999/gurobi.1668629250.log"
Set parameter LogToConsole to value 0
Set parameter TimeLimit to value 1800
Set parameter Threads to value 16
Gurobi Optimizer version 9.5.0 build v9.5.0rc5 (linux64)
Thread count: 8 physical cores, 16 logical processors, using up to 16 threads
Optimize a model with 343 rows, 1518 columns and 5392 nonzeros
Model fingerprint: 0x4a088e47
Model has 3500 quadratic objective terms
Model has 375 quadratic constraints
Model has 5 general constraints
Variable types: 100 continuous, 1418 integer (1418 binary)
Coefficient statistics:
  Matrix range     [1e+00, 1e+01]
  QMatrix range    [1e+00, 1e+00]
  QLMatrix range   [1e+00, 1e+00]
  Objective range  [0e+00, 0e+00]
  QObjective range [9e-07, 5e+01]
  Bounds range     [1e+00, 8e+02]
  RHS range        [1e+00, 1e+02]
Presolve added 77 rows and 1523 columns
Presolve time: 0.04s
Presolved: 5349 rows, 5568 columns, 40602 nonzeros
Variable types: 1785 continuous, 3783 integer (3565 binary)

Root relaxation: objective -1.875833e-12, 6139 iterations, 0.35 seconds (0.30 work units)

    Nodes    |    Current Node    |     Objective Bounds      |     Work
 Expl Unexpl |  Obj  Depth IntInf | Incumbent    BestBd   Gap | It/Node Time

     0     0   -0.00000    0 3504          -   -0.00000      -     -    0s
     0     0    0.04696    0 3543          -    0.04696      -     -    1s
     0     0    0.11692    0 3069          -    0.11692      -     -    1s
     0     0    0.11697    0 3065          -    0.11697      -     -    2s
     0     0    0.13324    0 3023          -    0.13324      -     -    2s
     0     0    0.13330    0 3018          -    0.13330      -     -    2s
     0     0    0.13980    0 3005          -    0.13980      -     -    2s
     0     0    0.14053    0 3019          -    0.14053      -     -    2s
     0     0    0.14361    0 3033          -    0.14361      -     -    3s
H    0     0                     201.6375557    0.14361   100%     -    3s
     0     0    0.14361    0 2994  201.63756    0.14361   100%     -    3s
H    0     0                      52.5228128    0.14379   100%     -    3s
H    0     0                      36.0913401    0.14379   100%     -    3s
     0     2    0.14379    0 2986   36.09134    0.14379   100%     -    4s
H   41    50                      36.0835813    0.16785   100%   218    5s
H   51    50                      36.0490257    0.16785   100%   257    5s
H   89    94                      19.6342606    0.16785  99.1%   335    7s
H   89    94                       3.0196564    0.16785  94.4%   335    7s
H   92    94                       2.7147390    0.16785  93.8%   348    7s
H  112   101                       2.6837672    0.16785  93.7%   413    8s
   215   205    0.57288   11 2203    2.68377    0.16785  93.7%   489   10s
H  266   254                       1.8102307    0.16785  90.7%   483   12s
   504   469    1.00697   15 2275    1.81023    0.16785  90.7%   331   16s
H  861   793                       1.7630926    0.16785  90.5%   302   20s
H  874   793                       1.7586136    0.16785  90.5%   300   20s
H  892   793                       1.6440115    0.16785  89.8%   300   20s
H  906   793                       1.6108851    0.16785  89.6%   299   20s
H 1220   911                       1.0872843    0.16785  84.6%   282   25s
  1742   949    0.99249   13 1469    1.08728    0.16885  84.5%   277   30s
H 2097   794                       1.0700355    0.16885  84.2%   265   37s
H 2099   718                       1.0698265    0.16885  84.2%   264   39s
  2101   719    0.98379   16 2952    1.06983    0.16885  84.2%   264   40s
H 2108   687                       1.0681360    0.20432  80.9%   263   43s
H 2109   653                       1.0681117    0.22010  79.4%   263   43s
H 2109   620                       1.0681102    0.22010  79.4%   263   43s
H 2109   589                       1.0680463    0.22144  79.3%   263   44s
H 2110   560                       1.0588874    0.22144  79.1%   263   44s
H 2110   532                       1.0588859    0.22144  79.1%   263   44s
H 2110   505                       1.0568311    0.22144  79.0%   263   44s
H 2110   479                       1.0567369    0.23448  77.8%   263   44s
H 2110   455                       1.0565797    0.23448  77.8%   263   44s
  2112   456    1.00634   44 2850    1.05658    0.23519  77.7%   263   45s
H 2114   435                       1.0564813    0.23879  77.4%   263   45s
H 2114   413                       1.0563838    0.24007  77.3%   263   45s
H 2115   392                       1.0563828    0.24037  77.2%   262   46s
H 2116   373                       1.0563495    0.24037  77.2%   262   46s
H 2116   354                       1.0563435    0.24172  77.1%   262   46s
H 2117   337                       1.0545982    0.24190  77.1%   262   47s
H 2117   320                       1.0512870    0.24190  77.0%   262   47s
H 2118   303                       1.0512495    0.24190  77.0%   262   47s
H 2118   288                       1.0512255    0.24351  76.8%   262   47s
H 2119   274                       1.0508836    0.25414  75.8%   262   47s
  2128   280    0.49178    9 2874    1.05088    0.37997  63.8%   261   50s
H 2131   269                       1.0508815    0.37998  63.8%   274   52s
  2146   294    0.62090   17 2459    1.05088    0.41297  60.7%   284   55s
H 2162   287                       1.0508779    0.41778  60.2%   290   56s
H 2166   272                       1.0508723    0.41778  60.2%   292   56s
H 2174   258                       1.0508688    0.41781  60.2%   295   56s
H 2210   272                       1.0508632    0.41781  60.2%   304   60s
H 2210   260                       1.0508108    0.41781  60.2%   304   60s
H 2211   249                       1.0380904    0.41781  59.8%   304   60s
H 2218   236                       1.0201693    0.42899  57.9%   307   60s
  2357   261    0.99184   26 1885    1.02017    0.42899  57.9%   335   65s
  2608   291    0.68584   21 2231    1.02017    0.42936  57.9%   359   70s
H 2667   281                       1.0109477    0.42936  57.5%   364   72s
  2790   344     cutoff   28         1.01095    0.42936  57.5%   377   76s
H 2792   344                       1.0104328    0.42936  57.5%   377   76s
H 2802   344                       1.0053265    0.42936  57.3%   377   76s
  2925   436    0.79077   23 2054    1.00533    0.43114  57.1%   387   80s
H 3158   487                       1.0053015    0.50059  50.2%   409   86s
H 3158   487                       1.0052992    0.50059  50.2%   409   86s
H 3164   487                       1.0052948    0.50059  50.2%   411   86s
H 3167   487                       1.0052687    0.50059  50.2%   410   86s
H 3184   487                       1.0052520    0.50059  50.2%   412   86s
H 3187   487                       1.0045306    0.50059  50.2%   413   86s
H 3188   487                       1.0041340    0.50059  50.1%   413   86s
H 3189   487                       1.0039475    0.50059  50.1%   413   86s
  3323   522    0.93787   26 1503    1.00395    0.50059  50.1%   428   90s
  3528   627    0.94424   24 1269    1.00395    0.50059  50.1%   444   95s
  3802   691    0.66960   23 2354    1.00395    0.61117  39.1%   455  100s
  4071   776     cutoff   30         1.00395    0.66808  33.5%   471  106s
H 4304   818                       1.0039432    0.66808  33.5%   479  115s
H 4304   818                       1.0039160    0.66808  33.5%   479  115s
H 4304   818                       1.0038950    0.66808  33.5%   479  115s
H 4305   818                       1.0035509    0.66808  33.4%   479  115s
H 4305   818                       1.0035167    0.66808  33.4%   479  115s
H 4308   818                       1.0034915    0.66808  33.4%   479  115s
H 4325   818                       1.0034774    0.66808  33.4%   480  115s
H 4325   818                       1.0010621    0.66808  33.3%   480  115s
H 4562   869                       1.0009194    0.66808  33.3%   497  123s
H 4569   869                       1.0009172    0.66808  33.3%   498  123s
  4589   885    1.00015   26 1194    1.00092    0.73511  26.6%   503  126s
  4821   945    0.95029   23 2067    1.00092    0.76079  24.0%   519  131s
  5088  1076     cutoff   23         1.00092    0.76690  23.4%   533  137s
  5294  1124     cutoff   36         1.00092    0.79115  21.0%   534  140s
  5637  1165    0.88768   24 1648    1.00092    0.80181  19.9%   541  146s
H 5657  1159                       1.0004839    0.80181  19.9%   541  146s
H 5768  1159                       1.0004779    0.80181  19.9%   543  146s
  5960  1207    0.96602   26 1884    1.00048    0.81338  18.7%   550  152s
  6133  1218    0.90204   28 1185    1.00048    0.82267  17.8%   555  156s
H 6149  1218                       1.0004513    0.82267  17.8%   556  156s
  6280  1252    0.98745   29 1101    1.00045    0.82592  17.4%   563  160s
  6648  1281     cutoff   29         1.00045    0.83046  17.0%   575  169s
H 6649  1281                       1.0004443    0.83046  17.0%   575  169s
H 6652  1281                       1.0004436    0.83046  17.0%   576  169s
H 6681  1281                       1.0004328    0.83046  17.0%   577  169s
H 6708  1281                       1.0004289    0.83046  17.0%   579  169s
H 6730  1281                       1.0004264    0.83046  17.0%   581  169s
  6733  1315     cutoff   30         1.00043    0.83046  17.0%   582  173s
  6948  1329     cutoff   32         1.00043    0.84508  15.5%   586  177s
  7133  1336     cutoff   37         1.00043    0.84654  15.4%   593  181s
  7296  1386     cutoff   28         1.00043    0.85260  14.8%   602  186s
  7502  1451    0.97632   28 1380    1.00043    0.85835  14.2%   608  190s
H 7514  1451                       1.0004247    0.85846  14.2%   609  190s
H 7567  1451                       1.0004242    0.86215  13.8%   610  190s
  7688  1573     cutoff   25         1.00042    0.86337  13.7%   616  195s
  8034  1628    0.97405   28 1299    1.00042    0.86594  13.4%   613  201s
  8297  1711    0.95798   29 1444    1.00042    0.86809  13.2%   618  206s
H 8315  1711                       1.0004220    0.86809  13.2%   619  206s
H 8429  1710                       1.0004086    0.86809  13.2%   616  206s
H 8458  1710                       1.0003792    0.86809  13.2%   618  206s
  8578  1750    0.99073   23 1608    1.00038    0.86933  13.1%   618  211s
  8851  1777    0.93952   25 1209    1.00038    0.87617  12.4%   622  223s
H 8856  1777                       1.0003757    0.87617  12.4%   622  223s
H 8962  1784                       1.0003752    0.87617  12.4%   628  236s
H 8969  1784                       1.0003752    0.87617  12.4%   628  236s
H 8976  1784                       1.0003683    0.87617  12.4%   627  236s
H 8982  1784                       1.0003634    0.87617  12.4%   628  236s
  8986  1833    0.98186   32  886    1.00036    0.87806  12.2%   628  243s
  9301  1905    0.99196   31 1224    1.00036    0.88292  11.7%   627  249s
  9734  1917    0.98447   34 1195    1.00036    0.89142  10.9%   624  255s
 10030  1953     cutoff   27         1.00036    0.89731  10.3%   631  263s
 10293  2060    0.99006   25 1364    1.00036    0.89902  10.1%   633  270s
 10757  2196     cutoff   29         1.00036    0.90304  9.73%   630  277s
 11245  2227    0.99603   23 1539    1.00036    0.90846  9.19%   629  284s
 11681  2389     cutoff   31         1.00036    0.91507  8.53%   630  291s
 12453  2593     cutoff   26         1.00036    0.92259  7.77%   616  299s
 13298  2879    0.97925   35  768    1.00036    0.92836  7.20%   600  306s
 14287  3152    0.96625   31 1254    1.00036    0.93671  6.36%   580  314s
 15417  3422    0.98837   34 1127    1.00036    0.94109  5.93%   559  321s
 16567  3721    0.97556   31 1007    1.00036    0.94556  5.48%   540  329s
 17928  3961    0.99089   32 1003    1.00036    0.95003  5.03%   517  337s
 19135  4313     cutoff   26         1.00036    0.95314  4.72%   501  345s
 20611  4648    0.97991   35  963    1.00036    0.95534  4.50%   480  362s
H20947  4648                       1.0003634    0.95572  4.46%   476  362s
 21760  5109     cutoff   32         1.00036    0.95687  4.35%   466  371s
 23770  5317     cutoff   44         1.00036    0.95974  4.06%   442  376s
 24800  5592    0.99835   28 1451    1.00036    0.96192  3.84%   433  382s
 26002  5887    0.98526   42  784    1.00036    0.96304  3.73%   421  388s
 27210  6167    0.98906   37 1136    1.00036    0.96465  3.57%   411  394s
 28395  6582    0.98344   40  650    1.00036    0.96550  3.49%   402  400s
 29951  7088    0.99504   27 1298    1.00036    0.96675  3.36%   389  406s
 31546  7491     cutoff   42         1.00036    0.96774  3.26%   377  412s
 33134  7823    0.98811   33  870    1.00036    0.96901  3.13%   365  419s
 34671  8151    0.98767   44  646    1.00036    0.96983  3.05%   356  425s
 36503  8261    0.98434   37  934    1.00036    0.97114  2.92%   345  434s
H36642  8260                       1.0003553    0.97126  2.91%   344  434s
H36757  8258                       1.0003360    0.97130  2.90%   344  434s
 37031  8560    0.99743   48  615    1.00034    0.97156  2.88%   342  441s
 38907  8821     cutoff   39         1.00034    0.97225  2.81%   332  449s
H40244  8821                       1.0003294    0.97253  2.78%   326  449s
 40563  9114    0.99739   42  351    1.00033    0.97308  2.72%   325  456s
 42504  9785     cutoff   47         1.00033    0.97395  2.64%   316  471s
 46723 10184    0.98892   43  670    1.00033    0.97569  2.46%   299  477s
 48346 10386    0.98338   37  871    1.00033    0.97630  2.40%   294  483s
 50085 10550    0.99250   43  802    1.00033    0.97695  2.34%   288  489s
 51622 10772    0.99568   41  823    1.00033    0.97761  2.27%   284  495s
 53371 10972    0.98603   46  596    1.00033    0.97815  2.22%   278  501s
 55160 11120    0.99446   34 1068    1.00033    0.97861  2.17%   273  507s
 56802 11257     cutoff   46         1.00033    0.97910  2.12%   269  512s
 58580 11399     cutoff   44         1.00033    0.97975  2.06%   265  518s
 60365 11554     cutoff   41         1.00033    0.98009  2.02%   260  524s
 62196 11721    0.99619   43  481    1.00033    0.98058  1.97%   256  530s
 63976 12062     cutoff   41         1.00033    0.98110  1.92%   252  542s
 68150 12153     cutoff   41         1.00033    0.98192  1.84%   243  547s
 69664 12188     cutoff   48         1.00033    0.98233  1.80%   240  552s
 71241 12278    0.99601   39  747    1.00033    0.98268  1.76%   237  557s
 72868 12283     cutoff   45         1.00033    0.98297  1.74%   234  562s
 74384 12483    0.98956   37  684    1.00033    0.98335  1.70%   231  568s
 76214 12635    0.99950   45  565    1.00033    0.98361  1.67%   228  573s
 77970 12672     cutoff   44         1.00033    0.98392  1.64%   225  578s
 79651 12699    0.99274   45  294    1.00033    0.98430  1.60%   222  583s
 81252 12749    0.99483   36  759    1.00033    0.98453  1.58%   220  588s
 82851 12728    0.99720   41  638    1.00033    0.98484  1.55%   218  593s
 84494 12749     cutoff   57         1.00033    0.98517  1.52%   216  598s
 86191 12745    1.00010   43  469    1.00033    0.98542  1.49%   213  608s
 89697 12754    0.99792   42  555    1.00033    0.98598  1.43%   209  613s
 91488 12805    0.99416   40  529    1.00033    0.98630  1.40%   207  618s
 93315 12839     cutoff   42         1.00033    0.98655  1.38%   204  623s
 94990 12800     cutoff   50         1.00033    0.98677  1.36%   202  627s
 96582 12747     cutoff   49         1.00033    0.98705  1.33%   200  632s
 98236 12705     cutoff   42         1.00033    0.98726  1.31%   199  637s
 100181 12645    0.99211   45  480    1.00033    0.98754  1.28%   196  641s
 101751 12557     cutoff   47         1.00033    0.98777  1.26%   195  646s
 103308 12453    0.99550   47  438    1.00033    0.98797  1.24%   193  651s
 105041 12417    0.99585   35  760    1.00033    0.98822  1.21%   191  656s
 106788 12392    0.99903   43  565    1.00033    0.98846  1.19%   190  660s
 108562 12029     cutoff   57         1.00033    0.98868  1.16%   188  670s
 111894 11997    1.00010   50  301    1.00033    0.98920  1.11%   185  680s
 112050 11838    0.99987   49  296    1.00033    0.98923  1.11%   185  686s
 114142 11681    0.99571   33  837    1.00033    0.98956  1.08%   183  691s
 116120 11474    0.99846   40  524    1.00033    0.98976  1.06%   181  696s
 117932 11319    0.99968   44  368    1.00033    0.98997  1.04%   180  701s
 119790 11037     cutoff   48         1.00033    0.99028  1.00%   178  705s
 121584 10797    0.99928   49  403    1.00033    0.99049  0.98%   177  710s
 124924 10246     cutoff   48         1.00033    0.99106  0.93%   174  719s
 126750  9936     cutoff   49         1.00033    0.99126  0.91%   173  723s
 128546  9638    0.99200   41  391    1.00033    0.99155  0.88%   171  728s
 130244  9328     cutoff   48         1.00033    0.99180  0.85%   170  732s
 131978  8996     cutoff   48         1.00033    0.99201  0.83%   169  737s
 133778  8724    0.99661   50  446    1.00033    0.99223  0.81%   168  741s
 135433  8341     cutoff   42         1.00033    0.99252  0.78%   167  746s
 137212  8262    0.99547   45  367    1.00033    0.99283  0.75%   165  751s
 139089  7777     cutoff   46         1.00033    0.99293  0.74%   164  755s
 142385  6778     cutoff   47         1.00033    0.99367  0.67%   162  763s
 144019  6252     cutoff   43         1.00033    0.99400  0.63%   161  767s
 145722  5654     cutoff   53         1.00033    0.99439  0.59%   160  772s
 147438  4996     cutoff   42         1.00033    0.99485  0.55%   159  776s
 148976  4365    0.99634   45  429    1.00033    0.99539  0.49%   159  780s
 150790  3796     cutoff   53         1.00033    0.99604  0.43%   157  785s
 152684  4409    0.99892   48  539    1.00033    0.99639  0.39%   156  790s
 155021  4704    0.99992   94   57    1.00033    0.99698  0.33%   154  800s
 161812  7815    0.99948   67   63    1.00033    0.99911  0.12%   149  809s
 164277  9484    0.99918   66   84    1.00033    0.99912  0.12%   147  813s
 166713 11378    0.99965   65   83    1.00033    0.99913  0.12%   146  819s
 169511 13460    0.99969   84   64    1.00033    0.99915  0.12%   144  824s
 172589 15475    0.99969   81   54    1.00033    0.99915  0.12%   141  830s
 175586 22673    0.99917   70   79    1.00033    0.99916  0.12%   139  850s
 185564 24791     cutoff  103         1.00033    0.99916  0.12%   133  855s
 188238 26685    0.99951   73   65    1.00033    0.99916  0.12%   131  861s
 190704 28787    0.99954   80   73    1.00033    0.99917  0.12%   130  866s
 193323 30593    0.99982  107   43    1.00033    0.99917  0.12%   129  872s
 195730 32722    0.99936   82   76    1.00033    0.99917  0.12%   127  878s
 198460 39127    0.99940   73   69    1.00033    0.99917  0.12%   126  895s
 206973 41095    0.99930   65   82    1.00033    0.99917  0.12%   122  901s
 210024 43185    0.99918   68   85    1.00033    0.99917  0.12%   120  907s
 213071 45216    0.99955   71   69    1.00033    0.99918  0.12%   119  912s
 215820 47314    0.99927   69   80    1.00033    0.99918  0.12%   118  918s
 218406 49224    0.99958   94   67    1.00033    0.99918  0.12%   117  923s
 220861 55096    0.99929   75   73    1.00033    0.99918  0.12%   116  999s
 228895 56903     cutoff   89         1.00033    0.99918  0.11%   113 1005s
 231673 58905    0.99954   67   76    1.00033    0.99918  0.11%   111 1011s
 234274 60813    1.00030   97   37    1.00033    0.99918  0.11%   111 1017s
 236726 62894    0.99986   98   59    1.00033    0.99918  0.11%   110 1023s
 239318 64758    1.00005  113   50    1.00033    0.99919  0.11%   109 1029s
 242180 69526    0.99988   95   54    1.00033    0.99919  0.11%   108 1044s
 248982 71583    1.00030   99   50    1.00033    0.99919  0.11%   106 1050s
 251696 73640    1.00003  105   52    1.00033    0.99919  0.11%   105 1056s
 254280 75655    0.99985   99   58    1.00033    0.99919  0.11%   104 1062s
 257138 77532     cutoff   86         1.00033    0.99919  0.11%   103 1068s
 259832 79502    0.99973   91   77    1.00033    0.99919  0.11%   103 1074s
 262711 84285    1.00025   91   53    1.00033    0.99920  0.11%   102 1088s
 269386 84297    0.99975   77   69    1.00033    0.99920  0.11%   100 1096s
 269403 85996    0.99989   78   65    1.00033    0.99920  0.11%   100 1101s
 272154 87879    0.99931   67   88    1.00033    0.99920  0.11%  99.3 1108s
 274737 89841    1.00016   93   56    1.00033    0.99920  0.11%  98.6 1114s
 277509 91749    1.00027   95   56    1.00033    0.99920  0.11%  98.0 1120s
 280383 93842    0.99982  106   70    1.00033    0.99920  0.11%  97.2 1126s
 282942 95834    1.00011  109   59    1.00033    0.99921  0.11%  96.6 1132s
 285411 100067    0.99948   83   84    1.00033    0.99921  0.11%  96.1 1145s
 291829 101967    0.99932   74   91    1.00033    0.99921  0.11%  94.6 1151s
 294582 103881    0.99946   77   85    1.00033    0.99921  0.11%  94.0 1157s
 297365 105993    0.99977   90   71    1.00033    0.99921  0.11%  93.4 1163s
 299912 107826     cutoff  126         1.00033    0.99921  0.11%  92.8 1169s
 302767 109815    1.00016   99   54    1.00033    0.99921  0.11%  92.2 1175s
 305409 110618    0.99996  112   50    1.00033    0.99921  0.11%  91.7 1180s
 306498 114865    1.00029   97   41    1.00033    0.99921  0.11%  91.4 1193s
 312856 116847    0.99957   72   64    1.00033    0.99922  0.11%  90.1 1199s
 315451 118676    0.99986   89   60    1.00033    0.99922  0.11%  89.6 1205s
 318056 120519    0.99997   86   67    1.00033    0.99922  0.11%  89.1 1210s
 320863 122116    0.99944   73   83    1.00033    0.99922  0.11%  88.6 1216s
 323512 123849     cutoff   97         1.00033    0.99922  0.11%  88.1 1222s
 326128 125740    0.99953   89   73    1.00033    0.99922  0.11%  87.6 1228s
 328588 129884    0.99993  100   62    1.00033    0.99922  0.11%  87.2 1240s
 334391 131839    1.00027  114   48    1.00033    0.99922  0.11%  86.2 1246s
 337059 133879    0.99975   88   52    1.00033    0.99922  0.11%  85.7 1252s
 339768 135939    1.00025   99   46    1.00033    0.99922  0.11%  85.3 1258s
 342244 137820    0.99967   77   76    1.00033    0.99922  0.11%  84.9 1264s
 345070 139872    0.99941   68   88    1.00033    0.99923  0.11%  84.4 1270s
 347659 141767    0.99995  106   60    1.00033    0.99923  0.11%  84.0 1276s
 350330 145753    0.99973   90   66    1.00033    0.99923  0.11%  83.6 1288s
 356141 147804     cutoff  109         1.00033    0.99923  0.11%  82.7 1294s
 358602 149810    1.00017  123   53    1.00033    0.99923  0.11%  82.4 1300s
 361113 151648    0.99979  111   65    1.00033    0.99923  0.11%  82.0 1306s
 363853 153372    0.99961   88   82    1.00033    0.99923  0.11%  81.6 1311s
 366427 155253    0.99942   75   69    1.00033    0.99923  0.11%  81.2 1317s
 369336 157258    0.99980   74   72    1.00033    0.99923  0.11%  80.8 1323s
 371775 161087    0.99996   96   51    1.00033    0.99923  0.11%  80.5 1334s
 376962 163085     cutoff  105         1.00033    0.99923  0.11%  79.8 1340s
 379645 164891    0.99994   97   50    1.00033    0.99923  0.11%  79.4 1346s
 382238 166927    0.99977   89   70    1.00033    0.99923  0.11%  79.1 1353s
 384989 169035    0.99940   73   82    1.00033    0.99923  0.11%  78.7 1359s
 387692 170776    0.99983  112   58    1.00033    0.99924  0.11%  78.4 1365s
 390381 171729    1.00020   91   49    1.00033    0.99924  0.11%  78.0 1371s
 391667 173786    0.99987   94   59    1.00033    0.99924  0.11%  77.9 1377s
 394535 177362    0.99925   84   95    1.00033    0.99924  0.11%  77.5 1388s
 399447 179288    0.99943   94   78    1.00033    0.99924  0.11%  76.9 1394s
 402378 181149    0.99958   69   71    1.00033    0.99924  0.11%  76.6 1400s
 405203 182852    1.00022  101   54    1.00033    0.99924  0.11%  76.2 1406s
 407934 184808    0.99954   92   63    1.00033    0.99924  0.11%  75.9 1412s
 410570 186746    0.99948   72   75    1.00033    0.99924  0.11%  75.6 1418s
 413471 188537    1.00029   94   51    1.00033    0.99924  0.11%  75.3 1424s
 416233 192229    1.00033  105   57    1.00033    0.99924  0.11%  74.9 1435s
 421195 194040     cutoff  113         1.00033    0.99924  0.11%  74.4 1441s
 424037 195983    1.00033   95   43    1.00033    0.99924  0.11%  74.1 1447s
 426499 197612    0.99972   80   58    1.00033    0.99924  0.11%  73.8 1452s
 429278 199383    0.99986   99   63    1.00033    0.99924  0.11%  73.5 1458s
 432032 201238    0.99958   81   75    1.00033    0.99924  0.11%  73.3 1464s
 434837 202951    0.99934   85   81    1.00033    0.99924  0.11%  73.0 1469s
 437520 206317    0.99941   76   74    1.00033    0.99924  0.11%  72.7 1480s
 442420 208206    1.00030  105   46    1.00033    0.99924  0.11%  72.2 1486s
 445193 210157    0.99957   92   76    1.00033    0.99925  0.11%  71.9 1492s
 447727 211953    0.99995   89   57    1.00033    0.99925  0.11%  71.7 1497s
 450501 213551    0.99960   79   82    1.00033    0.99925  0.11%  71.4 1503s
 452986 215451    1.00017  104   50    1.00033    0.99925  0.11%  71.1 1509s
 455618 217311    0.99971   93   68    1.00033    0.99925  0.11%  70.9 1514s
 458277 220675    0.99952   72   81    1.00033    0.99925  0.11%  70.7 1525s
 462879 222647    0.99941   93   95    1.00033    0.99925  0.11%  70.3 1531s
 465380 224587    0.99997   81   64    1.00033    0.99925  0.11%  70.1 1537s
 468392 225141    1.00013  105   54    1.00033    0.99925  0.11%  69.8 1543s
 469139 227187    0.99961  106   68    1.00033    0.99925  0.11%  69.7 1550s
 472161 229373    0.99986  105   56    1.00033    0.99925  0.11%  69.4 1556s
 474843 231380    0.99950   91   79    1.00033    0.99925  0.11%  69.2 1562s
 477506 233406     cutoff   99         1.00033    0.99925  0.11%  69.0 1568s
 480010 236833    0.99987  101   82    1.00033    0.99925  0.11%  68.8 1579s
 484698 238411    1.00020   95   53    1.00033    0.99925  0.11%  68.5 1584s
 487423 240142    0.99978  111   51    1.00033    0.99925  0.11%  68.2 1590s
 489748 242128    1.00022   96   58    1.00033    0.99925  0.11%  68.0 1596s
 492146 243781    0.99954   88   72    1.00033    0.99925  0.11%  67.9 1601s
 494955 245644     cutoff  102         1.00033    0.99925  0.11%  67.6 1607s
 497513 247316    1.00004   90   53    1.00033    0.99925  0.11%  67.4 1613s
 500254 249124    0.99964   90   78    1.00033    0.99925  0.11%  67.2 1619s
 502850 252257    0.99935   68   79    1.00033    0.99925  0.11%  67.0 1629s
 507536 254003    1.00026  100   42    1.00033    0.99925  0.11%  66.7 1635s
 510000 255824    0.99974   88   59    1.00033    0.99925  0.11%  66.5 1640s
 512261 257609    1.00031   93   62    1.00033    0.99925  0.11%  66.4 1646s
 515073 259391    1.00027  102   49    1.00033    0.99925  0.11%  66.1 1652s
 517851 261065    0.99948   88   67    1.00033    0.99925  0.11%  65.9 1657s
 520546 262740    0.99992   93   72    1.00033    0.99925  0.11%  65.7 1663s
 523168 264584    0.99951   71   62    1.00033    0.99925  0.11%  65.5 1669s
 525678 267796    0.99937   84   86    1.00033    0.99926  0.11%  65.4 1678s
 530245 269362    1.00013   96   58    1.00033    0.99926  0.11%  65.1 1684s
 532866 271033    0.99947   84   69    1.00033    0.99926  0.11%  64.9 1689s
 534887 271033    0.99952   81   85    1.00033    0.99926  0.11%  64.7 1690s
 535606 272826    1.00020   95   56    1.00033    0.99926  0.11%  64.7 1695s
 538246 274395    0.99968   77   64    1.00033    0.99926  0.11%  64.5 1700s
 540748 276254    0.99926   81  102    1.00033    0.99926  0.11%  64.3 1706s
 543288 278071    0.99948   79   72    1.00033    0.99926  0.11%  64.1 1711s
 545904 279936    0.99949   87   88    1.00033    0.99926  0.11%  64.0 1717s
 548263 283056    0.99983   98   74    1.00033    0.99926  0.11%  63.8 1726s
 552622 284725    1.00012  119   53    1.00033    0.99926  0.11%  63.5 1732s
 555218 286354    1.00030   82   56    1.00033    0.99926  0.11%  63.4 1737s
 557270 288276     cutoff  113         1.00033    0.99926  0.11%  63.3 1743s
 559780 290147    0.99977  106   61    1.00033    0.99926  0.11%  63.2 1749s
 562393 292138    0.99979   90   57    1.00033    0.99926  0.11%  63.0 1755s
 565014 293848     cutoff  116         1.00033    0.99926  0.11%  62.9 1761s
 567580 295812    0.99983   91   64    1.00033    0.99926  0.11%  62.7 1766s
 570269 298515    1.00019  103   63    1.00033    0.99926  0.11%  62.6 1776s
 574523 300361    1.00029   95   51    1.00033    0.99926  0.11%  62.3 1781s
 576963 302274    0.99954  104   74    1.00033    0.99926  0.11%  62.2 1787s
 579367 304113    0.99943   76   78    1.00033    0.99926  0.11%  62.1 1793s
 581763 306052    0.99951   93   81    1.00033    0.99926  0.11%  61.9 1799s
 584471 306067     cutoff  113         1.00033    0.99926  0.11%  61.8 1800s

Cutting planes:
  Gomory: 332
  Cover: 4
  Implied bound: 19
  MIR: 62
  StrongCG: 8
  Flow cover: 369
  Inf proof: 3
  Zero half: 159
  RLT: 169
  Relax-and-lift: 32
  BQP: 14

Explored 584499 nodes (36140125 simplex iterations) in 1800.04 seconds (2485.82 work units)
Thread count was 16 (of 16 available processors)

Solution count 10: 1.00033 1.00034 1.00036 ... 1.00041

Time limit reached
Warning: max constraint violation (1.1479e-03) exceeds tolerance
Warning: max general constraint violation (1.1479e-03) exceeds tolerance
         (model may be infeasible or unbounded - try turning presolve off)
Best objective 1.000329401954e+00, best bound 9.992603220231e-01, gap 0.1069%
