
Gurobi 9.5.0 (linux64) logging started Wed 16 Nov 2022 08:10:09 AM PST

Set parameter LogFile to value "experiments/t_5_theta_0.9/gurobi.1668615008.log"
Set parameter LogToConsole to value 0
Set parameter TimeLimit to value 1800
Set parameter Threads to value 16
Gurobi Optimizer version 9.5.0 build v9.5.0rc5 (linux64)
Thread count: 8 physical cores, 16 logical processors, using up to 16 threads
Optimize a model with 343 rows, 1518 columns and 5392 nonzeros
Model fingerprint: 0x4af5829f
Model has 3500 quadratic objective terms
Model has 375 quadratic constraints
Model has 5 general constraints
Variable types: 100 continuous, 1418 integer (1418 binary)
Coefficient statistics:
  Matrix range     [1e+00, 1e+01]
  QMatrix range    [1e+00, 1e+00]
  QLMatrix range   [1e+00, 1e+00]
  Objective range  [0e+00, 0e+00]
  QObjective range [7e-05, 4e+01]
  Bounds range     [1e+00, 8e+02]
  RHS range        [1e+00, 1e+02]
Presolve added 77 rows and 1523 columns
Presolve time: 0.03s
Presolved: 5349 rows, 5568 columns, 40602 nonzeros
Variable types: 1785 continuous, 3783 integer (3565 binary)

Root relaxation: objective 5.684342e-14, 6104 iterations, 0.30 seconds (0.26 work units)

    Nodes    |    Current Node    |     Objective Bounds      |     Work
 Expl Unexpl |  Obj  Depth IntInf | Incumbent    BestBd   Gap | It/Node Time

     0     0    0.00000    0 3524          -    0.00000      -     -    0s
     0     0    0.04355    0 3487          -    0.04355      -     -    1s
     0     0    0.11387    0 3067          -    0.11387      -     -    1s
     0     0    0.11388    0 3067          -    0.11388      -     -    1s
     0     0    0.13120    0 2957          -    0.13120      -     -    2s
     0     0    0.13126    0 2958          -    0.13126      -     -    2s
     0     0    0.13933    0 2958          -    0.13933      -     -    2s
     0     0    0.13973    0 2977          -    0.13973      -     -    2s
     0     0    0.14306    0 2941          -    0.14306      -     -    3s
H    0     0                     190.2315479    0.14306   100%     -    3s
     0     0    0.14306    0 2913  190.23155    0.14306   100%     -    3s
H    0     0                      62.6557235    0.14311   100%     -    4s
H    0     0                      47.7973089    0.14311   100%     -    4s
     0     2    0.14311    0 2904   47.79731    0.14311   100%     -    4s
     7    12    0.15736    3 2819   47.79731    0.15662   100%   452    5s
H   48    50                      47.7887801    0.16150   100%   388    5s
H   89    93                      17.8188861    0.16150  99.1%   590    8s
H   91    93                      17.5750366    0.16150  99.1%   619    8s
H   95    93                       3.5660102    0.16150  95.5%   650    8s
H   98    93                       3.3128017    0.16150  95.1%   650    8s
H  100    93                       3.0691915    0.16150  94.7%   665    8s
H  148   140                       2.5277155    0.16150  93.6%   712   14s
H  150   140                       2.0350790    0.16150  92.1%   717   14s
H  156   140                       1.6041880    0.16150  89.9%   727   14s
   205   207    0.56699    8 2545    1.60419    0.16150  89.9%   751   15s
H  301   301                       1.3071444    0.16150  87.6%   645   16s
H  495   495                       1.2386851    0.16150  87.0%   518   18s
   693   653    0.73802   15 1579    1.23869    0.16150  87.0%   441   20s
H 1189   921                       1.2164875    0.16150  86.7%   340   23s
H 1191   887                       1.1880509    0.16150  86.4%   341   23s
H 1193   887                       1.1334426    0.16150  85.8%   341   23s
  1432  1055    0.96211   35  834    1.13344    0.16150  85.8%   319   25s
  1967  1495    1.03710   60  497    1.13344    0.16150  85.8%   283   33s
H 1975  1441                       1.0953797    0.16150  85.3%   282   33s
H 2050  1423                       1.0819116    0.16150  85.1%   282   40s
H 2052  1350                       1.0766186    0.16150  85.0%   282   41s
  2061  1356    0.93915   44 2781    1.07662    0.19842  81.6%   281   45s
H 2063  1289                       1.0752625    0.20579  80.9%   281   46s
H 2066  1226                       1.0722592    0.20973  80.4%   280   47s
H 2067  1166                       1.0690570    0.21083  80.3%   280   47s
H 2068  1107                       1.0685880    0.21101  80.3%   280   48s
H 2068  1052                       1.0685357    0.21101  80.3%   280   48s
H 2071  1000                       1.0674681    0.21129  80.2%   280   49s
H 2072   951                       1.0645786    0.21129  80.2%   279   49s
  2073   952    1.02713   17 2798    1.06458    0.21132  80.1%   279   50s
H 2081   909                       1.0491695    0.32894  68.6%   278   55s
H 2081   863                       1.0476052    0.32894  68.6%   278   55s
  2129   912    0.83885   16 2172    1.04761    0.51880  50.5%   322   60s
  2161   925    0.89503   17 2097    1.04761    0.52987  49.4%   333   67s
H 2163   881                       1.0445889    0.52987  49.3%   333   67s
H 2164   838                       1.0445889    0.52987  49.3%   333   67s
H 2166   799                       1.0439932    0.52987  49.2%   333   67s
H 2174   759                       1.0429906    0.52987  49.2%   337   67s
  2249   797    0.96493   20 1918    1.04299    0.52987  49.2%   348   70s
  2487   902     cutoff   27         1.04299    0.52987  49.2%   362   75s
  2811   975    0.97055   22 1470    1.04299    0.56576  45.8%   384   80s
H 3167  1083                       1.0410419    0.61319  41.1%   376   89s
H 3177  1046                       1.0404462    0.61319  41.1%   378   89s
H 3178  1013                       1.0398350    0.61319  41.0%   378   89s
H 3184   980                       1.0395469    0.61319  41.0%   378   89s
  3185  1082    0.93671   20 1732    1.03955    0.61319  41.0%   378   91s
  3707  1328     cutoff   30         1.03955    0.61897  40.5%   360   95s
  4371  1812    0.79391   17 1805    1.03955    0.66487  36.0%   337  100s
  4990  2320    0.89081   19 1435    1.03955    0.66487  36.0%   331  105s
  5866  3202    0.99672   43  586    1.03955    0.71911  30.8%   302  110s
  6844  3903    0.82979   19 1276    1.03955    0.71911  30.8%   281  115s
  7644  4479    0.99523   34  522    1.03955    0.71911  30.8%   273  121s
  8645  5350    0.83462   21 1385    1.03955    0.74207  28.6%   262  127s
  9326  5637    0.86127   18 1884    1.03955    0.77331  25.6%   257  131s
H 9543  5817                       1.0395199    0.77331  25.6%   258  134s
H 9628  5746                       1.0374818    0.77331  25.5%   258  134s
  9773  6005    0.94721   21 1440    1.03748    0.78917  23.9%   256  136s
H 9815  5994                       1.0369812    0.78917  23.9%   257  136s
 10775  6644    0.90103   25 1081    1.03698    0.78917  23.9%   245  141s
 11522  7254    0.89745   23 1346    1.03698    0.80634  22.2%   242  146s
 11974  7676    0.95723   23 1471    1.03698    0.80939  21.9%   239  150s
 12767  8109    1.00268   33  673    1.03698    0.81711  21.2%   239  155s
 13620  8668    0.87262   24 1267    1.03698    0.82209  20.7%   238  161s
 14574  9276    0.89187   23 1425    1.03698    0.82740  20.2%   237  168s
 15139  9785    0.85478   25  992    1.03698    0.83119  19.8%   235  171s
H15826  9773                       1.0363855    0.83219  19.7%   231  183s
 15842 10168    0.86905   34  673    1.03639    0.83363  19.6%   231  187s
 16421 10576    0.96109   21 1373    1.03639    0.83606  19.3%   230  191s
 17636 11431    0.97352   25 1384    1.03639    0.83907  19.0%   229  199s
 18332 11836    1.02748   35  891    1.03639    0.83915  19.0%   228  203s
 18982 12634    0.86410   41  808    1.03639    0.84009  18.9%   227  207s
 20013 13387    0.98313   37  542    1.03639    0.84234  18.7%   222  212s
 21022 14337    1.03521  107  199    1.03639    0.84347  18.6%   217  218s
 22466 14937    0.88547   31  872    1.03639    0.84622  18.3%   210  221s
 24156 16307    0.87657   28 1021    1.03639    0.84847  18.1%   203  228s
 25157 16885    0.96255   30  955    1.03639    0.84988  18.0%   200  232s
 25934 17480    1.01837   69  363    1.03639    0.85113  17.9%   198  236s
 26757 18222    0.88088   34 1100    1.03639    0.85193  17.8%   196  240s
 27756 18911    0.92123   36  602    1.03639    0.85292  17.7%   193  245s
 29579 19593    0.95304   27 1132    1.03639    0.85478  17.5%   191  256s
H29586 19560                       1.0358163    0.85478  17.5%   191  256s
H29760 19405                       1.0341362    0.85478  17.3%   191  256s
 29871 20397    0.88862   31  744    1.03414    0.85478  17.3%   191  261s
 31223 21325    0.88398   27 1012    1.03414    0.85609  17.2%   187  267s
H31256 21170                       1.0329067    0.85609  17.1%   187  267s
H31587 21170                       1.0329067    0.85639  17.1%   187  267s
 32376 22443    0.99459   30  974    1.03291    0.85667  17.1%   185  273s
 34011 23203    1.02205   26 1091    1.03291    0.85765  17.0%   181  279s
 35064 24205    0.87450   30  770    1.03291    0.85874  16.9%   180  285s
 36520 26135    0.95104   39  548    1.03291    0.85986  16.8%   177  292s
 38756 27399    1.01828   71  262    1.03291    0.86035  16.7%   172  298s
 40501 28329    0.88280   43  884    1.03291    0.86096  16.6%   169  305s
 41859 29855    0.93080   34  822    1.03291    0.86196  16.5%   168  387s
 44016 30714 infeasible   21         1.03291    0.86311  16.4%   166  394s
 45224 31588    0.88900   38  672    1.03291    0.86400  16.4%   167  402s
 46490 32655    1.01115   27 1310    1.03291    0.86471  16.3%   168  411s
 48010 33775    1.00402   31 1095    1.03291    0.86520  16.2%   168  419s
 49607 34664    0.91266   32 1057    1.03291    0.86620  16.1%   168  429s
 50911 35919    0.89175   42  771    1.03291    0.86673  16.1%   169  439s
 52698 37535    0.96002   67  363    1.03291    0.86733  16.0%   169  448s
 54829 38688    0.88566   44  693    1.03291    0.86791  16.0%   167  457s
 56379 40035    0.89872   22 1297    1.03291    0.86846  15.9%   167  465s
 58055 41755    0.94070   42  628    1.03291    0.86885  15.9%   167  475s
 60156 43484    0.91607   35  818    1.03291    0.86924  15.8%   165  483s
 62307 44446    0.88749   32  672    1.03291    0.86965  15.8%   164  491s
 63719 45477    0.93491   25 1210    1.03291    0.87029  15.7%   164  500s
 65202 46872    0.98088   28 1255    1.03291    0.87094  15.7%   165  510s
 67173 48060    0.91050   45  742    1.03291    0.87162  15.6%   164  520s
 68759 49746    0.93011   72  474    1.03291    0.87200  15.6%   165  530s
 70940 50795    0.90432   45  853    1.03291    0.87236  15.5%   164  539s
 72477 51911    1.00548   31 1153    1.03291    0.87275  15.5%   164  547s
 74038 53251    1.00377   41  839    1.03291    0.87347  15.4%   164  556s
 75820 55013    0.94576   28 1083    1.03291    0.87404  15.4%   164  565s
 78074 56052    0.90366   36  685    1.03291    0.87446  15.3%   162  573s
 79610 57131     cutoff   32         1.03291    0.87489  15.3%   162  581s
 81190 58723    0.93785   52  628    1.03291    0.87514  15.3%   162  590s
 83163 60217    0.89295   45  467    1.03291    0.87548  15.2%   161  599s
 85179 61250    0.95613   28 1074    1.03291    0.87597  15.2%   160  606s
 86671 62517    0.98316   84  534    1.03291    0.87635  15.2%   160  613s
 88152 64154    1.00842   82  521    1.03291    0.87669  15.1%   159  621s
 90318 65233    1.02163   74  526    1.03291    0.87685  15.1%   158  627s
 91720 66368    1.00453   40  746    1.03291    0.87709  15.1%   157  634s
 93095 67799    0.93367   26 1229    1.03291    0.87748  15.0%   157  643s
H94958 67794                       1.0327717    0.87766  15.0%   156  663s
 94979 69275    0.91768   38  764    1.03277    0.87771  15.0%   156  672s
 96731 70376    0.94233   45  504    1.03277    0.87779  15.0%   155  681s
 98207 71256    0.89336   32  897    1.03277    0.87809  15.0%   155  689s
 99553 72359     cutoff   59         1.03277    0.87832  15.0%   155  698s
 101033 73521    0.92126   42  731    1.03277    0.87859  14.9%   155  705s
 102658 74458    0.95266   53  568    1.03277    0.87897  14.9%   154  713s
 103894 76156    0.97694   85  271    1.03277    0.87913  14.9%   155  721s
 106106 77257    0.98093   64  428    1.03277    0.87936  14.9%   154  728s
 107614 78152    0.93753   33  860    1.03277    0.87965  14.8%   153  734s
 108856 79341    0.96283   62  451    1.03277    0.87990  14.8%   153  741s
 110493 80271     cutoff   81         1.03277    0.88023  14.8%   152  748s
 111821 81394    0.94125   32  972    1.03277    0.88040  14.8%   152  756s
 113355 82946    0.91455   36  820    1.03277    0.88075  14.7%   152  763s
 115264 84328    1.02923  108  126    1.03277    0.88082  14.7%   151  770s
 116910 85563    1.00776   95  440    1.03277    0.88108  14.7%   151  778s
 118626 87159    0.91279   36  967    1.03277    0.88137  14.7%   151  785s
 120449 88344    0.92452   39 1172    1.03277    0.88142  14.7%   150  792s
 122053 89668    0.93530   32  894    1.03277    0.88158  14.6%   149  799s
 123590 89753    0.99042  100  229    1.03277    0.88177  14.6%   149  813s
H123666 89185                       1.0309951    0.88177  14.5%   149  813s
 123677 89213    0.99294  101  220    1.03100    0.88177  14.5%   149  833s
 123705 90827    1.00851  101  208    1.03100    0.88177  14.5%   149  841s
 125579 92467    1.01013   96  392    1.03100    0.88185  14.5%   149  850s
 127732 93687    0.91507   27  897    1.03100    0.88195  14.5%   148  856s
 129358 94874    1.01637   63  366    1.03100    0.88212  14.4%   147  863s
 131137 95942    1.02448   23 1774    1.03100    0.88226  14.4%   147  869s
 132597 96889    0.95286   23 1180    1.03100    0.88259  14.4%   146  875s
 133866 98029    0.95334   42  735    1.03100    0.88272  14.4%   146  882s
 135409 99128    0.91343   33  625    1.03100    0.88299  14.4%   146  889s
 136914 100265    0.97205   32 1125    1.03100    0.88313  14.3%   146  895s
 138497 101830    0.98965   78  465    1.03100    0.88333  14.3%   145  903s
 140287 103281    1.00363   84  362    1.03100    0.88341  14.3%   145  910s
 142106 104842    0.95929   61  368    1.03100    0.88354  14.3%   144  917s
 144042 106072    1.01151   82  281    1.03100    0.88363  14.3%   144  924s
 145688 107084    0.97290   69  460    1.03100    0.88377  14.3%   143  930s
 147167 108451    0.92981   34 1228    1.03100    0.88394  14.3%   143  938s
 149085 109837    0.93364   60  664    1.03100    0.88418  14.2%   142  946s
 150828 110984    0.93262   63  571    1.03100    0.88426  14.2%   142  953s
 152383 112672    0.99292   35  919    1.03100    0.88437  14.2%   142  960s
 154458 113763    0.99794   78  299    1.03100    0.88446  14.2%   141  967s
 156049 114963    0.98538   48  597    1.03100    0.88449  14.2%   141  974s
 157758 116480    0.92817   42  697    1.03100    0.88456  14.2%   141  981s
 159684 117764    1.01749   92  325    1.03100    0.88464  14.2%   140  988s
 161400 119247    0.91045   46  587    1.03100    0.88487  14.2%   140  994s
 163218 120592    0.91519   45  597    1.03100    0.88489  14.2%   139 1001s
 164801 121900    0.99628   66  536    1.03100    0.88510  14.2%   139 1008s
 166444 123036    0.97064   52  563    1.03100    0.88518  14.1%   139 1014s
 167949 124273    0.94357   58  575    1.03100    0.88530  14.1%   138 1022s
 169640 126276     cutoff   78         1.03100    0.88539  14.1%   138 1030s
 171944 128046    1.02112  104  392    1.03100    0.88549  14.1%   138 1037s
 173964 129346    1.00110   50  464    1.03100    0.88551  14.1%   137 1043s
 175499 130913    0.98221   80  525    1.03100    0.88560  14.1%   137 1050s
 177453 132018    0.91609   31  919    1.03100    0.88564  14.1%   136 1055s
 178972 133177    0.96025   28 1134    1.03100    0.88579  14.1%   136 1061s
 180525 134377    0.91035   39  735    1.03100    0.88590  14.1%   135 1067s
 182105 135515    0.95388   52  599    1.03100    0.88602  14.1%   135 1073s
 183643 136689    0.88956   38  777    1.03100    0.88613  14.1%   135 1079s
 185186 138049    0.90096   56  461    1.03100    0.88630  14.0%   134 1086s
 186801 139225    1.02862  122   89    1.03100    0.88630  14.0%   134 1092s
 188337 140476    0.94233   69  573    1.03100    0.88645  14.0%   134 1099s
 189746 141775    1.00724  113  376    1.03100    0.88646  14.0%   134 1107s
 191610 143184    0.92968   32 1063    1.03100    0.88663  14.0%   133 1114s
 193415 144333    0.95724   68  567    1.03100    0.88672  14.0%   133 1121s
 194935 145741    0.90264   43  561    1.03100    0.88678  14.0%   133 1128s
 196713 146936    1.01747  108  165    1.03100    0.88688  14.0%   133 1134s
 198367 148038    0.96842   81  365    1.03100    0.88714  14.0%   132 1141s
 199858 149566    1.00028   71  605    1.03100    0.88723  13.9%   132 1148s
 201648 151039    0.91575   33  757    1.03100    0.88730  13.9%   132 1154s
 203538 152566    0.92555   52  516    1.03100    0.88739  13.9%   131 1161s
 205399 153666    0.91993   46  517    1.03100    0.88746  13.9%   131 1168s
 206873 155030    0.95321   62  441    1.03100    0.88753  13.9%   131 1175s
 208628 156341    0.90738   52  477    1.03100    0.88772  13.9%   131 1181s
 210371 157574    1.01520   78  613    1.03100    0.88778  13.9%   130 1189s
 212099 159344    0.90322   50  727    1.03100    0.88788  13.9%   130 1196s
 214091 160877    0.99111   65  634    1.03100    0.88800  13.9%   130 1203s
 216102 161932 infeasible   68         1.03100    0.88808  13.9%   129 1209s
 217608 163230    0.98637   72  396    1.03100    0.88818  13.9%   129 1215s
 219297 164984    0.93351   69  420    1.03100    0.88831  13.8%   129 1222s
 221239 166135    0.91521   35  851    1.03100    0.88834  13.8%   128 1228s
 222792 167779    0.91150   41  738    1.03100    0.88846  13.8%   128 1235s
 224596 168780    1.01821   87  390    1.03100    0.88846  13.8%   128 1241s
 226110 169963    1.00139   35  724    1.03100    0.88852  13.8%   128 1247s
 227664 171042    1.00697   98  324    1.03100    0.88864  13.8%   127 1253s
 229074 172176    0.96881   30  933    1.03100    0.88870  13.8%   127 1259s
 230573 173423    0.99782   58  813    1.03100    0.88876  13.8%   127 1266s
 232204 174824    0.98855   51  670    1.03100    0.88884  13.8%   127 1273s
 234043 176161    0.90959   46  610    1.03100    0.88896  13.8%   127 1280s
 235808 177317    1.00524   77  478    1.03100    0.88903  13.8%   126 1287s
 237412 178527    1.02876   84  353    1.03100    0.88918  13.8%   126 1293s
 239205 179811    0.98511   69  560    1.03100    0.88929  13.7%   126 1300s
 240905 181213    0.98522   50  522    1.03100    0.88940  13.7%   126 1306s
 242757 182412    0.90261   46  794    1.03100    0.88955  13.7%   125 1312s
 244377 183461    0.98331   52  468    1.03100    0.88963  13.7%   125 1319s
 245967 184728    0.96033   49  525    1.03100    0.88969  13.7%   125 1325s
 247437 186305    0.96059   73  338    1.03100    0.88974  13.7%   125 1332s
 249429 187534    0.97659   51  714    1.03100    0.88980  13.7%   125 1338s
 250865 189148    0.99023   80  455    1.03100    0.88987  13.7%   124 1345s
 252782 190815    0.96485   61  565    1.03100    0.88988  13.7%   124 1354s
 254922 192029    0.93672   59  749    1.03100    0.88993  13.7%   124 1360s
 256486 193111     cutoff   92         1.03100    0.89000  13.7%   124 1366s
 257872 194282    0.99906   58  535    1.03100    0.89008  13.7%   124 1372s
 259437 195483     cutoff   49         1.03100    0.89016  13.7%   123 1378s
 261050 196800     cutoff   42         1.03100    0.89024  13.7%   123 1384s
 262841 198104    0.97370   28 1318    1.03100    0.89029  13.6%   123 1390s
 264531 199457    0.91895   41  760    1.03100    0.89037  13.6%   123 1397s
 266328 200487    0.90846   49  479    1.03100    0.89048  13.6%   122 1403s
 267761 201755    1.00036   33  975    1.03100    0.89054  13.6%   122 1409s
 269387 202931    0.95700   27 1093    1.03100    0.89059  13.6%   122 1415s
 270833 204500    0.91214   46  790    1.03100    0.89064  13.6%   122 1422s
 272835 205856    0.99534   68  450    1.03100    0.89067  13.6%   122 1429s
 274632 207534    0.91483   34  739    1.03100    0.89075  13.6%   122 1436s
 276555 208855    0.99548   80  565    1.03100    0.89079  13.6%   122 1443s
 278368 209941    0.97836   26 1007    1.03100    0.89083  13.6%   121 1449s
 279768 211427    0.93003   47  698    1.03100    0.89089  13.6%   121 1456s
 281621 212635    0.98287   81  387    1.03100    0.89092  13.6%   121 1462s
 283219 213819    0.94228   60  553    1.03100    0.89094  13.6%   121 1468s
 284855 215110    0.93297   29 1242    1.03100    0.89102  13.6%   121 1474s
 286551 216095    0.95216   39  894    1.03100    0.89107  13.6%   121 1480s
 287924 217646    0.92128   35  689    1.03100    0.89118  13.6%   121 1487s
 289719 219041    0.96524   67  577    1.03100    0.89119  13.6%   121 1493s
 291547 220108    0.98612   55  741    1.03100    0.89123  13.6%   120 1499s
 293027 221324     cutoff   25         1.03100    0.89131  13.5%   120 1505s
 294741 222484    0.96653   66  510    1.03100    0.89140  13.5%   120 1511s
 296262 223843     cutoff   30         1.03100    0.89146  13.5%   120 1519s
 297939 224979    0.99648   28 1401    1.03100    0.89153  13.5%   120 1526s
 299859 225891    1.02135   34  960    1.03100    0.89154  13.5%   120 1533s
 301351 227069    0.91405   41  803    1.03100    0.89163  13.5%   120 1539s
 303022 228328     cutoff   62         1.03100    0.89169  13.5%   120 1546s
 304702 229530    0.97386   67  315    1.03100    0.89180  13.5%   120 1553s
 306257 231233    0.96694   50  463    1.03100    0.89184  13.5%   120 1560s
 308348 232620    0.95776   72  667    1.03100    0.89189  13.5%   119 1567s
 310191 233922    1.00628   70  569    1.03100    0.89198  13.5%   119 1573s
 311890 235279 infeasible   55         1.03100    0.89207  13.5%   119 1579s
 313689 236789     cutoff   74         1.03100    0.89213  13.5%   119 1586s
 315559 237883    0.93994   47  582    1.03100    0.89218  13.5%   119 1592s
 317069 239318    0.96417   66  525    1.03100    0.89224  13.5%   119 1599s
 318658 239318     cutoff   67         1.03100    0.89229  13.5%   118 1600s
 318984 240477    0.96558   46  538    1.03100    0.89235  13.4%   118 1606s
 320541 241793    0.94221   38  761    1.03100    0.89241  13.4%   118 1613s
 322285 243069    0.94993   60  488    1.03100    0.89247  13.4%   118 1619s
 324003 244666    0.93139   62  462    1.03100    0.89253  13.4%   118 1626s
 325933 245911    1.01820  101  300    1.03100    0.89255  13.4%   118 1631s
 327396 247252    0.98378   60  516    1.03100    0.89260  13.4%   118 1638s
 329191 248181    0.98439   28 1165    1.03100    0.89263  13.4%   117 1644s
 330443 249549    0.94242   57  499    1.03100    0.89268  13.4%   118 1651s
 332048 250967    0.93075   54  813    1.03100    0.89269  13.4%   118 1657s
 333844 252280    1.02071   86  427    1.03100    0.89271  13.4%   117 1664s
 335480 253815    0.92722   67  365    1.03100    0.89271  13.4%   117 1672s
 337504 255177    1.01435  117  250    1.03100    0.89276  13.4%   117 1681s
 339464 256355    1.00207   86  374    1.03100    0.89288  13.4%   117 1687s
 341098 257751     cutoff   66         1.03100    0.89296  13.4%   117 1693s
 342827 259244    0.99731  107  148    1.03100    0.89302  13.4%   117 1699s
 344766 260344    0.90875   39  925    1.03100    0.89304  13.4%   116 1705s
 346257 261726    0.97328   45  680    1.03100    0.89308  13.4%   116 1711s
 347835 262796     cutoff   78         1.03100    0.89311  13.4%   116 1717s
 349264 263917    1.00745   97  153    1.03100    0.89317  13.4%   116 1723s
 350821 265187    0.95150   47  414    1.03100    0.89322  13.4%   116 1729s
 352287 266575    0.98636   76  550    1.03100    0.89327  13.4%   116 1735s
 354061 267726    0.92351   51  771    1.03100    0.89329  13.4%   116 1741s
 355594 268970    0.91831   27  932    1.03100    0.89336  13.3%   116 1747s
 357137 270139    1.02483   69  340    1.03100    0.89338  13.3%   116 1753s
 358749 271596    0.94752   49  512    1.03100    0.89345  13.3%   116 1761s
 360751 271609    0.92295   54  620    1.03100    0.89350  13.3%   116 1783s
H360756 271609                       1.0309951    0.89350  13.3%   116 1783s
 360770 272941    0.92722   55  575    1.03100    0.89350  13.3%   116 1790s
 362463 274126     cutoff   96         1.03100    0.89354  13.3%   115 1796s
 364080 274866    0.99341   66  540    1.03100    0.89358  13.3%   115 1800s

Cutting planes:
  Gomory: 434
  Cover: 6
  Implied bound: 2
  MIR: 89
  StrongCG: 7
  Flow cover: 224
  Inf proof: 30
  Zero half: 92
  RLT: 86
  Relax-and-lift: 2
  BQP: 14

Explored 365081 nodes (42076509 simplex iterations) in 1800.02 seconds (3087.15 work units)
Thread count was 16 (of 16 available processors)

Solution count 10: 1.031 1.03277 1.03291 ... 1.03952

Time limit reached
Warning: max constraint violation (1.1479e-03) exceeds tolerance
Warning: max general constraint violation (1.1479e-03) exceeds tolerance
         (model may be infeasible or unbounded - try turning presolve off)
Best objective 1.030995041656e+00, best bound 8.936292931443e-01, gap 13.3236%
