
Gurobi 9.5.0 (linux64) logging started Wed 16 Nov 2022 03:29:45 PM PST

Set parameter LogFile to value "experiments/t_1_theta_0.475/gurobi.1668641384.log"
Set parameter LogToConsole to value 0
Set parameter TimeLimit to value 1800
Set parameter Threads to value 16
Gurobi Optimizer version 9.5.0 build v9.5.0rc5 (linux64)
Thread count: 8 physical cores, 16 logical processors, using up to 16 threads
Optimize a model with 339 rows, 1398 columns and 5276 nonzeros
Model fingerprint: 0x0d6978ce
Model has 3400 quadratic objective terms
Model has 75 quadratic constraints
Model has 1 general constraint
Variable types: 80 continuous, 1318 integer (1318 binary)
Coefficient statistics:
  Matrix range     [1e+00, 1e+01]
  QMatrix range    [1e+00, 1e+00]
  QLMatrix range   [1e+00, 1e+00]
  Objective range  [0e+00, 0e+00]
  QObjective range [4e-05, 2e+01]
  Bounds range     [1e+00, 8e+02]
  RHS range        [1e+00, 1e+02]
Presolve added 0 rows and 1025 columns
Presolve removed 26 rows and 0 columns
Presolve time: 0.02s
Presolved: 2395 rows, 4505 columns, 12202 nonzeros
Presolved model has 1 SOS constraint(s)
Variable types: 1105 continuous, 3400 integer (3375 binary)

Root relaxation: objective 4.833402e-01, 1549 iterations, 0.06 seconds (0.08 work units)

    Nodes    |    Current Node    |     Objective Bounds      |     Work
 Expl Unexpl |  Obj  Depth IntInf | Incumbent    BestBd   Gap | It/Node Time

     0     0    0.48334    0 1319          -    0.48334      -     -    0s
     0     0    0.52873    0 1331          -    0.52873      -     -    0s
     0     0    0.61376    0 1225          -    0.61376      -     -    0s
     0     0    0.61541    0 1241          -    0.61541      -     -    0s
     0     0    0.61541    0 1242          -    0.61541      -     -    0s
     0     0    0.62344    0 1244          -    0.62344      -     -    0s
     0     0    0.62386    0 1231          -    0.62386      -     -    0s
     0     0    0.62708    0 1255          -    0.62708      -     -    0s
     0     0    0.62708    0 1256          -    0.62708      -     -    0s
     0     0    0.62740    0 1253          -    0.62740      -     -    0s
     0     0    0.62740    0 1253          -    0.62740      -     -    0s
H    0     0                      61.7171531    0.62774  99.0%     -    0s
H    0     0                       6.1091198    0.62774  89.7%     -    1s
     0     2    0.62774    0 1253    6.10912    0.62774  89.7%     -    1s
H   93   104                       6.0834188    0.63069  89.6%   307    2s
H  156   163                       6.0700342    0.63069  89.6%   277    2s
H  156   163                       6.0436727    0.63069  89.6%   277    2s
H  159   163                       5.9695981    0.63069  89.4%   275    2s
H  164   163                       5.9104950    0.63069  89.3%   276    2s
H  200   209                       5.8931587    0.63069  89.3%   254    3s
H  203   209                       5.8897761    0.63069  89.3%   253    3s
H  204   209                       5.5966277    0.63069  88.7%   253    3s
H  206   209                       5.5625876    0.63069  88.7%   252    3s
H  209   209                       5.5148129    0.63069  88.6%   249    3s
H  219   227                       5.4594895    0.63069  88.4%   242    3s
H  268   272                       5.4493616    0.63069  88.4%   245    4s
H  278   272                       5.4484157    0.63069  88.4%   243    4s
H  317   327                       5.4387604    0.63069  88.4%   234    4s
   560   564    0.93127   17 1076    5.43876    0.63069  88.4%   226    5s
H  567   564                       5.4336981    0.63069  88.4%   226    5s
H  575   564                       5.3995922    0.63069  88.3%   226    5s
H  906   943                       4.7023866    0.63069  86.6%   211    7s
H  909   943                       1.8592523    0.63069  66.1%   211    7s
H  915   943                       1.4372949    0.63069  56.1%   209    7s
H 1198   945                       1.4281884    0.63069  55.8%   210    7s
H 1204   921                       1.4116958    0.63069  55.3%   210    7s
H 2121  1626                       1.4091664    0.63069  55.2%   224    9s
  2122  1627    1.06312   19 1252    1.40917    0.63069  55.2%   224   10s
H 2133  1552                       1.3960956    0.65779  52.9%   223   12s
  2141  1558    1.38892   48 1341    1.39610    0.66958  52.0%   222   15s
H 2146  1482                       1.3911722    0.67530  51.5%   221   17s
H 2150  1410                       1.3801075    0.67964  50.8%   221   19s
H 2150  1339                       1.3780506    0.67964  50.7%   221   19s
H 2150  1272                       1.3743647    0.67964  50.5%   221   19s
H 2151  1208                       1.3734405    0.68156  50.4%   221   19s
  2153  1210    1.26144   55 1393    1.37344    0.68226  50.3%   220   20s
H 2154  1149                       1.3693400    0.68241  50.2%   220   20s
H 2158  1094                       1.3654263    0.68260  50.0%   220   22s
  2170  1103    1.33556   37 1300    1.36543    0.68360  49.9%   234   25s
  2184  1112    1.29615   30 1409    1.36543    0.79034  42.1%   232   30s
H 2189  1059                       1.3639257    0.79260  41.9%   232   32s
H 2190  1006                       1.3617242    0.79309  41.8%   232   32s
H 2191   956                       1.3505201    0.79372  41.2%   232   33s
H 2192   909                       1.3504158    0.79417  41.2%   232   33s
H 2192   863                       1.2969445    0.79442  38.7%   232   34s
H 2192   819                       1.2925502    0.79442  38.5%   232   34s
H 2194   779                       1.2896273    0.79442  38.4%   231   34s
H 2194   739                       1.2881658    0.79442  38.3%   231   35s
H 2274   768                       1.2873795    0.79442  38.3%   254   39s
H 2283   729                       1.2871604    0.79442  38.3%   255   39s
  2309   763    0.79442   28 1357    1.28716    0.79442  38.3%   258   40s
H 2343   733                       1.2869794    0.79442  38.3%   261   41s
H 2344   701                       1.2822748    0.79442  38.0%   261   41s
  2564   851    0.79442   36 1284    1.28227    0.79442  38.0%   276   45s
H 2608   818                       1.2814885    0.79442  38.0%   277   46s
H 2609   789                       1.2677554    0.79442  37.3%   278   46s
H 2614   760                       1.2661896    0.79442  37.3%   278   46s
  2668   812    0.79442   40 1272    1.26619    0.79442  37.3%   281   50s
H 2671   785                       1.2557573    0.79442  36.7%   281   50s
H 2680   757                       1.2543082    0.79442  36.7%   282   50s
  3067  1024    0.79724   58 1146    1.25431    0.79442  36.7%   290   55s
H 3136   999                       1.2524035    0.79442  36.6%   292   56s
H 3137   976                       1.2516172    0.79442  36.5%   292   56s
  3413  1133    0.83125   65 1069    1.25162    0.79442  36.5%   308   60s
  4099  1783    1.05125   74  898    1.25162    0.79442  36.5%   318   65s
  4235  1910    1.03760   76  918    1.25162    0.79442  36.5%   317   70s
H 4255  1910                       1.2516172    0.79442  36.5%   317   70s
H 4292  1910                       1.2516172    0.79442  36.5%   316   70s
  5031  2582    1.01519   42 1040    1.25162    0.79442  36.5%   314   75s
  5672  2776    0.83642   30 1130    1.25162    0.79442  36.5%   323   81s
  6050  3096    1.09905   37 1079    1.25162    0.79442  36.5%   339   85s
  6799  3776     cutoff   46         1.25162    0.79442  36.5%   340   90s
  7585  4407    1.10504   52 1117    1.25162    0.79442  36.5%   341   95s
  8326  4918    1.11099   44  964    1.25162    0.79442  36.5%   348  101s
  8630  5115     cutoff   69         1.25162    0.79442  36.5%   350  113s
  8879  5326    0.84459   33 1127    1.25162    0.79442  36.5%   351  115s
  9428  5826    0.95799   39 1186    1.25162    0.79442  36.5%   357  120s
H10057  6489                       1.2516172    0.79442  36.5%   362  126s
 10835  7136    0.91047   64 1038    1.25162    0.79442  36.5%   363  131s
 11590  7874    0.83088   37 1173    1.25162    0.79442  36.5%   368  137s
 12072  8295    0.96643   40  996    1.25162    0.79442  36.5%   368  140s
 12937  9154    1.06391   55  923    1.25162    0.79442  36.5%   372  147s
 13540  9545    1.21756   82  814    1.25162    0.79442  36.5%   372  150s
 14445 10173    1.23394  102  619    1.25162    0.79442  36.5%   379  158s
 14665 10790    1.24089  116  629    1.25162    0.79442  36.5%   380  162s
 15447 11183    1.04957   49 1061    1.25162    0.79442  36.5%   377  166s
 15958 11741    0.79442   33 1285    1.25162    0.79442  36.5%   381  171s
 16592 12285    1.20369   60 1092    1.25162    0.79442  36.5%   381  175s
 17955 13232    1.13466   44  924    1.25162    0.79442  36.5%   383  184s
 18586 13712    1.10389   48 1091    1.25162    0.79442  36.5%   384  189s
 19179 14136    1.13794   46 1171    1.25162    0.79442  36.5%   387  194s
 19746 14560    1.13838   38  967    1.25162    0.79442  36.5%   391  200s
 20373 15268    0.93553   35 1189    1.25162    0.79442  36.5%   394  205s
 21317 15712    1.21250  101  683    1.25162    0.79442  36.5%   393  211s
 22007 16216    0.79604   35 1150    1.25162    0.79442  36.5%   396  217s
 22759 16792    0.79442   34 1217    1.25162    0.79442  36.5%   398  223s
 23495 17159    0.86903   35 1146    1.25162    0.79442  36.5%   400  231s
 23961 17745    0.81197   35 1184    1.25162    0.79442  36.5%   401  238s
 24955 18549    0.79442   32 1260    1.25162    0.79442  36.5%   402  245s
 25862 19586    0.98871   43 1175    1.25162    0.79442  36.5%   404  252s
 27179 20456    0.97470   35 1207    1.25162    0.79442  36.5%   401  259s
 28446 21089    1.24449   85  487    1.25162    0.79442  36.5%   399  266s
 29425 22033    1.17950   62  976    1.25162    0.79442  36.5%   401  274s
 30704 22822    0.88773   31 1210    1.25162    0.79442  36.5%   400  282s
 31748 23647    0.99012   46 1042    1.25162    0.79442  36.5%   401  290s
 32738 24848    1.00497   53 1000    1.25162    0.79442  36.5%   404  299s
 34025 26017    1.23036   95  743    1.25162    0.79442  36.5%   406  308s
 35613 27098    1.05436   55 1085    1.25162    0.79442  36.5%   403  317s
 37019 28247    0.79442   39 1098    1.25162    0.79442  36.5%   403  327s
 38444 29313    1.17707   85  698    1.25162    0.79442  36.5%   403  337s
 40050 30156    0.97556   45 1170    1.25162    0.79442  36.5%   402  348s
 41162 31320    1.21721   86  750    1.25162    0.79442  36.5%   406  358s
 42712 32483     cutoff   54         1.25162    0.79442  36.5%   406  370s
 44231 33458    0.79442   53 1255    1.25162    0.79442  36.5%   407  381s
 45594 34570    1.23977   53  665    1.25162    0.79442  36.5%   410  393s
 47151 35574    1.22158   65 1020    1.25162    0.79442  36.5%   411  405s
 48346 37098    1.07594   51 1043    1.25162    0.79442  36.5%   415  417s
 50225 38030    0.88898   40 1157    1.25162    0.79442  36.5%   414  429s
 51710 39414    0.92639   62 1187    1.25162    0.79442  36.5%   416  440s
 53440 39428     cutoff   73         1.25162    0.79442  36.5%   416  482s
H53445 38386                       1.2446752    0.79442  36.2%   416  482s
H53458 39404                       1.2442858    0.79442  36.2%   416  496s
H54382 37416                       1.2356726    0.79442  35.7%   418  496s
H54633 37351                       1.2352831    0.79442  35.7%   418  496s
 54910 38499    1.19564   75  790    1.23528    0.79442  35.7%   417  508s
 56503 39784    1.15734   72 1029    1.23528    0.79442  35.7%   418  520s
 58268 41171    1.02487   43 1009    1.23528    0.79442  35.7%   418  531s
 59977 42311    0.91449   39 1244    1.23528    0.79442  35.7%   418  543s
 61469 43546    1.19068   81  899    1.23528    0.79442  35.7%   420  555s
 63113 44675    1.21929   78  912    1.23528    0.79442  35.7%   420  568s
 64691 45792     cutoff   70         1.23528    0.79442  35.7%   420  580s
 66284 47029    1.15744   53  802    1.23528    0.79442  35.7%   421  592s
 67992 48389    0.92201   35 1182    1.23528    0.79442  35.7%   421  604s
 69734 49160    0.82035   56 1098    1.23528    0.79442  35.7%   420  618s
H69822 49160                       1.2352831    0.79442  35.7%   420  618s
 70704 50807    1.02734   45  963    1.23528    0.79442  35.7%   423  630s
 72527 52101    1.18062   81  768    1.23528    0.79442  35.7%   422  643s
 74157 53325    0.84145   52 1125    1.23528    0.79442  35.7%   423  654s
 75868 54426    1.20332   98  691    1.23528    0.79442  35.7%   423  666s
 77224 55743    1.13444   52  978    1.23528    0.79442  35.7%   425  678s
 78910 57050    1.20887   83  743    1.23528    0.79442  35.7%   426  690s
 80644 58327    1.03088   49 1007    1.23528    0.79482  35.7%   426  702s
 82418 59497    0.90460   46 1115    1.23528    0.79713  35.5%   425  713s
 83921 60745    1.19806   49  920    1.23528    0.79793  35.4%   426  725s
 85587 62008    1.05747   48 1121    1.23528    0.79914  35.3%   426  737s
 87221 63362    0.93508   43 1107    1.23528    0.80090  35.2%   426  749s
 88817 64533    1.18224   72  784    1.23528    0.80163  35.1%   426  761s
 90495 65813    1.10084   36 1210    1.23528    0.80314  35.0%   426  772s
 92171 66933    1.17418   81  766    1.23528    0.80381  34.9%   427  784s
 93536 68024    1.04844   43 1189    1.23528    0.80458  34.9%   428  796s
 95105 69240    1.22967   84  637    1.23528    0.80471  34.9%   428  808s
 96748 70418    0.93872   54 1069    1.23528    0.80644  34.7%   428  820s
 98413 71730    1.23080   60  959    1.23528    0.80865  34.5%   428  832s
 100231 72994     cutoff   81         1.23528    0.81030  34.4%   428  844s
 101930 73932    1.22247   79  672    1.23528    0.81243  34.2%   427  856s
 103420 74357    1.20766   48  906    1.23528    0.81450  34.1%   428  875s
 104039 75569    1.15469   84  808    1.23528    0.81460  34.1%   428  887s
 105782 76976    0.94787   53 1091    1.23528    0.81640  33.9%   428  900s
 107616 78014    1.17302   73  863    1.23528    0.81847  33.7%   428  912s
 109191 79369    0.99574   45 1086    1.23528    0.82003  33.6%   428  925s
 110962 80696    0.95823   62  968    1.23528    0.82135  33.5%   428  937s
 112809 81871     cutoff   73         1.23528    0.82285  33.4%   427  949s
 114520 83072    0.97711   38 1134    1.23528    0.82430  33.3%   427  961s
 116177 84252 infeasible   79         1.23528    0.82616  33.1%   427  973s
 117777 85347    1.07222   46 1008    1.23528    0.82746  33.0%   427  985s
 119288 86824    1.21706   83  781    1.23528    0.82793  33.0%   427  997s
 121018 87904     cutoff  104         1.23528    0.82919  32.9%   427 1008s
 122728 88765    0.87323   64 1052    1.23528    0.83040  32.8%   427 1020s
 124179 90061     cutoff   45         1.23528    0.83143  32.7%   428 1031s
 125864 91162    1.11034   60  880    1.23528    0.83230  32.6%   428 1043s
 127456 92444    1.20880   89  889    1.23528    0.83430  32.5%   429 1055s
 129254 93497    1.04832   71  975    1.23528    0.83589  32.3%   428 1067s
 130695 94834    1.22574   56 1000    1.23528    0.83685  32.3%   428 1078s
 132330 96350    1.09172   47 1054    1.23528    0.83779  32.2%   429 1090s
 134316 97506    0.88292   48 1227    1.23528    0.83840  32.1%   428 1101s
 135854 98415     cutoff   84         1.23528    0.83898  32.1%   428 1113s
 137429 99623    1.17219   41 1029    1.23528    0.84020  32.0%   428 1125s
 138865 101040     cutoff   55         1.23528    0.84099  31.9%   429 1137s
 140794 102097    1.09129   55 1136    1.23528    0.84219  31.8%   428 1148s
 142307 103184    1.22419   63  968    1.23528    0.84391  31.7%   428 1159s
 143788 104246     cutoff   53         1.23528    0.84426  31.7%   429 1171s
 145368 105130    1.05679   54 1088    1.23528    0.84548  31.6%   429 1183s
 146830 106383    1.01077   39 1245    1.23528    0.84691  31.4%   430 1195s
 148506 107308    1.22144   41  982    1.23528    0.84740  31.4%   430 1207s
 149964 108548    1.22149   45  969    1.23528    0.84791  31.4%   431 1219s
 151656 109917    1.10385   49  910    1.23528    0.84859  31.3%   430 1231s
 153428 111147    0.97637   37 1035    1.23528    0.84930  31.2%   430 1243s
 155141 112435    1.17471   74  933    1.23528    0.85015  31.2%   430 1254s
 156748 113795    1.15678   55  903    1.23528    0.85124  31.1%   431 1266s
 158483 115159    0.92392   39 1178    1.23528    0.85173  31.0%   431 1277s
 160164 116461    1.07238   50  942    1.23528    0.85269  31.0%   431 1289s
 161874 117771    1.22601   74  815    1.23528    0.85297  30.9%   431 1300s
 163465 118769    0.91176   40 1251    1.23528    0.85398  30.9%   431 1311s
 165109 119864     cutoff   82         1.23528    0.85516  30.8%   431 1324s
 166643 121162    1.14866   42 1032    1.23528    0.85587  30.7%   431 1335s
 168363 122407    0.90725   34 1153    1.23528    0.85640  30.7%   431 1347s
 169963 123521    1.23266   95  534    1.23528    0.85656  30.7%   431 1359s
 171483 124772    1.15254   88  806    1.23528    0.85734  30.6%   431 1370s
 173171 126037    0.95870   33 1227    1.23528    0.85778  30.6%   431 1382s
 174915 127447     cutoff   64         1.23528    0.85849  30.5%   431 1393s
 176606 128583    0.86473   34 1260    1.23528    0.85883  30.5%   431 1404s
 178304 129531    1.19636   78  836    1.23528    0.85934  30.4%   431 1415s
 179747 130421    0.97429   32 1126    1.23528    0.85996  30.4%   432 1427s
 181150 131721    1.06862   51 1110    1.23528    0.86041  30.3%   432 1439s
 182894 132618    0.99506   40 1048    1.23528    0.86087  30.3%   432 1450s
 184316 133800    1.22027   42  989    1.23528    0.86123  30.3%   432 1462s
 185963 134729    1.10525   49 1052    1.23528    0.86160  30.3%   432 1474s
 187456 135677     cutoff   52         1.23528    0.86202  30.2%   433 1486s
 188952 136810    0.97884   33 1074    1.23528    0.86236  30.2%   433 1498s
 190620 137883    0.96936   33 1188    1.23528    0.86277  30.2%   433 1510s
 192179 138862    1.10310   59  982    1.23528    0.86337  30.1%   434 1522s
 193773 140001    0.97669   37 1127    1.23528    0.86377  30.1%   434 1534s
 195386 141034     cutoff  105         1.23528    0.86435  30.0%   434 1546s
 196914 142406    1.14709   50 1119    1.23528    0.86454  30.0%   435 1558s
 198668 144089    1.06615   43 1072    1.23528    0.86492  30.0%   435 1570s
 200757 145540    1.13532   50 1073    1.23528    0.86509  30.0%   434 1581s
 202484 146857    0.97567   41 1200    1.23528    0.86550  29.9%   434 1592s
 204255 148087     cutoff   54         1.23528    0.86587  29.9%   434 1604s
 205989 148927    1.18152   44 1028    1.23528    0.86612  29.9%   434 1615s
 207280 149721    1.13366   41  843    1.23528    0.86679  29.8%   434 1627s
 208599 150896    1.23107   61  729    1.23528    0.86679  29.8%   434 1639s
 210319 152161    1.09846   54 1081    1.23528    0.86720  29.8%   434 1650s
 212010 153469    1.05478   44 1074    1.23528    0.86757  29.8%   434 1662s
 213735 154676    0.98066   33 1077    1.23528    0.86818  29.7%   434 1673s
 215402 155679    1.20958   66  867    1.23528    0.86857  29.7%   434 1685s
 216938 156628    1.11748   40 1093    1.23528    0.86916  29.6%   434 1696s
 218379 157774     cutoff   40         1.23528    0.86955  29.6%   434 1708s
 219951 158661    1.11316   39 1049    1.23528    0.86984  29.6%   435 1720s
 221670 160164    1.19527   44  962    1.23528    0.86987  29.6%   435 1731s
 223469 161259    0.97868   49 1071    1.23528    0.87013  29.6%   434 1742s
 225173 162500    1.10076   68  898    1.23528    0.87047  29.5%   434 1754s
 226872 163825    1.20311   68 1007    1.23528    0.87099  29.5%   434 1765s
 228622 165325    1.16172   53 1086    1.23528    0.87166  29.4%   434 1776s
 230529 166418    1.10542   49 1085    1.23528    0.87193  29.4%   434 1787s
 232046 167754    1.10806   55  962    1.23528    0.87249  29.4%   434 1797s
 233744 168036    1.08466   50 1001    1.23528    0.87276  29.3%   434 1800s

Cutting planes:
  Gomory: 411
  Cover: 99
  MIR: 35
  StrongCG: 1
  Flow cover: 19
  Zero half: 6
  RLT: 8

Explored 234065 nodes (101508401 simplex iterations) in 1800.01 seconds (3211.77 work units)
Thread count was 16 (of 16 available processors)

Solution count 10: 1.23528 1.23528 1.23567 ... 1.2524

Time limit reached
Warning: max constraint violation (6.4454e-05) exceeds tolerance
Warning: max general constraint violation (6.4454e-05) exceeds tolerance
Best objective 1.235283044989e+00, best bound 8.727591545017e-01, gap 29.3474%
