
Gurobi 9.5.0 (linux64) logging started Tue 15 Nov 2022 02:42:10 PM PST

Set parameter LogFile to value "experiments/t_4_theta_0.1/gurobi.1668552129.log"
Set parameter LogToConsole to value 0
Set parameter TimeLimit to value 1800
Set parameter Threads to value 16
Gurobi Optimizer version 9.5.0 build v9.5.0rc5 (linux64)
Thread count: 8 physical cores, 16 logical processors, using up to 16 threads
Optimize a model with 342 rows, 1488 columns and 5363 nonzeros
Model fingerprint: 0xee9b14a0
Model has 3475 quadratic objective terms
Model has 300 quadratic constraints
Model has 4 general constraints
Variable types: 95 continuous, 1393 integer (1393 binary)
Coefficient statistics:
  Matrix range     [1e+00, 1e+01]
  QMatrix range    [1e+00, 1e+00]
  QLMatrix range   [1e+00, 1e+00]
  Objective range  [0e+00, 0e+00]
  QObjective range [8e-06, 5e+00]
  Bounds range     [1e+00, 8e+02]
  RHS range        [1e+00, 1e+02]
Presolve added 56 rows and 1414 columns
Presolve time: 0.04s
Presolved: 5174 rows, 5340 columns, 39068 nonzeros
Variable types: 1628 continuous, 3712 integer (3527 binary)

Root relaxation: objective -3.552714e-14, 5855 iterations, 0.24 seconds (0.25 work units)

    Nodes    |    Current Node    |     Objective Bounds      |     Work
 Expl Unexpl |  Obj  Depth IntInf | Incumbent    BestBd   Gap | It/Node Time

     0     0   -0.00000    0 3521          -   -0.00000      -     -    0s
     0     0    0.00500    0 3509          -    0.00500      -     -    1s
     0     0    0.03798    0 3154          -    0.03798      -     -    1s
     0     0    0.04300    0 3107          -    0.04300      -     -    2s
     0     0    0.04302    0 3105          -    0.04302      -     -    2s
H    0     0                       1.8436441    0.04302  97.7%     -    2s
H    0     0                       1.8205960    0.04302  97.6%     -    2s
     0     0    0.04383    0 3091    1.82060    0.04383  97.6%     -    2s
     0     0    0.04393    0 3088    1.82060    0.04393  97.6%     -    2s
     0     0    0.04456    0 3146    1.82060    0.04456  97.6%     -    3s
     0     0    0.04456    0 3117    1.82060    0.04456  97.6%     -    3s
H    0     0                       1.7041648    0.04456  97.4%     -    3s
H    0     0                       1.6751800    0.04456  97.3%     -    3s
     0     2    0.04456    0 3116    1.67518    0.04456  97.3%     -    4s
    25    38    0.04769    5 2920    1.67518    0.04656  97.2%   504    5s
H   41    48                       1.6729906    0.04656  97.2%   403    5s
H   44    48                       1.6529135    0.04656  97.2%   390    5s
H   50    48                       1.6394399    0.04656  97.2%   456    5s
H   89    86                       1.5585500    0.04656  97.0%   545    9s
H   91    86                       1.5398232    0.04656  97.0%   552    9s
H   99    86                       1.5113352    0.04656  96.9%   578    9s
H  112   100                       1.5108611    0.04656  96.9%   605    9s
   123   119    0.06872    8 2601    1.51086    0.04656  96.9%   654   10s
H  142   134                       1.4715546    0.04656  96.8%   660   13s
H  143   134                       1.4623320    0.04656  96.8%   675   13s
H  145   134                       1.4622369    0.04656  96.8%   679   13s
H  150   134                       1.4511765    0.04656  96.8%   697   13s
H  151   134                       1.4230712    0.04656  96.7%   692   13s
H  154   134                       1.4129060    0.04656  96.7%   701   13s
H  159   150                       1.3733104    0.04656  96.6%   708   15s
H  312   313                       1.3723311    0.04656  96.6%   603   18s
H  397   380                       1.3655499    0.04656  96.6%   544   21s
  1035  1027    0.12382   21 1345    1.36555    0.04656  96.6%   314   25s
H 1036  1027                       1.3141148    0.04656  96.5%   314   25s
H 1041  1027                       1.3129963    0.04656  96.5%   313   25s
H 1063  1027                       1.3037658    0.04656  96.4%   308   25s
H 1064  1027                       1.2712769    0.04656  96.3%   308   25s
H 2130  2195                       1.2690209    0.04656  96.3%   184   27s
H 2169  2195                       1.2673862    0.04656  96.3%   183   27s
H 2180  2195                       1.2664144    0.04656  96.3%   182   27s
H 2231  2195                       1.2628416    0.04656  96.3%   178   27s
  2797  2675    0.28532   43  601    1.26284    0.04656  96.3%   156   30s
H 3260  3051                       1.2592384    0.04656  96.3%   161   32s
H 3449  3158                       1.2591513    0.04656  96.3%   164   35s
H 3450  3158                       1.2590228    0.04656  96.3%   164   35s
H 3453  3158                       1.2587096    0.04656  96.3%   164   35s
H 3454  3158                       1.2466264    0.04656  96.3%   164   35s
  4108  3873    1.04122  102  191    1.24663    0.04656  96.3%   182   41s
H 4402  4000                       1.2451687    0.04656  96.3%   185   49s
  4403  4001    0.39772  142 1737    1.24517    0.04656  96.3%   185   50s
H 4404  3801                       1.2449531    0.04656  96.3%   185   51s
H 4404  3611                       1.2425062    0.04656  96.3%   185   51s
H 4411  3434                       1.2424959    0.05427  95.6%   184   55s
H 4412  3263                       1.2396674    0.05594  95.5%   184   55s
H 4413  3101                       1.2394519    0.05594  95.5%   184   56s
H 4413  2946                       1.2383757    0.05594  95.5%   184   56s
H 4413  2798                       1.2364590    0.05594  95.5%   184   56s
H 4413  2658                       1.2300734    0.05594  95.5%   184   56s
H 4414  2525                       1.2175046    0.05733  95.3%   184   57s
H 4414  2399                       1.2169467    0.05733  95.3%   184   57s
H 4415  2279                       1.2106304    0.05746  95.3%   184   57s
H 4416  2166                       1.2042560    0.06561  94.6%   184   58s
H 4417  2058                       1.2033973    0.06561  94.5%   184   60s
H 4418  1955                       1.1996341    0.07364  93.9%   184   60s
H 4418  1857                       1.1991016    0.07364  93.9%   184   60s
H 4420  1765                       1.1982530    0.08521  92.9%   184   62s
H 4421  1677                       1.1928654    0.08570  92.8%   184   64s
H 4421  1593                       1.1926108    0.08570  92.8%   184   64s
H 4422  1514                       1.1871161    0.08926  92.5%   184   65s
H 4422  1438                       1.1864766    0.08926  92.5%   184   65s
H 4422  1366                       1.1864546    0.08973  92.4%   184   66s
H 4425  1299                       1.1862601    0.08991  92.4%   184   68s
H 4428  1236                       1.1854136    0.09006  92.4%   184   70s
  4432  1238    0.20087   45 2891    1.18541    0.09062  92.4%   184   75s
H 4432  1175                       1.1709698    0.09062  92.3%   184   77s
  4435  1177    0.14786   46 2871    1.17097    0.09372  92.0%   183   80s
H 4435  1118                       1.1705064    0.09693  91.7%   183   81s
H 4436  1062                       1.1687010    0.09823  91.6%   183   83s
  4438  1063    0.86050  202 2887    1.16870    0.10122  91.3%   183   85s
H 4439  1010                       1.1648196    0.10139  91.3%   183   87s
H 4439   959                       1.1637434    0.10139  91.3%   183   87s
H 4441   912                       1.1594717    0.10280  91.1%   183   90s
  4446   916    0.26059   19 2922    1.15947    0.10355  91.1%   183   95s
H 4448   870                       1.1594717    0.10440  91.0%   183   99s
  4450   871    0.70454  177 2883    1.15947    0.10982  90.5%   183  101s
  4454   874    0.25219   57 3008    1.15947    0.11369  90.2%   183  105s
H 4455   830                       1.1584219    0.11416  90.1%   183  110s
H 4457   789                       1.1573862    0.11708  89.9%   183  116s
  4460   791    0.90082   55 3001    1.15739    0.11771  89.8%   182  121s
H 4463   752                       1.1570685    0.11816  89.8%   182  127s
  4466   754    0.58050   70 3002    1.15707    0.11833  89.8%   182  130s
H 4467   716                       1.1526465    0.11855  89.7%   182  132s
  4470   718    0.43942   34 2977    1.15265    0.11905  89.7%   182  137s
  4472   719    0.80699   59 2995    1.15265    0.11953  89.6%   182  140s
  4476   722    0.33582   86 3051    1.15265    0.11978  89.6%   182  145s
  4480   724    0.16210   59 3027    1.15265    0.12007  89.6%   182  151s
  4482   726    0.52385   69 3016    1.15265    0.12011  89.6%   182  155s
  4485   728    0.25219   57 3044    1.15265    0.12014  89.6%   181  161s
  4489   730    1.14118  218 2993    1.15265    0.12028  89.6%   181  165s
  4492   732    0.62507   56 2967    1.15265    0.12045  89.6%   181  170s
  4495   734    0.73140  179 3042    1.15265    0.12061  89.5%   181  175s
H 4495   696                       1.1515967    0.12073  89.5%   181  178s
  4497   698    0.49407  173 3030    1.15160    0.12077  89.5%   181  180s
  4499   699    0.12238   25 3072    1.15160    0.12078  89.5%   181  186s
H 4499   663                       1.1508587    0.12078  89.5%   181  188s
  4502   665    0.24119   17 3080    1.15086    0.12079  89.5%   181  191s
  4509   671    0.65805   89 2776    1.15086    0.12079  89.5%   245  196s
H 4510   637                       1.1508587    0.12079  89.5%   245  199s
  4512   639    0.12906   24 2880    1.15086    0.12105  89.5%   245  201s
H 4512   607                       1.1498757    0.12105  89.5%   245  203s
  4514   608    0.43976  126 2869    1.14988    0.12469  89.2%   245  206s
H 4516   578                       1.1496509    0.12662  89.0%   245  212s
  4519   580    0.82334  187 2987    1.14965    0.12761  88.9%   244  216s
  4521   582    0.13633   31 2970    1.14965    0.13027  88.7%   244  222s
  4522   582    0.19815   13 2935    1.14965    0.13102  88.6%   244  226s
  4524   584    1.06320   46 2897    1.14965    0.14016  87.8%   244  233s
  4525   584    0.35648  117 2916    1.14965    0.14273  87.6%   244  237s
  4526   585    0.57222   53 2955    1.14965    0.14400  87.5%   244  240s
  4529   587    1.01824   87 2938    1.14965    0.14707  87.2%   244  247s
  4530   588    0.32999   28 2933    1.14965    0.14837  87.1%   244  250s
H 4532   559                       1.1496509    0.14894  87.0%   244  258s
  4534   560    0.30290   88 2858    1.14965    0.15349  86.6%   244  260s
  4536   562    0.44888  144 2918    1.14965    0.15401  86.6%   243  266s
H 4537   534                       1.1496509    0.15421  86.6%   243  270s
  4540   536    0.19440   12 2997    1.14965    0.15788  86.3%   243  276s
  4542   538    1.06977   40 2993    1.14965    0.15913  86.2%   243  282s
  4544   539    0.15995   42 2957    1.14965    0.15995  86.1%   243  285s
  4549   542    0.86701   69 2970    1.14965    0.16074  86.0%   243  290s
  4554   546    0.25219   57 2977    1.14965    0.16229  85.9%   242  295s
  4557   548    0.43946  119 2950    1.14965    0.16285  85.8%   242  301s
  4559   549    0.70648  160 2785    1.14965    0.18028  84.3%   242  305s
  4561   550    0.18118   31 2828    1.14965    0.18118  84.2%   242  310s
  4563   552    1.14965  154 2943    1.14965    0.18145  84.2%   242  315s
  4566   554    0.58050   70 2948    1.14965    0.18230  84.1%   242  321s
  4568   555    0.63940  145 2794    1.14965    0.18278  84.1%   242  325s
  4570   556    0.43942   34 3017    1.14965    0.18309  84.1%   242  330s
  4573   558    0.73824  178 3003    1.14965    0.18329  84.1%   241  335s
  4575   560    0.23460  134 2968    1.14965    0.18360  84.0%   241  340s
  4578   562    0.49407  173 3051    1.14965    0.18427  84.0%   241  346s
  4581   564    0.26342   44 3059    1.14965    0.18440  84.0%   241  351s
  4583   565    0.22978  112 3059    1.14965    0.18453  83.9%   241  355s
  4585   566    0.25219   57 3061    1.14965    0.18466  83.9%   241  360s
  4587   568    0.37297   90 3067    1.14965    0.18506  83.9%   241  365s
  4589   569    1.14118  218 3032    1.14965    0.18587  83.8%   241  372s
  4591   570    1.14965   97 3045    1.14965    0.18622  83.8%   241  375s
  4593   572    0.18655   13 3044    1.14965    0.18655  83.8%   240  381s
  4596   574    0.43909  117 3058    1.14965    0.18690  83.7%   240  385s
  4598   575    0.18693   18 3040    1.14965    0.18693  83.7%   240  390s
  4601   577    0.65125   84 3050    1.14965    0.18696  83.7%   240  395s
  4604   579    0.49222   68 3010    1.14965    0.18699  83.7%   240  401s
  4607   581    0.32363   23 3062    1.14965    0.18704  83.7%   240  405s
  4610   583    0.43262   18 3066    1.14965    0.18716  83.7%   240  410s
  4614   586    0.43976  126 3067    1.14965    0.18721  83.7%   239  416s
  4617   588    0.74495   35 3071    1.14965    0.18725  83.7%   239  422s
  4619   589    0.82334  187 3073    1.14965    0.18727  83.7%   239  425s
  4622   591    0.19815   13 3073    1.14965    0.18743  83.7%   239  431s
  4625   593    0.35648  117 3070    1.14965    0.18755  83.7%   239  436s
  4627   594    0.18762   33 3076    1.14965    0.18762  83.7%   239  440s
  4630   596    0.32999   28 3061    1.14965    0.18772  83.7%   239  445s
  4632   598    0.20087   45 3069    1.14965    0.18789  83.7%   238  450s
  4636   600    0.44888  144 2925    1.14965    0.24140  79.0%   238  463s
  4637   601    0.25611   20 2889    1.14965    0.25611  77.7%   238  466s
  4639   602    1.10451  243 2942    1.14965    0.26409  77.0%   238  471s
H 4639   569                       1.1455453    0.26576  76.8%   238  476s
  4642   571    1.06977   40 2983    1.14555    0.26755  76.6%   238  480s
  4645   573    1.14555  110 3008    1.14555    0.26874  76.5%   238  486s
H 4645   542                       1.1450128    0.27064  76.4%   238  490s
  4650   546    0.70454  177 3069    1.14501    0.27149  76.3%   237  496s
  4654   548    0.27186   57 3079    1.14501    0.27186  76.3%   237  502s
  4656   550    0.27230  104 3072    1.14501    0.27230  76.2%   237  505s
  4661   553    0.27260   31 3103    1.14501    0.27260  76.2%   237  510s
  4666   556    0.58050   70 3074    1.14501    0.27271  76.2%   237  515s
  4670   559    0.43942   34 3092    1.14501    0.27283  76.2%   236  520s
  4673   561    0.73824  178 3053    1.14501    0.27299  76.2%   236  526s
  4677   564    0.28472   89 3088    1.14501    0.27333  76.1%   236  531s
  4681   566    0.27341   44 3082    1.14501    0.27341  76.1%   236  535s
  4685   569    0.27348   57 3095    1.14501    0.27348  76.1%   236  540s
  4693   575    0.27349   13 3037    1.14501    0.27349  76.1%   389  545s
H 4694   547                       1.1450126    0.27349  76.1%   389  548s
  4696   548    0.43909  117 2928    1.14501    0.27349  76.1%   389  550s
H 4696   520                       1.1444310    0.27349  76.1%   389  554s
H 4696   494                       1.1444310    0.27349  76.1%   389  554s
  4698   496    0.27349   18 3007    1.14443    0.27349  76.1%   389  557s
  4699   496    0.27349   25 2997    1.14443    0.27349  76.1%   389  561s
  4701   498    0.65125   84 3041    1.14443    0.27349  76.1%   388  567s
  4703   499    0.39772  142 3050    1.14443    0.27405  76.1%   388  572s
  4705   500    0.27529   30 3057    1.14443    0.27529  75.9%   388  576s
  4707   502    0.32363   23 3039    1.14443    0.27605  75.9%   388  580s
  4710   504    0.43262   18 3016    1.14443    0.27685  75.8%   388  585s
  4713   506    0.27694   35 3004    1.14443    0.27694  75.8%   387  590s
  4718   509    0.27739   33 2997    1.14443    0.27739  75.8%   387  596s
  4721   511    0.27785   31 2997    1.14443    0.27785  75.7%   387  600s
  4724   513    1.06320   46 2999    1.14443    0.27793  75.7%   387  605s
  4727   515    0.27815   33 2924    1.14443    0.27815  75.7%   386  610s
  4730   517    0.32999   28 2986    1.14443    0.27839  75.7%   386  615s
  4734   520    0.30290   88 2967    1.14443    0.27931  75.6%   386  622s
  4737   522    0.27965   20 2917    1.14443    0.27965  75.6%   386  626s
H 4737   495                       1.1444310    0.27965  75.6%   386  626s
  4742   498    1.06977   40 2885    1.14443    0.28006  75.5%   385  631s
  4746   501    0.28021   19 2902    1.14443    0.28021  75.5%   385  635s
  4752   505    0.28023   87 2892    1.14443    0.28023  75.5%   384  645s
  4753   508    0.29452   28 2817    1.14443    0.28023  75.5%   425  650s
  4755   512    0.31897   29 2705    1.14443    0.28083  75.5%   430  660s
  4759   518    0.33213   30 2320    1.14443    0.30345  73.5%   446  671s
  4767   532    0.33898   31 2311    1.14443    0.30649  73.2%   467  694s
  4783   542    0.37628   32 2459    1.14443    0.31800  72.2%   528  707s
H 4790   514                       1.1444310    0.31800  72.2%   537  707s
  4799   527    0.38910   32 2503    1.14443    0.31800  72.2%   555  720s
  4831   548    0.40651   33 2134    1.14443    0.31800  72.2%   591  738s
  4847   565    0.37713   34 2093    1.14443    0.31800  72.2%   600  747s
  4869   584    0.38378   35 2218    1.14443    0.31800  72.2%   618  752s
  4895   600    0.37734   35 2098    1.14443    0.31800  72.2%   628  756s
  4920   620    0.37957   36 2092    1.14443    0.31800  72.2%   636  760s
  4948   644    0.42211   37 2161    1.14443    0.31800  72.2%   645  766s
  4982   667    0.41090   38 2120    1.14443    0.31800  72.2%   655  770s
  5016   693    0.39158   39 2272    1.14443    0.31800  72.2%   662  775s
  5091   750    0.40544   42 2298    1.14443    0.31800  72.2%   676  783s
  5135   779    0.40594   43 2110    1.14443    0.31800  72.2%   681  788s
  5179   780    0.41932   45 1841    1.14443    0.31800  72.2%   688  805s
  5247   858    0.48788   46 2039    1.14443    0.31800  72.2%   699  813s
  5297   891    0.46160   48 1964    1.14443    0.31800  72.2%   705  818s
  5350   947    0.47894   48 1919    1.14443    0.31800  72.2%   710  823s
  5429   973    0.49491   50 2019    1.14443    0.31800  72.2%   714  827s
  5508   978    0.52434   51 1882    1.14443    0.31800  72.2%   716  833s
  5581   980    0.64965   52 1853    1.14443    0.31800  72.2%   720  841s
  5648   982    0.55282   53 1817    1.14443    0.31800  72.2%   733  848s
  5683  1003    0.79371   55 1497    1.14443    0.31800  72.2%   749  856s
  5718  1030    0.66337   56 1635    1.14443    0.31800  72.2%   765  863s
  5756  1059    0.75472   59 1582    1.14443    0.31800  72.2%   780  870s
  5798  1090    0.74141   60 1680    1.14443    0.31800  72.2%   795  877s
  5843  1132    0.72456   62 1762    1.14443    0.31800  72.2%   805  884s
  5901  1160    0.93000   66 1587    1.14443    0.31800  72.2%   813  900s
  5952  1202    0.96232   69 1439    1.14443    0.31800  72.2%   822  907s
  6019  1236    0.94760   74 1330    1.14443    0.31800  72.2%   831  915s
  6084  1263    1.12481   79 1521    1.14443    0.33641  70.6%   842  924s
  6153  1297    0.51688   33 2267    1.14443    0.34870  69.5%   863  938s
  6228  1343    0.37549   33 2021    1.14443    0.34870  69.5%   884  949s
  6308  1403    0.55892   35 2128    1.14443    0.34870  69.5%   905  960s
  6387  1444    0.55561   35 2381    1.14443    0.34870  69.5%   926  971s
  6466  1499    0.59475   37 2363    1.14443    0.34870  69.5%   948  986s
  6543  1548    0.63313   38 2232    1.14443    0.34870  69.5%   970  996s
  6621  1594    0.69518   39 2446    1.14443    0.34870  69.5%   989 1011s
  6689  1635    0.69856   40 2415    1.14443    0.34870  69.5%  1007 1024s
  6745  1704    0.74145   41 2322    1.14443    0.34870  69.5%  1029 1038s
  6820  1785    0.78987   41 1906    1.14443    0.34870  69.5%  1050 1052s
  6906  1847    0.81032   44 2255    1.14443    0.34870  69.5%  1069 1066s
  6987  1922    0.81866   45 2235    1.14443    0.34870  69.5%  1086 1080s
  7071  1992    0.85688   45 2223    1.14443    0.34870  69.5%  1112 1096s
  7155  2055    0.92627   49 2211    1.14443    0.34870  69.5%  1139 1112s
  7253  2097    1.02360   51 2150    1.14443    0.34870  69.5%  1164 1131s
  7325  2154    1.03483   52 2243    1.14443    0.34870  69.5%  1190 1151s
  7393  2227     cutoff   54         1.14443    0.35907  68.6%  1218 1171s
  7480  2305    0.38307   34 2335    1.14443    0.35907  68.6%  1241 1188s
  7566  2337    0.45541   37 2205    1.14443    0.35907  68.6%  1263 1218s
H 7581  2337                       1.1444307    0.35907  68.6%  1264 1218s
  7608  2363    0.47884   38 2115    1.14443    0.35907  68.6%  1269 1235s
H 7629  2363                       1.1444306    0.35907  68.6%  1271 1235s
H 7655  2363                       1.1444306    0.35907  68.6%  1274 1235s
  7658  2426    0.48326   41 2043    1.14443    0.35907  68.6%  1275 1257s
  7786  2471    0.58214   45 2428    1.14443    0.35907  68.6%  1287 1282s
  7870  2525    0.73520   48 2071    1.14443    0.35907  68.6%  1313 1337s
  7937  2614    0.82794   52 2071    1.14443    0.35907  68.6%  1335 1363s
  8044  2717    0.96301   58 2172    1.14443    0.35907  68.6%  1360 1388s
  8157  2797     cutoff   64         1.14443    0.35907  68.6%  1383 1412s
  8300  2883     cutoff   64         1.14443    0.36324  68.3%  1404 1451s
  8453  2961    0.39602   35 2674    1.14443    0.36324  68.3%  1424 1481s
  8565  3058    0.55628   39 2801    1.14443    0.36324  68.3%  1448 1516s
H 8678  3126                       1.1444306    0.36324  68.3%  1469 1544s
  8747  3250    0.69485   47 2528    1.14443    0.36324  68.3%  1485 1573s
  8896  3352    0.91189   56 2248    1.14443    0.36324  68.3%  1498 1605s
  9062  3449     cutoff   69         1.14443    0.36610  68.0%  1507 1638s
  9227  3563    0.63576   40 2080    1.14443    0.36610  68.0%  1531 1674s
  9369  3683    0.89601   49 2239    1.14443    0.36610  68.0%  1554 1714s
  9550  3793    1.13252   55 2084    1.14443    0.37020  67.7%  1565 1761s
  9689  3934    0.40610   37 2433    1.14443    0.37020  67.7%  1591 1799s
H 9693  3934                       1.1444306    0.37020  67.7%  1591 1799s
  9856  3936     cutoff   64         1.14443    0.37020  67.7%  1610 1800s

Cutting planes:
  Gomory: 798
  Implied bound: 6
  MIR: 128
  StrongCG: 2
  Flow cover: 666
  Zero half: 8
  RLT: 29
  BQP: 5

Explored 9860 nodes (15890505 simplex iterations) in 1800.04 seconds (2806.91 work units)
Thread count was 16 (of 16 available processors)

Solution count 10: 1.14443 1.14443 1.14443 ... 1.14988

Time limit reached
Warning: max constraint violation (8.4804e-04) exceeds tolerance
Warning: max general constraint violation (8.4804e-04) exceeds tolerance
Best objective 1.144431012982e+00, best bound 3.702018853125e-01, gap 67.6519%
