
Gurobi 9.5.0 (linux64) logging started Wed 16 Nov 2022 07:40:06 AM PST

Set parameter LogFile to value "experiments/t_5_theta_0.8/gurobi.1668613205.log"
Set parameter LogToConsole to value 0
Set parameter TimeLimit to value 1800
Set parameter Threads to value 16
Gurobi Optimizer version 9.5.0 build v9.5.0rc5 (linux64)
Thread count: 8 physical cores, 16 logical processors, using up to 16 threads
Optimize a model with 343 rows, 1518 columns and 5392 nonzeros
Model fingerprint: 0x70bc563e
Model has 3500 quadratic objective terms
Model has 375 quadratic constraints
Model has 5 general constraints
Variable types: 100 continuous, 1418 integer (1418 binary)
Coefficient statistics:
  Matrix range     [1e+00, 1e+01]
  QMatrix range    [1e+00, 1e+00]
  QLMatrix range   [1e+00, 1e+00]
  Objective range  [0e+00, 0e+00]
  QObjective range [6e-05, 4e+01]
  Bounds range     [1e+00, 8e+02]
  RHS range        [1e+00, 1e+02]
Presolve added 77 rows and 1523 columns
Presolve time: 0.04s
Presolved: 5349 rows, 5568 columns, 40602 nonzeros
Variable types: 1785 continuous, 3783 integer (3565 binary)

Root relaxation: objective 5.115908e-13, 5808 iterations, 0.25 seconds (0.22 work units)

    Nodes    |    Current Node    |     Objective Bounds      |     Work
 Expl Unexpl |  Obj  Depth IntInf | Incumbent    BestBd   Gap | It/Node Time

     0     0    0.00000    0 3506          -    0.00000      -     -    0s
     0     0    0.04436    0 3476          -    0.04436      -     -    1s
     0     0    0.11280    0 2979          -    0.11280      -     -    1s
     0     0    0.11286    0 2975          -    0.11286      -     -    1s
     0     0    0.13047    0 2961          -    0.13047      -     -    2s
     0     0    0.13053    0 2983          -    0.13053      -     -    2s
     0     0    0.14144    0 2963          -    0.14144      -     -    2s
     0     0    0.14211    0 2965          -    0.14211      -     -    2s
     0     0    0.14610    0 2948          -    0.14610      -     -    2s
H    0     0                     178.7103278    0.14610   100%     -    3s
     0     0    0.14610    0 2916  178.71033    0.14610   100%     -    3s
H    0     0                      56.2816556    0.14625   100%     -    3s
H    0     0                      55.9769331    0.14625   100%     -    3s
     0     2    0.14625    0 2905   55.97693    0.14625   100%     -    3s
    41    56    0.18198    6 2595   55.97693    0.16792   100%   453    5s
H   54    56                      55.9532841    0.16792   100%   552    5s
H   89   102                      55.5700334    0.16792   100%   750    8s
H   89   102                      15.9008309    0.16792  98.9%   750    8s
H   92   102                       3.0498918    0.16792  94.5%   756    8s
H  153   141                       2.8692023    0.16792  94.1%   718   11s
H  154   141                       2.6834963    0.16792  93.7%   718   11s
H  157   141                       2.4229537    0.16792  93.1%   711   11s
H  158   141                       2.3601731    0.16792  92.9%   708   11s
H  164   141                       2.3531886    0.16792  92.9%   705   11s
H  167   141                       2.2301895    0.16792  92.5%   709   11s
H  398   401                       1.6341161    0.16792  89.7%   583   14s
   437   466    0.64650   11 1841    1.63412    0.16792  89.7%   562   15s
H 1411  1204                       1.5537995    0.16792  89.2%   289   20s
H 1429  1190                       1.5337136    0.16792  89.1%   286   20s
H 1440  1172                       1.5160960    0.16792  88.9%   284   20s
H 1442  1130                       1.4994482    0.16792  88.8%   286   20s
H 1464  1115                       1.4894490    0.16792  88.7%   282   20s
H 1694  1331                       1.4736950    0.16792  88.6%   261   21s
H 1753  1294                       1.4310869    0.16792  88.3%   258   26s
H 1754  1183                       1.3759505    0.16792  87.8%   258   26s
H 1758  1092                       1.2629007    0.16792  86.7%   257   26s
H 1771  1083                       1.2401549    0.16792  86.5%   260   26s
H 1772  1147                       1.2140293    0.16792  86.2%   260   27s
H 1797  1100                       1.1566849    0.16792  85.5%   258   27s
H 2233  1384                       1.1543521    0.16792  85.5%   233   34s
H 2235  1316                       1.1350157    0.16792  85.2%   232   35s
H 2235  1250                       1.1022464    0.16792  84.8%   232   35s
H 2236  1188                       1.1012992    0.16792  84.8%   232   36s
H 2241  1132                       1.1003562    0.17595  84.0%   232   37s
H 2242  1075                       1.0998867    0.18676  83.0%   232   38s
H 2245  1023                       1.0969351    0.20222  81.6%   231   40s
H 2248   974                       1.0927503    0.20923  80.9%   231   41s
H 2251   927                       1.0918862    0.21995  79.9%   231   42s
H 2252   881                       1.0791064    0.21995  79.6%   231   43s
  2257   884    0.81157   55 2720    1.07911    0.32168  70.2%   230   45s
  2265   890    0.43162    7 2807    1.07911    0.40626  62.4%   229   50s
H 2266   845                       1.0728237    0.40626  62.1%   229   51s
H 2266   802                       1.0639852    0.40626  61.8%   229   52s
  2274   817    0.47162   16 2348    1.06399    0.40626  61.8%   258   55s
H 2298   800                       1.0635438    0.40626  61.8%   283   60s
H 2346   794                       1.0635438    0.40626  61.8%   334   69s
H 2348   756                       1.0610992    0.40626  61.7%   334   69s
H 2350   720                       1.0610992    0.40626  61.7%   336   69s
  2362   739    0.70213   20 1694    1.06110    0.40626  61.7%   342   70s
  2506   804    0.77222   25 1392    1.06110    0.40626  61.7%   373   75s
H 2629   803                       1.0610992    0.40626  61.7%   379   80s
H 2630   771                       1.0557004    0.40626  61.5%   379   80s
  2800   875    0.80101   37 1105    1.05570    0.40626  61.5%   393   85s
  3127  1058    0.85519   50  612    1.05570    0.40626  61.5%   399   90s
  3585  1372    0.87585   73  176    1.05570    0.40626  61.5%   384   95s
  4107  1769    0.94130  102   56    1.05570    0.40626  61.5%   355  100s
  4735  2241    1.04628  141   30    1.05570    0.40626  61.5%   332  105s
  5267  2722    0.68483   21 1901    1.05570    0.40626  61.5%   322  110s
  5916  3115    0.94939   37  975    1.05570    0.40626  61.5%   308  115s
  6271  3386    0.58972   20 1772    1.05570    0.40626  61.5%   318  122s
  6567  3588    0.77443   25 1201    1.05570    0.40626  61.5%   324  126s
  6918  3961     cutoff   78         1.05570    0.44573  57.8%   326  131s
  7434  4217    0.79264   25 1707    1.05570    0.44573  57.8%   323  137s
  7711  4533    1.01216   29 1444    1.05570    0.47070  55.4%   325  142s
  8105  4787    0.64695   20 1805    1.05570    0.47070  55.4%   330  147s
  8529  5344    0.82076   27 1365    1.05570    0.47070  55.4%   334  152s
  8941  5536    0.85174   31 1206    1.05570    0.47070  55.4%   330  155s
  9497  5993    0.98814   53  469    1.05570    0.53883  49.0%   330  161s
 10103  6385    0.76936   24 1515    1.05570    0.59781  43.4%   333  168s
 10446  6542    0.90843   41  829    1.05570    0.60974  42.2%   332  171s
 11112  6875    0.85932   37  959    1.05570    0.62493  40.8%   332  187s
H11114  6875                       1.0557004    0.62493  40.8%   332  187s
H11118  6875                       1.0557004    0.62493  40.8%   332  187s
 11144  7219    0.86493   38  951    1.05570    0.63951  39.4%   332  190s
H11260  7219                       1.0557004    0.64534  38.9%   331  190s
 12071  8148    1.05405   35 1133    1.05570    0.64688  38.7%   325  198s
 12696  8159    0.82315   28 1364    1.05570    0.64886  38.5%   319  225s
H12715  8159                       1.0557004    0.64886  38.5%   320  225s
 13306  8941    0.73735   25 1595    1.05570    0.65160  38.3%   315  232s
 13738  9186    0.86479   35  917    1.05570    0.65309  38.1%   315  237s
 14070  9467    0.73451   22 1773    1.05570    0.66120  37.4%   318  241s
 14510  9763    0.78770   25 1416    1.05570    0.66120  37.4%   320  246s
 15025 10071    0.97824   49  722    1.05570    0.66983  36.6%   319  251s
 15485 10426    0.80736   29 1310    1.05570    0.67142  36.4%   319  256s
 15974 10638    0.86300   28 1424    1.05570    0.67611  36.0%   321  261s
 16296 10927    0.86534   29 1174    1.05570    0.67869  35.7%   324  267s
 16752 11445    0.79687   30 1181    1.05570    0.68325  35.3%   327  272s
 17294 12718    0.91733   62  405    1.05570    0.68483  35.1%   327  279s
 18771 13133    0.87391   30 1405    1.05570    0.68975  34.7%   311  284s
 19380 13536    0.81766   24 1621    1.05570    0.69014  34.6%   311  290s
 20011 13832    0.86171   27 1969    1.05570    0.69519  34.1%   311  297s
 20478 14421    0.89746   30 1434    1.05570    0.69707  34.0%   314  305s
 21319 14813    0.86340   38  867    1.05570    0.70234  33.5%   314  313s
 21865 16081    0.77988   31 1088    1.05570    0.70241  33.5%   318  322s
 23151 18183    0.82414   39  747    1.05570    0.70241  33.5%   314  331s
 25494 18644    0.91548   56  488    1.05570    0.70241  33.5%   295  337s
 26435 18703    0.97226   73  362    1.05570    0.70241  33.5%   292  347s
 26498 19267    0.97226   74  362    1.05570    0.70899  32.8%   293  353s
 27528 19701    0.72375   29 1478    1.05570    0.71231  32.5%   289  360s
 28178 20024    0.93222   21 2004    1.05570    0.71284  32.5%   290  367s
 28698 20570    1.04084   26 1258    1.05570    0.71510  32.3%   292  374s
 29394 21612    0.78889   32 1048    1.05570    0.71873  31.9%   294  382s
 30550 22305    1.04660   88  326    1.05570    0.71897  31.9%   292  390s
 31504 23059 infeasible   28         1.05570    0.72279  31.5%   291  398s
 32603 23518    0.83096   24 1429    1.05570    0.72339  31.5%   289  407s
 33327 24109    1.04993   39  965    1.05570    0.72706  31.1%   292  415s
 34169 24824    0.94692   52  910    1.05570    0.72827  31.0%   294  425s
 35265 25630    1.01291   56  471    1.05570    0.73111  30.7%   294  435s
 36336 26412    0.87987   33  949    1.05570    0.73311  30.6%   294  445s
 37381 27271    1.02150   43  839    1.05570    0.73543  30.3%   296  456s
 38618 28856    0.83763   30 1314    1.05570    0.73735  30.2%   296  468s
 40429 30402    0.75062   30 1080    1.05570    0.73963  29.9%   293  481s
 42458 32103    0.82312   30 1266    1.05570    0.74133  29.8%   289  576s
 44685 32664    0.85193   26 1576    1.05570    0.74378  29.5%   286  589s
 45391 33369    0.96492   35 1007    1.05570    0.74421  29.5%   290  605s
 46359 34030    0.88376   22 2219    1.05570    0.74573  29.4%   294  623s
 47277 34920    0.81885   27 1214    1.05570    0.74716  29.2%   298  643s
 48543 35716    0.85188   34 1537    1.05570    0.74923  29.0%   302  664s
 49725 36529    0.91956   44  968    1.05570    0.74988  29.0%   306  687s
 50952 37354    0.79319   39 1117    1.05570    0.75254  28.7%   311  712s
 52127 38272    0.85229   28 1779    1.05570    0.75352  28.6%   316  737s
 53334 39210    1.00263   65  713    1.05570    0.75478  28.5%   321  763s
 54646 40540    0.89217   30 1406    1.05570    0.75580  28.4%   325  790s
 56448 41536    0.85680   29 1200    1.05570    0.75767  28.2%   327  816s
 57723 42398    0.92893   31 1141    1.05570    0.75863  28.1%   331  843s
 58956 43374    0.84852   26 2210    1.05570    0.76018  28.0%   336  873s
 60424 44341    0.90465   29 1116    1.05570    0.76118  27.9%   340  900s
 61792 46468    0.84598   29 1509    1.05570    0.76318  27.7%   344  928s
 64300 47379    0.83577   31 1413    1.05570    0.76380  27.6%   342  948s
 65581 48334 infeasible   52         1.05570    0.76512  27.5%   343  975s
 66950 49341    0.92235   30 1330    1.05570    0.76629  27.4%   346 1005s
 68386 50574    0.95959   44  967    1.05570    0.76729  27.3%   349 1034s
 70052 51751    0.94284   32 1390    1.05570    0.76829  27.2%   352 1065s
 71918 53361    0.93815   28 1431    1.05570    0.76918  27.1%   353 1094s
 74019 54469     cutoff   31         1.05570    0.76995  27.1%   353 1122s
 75519 55478    0.96872   45 1050    1.05570    0.77075  27.0%   355 1150s
 76850 57292    0.84883   49 1297    1.05570    0.77224  26.9%   358 1178s
 79070 58530    0.86520   28 1417    1.05570    0.77274  26.8%   357 1205s
 80696 59751    0.89741   34 1283    1.05570    0.77351  26.7%   358 1234s
 82197 60902    0.83878   26 1849    1.05570    0.77411  26.7%   361 1264s
 83736 61988    0.99534   30 1458    1.05570    0.77427  26.7%   363 1299s
 85253 62551     cutoff   46         1.05570    0.77515  26.6%   364 1323s
 86297 64410 infeasible   40         1.05570    0.77551  26.5%   366 1361s
 88696 64706    0.91201   43  970    1.05570    0.77648  26.4%   367 1409s
H88985 64588                       1.0542067    0.77663  26.3%   367 1409s
 89093 65850    0.81188   25 1103    1.05421    0.77666  26.3%   367 1452s
H90339 65850                       1.0542067    0.77705  26.3%   367 1452s
 90641 67600    0.92066   34 1200    1.05421    0.77712  26.3%   367 1485s
 92968 69446    0.83446   23 1740    1.05421    0.77802  26.2%   367 1513s
 95253 70880    0.96267   46 1146    1.05421    0.77860  26.1%   365 1541s
 97092 72105    0.87671   25 1411    1.05421    0.77921  26.1%   366 1568s
 98539 73162    0.82368   31 1565    1.05421    0.77968  26.0%   368 1596s
 99985 74175    0.90480   31 1383    1.05421    0.78013  26.0%   370 1624s
 101425 75534     cutoff   48         1.05421    0.78062  26.0%   371 1652s
 103140 76509    0.81869   28 1168    1.05421    0.78072  25.9%   372 1679s
 104568 78247    0.81381   47 1060    1.05421    0.78194  25.8%   374 1706s
 106754 79267    0.92792   52  792    1.05421    0.78283  25.7%   372 1729s
 108128 81033    0.86660   46  942    1.05421    0.78349  25.7%   373 1755s
 110295 82476    0.85145   48  881    1.05421    0.78428  25.6%   372 1779s
 112099 83319    0.96700   69  833    1.05421    0.78444  25.6%   371 1800s

Cutting planes:
  Gomory: 698
  Cover: 4
  Implied bound: 8
  MIR: 91
  StrongCG: 9
  Flow cover: 307
  Inf proof: 16
  Zero half: 90
  RLT: 92
  Relax-and-lift: 8
  BQP: 20

Explored 113271 nodes (42105025 simplex iterations) in 1800.03 seconds (3354.51 work units)
Thread count was 16 (of 16 available processors)

Solution count 10: 1.05421 1.05421 1.0557 ... 1.07282

Time limit reached
Warning: max constraint violation (1.1479e-03) exceeds tolerance
Warning: max general constraint violation (1.1479e-03) exceeds tolerance
         (model may be infeasible or unbounded - try turning presolve off)
Best objective 1.054206694374e+00, best bound 7.847365221477e-01, gap 25.5614%
