
Gurobi 9.5.0 (linux64) logging started Mon 14 Nov 2022 12:08:38 PM PST

Set parameter LogFile to value "experiments/t_2_theta_0.45/gurobi.1668456517.log"
Set parameter LogToConsole to value 0
Set parameter TimeLimit to value 1800
Set parameter Threads to value 16
Gurobi Optimizer version 9.5.0 build v9.5.0rc5 (linux64)
Thread count: 8 physical cores, 16 logical processors, using up to 16 threads
Optimize a model with 340 rows, 1428 columns and 5305 nonzeros
Model fingerprint: 0x294cf500
Model has 3425 quadratic objective terms
Model has 150 quadratic constraints
Model has 2 general constraints
Variable types: 85 continuous, 1343 integer (1343 binary)
Coefficient statistics:
  Matrix range     [1e+00, 1e+01]
  QMatrix range    [1e+00, 1e+00]
  QLMatrix range   [1e+00, 1e+00]
  Objective range  [0e+00, 0e+00]
  QObjective range [3e-05, 2e+01]
  Bounds range     [1e+00, 8e+02]
  RHS range        [1e+00, 1e+02]
Presolve added 57 rows and 1173 columns
Presolve time: 0.06s
Presolved: 4764 rows, 4797 columns, 36202 nonzeros
Variable types: 1286 continuous, 3511 integer (3415 binary)

Root relaxation: objective 5.968559e-13, 4996 iterations, 0.21 seconds (0.20 work units)

    Nodes    |    Current Node    |     Objective Bounds      |     Work
 Expl Unexpl |  Obj  Depth IntInf | Incumbent    BestBd   Gap | It/Node Time

     0     0    0.00000    0 3455          -    0.00000      -     -    0s
     0     0    0.02148    0 3422          -    0.02148      -     -    1s
     0     0    0.02632    0 3369          -    0.02632      -     -    1s
     0     0    0.02639    0 3372          -    0.02639      -     -    1s
     0     0    0.03153    0 3349          -    0.03153      -     -    2s
     0     0    0.03198    0 3346          -    0.03198      -     -    2s
H    0     0                       1.8318393    0.03198  98.3%     -    3s
H    0     0                       1.8202208    0.03198  98.2%     -    3s
     0     0    0.03351    0 3347    1.82022    0.03351  98.2%     -    3s
     0     0    0.03351    0 3321    1.82022    0.03351  98.2%     -    3s
H    0     0                       1.7044850    0.03355  98.0%     -    4s
H    0     0                       1.6964050    0.03355  98.0%     -    4s
     0     2    0.03355    0 3321    1.69640    0.03355  98.0%     -    4s
    15    30    0.04404    4 3198    1.69640    0.03761  97.8%   649    5s
H   32    42                       1.6389538    0.04402  97.3%   600    6s
H   79    78                       1.6375692    0.04432  97.3%   605   11s
H   81    78                       1.6327678    0.04432  97.3%   620   11s
H   81    78                       1.6264030    0.04432  97.3%   620   11s
H   83    78                       1.6084139    0.04432  97.2%   653   11s
H   84    78                       1.6048045    0.04432  97.2%   672   11s
H  129   126                       1.5242366    0.04432  97.1%   738   18s
H  131   126                       1.5127045    0.04432  97.1%   751   18s
H  143   126                       1.4905104    0.04432  97.0%   797   18s
   183   177    0.21666   14 2731    1.49051    0.04432  97.0%   852   22s
H  188   177                       1.4493844    0.04432  96.9%   858   22s
   341   365    0.46152   24 1939    1.44938    0.04432  96.9%   770   25s
H  462   446                       1.4493842    0.04432  96.9%   656   28s
H  473   446                       1.4448497    0.04432  96.9%   646   28s
H  482   446                       1.4431670    0.04432  96.9%   641   28s
   746   815    0.71184   53  926    1.44317    0.04432  96.9%   498   30s
H 1489  1479                       1.4422709    0.04432  96.9%   299   32s
H 1500  1479                       1.4421971    0.04432  96.9%   298   32s
H 1501  1479                       1.4400398    0.04432  96.9%   298   32s
H 1537  1479                       1.4396751    0.04432  96.9%   295   32s
  1798  1656    0.15135    6 2795    1.43968    0.04452  96.9%   279   35s
H 1920  1703                       1.4375170    0.04452  96.9%   288   38s
H 1927  1703                       1.4337559    0.04452  96.9%   290   38s
  1971  1782    0.27296   12 2459    1.43376    0.04452  96.9%   302   40s
  2394  2243    0.69503   25 2142    1.43376    0.04452  96.9%   314   45s
  2664  2433    0.16180    7 2863    1.43376    0.04468  96.9%   332   50s
  2787  2504    0.29097    9 2847    1.43376    0.04468  96.9%   341   56s
H 2790  2502                       1.4288573    0.04468  96.9%   341   56s
H 2791  2464                       1.3599634    0.04468  96.7%   341   56s
H 2797  2464                       1.3577338    0.04468  96.7%   341   56s
H 2803  2464                       1.3343315    0.04468  96.7%   342   62s
H 2815  2464                       1.3335116    0.04468  96.6%   344   62s
H 2816  2462                       1.3241245    0.04468  96.6%   344   62s
H 3003  2611                       1.3184755    0.04468  96.6%   349   76s
  3009  2615    1.05042   57 3166    1.31848    0.04468  96.6%   349   80s
H 3010  2485                       1.3175056    0.04468  96.6%   348   80s
  3020  2492    0.78955   32 3140    1.31751    0.07853  94.0%   347   85s
H 3023  2369                       1.3167922    0.07965  94.0%   347   86s
H 3025  2251                       1.3145021    0.08017  93.9%   347   87s
  3032  2256    0.36844   13 3108    1.31450    0.13216  89.9%   346   90s
  3040  2270    0.26700   17 2896    1.31450    0.15125  88.5%   364   96s
  3064  2294    0.38166   19 2553    1.31450    0.18006  86.3%   383  103s
H 3074  2177                       1.3145019    0.18006  86.3%   394  103s
  3080  2191    0.44157   19 2601    1.31450    0.18006  86.3%   401  105s
  3112  2212    0.44033   20 2677    1.31450    0.19478  85.2%   417  117s
H 3114  2104                       1.3143307    0.19478  85.2%   419  117s
H 3116  2002                       1.3129320    0.19478  85.2%   420  117s
H 3124  1901                       1.3127248    0.21790  83.4%   424  117s
H 3126  1808                       1.3123142    0.21790  83.4%   424  117s
  3151  1841    0.46307   21 2583    1.31231    0.21790  83.4%   433  121s
  3208  1884    0.48105   23 2462    1.31231    0.21790  83.4%   453  126s
  3257  1928    0.51673   24 2252    1.31231    0.21790  83.4%   466  130s
  3423  2041    0.58413   27 2238    1.31231    0.21790  83.4%   480  136s
  3575  2103    0.64648   31 2238    1.31231    0.21790  83.4%   487  140s
  3715  2157    0.78302   35 2180    1.31231    0.21790  83.4%   499  145s
  3809  2199    0.87100   38 2160    1.31231    0.21790  83.4%   504  159s
H 3817  2108                       1.3112393    0.21790  83.4%   503  159s
H 3818  2025                       1.3096866    0.21790  83.4%   503  159s
H 3835  1940                       1.3088565    0.21790  83.4%   504  159s
  3841  1982    0.86316   38 2146    1.30886    0.21790  83.4%   504  161s
  3966  2062    0.98648   44 2208    1.30886    0.21790  83.4%   510  165s
  4117  2181    1.00910   48 2113    1.30886    0.21790  83.4%   515  170s
  4302  2280    1.10709   54 1774    1.30886    0.21790  83.4%   518  175s
  4493  2347    1.19010   58 1616    1.30886    0.21790  83.4%   521  180s
  4647  2441    1.05094   45 2212    1.30886    0.21790  83.4%   529  187s
  4731  2506    1.26942   47 1761    1.30886    0.21790  83.4%   533  190s
  4938  2558     cutoff   48         1.30886    0.21962  83.2%   534  196s
  5037  2590    0.38527   20 2981    1.30886    0.22000  83.2%   540  200s
  5222  2660    0.61336   24 2866    1.30886    0.22000  83.2%   552  208s
  5294  2742    0.82491   27 1864    1.30886    0.22000  83.2%   559  212s
  5417  2805    0.90147   30 2309    1.30886    0.22000  83.2%   561  216s
  5535  2875    1.15442   37 2259    1.30886    0.22000  83.2%   564  220s
  5697  2911    1.29340   42 2166    1.30886    0.23247  82.2%   564  225s
  5821  2932    0.35935   22 2826    1.30886    0.23247  82.2%   566  231s
H 5825  2841                       1.2988046    0.23247  82.1%   567  231s
H 5886  2743                       1.2971783    0.23247  82.1%   565  231s
  5892  2816    0.45482   23 2757    1.29718    0.23247  82.1%   565  242s
  6009  2852    0.53633   25 2531    1.29718    0.23247  82.1%   569  248s
  6120  2900    0.78872   28 2292    1.29718    0.23247  82.1%   572  253s
  6256  2933    1.10535   35 2127    1.29718    0.23247  82.1%   576  258s
  6386  2942    1.26044   39 2145    1.29718    0.24539  81.1%   581  265s
  6482  2979    0.32860   23 2587    1.29718    0.24539  81.1%   590  271s
  6584  3055    0.28775   23 2874    1.29718    0.24539  81.1%   597  277s
  6735  3091    0.36234   24 2826    1.29718    0.24539  81.1%   602  284s
  6852  3159    0.49948   25 2856    1.29718    0.24539  81.1%   609  290s
  6987  3174    0.69314   27 2755    1.29718    0.24539  81.1%   614  298s
H 6991  3146                       1.2965469    0.24539  81.1%   614  298s
H 7013  3140                       1.2927473    0.24539  81.0%   616  298s
  7051  3245    0.70237   27 2691    1.29275    0.24539  81.0%   618  305s
  7190  3403    1.07635   33 2192    1.29275    0.24539  81.0%   623  312s
  7375  3492    1.25491   38 1842    1.29275    0.24539  81.0%   626  320s
  7544  3574    1.25177   39 1989    1.29275    0.31097  75.9%   631  328s
  7687  3682    0.54443   24 2662    1.29275    0.31097  75.9%   637  337s
  7826  3763    0.62013   26 2577    1.29275    0.31097  75.9%   644  345s
  8014  3816    0.97375   32 2513    1.29275    0.31097  75.9%   647  358s
  8091  3873    1.17712   37 2175    1.29275    0.32840  74.6%   651  368s
  8170  4003    0.42782   24 2646    1.29275    0.32842  74.6%   655  378s
  8317  4075    0.53523   28 2319    1.29275    0.32842  74.6%   662  387s
  8501  4167    0.84117   33 2517    1.29275    0.32842  74.6%   668  398s
  8654  4284    1.04768   38 2135    1.29275    0.32842  74.6%   675  410s
  8827  4362     cutoff   46         1.29275    0.34694  73.2%   682  422s
  8966  4449    0.67470   26 2370    1.29275    0.35808  72.3%   692  436s
  9113  4597    0.70286   26 2436    1.29275    0.35808  72.3%   702  449s
  9292  4688    0.81722   28 2535    1.29275    0.35808  72.3%   709  463s
H 9303  4688                       1.2927473    0.35808  72.3%   709  463s
  9429  4827    0.88760   30 2686    1.29275    0.35808  72.3%   715  480s
  9655  4855    1.20466   38 1991    1.29275    0.35808  72.3%   722  509s
H 9657  4843                       1.2899460    0.35808  72.2%   722  509s
H 9659  4839                       1.2889158    0.35808  72.2%   722  509s
  9687  4965    1.20653   38 1954    1.28892    0.35951  72.1%   724  525s
  9903  5108    0.65402   26 2553    1.28892    0.36936  71.3%   731  541s
 10109  5308    0.84537   30 2535    1.28892    0.36936  71.3%   740  557s
 10343  5465    1.12942   36 2135    1.28892    0.36936  71.3%   748  581s
 10546  5637    1.15503   39 2023    1.28892    0.36936  71.3%   753  599s
 10791  5766    1.25283   49 1145    1.28892    0.37275  71.1%   760  617s
 11043  6009    0.76661   32 2637    1.28892    0.37810  70.7%   766  636s
 11347  6228    0.91010   37 2750    1.28892    0.37810  70.7%   770  656s
 11630  6473 infeasible   50         1.28892    0.38564  70.1%   777  677s
 11953  6690    0.66756   24 2483    1.28892    0.38564  70.1%   782  697s
 12294  6919    1.10472   39 1916    1.28892    0.38972  69.8%   783  722s
 12574  7105    0.94211   33 2215    1.28892    0.38984  69.8%   791  746s
 12875  7337    0.65813   27 2645    1.28892    0.39733  69.2%   799  771s
 13215  7585     cutoff   44         1.28892    0.39748  69.2%   805  796s
 13584  7734    0.85299   37 2137    1.28892    0.40128  68.9%   810  821s
 14009  7834    0.48278   24 2364    1.28892    0.40128  68.9%   813  849s
 14369  8074    1.21105   39 2429    1.28892    0.40237  68.8%   818  877s
H14778  8077                       1.2882843    0.40237  68.8%   823 1091s
H14785  8052                       1.2860413    0.40237  68.7%   823 1091s
 14800  8303    1.09341   44 2153    1.28604    0.40261  68.7%   824 1121s
 15254  8597    0.52221   27 2644    1.28604    0.41143  68.0%   827 1153s
 15717  8866    0.55211   27 2480    1.28604    0.41716  67.6%   830 1187s
 16152  9351    0.82838   32 2379    1.28604    0.42323  67.1%   836 1220s
 16660  9800    1.22856   53 1237    1.28604    0.42335  67.1%   841 1253s
 17296 10153    1.18697   35 2177    1.28604    0.42430  67.0%   841 1290s
 17799 10423     cutoff   47         1.28604    0.42567  66.9%   847 1328s
 18288 10673    1.21415   43 2109    1.28604    0.42943  66.6%   854 1371s
 18720 11134     cutoff   49         1.28604    0.43495  66.2%   864 1414s
 19288 11498    1.27155   51 1701    1.28604    0.43849  65.9%   870 1459s
 19898 11930    0.79725   28 2209    1.28604    0.43966  65.8%   874 1503s
 20501 12538    1.14273   38 1857    1.28604    0.44186  65.6%   879 1561s
 21308 13198    0.85021   32 2077    1.28604    0.44728  65.2%   885 1613s
 22149 13683    0.85095   27 2444    1.28604    0.44807  65.2%   886 1665s
 22974 14270    1.21225   38 2228    1.28604    0.45253  64.8%   886 1720s
 23732 14934    0.85500   33 2560    1.28604    0.45708  64.5%   889 1772s
 24711 15139    0.90801   28 1929    1.28604    0.45772  64.4%   887 1800s

Cutting planes:
  Gomory: 709
  Implied bound: 2
  MIR: 53
  StrongCG: 7
  Flow cover: 89
  Inf proof: 2
  Zero half: 39
  Mod-K: 4
  RLT: 49

Explored 25149 nodes (22327665 simplex iterations) in 1800.02 seconds (2649.99 work units)
Thread count was 16 (of 16 available processors)

Solution count 10: 1.28604 1.28828 1.28892 ... 1.30886

Time limit reached
Warning: max constraint violation (2.1666e-04) exceeds tolerance
Warning: max general constraint violation (2.1666e-04) exceeds tolerance
Best objective 1.286041288086e+00, best bound 4.591071768295e-01, gap 64.3007%
