
Gurobi 9.5.0 (linux64) logging started Wed 16 Nov 2022 07:10:03 AM PST

Set parameter LogFile to value "experiments/t_5_theta_0.7/gurobi.1668611402.log"
Set parameter LogToConsole to value 0
Set parameter TimeLimit to value 1800
Set parameter Threads to value 16
Gurobi Optimizer version 9.5.0 build v9.5.0rc5 (linux64)
Thread count: 8 physical cores, 16 logical processors, using up to 16 threads
Optimize a model with 343 rows, 1518 columns and 5392 nonzeros
Model fingerprint: 0x867901cb
Model has 3500 quadratic objective terms
Model has 375 quadratic constraints
Model has 5 general constraints
Variable types: 100 continuous, 1418 integer (1418 binary)
Coefficient statistics:
  Matrix range     [1e+00, 1e+01]
  QMatrix range    [1e+00, 1e+00]
  QLMatrix range   [1e+00, 1e+00]
  Objective range  [0e+00, 0e+00]
  QObjective range [5e-05, 3e+01]
  Bounds range     [1e+00, 8e+02]
  RHS range        [1e+00, 1e+02]
Presolve added 77 rows and 1523 columns
Presolve time: 0.04s
Presolved: 5349 rows, 5568 columns, 40602 nonzeros
Variable types: 1785 continuous, 3783 integer (3565 binary)

Root relaxation: objective 1.136868e-13, 6397 iterations, 0.32 seconds (0.29 work units)

    Nodes    |    Current Node    |     Objective Bounds      |     Work
 Expl Unexpl |  Obj  Depth IntInf | Incumbent    BestBd   Gap | It/Node Time

     0     0    0.00000    0 3514          -    0.00000      -     -    0s
     0     0    0.03417    0 3483          -    0.03417      -     -    1s
     0     0    0.10056    0 3068          -    0.10056      -     -    1s
     0     0    0.10061    0 3065          -    0.10061      -     -    1s
     0     0    0.11415    0 2993          -    0.11415      -     -    2s
     0     0    0.11415    0 2995          -    0.11415      -     -    2s
     0     0    0.12008    0 2956          -    0.12008      -     -    2s
     0     0    0.12053    0 2968          -    0.12053      -     -    2s
     0     0    0.12644    0 2955          -    0.12644      -     -    2s
H    0     0                     167.1891077    0.12644   100%     -    2s
     0     0    0.12644    0 2922  167.18911    0.12644   100%     -    3s
H    0     0                      37.5220985    0.12645   100%     -    3s
H    0     0                       3.3277009    0.12645  96.2%     -    3s
     0     2    0.12645    0 2918    3.32770    0.12645  96.2%     -    3s
H   31    48                       3.0875463    0.14096  95.4%   279    4s
H   34    48                       2.9858462    0.14096  95.3%   266    4s
    63    74    0.32260    6 2464    2.98585    0.14158  95.3%   394    6s
H   79    86                       2.4521221    0.14158  94.2%   479    9s
H   81    86                       2.2743915    0.14158  93.8%   515    9s
H   87    86                       2.2223854    0.14158  93.6%   525    9s
H   92    86                       2.1731267    0.14158  93.5%   550    9s
    95   102    0.31433    7 2512    2.17313    0.14158  93.5%   566   10s
H  135   135                       1.9119620    0.14158  92.6%   631   15s
H  136   135                       1.6322188    0.14158  91.3%   640   15s
H  146   135                       1.5293475    0.14158  90.7%   667   15s
   855   892    0.72797   36  854    1.52935    0.14158  90.7%   338   20s
H 1185  1206                       1.5279634    0.14158  90.7%   277   21s
H 2223  2094                       1.5206620    0.14158  90.7%   186   24s
H 2242  2092                       1.5182224    0.14158  90.7%   184   24s
  2806  2744    1.37694  176   56    1.51822    0.14158  90.7%   163   25s
H 3351  3166                       1.5155691    0.14318  90.6%   149   26s
H 3353  3101                       1.4947293    0.14318  90.4%   150   26s
H 3355  2887                       1.4382886    0.14318  90.0%   150   26s
H 3948  3118                       1.4097284    0.14318  89.8%   143   33s
H 3950  2964                       1.4082997    0.14318  89.8%   143   34s
  3952  2965    1.16458   70 2865    1.40830    0.14318  89.8%   143   35s
H 3953  2817                       1.4064832    0.14318  89.8%   143   35s
H 3954  2676                       1.3995999    0.14318  89.8%   143   36s
H 3956  2544                       1.3969466    0.15364  89.0%   142   37s
H 3958  2418                       1.3918057    0.16626  88.1%   142   37s
H 3961  2298                       1.3728497    0.17452  87.3%   142   38s
H 3962  2184                       1.3620438    0.17489  87.2%   142   39s
H 3963  2075                       1.3618902    0.17489  87.2%   142   39s
H 3963  1971                       1.3616930    0.17489  87.2%   142   39s
  3966  1973    0.30147    7 2715    1.36169    0.17654  87.0%   142   40s
H 3966  1874                       1.3500842    0.17675  86.9%   142   40s
H 3972  1784                       1.3359681    0.26856  79.9%   142   42s
H 3974  1696                       1.3278001    0.28682  78.4%   142   43s
  3979  1699    0.86745   18 2719    1.32780    0.30241  77.2%   142   45s
H 3985  1617                       1.3228280    0.31280  76.4%   141   50s
  4017  1655    0.51591   16 2052    1.32283    0.31280  76.4%   161   56s
H 4065  1606                       1.3152953    0.31280  76.2%   179   60s
H 4096  1535                       1.2428093    0.32020  74.2%   183   61s
  4184  1621    0.63438   21 1740    1.24281    0.32020  74.2%   192   65s
H 4215  1552                       1.2313496    0.32020  74.0%   197   69s
H 4217  1483                       1.1860927    0.32020  73.0%   197   69s
H 4221  1414                       1.1555672    0.32020  72.3%   198   69s
H 4227  1349                       1.1367138    0.32020  71.8%   198   69s
  4231  1366    0.67525   22 1774    1.13671    0.32020  71.8%   199   70s
  4414  1454    0.68621   28 1689    1.13671    0.32020  71.8%   218   76s
  4619  1523    0.85041   33 1653    1.13671    0.32020  71.8%   229   80s
  4864  1690    0.79559   35 1293    1.13671    0.32020  71.8%   242   86s
  5021  1691    0.82283   39 1412    1.13671    0.32020  71.8%   248   90s
H 5131  1663                       1.1212202    0.32020  71.4%   265  101s
H 5132  1605                       1.1198804    0.32020  71.4%   265  101s
H 5133  1550                       1.1125218    0.32020  71.2%   265  101s
H 5142  1496                       1.1071306    0.32020  71.1%   267  101s
  5211  1581    0.88450   45 1195    1.10713    0.32020  71.1%   274  105s
  5365  1687    0.97168   51 1079    1.10713    0.32020  71.1%   283  110s
  5753  1817    0.47781   17 2218    1.10713    0.32462  70.7%   289  117s
  5959  1956    0.48090   18 2138    1.10713    0.39964  63.9%   297  121s
  6211  2076    0.73394   21 2041    1.10713    0.39964  63.9%   303  126s
H 6266  2007                       1.1040468    0.39964  63.8%   306  126s
  6355  1994    0.67300   22 1770    1.10405    0.39964  63.8%   306  133s
H 6361  1946                       1.1040467    0.39964  63.8%   307  133s
H 6369  1896                       1.1016304    0.39964  63.7%   309  133s
  6372  1974    0.75623   22 1671    1.10163    0.39964  63.7%   310  135s
  6579  2110    0.69319   23 1768    1.10163    0.39964  63.7%   320  141s
  6802  2283    0.70196   23 1506    1.10163    0.39964  63.7%   331  147s
  6906  2373    0.72294   25 1653    1.10163    0.39964  63.7%   336  151s
  7044  2454    1.05315   30 1501    1.10163    0.39964  63.7%   341  155s
  7300  2606    1.10000   39 1321    1.10163    0.45738  58.5%   352  163s
  7389  2704    0.61595   18 2290    1.10163    0.45738  58.5%   363  167s
H 7414  2688                       1.0994914    0.45738  58.4%   365  167s
  7489  2809    0.53832   18 2283    1.09949    0.45738  58.4%   369  170s
  7651  2913    0.61630   21 2098    1.09949    0.45738  58.4%   374  175s
  7967  3187    0.78421   25 1917    1.09949    0.45738  58.4%   385  183s
  8124  3339    0.82328   27 1344    1.09949    0.45738  58.4%   390  187s
  8344  3472    0.84742   29 1299    1.09949    0.45738  58.4%   392  191s
  8516  3650    0.85345   29 1460    1.09949    0.45738  58.4%   398  196s
H 8558  3649                       1.0992563    0.45738  58.4%   399  196s
  8745  3848    1.00704   37 1512    1.09926    0.45738  58.4%   400  201s
  8982  4030    0.96482   42 1388    1.09926    0.45738  58.4%   403  211s
H 9036  4030                       1.0992563    0.45738  58.4%   404  211s
  9243  4225    1.01084   49 1553    1.09926    0.45738  58.4%   406  217s
  9458  4567    1.03578   57 1265    1.09926    0.45738  58.4%   411  222s
  9896  4724     cutoff   65         1.09926    0.48529  55.9%   406  229s
 10210  4826    0.68326   21 2397    1.09926    0.48569  55.8%   409  236s
 10347  4988    1.01666   27 1903    1.09926    0.48569  55.8%   418  242s
 10607  5125    0.82622   27 2020    1.09926    0.48569  55.8%   423  249s
 10830  5305    0.91064   34 1938    1.09926    0.48569  55.8%   428  256s
 11097  5483    0.77268   23 1831    1.09926    0.48569  55.8%   433  265s
 11336  5711    0.79525   24 1424    1.09926    0.48569  55.8%   440  272s
 11599  5997    0.91031   31 1214    1.09926    0.48569  55.8%   444  279s
 11941  6278    1.00851   46 1187    1.09926    0.48569  55.8%   445  287s
 12264  6544     cutoff   56         1.09926    0.52984  51.8%   448  296s
 12589  6803    0.69085   24 1366    1.09926    0.52984  51.8%   451  305s
 12967  6984    1.07605   61 1438    1.09926    0.57707  47.5%   454  314s
 13227  7013    0.71054   27 1253    1.09926    0.57707  47.5%   459  336s
H13230  7013                       1.0992563    0.57707  47.5%   459  336s
H13246  6984                       1.0969786    0.57707  47.4%   460  336s
H13266  7010                       1.0923809    0.57707  47.2%   460  348s
H13283  6962                       1.0888548    0.57707  47.0%   460  348s
 13410  7176    0.73788   29 1261    1.08885    0.57762  47.0%   461  358s
 13756  7363    0.66651   19 2037    1.08885    0.58552  46.2%   466  369s
 14040  7512     cutoff   26         1.08885    0.59210  45.6%   474  381s
 14287  7715    0.70717   27 2043    1.08885    0.59210  45.6%   483  392s
H14480  7715                       1.0888548    0.59210  45.6%   487  392s
 14565  7891    0.87883   35 1795    1.08885    0.59496  45.4%   490  405s
 14883  8172    0.88488   28 1776    1.08885    0.59875  45.0%   497  418s
 15261  8372    0.67573   20 1991    1.08885    0.60207  44.7%   502  430s
 15506  8735    0.76335   23 1822    1.08885    0.60207  44.7%   510  443s
H15562  8735                       1.0888548    0.60207  44.7%   511  443s
 15869  9234    0.73676   25 1568    1.08885    0.60207  44.7%   515  457s
 16386  9685    0.93344   42 1373    1.08885    0.60207  44.7%   515  471s
 16942  9983    1.02621   50 1358    1.08885    0.60457  44.5%   515  486s
 17382 10286    0.77358   26 1993    1.08885    0.60457  44.5%   518  502s
 17763 10798    0.81179   29 1709    1.08885    0.60457  44.5%   524  518s
 18379 10814    0.95839   46 1576    1.08885    0.60457  44.5%   523  560s
H18383 10782                       1.0880146    0.60457  44.4%   523  560s
H18384 10743                       1.0866832    0.60457  44.4%   523  560s
 18395 11246    0.95775   46 1715    1.08668    0.60457  44.4%   523  578s
 18989 11519    1.07454   55 1466    1.08668    0.60886  44.0%   524  597s
 19364 11939    0.82770   29 1680    1.08668    0.60886  44.0%   531  616s
 19966 12365 infeasible   54         1.08668    0.60886  44.0%   533  636s
 20598 12742    0.74439   25 2035    1.08668    0.61673  43.2%   535  659s
 21219 13117    0.66811   25 1537    1.08668    0.62120  42.8%   540  687s
 21845 13582    0.81330   23 1756    1.08668    0.62518  42.5%   548  718s
 22591 14131     cutoff   59         1.08668    0.62755  42.3%   556  753s
 23365 14775    0.75167   30 1547    1.08668    0.63182  41.9%   562  790s
 24229 15253    0.89776   42 1390    1.08668    0.63389  41.7%   568  830s
 24947 15744    0.97610   28 1746    1.08668    0.63573  41.5%   575  872s
 25661 16227    1.06851   26 1924    1.08668    0.63868  41.2%   583  918s
 26382 16802    0.67811   22 1913    1.08668    0.64196  40.9%   591  968s
 27170 17445    0.70172   24 1508    1.08668    0.64519  40.6%   599 1017s
 28066 18184 infeasible   30         1.08668    0.64572  40.6%   605 1067s
 29079 18777    0.88938   33 1651    1.08668    0.64988  40.2%   610 1120s
 30001 19491    0.77220   31 1854    1.08668    0.65328  39.9%   616 1175s
 31050 20318    0.90657   39 1424    1.08668    0.65638  39.6%   621 1230s
 32239 20657    0.83009   34 1509    1.08668    0.65829  39.4%   623 1290s
H32302 20657                       1.0866832    0.65829  39.4%   623 1290s
H32343 20654                       1.0865010    0.65829  39.4%   623 1290s
H32412 20599                       1.0851794    0.65829  39.3%   624 1290s
 32737 21380    0.80378   30 1795    1.08518    0.65943  39.2%   627 1350s
 34003 22151    0.73694   28 1475    1.08518    0.66392  38.8%   631 1411s
 35156 22929    0.88488   31 1734    1.08518    0.66624  38.6%   637 1475s
 36372 23720    0.93081   31 1608    1.08518    0.66821  38.4%   644 1542s
 37627 24552    0.88885   26 1449    1.08518    0.67310  38.0%   651 1609s
 38978 25424    0.76124   26 1299    1.08518    0.67505  37.8%   657 1682s
 40381 26604    1.06027   40 1563    1.08518    0.67905  37.4%   662 1756s

Cutting planes:
  Gomory: 506
  Cover: 2
  Implied bound: 10
  MIR: 178
  StrongCG: 3
  Flow cover: 507
  Inf proof: 72
  Zero half: 71
  RLT: 45
  BQP: 24

Explored 41997 nodes (27937969 simplex iterations) in 1800.06 seconds (2816.79 work units)
Thread count was 16 (of 16 available processors)

Solution count 10: 1.08518 1.0865 1.08668 ... 1.09926

Time limit reached
Warning: max constraint violation (1.0834e-03) exceeds tolerance
Warning: max general constraint violation (1.0834e-03) exceeds tolerance
         (model may be infeasible or unbounded - try turning presolve off)
Best objective 1.085179385609e+00, best bound 6.810410556456e-01, gap 37.2416%
