
Gurobi 9.5.0 (linux64) logging started Mon 14 Nov 2022 05:22:05 PM PST

Set parameter LogFile to value "experiments/t_2_theta_0.7/gurobi.1668475324.log"
Set parameter LogToConsole to value 0
Set parameter TimeLimit to value 1800
Set parameter Threads to value 16
Gurobi Optimizer version 9.5.0 build v9.5.0rc5 (linux64)
Thread count: 8 physical cores, 16 logical processors, using up to 16 threads
Optimize a model with 340 rows, 1428 columns and 5305 nonzeros
Model fingerprint: 0xae9b67a4
Model has 3425 quadratic objective terms
Model has 150 quadratic constraints
Model has 2 general constraints
Variable types: 85 continuous, 1343 integer (1343 binary)
Coefficient statistics:
  Matrix range     [1e+00, 1e+01]
  QMatrix range    [1e+00, 1e+00]
  QLMatrix range   [1e+00, 1e+00]
  Objective range  [0e+00, 0e+00]
  QObjective range [5e-05, 3e+01]
  Bounds range     [1e+00, 8e+02]
  RHS range        [1e+00, 1e+02]
Presolve added 57 rows and 1173 columns
Presolve time: 0.07s
Presolved: 4764 rows, 4797 columns, 36202 nonzeros
Variable types: 1286 continuous, 3511 integer (3415 binary)

Root relaxation: objective -2.046363e-12, 5332 iterations, 0.25 seconds (0.25 work units)

    Nodes    |    Current Node    |     Objective Bounds      |     Work
 Expl Unexpl |  Obj  Depth IntInf | Incumbent    BestBd   Gap | It/Node Time

     0     0    0.00000    0 3458          -    0.00000      -     -    0s
     0     0    0.04319    0 3368          -    0.04319      -     -    1s
     0     0    0.04319    0 3368          -    0.04319      -     -    1s
     0     0    0.07005    0 3292          -    0.07005      -     -    1s
     0     0    0.07156    0 3290          -    0.07156      -     -    1s
     0     0    0.07156    0 3290          -    0.07156      -     -    1s
     0     0    0.10196    0 3221          -    0.10196      -     -    2s
     0     0    0.10262    0 3224          -    0.10262      -     -    2s
     0     0    0.13563    0 3187          -    0.13563      -     -    2s
     0     0    0.13633    0 3182          -    0.13633      -     -    2s
H    0     0                       1.8018049    0.13633  92.4%     -    3s
     0     0    0.13975    0 3187    1.80180    0.13975  92.2%     -    3s
     0     0    0.13975    0 3176    1.80180    0.13975  92.2%     -    3s
H    0     0                       1.7429005    0.13991  92.0%     -    4s
     0     2    0.13991    0 3171    1.74290    0.13991  92.0%     -    4s
     3     6 infeasible    2         1.74290    0.19683  88.7%  1535    5s
H   41    54                       1.6899347    0.28340  83.2%   977    7s
H   54    54                       1.6838925    0.28340  83.2%   981    7s
H   89   101                       1.6657005    0.28340  83.0%   763    7s
H   91   101                       1.6501242    0.28340  82.8%   750    7s
H  191   200                       1.6405211    0.28340  82.7%   652   10s
H  193   200                       1.5445618    0.28340  81.7%   655   10s
H  203   200                       1.4276359    0.28340  80.1%   673   10s
H  266   275                       1.2692237    0.28340  77.7%   640   14s
H  276   275                       1.2581823    0.28340  77.5%   632   14s
H  279   275                       1.2533962    0.28340  77.4%   633   14s
   327   363    0.49331   13 2048    1.25340    0.28340  77.4%   591   15s
H 1433  1496                       1.2371840    0.28340  77.1%   255   18s
  2032  1822    0.55287   22  945    1.23718    0.28340  77.1%   212   20s
  2224  1894    0.92192   72 1691    1.23718    0.28340  77.1%   228   25s
H 2225  1800                       1.2369489    0.28340  77.1%   228   26s
H 2230  1712                       1.2256214    0.28340  76.9%   228   28s
H 2234  1630                       1.2253863    0.28340  76.9%   227   29s
H 2234  1548                       1.2250229    0.28340  76.9%   227   29s
  2238  1550    0.53174   18 3077    1.22502    0.28340  76.9%   227   30s
H 2241  1474                       1.2169473    0.28340  76.7%   227   31s
  2257  1502    0.42673   18 2540    1.21695    0.28340  76.7%   245   35s
H 2274  1436                       1.2147407    0.28340  76.7%   253   36s
H 2286  1362                       1.2146618    0.28340  76.7%   265   36s
H 2287  1295                       1.2134557    0.28340  76.6%   265   36s
  2321  1330    0.50242   20 2423    1.21346    0.28340  76.6%   289   41s
H 2323  1265                       1.2078076    0.28340  76.5%   290   41s
H 2324  1205                       1.2068525    0.28340  76.5%   290   41s
H 2326  1147                       1.2041992    0.28340  76.5%   291   41s
H 2377  1132                       1.2041992    0.28340  76.5%   309   46s
H 2380  1079                       1.2015459    0.28340  76.4%   311   46s
H 2381  1030                       1.2015053    0.28340  76.4%   311   46s
H 2382   983                       1.1993922    0.28340  76.4%   312   46s
H 2387   937                       1.1993515    0.28340  76.4%   313   46s
  2522  1050    0.67369   26 2418    1.19935    0.28340  76.4%   336   50s
  2814  1166    0.81180   31 2167    1.19935    0.28340  76.4%   365   55s
  3079  1321    0.97935   38 2070    1.19935    0.28340  76.4%   396   60s
  3193  1362    1.02018   41 2051    1.19935    0.28340  76.4%   406   65s
  3421  1522    1.14242   48 1714    1.19935    0.28340  76.4%   420   70s
  3797  1723    0.32563   20 2349    1.19935    0.28340  76.4%   428   75s
  4145  1857    0.55318   25 2358    1.19935    0.28340  76.4%   446   81s
  4305  1948    0.72443   33 2324    1.19935    0.28340  76.4%   459   85s
  4614  2106    1.09388   48 1617    1.19935    0.28340  76.4%   472   91s
  4931  2297    0.74169   24 1934    1.19935    0.28340  76.4%   490   96s
  5210  2519    1.10751   39 1638    1.19935    0.28340  76.4%   495  101s
  5503  2757    1.03889   38 1639    1.19935    0.28340  76.4%   501  105s
  5817  2963    1.19079   48 1627    1.19935    0.33019  72.5%   507  110s
  6126  3242    0.52679   23 2223    1.19935    0.33019  72.5%   514  115s
H 6367  3310                       1.1993515    0.33019  72.5%   517  119s
  6403  3477    0.87413   34 1757    1.19935    0.33019  72.5%   518  121s
  6585  3518     cutoff   51         1.19935    0.33019  72.5%   522  131s
H 6587  3518                       1.1993515    0.33019  72.5%   522  131s
H 6600  3506                       1.1965869    0.33019  72.4%   522  131s
  6871  3835    0.52426   22 2197    1.19659    0.34739  71.0%   524  143s
  7103  4015    0.73997   26 2000    1.19659    0.34739  71.0%   525  146s
  7332  4170    1.16178   40 2003    1.19659    0.42235  64.7%   527  150s
  7693  4430    0.69732   30 2243    1.19659    0.43047  64.0%   531  158s
  7903  4626    0.87834   41 1824    1.19659    0.43319  63.8%   536  162s
  8146  4831    0.54293   26 2169    1.19659    0.44827  62.5%   542  166s
  8373  5063    0.74923   34 2128    1.19659    0.45913  61.6%   546  171s
  8666  5285    0.56750   25 2390    1.19659    0.46137  61.4%   548  176s
H 8775  5285                       1.1965869    0.46137  61.4%   550  176s
  8918  5471    0.97341   34 2338    1.19659    0.46548  61.1%   552  181s
  9224  5720    0.63420   27 1920    1.19659    0.46548  61.1%   555  186s
  9518  5968    0.90547   37 1886    1.19659    0.46548  61.1%   558  192s
  9816  6252     cutoff   47         1.19659    0.46761  60.9%   562  198s
 10255  6482    0.80642   34 2193    1.19659    0.46899  60.8%   559  203s
 10722  6787    1.08110   47 1697    1.19659    0.47015  60.7%   555  209s
 11166  7060    0.72516   30 2016    1.19659    0.47273  60.5%   553  215s
 11515  7280    1.13246   45 1687    1.19659    0.47396  60.4%   554  221s
 11855  7472    0.84528   29 1969    1.19659    0.47688  60.1%   557  228s
 12229  7527    1.18779   46 1595    1.19659    0.48055  59.8%   559  235s
 12308  7850    0.66860   30 1846    1.19659    0.48055  59.8%   560  243s
 12648  8227     cutoff   53         1.19659    0.48495  59.5%   566  250s
 13063  8583    1.04723   41 2115    1.19659    0.48608  59.4%   570  258s
 13577  8916    0.87233   35 1814    1.19659    0.48834  59.2%   570  265s
 14071  9250    0.85846   35 1969    1.19659    0.49205  58.9%   569  273s
 14564  9590    1.02662   37 1759    1.19659    0.49551  58.6%   570  281s
 15025  9890    0.87176   29 1872    1.19659    0.49820  58.4%   572  290s
 15489 10238    0.64886   26 2250    1.19659    0.49932  58.3%   572  299s
 15989 10550    1.17720   48 1676    1.19659    0.50307  58.0%   574  309s
 16470 10905     cutoff   49         1.19659    0.50611  57.7%   577  318s
 16990 11261    1.14124   53 1614    1.19659    0.51088  57.3%   580  329s
 17509 11651    0.68772   27 2183    1.19659    0.51088  57.3%   584  340s
 18026 11964    0.99661   32 2158    1.19659    0.51088  57.3%   591  351s
 18587 12369    1.14576   38 2258    1.19659    0.51338  57.1%   593  363s
 19132 12747    0.87650   32 1772    1.19659    0.51601  56.9%   598  375s
 19662 13120    1.12996   39 1928    1.19659    0.51734  56.8%   605  388s
 20366 13404     cutoff   44         1.19659    0.51963  56.6%   606  401s
 21073 13824    1.18200   60 1310    1.19659    0.52059  56.5%   609  415s
 21777 14433    0.79607   30 2142    1.19659    0.52383  56.2%   612  431s
 22664 14935    1.15472   53 1510    1.19659    0.52593  56.0%   612  447s
 23292 15817 infeasible   50         1.19659    0.52636  56.0%   615  464s
 24396 16651     cutoff   47         1.19659    0.52813  55.9%   614  481s
 25549 17244    1.14477   48 1496    1.19659    0.52969  55.7%   612  497s
 26467 17815    0.81334   34 2044    1.19659    0.53210  55.5%   613  514s
 27351 18442    0.62789   23 1897    1.19659    0.53360  55.4%   614  532s
 28279 19337     cutoff   36         1.19659    0.53438  55.3%   617  551s
 29426 20125    0.99094   45 1813    1.19659    0.53527  55.3%   617  570s
 30679 20949    1.17828   38 1741    1.19659    0.53737  55.1%   616  590s
 31833 21951    0.96951   40 1800    1.19659    0.54155  54.7%   616  611s
 33088 22683    0.81938   34 1852    1.19659    0.54166  54.7%   616  633s
 34175 23471    0.68156   30 1723    1.19659    0.54356  54.6%   621  657s
 35371 24401    1.18285   43 1711    1.19659    0.54538  54.4%   626  682s
 36667 25529    0.96848   37 1961    1.19659    0.54713  54.3%   627  706s
 38156 26345    0.77989   31 1890    1.19659    0.54927  54.1%   627  732s
 39465 27009    0.66898   28 1967    1.19659    0.55201  53.9%   628  760s
H39467 27009                       1.1965868    0.55201  53.9%   628  760s
H40101 27002                       1.1961838    0.55259  53.8%   629  760s
 40730 27019    0.81340   33 2126    1.19618    0.55285  53.8%   631  809s
H40732 27003                       1.1955303    0.55285  53.8%   631  809s
 40753 27888    0.78070   32 2108    1.19553    0.55304  53.7%   631  839s
 42147 27889    1.01982   38 1684    1.19553    0.55422  53.6%   634  940s
 42153 27893    1.17659   71 3006    1.19553    0.55422  53.6%   634  946s
 42157 27896    0.99222   44 3012    1.19553    0.55422  53.6%   634  951s
H42157 26501                       1.1955296    0.55422  53.6%   634  952s
H42158 25175                       1.1955296    0.55422  53.6%   634  952s
 42160 25177    1.17869   54 2957    1.19553    0.55422  53.6%   634  955s
 42163 25179    0.70621   29 2982    1.19553    0.55422  53.6%   634  960s
 42167 25181    0.68729   29 2992    1.19553    0.55422  53.6%   634  966s
 42170 25183    1.13638   48 3010    1.19553    0.55422  53.6%   634  970s
 42173 25185    0.79631   36 3035    1.19553    0.55422  53.6%   634  975s
 42176 25187    1.03888   47 3012    1.19553    0.55422  53.6%   634  980s
H42177 23928                       1.1955296    0.55422  53.6%   634  984s
 42179 23929    1.12054   40 2986    1.19553    0.55422  53.6%   634  987s
 42181 23931    1.09214   49 3007    1.19553    0.55422  53.6%   634  990s
 42185 23933    0.98352   36 3031    1.19553    0.55422  53.6%   634  995s
 42188 23935    0.66641   31 3028    1.19553    0.55422  53.6%   633 1000s
 42191 23937    0.77279   37 3016    1.19553    0.55422  53.6%   633 1006s
 42194 23939    1.08343   44 3040    1.19553    0.55422  53.6%   633 1010s
 42197 23941    0.79130   35 3037    1.19553    0.55422  53.6%   633 1015s
 42201 23944    1.03906   46 3019    1.19553    0.55422  53.6%   633 1020s
 42204 23946    1.15294   42 3014    1.19553    0.55422  53.6%   633 1025s
 42207 23948    1.10134   44 3026    1.19553    0.55422  53.6%   633 1030s
 42211 23951    0.69816   31 3066    1.19553    0.55422  53.6%   633 1036s
 42215 23953    0.88110   32 3050    1.19553    0.55422  53.6%   633 1041s
 42218 23955    0.71091   33 3043    1.19553    0.55422  53.6%   633 1045s
 42221 23957    1.14859   48 3042    1.19553    0.55422  53.6%   633 1050s
 42225 23960    1.07618   38 3013    1.19553    0.55422  53.6%   633 1057s
 42227 23961    0.56421   27 3009    1.19553    0.55422  53.6%   633 1061s
 42229 23963    1.02403   40 3005    1.19553    0.55422  53.6%   633 1066s
 42232 23965    0.58059   28 3020    1.19553    0.55422  53.6%   633 1070s
 42235 23967    1.09055   46 3019    1.19553    0.55422  53.6%   633 1076s
 42238 23969    0.88255   39 3008    1.19553    0.55422  53.6%   633 1081s
 42241 23971    0.76431   32 3037    1.19553    0.55422  53.6%   633 1087s
 42243 23972    1.11704   55 3044    1.19553    0.55422  53.6%   633 1091s
 42246 23974    0.95812   35 3026    1.19553    0.55422  53.6%   633 1096s
 42248 23975    0.67518   28 3009    1.19553    0.55422  53.6%   633 1100s
 42251 23977    0.90873   37 3018    1.19553    0.55422  53.6%   633 1106s
 42253 23979    1.17659   71 3031    1.19553    0.55422  53.6%   633 1110s
 42257 23981    0.99222   44 3036    1.19553    0.55422  53.6%   632 1116s
 42259 23983    0.91033   36 3015    1.19553    0.55422  53.6%   632 1120s
 42262 23985    1.06187   65 2998    1.19553    0.55422  53.6%   632 1125s
 42264 23986    1.06241   47 2999    1.19553    0.55422  53.6%   632 1130s
 42267 23988    0.68729   29 3002    1.19553    0.55422  53.6%   632 1135s
 42271 23991    0.90505   30 3006    1.19553    0.55422  53.6%   632 1141s
 42274 23993    0.77286   32 2992    1.19553    0.55422  53.6%   632 1145s
 42278 23995    0.62597   28 2987    1.19553    0.55422  53.6%   632 1150s
 42281 23997    1.09214   49 2983    1.19553    0.55422  53.6%   632 1155s
 42286 24001    0.60764   28 2986    1.19553    0.55422  53.6%   632 1160s
 42290 24003    1.16683   54 2992    1.19553    0.55422  53.6%   632 1165s
 42294 24006    1.08343   44 2995    1.19553    0.55422  53.6%   632 1170s
 42298 24009    0.59867   28 2997    1.19553    0.55422  53.6%   632 1175s
 42303 24012    0.92488   40 3000    1.19553    0.55422  53.6%   632 1181s
 42307 24015    1.10134   44 3001    1.19553    0.55422  53.6%   632 1185s
 42310 24017    0.97895   42 2998    1.19553    0.55422  53.6%   632 1191s
 42313 24019    0.58962   27 2999    1.19553    0.55422  53.6%   632 1195s
 42319 24023    0.58127   26 3008    1.19553    0.55422  53.6%   632 1201s
 42321 24024    1.14859   48 3007    1.19553    0.55422  53.6%   632 1205s
 42325 24027    1.07618   38 3001    1.19553    0.55422  53.6%   631 1210s
 42330 24030    0.94827   35 3005    1.19553    0.55422  53.6%   631 1215s
 42334 24033    0.95430   40 2996    1.19553    0.55422  53.6%   631 1220s
 42338 24035    0.88255   39 3001    1.19553    0.55422  53.6%   631 1226s
 42341 24037    0.76431   32 3002    1.19553    0.55422  53.6%   631 1230s
 42346 24041    0.95812   35 3006    1.19553    0.55422  53.6%   631 1236s
 42348 24042    0.67518   28 3004    1.19553    0.55422  53.6%   631 1247s
 42349 24046    0.55422   29 2861    1.19553    0.55422  53.6%   637 1255s
 42351 24049    0.55422   30 2786    1.19553    0.55422  53.6%   638 1262s
 42355 24054 infeasible   31         1.19553    0.55422  53.6%   638 1269s
 42363 24065    0.55422   32 2520    1.19553    0.55422  53.6%   639 1274s
 42377 24076    0.55422   33 2525    1.19553    0.55422  53.6%   640 1285s
 42393 24085    0.55422   34 2230    1.19553    0.55422  53.6%   642 1292s
 42409 24096    0.56871   35 2215    1.19553    0.55422  53.6%   643 1297s
 42425 24106    0.63649   36 2204    1.19553    0.55422  53.6%   644 1302s
 42441 24118    0.65663   37 2224    1.19553    0.55422  53.6%   645 1306s
 42458 24134    0.67171   38 2201    1.19553    0.55422  53.6%   646 1312s
 42480 24147    0.69382   39 2105    1.19553    0.55422  53.6%   647 1316s
 42500 24160    0.75077   41 2096    1.19553    0.55422  53.6%   647 1320s
 42546 24198    0.83190   45 1982    1.19553    0.55422  53.6%   649 1327s
 42573 24215    0.89850   48 1971    1.19553    0.55422  53.6%   649 1331s
 42599 24239    0.94946   50 2080    1.19553    0.55422  53.6%   650 1335s
 42669 24282    1.10785   55 1756    1.19553    0.55422  53.6%   651 1344s
 42705 24301    1.19467   60 1717    1.19553    0.55422  53.6%   652 1349s
 42745 24322     cutoff   60         1.19553    0.55422  53.6%   653 1353s
 42787 24335    0.82644   39 2453    1.19553    0.55422  53.6%   654 1357s
 42832 24331    0.87899   40 2336    1.19553    0.55422  53.6%   654 1385s
H42834 23125                       1.1919960    0.55422  53.5%   654 1385s
H42843 21977                       1.1919960    0.55422  53.5%   655 1385s
 42850 22014    0.89617   41 2447    1.19200    0.55422  53.5%   655 1391s
 42893 22022    0.94298   43 2421    1.19200    0.55422  53.5%   656 1396s
 42941 22021    1.00117   45 2445    1.19200    0.55422  53.5%   657 1403s
 42984 22042    1.07238   47 2353    1.19200    0.55422  53.5%   658 1409s
 43025 22054     cutoff   52         1.19200    0.55422  53.5%   659 1416s
 43063 22072     cutoff   50         1.19200    0.55422  53.5%   661 1423s
 43101 22096    0.57127   35 2259    1.19200    0.55422  53.5%   662 1431s
 43142 22123    0.59907   36 2251    1.19200    0.55422  53.5%   663 1438s
 43187 22143    0.56479   35 2283    1.19200    0.55422  53.5%   665 1445s
 43228 22169    0.57579   36 2217    1.19200    0.55422  53.5%   666 1453s
 43271 22203    0.76077   39 2112    1.19200    0.55422  53.5%   668 1461s
 43330 22235    0.80605   40 2003    1.19200    0.55422  53.5%   669 1470s
 43389 22271    0.82945   41 2032    1.19200    0.55422  53.5%   671 1479s
 43455 22287    0.89719   43 2025    1.19200    0.55422  53.5%   672 1488s
 43497 22343    0.91600   44 2014    1.19200    0.55422  53.5%   673 1497s
 43573 22394    1.00329   46 1999    1.19200    0.55422  53.5%   674 1507s
 43652 22434    1.04483   47 2025    1.19200    0.55422  53.5%   676 1516s
 43743 22455    1.06279   48 2029    1.19200    0.55422  53.5%   677 1525s
 43826 22490    1.10669   50 1640    1.19200    0.55422  53.5%   679 1535s
 43917 22534    1.16821   54 1850    1.19200    0.55422  53.5%   681 1546s
 44001 22575    1.18195   55 1794    1.19200    0.55422  53.5%   683 1557s
 44090 22613    0.55422   35 2169    1.19200    0.55422  53.5%   685 1568s
 44179 22647    0.57671   37 2229    1.19200    0.55422  53.5%   687 1580s
 44276 22680    0.63910   39 2209    1.19200    0.55422  53.5%   688 1592s
 44354 22745    0.67600   41 2140    1.19200    0.55422  53.5%   691 1604s
 44466 22819    0.76866   44 2278    1.19200    0.55422  53.5%   693 1618s
 44578 22904    0.80443   47 2068    1.19200    0.55422  53.5%   695 1632s
 44723 22950    0.84720   50 2288    1.19200    0.55422  53.5%   697 1646s
 44849 23028    0.87579   52 2220    1.19200    0.55422  53.5%   699 1660s
 45001 23033    0.94682   55 1877    1.19200    0.55422  53.5%   701 1674s
 45091 23096    0.97546   56 2123    1.19200    0.55422  53.5%   701 1696s
 45244 23155     cutoff   59         1.19200    0.55422  53.5%   704 1712s
 45362 23228    1.04570   62 1937    1.19200    0.55422  53.5%   706 1730s
 45514 23328    1.11520   68 1884    1.19200    0.55422  53.5%   709 1748s
 45702 23357    1.14206   73 1529    1.19200    0.55422  53.5%   711 1765s
 45915 23368 infeasible   37         1.19200    0.55422  53.5%   713 1786s
 46052 23398    0.63768   40 2343    1.19200    0.55422  53.5%   716 1800s

Cutting planes:
  Gomory: 959
  MIR: 70
  Flow cover: 153
  RLT: 24

Explored 46149 nodes (33133174 simplex iterations) in 1800.02 seconds (2628.63 work units)
Thread count was 16 (of 16 available processors)

Solution count 10: 1.192 1.192 1.19553 ... 1.19939

Time limit reached
Warning: max constraint violation (2.1665e-04) exceeds tolerance
Warning: max general constraint violation (2.1665e-04) exceeds tolerance
Best objective 1.191996038715e+00, best bound 5.542150786399e-01, gap 53.5053%
