
Gurobi 9.5.0 (linux64) logging started Tue 15 Nov 2022 08:22:21 AM PST

Set parameter LogFile to value "experiments/t_3_theta_0.1/gurobi.1668529340.log"
Set parameter LogToConsole to value 0
Set parameter TimeLimit to value 1800
Set parameter Threads to value 16
Gurobi Optimizer version 9.5.0 build v9.5.0rc5 (linux64)
Thread count: 8 physical cores, 16 logical processors, using up to 16 threads
Optimize a model with 341 rows, 1458 columns and 5334 nonzeros
Model fingerprint: 0x1578e407
Model has 3450 quadratic objective terms
Model has 225 quadratic constraints
Model has 3 general constraints
Variable types: 90 continuous, 1368 integer (1368 binary)
Coefficient statistics:
  Matrix range     [1e+00, 1e+01]
  QMatrix range    [1e+00, 1e+00]
  QLMatrix range   [1e+00, 1e+00]
  Objective range  [0e+00, 0e+00]
  QObjective range [8e-06, 5e+00]
  Bounds range     [1e+00, 8e+02]
  RHS range        [1e+00, 1e+02]
Presolve added 35 rows and 1307 columns
Presolve time: 0.04s
Presolved: 4999 rows, 5114 columns, 37576 nonzeros
Variable types: 1473 continuous, 3641 integer (3486 binary)

Root relaxation: objective -1.314504e-13, 5226 iterations, 0.26 seconds (0.26 work units)

    Nodes    |    Current Node    |     Objective Bounds      |     Work
 Expl Unexpl |  Obj  Depth IntInf | Incumbent    BestBd   Gap | It/Node Time

     0     0   -0.00000    0 3486          -   -0.00000      -     -    0s
     0     0    0.00509    0 3435          -    0.00509      -     -    1s
     0     0    0.03888    0 3052          -    0.03888      -     -    1s
     0     0    0.03907    0 3060          -    0.03907      -     -    1s
H    0     0                       1.5891835    0.03907  97.5%     -    3s
H    0     0                       1.5797570    0.03907  97.5%     -    3s
     0     0    0.04086    0 3018    1.57976    0.04086  97.4%     -    3s
     0     0    0.04094    0 3014    1.57976    0.04094  97.4%     -    3s
     0     0    0.04259    0 3008    1.57976    0.04259  97.3%     -    3s
     0     0    0.04259    0 2997    1.57976    0.04259  97.3%     -    3s
     0     2    0.04264    0 2996    1.57976    0.04264  97.3%     -    4s
    13    24    0.04706    4 2897    1.57976    0.04467  97.2%   732    5s
H   95    90                       1.4925606    0.04496  97.0%   910    8s
H  106   112                       1.4880860    0.04496  97.0%   880    9s
H  151   151                       1.3310455    0.04496  96.6%   813   17s
H  167   166                       1.3183119    0.04496  96.6%   812   21s
H  170   166                       1.3109717    0.04496  96.6%   808   21s
H  175   166                       1.2789805    0.04496  96.5%   821   21s
   359   391    0.10013   13 1849    1.27898    0.04496  96.5%   680   25s
H  494   483                       1.2631504    0.04496  96.4%   571   29s
   586   656    0.18838   15 1462    1.26315    0.04496  96.4%   522   30s
H 1621  1595                       1.2539930    0.04496  96.4%   251   32s
  2597  2433    0.57851   42 1171    1.25399    0.04496  96.4%   182   35s
H 2695  2447                       1.2481740    0.04496  96.4%   184   36s
H 2703  2447                       1.2479314    0.04496  96.4%   186   36s
H 2705  2447                       1.2468371    0.04496  96.4%   186   36s
H 2706  2447                       1.2466935    0.04496  96.4%   187   36s
H 2894  2565                       1.2456548    0.04496  96.4%   203   47s
H 2896  2438                       1.2454540    0.04496  96.4%   203   48s
H 2896  2316                       1.2452023    0.04496  96.4%   203   49s
  2899  2318    1.01191  150 2984    1.24520    0.04496  96.4%   203   50s
H 2905  2206                       1.2449851    0.06239  95.0%   202   53s
H 2906  2095                       1.2222978    0.06637  94.6%   202   54s
H 2907  1991                       1.1864401    0.06662  94.4%   202   55s
H 2907  1892                       1.1861324    0.06662  94.4%   202   55s
H 2907  1797                       1.1795132    0.06662  94.4%   202   55s
H 2907  1707                       1.1793946    0.06662  94.4%   202   55s
H 2907  1621                       1.1790576    0.06873  94.2%   202   55s
H 2911  1543                       1.1780346    0.06994  94.1%   202   57s
H 2913  1466                       1.1778564    0.08691  92.6%   202   60s
H 2915  1393                       1.1752060    0.09998  91.5%   201   64s
  2917  1395    0.73956   91 2891    1.17521    0.11172  90.5%   201   66s
  2920  1397    0.39391   57 2911    1.17521    0.12609  89.3%   201   71s
  2922  1398    0.18039   28 2835    1.17521    0.12957  89.0%   201   75s
  2927  1401    0.58929   55 2942    1.17521    0.13211  88.8%   201   81s
  2930  1403    0.70314  122 2970    1.17521    0.13761  88.3%   200   86s
  2933  1405    0.92872  120 2844    1.17521    0.14300  87.8%   200   90s
  2936  1407    0.83986  134 2937    1.17521    0.15573  86.7%   200   95s
  2939  1409    0.41157   32 2918    1.17521    0.16791  85.7%   200  100s
  2944  1413    0.72232  140 2749    1.17521    0.18519  84.2%   199  106s
  2948  1415    0.57248   78 2854    1.17521    0.20257  82.8%   199  110s
H 2950  1346                       1.1745306    0.20681  82.4%   199  113s
  2953  1348    0.21408   14 2970    1.17453    0.21408  81.8%   199  115s
H 2953  1279                       1.1745143    0.21632  81.6%   199  116s
  2958  1282    0.85870  123 2918    1.17451    0.21893  81.4%   199  120s
  2962  1285    0.98160  169 2876    1.17451    0.23862  79.7%   198  126s
  2965  1287    0.28413   23 2959    1.17451    0.25506  78.3%   198  133s
  2966  1287    0.25765   23 2922    1.17451    0.25765  78.1%   198  135s
  2970  1290    0.44747   59 2987    1.17451    0.25986  77.9%   198  140s
  2976  1294    0.42152   29 3048    1.17451    0.26165  77.7%   197  145s
  2980  1297    0.30467   23 2995    1.17451    0.26274  77.6%   197  150s
  2986  1301    0.79217   46 3061    1.17451    0.26341  77.6%   197  155s
  2991  1304    0.81995   38 3050    1.17451    0.26348  77.6%   196  160s
H 2995  1240                       1.1745143    0.26354  77.6%   196  164s
  2997  1241    0.80123  111 3068    1.17451    0.26356  77.6%   196  165s
H 3004  1184                       1.1745143    0.26357  77.6%   284  170s
H 3007  1127                       1.1745143    0.26357  77.6%   283  174s
H 3007  1070                       1.1745143    0.26357  77.6%   283  174s
  3009  1071    0.70184  118 2973    1.17451    0.26357  77.6%   283  176s
H 3011  1019                       1.1745143    0.26357  77.6%   283  180s
  3016  1022    0.39515   40 2980    1.17451    0.26772  77.2%   282  185s
  3020  1025    0.39391   57 3006    1.17451    0.27020  77.0%   282  191s
  3023  1027    1.01240  159 3035    1.17451    0.27089  76.9%   282  195s
H 3024   976                       1.1745143    0.27098  76.9%   282  197s
  3028   979    0.80915  101 3031    1.17451    0.27116  76.9%   281  200s
  3033   982    0.92872  120 3036    1.17451    0.27134  76.9%   281  205s
  3037   985    0.36263   47 3008    1.17451    0.27150  76.9%   280  210s
  3042   988    0.89941  108 2997    1.17451    0.27151  76.9%   280  215s
  3043   992    0.30856   26 2980    1.17451    0.27151  76.9%   316  220s
  3045   995    0.31231   27 2972    1.17451    0.29610  74.8%   322  226s
  3049  1002    0.32227   28 2787    1.17451    0.29957  74.5%   332  232s
  3057  1015    0.33479   29 2603    1.17451    0.31315  73.3%   348  243s
H 3073   975                       1.1745143    0.32277  72.5%   393  249s
  3089   986    0.37493   30 2637    1.17451    0.32277  72.5%   420  255s
  3121  1003    0.36289   31 2447    1.17451    0.32277  72.5%   449  269s
H 3124   955                       1.1745143    0.32277  72.5%   451  269s
  3137   969    0.36953   32 2448    1.17451    0.32277  72.5%   462  274s
  3155   981    0.36300   32 2493    1.17451    0.32277  72.5%   478  280s
  3174   992 infeasible   33         1.17451    0.32277  72.5%   503  294s
H 3175   947                       1.1744082    0.32277  72.5%   503  294s
H 3181   902                       1.1744082    0.32277  72.5%   507  294s
  3194   922    0.38935   34 2314    1.17441    0.32277  72.5%   516  298s
  3218   946    0.39213   35 2137    1.17441    0.32277  72.5%   529  302s
  3250   964    0.39077   35 1936    1.17441    0.32277  72.5%   541  307s
  3279   986    0.39310   36 1945    1.17441    0.32277  72.5%   556  310s
  3347  1038    0.43314   39 2028    1.17441    0.32277  72.5%   580  319s
  3385  1066    0.43321   40 2267    1.17441    0.32277  72.5%   596  323s
  3426  1099    0.41984   41 1984    1.17441    0.32277  72.5%   607  326s
  3477  1142    0.45832   42 2034    1.17441    0.32277  72.5%   616  330s
  3605  1225    0.46974   43 2112    1.17441    0.32277  72.5%   627  336s
  3744  1281    0.57328   45 2058    1.17441    0.32277  72.5%   631  342s
  3809  1286    0.55286   46 1976    1.17441    0.32277  72.5%   639  345s
  3865  1296    0.63330   47 1911    1.17441    0.32277  72.5%   648  351s
  3912  1315    0.58466   48 1946    1.17441    0.32277  72.5%   661  356s
  3962  1340    0.54561   49 1859    1.17441    0.32277  72.5%   672  360s
  4007  1360    0.56865   51 1820    1.17441    0.32277  72.5%   683  367s
  4050  1397    0.56897   52 1818    1.17441    0.32277  72.5%   694  372s
  4116  1427    0.58495   53 1710    1.17441    0.32277  72.5%   703  380s
  4205  1465    0.81294   60 1565    1.17441    0.32277  72.5%   712  385s
  4283  1506    0.90682   64 1586    1.17441    0.32277  72.5%   720  390s
  4377  1513    0.99793   68 1544    1.17441    0.32277  72.5%   726  399s
  4452  1526    1.11280   70 1518    1.17441    0.32277  72.5%   741  410s
  4506  1552    0.98659   69 1540    1.17441    0.32277  72.5%   757  419s
  4583  1555     cutoff   73         1.17441    0.32277  72.5%   770  429s
  4653  1551    1.16085   74 1276    1.17441    0.32277  72.5%   786  441s
H 4673  1504                       1.1744082    0.32277  72.5%   793  441s
  4685  1540    1.08421   72 1390    1.17441    0.32277  72.5%   798  450s
  4744  1557     cutoff   75         1.17441    0.32277  72.5%   816  463s
  4822  1567     cutoff   75         1.17441    0.32970  71.9%   832  475s
  4873  1600    0.54898   31 2478    1.17441    0.32970  71.9%   853  485s
  4923  1613    0.38223   31 2509    1.17441    0.32970  71.9%   870  542s
  4955  1699    0.44314   33 2371    1.17441    0.32970  71.9%   879  551s
  5056  1734    0.47353   34 2372    1.17441    0.32970  71.9%   890  563s
  5180  1742    0.41651   33 2374    1.17441    0.32970  71.9%   901  573s
  5264  1773    0.44776   34 2359    1.17441    0.32970  71.9%   915  587s
  5372  1772    0.49228   37 2013    1.17441    0.32970  71.9%   929  604s
  5401  1835    0.49625   36 2282    1.17441    0.32970  71.9%   934  617s
  5481  1923    0.71083   38 2478    1.17441    0.32970  71.9%   953  631s
  5594  2015    0.75678   39 2350    1.17441    0.32970  71.9%   964  646s
  5714  2166    0.82424   42 2009    1.17441    0.32970  71.9%   977  657s
  5902  2309    0.83916   44 2028    1.17441    0.32970  71.9%   976  671s
  6131  2456    1.12367   48 2455    1.17441    0.32970  71.9%   971  687s
  6308  2587    1.04802   48 2494    1.17441    0.33891  71.1%   974  706s
  6500  2715    0.64774   31 2895    1.17441    0.34810  70.4%   979  721s
  6677  2791    1.03467   33 2861    1.17441    0.34810  70.4%   983  741s
  6854  2857     cutoff   37         1.17441    0.34810  70.4%   991  760s
  6956  2946    1.16173   38 2613    1.17441    0.35076  70.1%  1006  780s
  7086  3041    0.37563   32 2551    1.17441    0.36415  69.0%  1019  800s
  7218  3062    0.38094   33 2553    1.17441    0.36415  69.0%  1031  830s
  7253  3138    0.42870   34 2398    1.17441    0.36415  69.0%  1036  854s
  7389  3208    0.61928   36 2247    1.17441    0.36415  69.0%  1051  882s
  7488  3320    0.51604   38 2405    1.17441    0.36415  69.0%  1067  904s
  7689  3423    0.62289   42 2038    1.17441    0.36415  69.0%  1073  927s
  7827  3572    0.79674   45 1977    1.17441    0.36415  69.0%  1089  951s
  8018  3668    0.86258   51 2163    1.17441    0.36415  69.0%  1098  975s
  8181  3786     cutoff   55         1.17441    0.37532  68.0%  1105 1004s
  8400  3934    0.49344   35 2196    1.17441    0.37532  68.0%  1113 1030s
  8580  4088    1.06449   45 2198    1.17441    0.37820  67.8%  1122 1059s
  8831  4213    0.43877   33 2545    1.17441    0.38094  67.6%  1128 1090s
  9033  4375    0.71279   39 2169    1.17441    0.38094  67.6%  1139 1124s
  9248  4466    1.02622   49 2057    1.17441    0.38234  67.4%  1152 1156s
  9465  4557 infeasible   39         1.17441    0.38597  67.1%  1163 1189s
  9625  4669    1.04656   50 2042    1.17441    0.38620  67.1%  1171 1224s
  9860  4773    0.43696   35 2575    1.17441    0.38811  67.0%  1182 1264s
 10025  4885    0.53773   38 2250    1.17441    0.38811  67.0%  1197 1306s
 10226  5015    0.92667   45 2124    1.17441    0.39187  66.6%  1213 1351s
 10428  5172    0.63860   36 2488    1.17441    0.39187  66.6%  1233 1391s
 10606  5340    1.16600   50 2108    1.17441    0.39215  66.6%  1251 1432s
 10873  5461    0.46679   36 2607    1.17441    0.39215  66.6%  1260 1475s
 11080  5596    0.81663   45 2351    1.17441    0.39215  66.6%  1277 1520s
 11332  5726    1.12210   58 2123    1.17441    0.39662  66.2%  1289 1567s
 11532  5916    0.71001   44 1865    1.17441    0.39673  66.2%  1307 1612s
 11836  6012    0.44848   37 2429    1.17441    0.39938  66.0%  1316 1672s
 11983  6175    0.69417   44 1836    1.17441    0.39938  66.0%  1329 1722s
 12270  6263    1.14614   56 1939    1.17441    0.40063  65.9%  1339 1772s
H12282  6263                       1.1743702    0.40063  65.9%  1341 1772s
 12420  6335    0.55451   40 2098    1.17437    0.40063  65.9%  1350 1800s

Cutting planes:
  Gomory: 1015
  Implied bound: 5
  MIR: 227
  StrongCG: 5
  Flow cover: 444
  Inf proof: 1
  Zero half: 31
  RLT: 48
  Relax-and-lift: 7
  BQP: 2

Explored 12550 nodes (17045519 simplex iterations) in 1800.02 seconds (2609.41 work units)
Thread count was 16 (of 16 available processors)

Solution count 10: 1.17437 1.17441 1.17441 ... 1.17786

Time limit reached
Warning: max constraint violation (3.6534e-04) exceeds tolerance
Warning: max general constraint violation (3.6534e-04) exceeds tolerance
Best objective 1.174370156761e+00, best bound 4.006295983180e-01, gap 65.8856%
