
Gurobi 9.5.0 (linux64) logging started Wed 16 Nov 2022 01:59:37 PM PST

Set parameter LogFile to value "experiments/t_1_theta_0.25/gurobi.1668635976.log"
Set parameter LogToConsole to value 0
Set parameter TimeLimit to value 1800
Set parameter Threads to value 16
Gurobi Optimizer version 9.5.0 build v9.5.0rc5 (linux64)
Thread count: 8 physical cores, 16 logical processors, using up to 16 threads
Optimize a model with 339 rows, 1398 columns and 5276 nonzeros
Model fingerprint: 0xa2676f83
Model has 3400 quadratic objective terms
Model has 75 quadratic constraints
Model has 1 general constraint
Variable types: 80 continuous, 1318 integer (1318 binary)
Coefficient statistics:
  Matrix range     [1e+00, 1e+01]
  QMatrix range    [1e+00, 1e+00]
  QLMatrix range   [1e+00, 1e+00]
  Objective range  [0e+00, 0e+00]
  QObjective range [2e-05, 1e+01]
  Bounds range     [1e+00, 8e+02]
  RHS range        [1e+00, 1e+02]
Presolve added 0 rows and 1025 columns
Presolve removed 26 rows and 0 columns
Presolve time: 0.02s
Presolved: 2395 rows, 4505 columns, 12202 nonzeros
Presolved model has 1 SOS constraint(s)
Variable types: 1105 continuous, 3400 integer (3375 binary)

Root relaxation: objective 6.904816e-01, 1622 iterations, 0.06 seconds (0.09 work units)

    Nodes    |    Current Node    |     Objective Bounds      |     Work
 Expl Unexpl |  Obj  Depth IntInf | Incumbent    BestBd   Gap | It/Node Time

     0     0    0.69048    0 1319          -    0.69048      -     -    0s
H    0     0                      20.3177612    0.69048  96.6%     -    0s
H    0     0                      20.2917911    0.69048  96.6%     -    0s
     0     0    0.73658    0 1328   20.29179    0.73658  96.4%     -    0s
     0     0    0.77656    0 1246   20.29179    0.77656  96.2%     -    0s
     0     0    0.77703    0 1254   20.29179    0.77703  96.2%     -    0s
     0     0    0.78112    0 1243   20.29179    0.78112  96.2%     -    0s
     0     0    0.78200    0 1236   20.29179    0.78200  96.1%     -    0s
     0     0    0.78396    0 1251   20.29179    0.78396  96.1%     -    0s
     0     0    0.78410    0 1253   20.29179    0.78410  96.1%     -    0s
     0     0    0.78459    0 1263   20.29179    0.78459  96.1%     -    0s
     0     0    0.78459    0 1263   20.29179    0.78459  96.1%     -    0s
     0     2    0.78475    0 1263   20.29179    0.78475  96.1%     -    0s
H  136   135                       3.9725593    0.78677  80.2%   227    3s
H  137   135                       3.7541869    0.78677  79.0%   225    3s
H  142   135                       3.7541634    0.78677  79.0%   225    3s
H  143   135                       3.6640210    0.78677  78.5%   224    3s
H  145   135                       3.6426026    0.78677  78.4%   222    3s
H  148   135                       3.6004704    0.78677  78.1%   223    3s
H  184   177                       3.4977117    0.78677  77.5%   233    4s
H  186   177                       3.4585708    0.78677  77.3%   231    4s
H  188   177                       1.6844423    0.78677  53.3%   229    4s
   377   397    1.02201   23 1115    1.68444    0.78677  53.3%   222    5s
H  843   897                       1.5314010    0.78677  48.6%   209    5s
H 1273   940                       1.2009895    0.78677  34.5%   176    7s
H 1968  1239                       1.1961597    0.78776  34.1%   186    8s
H 2102  1220                       1.1956578    0.79733  33.3%   194    9s
  2104  1221    1.07043   39 1249    1.19566    0.80587  32.6%   194   10s
H 2107  1162                       1.1923623    0.81267  31.8%   193   11s
H 2109  1105                       1.1918331    0.81941  31.2%   193   12s
H 2113  1052                       1.1909739    0.82174  31.0%   193   13s
H 2115  1001                       1.1906527    0.82375  30.8%   193   14s
  2119  1003    1.15651   37 1365    1.19065    0.83033  30.3%   192   15s
H 2129   959                       1.1887943    0.83515  29.7%   191   18s
  2140   968    0.83839    7 1233    1.18879    0.83658  29.6%   205   20s
  2152   976    1.15428   18 1412    1.18879    0.84441  29.0%   204   25s
  2169   996    0.84923   26 1328    1.18879    0.84532  28.9%   217   30s
H 2193   970                       1.1880280    0.84651  28.7%   223   31s
H 2200   921                       1.1799624    0.84653  28.3%   224   31s
H 2250   907                       1.1791961    0.84670  28.2%   238   33s
H 2251   865                       1.1787393    0.84670  28.2%   238   33s
H 2305   868                       1.1787237    0.84670  28.2%   249   34s
H 2317   826                       1.1745957    0.84670  27.9%   253   34s
  2319   848    0.89050   31 1234    1.17460    0.84670  27.9%   253   35s
H 2367   822                       1.1697220    0.84670  27.6%   257   36s
H 2370   802                       1.1673270    0.84670  27.5%   259   37s
  2417   833    0.86831   34 1280    1.16733    0.84670  27.5%   266   41s
H 2418   799                       1.1661424    0.84670  27.4%   266   41s
H 2421   767                       1.1648384    0.84670  27.3%   268   41s
H 2468   770                       1.1625109    0.84670  27.2%   273   42s
  2560   814    0.86932   37 1255    1.16251    0.84670  27.2%   283   46s
H 2561   786                       1.1625109    0.84670  27.2%   282   46s
H 2569   756                       1.1613478    0.84670  27.1%   284   46s
  2805   917    0.88166   42 1198    1.16135    0.84670  27.1%   310   50s
  3268  1167    0.93564   53 1193    1.16135    0.84670  27.1%   342   55s
  3679  1357    1.00154   67 1097    1.16135    0.84670  27.1%   368   65s
H 3721  1357                       1.1604255    0.84670  27.0%   368   65s
  4009  1717    1.05335   74 1105    1.16043    0.84670  27.0%   380   70s
  4380  1894    1.01750   28 1295    1.16043    0.84670  27.0%   387   75s
H 4382  1894                       1.1604255    0.84670  27.0%   387   75s
  4667  2148    1.07716   33 1149    1.16043    0.84670  27.0%   399   80s
  5046  2486    1.14899   46  969    1.16043    0.84822  26.9%   418   85s
  5452  2797    0.97534   39 1255    1.16043    0.84862  26.9%   438   90s
  6069  3239    1.07656   64 1014    1.16043    0.84862  26.9%   444   96s
  6411  3504    0.85188   32 1351    1.16043    0.84981  26.8%   456  101s
  6805  3829    0.91755   35 1279    1.16043    0.84981  26.8%   467  106s
  7185  4140    0.92974   39 1350    1.16043    0.84981  26.8%   481  111s
  7671  4635    1.01615   45 1164    1.16043    0.84981  26.8%   488  117s
  8026  4830    0.98221   49 1126    1.16043    0.84981  26.8%   485  121s
  8574  5233    1.13074   64 1033    1.16043    0.84981  26.8%   490  127s
  8814  5473    1.09005   81 1012    1.16043    0.85311  26.5%   495  130s
  9393  5915    1.01146   40 1246    1.16043    0.85311  26.5%   502  137s
  9690  6202    1.11525   48 1014    1.16043    0.86668  25.3%   504  140s
 10403  6723    0.92864   40 1222    1.16043    0.86679  25.3%   506  148s
 10801  6996    1.04957   54 1173    1.16043    0.86679  25.3%   506  153s
 11086  7250    1.13966   75 1031    1.16043    0.86706  25.3%   510  157s
 11473  7643    0.97082   39 1312    1.16043    0.86706  25.3%   512  161s
 11950  7936    1.07310   60 1207    1.16043    0.86815  25.2%   511  165s
 12337  8234    0.95091   36 1260    1.16043    0.86829  25.2%   514  170s
 12741  8529    1.03173   50 1151    1.16043    0.86898  25.1%   516  175s
 13189  8936    0.98827   49 1225    1.16043    0.87013  25.0%   518  180s
 13676  9319    1.10466   68 1176    1.16043    0.87104  24.9%   519  186s
 14201  9724    1.03811   51 1089    1.16043    0.87223  24.8%   519  191s
 14673 10193    1.11322   67  987    1.16043    0.87432  24.7%   523  197s
 15322 10589    1.00761   45 1233    1.16043    0.87470  24.6%   521  203s
 15855 11147    0.96010   43 1228    1.16043    0.87510  24.6%   523  209s
 16596 11542    1.00275   36 1195    1.16043    0.88082  24.1%   519  215s
 17149 11987    0.98838   42 1221    1.16043    0.88183  24.0%   522  222s
 17784 12448 infeasible   41         1.16043    0.88219  24.0%   524  230s
 18409 12761    1.07527   56 1058    1.16043    0.88528  23.7%   524  239s
 18874 13547    1.01451   47 1218    1.16043    0.88705  23.6%   523  246s
 19834 14279    1.09069   66 1098    1.16043    0.88780  23.5%   516  254s
 20771 14763     cutoff   52         1.16043    0.88876  23.4%   511  262s
 21472 15212    1.09019   48 1018    1.16043    0.89053  23.3%   514  270s
 22184 15800    1.13662   67 1061    1.16043    0.89101  23.2%   518  279s
 23064 16473    1.03289   53 1063    1.16043    0.89329  23.0%   519  288s
 23941 17255    1.06016   55 1146    1.16043    0.89434  22.9%   519  296s
 25011 18115    0.96133   39 1200    1.16043    0.89549  22.8%   517  306s
 26133 18785     cutoff   83         1.16043    0.89684  22.7%   513  316s
 27043 19557    1.03798   47 1152    1.16043    0.89767  22.6%   515  326s
 28075 20353    1.11172   53 1190    1.16043    0.90170  22.3%   514  337s
 29144 21071    1.10428   51 1082    1.16043    0.90227  22.2%   514  349s
 30132 21893    0.99630   41 1239    1.16043    0.90336  22.2%   516  361s
 31187 22997    1.12936   62 1209    1.16043    0.90426  22.1%   517  373s
 32759 23778    1.04982   50 1055    1.16043    0.90462  22.0%   512  385s
 34146 24961    1.09256   59 1197    1.16043    0.90587  21.9%   510  398s
 35649 26139    1.01838   66 1126    1.16043    0.90751  21.8%   508  411s
 37107 26791    1.07414   55 1115    1.16043    0.90921  21.6%   507  425s
 38250 27486 infeasible   44         1.16043    0.91087  21.5%   509  453s
 39398 28451    1.15819   65 1122    1.16043    0.91215  21.4%   513  469s
 41072 29100    1.01972   44 1169    1.16043    0.91347  21.3%   512  487s
 42017 30185     cutoff   52         1.16043    0.91408  21.2%   514  504s
 43606 31335     cutoff   54         1.16043    0.91493  21.2%   515  522s
 45220 31547    1.14059   61 1005    1.16043    0.91581  21.1%   517  559s
 45525 32905    0.92802   39 1169    1.16043    0.91582  21.1%   517  577s
 47397 34001    1.05232   41 1146    1.16043    0.91633  21.0%   518  594s
 49155 35029    1.06158   69 1208    1.16043    0.91677  21.0%   520  612s
 50646 36131    1.06556   52 1237    1.16043    0.91826  20.9%   522  630s
 52275 36911    1.03346   62 1265    1.16043    0.91959  20.8%   523  649s
 53591 37752    0.98494   39 1285    1.16043    0.92047  20.7%   527  669s
H53643 37750                       1.1603807    0.92047  20.7%   527  669s
 54913 38866    0.96523   41 1218    1.16038    0.92139  20.6%   528  690s
 56452 40193    0.96406   42 1202    1.16038    0.92207  20.5%   528  709s
 58336 41313    1.13666   59 1103    1.16038    0.92383  20.4%   528  728s
 60042 42493    0.98670   41 1255    1.16038    0.92532  20.3%   528  747s
 61744 43715    1.13563   57 1291    1.16038    0.92608  20.2%   528  765s
 63554 44843    1.03829   43 1122    1.16038    0.92707  20.1%   528  783s
 65241 46011    0.97739   39 1149    1.16038    0.92764  20.1%   528  801s
 66905 47047    1.13288   66 1000    1.16038    0.92828  20.0%   528  819s
 68471 48089    0.98431   46 1273    1.16038    0.92902  19.9%   529  838s
 70013 49497    1.06378   45 1201    1.16038    0.92974  19.9%   530  856s
 71901 50730    1.02559   37 1203    1.16038    0.93021  19.8%   529  873s
 73682 51922    1.13084   54 1128    1.16038    0.93096  19.8%   529  890s
 75482 53079    1.11395   42 1110    1.16038    0.93174  19.7%   528  907s
 77226 54248    1.09708   61 1150    1.16038    0.93287  19.6%   528  923s
 78964 55361    1.15484   54 1043    1.16038    0.93332  19.6%   527  939s
 80702 56495    1.15639   50 1188    1.16038    0.93441  19.5%   526  955s
 82460 57580    1.05693   48 1169    1.16038    0.93530  19.4%   525  971s
 84081 58731     cutoff   52         1.16038    0.93576  19.4%   525  988s
 85829 59849     cutoff   64         1.16038    0.93697  19.3%   524 1004s
 87523 60668    1.02138   49 1324    1.16038    0.93787  19.2%   523 1020s
 89026 61523    1.03327   58 1133    1.16038    0.93840  19.1%   523 1038s
 90351 62550    0.98478   37 1171    1.16038    0.93907  19.1%   522 1054s
 92037 63606     cutoff   75         1.16038    0.94061  18.9%   522 1071s
 93634 64615    1.15912  103  557    1.16038    0.94107  18.9%   522 1087s
 95383 65610    1.09645   52 1119    1.16038    0.94213  18.8%   521 1104s
H96647 65610                       1.1603807    0.94251  18.8%   521 1104s
 96957 66472    1.02638   44 1153    1.16038    0.94292  18.7%   521 1122s
 98412 67256    1.10569   40 1161    1.16038    0.94359  18.7%   521 1138s
 99923 68318    1.00087   37 1172    1.16038    0.94415  18.6%   522 1155s
 101556 69472    1.08045   54 1085    1.16038    0.94522  18.5%   522 1171s
 103225 70588    1.07814   58 1115    1.16038    0.94584  18.5%   522 1187s
 104867 71644     cutoff   75         1.16038    0.94653  18.4%   521 1203s
 106508 72638    1.15884   55 1071    1.16038    0.94711  18.4%   521 1219s
 108153 73643    1.03267   34 1211    1.16038    0.94798  18.3%   521 1235s
 109903 74766 infeasible   76         1.16038    0.94865  18.2%   521 1252s
 111574 75815    1.15371   65 1009    1.16038    0.94931  18.2%   521 1269s
 113246 76761    0.99185   39 1219    1.16038    0.95011  18.1%   520 1286s
 114749 77771    1.02581   49 1114    1.16038    0.95068  18.1%   520 1302s
 116247 78839    1.04436   68 1172    1.16038    0.95127  18.0%   521 1319s
 117827 79776 infeasible   72         1.16038    0.95212  17.9%   521 1336s
 119306 80840    1.01824   50 1247    1.16038    0.95284  17.9%   522 1352s
 120837 81828    1.00024   52 1096    1.16038    0.95306  17.9%   522 1369s
 122362 82910     cutoff   60         1.16038    0.95395  17.8%   523 1386s
 124018 83911    1.05405   42 1251    1.16038    0.95432  17.8%   523 1403s
 125587 84875    1.11118   57 1146    1.16038    0.95471  17.7%   523 1421s
 127066 86017    1.09368   50 1263    1.16038    0.95513  17.7%   523 1438s
 128756 86874     cutoff   70         1.16038    0.95528  17.7%   523 1456s
H128860 86831                       1.1601591    0.95539  17.7%   523 1456s
 130124 87482     cutoff   68         1.16016    0.95564  17.6%   524 1476s
H130384 87463                       1.1600450    0.95566  17.6%   524 1476s
 131415 88002    1.10586   48 1242    1.16005    0.95596  17.6%   524 1495s
H132019 88002                       1.1600450    0.95603  17.6%   524 1495s
H132092 88000                       1.1600295    0.95604  17.6%   524 1495s
H132206 88000                       1.1600295    0.95604  17.6%   524 1495s
 132337 89133    1.05861   54 1188    1.16003    0.95607  17.6%   524 1514s
 134023 90134    1.04375   63 1191    1.16003    0.95643  17.6%   525 1533s
 135725 91209    1.12281   61 1060    1.16003    0.95712  17.5%   526 1552s
 137565 91215    1.10455   54 1217    1.16003    0.95751  17.5%   526 1583s
H137567 91215                       1.1600295    0.95751  17.5%   526 1583s
 137591 92255    1.11185   55 1258    1.16003    0.95758  17.5%   526 1601s
 139261 93548     cutoff   62         1.16003    0.95793  17.4%   526 1620s
 141176 94500    0.99283   40 1238    1.16003    0.95844  17.4%   526 1639s
 142618 95689    1.03164   52 1159    1.16003    0.95860  17.4%   527 1661s
 144421 96676    1.03949   42 1217    1.16003    0.95893  17.3%   527 1679s
 146015 97746    1.01967   47 1155    1.16003    0.95928  17.3%   528 1698s
 147757 98512    1.02934   48 1239    1.16003    0.95965  17.3%   528 1716s
 149417 99418    1.14951   57 1058    1.16003    0.96009  17.2%   528 1734s
 150883 100440    1.05839   46 1105    1.16003    0.96044  17.2%   529 1752s
 152485 101163    1.00101   51 1320    1.16003    0.96072  17.2%   529 1773s
 153631 102266    1.08604   55 1238    1.16003    0.96114  17.1%   529 1792s
 155424 102828     cutoff   62         1.16003    0.96161  17.1%   529 1800s

Cutting planes:
  Gomory: 489
  Cover: 29
  MIR: 69
  StrongCG: 1
  Flow cover: 33
  RLT: 9

Explored 156212 nodes (82666108 simplex iterations) in 1800.01 seconds (2886.89 work units)
Thread count was 16 (of 16 available processors)

Solution count 10: 1.16003 1.16003 1.16003 ... 1.16043

Time limit reached
Warning: max constraint violation (8.0628e-05) exceeds tolerance
Warning: max general constraint violation (8.0628e-05) exceeds tolerance
Best objective 1.160029458081e+00, best bound 9.617687788682e-01, gap 17.0910%
