
Gurobi 9.5.0 (linux64) logging started Mon 14 Nov 2022 09:16:07 AM PST

Set parameter LogFile to value "experiments/t_10_theta_0.0/gurobi.1668446166.log"
Set parameter LogToConsole to value 0
Set parameter TimeLimit to value 1800
Set parameter Threads to value 16
Gurobi Optimizer version 9.5.0 build v9.5.0rc5 (linux64)
Thread count: 8 physical cores, 16 logical processors, using up to 16 threads
Optimize a model with 348 rows, 1668 columns and 5537 nonzeros
Model fingerprint: 0x14276c2d
Model has 250 quadratic objective terms
Model has 750 quadratic constraints
Model has 10 general constraints
Variable types: 125 continuous, 1543 integer (1543 binary)
Coefficient statistics:
  Matrix range     [1e+00, 1e+01]
  QMatrix range    [1e+00, 1e+00]
  QLMatrix range   [1e+00, 1e+00]
  Objective range  [0e+00, 0e+00]
  QObjective range [2e+00, 2e+00]
  Bounds range     [1e+00, 8e+02]
  RHS range        [1e+00, 1e+02]
Presolve added 2 rows and 1988 columns
Presolve time: 0.01s
Presolved: 1880 rows, 4546 columns, 13904 nonzeros
Presolved model has 10 SOS constraint(s)
Variable types: 2580 continuous, 1966 integer (1653 binary)

Root relaxation: objective 0.000000e+00, 653 iterations, 0.01 seconds (0.01 work units)

    Nodes    |    Current Node    |     Objective Bounds      |     Work
 Expl Unexpl |  Obj  Depth IntInf | Incumbent    BestBd   Gap | It/Node Time

     0     0    0.00000    0  109          -    0.00000      -     -    0s
     0     0    0.00000    0  199          -    0.00000      -     -    0s
H    0     0                    3181.7356669    0.00000   100%     -    0s
     0     0   58.88641    0   73 3181.73567   58.88641  98.1%     -    0s
     0     0   58.88641    0   85 3181.73567   58.88641  98.1%     -    0s
     0     0   58.88641    0  170 3181.73567   58.88641  98.1%     -    0s
     0     0   58.88641    0  162 3181.73567   58.88641  98.1%     -    0s
H    0     0                    2930.9062553   58.88641  98.0%     -    0s
H    0     0                    2897.8961142   58.88641  98.0%     -    0s
     0     0   58.88641    0   74 2897.89611   58.88641  98.0%     -    0s
H    0     0                    2691.9527413   58.88641  97.8%     -    0s
H    0     0                    2609.2564981   58.88641  97.7%     -    0s
     0     0   58.88641    0   76 2609.25650   58.88641  97.7%     -    0s
     0     0   58.88641    0   67 2609.25650   58.88641  97.7%     -    1s
     0     0   58.88641    0   66 2609.25650   58.88641  97.7%     -    1s
     0     0   58.88641    0   96 2609.25650   58.88641  97.7%     -    1s
     0     0   58.88641    0   86 2609.25650   58.88641  97.7%     -    1s
     0     2   58.88641    0   84 2609.25650   58.88641  97.7%     -    1s
H  120   113                    2450.4013100   58.88641  97.6%  72.9    3s
H  121   113                    2415.1709554   58.88641  97.6%  72.4    3s
   161   143  253.29810   14   76 2415.17096   58.88641  97.6%  62.0    5s
H  162   143                    2400.5488490   58.88641  97.5%  61.6    5s
H  163   143                    2393.4060384   58.88641  97.5%  61.8    5s
H  164   143                    2392.7149353   58.88641  97.5%  61.8    5s
H  173   143                    2366.6221809   58.88641  97.5%  59.9    5s
H 1209   913                    2365.5141009   58.88660  97.5%  31.2    6s
H 1217   908                    2350.7559126   58.88660  97.5%  31.2    6s
H 2138  1519                    2349.6478326   63.31873  97.3%  31.0    8s
H 2144  1446                    2334.8914152   63.31873  97.3%  30.9    9s
  2152  1451 1232.30953   22  125 2334.89142   63.31873  97.3%  30.8   10s
H 2244  1443                    2274.4175747  189.94551  91.6%  55.8   14s
H 2256  1386                    2266.2534424  189.94551  91.6%  56.3   14s
  2464  1534 1884.92101   27   88 2266.25344  189.94551  91.6%  60.8   15s
H 3035  1730                    2258.0893100  189.94551  91.6%  63.0   16s
  3665  2081  687.48620   26  188 2258.08931  190.28832  91.6%  81.2   20s
  4814  2632 1232.77299   32  127 2258.08931  201.19170  91.1%  98.1   25s
  5716  3018  381.76657   20  290 2258.08931  257.87504  88.6%   119   30s
  6437  3379 1605.87274   43  101 2258.08931  257.87504  88.6%   137   38s
H 6448  3379                    2257.8335758  257.87504  88.6%   137   38s
  6655  3639  812.83210   20  352 2257.83358  271.09916  88.0%   141   40s
  7508  4289  700.32506   27  230 2257.83358  311.17754  86.2%   159   45s
H 7637  4387                    2257.7937617  311.17754  86.2%   164   48s
H 7695  4386                    2257.5357180  311.17754  86.2%   164   48s
H 7735  4385                    2257.2232152  311.17754  86.2%   166   48s
  7927  4633  800.26785   30  214 2257.22322  311.17754  86.2%   173   51s
  8519  5111 1188.14321   40  135 2257.22322  311.17754  86.2%   183   55s
  9619  6028 1663.36127   67  163 2257.22322  311.17754  86.2%   190   61s
 10486  6726  824.23491   28  303 2257.22322  332.70724  85.3%   197   66s
 11442  7501 1926.74940   36  174 2257.22322  366.04720  83.8%   202   71s
 12213  8054 1145.19477   37  218 2257.22322  366.04720  83.8%   205   75s
 12870  8334  741.31255   23  274 2257.22322  370.03026  83.6%   211   92s
H12871  8329                    2255.6988877  370.03026  83.6%   211   92s
 12886  8622  748.48294   24  242 2255.69889  370.03026  83.6%   212   95s
 13574  9018 1160.24868   29  219 2255.69889  376.86848  83.3%   220  100s
 14124  9570  835.67640   27  226 2255.69889  378.88167  83.2%   228  105s
H14152  9567                    2255.2508013  378.88167  83.2%   229  105s
 14851 10071 1301.89229   35  200 2255.25080  379.65665  83.2%   237  111s
 15666 10528 1050.24274   29  200 2255.25080  379.65665  83.2%   245  118s
 15955 10962 1426.28860   50  153 2255.25080  380.77341  83.1%   249  122s
 16470 11438  642.60302   25  201 2255.25080  380.77341  83.1%   249  125s
 17521 11989  618.00125   25  285 2255.25080  386.02503  82.9%   255  133s
 17948 12343     cutoff   49      2255.25080  386.07573  82.9%   259  137s
 18462 12739 1761.03105   36  182 2255.25080  386.61282  82.9%   262  141s
 19007 13041  474.23028   21  302 2255.25080  386.61282  82.9%   265  146s
 19454 13385 1973.98786   35  210 2255.25080  417.73674  81.5%   269  150s
 19939 13736 1762.74516   43  117 2255.25080  420.58920  81.4%   272  156s
 20489 14132  535.11287   24  189 2255.25080  420.58920  81.4%   274  161s
 20943 15229 1060.73965   33  138 2255.25080  420.58920  81.4%   282  171s
 22143 16229 1839.34441   73  150 2255.25080  423.75587  81.2%   286  179s
 23371 17098  633.84155   23  303 2255.25080  424.23947  81.2%   286  186s
 24339 18047  906.04808   28  281 2255.25080  425.53895  81.1%   288  194s
 25556 18823 1141.52408   30  194 2255.25080  425.80939  81.1%   286  201s
 26485 19485 1128.10410   33  172 2255.25080  431.01328  80.9%   288  209s
 27213 20480 1531.18894   69  171 2255.25080  431.13511  80.9%   293  218s
 28541 20546     cutoff   48      2255.25080  432.19826  80.8%   292  228s
H28544 20540                    2254.8163101  432.19826  80.8%   292  228s
H28571 20540                    2254.7448266  432.19826  80.8%   293  228s
H28574 20540                    2254.6398192  432.19826  80.8%   293  228s
 28634 21228  633.17931   28  290 2254.63982  432.84242  80.8%   293  237s
 29867 21881 2253.28765   69  106 2254.63982  439.57319  80.5%   293  247s
 30835 22431  553.91255   25  273 2254.63982  441.95760  80.4%   295  257s
 31540 23248 1293.15044   29  246 2254.63982  443.37801  80.3%   301  267s
 32513 24322 1027.89247   31  198 2254.63982  443.42276  80.3%   305  279s
 33894 25126  600.33454   25  250 2254.63982  444.17803  80.3%   308  290s
 35007 25921 1023.57486   30  194 2254.63982  446.44227  80.2%   310  302s
 36053 26725 2005.82122   66  114 2254.63982  449.23199  80.1%   314  315s
H37086 27639                    2254.6398165  449.30710  80.1%   317  329s
 38311 28347 1107.77958   31  244 2254.63982  454.14904  79.9%   320  343s
 39260 29378 1047.32471   30  233 2254.63982  457.67282  79.7%   325  361s
 40625 30305  685.05257   27  329 2254.63982  462.28738  79.5%   328  377s
H41922 30305                    2254.4328138  466.00057  79.3%   331  433s
 41930 30311 1863.02777   52  135 2254.43281  466.00057  79.3%   331  435s
 41983 30346 1483.35090   36  256 2254.43281  608.82188  73.0%   331  440s
 41999 30357 1299.28260   42  339 2254.43281  654.44766  71.0%   331  445s
H42001 28838                    2254.3931746  654.44766  71.0%   331  447s
 42006 28841 2219.89228   68  341 2254.39317  654.44766  71.0%   331  450s
 42042 28865 1373.93934   58  562 2254.39317  748.93728  66.8%   330  455s
H42073 27439                    2254.3931743 1061.11367  52.9%   330  459s
 42077 27442 1264.68803   53  535 2254.39317 1074.86619  52.3%   330  460s
 42097 27455 1736.71510   46  538 2254.39317 1145.50415  49.2%   330  465s
H42107 26086                    2254.3771650 1163.62798  48.4%   330  469s
 42112 26089 1884.90008   62  575 2254.37716 1163.88595  48.4%   330  470s
 42123 26096 1164.99463   35  528 2254.37716 1164.99463  48.3%   330  475s
 42136 26105 1165.35136   32  574 2254.37716 1165.35136  48.3%   330  480s
 42145 26111 2194.40130   80  568 2254.37716 1166.07241  48.3%   330  485s
 42154 26117 1170.69532   26  509 2254.37716 1170.69532  48.1%   330  490s
 42163 26123 1685.59873   51  501 2254.37716 1178.99804  47.7%   330  495s
 42174 26130 2197.27552   77  526 2254.37716 1181.43327  47.6%   329  500s
 42187 26139 1256.22236   45  501 2254.37716 1184.84111  47.4%   329  505s
 42198 26146 1214.67821   37  545 2254.37716 1194.30224  47.0%   329  510s
 42212 26156 1884.90008   62  555 2254.37716 1198.45098  46.8%   329  515s
 42224 26164 1199.01644   27  601 2254.37716 1199.01644  46.8%   329  520s
H42229 24854                    2254.3452857 1199.20533  46.8%   329  522s
 42235 24858 1391.09380   38  602 2254.34529 1199.34293  46.8%   329  525s
 42273 24883 2172.23694   57  524 2254.34529 1224.30118  45.7%   329  530s
 42304 24904 1237.88260   33  607 2254.34529 1237.88260  45.1%   328  535s
 42330 24921 1863.02777   52  645 2254.34529 1246.52638  44.7%   328  540s
 42353 24937 1719.49391   33  626 2254.34529 1255.45010  44.3%   328  545s
 42371 24949 1260.50489   44  643 2254.34529 1260.50489  44.1%   328  550s
 42387 24959 1271.11107   45  559 2254.34529 1271.11107  43.6%   328  555s
 42409 24974 1276.93676   30  584 2254.34529 1276.93676  43.4%   328  560s
 42428 24987 1285.11911   29  597 2254.34529 1285.11911  43.0%   327  565s
 42454 25004 1293.10719   26  550 2254.34529 1293.10719  42.6%   327  570s
 42481 25022 1770.35977   53  564 2254.34529 1296.29641  42.5%   327  575s
 42511 25042 1299.87119   28  530 2254.34529 1299.87119  42.3%   327  580s
 42537 25059 1847.12924   55  533 2254.34529 1304.47313  42.1%   327  585s
 42564 25077 1309.63630   33  503 2254.34529 1309.63630  41.9%   326  590s
 42594 25097 1524.03999   42  520 2254.34529 1311.81549  41.8%   326  595s
 42615 25111 1994.01996   76  452 2254.34529 1313.32802  41.7%   326  600s
 42634 25124 2054.81034   95  455 2254.34529 1315.20008  41.7%   326  605s
 42659 25141 1316.47976   39  401 2254.34529 1316.47976  41.6%   326  610s
 42663 25146 1332.35848   26  384 2254.34529 1331.75907  40.9%   350  616s
 42672 25161 1339.58556   28  328 2254.34529 1334.01081  40.8%   350  625s
 42684 25171 1340.33507   29  393 2254.34529 1339.59506  40.6%   352  631s
 42700 25182 1349.27850   30  385 2254.34529 1340.33507  40.5%   356  636s
H42704 23911                    2254.3452694 1340.33507  40.5%   357  636s
 42748 23946 1442.21368   31  178 2254.34527 1341.71181  40.5%   360  641s
 42793 23980 1493.61660   33  167 2254.34527 1341.71181  40.5%   362  646s
 42882 24047 1499.16788   36  180 2254.34527 1341.71181  40.5%   364  650s
 43022 24085 1653.24656   41  177 2254.34527 1341.71181  40.5%   364  655s
 43138 24114 1735.74995   47  179 2254.34527 1341.71181  40.5%   365  660s
 43264 24171     cutoff   55      2254.34527 1343.95340  40.4%   367  667s
 43368 24243 1359.58046   31  348 2254.34527 1343.95340  40.4%   369  671s
 43613 24436 1387.61236   30  390 2254.34527 1343.95340  40.4%   371  676s
 43749 24484 1362.46317   32  421 2254.34527 1343.95340  40.4%   371  680s
 43987 24586 1393.31046   34  432 2254.34527 1343.95340  40.4%   372  687s
H44073 23352                    2254.3452687 1343.95340  40.4%   373  687s
 44091 23414 1368.66276   33  395 2254.34527 1343.95340  40.4%   373  693s
 44222 23447 1387.19156   34  382 2254.34527 1343.95340  40.4%   374  700s
 44429 23603 1477.47949   36  338 2254.34527 1343.95340  40.4%   378  706s
 44605 23600 1479.20087   37  328 2254.34527 1343.95340  40.4%   378  711s
 44839 23684 1493.70127   41  252 2254.34527 1343.95340  40.4%   380  716s
 44944 23756 1520.83382   42  247 2254.34527 1343.95340  40.4%   381  720s
 45070 23821 1578.08545   45  190 2254.34527 1343.95340  40.4%   383  725s
 45363 23911 1367.29388   31  473 2254.34527 1350.68318  40.1%   387  734s
 45545 23867 1367.50135   32  492 2254.34527 1350.68318  40.1%   388  754s
 45561 23995 1368.30756   33  488 2254.34527 1350.68318  40.1%   389  760s
 45877 24095 1554.08828   35  473 2254.34527 1350.68318  40.1%   392  769s
 46041 24129 1833.54179   38  440 2254.34527 1350.68318  40.1%   394  773s
 46150 24272 1840.97175   40  382 2254.34527 1350.68318  40.1%   396  778s
 46418 24372 1885.04541   44  249 2254.34527 1352.40778  40.0%   397  783s
 46668 24410 1362.29986   34  416 2254.34527 1352.40778  40.0%   398  790s
 46839 24444 1379.34146   42  320 2254.34527 1352.40778  40.0%   401  796s
 46935 24628 1747.76901   48  215 2254.34527 1354.80310  39.9%   404  802s
H47145 23412                    2254.3443304 1354.80310  39.9%   405  802s
 47194 23657 1539.58102   37  497 2254.34433 1354.80310  39.9%   405  807s
 47530 23708 1616.93071   46  359 2254.34433 1356.89790  39.8%   406  819s
H47577 22604                    2254.3441756 1356.89790  39.8%   406  819s
 47760 22767 1377.61280   36  462 2254.34418 1356.89790  39.8%   408  825s
 48015 22982 1392.35790   38  377 2254.34418 1356.89790  39.8%   410  831s
 48388 22962 1412.41407   45  386 2254.34418 1356.89790  39.8%   411  839s
 48571 23031 1404.43790   44  363 2254.34418 1356.89790  39.8%   414  845s
H48578 21995                    2254.3441194 1356.89790  39.8%   414  845s
 48704 22205 1501.63081   49  312 2254.34412 1356.89790  39.8%   417  852s
 49015 22384 1522.40963   50  244 2254.34412 1356.89790  39.8%   420  866s
 49306 22668 1579.04870   59  166 2254.34412 1356.89790  39.8%   421  873s
 49779 23029 1800.24451   71  143 2254.34412 1356.89790  39.8%   423  881s
 50389 23227 2054.39380   80  117 2254.34412 1356.89790  39.8%   423  893s
 51054 23239 2140.07980  100   39 2254.34412 1362.06993  39.6%   422  902s
 51399 23377 1375.71568   41  404 2254.34412 1362.91755  39.5%   424  911s
 51758 23624 1716.05009   57  283 2254.34412 1365.42349  39.4%   427  922s
 52200 23774 1969.80253   39  471 2254.34412 1365.42349  39.4%   429  931s
 52607 24042 2184.68918   46  333 2254.34412 1366.81704  39.4%   432  940s
 53116 24258 1665.24821   51  344 2254.34412 1368.91021  39.3%   433  951s
 53667 24487 1428.63202   48  447 2254.34412 1370.01034  39.2%   435  961s
 54261 24608 1379.07204   43  412 2254.34412 1371.15150  39.2%   436  974s
 54727 24755 1735.15620   57  274 2254.34412 1371.90546  39.1%   439  989s
 55179 24833 1485.58867   34  429 2254.34412 1372.04497  39.1%   442 1002s
 55539 25025 1668.71536   39  328 2254.34412 1372.04497  39.1%   445 1015s
 55948 25094 1785.14398   44  283 2254.34412 1373.88899  39.1%   449 1028s
 56312 25286 1465.46081   42  406 2254.34412 1374.13435  39.0%   453 1044s
 56754 25538 1389.50047   39  400 2254.34412 1374.76735  39.0%   456 1059s
H56785 24545                    2254.3438693 1374.76735  39.0%   456 1059s
 57336 24761 1599.51747   56  310 2254.34387 1375.01530  39.0%   458 1076s
 57905 24898 1398.49557   34  494 2254.34387 1375.63276  39.0%   462 1097s
 58467 25128 1685.61694   45  379 2254.34387 1375.81986  39.0%   465 1117s
 59022 25377     cutoff   51      2254.34387 1376.08209  39.0%   468 1136s
 59630 25677 1720.00299   51  325 2254.34387 1376.51367  38.9%   472 1155s
 60347 26040 1516.98282   42  291 2254.34387 1377.48107  38.9%   475 1176s
 61202 26298 1823.92788   58  156 2254.34387 1379.11180  38.8%   477 1198s
 61965 26651 1660.60947   45  356 2254.34387 1379.75474  38.8%   480 1222s
 62816 26838 1621.61670   46  435 2254.34387 1380.19774  38.8%   483 1246s
 63481 27364 1987.98336   59  180 2254.34387 1380.57331  38.8%   486 1278s
 64672 27568 1428.41169   39  486 2254.34387 1381.77098  38.7%   490 1313s
 65720 27854 1956.28584   56  187 2254.34387 1382.19049  38.7%   493 1343s
 66697 28430 1423.40934   36  395 2254.34387 1382.63288  38.7%   495 1374s
 67910 28879 2114.32984   58  202 2254.34387 1383.10245  38.6%   498 1404s
 69107 29257 1504.22187   40  433 2254.34387 1384.22876  38.6%   500 1438s
 70256 29418 1861.63761   50  330 2254.34387 1384.93716  38.6%   503 1478s
 71048 29803 1656.16534   36  356 2254.34387 1385.48984  38.5%   509 1516s
 72017 29975 2235.30491   77   95 2254.34387 1386.01521  38.5%   513 1563s
H72162 28992                    2254.3294860 1386.01521  38.5%   515 1563s
 72675 29580 1552.74217   37  425 2254.32949 1386.17993  38.5%   517 1604s
 73888 29176 1651.36241   47  221 2254.32949 1386.39500  38.5%   520 1605s
 74012 29804     cutoff   62      2254.32949 1386.92548  38.5%   520 1649s
H75085 28560                    2254.3285256 1387.41170  38.5%   524 1649s
 75142 29406 1658.69941   48  281 2254.32853 1387.53792  38.5%   525 1699s
H75783 28350                    2254.3141115 1387.85771  38.4%   528 1699s
 76279 29210 1501.19372   42  480 2254.31411 1387.86323  38.4%   530 1748s
H76505 28335                    2254.3141089 1388.33456  38.4%   531 1748s
 77672 28752 1396.87597   35  492 2254.31411 1388.33456  38.4%   535 1798s
 78860 28366 2024.76056   52  147 2254.31411 1388.33456  38.4%   540 1800s

Cutting planes:
  Gomory: 41
  Cover: 1
  Implied bound: 38
  MIR: 556
  StrongCG: 49
  Flow cover: 5083
  Inf proof: 25
  Zero half: 14
  RLT: 76
  Relax-and-lift: 5
  BQP: 543

Explored 78870 nodes (42617637 simplex iterations) in 1800.02 seconds (2293.34 work units)
Thread count was 16 (of 16 available processors)

Solution count 10: 2254.31 2254.31 2254.33 ... 2254.39

Time limit reached
Warning: max constraint violation (2.5937e-03) exceeds tolerance
Warning: max general constraint violation (2.5937e-03) exceeds tolerance
         (model may be infeasible or unbounded - try turning presolve off)
Best objective 2.254329485802e+03, best bound 1.388334555176e+03, gap 38.4147%
