
Gurobi 9.5.0 (linux64) logging started Tue 15 Nov 2022 05:52:08 AM PST

Set parameter LogFile to value "experiments/t_3_theta_0.4/gurobi.1668520327.log"
Set parameter LogToConsole to value 0
Set parameter TimeLimit to value 1800
Set parameter Threads to value 16
Gurobi Optimizer version 9.5.0 build v9.5.0rc5 (linux64)
Thread count: 8 physical cores, 16 logical processors, using up to 16 threads
Optimize a model with 341 rows, 1458 columns and 5334 nonzeros
Model fingerprint: 0x8e69b843
Model has 3450 quadratic objective terms
Model has 225 quadratic constraints
Model has 3 general constraints
Variable types: 90 continuous, 1368 integer (1368 binary)
Coefficient statistics:
  Matrix range     [1e+00, 1e+01]
  QMatrix range    [1e+00, 1e+00]
  QLMatrix range   [1e+00, 1e+00]
  Objective range  [0e+00, 0e+00]
  QObjective range [3e-05, 2e+01]
  Bounds range     [1e+00, 8e+02]
  RHS range        [1e+00, 1e+02]
Presolve added 35 rows and 1307 columns
Presolve time: 0.06s
Presolved: 4999 rows, 5114 columns, 37576 nonzeros
Variable types: 1473 continuous, 3641 integer (3486 binary)

Root relaxation: objective -5.115908e-13, 5412 iterations, 0.28 seconds (0.30 work units)

    Nodes    |    Current Node    |     Objective Bounds      |     Work
 Expl Unexpl |  Obj  Depth IntInf | Incumbent    BestBd   Gap | It/Node Time

     0     0   -0.00000    0 3487          -   -0.00000      -     -    0s
H    0     0                      68.7281436   -0.00000   100%     -    0s
H    0     0                      55.3226483   -0.00000   100%     -    0s
     0     0    0.01939    0 3467   55.32265    0.01939   100%     -    1s
     0     0    0.07521    0 3125   55.32265    0.07521   100%     -    1s
     0     0    0.07524    0 3126   55.32265    0.07524   100%     -    1s
     0     0    0.08492    0 2979   55.32265    0.08492   100%     -    2s
H    0     0                      48.8221600    0.08492   100%     -    2s
     0     0    0.08495    0 2968   48.82216    0.08495   100%     -    2s
     0     0    0.08706    0 2972   48.82216    0.08706   100%     -    2s
H    0     0                      48.7296252    0.08706   100%     -    2s
     0     0    0.08718    0 2974   48.72963    0.08718   100%     -    2s
     0     0    0.08785    0 2988   48.72963    0.08785   100%     -    2s
     0     0    0.08785    0 2985   48.72963    0.08785   100%     -    3s
H    0     0                       2.4796032    0.08788  96.5%     -    3s
H    0     0                       2.3413115    0.08788  96.2%     -    3s
H    0     2                       2.2475733    0.08788  96.1%     -    4s
     0     2    0.08788    0 2985    2.24757    0.08788  96.1%     -    4s
H   31    48                       2.1514265    0.09613  95.5%   368    5s
H   32    48                       2.1469275    0.09613  95.5%   364    5s
H   34    48                       2.1248614    0.09613  95.5%   356    5s
H   35    48                       2.1210074    0.09613  95.5%   353    5s
H   38    48                       2.1202507    0.09613  95.5%   348    5s
H   41    48                       2.0852134    0.09613  95.4%   395    5s
H   79    92                       1.9546185    0.09613  95.1%   585   11s
H   79    92                       1.9182142    0.09613  95.0%   585   11s
H   90    92                       1.6272705    0.09613  94.1%   696   11s
H  144   146                       1.5347636    0.09613  93.7%   766   17s
H  145   146                       1.4850195    0.09613  93.5%   767   17s
H  147   146                       1.4267036    0.09613  93.3%   764   17s
H  152   146                       1.3779792    0.09613  93.0%   795   17s
   296   324    0.37877   13 1602    1.37798    0.09613  93.0%   716   20s
H 1283  1292                       1.3718987    0.09613  93.0%   290   23s
  1704  1780    0.66030   92  219    1.37190    0.09613  93.0%   237   25s
H 2495  2302                       1.3718987    0.09613  93.0%   190   27s
H 2680  2412                       1.3475623    0.09713  92.8%   200   30s
H 2683  2329                       1.3079868    0.09713  92.6%   200   30s
  3408  3115    0.65352   24 1367    1.30799    0.09713  92.6%   206   35s
H 3728  3205                       1.2987823    0.09713  92.5%   215   43s
H 3730  3046                       1.2986782    0.09713  92.5%   215   44s
  3732  3047    0.97358  100 2867    1.29868    0.09713  92.5%   215   45s
H 3740  2899                       1.2971130    0.13168  89.8%   214   49s
H 3742  2756                       1.2889282    0.13490  89.5%   214   50s
H 3742  2618                       1.2887993    0.13490  89.5%   214   50s
H 3743  2487                       1.2854288    0.13590  89.4%   214   51s
  3748  2491    0.54530   40 2681    1.28543    0.17203  86.6%   214   55s
H 3749  2366                       1.2811240    0.18451  85.6%   214   57s
  3753  2369    0.55012   58 2878    1.28112    0.19550  84.7%   213   60s
H 3755  2251                       1.2798987    0.20057  84.3%   213   62s
  3759  2254    1.24327   60 2868    1.27990    0.21197  83.4%   213   65s
H 3760  2142                       1.2747081    0.21995  82.7%   213   66s
H 3765  2037                       1.2709280    0.22645  82.2%   213   69s
  3767  2038    0.72140   26 2960    1.27093    0.22964  81.9%   213   70s
  3776  2044    0.79472   91 2805    1.27093    0.24452  80.8%   212   75s
  3780  2047    0.63663  101 2887    1.27093    0.24601  80.6%   212   80s
H 3781  1945                       1.2709280    0.24659  80.6%   212   82s
  3785  1947    1.11802   66 2902    1.27093    0.24886  80.4%   212   85s
H 3789  1851                       1.2678485    0.25062  80.2%   211   89s
  3791  1852    0.41397   28 2855    1.26785    0.25077  80.2%   211   91s
  3796  1856    0.96724  132 2893    1.26785    0.25455  79.9%   211   95s
  3804  1861    0.53521   20 3015    1.26785    0.25805  79.6%   211  101s
H 3806  1768                       1.2672810    0.25876  79.6%   210  102s
  3810  1771    0.81827  117 3066    1.26728    0.25988  79.5%   210  105s
  3817  1776    0.66575   24 3045    1.26728    0.26316  79.2%   210  110s
  3826  1783    0.59499   28 2718    1.26728    0.26430  79.1%   246  115s
H 3827  1694                       1.2672561    0.26430  79.1%   246  117s
H 3829  1610                       1.2650654    0.26430  79.1%   246  119s
  3831  1611    0.93123  115 2963    1.26507    0.26430  79.1%   245  120s
H 3831  1531                       1.2606043    0.26430  79.0%   245  121s
H 3834  1456                       1.2598745    0.26430  79.0%   245  123s
  3837  1458    1.13879  172 3030    1.25987    0.26430  79.0%   245  125s
  3841  1464    0.26430   29 2969    1.25987    0.26430  79.0%   254  130s
  3847  1474    0.33372   31 2686    1.25987    0.26430  79.0%   260  136s
  3855  1483    0.34117   32 2501    1.25987    0.32930  73.9%   268  141s
  3887  1505    0.48974   34 2427    1.25987    0.33451  73.4%   297  147s
  3919  1522    0.58864   35 2344    1.25987    0.33451  73.4%   311  156s
  3958  1558    0.53231   36 2116    1.25987    0.33451  73.4%   321  160s
H 3989  1491                       1.2598745    0.33451  73.4%   328  164s
H 3995  1420                       1.2598513    0.33451  73.4%   330  164s
  4003  1449    0.60373   37 1946    1.25985    0.33451  73.4%   333  165s
  4111  1532    0.60120   40 1804    1.25985    0.33451  73.4%   341  170s
  4195  1583    0.63407   43 1597    1.25985    0.33451  73.4%   349  175s
  4320  1681    0.65891   45 1398    1.25985    0.33451  73.4%   369  181s
  4541  1863    0.65387   47 1038    1.25985    0.33451  73.4%   372  185s
  4832  1935    0.71107   53 1084    1.25985    0.33451  73.4%   370  190s
  4982  1935    0.79579   56 1117    1.25985    0.33451  73.4%   377  195s
  5045  1987    0.94058   59 1171    1.25985    0.33451  73.4%   392  200s
  5193  2096    0.91331   66 1073    1.25985    0.33451  73.4%   410  206s
  5352  2214    1.02352   76 1139    1.25985    0.33451  73.4%   417  211s
  5546  2364    1.20197   84 1022    1.25985    0.33451  73.4%   423  216s
  5811  2440    0.45179   34 2051    1.25985    0.33694  73.3%   423  222s
  5997  2555    0.49546   36 1892    1.25985    0.33694  73.3%   432  228s
  6122  2593    0.60135   38 1750    1.25985    0.33694  73.3%   436  231s
  6364  2709    0.67562   43 1453    1.25985    0.33694  73.3%   441  236s
  6485  2740    0.86988   48 1511    1.25985    0.33694  73.3%   444  240s
  6716  2859     cutoff   74         1.25985    0.39761  68.4%   454  248s
  6837  2834    0.44157   34 1830    1.25985    0.39761  68.4%   460  274s
H 6841  2767                       1.2598513    0.39761  68.4%   461  274s
  6853  2867    0.44269   35 1824    1.25985    0.39761  68.4%   461  278s
  6986  2916    0.55491   37 1582    1.25985    0.39761  68.4%   466  283s
  7116  2942    0.64556   40 1546    1.25985    0.39761  68.4%   471  287s
  7227  2988    0.74438   44 1644    1.25985    0.39761  68.4%   478  293s
  7343  3061    0.88985   47 1586    1.25985    0.39761  68.4%   485  298s
  7485  3122    1.19085   54 1661    1.25985    0.44041  65.0%   490  303s
  7643  3200    0.47535   35 1892    1.25985    0.44041  65.0%   495  309s
  7806  3353    0.53956   37 1575    1.25985    0.44041  65.0%   500  314s
  7995  3469    0.69377   42 1848    1.25985    0.44041  65.0%   503  320s
  8170  3572    0.87767   48 1926    1.25985    0.44041  65.0%   507  326s
  8307  3658    1.14903   54 1894    1.25985    0.44269  64.9%   514  333s
  8423  3755    0.55738   37 1791    1.25985    0.44269  64.9%   524  339s
  8549  3794    0.54299   39 1819    1.25985    0.44269  64.9%   531  347s
  8607  3890    0.56447   39 1722    1.25985    0.44269  64.9%   534  354s
  8717  4066    0.59434   40 1800    1.25985    0.44269  64.9%   544  361s
  8903  4184    0.85808   47 2037    1.25985    0.44269  64.9%   549  368s
  9067  4354    0.91885   51 1930    1.25985    0.44269  64.9%   557  375s
  9262  4533    0.95642   53 1816    1.25985    0.44269  64.9%   563  383s
  9499  4745    1.05113   56 1772    1.25985    0.44269  64.9%   566  391s
  9759  4842    1.20339   63 1647    1.25985    0.45662  63.8%   569  401s
  9951  4975    0.55732   37 1802    1.25985    0.45662  63.8%   576  410s
 10101  5170    0.70912   44 1855    1.25985    0.45662  63.8%   585  419s
 10347  5326    0.93521   49 1735    1.25985    0.45662  63.8%   590  429s
 10565  5559    1.19424   55 1509    1.25985    0.45947  63.5%   597  439s
 10837  5774    0.69544   39 2029    1.25985    0.45947  63.5%   600  449s
 11139  5961    1.07032   47 1637    1.25985    0.47241  62.5%   604  460s
 11429  6133    0.58313   42 1840    1.25985    0.47241  62.5%   609  472s
 11684  6314    0.87251   49 1583    1.25985    0.47241  62.5%   615  484s
 11911  6437    1.20999   65 1504    1.25985    0.47807  62.1%   624  506s
H11963  6200                       1.2444480    0.47807  61.6%   624  506s
 12114  6328    0.56056   37 2187    1.24445    0.47807  61.6%   629  520s
 12344  6494    0.87693   45 1982    1.24445    0.47807  61.6%   638  535s
 12567  6644    1.11497   53 1464    1.24445    0.48605  60.9%   648  550s
 12836  6810    0.75021   39 2155    1.24445    0.48605  60.9%   657  565s
 13074  6973    1.17327   49 1428    1.24445    0.48888  60.7%   667  580s
 13357  7169    0.79746   43 1857    1.24445    0.48888  60.7%   675  596s
 13628  7365     cutoff   61         1.24445    0.49097  60.5%   684  613s
 13955  7532    0.78675   50 1760    1.24445    0.49097  60.5%   691  630s
 14175  7765    1.20507   64 1286    1.24445    0.49371  60.3%   698  649s
 14490  7980    0.72861   44 2131    1.24445    0.49371  60.3%   707  669s
 14810  8211    0.99010   52 1896    1.24445    0.49811  60.0%   715  688s
 15159  8415    0.68247   46 2040    1.24445    0.50145  59.7%   722  710s
 15486  8598    0.57846   42 2088    1.24445    0.50145  59.7%   732  731s
 15804  8610     cutoff   51         1.24445    0.50145  59.7%   742  817s
H15805  8486                       1.2367079    0.50145  59.5%   742  817s
H15813  8485                       1.2365556    0.50145  59.4%   743  817s
H15816  8475                       1.2356079    0.50145  59.4%   743  817s
 15824  8697     cutoff   51         1.23561    0.50447  59.2%   743  841s
 16105  8967    1.07659   57 1484    1.23561    0.50597  59.1%   755  864s
 16492  9213    0.68589   43 1782    1.23561    0.50597  59.1%   763  888s
 16851  9504    0.78759   50 1689    1.23561    0.50597  59.1%   773  911s
H17004  9504                       1.2356068    0.50597  59.1%   777  911s
 17227  9990    1.05673   60 1545    1.23561    0.50790  58.9%   782  936s
 17870 10283    0.58827   37 1680    1.23561    0.50996  58.7%   781  964s
 18309 10546     cutoff   64         1.23561    0.51179  58.6%   788  992s
 18719 10834    1.02363   58 1932    1.23561    0.51373  58.4%   797 1023s
 19166 11163    0.79055   48 2202    1.23561    0.51595  58.2%   805 1056s
 19647 11494    0.72106   50 1838    1.23561    0.51741  58.1%   813 1088s
 20169 11753    0.57561   41 1940    1.23561    0.51880  58.0%   820 1120s
 20659 12059    0.66885   41 1566    1.23561    0.52057  57.9%   830 1162s
H21220 12449                       1.2356060    0.52063  57.9%   840 1215s
H21250 12440                       1.2350227    0.52116  57.8%   841 1215s
 21884 12881    0.82680   45 1625    1.23502    0.52315  57.6%   852 1273s
 22700 13254    1.16742   57 2041    1.23502    0.52641  57.4%   861 1329s
 23555 13700    0.92202   44 2171    1.23502    0.52791  57.3%   870 1384s
 24279 14107    0.62833   43 1830    1.23502    0.52831  57.2%   882 1443s
 24989 14647    0.67286   46 1869    1.23502    0.53022  57.1%   898 1509s
 25839 14949    0.67020   41 2196    1.23502    0.53140  57.0%   908 1577s
H26146 14949                       1.2350227    0.53140  57.0%   913 1577s
H26241 14949                       1.2350227    0.53140  57.0%   915 1577s
H26300 14883                       1.2325331    0.53140  56.9%   918 1577s
 26331 15424    1.06160   55 2157    1.23253    0.53314  56.7%   919 1652s
 27152 15948    0.96599   53 2001    1.23253    0.53438  56.6%   933 1731s
 27990 16641    0.72650   47 2077    1.23253    0.53667  56.5%   948 1800s

Cutting planes:
  Gomory: 630
  Implied bound: 2
  MIR: 155
  StrongCG: 9
  Flow cover: 561
  Zero half: 93
  RLT: 50
  BQP: 3

Explored 28919 nodes (27629339 simplex iterations) in 1800.04 seconds (3051.41 work units)
Thread count was 16 (of 16 available processors)

Solution count 10: 1.23253 1.23502 1.23502 ... 1.25985

Time limit reached
Warning: max constraint violation (4.5675e-04) exceeds tolerance
Warning: max general constraint violation (4.5675e-04) exceeds tolerance
Best objective 1.232533217144e+00, best bound 5.366656249360e-01, gap 56.4583%
