
Gurobi 9.5.0 (linux64) logging started Wed 16 Nov 2022 06:40:01 AM PST

Set parameter LogFile to value "experiments/t_5_theta_0.3/gurobi.1668609600.log"
Set parameter LogToConsole to value 0
Set parameter TimeLimit to value 1800
Set parameter Threads to value 16
Gurobi Optimizer version 9.5.0 build v9.5.0rc5 (linux64)
Thread count: 8 physical cores, 16 logical processors, using up to 16 threads
Optimize a model with 343 rows, 1518 columns and 5392 nonzeros
Model fingerprint: 0x48e03e88
Model has 3500 quadratic objective terms
Model has 375 quadratic constraints
Model has 5 general constraints
Variable types: 100 continuous, 1418 integer (1418 binary)
Coefficient statistics:
  Matrix range     [1e+00, 1e+01]
  QMatrix range    [1e+00, 1e+00]
  QLMatrix range   [1e+00, 1e+00]
  Objective range  [0e+00, 0e+00]
  QObjective range [2e-05, 1e+01]
  Bounds range     [1e+00, 8e+02]
  RHS range        [1e+00, 1e+02]
Presolve added 77 rows and 1523 columns
Presolve time: 0.04s
Presolved: 5349 rows, 5568 columns, 40602 nonzeros
Variable types: 1785 continuous, 3783 integer (3565 binary)

Root relaxation: objective 1.136868e-13, 5855 iterations, 0.26 seconds (0.22 work units)

    Nodes    |    Current Node    |     Objective Bounds      |     Work
 Expl Unexpl |  Obj  Depth IntInf | Incumbent    BestBd   Gap | It/Node Time

     0     0   -0.00000    0 3494          -   -0.00000      -     -    0s
     0     0    0.01488    0 3463          -    0.01488      -     -    1s
     0     0    0.06287    0 3162          -    0.06287      -     -    1s
     0     0    0.06318    0 3153          -    0.06318      -     -    1s
     0     0    0.07053    0 3051          -    0.07053      -     -    1s
     0     0    0.07573    0 3152          -    0.07573      -     -    2s
     0     0    0.07574    0 3118          -    0.07574      -     -    2s
     0     0    0.07957    0 3115          -    0.07957      -     -    2s
     0     0    0.07972    0 3145          -    0.07972      -     -    2s
     0     0    0.08221    0 3138          -    0.08221      -     -    2s
H    0     0                     121.1042274    0.08221   100%     -    3s
     0     0    0.08221    0 3129  121.10423    0.08221   100%     -    3s
H    0     0                      27.0267144    0.08230   100%     -    3s
H    0     0                      26.9213585    0.08230   100%     -    3s
     0     2    0.08230    0 3114   26.92136    0.08230   100%     -    4s
    15    32    0.18085    4 2916   26.92136    0.14005  99.5%   994    5s
H   33    42                      17.1173719    0.14878  99.1%   899    5s
H   36    42                      12.2149035    0.14878  98.8%   953    5s
H   79    82                       7.4135263    0.14883  98.0%   632    9s
H   81    82                       7.2117624    0.14883  97.9%   623    9s
H   82    82                       7.1713524    0.14883  97.9%   618    9s
H   83    82                       7.1470824    0.14883  97.9%   614    9s
H   87    82                       2.4154623    0.14883  93.8%   589    9s
H   88    82                       2.3584303    0.14883  93.7%   585    9s
    95   106    0.18550    7 2762    2.35843    0.14906  93.7%   552   10s
H  119   122                       1.8776396    0.14906  92.1%   542   14s
H  121   122                       1.8224216    0.14906  91.8%   535   14s
H  123   122                       1.5681952    0.14906  90.5%   529   14s
H  135   139                       1.5476009    0.14906  90.4%   525   16s
H  141   139                       1.5386365    0.14906  90.3%   532   16s
H  144   139                       1.5177739    0.14906  90.2%   538   16s
H  148   139                       1.4825098    0.14906  89.9%   534   16s
H  514   512                       1.3608964    0.14906  89.0%   405   23s
H  523   512                       1.3558198    0.14906  89.0%   406   23s
   989  1084    0.39935   48  467    1.35582    0.14906  89.0%   292   25s
H 1695  1642                       1.3429236    0.14906  88.9%   198   27s
H 1696  1638                       1.3307284    0.14906  88.8%   198   27s
H 1704  1629                       1.3270262    0.14906  88.8%   198   27s
H 1705  1626                       1.2998806    0.14906  88.5%   198   27s
H 2847  2627                       1.2930325    0.14949  88.4%   147   29s
H 2880  2625                       1.2855969    0.14949  88.4%   146   29s
  2902  2762    0.16940    6 2507    1.28560    0.14949  88.4%   148   30s
H 3993  3833                       1.2855940    0.14949  88.4%   141   33s
H 4002  3833                       1.2849445    0.14949  88.4%   141   33s
H 4162  3833                       1.2833373    0.14949  88.4%   138   33s
  4655  4584    1.01072   36 1424    1.28334    0.14949  88.4%   135   35s
H 5271  5084                       1.2819469    0.14949  88.3%   130   36s
H 5437  5084                       1.2811773    0.14949  88.3%   128   36s
H 5821  5287                       1.2744356    0.14953  88.3%   127   45s
H 5823  5024                       1.2716879    0.14953  88.2%   127   47s
  5830  5028    0.88867  183 2978    1.27169    0.14953  88.2%   127   50s
H 5832  4778                       1.2710383    0.14953  88.2%   127   51s
H 5833  4539                       1.2686749    0.14953  88.2%   127   51s
  5840  4547    0.15147   12 2579    1.26867    0.14953  88.2%   132   56s
H 5875  4352                       1.2676823    0.20801  83.6%   138   59s
  5886  4365    0.28598   16 2311    1.26768    0.20801  83.6%   139   60s
H 5918  4170                       1.2558492    0.20801  83.4%   142   68s
H 5921  3963                       1.2420092    0.20801  83.3%   143   68s
H 5926  3766                       1.2399021    0.20801  83.2%   143   68s
H 5929  3580                       1.2359951    0.20801  83.2%   144   68s
H 5934  3418                       1.2359719    0.20801  83.2%   145   69s
H 5936  3250                       1.2338170    0.20801  83.1%   145   69s
H 5943  3089                       1.2332146    0.20801  83.1%   146   69s
  5950  3105    0.31014   18 2161    1.23321    0.20801  83.1%   147   70s
H 6065  3010                       1.2176046    0.20801  82.9%   161   81s
H 6075  2864                       1.2146433    0.20801  82.9%   161   81s
H 6077  2726                       1.2122586    0.20801  82.8%   161   81s
  6191  2827    0.36581   26 1705    1.21226    0.20801  82.8%   171   85s
  6458  2964    0.54548   32 1511    1.21226    0.20801  82.8%   184   90s
  6701  3073    0.57357   37 1808    1.21226    0.20801  82.8%   197   97s
  6824  3158    0.64704   38 1787    1.21226    0.20801  82.8%   204  100s
  6889  3175    0.61388   39 1830    1.21226    0.20801  82.8%   206  111s
H 6890  3046                       1.2109013    0.20801  82.8%   206  111s
  7140  3238    0.72243   47 1696    1.21090    0.20801  82.8%   213  116s
  7348  3384    0.87157   53 1347    1.21090    0.20801  82.8%   218  120s
  7717  3542    0.97888   66 1401    1.21090    0.20801  82.8%   225  125s
  7943  3665    1.07459   73 1179    1.21090    0.20801  82.8%   232  130s
H 8018  3517                       1.2093180    0.20801  82.8%   234  130s
  8183  3679    0.66088   25 2103    1.20932    0.20801  82.8%   239  135s
  8458  3843    0.88110   34 1749    1.20932    0.20801  82.8%   245  140s
H 8799  3784                       1.2083191    0.22378  81.5%   250  149s
H 8811  3613                       1.1920765    0.22378  81.2%   250  149s
  8823  3785    0.33307   21 1935    1.19208    0.22378  81.2%   251  152s
  9026  3870    0.43618   26 1730    1.19208    0.22378  81.2%   253  155s
  9473  4005    0.69364   37 1409    1.19208    0.22378  81.2%   256  162s
  9668  4033    0.86574   51 1307    1.19208    0.23018  80.7%   258  165s
  9898  4203    0.36852   21 2013    1.19208    0.23018  80.7%   267  173s
H 9933  4071                       1.1897668    0.23018  80.7%   267  173s
H 9947  3901                       1.1786903    0.23018  80.5%   268  173s
 10051  3983    0.41072   24 1981    1.17869    0.23018  80.5%   271  178s
 10236  4066    0.44808   26 1970    1.17869    0.23018  80.5%   274  182s
 10419  4123    0.50466   29 2136    1.17869    0.23018  80.5%   278  186s
 10617  4161    0.55775   33 1654    1.17869    0.23018  80.5%   282  191s
 10748  4231    0.65839   37 1765    1.17869    0.23018  80.5%   288  196s
 10903  4333    0.74872   43 1505    1.17869    0.23018  80.5%   293  202s
 11066  4457    0.86162   55 1392    1.17869    0.23018  80.5%   298  206s
H11100  4343                       1.1764915    0.23018  80.4%   299  206s
 11253  4553    1.04366   67 1396    1.17649    0.24632  79.1%   303  211s
 11567  4696    0.27786   18 2046    1.17649    0.24632  79.1%   305  217s
 11805  4837    0.42626   24 1886    1.17649    0.24632  79.1%   309  222s
 11983  4960    0.47266   27 1896    1.17649    0.24632  79.1%   314  229s
H12131  5079                       1.1761121    0.24632  79.1%   320  235s
H12142  5077                       1.1753565    0.24632  79.0%   320  235s
H12227  5071                       1.1737172    0.24632  79.0%   324  235s
 12282  5230    0.56238   33 1872    1.17372    0.24632  79.0%   326  242s
 12487  5375    0.69903   35 1809    1.17372    0.24632  79.0%   331  249s
H12697  5299                       1.1639080    0.24632  78.8%   336  264s
H12700  5287                       1.1621686    0.24632  78.8%   336  264s
H12706  5262                       1.1598822    0.24632  78.8%   336  264s
H12713  5260                       1.1592701    0.24632  78.8%   336  264s
H12715  5214                       1.1538250    0.24632  78.7%   336  264s
 12721  5376    0.76882   39 1523    1.15383    0.24632  78.7%   337  271s
 12917  5551    0.83020   42 1647    1.15383    0.24632  78.7%   342  278s
H12967  5546                       1.1530364    0.24632  78.6%   343  278s
H13025  5505                       1.1492057    0.24632  78.6%   343  278s
 13116  5680    0.94615   53 1485    1.14921    0.24632  78.6%   345  285s
 13381  5851    1.12803   60 1609    1.14921    0.26041  77.3%   349  294s
 13592  6028    0.37392   23 1903    1.14921    0.27344  76.2%   355  303s
 13806  6219    0.71496   28 2053    1.14921    0.27344  76.2%   360  311s
H14072  6222                       1.1484171    0.27344  76.2%   365  418s
H14078  6222                       1.1484171    0.27344  76.2%   366  418s
H14082  6204                       1.1464917    0.27344  76.2%   366  419s
 14088  6406    1.10713   42 1566    1.14649    0.28013  75.6%   366  428s
 14333  6603    0.49248   32 2031    1.14649    0.28013  75.6%   373  437s
 14574  6804    0.86019   41 1950    1.14649    0.28172  75.4%   379  448s
 14798  7078    0.28461   23 2162    1.14649    0.28172  75.4%   386  458s
 15093  7410    0.45130   33 1748    1.14649    0.28172  75.4%   392  468s
 15492  7752    0.74066   44 1402    1.14649    0.28180  75.4%   395  478s
 15891  8034    0.48632   23 2133    1.14649    0.28180  75.4%   398  490s
 16292  8269    1.12604   46 1227    1.14649    0.28236  75.4%   401  502s
 16595  8560    0.43527   26 1980    1.14649    0.28236  75.4%   406  514s
 17049  8739    0.49955   29 1754    1.14649    0.28236  75.4%   408  527s
 17344  9087    0.52372   35 1813    1.14649    0.28236  75.4%   414  540s
 17769  9355    0.63654   39 1580    1.14649    0.28236  75.4%   417  554s
 18138  9834    0.72634   46 1603    1.14649    0.28236  75.4%   422  568s
 18650 10332    1.05294   71 1057    1.14649    0.28324  75.3%   425  582s
 19219 10780    0.43807   23 2318    1.14649    0.29026  74.7%   427  597s
 19734 11232    0.61547   29 2024    1.14649    0.29026  74.7%   430  614s
 20271 11627    0.71061   33 1584    1.14649    0.29026  74.7%   433  630s
 20764 12187 infeasible   40         1.14649    0.29523  74.2%   437  653s
 21471 12515    0.42898   24 2021    1.14649    0.29554  74.2%   443  677s
 21849 13015    0.55373   33 1502    1.14649    0.29554  74.2%   452  705s
 22409 13761    0.80378   47 1339    1.14649    0.29615  74.2%   461  734s
 23339 14344    0.50476   28 1695    1.14649    0.30076  73.8%   465  763s
 23999 15006    0.89170   47 1573    1.14649    0.30085  73.8%   474  793s
 24728 15765    0.56979   34 1870    1.14649    0.30090  73.8%   480  822s
 25619 16296    0.46976   33 1938    1.14649    0.30100  73.7%   484  853s
 26352 16836    0.51690   27 2077    1.14649    0.30376  73.5%   492  890s
 26896 17499    0.61743   32 1948    1.14649    0.30376  73.5%   506  926s
 27690 17854    1.04184   40 1708    1.14649    0.30376  73.5%   513  965s
H27719 17828                       1.1446905    0.30376  73.5%   514  965s
H27731 17668                       1.1371869    0.30376  73.3%   514  965s
H27840 17668                       1.1371803    0.30376  73.3%   515  965s
 28355 18246     cutoff   46         1.13718    0.30382  73.3%   517 1005s
 29367 18735     cutoff   66         1.13718    0.30386  73.3%   522 1046s
 30327 19545    0.48024   34 1781    1.13718    0.30531  73.2%   526 1088s
 31354 20393    0.74863   54 1456    1.13718    0.30702  73.0%   530 1131s
 32494 21188    0.38538   27 1902    1.13718    0.31044  72.7%   532 1176s
 33562 21957    0.91889   39 1637    1.13718    0.31113  72.6%   535 1224s
 34623 22692    0.79041   43 2000    1.13718    0.31292  72.5%   539 1274s
 35660 23727    0.64188   34 2031    1.13718    0.31548  72.3%   544 1327s
 36873 24892    0.91951   54 1796    1.13718    0.31801  72.0%   550 1378s
 38348 25829    1.04905   51 1836    1.13718    0.31827  72.0%   550 1433s
 39489 26922    0.92958   50 1598    1.13718    0.31985  71.9%   557 1488s
 40884 28034     cutoff   47         1.13718    0.32015  71.8%   561 1547s
H42192 27646                       1.1259081    0.32018  71.6%   567 1695s
 42195 27648    0.92801   55 3035    1.12591    0.32018  71.6%   567 1700s
 42200 27652    0.72226   43 2878    1.12591    0.32018  71.6%   567 1705s
 42203 27654    0.51257   30 2835    1.12591    0.32018  71.6%   567 1710s
 42207 27656    0.96492   46 2841    1.12591    0.32018  71.6%   567 1717s
H42208 26273                       1.1259081    0.32018  71.6%   567 1721s
 42211 26275    0.58343   35 2922    1.12591    0.32018  71.6%   567 1726s
 42213 26276    0.45568   29 2885    1.12591    0.32018  71.6%   567 1731s
 42215 26278    1.07055   67 2888    1.12591    0.32018  71.6%   567 1735s
 42219 26280    0.60299   33 2879    1.12591    0.32018  71.6%   566 1741s
 42221 26282    0.33277   21 2888    1.12591    0.32018  71.6%   566 1745s
 42224 26284    0.82630   42 2897    1.12591    0.32018  71.6%   566 1752s
 42225 26284    0.70219   36 2900    1.12591    0.32018  71.6%   566 1756s
 42228 26286    0.99365   67 2906    1.12591    0.32018  71.6%   566 1762s
 42230 26288    1.04914   43 2896    1.12591    0.32018  71.6%   566 1766s
H42230 24973                       1.1259081    0.32018  71.6%   566 1767s
 42232 24974    0.88164   48 2901    1.12591    0.32018  71.6%   566 1770s
 42235 24976    0.77279   56 2904    1.12591    0.32018  71.6%   566 1777s
 42237 24977    0.86402   47 2901    1.12591    0.32018  71.6%   566 1782s
 42239 24979    0.37286   24 2904    1.12591    0.32018  71.6%   566 1786s
 42241 24980    1.09096   59 2891    1.12591    0.32018  71.6%   566 1790s
 42243 24981    1.12467   46 2895    1.12591    0.32018  71.6%   566 1796s

Cutting planes:
  Gomory: 617
  Implied bound: 24
  MIR: 22
  Flow cover: 82
  Zero half: 3
  RLT: 30
  Relax-and-lift: 2
  BQP: 4

Explored 42244 nodes (24093566 simplex iterations) in 1800.02 seconds (2785.88 work units)
Thread count was 16 (of 16 available processors)

Solution count 10: 1.12591 1.12591 1.12591 ... 1.14921

Time limit reached
Warning: max constraint violation (1.1546e-03) exceeds tolerance
Warning: max general constraint violation (1.1546e-03) exceeds tolerance
         (model may be infeasible or unbounded - try turning presolve off)
Best objective 1.125908080670e+00, best bound 3.201830055569e-01, gap 71.5622%
