
Gurobi 9.5.0 (linux64) logging started Tue 15 Nov 2022 03:42:15 PM PST

Set parameter LogFile to value "experiments/t_4_theta_0.3/gurobi.1668555734.log"
Set parameter LogToConsole to value 0
Set parameter TimeLimit to value 1800
Set parameter Threads to value 16
Gurobi Optimizer version 9.5.0 build v9.5.0rc5 (linux64)
Thread count: 8 physical cores, 16 logical processors, using up to 16 threads
Optimize a model with 342 rows, 1488 columns and 5363 nonzeros
Model fingerprint: 0xf51a27c8
Model has 3475 quadratic objective terms
Model has 300 quadratic constraints
Model has 4 general constraints
Variable types: 95 continuous, 1393 integer (1393 binary)
Coefficient statistics:
  Matrix range     [1e+00, 1e+01]
  QMatrix range    [1e+00, 1e+00]
  QLMatrix range   [1e+00, 1e+00]
  Objective range  [0e+00, 0e+00]
  QObjective range [2e-05, 1e+01]
  Bounds range     [1e+00, 8e+02]
  RHS range        [1e+00, 1e+02]
Presolve added 56 rows and 1414 columns
Presolve time: 0.03s
Presolved: 5174 rows, 5340 columns, 39068 nonzeros
Variable types: 1628 continuous, 3712 integer (3527 binary)

Root relaxation: objective -8.526513e-14, 6141 iterations, 0.27 seconds (0.27 work units)

    Nodes    |    Current Node    |     Objective Bounds      |     Work
 Expl Unexpl |  Obj  Depth IntInf | Incumbent    BestBd   Gap | It/Node Time

     0     0    0.00000    0 3495          -    0.00000      -     -    0s
     0     0    0.01339    0 3532          -    0.01339      -     -    1s
     0     0    0.06235    0 3179          -    0.06235      -     -    1s
     0     0    0.06241    0 3165          -    0.06241      -     -    1s
     0     0    0.07090    0 3192          -    0.07090      -     -    2s
     0     0    0.07116    0 3139          -    0.07116      -     -    2s
     0     0    0.07255    0 3201          -    0.07255      -     -    2s
     0     0    0.07267    0 3195          -    0.07267      -     -    2s
     0     0    0.07359    0 3181          -    0.07359      -     -    3s
H    0     0                     108.1804346    0.07359   100%     -    3s
     0     0    0.07359    0 3156  108.18043    0.07359   100%     -    3s
H    0     0                      27.4779132    0.07359   100%     -    4s
H    0     0                      17.5579417    0.07359   100%     -    4s
     0     2    0.07359    0 3143   17.55794    0.07359   100%     -    4s
     7    12    0.08008    3 3059   17.55794    0.07994   100%   489    5s
H   41    48                      12.3676599    0.12057  99.0%   922    6s
H   42    48                       7.6053961    0.12057  98.4%   911    6s
H   52    48                       2.7889904    0.12057  95.7%   950    6s
H   89    96                       2.3634814    0.12057  94.9%   762    8s
H   97    96                       2.3617911    0.12057  94.9%   714    8s
H   99    96                       2.2992192    0.12057  94.8%   702    8s
H  106   117                       2.2026520    0.12057  94.5%   678    9s
H  148   155                       1.7446032    0.12057  93.1%   595   14s
H  149   155                       1.7042513    0.12057  92.9%   593   14s
H  151   155                       1.6426900    0.12057  92.7%   600   14s
   221   240    0.29869   19 2260    1.64269    0.12057  92.7%   568   15s
  1457  1598    0.98112   79  739    1.64269    0.12057  92.7%   189   20s
H 2920  2580                       1.5810289    0.13694  91.3%   133   28s
H 2922  2452                       1.5787192    0.13694  91.3%   133   30s
H 2923  2330                       1.5660817    0.13694  91.3%   133   31s
H 2923  2213                       1.5553229    0.13694  91.2%   133   31s
H 2924  2103                       1.5399330    0.13694  91.1%   133   31s
H 2925  1999                       1.5387422    0.13694  91.1%   133   32s
H 2925  1899                       1.5295645    0.13694  91.0%   133   32s
H 2928  1806                       1.5266597    0.13694  91.0%   132   33s
H 2929  1715                       1.5154032    0.13694  91.0%   132   34s
H 2929  1629                       1.5146519    0.13694  91.0%   132   34s
  2932  1631    0.45329   58 2899    1.51465    0.13694  91.0%   132   35s
H 2932  1550                       1.5060935    0.13694  90.9%   132   35s
H 2934  1474                       1.5040319    0.13757  90.9%   132   36s
H 2934  1400                       1.4946230    0.13867  90.7%   132   37s
H 2935  1330                       1.4850824    0.13895  90.6%   132   37s
H 2935  1263                       1.4807128    0.13895  90.6%   132   37s
  2940  1267    0.61422   60 2933    1.48071    0.14149  90.4%   132   40s
H 2940  1203                       1.4792730    0.14206  90.4%   132   41s
H 2941  1143                       1.4177172    0.14242  90.0%   132   41s
H 2943  1087                       1.4070014    0.14325  89.8%   132   43s
H 2945  1033                       1.4062907    0.14340  89.8%   132   44s
  2947  1034    0.36296   47 2960    1.40629    0.14346  89.8%   132   45s
H 2949   984                       1.4015215    0.14402  89.7%   131   47s
  2954   987    1.16747  142 3021    1.40152    0.14428  89.7%   131   50s
  2969  1014    0.28643   13 2548    1.40152    0.20029  85.7%   157   55s
H 2993   972                       1.3960520    0.22070  84.2%   171   56s
  3017   996    0.30469   15 2534    1.39605    0.22468  83.9%   186   60s
H 3033   960                       1.3307050    0.22468  83.1%   197   69s
H 3043   911                       1.2950866    0.23896  81.5%   204   69s
  3049   930    0.32298   16 2508    1.29509    0.23896  81.5%   208   71s
  3118   971    0.31198   18 2455    1.29509    0.23896  81.5%   226   75s
  3232  1049    0.35242   20 2180    1.29509    0.23896  81.5%   257   80s
  3389  1143    0.40358   23 2133    1.29509    0.23896  81.5%   280   86s
  3542  1186    0.47583   26 1700    1.29509    0.23896  81.5%   293   90s
H 3641  1162                       1.2714651    0.23896  81.2%   304  108s
H 3642  1121                       1.2682602    0.23896  81.2%   305  108s
H 3645  1081                       1.2667851    0.23896  81.1%   307  108s
H 3652  1042                       1.2642232    0.23896  81.1%   309  108s
H 3653  1007                       1.2616996    0.23896  81.1%   308  108s
  3718  1071    0.45765   29 1921    1.26170    0.23896  81.1%   314  111s
  3817  1114    0.51773   33 1891    1.26170    0.23896  81.1%   330  116s
  3913  1173    0.55569   35 1958    1.26170    0.23896  81.1%   346  120s
  4044  1229    0.58338   37 2123    1.26170    0.23896  81.1%   357  125s
  4153  1295    0.68925   40 2065    1.26170    0.23896  81.1%   372  130s
  4280  1372    0.99658   43 1697    1.26170    0.23896  81.1%   387  136s
  4480  1476    0.92669   48 1971    1.26170    0.23896  81.1%   396  142s
  4569  1518    1.04713   51 2039    1.26170    0.23896  81.1%   402  145s
  4768  1579    0.35589   16 2424    1.26170    0.23900  81.1%   411  151s
  4845  1632    0.43989   19 2306    1.26170    0.23900  81.1%   420  155s
  5046  1795    0.57567   26 2046    1.26170    0.23900  81.1%   432  162s
  5192  1905    0.74588   35 2112    1.26170    0.23900  81.1%   435  166s
  5344  1978    0.83369   40 2025    1.26170    0.24709  80.4%   437  170s
  5448  2080    0.29424   16 2108    1.26170    0.24709  80.4%   444  175s
  5681  2265    0.46772   25 2017    1.26170    0.24709  80.4%   454  184s
  5773  2373    0.62460   31 1891    1.26170    0.24709  80.4%   462  188s
  5893  2493    1.02070   40 1798    1.26170    0.24709  80.4%   468  198s
  6036  2610    1.12054   48 1629    1.26170    0.25198  80.0%   472  203s
  6198  2723    0.28305   15 2197    1.26170    0.25198  80.0%   475  209s
  6346  2805    0.46497   20 1986    1.26170    0.25198  80.0%   480  215s
  6472  2917    0.70289   26 2007    1.26170    0.25198  80.0%   487  222s
  6593  3037    0.90676   36 1797    1.26170    0.25198  80.0%   495  229s
  6738  3156    1.03942   45 1772    1.26170    0.25198  80.0%   501  235s
  6893  3241    1.23184   57 1479    1.26170    0.26386  79.1%   507  242s
  7058  3256    0.30646   15 1956    1.26170    0.27272  78.4%   512  261s
H 7066  3255                       1.2595995    0.27272  78.3%   513  261s
H 7074  3241                       1.2522555    0.27272  78.2%   513  261s
H 7088  3227                       1.2464748    0.27272  78.1%   514  261s
  7091  3328    0.35067   17 2223    1.24647    0.27272  78.1%   515  269s
  7233  3447    0.35980   17 2158    1.24647    0.27272  78.1%   522  278s
  7373  3593    0.35663   18 1968    1.24647    0.27272  78.1%   529  286s
  7554  3741    0.41779   19 2126    1.24647    0.27272  78.1%   535  295s
  7740  3889    0.44313   22 1761    1.24647    0.27272  78.1%   539  304s
  7915  4039    0.48923   27 2191    1.24647    0.27272  78.1%   547  313s
H 8100  4191                       1.2421223    0.27272  78.0%   553  324s
H 8136  4191                       1.2420443    0.27272  78.0%   554  324s
H 8160  4186                       1.2397164    0.27272  78.0%   555  324s
H 8195  4184                       1.2393251    0.27272  78.0%   556  324s
  8305  4329    0.56387   33 1561    1.23933    0.27272  78.0%   559  334s
  8500  4474    0.63311   39 1683    1.23933    0.27272  78.0%   566  344s
  8685  4618    0.79437   46 1839    1.23933    0.27272  78.0%   574  355s
  8842  4765    0.90895   52 1739    1.23933    0.27272  78.0%   584  373s
H 8856  4677                       1.2197852    0.27272  77.6%   583  373s
  8999  4846    1.02159   56 1687    1.21979    0.27272  77.6%   591  385s
  9212  5011     cutoff   61         1.21979    0.28942  76.3%   597  398s
  9426  5246    0.38241   20 1987    1.21979    0.28942  76.3%   605  410s
  9684  5538    0.57618   27 1658    1.21979    0.28942  76.3%   610  422s
H10012  5732                       1.2126994    0.28942  76.1%   611  436s
H10021  5720                       1.2114065    0.29222  75.9%   612  436s
 10369  5826    0.56449   20 2053    1.21141    0.29222  75.9%   610  452s
 10578  5974    0.99736   25 2051    1.21141    0.29466  75.7%   618  468s
 10807  6144    0.41202   21 1988    1.21141    0.32028  73.6%   627  485s
 11014  6285    0.60892   32 1905    1.21141    0.32028  73.6%   637  502s
 11225  6429     cutoff   53         1.21141    0.32222  73.4%   646  520s
H11228  6413                       1.2102997    0.32222  73.4%   645  520s
H11340  6409                       1.2101074    0.32375  73.2%   649  520s
 11515  6599    0.37435   18 2055    1.21011    0.32375  73.2%   652  541s
 11786  6790    0.52725   27 1817    1.21011    0.32375  73.2%   660  561s
 12001  6996    0.95096   41 2000    1.21011    0.32375  73.2%   669  581s
H12268  6980                       1.2079474    0.32375  73.2%   677  799s
H12269  6967                       1.2067262    0.32375  73.2%   677  799s
H12273  6966                       1.2066483    0.32375  73.2%   677  799s
H12274  6909                       1.2003571    0.32375  73.0%   677  799s
H12288  6876                       1.1970666    0.32375  73.0%   678  799s
 12289  6883     cutoff   54         1.19707    0.32454  72.9%   678  834s
H12293  6863                       1.1957675    0.32454  72.9%   678  834s
H12297  6843                       1.1941548    0.32454  72.8%   678  834s
H12299  6841                       1.1939642    0.32454  72.8%   678  834s
H12303  6839                       1.1939392    0.32454  72.8%   678  834s
H12313  6830                       1.1927076    0.32454  72.8%   679  834s
 12314  6975    0.35398   19 2268    1.19271    0.32454  72.8%   679  856s
 12560  7242    0.35924   20 2268    1.19271    0.32454  72.8%   689  877s
 12899  7473    1.06588   32 1937    1.19271    0.32601  72.7%   694  900s
 13220  7692    0.65065   22 2179    1.19271    0.32673  72.6%   702  924s
 13532  7848    0.92988   33 2347    1.19271    0.32673  72.6%   710  950s
 13822  8095     cutoff   50         1.19271    0.33468  71.9%   719  976s
 14152  8291    0.51140   29 1819    1.19271    0.33468  71.9%   727 1005s
 14440  8511 infeasible   49         1.19271    0.33691  71.8%   737 1034s
 14802  8727     cutoff   43         1.19271    0.34017  71.5%   744 1066s
 15120  8968     cutoff   46         1.19271    0.34130  71.4%   753 1098s
 15448  9234    1.01730   34 2234    1.19271    0.34151  71.4%   763 1131s
 15822  9461    0.74155   26 2255    1.19271    0.34260  71.3%   771 1166s
 16163  9736    0.47958   21 2068    1.19271    0.34260  71.3%   781 1201s
 16540 10018    1.03827   38 1764    1.19271    0.34915  70.7%   790 1238s
 16962 10311    0.51358   24 1762    1.19271    0.34915  70.7%   798 1276s
 17408 10610    0.49693   26 2091    1.19271    0.34915  70.7%   805 1315s
 17847 10908    1.13969   44 2110    1.19271    0.35251  70.4%   813 1359s
 18283 11202    0.85103   41 2074    1.19271    0.35251  70.4%   821 1400s
 18897 11413    1.17495   54 1819    1.19271    0.35273  70.4%   822 1446s
 19369 11768    0.60373   30 2097    1.19271    0.35273  70.4%   831 1493s
 19818 12093    1.12826   45 2048    1.19271    0.35536  70.2%   841 1542s
 20357 12456    1.19239   52 1879    1.19271    0.35970  69.8%   849 1592s
 20909 12952    0.48250   26 1889    1.19271    0.35970  69.8%   857 1654s
 21647 13267    0.91575   44 1636    1.19271    0.36201  69.6%   860 1719s
 22371 13778    0.66138   28 1825    1.19271    0.36294  69.6%   869 1790s
 23057 13838    0.65025   29 1975    1.19271    0.36294  69.6%   881 1800s

Cutting planes:
  Gomory: 589
  Cover: 2
  Implied bound: 7
  MIR: 62
  StrongCG: 12
  Flow cover: 274
  Inf proof: 1
  Zero half: 174
  RLT: 114
  Relax-and-lift: 2
  BQP: 29

Explored 23145 nodes (20428876 simplex iterations) in 1800.01 seconds (2716.79 work units)
Thread count was 16 (of 16 available processors)

Solution count 10: 1.19271 1.19394 1.19396 ... 1.20795

Time limit reached
Warning: max constraint violation (8.4955e-04) exceeds tolerance
Warning: max general constraint violation (8.4955e-04) exceeds tolerance
Best objective 1.192707556827e+00, best bound 3.629439932944e-01, gap 69.5697%
