
Gurobi 9.5.0 (linux64) logging started Wed 16 Nov 2022 11:37:28 AM PST

Set parameter LogFile to value "experiments/t_5_theta_0.001/gurobi.1668627447.log"
Set parameter LogToConsole to value 0
Set parameter TimeLimit to value 1800
Set parameter Threads to value 16
Gurobi Optimizer version 9.5.0 build v9.5.0rc5 (linux64)
Thread count: 8 physical cores, 16 logical processors, using up to 16 threads
Optimize a model with 343 rows, 1518 columns and 5392 nonzeros
Model fingerprint: 0x5f5a117d
Model has 3500 quadratic objective terms
Model has 375 quadratic constraints
Model has 5 general constraints
Variable types: 100 continuous, 1418 integer (1418 binary)
Coefficient statistics:
  Matrix range     [1e+00, 1e+01]
  QMatrix range    [1e+00, 1e+00]
  QLMatrix range   [1e+00, 1e+00]
  Objective range  [0e+00, 0e+00]
  QObjective range [8e-08, 5e-02]
  Bounds range     [1e+00, 8e+02]
  RHS range        [1e+00, 1e+02]
Presolve added 77 rows and 1523 columns
Presolve time: 0.04s
Presolved: 5349 rows, 5568 columns, 40602 nonzeros
Variable types: 1785 continuous, 3783 integer (3565 binary)

Root relaxation: objective 2.484266e-07, 6944 iterations, 0.44 seconds (0.54 work units)

    Nodes    |    Current Node    |     Objective Bounds      |     Work
 Expl Unexpl |  Obj  Depth IntInf | Incumbent    BestBd   Gap | It/Node Time

     0     0    0.00000    0 3490          -    0.00000      -     -    0s
     0     0    0.00006    0 3493          -    0.00006      -     -    2s
     0     0    0.02622    0 3084          -    0.02622      -     -    2s
H    0     0                       1.5887597    0.02622  98.3%     -    4s
H    0     0                       1.5587750    0.02622  98.3%     -    4s
     0     0    0.02631    0 3022    1.55878    0.02631  98.3%     -    4s
     0     0    0.02631    0 3068    1.55878    0.02631  98.3%     -    4s
H    0     0                       1.3000945    0.02631  98.0%     -    6s
H    0     0                       1.2870339    0.02631  98.0%     -    6s
     0     0    0.02634    0 3032    1.28703    0.02634  98.0%     -    6s
H    0     0                       1.2791583    0.02634  97.9%     -    6s
     0     0    0.02634    0 2982    1.27916    0.02634  97.9%     -    6s
H    0     0                       1.2790930    0.02634  97.9%     -    6s
     0     0    0.02638    0 2931    1.27909    0.02638  97.9%     -    8s
     0     0    0.02638    0 2912    1.27909    0.02638  97.9%     -    8s
     0     2    0.02638    0 2887    1.27909    0.02638  97.9%     -    9s
     3     6 infeasible    2         1.27909    0.02639  97.9%   707   10s
    89    97    0.02736    8 2364    1.27909    0.02659  97.9%  1613   17s
H   94    97                       1.2739857    0.02659  97.9%  1610   17s
H   95    97                       1.2657633    0.02659  97.9%  1594   17s
H   99    97                       1.2135168    0.02659  97.8%  1553   17s
H  153   153                       1.1689035    0.02659  97.7%  1484   25s
H  154   153                       1.1214550    0.02659  97.6%  1480   25s
H  164   153                       1.1213190    0.02659  97.6%  1471   25s
H  215   217                       1.0950286    0.02659  97.6%  1349   27s
H  271   266                       1.0908226    0.02659  97.6%  1440   29s
   284   290    0.05352   10 2408    1.09082    0.02659  97.6%  1489   31s
   309   314    0.05354   11 2467    1.09082    0.02659  97.6%  1539   35s
H  311   314                       1.0769434    0.02659  97.5%  1530   35s
H  318   314                       1.0740400    0.02659  97.5%  1534   35s
   510   542    0.05394   15 2387    1.07404    0.02659  97.5%  1296   40s
   902   990    0.14472   20 2364    1.07404    0.02659  97.5%   985   45s
H 1342  1453                       1.0739094    0.02659  97.5%   737   48s
H 1434  1453                       1.0738308    0.02659  97.5%   701   48s
  1949  2005    0.11669   25 2153    1.07383    0.02659  97.5%   552   50s
H 2592  2457                       1.0738259    0.02659  97.5%   459   53s
H 2635  2457                       1.0738206    0.02659  97.5%   454   53s
H 2640  2457                       1.0737902    0.02659  97.5%   453   53s
H 2645  2449                       1.0712529    0.02659  97.5%   457   53s
  2684  2530    0.22948   35 1948    1.07125    0.02659  97.5%   458   55s
  2941  2602    0.20040   36 2041    1.07125    0.02659  97.5%   457   62s
H 2945  2602                       1.0710848    0.02659  97.5%   458   62s
H 2947  2563                       1.0606559    0.02659  97.5%   461   62s
  3037  2669    0.22648   38 1949    1.06066    0.02659  97.5%   475   65s
  3367  2989    0.41476   43 1694    1.06066    0.02659  97.5%   510   70s
  3865  3475    0.58877   85 1324    1.06066    0.02659  97.5%   524   76s
H 3980  3475                       1.0606209    0.02659  97.5%   530   89s
  3981  3476    0.36103   44 1831    1.06062    0.02659  97.5%   530   90s
H 3982  3303                       1.0605861    0.02659  97.5%   529   90s
  3986  3305    0.08267   11 2976    1.06059    0.02659  97.5%   529   95s
H 3989  3141                       1.0605332    0.02659  97.5%   529   99s
  3991  3143    0.05862   13 2924    1.06053    0.02659  97.5%   528  101s
H 3991  2986                       1.0605191    0.02659  97.5%   528  102s
H 3993  2837                       1.0605034    0.04831  95.4%   528  105s
H 3994  2696                       1.0594051    0.04831  95.4%   528  106s
H 3994  2561                       1.0593823    0.04831  95.4%   528  106s
H 3994  2433                       1.0592382    0.04831  95.4%   528  106s
H 3994  2311                       1.0592381    0.04832  95.4%   528  107s
H 3994  2195                       1.0592227    0.04832  95.4%   528  107s
H 3994  2085                       1.0591618    0.04832  95.4%   528  107s
H 3995  1981                       1.0590553    0.04832  95.4%   528  109s
H 3995  1881                       1.0577053    0.04832  95.4%   528  109s
H 3995  1787                       1.0524763    0.04832  95.4%   528  109s
H 3996  1698                       1.0524550    0.05399  94.9%   528  111s
H 3997  1614                       1.0524337    0.05399  94.9%   527  113s
H 3997  1533                       1.0523845    0.05399  94.9%   527  113s
H 3997  1456                       1.0522762    0.05399  94.9%   527  113s
  3999  1457    0.54947  159 2769    1.05228    0.06568  93.8%   527  115s
H 3999  1384                       1.0522618    0.06568  93.8%   527  116s
H 4000  1315                       1.0521481    0.06960  93.4%   527  118s
  4002  1316    0.12241   19 2832    1.05215    0.07839  92.5%   527  121s
H 4002  1250                       1.0521416    0.07839  92.5%   527  123s
  4004  1251    0.08380   34 2867    1.05214    0.08198  92.2%   527  126s
H 4005  1189                       1.0521037    0.08210  92.2%   526  130s
H 4007  1130                       1.0520918    0.08221  92.2%   526  134s
H 4008  1074                       1.0520704    0.08277  92.1%   526  136s
  4011  1076    0.74625  166 2605    1.05207    0.14501  86.2%   526  140s
H 4011  1022                       1.0460035    0.14501  86.1%   526  143s
  4013  1023    0.51750   80 2915    1.04600    0.17133  83.6%   525  145s
H 4013   971                       1.0459957    0.17133  83.6%   525  147s
  4016   973    0.44388   99 2867    1.04600    0.18923  81.9%   525  150s
H 4017   925                       1.0459847    0.19696  81.2%   525  155s
H 4019   879                       1.0459452    0.19708  81.2%   525  161s
  4021   881    0.68202   55 3039    1.04595    0.20230  80.7%   524  165s
H 4021   836                       1.0459382    0.20230  80.7%   524  168s
  4023   837    0.20540   49 2949    1.04594    0.20540  80.4%   524  170s
  4025   838    0.96856   77 2869    1.04594    0.20706  80.2%   524  176s
H 4025   795                       1.0459342    0.20732  80.2%   524  178s
H 4026   756                       1.0459338    0.20732  80.2%   524  181s
H 4028   718                       1.0459073    0.20773  80.1%   523  186s
H 4030   683                       1.0455419    0.20957  80.0%   523  190s
H 4032   649                       1.0454639    0.20977  79.9%   523  194s
  4034   650    0.61423  190 3047    1.04546    0.20990  79.9%   523  197s
  4036   652    1.02297   85 2935    1.04546    0.21005  79.9%   522  203s
  4037   652    0.23692   28 2977    1.04546    0.21008  79.9%   522  205s
  4039   654    0.77021  171 3038    1.04546    0.21017  79.9%   522  210s
H 4041   621                       1.0454638    0.21020  79.9%   522  215s
  4045   624    0.21050   41 2947    1.04546    0.21050  79.9%   521  221s
H 4045   592                       1.0454424    0.21057  79.9%   521  223s
  4047   593    0.79719  121 2987    1.04544    0.21057  79.9%   521  225s
H 4049   563                       1.0454047    0.21129  79.8%   521  231s
  4052   565    1.00910   29 2826    1.04540    0.21193  79.7%   520  235s
  4054   567    0.33040   57 2908    1.04540    0.21255  79.7%   520  240s
  4057   569    0.21273   17 3018    1.04540    0.21273  79.7%   520  245s
  4061   571    0.45828   97 2837    1.04540    0.21305  79.6%   519  251s
  4063   573    0.36840   39 2819    1.04540    0.21309  79.6%   519  255s
  4066   575    0.51482  162 2830    1.04540    0.21315  79.6%   519  261s
H 4067   545                       1.0453931    0.21315  79.6%   518  264s
  4069   547    0.34829   69 2845    1.04539    0.21316  79.6%   518  266s
H 4069   518                       1.0453802    0.21316  79.6%   518  268s
H 4069   491                       1.0453783    0.21322  79.6%   518  268s
  4071   492    0.44410  120 2850    1.04538    0.21322  79.6%   518  270s
  4073   493    0.74084  140 2846    1.04538    0.21325  79.6%   518  275s
H 4073   467                       1.0453779    0.21327  79.6%   518  277s
  4076   469    0.32169   96 2825    1.04538    0.21329  79.6%   517  281s
H 4077   444                       1.0453763    0.21335  79.6%   517  286s
H 4079   422                       1.0453749    0.21335  79.6%   517  291s
  4082   424    0.53714  144 2927    1.04537    0.21335  79.6%   517  296s
  4089   431    0.22081   56 2677    1.04537    0.21335  79.6%   684  301s
  4092   433    0.66625  190 2881    1.04537    0.21335  79.6%   683  305s
  4095   435    0.69104  114 2903    1.04537    0.21335  79.6%   683  310s
  4097   436    0.50013   77 2877    1.04537    0.21335  79.6%   683  316s
  4099   437    0.54947  159 2780    1.04537    0.21335  79.6%   682  320s
  4101   439    0.98212  182 2854    1.04537    0.21342  79.6%   682  325s
  4103   440    0.60096  108 2850    1.04537    0.21349  79.6%   682  331s
  4105   441    0.80068  168 2905    1.04537    0.21351  79.6%   681  335s
  4108   443    0.91912  154 2636    1.04537    0.23940  77.1%   681  341s
  4110   445    0.38195   68 2783    1.04537    0.24074  77.0%   680  346s
  4112   446    0.47520  114 2818    1.04537    0.24078  77.0%   680  350s
  4115   448    0.34671   28 2776    1.04537    0.24078  77.0%   680  355s
  4117   449    0.24078   12 2833    1.04537    0.24078  77.0%   679  360s
  4120   451    0.59466   59 2822    1.04537    0.24078  77.0%   679  366s
  4127   458    0.82300  162 2796    1.04537    0.24078  77.0%   740  370s
  4131   460    0.40399   48 2787    1.04537    0.24078  77.0%   739  376s
  4133   462    0.91902  147 2803    1.04537    0.24078  77.0%   739  380s
  4136   464    1.02297   85 2743    1.04537    0.24078  77.0%   738  387s
  4138   465    0.70591  276 2756    1.04537    0.24081  77.0%   738  392s
  4140   466    0.61630   75 2834    1.04537    0.24081  77.0%   737  397s
  4141   467    0.69356   53 2858    1.04537    0.24081  77.0%   737  400s
  4143   468    0.92053  157 2828    1.04537    0.24081  77.0%   737  406s
  4145   470    0.24081   41 2826    1.04537    0.24081  77.0%   736  411s
  4147   471    0.79719  121 2807    1.04537    0.24083  77.0%   736  416s
  4149   472    0.24083   21 2797    1.04537    0.24083  77.0%   736  422s
  4151   474    0.63406  104 2834    1.04537    0.24083  77.0%   735  426s
  4152   474    1.00910   29 2828    1.04537    0.24083  77.0%   735  430s
  4155   476    0.75330  194 2878    1.04537    0.24083  77.0%   735  437s
  4157   478    0.24083   17 2818    1.04537    0.24083  77.0%   734  440s
  4159   482    0.25006   28 2561    1.04537    0.24083  77.0%   796  448s
  4161   485    0.25163   29 2522    1.04537    0.24267  76.8%   800  454s
  4165   492    0.28264   30 2631    1.04537    0.24279  76.8%   807  462s
  4173   503    0.28896   31 2525    1.04537    0.24490  76.6%   828  477s
  4189   513    0.29056   32 2595    1.04537    0.24776  76.3%   886  493s
  4205   523    0.28949   32 2409    1.04537    0.24779  76.3%   923  500s
  4221   533    0.29056   33 2594    1.04537    0.25138  76.0%   945  507s
  4237   544    0.29058   33 2643    1.04537    0.25138  76.0%   971  521s
  4253   557    0.30030   34 2389    1.04537    0.25138  76.0%  1014  530s
  4272   571    0.29098   34 2643    1.04537    0.25138  76.0%  1051  537s
  4296   576    0.29212   35 2539    1.04537    0.25138  76.0%  1078  548s
  4314   592    0.31102   35 2560    1.04537    0.25138  76.0%  1115  555s
  4337   608    0.29212   36 2641    1.04537    0.25176  75.9%  1151  562s
  4360   614    0.29219   36 2648    1.04537    0.25262  75.8%  1181  585s
  4376   629    0.30889   37 2413    1.04537    0.25262  75.8%  1199  591s
  4402   644    0.42036   37 2330    1.04537    0.25262  75.8%  1225  600s
  4430   669    0.30924   38 2475    1.04537    0.25262  75.8%  1253  609s
H 4466   632                       1.0453747    0.25262  75.8%  1272  609s
  4471   664    0.30924   39 2333    1.04537    0.25262  75.8%  1275  618s
  4513   680    0.31051   40 2419    1.04537    0.25262  75.8%  1302  625s
  4545   700    0.35072   40 2138    1.04537    0.25262  75.8%  1332  634s
  4583   722    0.33209   41 2352    1.04537    0.25262  75.8%  1371  642s
  4623   744    0.39548   41 2598    1.04537    0.25262  75.8%  1401  652s
  4669   761    0.36499   42 2438    1.04537    0.25262  75.8%  1428  662s
  4709   766    0.36057   42 2159    1.04537    0.25262  75.8%  1458  677s
  4737   788    0.39273   43 2252    1.04537    0.25262  75.8%  1481  687s
  4777   809    0.39284   44 2248    1.04537    0.25262  75.8%  1512  697s
  4817   849    0.47071   45 2147    1.04537    0.25262  75.8%  1545  707s
  4874   870    0.42535   45 2392    1.04537    0.25262  75.8%  1572  720s
  4931   879    0.62327   46 2143    1.04537    0.25262  75.8%  1609  731s
  4979   898    0.66534   47 2016    1.04537    0.25262  75.8%  1647  742s
  5035   921    0.72131   48 2262    1.04537    0.25262  75.8%  1690  756s
  5087   955    0.70723   50 2369    1.04537    0.25262  75.8%  1734  769s
  5138  1001    0.73765   51 2255    1.04537    0.25262  75.8%  1776  781s
  5203  1038    0.70765   53 2435    1.04537    0.25262  75.8%  1816  796s
  5291  1041    0.95193   55 2345    1.04537    0.25262  75.8%  1845  811s
  5335  1085    0.83528   56 2190    1.04537    0.25262  75.8%  1874  827s
  5422  1120    0.98301   58 1769    1.04537    0.25262  75.8%  1901  843s
  5499  1157    1.00693   60 2219    1.04537    0.25262  75.8%  1934  861s
  5571  1214    1.00704   61 2193    1.04537    0.25503  75.6%  1971  880s
  5659  1289    0.26472   33 2626    1.04537    0.25503  75.6%  2007  900s
  5746  1345    0.32623   35 2592    1.04537    0.25503  75.6%  2047  919s
  5817  1407    0.35562   37 2461    1.04537    0.25503  75.6%  2092  937s
  5904  1447    0.37835   39 2330    1.04537    0.25503  75.6%  2135  980s
H 5921  1447                       1.0453747    0.25503  75.6%  2144  980s
  5967  1487    0.42968   41 2124    1.04537    0.25503  75.6%  2166 1004s
H 5974  1459                       1.0364987    0.25503  75.4%  2167 1004s
H 6043  1467                       1.0335412    0.25503  75.3%  2196 1028s
H 6060  1467                       1.0335043    0.25503  75.3%  2210 1028s
  6143  1505    0.84244   53 2396    1.03350    0.25503  75.3%  2240 1057s
  6226  1553    0.96361   63 2482    1.03350    0.25503  75.3%  2292 1083s
H 6245  1553                       1.0335021    0.25503  75.3%  2307 1083s
H 6252  1544                       1.0275378    0.25503  75.2%  2317 1083s
  6286  1610     cutoff   67         1.02754    0.25648  75.0%  2342 1112s
  6362  1652    0.26850   33 2704    1.02754    0.25648  75.0%  2400 1140s
H 6365  1652                       1.0275353    0.25648  75.0%  2402 1140s
H 6383  1652                       1.0274853    0.25648  75.0%  2415 1140s
  6417  1700    0.28828   34 2884    1.02749    0.25648  75.0%  2431 1171s
  6509  1745    0.37756   37 2235    1.02749    0.25648  75.0%  2482 1206s
  6584  1798    0.63920   41 2063    1.02749    0.25648  75.0%  2540 1239s
H 6623  1798                       1.0274836    0.25648  75.0%  2573 1239s
H 6648  1798                       1.0274775    0.25648  75.0%  2579 1239s
  6662  1852    0.81705   47 1949    1.02748    0.25648  75.0%  2595 1271s
H 6672  1851                       1.0274183    0.25648  75.0%  2596 1271s
H 6703  1851                       1.0273632    0.25648  75.0%  2618 1271s
  6734  1879     cutoff   54         1.02736    0.25681  75.0%  2643 1302s
H 6746  1879                       1.0273448    0.25681  75.0%  2647 1302s
  6781  1955    0.48019   36 2740    1.02734    0.25681  75.0%  2681 1337s
H 6885  1994                       1.0273271    0.25681  75.0%  2735 1378s
H 6894  1994                       1.0272930    0.25681  75.0%  2744 1378s
  6929  2063    1.00080   43 2610    1.02729    0.25733  75.0%  2766 1415s
  7038  2175    0.41339   35 2762    1.02729    0.26632  74.1%  2829 1455s
  7191  2285    0.86095   48 2381    1.02729    0.26632  74.1%  2875 1493s
  7330  2371     cutoff   59         1.02729    0.26691  74.0%  2925 1533s
  7451  2424    0.45917   35 2641    1.02729    0.26832  73.9%  2987 1573s
H 7455  2424                       1.0272916    0.26832  73.9%  2989 1573s
  7524  2525    0.46020   37 2640    1.02729    0.26832  73.9%  3026 1617s
  7684  2611    0.78833   42 2600    1.02729    0.26832  73.9%  3077 1663s
  7824  2712     cutoff   46         1.02729    0.26832  73.9%  3133 1710s
  7957  2801     cutoff   50         1.02729    0.26910  73.8%  3193 1761s
  8114  2853    0.33846   37 2366    1.02729    0.26910  73.8%  3243 1800s

Cutting planes:
  Gomory: 841
  Implied bound: 7
  MIR: 81
  StrongCG: 4
  Flow cover: 394
  Zero half: 47
  RLT: 31
  BQP: 16

Explored 8194 nodes (26931694 simplex iterations) in 1800.04 seconds (2853.96 work units)
Thread count was 16 (of 16 available processors)

Solution count 10: 1.02729 1.02729 1.02733 ... 1.02754

Time limit reached
Warning: max constraint violation (1.1546e-03) exceeds tolerance
Warning: max general constraint violation (1.1546e-03) exceeds tolerance
         (model may be infeasible or unbounded - try turning presolve off)
Best objective 1.027291597212e+00, best bound 2.690982656006e-01, gap 73.8051%
