
Gurobi 9.5.0 (linux64) logging started Tue 15 Nov 2022 07:52:18 AM PST

Set parameter LogFile to value "experiments/t_3_theta_0.6/gurobi.1668527537.log"
Set parameter LogToConsole to value 0
Set parameter TimeLimit to value 1800
Set parameter Threads to value 16
Gurobi Optimizer version 9.5.0 build v9.5.0rc5 (linux64)
Thread count: 8 physical cores, 16 logical processors, using up to 16 threads
Optimize a model with 341 rows, 1458 columns and 5334 nonzeros
Model fingerprint: 0x5c9697ad
Model has 3450 quadratic objective terms
Model has 225 quadratic constraints
Model has 3 general constraints
Variable types: 90 continuous, 1368 integer (1368 binary)
Coefficient statistics:
  Matrix range     [1e+00, 1e+01]
  QMatrix range    [1e+00, 1e+00]
  QLMatrix range   [1e+00, 1e+00]
  Objective range  [0e+00, 0e+00]
  QObjective range [5e-05, 3e+01]
  Bounds range     [1e+00, 8e+02]
  RHS range        [1e+00, 1e+02]
Presolve added 35 rows and 1307 columns
Presolve time: 0.05s
Presolved: 4999 rows, 5114 columns, 37576 nonzeros
Variable types: 1473 continuous, 3641 integer (3486 binary)

Root relaxation: objective 9.237056e-13, 5412 iterations, 0.28 seconds (0.30 work units)

    Nodes    |    Current Node    |     Objective Bounds      |     Work
 Expl Unexpl |  Obj  Depth IntInf | Incumbent    BestBd   Gap | It/Node Time

     0     0    0.00000    0 3487          -    0.00000      -     -    0s
H    0     0                     101.9974633    0.00000   100%     -    0s
H    0     0                      81.8892203    0.00000   100%     -    0s
     0     0    0.02909    0 3467   81.88922    0.02909   100%     -    1s
     0     0    0.09314    0 3017   81.88922    0.09314   100%     -    1s
     0     0    0.09316    0 3017   81.88922    0.09316   100%     -    1s
     0     0    0.10538    0 2985   81.88922    0.10538   100%     -    1s
     0     0    0.10540    0 2984   81.88922    0.10540   100%     -    2s
     0     0    0.10806    0 2973   81.88922    0.10806   100%     -    2s
     0     0    0.10811    0 2944   81.88922    0.10811   100%     -    2s
     0     0    0.10947    0 2941   81.88922    0.10947   100%     -    2s
     0     0    0.10947    0 2918   81.88922    0.10947   100%     -    2s
H    0     0                      22.4468551    0.10947   100%     -    3s
H    0     0                       2.7938839    0.10947  96.1%     -    3s
H    0     2                       2.7586416    0.10947  96.0%     -    3s
     0     2    0.10947    0 2915    2.75864    0.10947  96.0%     -    3s
H   35    48                       2.7368731    0.12219  95.5%   310    4s
    63    76    0.27629    6 2494    2.73687    0.12219  95.5%   519    7s
H   79    92                       2.5595962    0.12219  95.2%   606    8s
H   80    92                       2.4564474    0.12219  95.0%   624    8s
H   81    92                       2.4337015    0.12219  95.0%   653    8s
H   84    92                       2.3486302    0.12219  94.8%   631    8s
H   85    92                       2.3140654    0.12219  94.7%   624    8s
   137   150    0.28771    9 2457    2.31407    0.12219  94.7%   685   11s
H  139   150                       2.2874028    0.12219  94.7%   683   11s
H  140   150                       2.2868914    0.12219  94.7%   679   11s
H  141   150                       2.2858007    0.12219  94.7%   688   11s
H  142   150                       2.2297137    0.12219  94.5%   696   11s
H  144   150                       1.9681809    0.12219  93.8%   706   11s
H  145   150                       1.8411922    0.12219  93.4%   704   11s
H  224   235                       1.8212457    0.12219  93.3%   698   14s
H  225   235                       1.7167312    0.12219  92.9%   699   14s
H  226   235                       1.6856153    0.12219  92.8%   697   14s
H  232   235                       1.4915218    0.12219  91.8%   698   14s
   339   395    0.51696   18 1813    1.49152    0.12219  91.8%   586   15s
H  661   651                       1.4302749    0.12219  91.5%   421   21s
H  662   651                       1.4069911    0.12219  91.3%   420   21s
H  664   651                       1.3489289    0.12219  90.9%   419   21s
  1688  1628     cutoff  111         1.34893    0.12361  90.8%   267   25s
  2638  2373    0.55149   16 1706    1.34893    0.12361  90.8%   261   35s
H 2639  2255                       1.3454872    0.12361  90.8%   261   36s
  2649  2261    0.69721   20 2794    1.34549    0.17009  87.4%   260   40s
H 2653  2150                       1.3454499    0.23527  82.5%   260   43s
H 2654  2043                       1.3123883    0.24849  81.1%   260   45s
H 2654  1941                       1.2836671    0.24849  80.6%   260   45s
H 2654  1844                       1.2835692    0.24849  80.6%   260   45s
H 2654  1751                       1.2706759    0.24849  80.4%   260   45s
H 2654  1663                       1.2695438    0.24849  80.4%   260   45s
H 2656  1581                       1.2558141    0.26574  78.8%   260   47s
H 2657  1502                       1.2535399    0.26748  78.7%   259   48s
H 2657  1427                       1.2535050    0.26748  78.7%   259   48s
H 2658  1355                       1.2492728    0.27102  78.3%   259   49s
  2660  1357    0.75761   28 2814    1.24927    0.28803  76.9%   259   50s
H 2662  1290                       1.2490478    0.30295  75.7%   259   53s
  2665  1292    0.66596   18 2824    1.24905    0.30635  75.5%   259   55s
  2670  1295    0.80039   28 2824    1.24905    0.31925  74.4%   258   61s
  2673  1297    0.78318   28 2799    1.24905    0.33133  73.5%   258   65s
  2678  1301    0.55887   26 2789    1.24905    0.33298  73.3%   257   70s
  2683  1304    1.04784   39 2803    1.24905    0.33639  73.1%   257   75s
  2689  1308    1.24905   45 2810    1.24905    0.33903  72.9%   256   80s
  2695  1312    1.16188   74 2822    1.24905    0.34640  72.3%   256   85s
  2705  1320    1.04694  107 2767    1.24905    0.34644  72.3%   301   90s
H 2709  1256                       1.2475021    0.34644  72.2%   300   93s
  2712  1258    0.63002   22 2747    1.24750    0.34644  72.2%   300   96s
H 2713  1196                       1.2468569    0.34644  72.2%   300   98s
  2715  1200    0.35767   26 2384    1.24686    0.34644  72.2%   314  100s
  2729  1223    0.57636   29 2644    1.24686    0.36561  70.7%   324  105s
  2761  1244    0.59932   30 2387    1.24686    0.38196  69.4%   365  112s
H 2793  1203                       1.2414950    0.38196  69.2%   392  121s
H 2796  1145                       1.2403997    0.38196  69.2%   393  121s
H 2804  1088                       1.2403997    0.38196  69.2%   396  121s
  2856  1130    0.75435   33 2128    1.24040    0.38196  69.2%   411  129s
H 2857  1078                       1.2392806    0.38196  69.2%   411  129s
  2872  1097    0.81250   33 2128    1.23928    0.38196  69.2%   414  131s
  2959  1171    0.77709   35 2101    1.23928    0.38196  69.2%   439  135s
  3064  1229    0.90487   37 2097    1.23928    0.38196  69.2%   465  140s
  3199  1312    0.87735   39 1797    1.23928    0.38196  69.2%   481  145s
  3357  1424    0.89718   44 1717    1.23928    0.38196  69.2%   502  151s
  3505  1460    0.92629   46 1553    1.23928    0.38196  69.2%   507  155s
  3645  1479    0.96020   48 1516    1.23928    0.38196  69.2%   518  160s
  3785  1578    1.04556   53  931    1.23928    0.38196  69.2%   551  167s
  3896  1657    1.11574   59  941    1.23928    0.38196  69.2%   568  171s
  4063  1762     cutoff   74         1.23928    0.46285  62.7%   578  177s
  4172  1826    0.56287   31 2114    1.23928    0.46285  62.7%   584  180s
  4410  1872    0.64131   33 2025    1.23928    0.46285  62.7%   591  186s
  4489  1902    0.63753   36 2105    1.23928    0.46285  62.7%   601  190s
  4633  2024    0.72202   38 1842    1.23928    0.46285  62.7%   620  196s
  4901  2155    0.82138   42 1896    1.23928    0.46285  62.7%   624  208s
H 5070  2078                       1.2378042    0.46285  62.6%   623  214s
H 5085  2026                       1.2334705    0.46285  62.5%   624  214s
  5106  2142    0.88757   46 1584    1.23347    0.46285  62.5%   627  218s
  5283  2191    0.92781   48 1527    1.23347    0.46285  62.5%   628  222s
  5426  2268    1.16339   56 1278    1.23347    0.48636  60.6%   635  226s
  5590  2397    0.63671   31 2293    1.23347    0.49825  59.6%   641  231s
  5735  2485    0.71254   33 2117    1.23347    0.49825  59.6%   645  237s
  5900  2562    0.83261   36 2114    1.23347    0.49825  59.6%   651  242s
  6010  2667    0.99154   41 1671    1.23347    0.49825  59.6%   663  246s
  6156  2779     cutoff   55         1.23347    0.50516  59.0%   669  252s
  6375  2858    0.58072   33 2363    1.23347    0.51297  58.4%   670  257s
  6497  2955    0.63972   35 2336    1.23347    0.51297  58.4%   678  263s
  6644  3032    0.74674   38 1968    1.23347    0.51297  58.4%   685  271s
H 6648  3024                       1.2306896    0.51297  58.3%   685  271s
H 6741  3015                       1.2279088    0.51297  58.2%   686  271s
H 6747  3002                       1.2258626    0.51297  58.2%   688  271s
H 6762  3027                       1.2230818    0.51297  58.1%   688  284s
H 6772  3027                       1.2230818    0.51297  58.1%   689  284s
H 6780  3009                       1.2203671    0.51297  58.0%   690  284s
H 6781  3009                       1.2203671    0.51297  58.0%   690  284s
H 6783  3009                       1.2203671    0.51297  58.0%   690  284s
H 6786  2953                       1.2116290    0.51297  57.7%   690  284s
  6811  3034    1.08187   51 1647    1.21163    0.51803  57.2%   692  291s
  6998  3129    0.63404   33 2030    1.21163    0.51803  57.2%   703  298s
  7144  3226    0.76757   35 1922    1.21163    0.51803  57.2%   716  305s
  7253  3339    0.86404   38 1902    1.21163    0.51803  57.2%   731  313s
  7420  3467    1.03135   42 1920    1.21163    0.51803  57.2%   741  320s
  7570  3595    1.07982   44 1587    1.21163    0.51803  57.2%   753  328s
  7722  3779    1.20498   53 1244    1.21163    0.53827  55.6%   765  336s
H 7967  3867                       1.2109174    0.53829  55.5%   771  344s
  8124  4005    0.62188   37 2049    1.21092    0.57194  52.8%   776  354s
  8343  4126    0.72121   40 2139    1.21092    0.57194  52.8%   786  363s
  8499  4293    0.75681   42 1852    1.21092    0.57194  52.8%   800  372s
  8711  4465    0.74554   41 2098    1.21092    0.57194  52.8%   809  383s
  8928  4613    0.76814   43 1691    1.21092    0.57194  52.8%   819  393s
H 9143  4698                       1.2081366    0.57194  52.7%   829  404s
H 9169  4691                       1.2061906    0.57194  52.6%   831  404s
  9272  4838    0.77216   43 1891    1.20619    0.57194  52.6%   836  415s
  9502  4976    0.80955   47 1723    1.20619    0.57194  52.6%   846  426s
  9687  5156    0.84034   46 1626    1.20619    0.57194  52.6%   859  437s
  9944  5340    0.88944   51 1524    1.20619    0.57194  52.6%   867  449s
 10194  5589    0.93167   54 1288    1.20619    0.57194  52.6%   874  461s
H10247  5524                       1.1975996    0.57194  52.2%   874  461s
 10515  5781    1.01017   63 1408    1.19760    0.57194  52.2%   878  475s
 10833  6131    1.11905   70 1138    1.19760    0.57194  52.2%   883  488s
 11240  6453    1.14490   82  973    1.19760    0.59922  50.0%   881  502s
 11692  6677    0.74569   39 2253    1.19760    0.60015  49.9%   879  517s
 12144  6790    0.95319   50 1886    1.19760    0.60758  49.3%   877  532s
 12545  6977    0.68315   38 2164    1.19760    0.61465  48.7%   882  548s
 12915  7125    1.11708   50 1710    1.19760    0.61732  48.5%   889  565s
 13110  7476    0.74937   36 2003    1.19760    0.62014  48.2%   903  582s
 13560  7820    0.97830   43 1985    1.19760    0.62038  48.2%   906  601s
 14034  8003    0.70109   37 2018    1.19760    0.62493  47.8%   908  620s
 14331  8045     cutoff   50         1.19760    0.62493  47.8%   920  688s
H14343  8045                       1.1975996    0.62493  47.8%   920  688s
H14356  8043                       1.1975375    0.62493  47.8%   921  688s
 14398  8373     cutoff   50         1.19754    0.62616  47.7%   924  707s
 14807  8826    0.86466   37 1701    1.19754    0.62672  47.7%   935  728s
 15354  9212    1.14918   54 1586    1.19754    0.62831  47.5%   935  749s
 15853  9535    1.13290   65 1229    1.19754    0.63169  47.3%   938  772s
 16358  9787    1.19200   53 1421    1.19754    0.63579  46.9%   940  795s
 16769 10154    0.87353   42 1862    1.19754    0.63711  46.8%   949  820s
 17302 10499    0.78820   43 1782    1.19754    0.64040  46.5%   950  845s
 17787 10868    0.74775   42 2247    1.19754    0.64189  46.4%   953  871s
 18339 11219    0.76307   39 1920    1.19754    0.64587  46.1%   956  898s
 18895 11586    0.72955   35 1886    1.19754    0.64867  45.8%   959  927s
 19455 11868    0.82377   52 1448    1.19754    0.64996  45.7%   962  956s
H19930 12004                       1.1975375    0.65043  45.7%   972  985s
H19936 12004                       1.1975375    0.65043  45.7%   972  985s
 20150 12354    1.04472   51 1882    1.19754    0.65161  45.6%   973 1017s
 20608 13124    0.77100   41 1982    1.19754    0.65161  45.6%   988 1051s
 21571 13504    1.13898   63 1451    1.19754    0.65334  45.4%   986 1080s
 22087 13872 infeasible   62         1.19754    0.65344  45.4%   992 1115s
 22718 14402    0.90085   41 1882    1.19754    0.65626  45.2%   997 1151s
 23508 14824    0.73975   38 1913    1.19754    0.65833  45.0%   997 1192s
 24190 15499    0.86322   47 1907    1.19754    0.66021  44.9%  1004 1234s
 25105 16071     cutoff   67         1.19754    0.66086  44.8%  1008 1279s
 25973 16661    0.80237   43 1688    1.19754    0.66402  44.6%  1011 1327s
 26830 17384    0.95128   45 2098    1.19754    0.66517  44.5%  1015 1375s
 27687 18184    0.94933   48 1441    1.19754    0.66576  44.4%  1025 1425s
 28795 18919    1.18696   57 1607    1.19754    0.66654  44.3%  1027 1477s
 29898 19661    1.09252   53 1341    1.19754    0.67116  44.0%  1026 1532s
 30840 20735    0.83668   45 1440    1.19754    0.67233  43.9%  1033 1590s
 32265 21464    1.17239   58 1633    1.19754    0.67351  43.8%  1027 1650s
 33330 22577    0.83378   43 1648    1.19754    0.67727  43.4%  1031 1714s
 34750 23114    0.85099   41 1755    1.19754    0.67804  43.4%  1030 1779s
H35150 23114                       1.1975375    0.67877  43.3%  1032 1779s
H35424 23114                       1.1975375    0.67949  43.3%  1035 1779s
 35627 23452    0.79022   47 1968    1.19754    0.67949  43.3%  1037 1800s

Cutting planes:
  Gomory: 527
  MIR: 107
  StrongCG: 8
  Flow cover: 534
  Zero half: 111
  RLT: 54
  Relax-and-lift: 1
  BQP: 3

Explored 35992 nodes (37433001 simplex iterations) in 1800.02 seconds (2636.05 work units)
Thread count was 16 (of 16 available processors)

Solution count 10: 1.19754 1.19754 1.19754 ... 1.22037

Time limit reached
Warning: max constraint violation (5.5340e-04) exceeds tolerance
Warning: max general constraint violation (5.5340e-04) exceeds tolerance
Best objective 1.197537489624e+00, best bound 6.794876001475e-01, gap 43.2596%
