
Gurobi 9.5.0 (linux64) logging started Tue 15 Nov 2022 10:22:31 AM PST

Set parameter LogFile to value "experiments/t_3_theta_0.8/gurobi.1668536550.log"
Set parameter LogToConsole to value 0
Set parameter TimeLimit to value 1800
Set parameter Threads to value 16
Gurobi Optimizer version 9.5.0 build v9.5.0rc5 (linux64)
Thread count: 8 physical cores, 16 logical processors, using up to 16 threads
Optimize a model with 341 rows, 1458 columns and 5334 nonzeros
Model fingerprint: 0x9705854a
Model has 3450 quadratic objective terms
Model has 225 quadratic constraints
Model has 3 general constraints
Variable types: 90 continuous, 1368 integer (1368 binary)
Coefficient statistics:
  Matrix range     [1e+00, 1e+01]
  QMatrix range    [1e+00, 1e+00]
  QLMatrix range   [1e+00, 1e+00]
  Objective range  [0e+00, 0e+00]
  QObjective range [6e-05, 4e+01]
  Bounds range     [1e+00, 8e+02]
  RHS range        [1e+00, 1e+02]
Presolve added 35 rows and 1307 columns
Presolve time: 0.04s
Presolved: 4999 rows, 5114 columns, 37576 nonzeros
Variable types: 1473 continuous, 3641 integer (3486 binary)

Root relaxation: objective -1.023182e-12, 5412 iterations, 0.34 seconds (0.30 work units)

    Nodes    |    Current Node    |     Objective Bounds      |     Work
 Expl Unexpl |  Obj  Depth IntInf | Incumbent    BestBd   Gap | It/Node Time

     0     0   -0.00000    0 3487          -   -0.00000      -     -    0s
H    0     0                     135.2667830   -0.00000   100%     -    0s
H    0     0                     108.4557923   -0.00000   100%     -    0s
     0     0    0.03879    0 3463  108.45579    0.03879   100%     -    1s
     0     0    0.10846    0 3030  108.45579    0.10846   100%     -    1s
     0     0    0.10849    0 3031  108.45579    0.10849   100%     -    1s
     0     0    0.12737    0 2998  108.45579    0.12737   100%     -    2s
H    0     0                     108.1361588    0.12737   100%     -    2s
     0     0    0.12742    0 2990  108.13616    0.12742   100%     -    2s
     0     0    0.13091    0 3010  108.13616    0.13091   100%     -    2s
     0     0    0.13128    0 2974  108.13616    0.13128   100%     -    2s
H    0     0                       1.5657927    0.13128  91.6%     -    3s
H    0     0                       1.5309392    0.13128  91.4%     -    3s
     0     0    0.13309    0 2960    1.53094    0.13309  91.3%     -    3s
     0     0    0.13309    0 2948    1.53094    0.13309  91.3%     -    3s
     0     2    0.13317    0 2944    1.53094    0.13317  91.3%     -    3s
    47    62    0.30785    5 2777    1.53094    0.15078  90.2%   889    5s
   117   126    0.48105    8 2544    1.53094    0.15078  90.2%   788   10s
H  139   142                       1.5037154    0.15078  90.0%   803   13s
H  143   142                       1.4489930    0.15078  89.6%   798   13s
H  145   142                       1.4393319    0.15078  89.5%   801   13s
   314   333    0.82980   16 1473    1.43933    0.15078  89.5%   687   15s
H  848   786                       1.2388135    0.15078  87.8%   425   21s
H  850   786                       1.2355073    0.15078  87.8%   425   21s
  1778  1676     cutoff  106         1.23551    0.15145  87.7%   291   25s
H 1978  1740                       1.2220364    0.15145  87.6%   275   25s
H 1979  1702                       1.2068331    0.15145  87.5%   275   25s
H 2074  1655                       1.1903868    0.15145  87.3%   269   30s
H 2076  1562                       1.1887541    0.15145  87.3%   268   31s
H 2076  1484                       1.1886625    0.15145  87.3%   268   32s
H 2079  1412                       1.1861566    0.15145  87.2%   268   33s
  2084  1415    0.82445   32 2848    1.18616    0.16436  86.1%   267   35s
H 2085  1345                       1.1795551    0.16647  85.9%   267   35s
H 2086  1277                       1.1793312    0.16998  85.6%   267   35s
H 2086  1213                       1.1690750    0.17121  85.4%   267   36s
H 2087  1153                       1.1690353    0.17121  85.4%   267   36s
H 2087  1095                       1.1619105    0.17121  85.3%   267   36s
H 2087  1040                       1.1566578    0.17550  84.8%   267   36s
H 2090   990                       1.1489109    0.19018  83.4%   266   38s
H 2091   941                       1.1467088    0.20149  82.4%   266   38s
H 2091   894                       1.1439765    0.20149  82.4%   266   38s
H 2093   850                       1.1393599    0.29109  74.5%   266   39s
  2095   851    1.13620   38 2833    1.13936    0.29109  74.5%   266   40s
  2105   858    0.97666   84 2804    1.13936    0.32026  71.9%   265   45s
H 2107   815                       1.1393599    0.33243  70.8%   264   46s
  2117   822    0.75910   17 2819    1.13936    0.36176  68.2%   263   50s
H 2123   784                       1.1278232    0.39922  64.6%   262   53s
  2129   788    0.41178    8 2833    1.12782    0.41178  63.5%   262   55s
H 2130   749                       1.1258643    0.41246  63.4%   261   55s
H 2135   713                       1.1244104    0.41784  62.8%   261   58s
  2137   717    0.41784   15 2497    1.12441    0.41784  62.8%   285   62s
  2151   741    0.79653   18 2167    1.12441    0.47714  57.6%   296   65s
H 2169   714                       1.1241933    0.56008  50.2%   305   67s
H 2174   678                       1.1204856    0.56008  50.0%   312   67s
  2215   712    0.91589   20 1940    1.12049    0.56008  50.0%   330   71s
H 2254   705                       1.1167778    0.56008  49.8%   343   77s
  2337   744    1.00051   23 1807    1.11678    0.56008  49.8%   353   86s
H 2343   711                       1.1167778    0.56008  49.8%   353   86s
  2389   741    1.00218   24 1791    1.11678    0.56008  49.8%   362   90s
  2479   779    1.01331   27 1752    1.11678    0.56008  49.8%   398   95s
  2635   835    1.03134   30 1707    1.11678    0.56008  49.8%   429  101s
  2779   906    1.07724   33 1302    1.11678    0.56008  49.8%   453  105s
  2945   951    1.09028   35 1221    1.11678    0.56008  49.8%   474  111s
  3068   993     cutoff   38         1.11678    0.56008  49.8%   485  115s
  3290  1121    0.99178   51  893    1.11678    0.56008  49.8%   502  121s
  3491  1186 infeasible   68         1.11678    0.57378  48.6%   503  126s
  3681  1289    0.68154   21 1770    1.11678    0.57378  48.6%   511  131s
H 3776  1245                       1.1167778    0.57378  48.6%   513  139s
H 3780  1244                       1.1167769    0.57378  48.6%   515  139s
H 3781  1239                       1.1134638    0.57378  48.5%   515  139s
  3798  1363    0.74741   22 1722    1.11346    0.57378  48.5%   517  142s
  3943  1502    0.70681   22 1508    1.11346    0.57378  48.5%   515  145s
  4254  1691    0.79568   23 1617    1.11346    0.57378  48.5%   513  151s
  4388  1755    1.08218   29 1615    1.11346    0.57378  48.5%   518  155s
  4580  1921    1.08074   51 1025    1.11346    0.63112  43.3%   535  162s
  4677  2027    0.71621   21 1552    1.11346    0.63112  43.3%   540  165s
  4967  2220    0.86639   25 1401    1.11346    0.63112  43.3%   543  174s
  5103  2312    0.90467   30 1374    1.11346    0.63112  43.3%   548  178s
  5237  2450    1.03203   40 1148    1.11346    0.65615  41.1%   554  182s
  5418  2603    0.79145   22 1375    1.11346    0.65615  41.1%   554  186s
  5625  2679    1.03471   26 1473    1.11346    0.65615  41.1%   552  191s
  5809  2787     cutoff   33         1.11346    0.67833  39.1%   556  196s
  5946  2836    0.72447   22 1639    1.11346    0.68639  38.4%   565  203s
  6005  2952    0.74946   23 1430    1.11346    0.68639  38.4%   568  208s
  6150  3119    0.77510   26 1336    1.11346    0.68639  38.4%   571  214s
  6396  3279    0.85536   33 1452    1.11346    0.68639  38.4%   569  220s
  6604  3417    1.06705   58 1119    1.11346    0.71621  35.7%   571  225s
  6823  3602    0.75078   24 1322    1.11346    0.71621  35.7%   572  232s
  7085  3728    0.83899   32 1304    1.11346    0.71621  35.7%   573  239s
  7271  3859    1.06570   48 1156    1.11346    0.72400  35.0%   579  246s
  7424  3997    0.96999   26 1557    1.11346    0.72400  35.0%   588  252s
  7598  4245    1.09370   35 1480    1.11346    0.72608  34.8%   595  258s
  7868  4486    0.74127   28 1522    1.11346    0.72608  34.8%   595  265s
  8189  4657    0.76495   30 1464    1.11346    0.72608  34.8%   593  272s
H 8338  4657                       1.1134638    0.72608  34.8%   592  272s
  8381  4843    1.01634   39 1496    1.11346    0.72608  34.8%   591  280s
  8733  5088    0.84989   29 1646    1.11346    0.72608  34.8%   589  288s
  9042  5290    0.97069   42 1574    1.11346    0.73429  34.1%   588  297s
  9325  5586    0.77410   22 1679    1.11346    0.73605  33.9%   592  305s
  9718  5868    0.86736   27 1623    1.11346    0.73605  33.9%   587  314s
 10112  6111    0.99184   37 1658    1.11346    0.73605  33.9%   583  323s
 10615  6356     cutoff   46         1.11346    0.74017  33.5%   576  332s
 10986  6648    0.79824   24 1308    1.11346    0.74342  33.2%   575  342s
 11406  6803    0.98276   38 1265    1.11346    0.74455  33.1%   574  354s
 11674  7033    0.87824   36 1439    1.11346    0.74606  33.0%   581  365s
 12040  7305    0.76655   25 1378    1.11346    0.74606  33.0%   582  376s
 12428  7592    1.11006   49 1232    1.11346    0.75113  32.5%   582  388s
 12841  7619    0.87281   25 1453    1.11346    0.75327  32.3%   583  418s
H12844  7619                       1.1134638    0.75327  32.3%   583  418s
 12874  7830    0.88401   26 1407    1.11346    0.75327  32.3%   585  431s
 13208  8094    1.05732   40 1293    1.11346    0.75408  32.3%   589  445s
 13635  8393    1.08763   36 1322    1.11346    0.75709  32.0%   590  458s
 14095  8406    0.84108   25 1363    1.11346    0.75709  32.0%   591  505s
H14100  8337                       1.1080307    0.75709  31.7%   591  505s
 14114  8624    0.85656   26 1324    1.10803    0.75840  31.6%   592  520s
 14555  8979    0.81737   22 1386    1.10803    0.75840  31.6%   594  534s
 15041  9469    0.91073   29 1337    1.10803    0.75840  31.6%   596  550s
 15717  9817    1.08185   47 1152    1.10803    0.76247  31.2%   592  566s
 16218 10148    0.93389   34 1214    1.10803    0.76363  31.1%   594  583s
 16753 10569    0.95649   39 1260    1.10803    0.76628  30.8%   594  599s
 17386 11016    1.08718   52 1242    1.10803    0.76781  30.7%   592  618s
 18071 11416    0.81923   28 1247    1.10803    0.77005  30.5%   588  637s
 18704 11882    0.84840   27 1264    1.10803    0.77161  30.4%   588  656s
 19393 12297    1.10040   36 1210    1.10803    0.77315  30.2%   585  676s
 20029 12716    0.92260   28 1266    1.10803    0.77428  30.1%   585  696s
 20722 13286    0.97923   43 1175    1.10803    0.77524  30.0%   583  720s
 21580 13882    0.92063   30 1392    1.10803    0.77699  29.9%   581  744s
 22476 14339    0.84141   23 1392    1.10803    0.77919  29.7%   577  768s
 23198 14909    0.85870   34 1218    1.10803    0.78043  29.6%   578  793s
 24064 15379    0.87184   25 1463    1.10803    0.78148  29.5%   576  819s
 24822 15977    0.85938   31 1537    1.10803    0.78262  29.4%   578  846s
 25730 16578     cutoff   52         1.10803    0.78415  29.2%   577  875s
 26673 17379    0.96462   44 1206    1.10803    0.78632  29.0%   576  906s
 27683 17770    0.89010   24 1429    1.10803    0.78650  29.0%   578  946s
H27722 17770                       1.1080306    0.78694  29.0%   578  946s
 28259 18428    0.85736   37 1255    1.10803    0.78767  28.9%   578  986s
 29280 19178    0.91776   41 1113    1.10803    0.78894  28.8%   579 1022s
 30443 19776    0.83535   30 1452    1.10803    0.78994  28.7%   579 1059s
 31636 20594    0.92328   41 1202    1.10803    0.79094  28.6%   578 1098s
 32781 21418    0.82528   28 1447    1.10803    0.79232  28.5%   581 1137s
 34060 22076    0.84274   32 1285    1.10803    0.79313  28.4%   581 1180s
 35227 22692    1.10394   57 1108    1.10803    0.79423  28.3%   582 1224s
 36422 23407    0.99723   45 1069    1.10803    0.79529  28.2%   585 1271s
 37559 24290    0.93761   39 1225    1.10803    0.79638  28.1%   588 1319s
 38950 25250    0.89997   28 1380    1.10803    0.79796  28.0%   590 1371s
 40401 26292    0.95791   41 1460    1.10803    0.79878  27.9%   592 1423s
 41974 27466    0.88754   36 1253    1.10803    0.80021  27.8%   591 1576s
 43677 28421    1.07451   52 1212    1.10803    0.80128  27.7%   590 1633s
 45034 29275    1.10765   44 1249    1.10803    0.80207  27.6%   593 1697s
 46402 30165    0.86451   29 1482    1.10803    0.80311  27.5%   595 1767s
 47812 30779    0.92114   32 1389    1.10803    0.80383  27.5%   599 1800s

Cutting planes:
  Gomory: 527
  Implied bound: 2
  MIR: 205
  StrongCG: 13
  Flow cover: 839
  Inf proof: 16
  Zero half: 72
  Mod-K: 1
  RLT: 35
  Relax-and-lift: 2
  BQP: 2

Explored 48607 nodes (29184096 simplex iterations) in 1800.02 seconds (3126.46 work units)
Thread count was 16 (of 16 available processors)

Solution count 10: 1.10803 1.10803 1.11346 ... 1.12441

Time limit reached
Warning: max constraint violation (4.5758e-04) exceeds tolerance
Warning: max general constraint violation (4.5758e-04) exceeds tolerance
Best objective 1.108030644916e+00, best bound 8.039446895919e-01, gap 27.4438%
