
Gurobi 9.5.0 (linux64) logging started Wed 16 Nov 2022 05:09:53 AM PST

Set parameter LogFile to value "experiments/t_5_theta_0.6/gurobi.1668604192.log"
Set parameter LogToConsole to value 0
Set parameter TimeLimit to value 1800
Set parameter Threads to value 16
Gurobi Optimizer version 9.5.0 build v9.5.0rc5 (linux64)
Thread count: 8 physical cores, 16 logical processors, using up to 16 threads
Optimize a model with 343 rows, 1518 columns and 5392 nonzeros
Model fingerprint: 0x69aefae3
Model has 3500 quadratic objective terms
Model has 375 quadratic constraints
Model has 5 general constraints
Variable types: 100 continuous, 1418 integer (1418 binary)
Coefficient statistics:
  Matrix range     [1e+00, 1e+01]
  QMatrix range    [1e+00, 1e+00]
  QLMatrix range   [1e+00, 1e+00]
  Objective range  [0e+00, 0e+00]
  QObjective range [5e-05, 3e+01]
  Bounds range     [1e+00, 8e+02]
  RHS range        [1e+00, 1e+02]
Presolve added 77 rows and 1523 columns
Presolve time: 0.04s
Presolved: 5349 rows, 5568 columns, 40602 nonzeros
Variable types: 1785 continuous, 3783 integer (3565 binary)

Root relaxation: objective 7.105427e-14, 5805 iterations, 0.26 seconds (0.23 work units)

    Nodes    |    Current Node    |     Objective Bounds      |     Work
 Expl Unexpl |  Obj  Depth IntInf | Incumbent    BestBd   Gap | It/Node Time

     0     0    0.00000    0 3504          -    0.00000      -     -    0s
     0     0    0.02853    0 3529          -    0.02853      -     -    1s
     0     0    0.09250    0 3045          -    0.09250      -     -    1s
     0     0    0.09272    0 3049          -    0.09272      -     -    1s
     0     0    0.10253    0 2989          -    0.10253      -     -    2s
     0     0    0.10258    0 3003          -    0.10258      -     -    2s
     0     0    0.10904    0 2986          -    0.10904      -     -    2s
     0     0    0.10938    0 2977          -    0.10938      -     -    2s
     0     0    0.11184    0 2975          -    0.11184      -     -    3s
H    0     0                     155.6678877    0.11184   100%     -    3s
     0     0    0.11184    0 2940  155.66789    0.11184   100%     -    3s
H    0     0                      32.2643535    0.11186   100%     -    4s
H    0     0                      32.1555028    0.11186   100%     -    4s
H    0     2                      32.1397798    0.11186   100%     -    4s
     0     2    0.11186    0 2935   32.13978    0.11186   100%     -    4s
    13    24    0.12764    4 2844   32.13978    0.12723   100%   412    5s
H   42    52                      32.1375055    0.12818   100%   496    6s
H   46    52                      22.3762548    0.12818  99.4%   569    6s
H   47    52                      22.3346193    0.12818  99.4%   593    6s
H   89    98                      12.4247231    0.12818  99.0%   767   10s
H   89    98                       2.3910479    0.12818  94.6%   767   10s
H   96    98                       1.6992002    0.12818  92.5%   787   10s
H  110   119                       1.6936260    0.12818  92.4%   822   11s
H  193   197                       1.6849791    0.12818  92.4%   735   13s
   337   385    0.46624   11 1911    1.68498    0.12818  92.4%   576   15s
H  521   523                       1.4810662    0.12818  91.3%   423   21s
H  522   523                       1.4513216    0.12818  91.2%   424   21s
H  523   523                       1.3809977    0.12818  90.7%   423   21s
H  524   523                       1.3775587    0.12818  90.7%   423   21s
H  525   523                       1.3244326    0.12818  90.3%   422   21s
H  950  1008                       1.2943300    0.12818  90.1%   306   23s
  1312  1347    0.56785   18 1100    1.29433    0.12818  90.1%   247   25s
H 2044  1885                       1.2851992    0.12818  90.0%   204   28s
H 2096  1882                       1.2832772    0.12818  90.0%   201   28s
H 2131  1881                       1.2827932    0.12818  90.0%   200   28s
  2338  2016    1.26312  129 1766    1.28279    0.12818  90.0%   203   37s
H 2339  1916                       1.2815920    0.12818  90.0%   202   37s
H 2341  1821                       1.2758043    0.12818  90.0%   202   39s
H 2343  1731                       1.2747926    0.12818  89.9%   202   39s
H 2344  1645                       1.2692101    0.12844  89.9%   202   40s
H 2346  1563                       1.2594428    0.15586  87.6%   202   40s
H 2348  1487                       1.2560029    0.15631  87.6%   202   41s
H 2348  1412                       1.2517062    0.15631  87.5%   202   41s
H 2348  1342                       1.2487497    0.15631  87.5%   202   41s
H 2349  1274                       1.2427703    0.16532  86.7%   202   41s
H 2349  1210                       1.2396775    0.16532  86.7%   202   41s
H 2349  1150                       1.2341433    0.16532  86.6%   202   41s
H 2349  1092                       1.2329359    0.16622  86.5%   202   42s
H 2349  1037                       1.2295053    0.16622  86.5%   202   42s
H 2349   985                       1.2288738    0.16622  86.5%   202   42s
H 2350   936                       1.2282451    0.16622  86.5%   201   42s
H 2353   891                       1.2102551    0.18104  85.0%   201   44s
H 2354   847                       1.1960158    0.24455  79.6%   201   45s
H 2354   805                       1.1846440    0.24455  79.4%   201   45s
H 2354   764                       1.1818632    0.24455  79.3%   201   45s
H 2364   731                       1.1786746    0.30167  74.4%   200   50s
H 2368   697                       1.1755956    0.32070  72.7%   200   52s
  2375   702    1.02363   51 2749    1.17560    0.34010  71.1%   199   55s
  2388   711    0.71658   59 2943    1.17560    0.35051  70.2%   219   60s
  2399   719    0.35647    8 2639    1.17560    0.35051  70.2%   218   65s
  2431   757    0.51257   30 1976    1.17560    0.41534  64.7%   242   70s
  2479   789    0.52517   31 1994    1.17560    0.41950  64.3%   249   75s
H 2480   752                       1.1755956    0.41950  64.3%   249   75s
H 2482   717                       1.1746567    0.42776  63.6%   249   75s
H 2483   684                       1.1746567    0.42776  63.6%   249   75s
  2764   894    0.61264   37 1797    1.17466    0.43063  63.3%   251   80s
  2967  1025    0.65103   43 1363    1.17466    0.43063  63.3%   271   85s
H 3095  1052                       1.1746203    0.43063  63.3%   288   93s
H 3098  1022                       1.1678540    0.43063  63.1%   289   93s
  3196  1120    0.69879   50  987    1.16785    0.43063  63.1%   295   95s
  3666  1351    0.78183   69  690    1.16785    0.43063  63.1%   292  100s
  4273  1859    0.90900  104  315    1.16785    0.43063  63.1%   284  105s
  5056  2556    1.08629  157   28    1.16785    0.43065  63.1%   265  110s
  5635  3067    0.59844   37 1785    1.16785    0.43483  62.8%   258  115s
  6286  3476    0.61363   41 1540    1.16785    0.43483  62.8%   252  121s
H 6287  3465                       1.1641619    0.43483  62.6%   252  121s
  6625  3876    0.66183   45 1489    1.16416    0.43483  62.6%   260  125s
  7170  4361    0.73587   59  801    1.16416    0.43483  62.6%   263  131s
  7591  4637    0.80440   77  719    1.16416    0.43483  62.6%   264  137s
H 7592  4558                       1.1563006    0.43483  62.4%   264  137s
  7663  4856    0.83157   77  756    1.15630    0.43483  62.4%   264  140s
  8638  5645    1.05043   90  664    1.15630    0.43483  62.4%   258  147s
  9190  5977    1.13639  113  539    1.15630    0.43513  62.4%   257  152s
  9439  6163    0.63906   34 1809    1.15630    0.49289  57.4%   259  155s
  9804  6403    0.69925   42 1639    1.15630    0.49289  57.4%   269  160s
 10162  6750    0.80503   51 1546    1.15630    0.49289  57.4%   277  167s
 10386  6947    0.80503   52 1468    1.15630    0.49289  57.4%   282  170s
 10942  7486    1.07445   67 1223    1.15630    0.52058  55.0%   286  177s
 11303  7868    0.75971   37 1934    1.15630    0.52058  55.0%   286  181s
 11738  8058    0.95377   39 1893    1.15630    0.52058  55.0%   285  185s
 12322  8538    1.06744   49 1569    1.15630    0.53561  53.7%   290  193s
 12718  8708    0.54191   34 1575    1.15630    0.53561  53.7%   290  220s
H12748  8613                       1.1497011    0.53561  53.4%   290  220s
H12780  8364                       1.1389826    0.53561  53.0%   290  220s
 12942  8576    0.93866   49 1527    1.13898    0.53561  53.0%   292  225s
 13569  9112    0.71054   42 1383    1.13898    0.54191  52.4%   297  234s
 13933  9397    0.92923   55 1169    1.13898    0.54971  51.7%   299  239s
 14343  9653    0.87625   45 1826    1.13898    0.55535  51.2%   300  244s
 14708 10025    0.70604   44 1467    1.13898    0.55586  51.2%   303  249s
 15225 10374    0.99379   67 1197    1.13898    0.56044  50.8%   303  255s
 15654 10735    0.58983   42 1455    1.13898    0.56044  50.8%   304  261s
 16136 11070    0.81458   53 1272    1.13898    0.56477  50.4%   305  266s
 16561 11362    0.66444   39 1544    1.13898    0.56477  50.4%   308  273s
 16978 11788    0.92034   53 1769    1.13898    0.56772  50.2%   310  279s
 17524 12131    0.65232   46 1182    1.13898    0.56772  50.2%   311  286s
H18036 12117                       1.1340100    0.56772  49.9%   312  297s
H18065 12114                       1.1338085    0.56877  49.8%   312  297s
H18172 12084                       1.1327915    0.56877  49.8%   313  297s
 18191 12484    0.66114   44 1518    1.13279    0.56877  49.8%   313  304s
 18702 12893    0.80869   53 1373    1.13279    0.56877  49.8%   315  311s
 19169 13358    1.10812   86  922    1.13279    0.57120  49.6%   320  319s
 19730 13878    0.67395   50 1296    1.13279    0.57120  49.6%   324  327s
 20332 14461    0.83820   71 1103    1.13279    0.57120  49.6%   328  336s
 20987 15217    1.03640   91  887    1.13279    0.57120  49.6%   331  346s
 21812 16165    1.13025  103  992    1.13279    0.57365  49.4%   333  355s
 22912 16716    1.06257   81 1176    1.13279    0.57467  49.3%   329  363s
 23665 17229    0.99358   58 1697    1.13279    0.57529  49.2%   327  372s
 24372 17841    0.72034   48 1506    1.13279    0.57721  49.0%   327  382s
 25142 18402    0.67002   48 1264    1.13279    0.57760  49.0%   328  392s
 25725 19290    0.74751   63 1105    1.13279    0.57760  49.0%   333  403s
 26640 20370    0.96936   81  909    1.13279    0.57831  48.9%   336  414s
 27879 20888    1.03755   43 1917    1.13279    0.57864  48.9%   335  426s
 28658 21767    0.74794   45 1593    1.13279    0.57966  48.8%   339  438s
 29605 22636    0.97315   72 1123    1.13279    0.58032  48.8%   342  451s
 30650 23484    0.77946   47 1332    1.13279    0.58032  48.8%   345  465s
 31615 24253    1.10022  102  464    1.13279    0.58073  48.7%   350  480s
H31646 24130                       1.1295966    0.58073  48.6%   349  480s
 32476 25033    0.63223   44 1289    1.12960    0.58073  48.6%   352  495s
 33501 26082    0.78369   63 1231    1.12960    0.58073  48.6%   356  511s
 34699 27157     cutoff   98         1.12960    0.58131  48.5%   357  528s
 35977 28583    0.90142   69 1427    1.12960    0.58282  48.4%   360  546s
 37558 29578    0.74108   43 1682    1.12960    0.58457  48.2%   360  563s
 38971 30489    0.63767   43 1539    1.12960    0.58531  48.2%   361  583s
 40187 31396    0.84171   54 1845    1.12960    0.58632  48.1%   362  603s
 41399 31397    0.74792   49 1760    1.12960    0.58632  48.1%   364  729s
 41402 31399    0.85031   83 2787    1.12960    0.58632  48.1%   364  730s
 41407 31402    0.82279   59 2745    1.12960    0.58632  48.1%   364  737s
 41409 31404    1.11744   70 2766    1.12960    0.58632  48.1%   364  740s
H41409 29833                       1.1295966    0.58632  48.1%   364  741s
 41413 29835    0.71725   51 2840    1.12960    0.58632  48.1%   364  748s
 41415 29837    0.76993   50 2801    1.12960    0.58632  48.1%   364  750s
 41417 29838    0.76674   51 2815    1.12960    0.58632  48.1%   364  755s
 41420 29840    0.68408   48 2783    1.12960    0.58632  48.1%   364  761s
 41422 29841    0.97495   84 2813    1.12960    0.58632  48.1%   364  765s
 41425 29843    0.82018   50 2784    1.12960    0.58632  48.1%   364  771s
 41427 29845    0.90230   44 2814    1.12960    0.58632  48.1%   364  775s
 41429 29846    0.92019  101 2815    1.12960    0.58632  48.1%   364  781s
 41432 29848    0.86111   56 2799    1.12960    0.58632  48.1%   364  785s
 41434 29849    0.78613   62 2716    1.12960    0.58632  48.1%   364  790s
 41437 29851    1.11194   67 2776    1.12960    0.58632  48.1%   364  797s
H41437 28358                       1.1287848    0.58632  48.1%   364  799s
 41439 28360    0.97738   64 2777    1.12878    0.58632  48.1%   364  802s
 41441 28361    0.69763   38 2762    1.12878    0.58632  48.1%   364  806s
 41443 28362    0.91761   74 2796    1.12878    0.58632  48.1%   364  811s
 41445 28364    0.84752   48 2654    1.12878    0.58632  48.1%   364  815s
 41449 28366    0.86271   51 2730    1.12878    0.58632  48.1%   364  820s
 41451 28368    1.05621   57 2781    1.12878    0.58632  48.1%   364  825s
H41451 26949                       1.1287848    0.58632  48.1%   364  827s
 41453 26950    0.85940   69 2805    1.12878    0.58632  48.1%   363  830s
 41455 26951    0.99939   73 2811    1.12878    0.58632  48.1%   363  835s
 41457 26953    0.84344   69 2749    1.12878    0.58632  48.1%   363  842s
 41459 26954    1.04014   79 2713    1.12878    0.58632  48.1%   363  846s
 41461 26955    1.03740   82 2716    1.12878    0.58632  48.1%   363  851s
 41463 26957    1.04673   90 2845    1.12878    0.58632  48.1%   363  856s
 41465 26958    0.89538   71 2831    1.12878    0.58632  48.1%   363  862s
 41467 26959    1.09290   86 2849    1.12878    0.58632  48.1%   363  867s
 41469 26961    1.02818   98 2864    1.12878    0.58632  48.1%   363  873s
 41470 26961    0.89683   64 2856    1.12878    0.58632  48.1%   363  876s
 41472 26963    1.10255   79 2874    1.12878    0.58632  48.1%   363  883s
 41473 26963    0.92497   86 2879    1.12878    0.58632  48.1%   363  885s
 41475 26965    0.67771   53 2718    1.12878    0.58632  48.1%   363  892s
 41477 26966    0.74702   43 2738    1.12878    0.58632  48.1%   363  896s
 41479 26967    0.81040   68 2693    1.12878    0.58632  48.1%   363  901s
 41480 26968    0.78978   49 2703    1.12878    0.58632  48.1%   363  905s
 41482 26969    1.07029  110 2774    1.12878    0.58632  48.1%   363  910s
 41484 26971    0.85774   77 2810    1.12878    0.58632  48.1%   363  916s
 41485 26971    0.60755   44 2820    1.12878    0.58632  48.1%   363  920s
 41486 26972    1.00693   71 2807    1.12878    0.58632  48.1%   363  926s
 41488 26973    0.75178   57 2807    1.12878    0.58632  48.1%   363  931s
H41489 25623                       1.1279444    0.58632  48.0%   363  936s
 41492 25625    0.76251   53 2825    1.12794    0.58632  48.0%   363  940s
 41494 25626    0.92133   73 2836    1.12794    0.58632  48.0%   363  947s
 41495 25627    1.08124   91 2756    1.12794    0.58632  48.0%   363  950s
H41495 24344                       1.1279444    0.58632  48.0%   363  955s
 41498 24346    0.86925   61 2834    1.12794    0.58632  48.0%   363  961s
 41500 24347    1.09096  103 2741    1.12794    0.58632  48.0%   363  968s
 41501 24348    1.11489  149 2735    1.12794    0.58632  48.0%   363  971s
 41503 24349    1.08952   87 2722    1.12794    0.58632  48.0%   363  978s
 41504 24350    0.95260   66 2728    1.12794    0.58632  48.0%   363  981s
 41505 24351    0.69294   54 2725    1.12794    0.58632  48.0%   363  985s
 41507 24352    0.82279   59 2726    1.12794    0.58632  48.0%   363  990s
 41509 24353    1.11744   70 2732    1.12794    0.58632  48.0%   363  997s
 41511 24355    0.88841   69 2761    1.12794    0.58632  48.0%   363 1002s
 41513 24356    0.71725   51 2760    1.12794    0.58632  48.0%   363 1006s
 41515 24357    0.76993   50 2763    1.12794    0.58632  48.0%   363 1012s
 41517 24359    0.76674   51 2742    1.12794    0.58632  48.0%   363 1019s
 41518 24359    0.68480   41 2730    1.12794    0.58632  48.0%   363 1022s
 41519 24360    0.84457   65 2698    1.12794    0.58632  48.0%   363 1025s
 41522 24362    0.97495   84 2716    1.12794    0.58632  48.0%   363 1035s
H41523 23143                       1.1279444    0.58632  48.0%   363 1039s
 41525 23144    0.82018   50 2711    1.12794    0.58632  48.0%   363 1041s
 41527 23145    0.90230   44 2714    1.12794    0.58632  48.0%   363 1046s
 41529 23147    0.92019  101 2712    1.12794    0.58632  48.0%   363 1054s
 41530 23147    0.95867   46 2734    1.12794    0.58632  48.0%   363 1056s
 41531 23148    0.86386   69 2695    1.12794    0.58632  48.0%   363 1060s
 41534 23150    0.78613   62 2733    1.12794    0.58632  48.0%   363 1067s
 41536 23151    0.85176   78 2759    1.12794    0.58632  48.0%   363 1073s
 41537 23152    1.11194   67 2765    1.12794    0.58632  48.0%   363 1075s
 41539 23153    0.97738   64 2683    1.12794    0.58632  48.0%   363 1080s
 41541 23155    0.69763   38 2683    1.12794    0.58632  48.0%   363 1087s
 41542 23155    0.61749   48 2668    1.12794    0.58632  48.0%   363 1090s
 41544 23157    0.86572   63 2712    1.12794    0.58632  48.0%   363 1096s
 41546 23158    1.00614   62 2686    1.12794    0.58632  48.0%   363 1101s
 41549 23160    0.86271   51 2679    1.12794    0.58632  48.0%   363 1107s
 41550 23161    0.81571   59 2693    1.12794    0.58632  48.0%   363 1110s
 41552 23162    1.09916   87 2679    1.12794    0.58632  48.0%   363 1117s
 41553 23163    0.85940   69 2686    1.12794    0.58632  48.0%   363 1121s
 41555 23164    0.99939   73 2716    1.12794    0.58632  48.0%   363 1128s
 41556 23165    0.83374   61 2733    1.12794    0.58632  48.0%   363 1135s
 41558 23166    0.96433   82 2742    1.12794    0.58632  48.0%   363 1143s
 41559 23167    1.04014   79 2750    1.12794    0.58632  48.0%   363 1148s
 41560 23167    0.79741   53 2715    1.12794    0.58632  48.0%   363 1152s
 41561 23168    1.03740   82 2723    1.12794    0.58632  48.0%   363 1156s
 41563 23169    1.04673   90 2727    1.12794    0.58632  48.0%   363 1163s
 41564 23170    0.78185   43 2759    1.12794    0.58632  48.0%   363 1167s
 41565 23171    0.89538   71 2770    1.12794    0.58632  48.0%   363 1171s
 41566 23171    0.93215   81 2730    1.12794    0.58632  48.0%   363 1176s
H41567 22011                       1.1279444    0.58632  48.0%   363 1183s
 41569 22012    1.02818   98 2716    1.12794    0.58632  48.0%   362 1186s
 41571 22014    0.63043   41 2715    1.12794    0.58632  48.0%   362 1195s
 41573 22015    0.92497   86 2759    1.12794    0.58632  48.0%   362 1200s
 41575 22016    0.67771   53 2769    1.12794    0.58632  48.0%   362 1206s
 41576 22017    0.99415   72 2780    1.12794    0.58632  48.0%   362 1210s
 41578 22018    1.02946   73 2767    1.12794    0.58632  48.0%   362 1215s
 41581 22020    0.91024   51 2814    1.12794    0.58632  48.0%   362 1222s
 41583 22022    0.70742   51 2775    1.12794    0.58632  48.0%   362 1227s
 41585 22023    0.60755   44 2788    1.12794    0.58632  48.0%   362 1231s
 41587 22024    0.83490   79 2800    1.12794    0.58632  48.0%   362 1238s
 41588 22025    0.75178   57 2773    1.12794    0.58632  48.0%   362 1241s
 41589 22026    0.79737   63 2790    1.12794    0.58632  48.0%   362 1245s
 41591 22027    1.11748   95 2805    1.12794    0.58632  48.0%   362 1251s
 41593 22028    0.76196   55 2815    1.12794    0.58632  48.0%   362 1256s
 41594 22029    0.92133   73 2823    1.12794    0.58632  48.0%   362 1260s
 41596 22030    0.61020   42 2848    1.12794    0.58632  48.0%   362 1266s
 41597 22031    1.08139   81 2847    1.12794    0.58632  48.0%   362 1270s
 41599 22032    0.74792   49 2863    1.12794    0.58632  48.0%   362 1278s
 41600 22033    1.09096  103 2740    1.12794    0.58632  48.0%   362 1291s
H41600 20928                       1.1279442    0.58632  48.0%   362 1307s
 41602 20932    0.58632   40 2400    1.12794    0.58632  48.0%   379 1333s
 41604 20936    0.58632   41 2403    1.12794    0.58632  48.0%   379 1359s
 41608 20942    0.58632   42 2521    1.12794    0.58632  48.0%   380 1403s
 41616 20956    0.58632   43 2180    1.12794    0.58632  48.0%   381 1429s
 41632 20966    0.58632   44 2220    1.12794    0.58632  48.0%   383 1454s
 41648 20977    0.67673   44 2176    1.12794    0.58632  48.0%   386 1464s
 41664 20988    0.62493   45 2023    1.12794    0.58632  48.0%   388 1476s
 41680 20998    0.63622   45 2229    1.12794    0.58632  48.0%   390 1486s
 41696 21020    0.62495   46 2024    1.12794    0.58632  48.0%   391 1492s
 41723 21033    0.64520   47 2108    1.12794    0.58632  48.0%   393 1501s
 41745 21047    0.66913   47 2252    1.12794    0.58632  48.0%   394 1511s
 41767 21062    0.77606   48 1995    1.12794    0.58632  48.0%   395 1519s
 41790 21080    0.69727   50 2217    1.12794    0.58632  48.0%   397 1528s
 41817 21105    0.68815   50 2131    1.12794    0.58632  48.0%   398 1535s
 41851 21129    0.77637   52 2156    1.12794    0.58632  48.0%   400 1543s
 41893 21137    0.71793   53 2223    1.12794    0.58632  48.0%   401 1550s
 41926 21160    0.72862   54 2325    1.12794    0.58632  48.0%   402 1557s
 41963 21176    0.73264   55 2144    1.12794    0.58632  48.0%   403 1566s
 41995 21198    0.78702   56 2238    1.12794    0.58632  48.0%   406 1575s
 42035 21221    0.75101   57 2332    1.12794    0.58632  48.0%   409 1583s
 42077 21246    0.75923   58 2235    1.12794    0.58632  48.0%   412 1591s
 42126 21272    0.76714   60 2073    1.12794    0.58632  48.0%   414 1599s
 42172 21300    0.78589   63 1970    1.12794    0.58632  48.0%   417 1609s
 42230 21317    0.79323   65 1836    1.12794    0.58632  48.0%   420 1618s
 42290 21333    0.81470   67 1767    1.12794    0.58632  48.0%   423 1629s
 42330 21364    0.82923   70 1655    1.12794    0.58632  48.0%   425 1639s
 42388 21410    0.84319   72 1737    1.12794    0.58632  48.0%   429 1649s
 42460 21449    0.98262   74 1756    1.12794    0.58632  48.0%   432 1659s
 42523 21490    0.90465   75 1719    1.12794    0.58632  48.0%   435 1668s
 42607 21514    0.95062   78 1652    1.12794    0.58632  48.0%   438 1682s
 42681 21566    1.02348   80 1654    1.12794    0.58632  48.0%   441 1702s
 42777 21612    1.01339   82 1360    1.12794    0.58632  48.0%   445 1712s
 42871 21639    1.07650   84 1519    1.12794    0.58632  48.0%   449 1730s
 42947 21726    0.67496   45 2399    1.12794    0.58632  48.0%   451 1741s
 43067 21749    0.72506   46 2207    1.12794    0.58632  48.0%   455 1756s
 43132 21833    0.76184   50 1899    1.12794    0.58632  48.0%   456 1768s
 43263 21914    0.82268   55 1709    1.12794    0.58632  48.0%   461 1779s
 43424 21982    0.96552   65 1605    1.12794    0.58632  48.0%   464 1791s
 43598 22004    1.12601   75 1259    1.12794    0.58632  48.0%   469 1800s

Cutting planes:
  Gomory: 1247
  Implied bound: 2
  MIR: 120
  StrongCG: 1
  Flow cover: 272
  Zero half: 2
  RLT: 27
  Relax-and-lift: 5
  BQP: 13

Explored 43704 nodes (20622623 simplex iterations) in 1800.05 seconds (3349.67 work units)
Thread count was 16 (of 16 available processors)

Solution count 10: 1.12794 1.12794 1.12794 ... 1.13381

Time limit reached
Warning: max constraint violation (1.0843e-03) exceeds tolerance
Warning: max general constraint violation (1.0843e-03) exceeds tolerance
         (model may be infeasible or unbounded - try turning presolve off)
Best objective 1.127944363856e+00, best bound 5.863176916881e-01, gap 48.0189%
