
Gurobi 9.5.0 (linux64) logging started Tue 15 Nov 2022 05:12:23 PM PST

Set parameter LogFile to value "experiments/t_4_theta_0.9/gurobi.1668561142.log"
Set parameter LogToConsole to value 0
Set parameter TimeLimit to value 1800
Set parameter Threads to value 16
Gurobi Optimizer version 9.5.0 build v9.5.0rc5 (linux64)
Thread count: 8 physical cores, 16 logical processors, using up to 16 threads
Optimize a model with 342 rows, 1488 columns and 5363 nonzeros
Model fingerprint: 0x944ba4f7
Model has 3475 quadratic objective terms
Model has 300 quadratic constraints
Model has 4 general constraints
Variable types: 95 continuous, 1393 integer (1393 binary)
Coefficient statistics:
  Matrix range     [1e+00, 1e+01]
  QMatrix range    [1e+00, 1e+00]
  QLMatrix range   [1e+00, 1e+00]
  Objective range  [0e+00, 0e+00]
  QObjective range [7e-05, 4e+01]
  Bounds range     [1e+00, 8e+02]
  RHS range        [1e+00, 1e+02]
Presolve added 56 rows and 1414 columns
Presolve time: 0.04s
Presolved: 5174 rows, 5340 columns, 39068 nonzeros
Variable types: 1628 continuous, 3712 integer (3527 binary)

Root relaxation: objective 7.105427e-13, 6216 iterations, 0.27 seconds (0.27 work units)

    Nodes    |    Current Node    |     Objective Bounds      |     Work
 Expl Unexpl |  Obj  Depth IntInf | Incumbent    BestBd   Gap | It/Node Time

     0     0    0.00000    0 3492          -    0.00000      -     -    0s
     0     0    0.04778    0 3488          -    0.04778      -     -    1s
     0     0    0.11683    0 3033          -    0.11683      -     -    1s
     0     0    0.11687    0 3028          -    0.11687      -     -    1s
     0     0    0.13614    0 3045          -    0.13614      -     -    2s
H    0     0                     107.7181811    0.13614   100%     -    2s
H    0     0                      63.5023711    0.13614   100%     -    2s
     0     0    0.13631    0 3044   63.50237    0.13631   100%     -    2s
     0     0    0.14403    0 3022   63.50237    0.14403   100%     -    2s
H    0     0                      63.4727946    0.14403   100%     -    2s
     0     0    0.14415    0 3017   63.47279    0.14415   100%     -    2s
H    0     0                       1.4820730    0.14415  90.3%     -    3s
H    0     0                       1.4799219    0.14415  90.3%     -    3s
     0     0    0.15379    0 3012    1.47992    0.15379  89.6%     -    3s
     0     0    0.15379    0 3004    1.47992    0.15379  89.6%     -    3s
     0     2    0.15393    0 3000    1.47992    0.15393  89.6%     -    3s
    27    36    0.32721    5 2773    1.47992    0.32371  78.1%   836    5s
H  390   370                       1.4558250    0.32721  77.5%   400   15s
H  395   370                       1.4320859    0.32721  77.2%   395   15s
H  397   370                       1.3818210    0.32721  76.3%   398   15s
H  399   370                       1.1912081    0.32721  72.5%   397   15s
H  413   350                       1.1426670    0.32863  71.2%   388   18s
H  418   350                       1.1389308    0.33025  71.0%   385   18s
H  426   350                       1.1173210    0.33938  69.6%   383   18s
   677   573    0.72935   11 1561    1.11732    0.33938  69.6%   389   20s
H 1459  1166                       1.1160931    0.33938  69.6%   276   23s
H 1468  1166                       1.1151460    0.33938  69.6%   279   23s
  1886  1578    1.00434   60  392    1.11515    0.33938  69.6%   248   25s
H 2125  1664                       1.0930919    0.33938  69.0%   241   32s
H 2127  1582                       1.0908152    0.33938  68.9%   241   33s
  2130  1584    0.94476   23 2853    1.09082    0.33938  68.9%   241   35s
H 2131  1505                       1.0906176    0.33938  68.9%   241   35s
H 2133  1431                       1.0902225    0.33938  68.9%   240   36s
H 2138  1362                       1.0876378    0.33938  68.8%   240   37s
H 2139  1295                       1.0875871    0.33938  68.8%   240   38s
H 2140  1230                       1.0873530    0.33938  68.8%   240   38s
H 2143  1170                       1.0869134    0.33938  68.8%   239   39s
H 2145  1113                       1.0833997    0.33938  68.7%   239   40s
H 2150  1060                       1.0827695    0.33938  68.7%   239   43s
  2154  1068    0.68907   11 2432    1.08277    0.37921  65.0%   258   45s
H 2184  1044                       1.0820275    0.54524  49.6%   270   47s
H 2191   991                       1.0813154    0.54524  49.6%   274   47s
H 2230   967                       1.0766955    0.54668  49.2%   285   51s
H 2233   921                       1.0646476    0.54668  48.7%   286   51s
H 2241   875                       1.0646240    0.54668  48.7%   286   51s
  2413   927     cutoff   17         1.06462    0.56414  47.0%   306   55s
H 2784  1013                       1.0637855    0.56414  47.0%   318   60s
H 2789   971                       1.0626394    0.56414  46.9%   317   60s
  3320  1194    0.95041   22 1283    1.06264    0.68903  35.2%   312   65s
  4011  1541    0.97446   34  638    1.06264    0.69950  34.2%   302   70s
  4908  2143    0.81506   16 1799    1.06264    0.72672  31.6%   281   75s
  5856  2834    0.89872   21 1148    1.06264    0.72708  31.6%   269   80s
H 5894  2823                       1.0605022    0.72708  31.4%   268   80s
H 6023  2738                       1.0515951    0.72708  30.9%   270   83s
  6308  3010    0.90692   19 1668    1.05160    0.77536  26.3%   269   85s
H 6469  3011                       1.0507477    0.77536  26.2%   270   93s
H 6477  2995                       1.0499072    0.77536  26.1%   271   93s
H 6479  2925                       1.0455602    0.77536  25.8%   271   93s
  6658  3134    1.03935   32 1044    1.04556    0.78349  25.1%   273   96s
H 6856  3261                       1.0439939    0.79061  24.3%   274   97s
  7285  3761    0.92226   22 1161    1.04399    0.80716  22.7%   274  100s
H 8046  4102                       1.0435892    0.80824  22.6%   264  104s
H 8058  4053                       1.0414982    0.80824  22.4%   264  104s
  8154  4283    1.03458   42  665    1.04150    0.81339  21.9%   264  106s
  8869  4871    0.93326   30  880    1.04150    0.81748  21.5%   258  110s
  9881  5740    0.86727   31  778    1.04150    0.82504  20.8%   255  116s
 10860  6512    0.89501   32  622    1.04150    0.83040  20.3%   247  121s
 11911  7329    0.89610   24 1295    1.04150    0.83178  20.1%   240  126s
 12827  7896    0.92417   22 1524    1.04150    0.83492  19.8%   238  131s
 13799  8807    0.90184   27  979    1.04150    0.84019  19.3%   236  136s
 15140  9908    0.93841   23 1299    1.04150    0.84475  18.9%   230  142s
 15770 10393    0.95140   27  933    1.04150    0.84593  18.8%   227  145s
 16444 10408    0.89102   30 1196    1.04150    0.84742  18.6%   225  158s
H16452 10390                       1.0409898    0.84742  18.6%   225  158s
 16461 10956    0.92319   30 1016    1.04099    0.84742  18.6%   225  161s
 17169 11629    0.98178   55  615    1.04099    0.84787  18.6%   222  165s
 18850 13093    0.96284   28 1210    1.04099    0.84907  18.4%   216  171s
 19782 13568    1.00146   38  889    1.04099    0.85131  18.2%   214  175s
 21226 15005    0.90315   37  863    1.04099    0.85499  17.9%   214  183s
 22388 15616    0.92450   28 1050    1.04099    0.85663  17.7%   210  187s
 23248 16208    0.94150   22 1137    1.04099    0.85793  17.6%   208  191s
 25033 17407    0.93434   31  829    1.04099    0.86028  17.4%   204  198s
 25939 18118    0.99763   28 1284    1.04099    0.86131  17.3%   202  202s
 26857 18789     cutoff   65         1.04099    0.86197  17.2%   201  206s
 27783 19629    0.95169   22  980    1.04099    0.86381  17.0%   200  210s
 28813 20968    0.93355   60  434    1.04099    0.86493  16.9%   199  215s
H30471 20541                       1.0369026    0.86497  16.6%   194  222s
H30499 20477                       1.0364470    0.86497  16.5%   194  222s
 30602 21382     cutoff   34         1.03645    0.86555  16.5%   194  227s
 31797 22772    0.96149   40  502    1.03645    0.86727  16.3%   192  232s
 33359 23650    0.95645   36  630    1.03645    0.86731  16.3%   189  237s
 34568 25145    0.91591   48  871    1.03645    0.86836  16.2%   188  243s
 36348 26077    0.97491   55  516    1.03645    0.86841  16.2%   184  248s
 37558 27179     cutoff   22         1.03645    0.86930  16.1%   184  254s
 39099 28481    0.92383   35  882    1.03645    0.87006  16.1%   182  259s
 40852 29506    0.94688   51  582    1.03645    0.87080  16.0%   179  265s
 42217 31198    1.01707   53  413    1.03645    0.87152  15.9%   178  336s
 44456 32062    0.92591   47  547    1.03645    0.87268  15.8%   175  342s
 45523 33005    0.88524   32  929    1.03645    0.87299  15.8%   177  349s
 46699 33858    0.95706   57  764    1.03645    0.87317  15.8%   179  356s
 47969 34577     cutoff   49         1.03645    0.87367  15.7%   181  364s
 48939 35583    1.02542   57  544    1.03645    0.87430  15.6%   184  373s
 50359 37034    0.99123   58  496    1.03645    0.87460  15.6%   186  382s
 52182 37878    0.97693   35 1294    1.03645    0.87492  15.6%   187  391s
 53416 38686    0.97830   44  668    1.03645    0.87527  15.6%   190  399s
 54645 39489    1.00119   55  725    1.03645    0.87608  15.5%   192  408s
 55874 40444    0.99014   33 1079    1.03645    0.87670  15.4%   195  417s
 57210 41583    0.97407   38  863    1.03645    0.87708  15.4%   198  426s
 58927 42539    0.90458   28 1006    1.03645    0.87774  15.3%   199  436s
 60411 43400    0.89775   33 1165    1.03645    0.87838  15.3%   201  445s
 61825 44229    0.96117   44  798    1.03645    0.87879  15.2%   203  455s
 63144 44981    0.96875   28 1554    1.03645    0.87901  15.2%   205  463s
 64505 46031    0.93664   22 1501    1.03645    0.87948  15.1%   206  472s
 66114 47250    0.92487   30 1155    1.03645    0.87997  15.1%   207  482s
 67882 48203    0.90932   35  601    1.03645    0.88049  15.0%   207  492s
 69275 49216    0.93551   28 1307    1.03645    0.88076  15.0%   209  501s
 70725 50442    0.97974   39  922    1.03645    0.88118  15.0%   210  512s
 72402 51459    0.95148   31 1147    1.03645    0.88149  15.0%   211  521s
 74032 52785    0.96586   39  966    1.03645    0.88181  14.9%   212  531s
 75762 53975    0.93918   37  983    1.03645    0.88227  14.9%   212  541s
 77500 55386    0.94513   45  999    1.03645    0.88275  14.8%   212  550s
 79264 57240    1.01829   79  425    1.03645    0.88302  14.8%   212  564s
 81571 58445    0.89434   30  877    1.03645    0.88324  14.8%   211  573s
 83141 59880    0.94944   33  656    1.03645    0.88351  14.8%   211  582s
 85031 60868    0.95056   43  737    1.03645    0.88387  14.7%   211  590s
 86511 62179    0.99688   33  948    1.03645    0.88414  14.7%   211  599s
 88301 63383    1.01295   52  840    1.03645    0.88440  14.7%   211  613s
 89890 64658    0.91912   47  649    1.03645    0.88465  14.6%   211  626s
 91612 65679    0.91678   51  809    1.03645    0.88485  14.6%   211  638s
 93055 66930    0.95113   32  931    1.03645    0.88500  14.6%   211  649s
 94762 68277    0.95513   41  861    1.03645    0.88532  14.6%   210  657s
 96621 69475     cutoff   74         1.03645    0.88559  14.6%   210  666s
 98244 70809    0.93158   51  683    1.03645    0.88584  14.5%   209  674s
 99892 72423    0.91841   42  690    1.03645    0.88596  14.5%   209  683s
 101969 73543    0.91216   43  950    1.03645    0.88615  14.5%   208  691s
 103498 75171    0.93777   43  634    1.03645    0.88637  14.5%   208  700s
 105465 76652    0.91285   43  772    1.03645    0.88646  14.5%   208  712s
 107367 78055    0.91050   34  718    1.03645    0.88659  14.5%   207  723s
 109031 79199    0.99109   60  666    1.03645    0.88680  14.4%   206  731s
 110449 80461    0.94203   44 1226    1.03645    0.88683  14.4%   206  739s
 111984 81684    0.91879   38  695    1.03645    0.88701  14.4%   206  747s
 113646 82655    1.02960   59  856    1.03645    0.88711  14.4%   205  754s
 114960 83966    0.97771   34 1091    1.03645    0.88729  14.4%   205  762s
 116726 85239    0.97907   27 1607    1.03645    0.88748  14.4%   204  769s
 118436 86150    1.01001   65  670    1.03645    0.88765  14.4%   204  780s
 119738 87121    0.90489   35  729    1.03645    0.88776  14.3%   204  805s
H119821 87121                       1.0364470    0.88776  14.3%   204  805s
H119974 87121                       1.0364469    0.88778  14.3%   204  805s
 121119 87134    0.93738   41 1045    1.03645    0.88782  14.3%   204  826s
 121138 88694    0.93845   42 1006    1.03645    0.88782  14.3%   204  836s
 123121 90034    0.91331   38  746    1.03645    0.88794  14.3%   203  844s
 124973 91280    1.02293   71  471    1.03645    0.88813  14.3%   203  853s
 126642 92467    0.99159   47  874    1.03645    0.88823  14.3%   203  862s
 128354 93746    0.90123   39  761    1.03645    0.88842  14.3%   203  870s
 130145 94845    0.95202   21 1746    1.03645    0.88857  14.3%   202  878s
 131643 95796    0.92653   37  720    1.03645    0.88870  14.3%   202  886s
 133254 97152    0.98814   47  968    1.03645    0.88887  14.2%   202  895s
 134902 98331     cutoff   71         1.03645    0.88902  14.2%   202  903s
 136538 99339    0.89737   45  759    1.03645    0.88914  14.2%   201  911s
 137932 100528    1.01044   68  444    1.03645    0.88928  14.2%   201  919s
 139564 101627    0.92411   24 1413    1.03645    0.88942  14.2%   201  927s
 140984 102737    0.94505   29 1074    1.03645    0.88942  14.2%   201  936s
 142662 103682    1.00801   36 1085    1.03645    0.88942  14.2%   201  945s
 144044 104851     cutoff   39         1.03645    0.88968  14.2%   202  953s
 145651 106099    0.97408   46 1105    1.03645    0.88984  14.1%   201  962s
 147571 107605    0.96209   56  855    1.03645    0.88997  14.1%   201  971s
 149455 108700    0.96882   40  941    1.03645    0.89001  14.1%   201  979s
 150970 109687    1.02230   44  862    1.03645    0.89015  14.1%   200  988s
 152360 110699     cutoff   72         1.03645    0.89021  14.1%   201  997s
 153810 111728    0.94723   57  645    1.03645    0.89030  14.1%   201 1009s
 155132 113176    0.99011   76  543    1.03645    0.89036  14.1%   200 1020s
 156866 114419    0.92106   33 1041    1.03645    0.89047  14.1%   200 1029s
 158540 115632    0.94798   39  860    1.03645    0.89060  14.1%   200 1038s
 160168 117081    0.95803   38 1111    1.03645    0.89068  14.1%   200 1047s
 161985 118664    0.92235   42  922    1.03645    0.89083  14.1%   200 1055s
 164038 119918     cutoff   56         1.03645    0.89092  14.0%   199 1064s
 165722 121297     cutoff   32         1.03645    0.89104  14.0%   199 1072s
 167617 122257    0.97049   44  700    1.03645    0.89109  14.0%   198 1082s
 168916 123577    0.91390   37  848    1.03645    0.89117  14.0%   199 1095s
 170650 124637    0.99043   43  777    1.03645    0.89122  14.0%   199 1105s
 172183 125782    0.95028   24 1729    1.03645    0.89142  14.0%   199 1114s
 173772 127000    0.95951   41  652    1.03645    0.89152  14.0%   199 1123s
 175471 127933     cutoff   69         1.03645    0.89162  14.0%   198 1131s
 176759 129069    0.89530   32 1173    1.03645    0.89170  14.0%   198 1140s
 178390 130285    1.02091   48  761    1.03645    0.89183  14.0%   198 1151s
 180068 131764    0.94802   54  884    1.03645    0.89194  13.9%   198 1162s
 182016 133012    1.02749   49  935    1.03645    0.89203  13.9%   198 1170s
 183684 134166    0.94326   42  979    1.03645    0.89209  13.9%   198 1179s
 185287 135313    0.92346   43 1028    1.03645    0.89218  13.9%   198 1191s
 186877 136737    0.93401   41  895    1.03645    0.89226  13.9%   197 1202s
 188807 138193    1.01813   59  864    1.03645    0.89235  13.9%   197 1213s
 190661 139588    0.99917   29 1460    1.03645    0.89240  13.9%   197 1226s
 192452 140883    0.92926   27 1415    1.03645    0.89249  13.9%   196 1236s
 194208 141961    0.94593   33 1128    1.03645    0.89253  13.9%   196 1244s
 195810 143060    0.93814   39  658    1.03645    0.89261  13.9%   196 1252s
 197322 143999    0.92981   36 1016    1.03645    0.89275  13.9%   196 1260s
 198639 145373    0.95216   55  756    1.03645    0.89280  13.9%   196 1268s
 200360 146692    0.94263   36 1302    1.03645    0.89285  13.9%   196 1276s
 201966 147798    1.03538   56  899    1.03645    0.89291  13.8%   195 1284s
 203564 149106    0.90728   35 1319    1.03645    0.89304  13.8%   195 1292s
 205059 150404    0.93744   49  754    1.03645    0.89308  13.8%   195 1301s
 206859 151485    0.94789   31  968    1.03645    0.89311  13.8%   195 1309s
 208387 152422    0.99755   70  599    1.03645    0.89322  13.8%   195 1317s
 209795 153461    0.93866   42  838    1.03645    0.89331  13.8%   195 1325s
 211302 154794    0.92820   45  992    1.03645    0.89338  13.8%   195 1334s
 213024 156066    1.01658   45  876    1.03645    0.89344  13.8%   195 1342s
 214840 157175    0.98752   55  896    1.03645    0.89353  13.8%   195 1351s
 216151 158496    0.89966   43  651    1.03645    0.89359  13.8%   195 1360s
 217830 159921    0.92032   38  809    1.03645    0.89364  13.8%   195 1368s
 219470 161279    0.90842   37  666    1.03645    0.89369  13.8%   195 1377s
 221178 162418    0.93339   43  929    1.03645    0.89371  13.8%   195 1385s
 222727 163582    0.96200   42 1080    1.03645    0.89380  13.8%   194 1393s
 224327 164754    0.98459   65  577    1.03645    0.89394  13.7%   194 1401s
 225961 165915    1.03240   85  392    1.03645    0.89401  13.7%   194 1409s
 227592 166970    0.90841   40  858    1.03645    0.89409  13.7%   194 1418s
 229059 168203    0.94624   44  667    1.03645    0.89416  13.7%   194 1426s
 230653 169685    0.97660   22 1642    1.03645    0.89425  13.7%   194 1435s
 232592 170843    0.93032   45 1076    1.03645    0.89428  13.7%   194 1443s
 234327 172092    1.01046   56  743    1.03645    0.89436  13.7%   194 1452s
 235970 173468    0.97068   52  915    1.03645    0.89440  13.7%   194 1460s
 237668 174896    0.93853   47  607    1.03645    0.89445  13.7%   193 1468s
 239486 176271    0.92094   44  793    1.03645    0.89448  13.7%   193 1476s
 241347 177379     cutoff   64         1.03645    0.89452  13.7%   193 1484s
 243066 178532    0.93409   48  618    1.03645    0.89459  13.7%   193 1492s
 244582 179457    0.92454   36 1075    1.03645    0.89461  13.7%   193 1500s
 245876 180733    0.94910   44  574    1.03645    0.89464  13.7%   193 1508s
 247601 182018    0.99247   53  601    1.03645    0.89471  13.7%   193 1516s
 249208 182070    0.94293   40  813    1.03645    0.89474  13.7%   192 1526s
 249293 183002    0.98556   48  792    1.03645    0.89476  13.7%   193 1534s
 250919 184008    1.02779   79  767    1.03645    0.89482  13.7%   192 1542s
 252384 185035    0.91973   38  929    1.03645    0.89490  13.7%   192 1550s
 253883 186234    0.99332   53  747    1.03645    0.89495  13.7%   192 1559s
 255811 187307    0.96086   41  736    1.03645    0.89506  13.6%   192 1566s
 257276 188638    1.01907   77  449    1.03645    0.89512  13.6%   192 1574s
 258931 190219    0.95345   48  510    1.03645    0.89516  13.6%   192 1582s
 260785 191492    1.03304   90  151    1.03645    0.89519  13.6%   192 1589s
 262428 192626    1.01100   27 1588    1.03645    0.89523  13.6%   191 1597s
 263846 193849    1.02944   70  672    1.03645    0.89529  13.6%   191 1604s
 265466 194637    1.02949   39 1007    1.03645    0.89532  13.6%   191 1611s
 266662 195553    0.90957   43 1102    1.03645    0.89539  13.6%   191 1619s
 267996 196610    0.97906   42  750    1.03645    0.89547  13.6%   191 1627s
 269456 197759    0.90243   31 1182    1.03645    0.89548  13.6%   192 1635s
 270979 198973    0.93602   24 1532    1.03645    0.89553  13.6%   192 1643s
 272546 200012    1.00303   34 1477    1.03645    0.89557  13.6%   192 1651s
 273998 201047    1.02539   61  843    1.03645    0.89562  13.6%   192 1660s
 275441 201098    0.90523   32  904    1.03645    0.89562  13.6%   192 1677s
 275505 213040    0.91189   33  910    1.03645    0.89567  13.6%   192 1767s
 291521 214042    1.03151   63  676    1.03645    0.89614  13.5%   191 1776s
 293084 215035    0.98451   53  848    1.03645    0.89617  13.5%   191 1784s
 294760 216282    0.99497   71  626    1.03645    0.89623  13.5%   191 1792s
 296533 217145    0.91548   39  686    1.03645    0.89630  13.5%   191 1800s

Cutting planes:
  Gomory: 398
  Cover: 4
  MIR: 60
  StrongCG: 10
  Flow cover: 272
  Inf proof: 31
  Zero half: 119
  RLT: 90
  Relax-and-lift: 6
  BQP: 8

Explored 297785 nodes (56791440 simplex iterations) in 1800.03 seconds (3358.44 work units)
Thread count was 16 (of 16 available processors)

Solution count 10: 1.03645 1.03645 1.0369 ... 1.05075

Time limit reached
Warning: max constraint violation (8.4955e-04) exceeds tolerance
Warning: max general constraint violation (8.4955e-04) exceeds tolerance
Best objective 1.036447032197e+00, best bound 8.963646783176e-01, gap 13.5156%
