
Gurobi 9.5.0 (linux64) logging started Wed 16 Nov 2022 09:07:15 AM PST

Set parameter LogFile to value "experiments/t_5_theta_0.4/gurobi.1668618434.log"
Set parameter LogToConsole to value 0
Set parameter TimeLimit to value 1800
Set parameter Threads to value 16
Gurobi Optimizer version 9.5.0 build v9.5.0rc5 (linux64)
Thread count: 8 physical cores, 16 logical processors, using up to 16 threads
Optimize a model with 343 rows, 1518 columns and 5392 nonzeros
Model fingerprint: 0xdce21557
Model has 3500 quadratic objective terms
Model has 375 quadratic constraints
Model has 5 general constraints
Variable types: 100 continuous, 1418 integer (1418 binary)
Coefficient statistics:
  Matrix range     [1e+00, 1e+01]
  QMatrix range    [1e+00, 1e+00]
  QLMatrix range   [1e+00, 1e+00]
  Objective range  [0e+00, 0e+00]
  QObjective range [3e-05, 2e+01]
  Bounds range     [1e+00, 8e+02]
  RHS range        [1e+00, 1e+02]
Presolve added 77 rows and 1523 columns
Presolve time: 0.04s
Presolved: 5349 rows, 5568 columns, 40602 nonzeros
Variable types: 1785 continuous, 3783 integer (3565 binary)

Root relaxation: objective 2.415845e-13, 5944 iterations, 0.25 seconds (0.25 work units)

    Nodes    |    Current Node    |     Objective Bounds      |     Work
 Expl Unexpl |  Obj  Depth IntInf | Incumbent    BestBd   Gap | It/Node Time

     0     0    0.00000    0 3517          -    0.00000      -     -    0s
     0     0    0.01842    0 3493          -    0.01842      -     -    1s
     0     0    0.07510    0 3093          -    0.07510      -     -    1s
     0     0    0.07514    0 3101          -    0.07514      -     -    1s
     0     0    0.09072    0 2831          -    0.09072      -     -    2s
     0     0    0.09079    0 2854          -    0.09079      -     -    2s
     0     0    0.09641    0 2909          -    0.09641      -     -    2s
     0     0    0.09717    0 2851          -    0.09717      -     -    2s
     0     0    0.10152    0 2953          -    0.10152      -     -    3s
H    0     0                     132.6254475    0.10152   100%     -    3s
     0     0    0.10152    0 2906  132.62545    0.10152   100%     -    3s
     0     2    0.10158    0 2906  132.62545    0.10158   100%     -    3s
    57    60    0.21206    7 2538  132.62545    0.11241   100%   425    5s
H   89    88                      31.2320179    0.11241   100%   668    7s
H   90    88                      29.0947346    0.11241   100%   662    7s
H   93    88                      16.2302067    0.11241  99.3%   702    7s
H   94    88                       9.2576878    0.11241  98.8%   695    7s
H  146   143                       2.4417557    0.11241  95.4%   688   12s
H  147   143                       2.2230839    0.11241  94.9%   694   12s
H  148   143                       2.0624601    0.11241  94.5%   691   12s
H  151   143                       1.9095360    0.11241  94.1%   682   12s
H  153   143                       1.7967269    0.11241  93.7%   679   12s
   364   378    0.28534   11 1979    1.79673    0.11241  93.7%   567   15s
H  692   736                       1.7744808    0.11241  93.7%   407   17s
H  866   843                       1.7702999    0.11241  93.7%   353   19s
H  867   843                       1.7353411    0.11241  93.5%   353   19s
H  868   843                       1.5486394    0.11241  92.7%   354   19s
H  873   843                       1.3778111    0.11241  91.8%   352   19s
H  882   859                       1.3544961    0.11241  91.7%   350   28s
H  898   875                       1.3195204    0.11241  91.5%   349   34s
H  900   875                       1.3102421    0.11241  91.4%   349   34s
H  904   875                       1.3076789    0.11241  91.4%   348   34s
H  912   875                       1.3030389    0.11241  91.4%   348   34s
H  914   919                       1.2629418    0.11241  91.1%   347   35s
H  923   919                       1.2535835    0.11241  91.0%   346   35s
H 1109  1067                       1.2515643    0.11241  91.0%   306   40s
H 1110  1067                       1.2430818    0.11241  91.0%   306   40s
H 1111  1051                       1.1969223    0.11241  90.6%   305   40s
H 2121  2091                       1.1930492    0.11241  90.6%   195   43s
  2716  2523    0.45676   28 1137    1.19305    0.11241  90.6%   181   45s
  2996  2684    1.18050  126 1766    1.19305    0.11241  90.6%   180   57s
H 2997  2550                       1.1914211    0.11241  90.6%   179   58s
H 3000  2425                       1.1899066    0.11241  90.6%   179   59s
  3002  2426    0.67276   54 2783    1.18991    0.11241  90.6%   179   60s
H 3003  2305                       1.1892421    0.11373  90.4%   179   60s
H 3004  2190                       1.1883563    0.13226  88.9%   179   61s
H 3006  2082                       1.1860040    0.13329  88.8%   179   62s
H 3006  1978                       1.1626857    0.13329  88.5%   179   62s
H 3007  1879                       1.1568498    0.13791  88.1%   179   63s
H 3008  1785                       1.1541773    0.13791  88.1%   179   63s
H 3010  1697                       1.1541386    0.14034  87.8%   179   64s
H 3011  1613                       1.1540733    0.14073  87.8%   179   64s
H 3011  1532                       1.1531904    0.14092  87.8%   179   65s
H 3013  1456                       1.1527508    0.16994  85.3%   179   65s
H 3018  1386                       1.1522224    0.17261  85.0%   178   68s
  3023  1389    0.59440   48 2906    1.15222    0.18363  84.1%   178   70s
H 3030  1324                       1.1341132    0.20173  82.2%   178   74s
H 3031  1259                       1.1323473    0.20173  82.2%   189   75s
  3046  1284    0.30420   15 2146    1.13235    0.26305  76.8%   197   80s
H 3062  1232                       1.1321275    0.28333  75.0%   208   84s
H 3067  1169                       1.1220606    0.28333  74.7%   214   84s
  3078  1182    0.35840   16 2160    1.12206    0.28333  74.7%   227   85s
  3110  1203    0.35799   17 2098    1.12206    0.28333  74.7%   242   90s
H 3111  1146                       1.1170564    0.28333  74.6%   242   90s
H 3113  1091                       1.1159648    0.28333  74.6%   244   90s
H 3114  1039                       1.1105583    0.28333  74.5%   244   90s
H 3123   987                       1.1048233    0.28333  74.4%   245   90s
H 3166   981                       1.1018844    0.28333  74.3%   253  102s
H 3167   937                       1.1015827    0.28333  74.3%   253  102s
H 3170   894                       1.0855071    0.28333  73.9%   253  102s
  3262   978    0.40876   22 1965    1.08551    0.28333  73.9%   269  105s
  3525  1145    0.48111   28 1705    1.08551    0.28333  73.9%   288  110s
  3818  1271    0.55126   34 1653    1.08551    0.28333  73.9%   305  115s
  4004  1356    0.57403   39 1526    1.08551    0.28333  73.9%   316  120s
  4054  1357    0.64181   41 1339    1.08551    0.28333  73.9%   321  133s
H 4055  1317                       1.0855071    0.28333  73.9%   321  133s
H 4056  1279                       1.0849613    0.28333  73.9%   321  133s
H 4057  1242                       1.0849613    0.28333  73.9%   321  133s
H 4060  1206                       1.0827674    0.28333  73.8%   321  133s
  4137  1301    0.66176   47 1168    1.08277    0.28333  73.8%   327  135s
  4370  1446    0.74388   57 1154    1.08277    0.28333  73.8%   339  140s
  4639  1596    0.96364   73  727    1.08277    0.28333  73.8%   352  145s
  5005  1792    0.33691   17 2158    1.08277    0.31772  70.7%   359  151s
  5206  2016    0.44851   24 2123    1.08277    0.31772  70.7%   367  155s
  5590  2356    0.61919   37 2243    1.08277    0.31772  70.7%   376  162s
  5858  2543    0.78640   44 1653    1.08277    0.31772  70.7%   383  167s
  6140  2799    1.02969   85  985    1.08277    0.33219  69.3%   391  172s
  6293  2900    0.34681   19 2268    1.08277    0.33225  69.3%   395  175s
  6507  3064    0.47933   26 2104    1.08277    0.33225  69.3%   410  182s
  6602  3172    0.66984   31 2057    1.08277    0.33225  69.3%   418  186s
  6728  3269    0.80431   39 1755    1.08277    0.33225  69.3%   424  190s
  7006  3484    0.40220   19 2206    1.08277    0.33730  68.8%   435  198s
  7137  3636    0.44683   22 2045    1.08277    0.33730  68.8%   441  202s
  7303  3793    0.51153   23 2179    1.08277    0.33730  68.8%   448  207s
  7502  3975    0.59894   26 1973    1.08277    0.33730  68.8%   453  212s
  7706  4080    0.59074   28 2067    1.08277    0.33730  68.8%   457  217s
  7869  4182    0.61565   29 2065    1.08277    0.33730  68.8%   464  222s
  7981  4308    0.62436   30 2060    1.08277    0.33730  68.8%   472  227s
  8127  4453    0.68601   33 1806    1.08277    0.33730  68.8%   477  232s
  8338  4598    0.69200   32 1709    1.08277    0.33730  68.8%   481  238s
  8488  4719    0.75197   35 1463    1.08277    0.33730  68.8%   488  244s
  8655  4886    0.84478   40 1346    1.08277    0.33730  68.8%   494  250s
  8873  5034    0.94229   46 1282    1.08277    0.33730  68.8%   498  257s
  9084  5152    1.05869   50 1183    1.08277    0.37089  65.7%   504  264s
  9242  5311    0.52272   21 2024    1.08277    0.37089  65.7%   512  271s
  9417  5368    0.64880   27 1992    1.08277    0.37089  65.7%   519  279s
H 9470  5362                       1.0813385    0.37089  65.7%   521  279s
  9494  5534    0.65541   28 1625    1.08134    0.37089  65.7%   522  286s
  9714  5677    1.01316   42 1771    1.08134    0.39231  63.7%   528  294s
  9917  5839    0.45179   22 2121    1.08134    0.39231  63.7%   534  303s
 10108  6105    0.62314   36 1770    1.08134    0.39231  63.7%   541  311s
 10402  6352    0.90681   50 1487    1.08134    0.39471  63.5%   543  319s
 10720  6524    0.49533   24 2070    1.08134    0.39471  63.5%   545  329s
 10959  6694    0.83595   38 1941    1.08134    0.39471  63.5%   550  339s
 11178  6850    1.01982   50 1637    1.08134    0.40281  62.7%   554  350s
 11409  7011    0.65649   27 2089    1.08134    0.40281  62.7%   561  361s
 11619  7178    1.07791   36 2080    1.08134    0.40709  62.4%   569  374s
 11820  7385    0.54539   26 2275    1.08134    0.40709  62.4%   577  386s
 12076  7586    0.68777   36 2109    1.08134    0.40709  62.4%   582  399s
 12330  7800    1.00938   58 1523    1.08134    0.40991  62.1%   591  411s
 12640  8036    0.58030   25 2168    1.08134    0.40991  62.1%   596  425s
 12926  8247    0.80302   31 2116    1.08134    0.40991  62.1%   600  441s
 13226  8472    0.98719   37 1487    1.08134    0.41494  61.6%   606  456s
 13493  8721    0.52714   27 2295    1.08134    0.41516  61.6%   610  472s
 13822  8908    0.55570   30 2323    1.08134    0.41516  61.6%   616  490s
 14059  9112    0.62232   34 2206    1.08134    0.41516  61.6%   625  508s
 14293  9391    0.74572   42 2060    1.08134    0.41516  61.6%   635  526s
 14625  9407    0.90075   52 1697    1.08134    0.41516  61.6%   642  659s
H14628  9407                       1.0813385    0.41516  61.6%   642  659s
H14629  9405                       1.0809702    0.41516  61.6%   642  659s
H14636  9401                       1.0804097    0.41516  61.6%   643  659s
H14638  9390                       1.0796552    0.41516  61.5%   643  659s
H14641  9407                       1.0793584    0.41516  61.5%   643  693s
H14648  9396                       1.0779462    0.41516  61.5%   644  693s
H14657  9396                       1.0779462    0.41516  61.5%   644  693s
 14664  9666    0.89056   51 1514    1.07795    0.41516  61.5%   645  711s
 15045  9941    0.97737   62 1613    1.07795    0.41751  61.3%   651  729s
 15434 10166    0.49134   23 2140    1.07795    0.41751  61.3%   656  751s
 15774 10422    0.73827   36 1777    1.07795    0.42194  60.9%   663  773s
 16088 10670    0.62147   25 2090    1.07795    0.42194  60.9%   669  798s
 16441 10936    0.93302   45 1866    1.07795    0.42470  60.6%   676  822s
 16819 11180    0.70177   33 1593    1.07795    0.42714  60.4%   681  848s
 17174 11433    0.63477   27 2182    1.07795    0.42714  60.4%   688  874s
 17540 11763    1.03996   38 1553    1.07795    0.42808  60.3%   696  902s
 17998 12064    0.78853   34 2145    1.07795    0.43008  60.1%   700  930s
 18387 12357    0.52465   20 2178    1.07795    0.43010  60.1%   707  960s
 18797 12669    0.85189   42 1434    1.07795    0.43168  60.0%   713  993s
 19212 12945    0.96533   42 1813    1.07795    0.43586  59.6%   720 1027s
 19660 13236    0.87101   26 1987    1.07795    0.43587  59.6%   726 1063s
 20202 13533    0.53147   28 2100    1.07795    0.43822  59.3%   731 1100s
 20648 13966    0.47245   20 2124    1.07795    0.43822  59.3%   739 1144s
 21242 14508    1.01427   44 1896    1.07795    0.44002  59.2%   746 1202s
 21993 15017    0.88516   51 1677    1.07795    0.44326  58.9%   756 1264s
 22699 15497    0.98988   56 1568    1.07795    0.44458  58.8%   766 1330s
 23406 15976    0.61514   30 2184    1.07795    0.44651  58.6%   777 1399s
 24182 16500    0.65926   22 2456    1.07795    0.44824  58.4%   789 1476s
 24962 17307    0.65775   25 2256    1.07795    0.45084  58.2%   801 1554s
 25888 18132    0.63155   33 2125    1.07795    0.45130  58.1%   814 1630s
 26846 19002    0.97094   65 1632    1.07795    0.45131  58.1%   824 1715s
 28026 19568    0.53751   26 2139    1.07795    0.45431  57.9%   831 1800s

Cutting planes:
  Gomory: 650
  Implied bound: 4
  MIR: 99
  StrongCG: 11
  Flow cover: 558
  Inf proof: 4
  Zero half: 133
  RLT: 41
  BQP: 24

Explored 28789 nodes (24323398 simplex iterations) in 1800.03 seconds (2698.93 work units)
Thread count was 16 (of 16 available processors)

Solution count 10: 1.07795 1.07795 1.07936 ... 1.08496

Time limit reached
Warning: max constraint violation (1.1557e-03) exceeds tolerance
Warning: max general constraint violation (1.1557e-03) exceeds tolerance
         (model may be infeasible or unbounded - try turning presolve off)
Best objective 1.077946247946e+00, best bound 4.558377380830e-01, gap 57.7124%
