
Gurobi 9.5.0 (linux64) logging started Tue 15 Nov 2022 07:50:29 PM PST

Set parameter LogFile to value "experiments/t_4_theta_0.6/gurobi.1668570628.log"
Set parameter LogToConsole to value 0
Set parameter TimeLimit to value 1800
Set parameter Threads to value 16
Gurobi Optimizer version 9.5.0 build v9.5.0rc5 (linux64)
Thread count: 8 physical cores, 16 logical processors, using up to 16 threads
Optimize a model with 342 rows, 1488 columns and 5363 nonzeros
Model fingerprint: 0x8dbc909c
Model has 3475 quadratic objective terms
Model has 300 quadratic constraints
Model has 4 general constraints
Variable types: 95 continuous, 1393 integer (1393 binary)
Coefficient statistics:
  Matrix range     [1e+00, 1e+01]
  QMatrix range    [1e+00, 1e+00]
  QLMatrix range   [1e+00, 1e+00]
  Objective range  [0e+00, 0e+00]
  QObjective range [5e-05, 3e+01]
  Bounds range     [1e+00, 8e+02]
  RHS range        [1e+00, 1e+02]
Presolve added 56 rows and 1414 columns
Presolve time: 0.03s
Presolved: 5174 rows, 5340 columns, 39068 nonzeros
Variable types: 1628 continuous, 3712 integer (3527 binary)

Root relaxation: objective 1.847411e-13, 6358 iterations, 0.29 seconds (0.30 work units)

    Nodes    |    Current Node    |     Objective Bounds      |     Work
 Expl Unexpl |  Obj  Depth IntInf | Incumbent    BestBd   Gap | It/Node Time

     0     0    0.00000    0 3493          -    0.00000      -     -    0s
     0     0    0.02901    0 3499          -    0.02901      -     -    1s
     0     0    0.09364    0 3063          -    0.09364      -     -    1s
     0     0    0.09365    0 3058          -    0.09365      -     -    1s
     0     0    0.10419    0 3023          -    0.10419      -     -    2s
     0     0    0.10424    0 2994          -    0.10424      -     -    2s
     0     0    0.10753    0 2930          -    0.10753      -     -    2s
     0     0    0.10772    0 2933          -    0.10772      -     -    2s
     0     0    0.10897    0 2913          -    0.10897      -     -    3s
H    0     0                     148.2828602    0.10897   100%     -    3s
     0     0    0.10897    0 2877  148.28286    0.10897   100%     -    3s
H    0     0                      42.6135592    0.10898   100%     -    3s
H    0     0                      42.3169669    0.10898   100%     -    3s
     0     2    0.10898    0 2868   42.31697    0.10898   100%     -    4s
     7    12    0.22086    3 2781   42.31697    0.11919   100%  1195    5s
H   42    52                      32.5822351    0.22344  99.3%   953    6s
H   89    98                      22.3337901    0.22344  99.0%   843    9s
H   89    98                      22.3226260    0.22344  99.0%   843    9s
H   90    98                       2.5566243    0.22344  91.3%   835    9s
H  107   118                       2.4244473    0.22344  90.8%   794    9s
   149   151    0.33522   10 2108    2.42445    0.22344  90.8%   712   10s
H  290   294                       2.4059798    0.22344  90.7%   574   11s
   798   885    0.46511   14 1799    2.40598    0.22344  90.7%   368   15s
H  914   983                       2.1566278    0.22344  89.6%   335   19s
H  916   983                       1.9926953    0.22344  88.8%   335   19s
H  925   983                       1.9293320    0.22344  88.4%   332   19s
H  943   983                       1.8814708    0.22344  88.1%   328   19s
H 1012   983                       1.6698869    0.22344  86.6%   308   19s
  1352  1461    0.54515   20 1224    1.66989    0.22344  86.6%   255   20s
H 2150  2030                       1.6671496    0.22344  86.6%   193   22s
H 3172  3048                       1.6383715    0.22344  86.4%   181   25s
H 3186  3046                       1.6364077    0.22344  86.3%   181   25s
H 3298  3029                       1.6275456    0.22344  86.3%   178   25s
H 3614  3259                       1.6198915    0.22344  86.2%   171   32s
H 3616  3097                       1.6105940    0.22344  86.1%   171   33s
H 3616  2942                       1.6018794    0.22344  86.1%   171   33s
  3619  2944    0.63114   19 2808    1.60188    0.22344  86.1%   171   35s
H 3619  2796                       1.5997472    0.22344  86.0%   171   35s
H 3620  2656                       1.5626707    0.22344  85.7%   171   35s
H 3620  2524                       1.5515915    0.22344  85.6%   171   36s
H 3622  2399                       1.5495453    0.22344  85.6%   171   36s
H 3623  2279                       1.5475067    0.22344  85.6%   171   37s
H 3627  2168                       1.5415970    0.22344  85.5%   171   38s
H 3627  2059                       1.4459932    0.22344  84.5%   171   38s
H 3627  1956                       1.4438507    0.22344  84.5%   171   38s
H 3628  1859                       1.3757683    0.22344  83.8%   171   38s
H 3629  1766                       1.3750568    0.22344  83.8%   171   39s
H 3631  1679                       1.3162243    0.22344  83.0%   171   39s
H 3632  1595                       1.2950676    0.22344  82.7%   170   39s
H 3633  1516                       1.2883688    0.22344  82.7%   170   40s
H 3635  1440                       1.2782666    0.22344  82.5%   170   40s
H 3636  1369                       1.2712074    0.22344  82.4%   170   41s
H 3636  1300                       1.2480329    0.22344  82.1%   170   41s
H 3637  1236                       1.2233893    0.24249  80.2%   170   41s
H 3640  1175                       1.2177131    0.24286  80.1%   170   43s
H 3640  1116                       1.1881954    0.24286  79.6%   170   44s
  3642  1120    0.24286   10 2684    1.18820    0.24286  79.6%   179   45s
  3672  1154    0.48581   14 2138    1.18820    0.25595  78.5%   197   50s
H 3721  1130                       1.1881954    0.27697  76.7%   215   53s
H 3724  1075                       1.1866378    0.27697  76.7%   216   53s
H 3727  1024                       1.1680699    0.27697  76.3%   217   53s
H 3729   974                       1.1657956    0.27697  76.2%   217   53s
H 3756   956                       1.1657955    0.27697  76.2%   222   59s
H 3760   911                       1.1623991    0.27697  76.2%   223   59s
  3772   934    0.57860   17 2029    1.16240    0.27697  76.2%   227   60s
  4052  1122    0.73804   26 1622    1.16240    0.27697  76.2%   245   65s
  4329  1232    0.95172   30 1547    1.16240    0.27697  76.2%   260   70s
  4642  1406    1.10933   42 1342    1.16240    0.27697  76.2%   273   75s
  4863  1477    0.48780   15 2311    1.16240    0.34773  70.1%   280   82s
H 4870  1434                       1.1622312    0.34773  70.1%   280   82s
H 4873  1393                       1.1622312    0.34773  70.1%   281   82s
  5072  1588    0.75909   19 1909    1.16223    0.34773  70.1%   286   85s
  5524  1761    1.14408   27 1648    1.16223    0.34773  70.1%   292   90s
  5943  1984    0.57420   19 1776    1.16223    0.37461  67.8%   301   95s
  6349  2323    0.80036   29 1339    1.16223    0.37461  67.8%   305  101s
  6646  2570    1.15506   42 1214    1.16223    0.37924  67.4%   310  105s
  7086  2867    0.63625   22 1351    1.16223    0.37924  67.4%   318  110s
  7394  3109    0.82721   36 1392    1.16223    0.37924  67.4%   323  115s
  7727  3394    1.12258   49 1288    1.16223    0.45763  60.6%   329  120s
  8169  3690    0.54936   20 1526    1.16223    0.45763  60.6%   332  125s
  8532  3972    1.05512   56 1139    1.16223    0.47411  59.2%   338  130s
H 8888  3998                       1.1385300    0.47411  58.4%   345  137s
  9127  4357     cutoff   29         1.13853    0.47411  58.4%   350  142s
  9394  4497    1.13314   32 1475    1.13853    0.50710  55.5%   352  145s
  9921  4827    0.87420   21 1622    1.13853    0.50710  55.5%   356  152s
 10156  4995    1.13372   30 1491    1.13853    0.51026  55.2%   359  155s
 10612  5411    0.75929   33 1274    1.13853    0.51026  55.2%   366  162s
 10897  5637    0.79514   39 1184    1.13853    0.51026  55.2%   368  166s
 11510  5907    1.08187   55 1110    1.13853    0.51026  55.2%   373  182s
H11518  5907                       1.1385300    0.51026  55.2%   373  182s
H11521  5886                       1.1360031    0.51026  55.1%   373  182s
H11536  5880                       1.1355852    0.51026  55.1%   374  182s
 11538  6105    1.08209   54 1074    1.13559    0.53167  53.2%   374  185s
 11848  6354    0.72018   28 1611    1.13559    0.53760  52.7%   377  190s
 12504  6869    1.01419   33 1067    1.13559    0.54607  51.9%   382  198s
 12834  7178    0.62335   25 1343    1.13559    0.54607  51.9%   385  203s
 13213  7482    1.09597   52 1238    1.13559    0.54907  51.6%   387  208s
 13591  7790    0.72810   25 1361    1.13559    0.55001  51.6%   390  214s
 14017  7806    0.57302   22 1506    1.13559    0.55024  51.5%   392  241s
H14029  7806                       1.1355851    0.55024  51.5%   392  241s
 14033  8068    0.57458   23 1517    1.13559    0.55109  51.5%   392  246s
 14436  8387    0.72051   16 2082    1.13559    0.55154  51.4%   395  252s
 14834  8698    0.87649   25 1449    1.13559    0.55274  51.3%   398  258s
 15219  9032    1.05933   49 1301    1.13559    0.55509  51.1%   402  264s
 15684  9344     cutoff   30         1.13559    0.55685  51.0%   404  270s
 16164  9721    0.85412   31 1092    1.13559    0.55870  50.8%   406  277s
 16712 10152    0.70220   23 1483    1.13559    0.56080  50.6%   406  283s
 17314 10588    0.67880   24 1530    1.13559    0.56127  50.6%   407  290s
 17901 10930    0.70945   24 1669    1.13559    0.56196  50.5%   408  298s
 18398 11300    0.62318   23 1267    1.13559    0.56196  50.5%   411  306s
 18911 11638    1.08570   57 1469    1.13559    0.56446  50.3%   414  314s
 19551 12021    1.12385   54 1497    1.13559    0.56476  50.3%   413  323s
 20186 12449    0.67414   26 1394    1.13559    0.56596  50.2%   415  331s
 20860 12986    0.63661   23 1296    1.13559    0.56697  50.1%   416  341s
 21566 13663    0.69847   28 1322    1.13559    0.56775  50.0%   419  351s
 22316 14349    0.93902   43 1209    1.13559    0.56775  50.0%   421  362s
 23255 14955     cutoff   68         1.13559    0.56829  50.0%   421  373s
 24031 15753    0.93697   45 1341    1.13559    0.57012  49.8%   422  384s
 24891 16423    0.65739   28 1253    1.13559    0.57043  49.8%   422  396s
 25821 17046    0.89808   34 1462    1.13559    0.57146  49.7%   421  407s
 26548 17772    0.76358   36 1403    1.13559    0.57156  49.7%   424  420s
 27504 18257    1.02793   59 1249    1.13559    0.57222  49.6%   424  433s
 28223 18872     cutoff   48         1.13559    0.57339  49.5%   426  447s
 29151 19732    0.71031   36 1387    1.13559    0.57538  49.3%   427  461s
 30103 20364    0.62956   22 1573    1.13559    0.57541  49.3%   429  476s
 31086 21190    0.63936   24 1384    1.13559    0.57704  49.2%   431  492s
 32190 22019    1.06100   34 1388    1.13559    0.57849  49.1%   431  508s
 33183 22924    0.89356   38 1370    1.13559    0.57865  49.0%   434  525s
 34275 23916    0.77490   34 1203    1.13559    0.58039  48.9%   436  542s
 35463 24784    0.67732   24 1446    1.13559    0.58076  48.9%   438  561s
 36641 25608    0.61979   25 1623    1.13559    0.58182  48.8%   440  581s
 37879 26511    0.84140   37 1124    1.13559    0.58275  48.7%   441  601s
 39131 27268    0.73655   33 1455    1.13559    0.58450  48.5%   442  623s
H39758 27268                       1.1355850    0.58488  48.5%   442  623s
 40238 28282    0.82433   29 1274    1.13559    0.58516  48.5%   443  645s
 41717 28283    1.01256   46 1734    1.13559    0.58602  48.4%   444  765s
 41724 28288    0.73786   28 2680    1.13559    0.58602  48.4%   443  770s
 41727 28290    0.71885   27 2654    1.13559    0.58602  48.4%   443  775s
H41728 26875                       1.1355246    0.58602  48.4%   443  778s
 41731 26877    0.59935   22 2618    1.13552    0.58602  48.4%   443  781s
 41735 26880    1.09263   38 2652    1.13552    0.58602  48.4%   443  786s
 41739 26883    0.71818   22 2633    1.13552    0.58602  48.4%   443  791s
 41743 26885    0.78676   31 2660    1.13552    0.58602  48.4%   443  797s
 41745 26887    1.07508   76 2645    1.13552    0.58602  48.4%   443  800s
 41748 26889    0.94476   48 2651    1.13552    0.58602  48.4%   443  805s
 41751 26891    0.78395   45 2607    1.13552    0.58602  48.4%   443  811s
 41754 26893    1.10986   50 2628    1.13552    0.58602  48.4%   443  816s
 41756 26894    0.63255   27 2637    1.13552    0.58602  48.4%   443  820s
H41757 25549                       1.1329904    0.58602  48.3%   443  824s
 41759 25550    0.81901   37 2662    1.13299    0.58602  48.3%   443  827s
H41759 24272                       1.1312901    0.58602  48.2%   443  829s
 41760 24273    0.65769   25 2646    1.13129    0.58602  48.2%   443  830s
 41762 24274    1.05563   53 2628    1.13129    0.58602  48.2%   443  835s
 41765 24276    0.85267   35 2686    1.13129    0.58602  48.2%   443  843s
 41766 24277    0.70061   25 2675    1.13129    0.58602  48.2%   443  846s
 41768 24278    0.82017   36 2703    1.13129    0.58602  48.2%   443  851s
H41769 23064                       1.1305783    0.58602  48.2%   443  855s
 41772 23066    1.01683   48 2670    1.13058    0.58602  48.2%   443  861s
 41773 23066    0.76582   35 2684    1.13058    0.58602  48.2%   443  865s
 41775 23068    1.04791   60 2665    1.13058    0.58602  48.2%   443  872s
 41776 23068    0.77822   30 2667    1.13058    0.58602  48.2%   443  875s
 41777 23069    0.71981   34 2688    1.13058    0.58602  48.2%   443  880s
 41779 23070    0.73898   31 2683    1.13058    0.58602  48.2%   443  886s
 41781 23072    0.92078   39 2679    1.13058    0.58602  48.2%   443  892s
 41783 23073    0.93116   39 2675    1.13058    0.58602  48.2%   443  898s
H41783 21919                       1.1232405    0.58602  47.8%   443  900s
H41785 20822                       1.1182360    0.58602  47.6%   443  905s
 41788 20824    0.74545   31 2668    1.11824    0.58602  47.6%   443  911s
 41790 20826    0.87136   35 2670    1.11824    0.58602  47.6%   443  917s
 41791 20826    0.94172   44 2676    1.11824    0.58602  47.6%   443  920s
 41793 20828    0.62771   18 2711    1.11824    0.58602  47.6%   443  925s
 41795 20829    1.04637   49 2689    1.11824    0.58602  47.6%   443  932s
 41797 20830    1.11824   74 2677    1.11824    0.58602  47.6%   443  939s
 41798 20831    0.75031   27 2658    1.11824    0.58602  47.6%   443  941s
 41799 20832    0.63219   29 2662    1.11824    0.58602  47.6%   443  945s
 41801 20833    0.89648   32 2647    1.11824    0.58602  47.6%   443  952s
 41803 20834    0.70855   26 2696    1.11824    0.58602  47.6%   443  959s
 41804 20835    0.91312   34 2686    1.11824    0.58602  47.6%   443  961s
 41806 20836    1.09705   55 2708    1.11824    0.58602  47.6%   443  968s
 41807 20837    1.11824   69 2727    1.11824    0.58602  47.6%   443  973s
 41808 20838    0.83645   26 2735    1.11824    0.58602  47.6%   443  979s
 41809 20838    0.95448   35 2770    1.11824    0.58602  47.6%   443  984s
H41809 19795                       1.1179120    0.58602  47.6%   443  989s
 41811 19797    0.63740   23 2772    1.11791    0.58602  47.6%   443  993s
 41812 19797    1.11791   66 2781    1.11791    0.58602  47.6%   443  996s
 41813 19798    0.66648   24 2793    1.11791    0.58602  47.6%   443 1002s
H41813 18806                       1.1179120    0.58602  47.6%   443 1004s
 41815 18807    0.83723   37 2778    1.11791    0.58602  47.6%   442 1009s
 41816 18808    1.10817   61 2782    1.11791    0.58602  47.6%   442 1016s
 41817 18809    1.01256   46 2770    1.11791    0.58602  47.6%   442 1022s
 41818 18809    0.65689   23 2784    1.11791    0.58602  47.6%   442 1029s
 41819 18810    0.83092   38 2784    1.11791    0.58602  47.6%   442 1033s
 41820 18811    0.83625   37 2754    1.11791    0.58602  47.6%   442 1037s
 41821 18811    0.84751   40 2763    1.11791    0.58602  47.6%   442 1043s
 41822 18812    0.68046   29 2732    1.11791    0.58602  47.6%   442 1048s
 41823 18813    0.88593   32 2755    1.11791    0.58602  47.6%   442 1052s
 41824 18813    0.73786   28 2741    1.11791    0.58602  47.6%   442 1057s
 41825 18814    0.63699   21 2750    1.11791    0.58602  47.6%   442 1061s
 41826 18815    0.85782   28 2705    1.11791    0.58602  47.6%   442 1066s
 41827 18815    0.71885   27 2730    1.11791    0.58602  47.6%   442 1071s
 41828 18816    0.79358   35 2715    1.11791    0.58602  47.6%   442 1078s
 41829 18817    0.60950   23 2749    1.11791    0.58602  47.6%   442 1082s
 41830 18817    1.07389   52 2657    1.11791    0.58602  47.6%   442 1088s
 41831 18818    0.59935   22 2668    1.11791    0.58602  47.6%   442 1092s
 41832 18819    0.77475   36 2659    1.11791    0.58602  47.6%   442 1096s
 41834 18820    0.97425   50 2675    1.11791    0.58602  47.6%   442 1102s
 41835 18821    1.09263   38 2679    1.11791    0.58602  47.6%   442 1108s
 41836 18821    0.92211   41 2734    1.11791    0.58602  47.6%   442 1113s
 41837 18822    0.60383   26 2736    1.11791    0.58602  47.6%   442 1118s
 41838 18823    0.94440   41 2736    1.11791    0.58602  47.6%   442 1125s
 41840 18824    0.81366   30 2739    1.11791    0.58602  47.6%   442 1134s
 41841 18825    0.77192   33 2718    1.11791    0.58602  47.6%   442 1139s
 41842 18825    0.60296   22 2716    1.11791    0.58602  47.6%   442 1144s
 41843 18826    0.78676   31 2746    1.11791    0.58602  47.6%   442 1147s
 41844 18827    0.87125   43 2741    1.11791    0.58602  47.6%   442 1153s
 41845 18827    1.07508   76 2711    1.11791    0.58602  47.6%   442 1159s
 41846 18828    0.85873   34 2701    1.11791    0.58602  47.6%   442 1161s
 41847 18829    0.94366   47 2725    1.11791    0.58602  47.6%   442 1167s
 41848 18829    0.94476   48 2731    1.11791    0.58602  47.6%   442 1173s
 41849 18830    1.01458   55 2748    1.11791    0.58602  47.6%   442 1178s
 41850 18831    0.59485   24 2742    1.11791    0.58602  47.6%   442 1182s
 41851 18831    0.78395   45 2730    1.11791    0.58602  47.6%   442 1193s
 41852 18832    0.60711   19 2735    1.11791    0.58602  47.6%   442 1198s
 41853 18833    0.97412   41 2738    1.11791    0.58602  47.6%   442 1204s
H41853 17889                       1.1170713    0.58602  47.5%   442 1212s
 41855 17890    0.76818   26 2728    1.11707    0.58602  47.5%   442 1217s
 41856 17891    0.63255   27 2715    1.11707    0.58602  47.5%   442 1223s
 41857 17891    0.69134   24 2727    1.11707    0.58602  47.5%   442 1229s
 41858 17892    0.76511   27 2713    1.11707    0.58602  47.5%   442 1238s
 41859 17893    0.81901   37 2686    1.11707    0.58602  47.5%   442 1247s
 41860 17893    0.65769   25 2677    1.11707    0.58602  47.5%   442 1252s
 41861 17894    0.78491   32 2696    1.11707    0.58602  47.5%   442 1259s
 41862 17895    1.05563   53 2734    1.11707    0.58602  47.5%   442 1266s
 41863 17895    0.66261   23 2744    1.11707    0.58602  47.5%   442 1271s
 41865 17897    0.85267   35 2740    1.11707    0.58602  47.5%   442 1278s
 41866 17897    0.70061   25 2738    1.11707    0.58602  47.5%   442 1284s
 41867 17898    1.04036   46 2742    1.11707    0.58602  47.5%   442 1292s
 41868 17899    0.82017   36 2734    1.11707    0.58602  47.5%   442 1300s
 41869 17899    0.64994   27 2729    1.11707    0.58602  47.5%   442 1307s
H41869 17002                       1.1170713    0.58602  47.5%   442 1319s
 41871 17004    1.00684   46 2780    1.11707    0.58602  47.5%   442 1327s
 41872 17004    1.01683   48 2782    1.11707    0.58602  47.5%   442 1335s
 41873 17005    0.76582   35 2791    1.11707    0.58602  47.5%   442 1342s
 41874 17006    1.06134   53 2789    1.11707    0.58602  47.5%   442 1349s
 41875 17006    1.04791   60 2774    1.11707    0.58602  47.5%   442 1357s
 41876 17007    0.77822   30 2803    1.11707    0.58602  47.5%   442 1362s
 41877 17008    0.71981   34 2787    1.11707    0.58602  47.5%   442 1368s
 41878 17008    0.90172   46 2797    1.11707    0.58602  47.5%   442 1375s
 41879 17009    0.73898   31 2808    1.11707    0.58602  47.5%   442 1386s
 41880 17010    1.00146   53 2808    1.11707    0.58602  47.5%   442 1390s
 41881 17010    0.92078   39 2805    1.11707    0.58602  47.5%   442 1396s
 41882 17011    0.81207   40 2809    1.11707    0.58602  47.5%   442 1403s
 41883 17012    0.93116   39 2811    1.11707    0.58602  47.5%   442 1410s
 41884 17012    0.71174   28 2795    1.11707    0.58602  47.5%   442 1420s
 41885 17013    1.11008   51 2833    1.11707    0.58602  47.5%   442 1426s
 41886 17014    0.87096   32 2773    1.11707    0.58602  47.5%   442 1434s
 41887 17014    0.98140   45 2802    1.11707    0.58602  47.5%   442 1443s
 41888 17015    0.74545   31 2789    1.11707    0.58602  47.5%   442 1451s
 41889 17016    1.10308   55 2765    1.11707    0.58602  47.5%   442 1461s
 41890 17016    0.87136   35 2777    1.11707    0.58602  47.5%   442 1467s
 41891 17017    0.94172   44 2773    1.11707    0.58602  47.5%   442 1473s
 41892 17018    0.83983   38 2774    1.11707    0.58602  47.5%   442 1479s
 41893 17018    0.62771   18 2771    1.11707    0.58602  47.5%   442 1489s
 41894 17019    1.02678   44 2772    1.11707    0.58602  47.5%   442 1499s
 41895 17020    1.04637   49 2764    1.11707    0.58602  47.5%   442 1504s
 41896 17020    1.05736   50 2741    1.11707    0.58602  47.5%   442 1511s
 41897 17021    1.11707   74 2775    1.11707    0.58602  47.5%   442 1519s
 41898 17022    0.75031   27 2794    1.11707    0.58602  47.5%   442 1524s
 41899 17022    0.63219   29 2802    1.11707    0.58602  47.5%   442 1530s
 41901 17024    0.89648   32 2774    1.11707    0.58602  47.5%   442 1542s
 41902 17024    1.09895   44 2785    1.11707    0.58602  47.5%   442 1548s
 41903 17025    0.70855   26 2780    1.11707    0.58602  47.5%   442 1551s
 41904 17026    0.91312   34 2771    1.11707    0.58602  47.5%   442 1562s
 41905 17026    0.81983   34 2788    1.11707    0.58602  47.5%   442 1571s
 41906 17027    1.09705   55 2787    1.11707    0.58602  47.5%   442 1579s
 41907 17028    1.11707   69 2778    1.11707    0.58602  47.5%   442 1586s
 41908 17028    0.83645   26 2753    1.11707    0.58602  47.5%   442 1596s
 41909 17029    0.95448   35 2782    1.11707    0.58602  47.5%   441 1609s
 41910 17030    0.60725   29 2792    1.11707    0.58602  47.5%   441 1615s
 41911 17030    0.63740   23 2728    1.11707    0.58602  47.5%   441 1624s
 41912 17031    1.11707   66 2761    1.11707    0.58602  47.5%   441 1630s
 41913 17032    0.66648   24 2771    1.11707    0.58602  47.5%   441 1636s
 41914 17032    0.96969   30 2761    1.11707    0.58602  47.5%   441 1642s
 41915 17033    0.83723   37 2748    1.11707    0.58602  47.5%   441 1648s
 41916 17034    1.10817   61 2678    1.11707    0.58602  47.5%   441 1658s
 41917 17034    1.01256   46 2666    1.11707    0.58602  47.5%   441 1669s
 41918 17035    0.65689   23 2788    1.11707    0.58602  47.5%   441 1682s
 41919 17036    0.83092   38 2788    1.11707    0.58602  47.5%   441 1703s
 41920 17039    0.58602   19 2501    1.11707    0.58602  47.5%   473 1743s
 41922 17043    0.58602   20 2290    1.11707    0.58602  47.5%   473 1782s
 41926 17048    0.58602   21 2264    1.11707    0.58602  47.5%   476 1800s

Cutting planes:
  Gomory: 613
  Cover: 1
  Implied bound: 24
  MIR: 97
  StrongCG: 1
  Flow cover: 111
  Zero half: 3
  RLT: 26
  BQP: 8

Explored 41933 nodes (20047397 simplex iterations) in 1800.76 seconds (3395.81 work units)
Thread count was 16 (of 16 available processors)

Solution count 10: 1.11707 1.11707 1.11791 ... 1.13552

Time limit reached
Warning: max constraint violation (8.3585e-04) exceeds tolerance
Warning: max general constraint violation (8.3585e-04) exceeds tolerance
Best objective 1.117071334112e+00, best bound 5.860197069005e-01, gap 47.5396%
