
Gurobi 9.5.0 (linux64) logging started Mon 14 Nov 2022 10:32:26 PM PST

Set parameter LogFile to value "experiments/t_1_theta_0.001/gurobi.1668493945.log"
Set parameter LogToConsole to value 0
Set parameter TimeLimit to value 1800
Set parameter Threads to value 16
Gurobi Optimizer version 9.5.0 build v9.5.0rc5 (linux64)
Thread count: 8 physical cores, 16 logical processors, using up to 16 threads
Optimize a model with 339 rows, 1398 columns and 5276 nonzeros
Model fingerprint: 0xbd037cc7
Model has 3400 quadratic objective terms
Model has 75 quadratic constraints
Model has 1 general constraint
Variable types: 80 continuous, 1318 integer (1318 binary)
Coefficient statistics:
  Matrix range     [1e+00, 1e+01]
  QMatrix range    [1e+00, 1e+00]
  QLMatrix range   [1e+00, 1e+00]
  Objective range  [0e+00, 0e+00]
  QObjective range [8e-08, 5e-02]
  Bounds range     [1e+00, 8e+02]
  RHS range        [1e+00, 1e+02]
Presolve added 0 rows and 1025 columns
Presolve removed 26 rows and 0 columns
Presolve time: 0.01s
Presolved: 2395 rows, 4505 columns, 12202 nonzeros
Presolved model has 1 SOS constraint(s)
Variable types: 1105 continuous, 3400 integer (3375 binary)

Root relaxation: objective 9.197220e-01, 3546 iterations, 0.12 seconds (0.18 work units)

    Nodes    |    Current Node    |     Objective Bounds      |     Work
 Expl Unexpl |  Obj  Depth IntInf | Incumbent    BestBd   Gap | It/Node Time

     0     0    0.91972    0 1327          -    0.91972      -     -    0s
     0     0    0.95924    0 1338          -    0.95924      -     -    0s
     0     0    0.96268    0 1240          -    0.96268      -     -    0s
     0     0    0.96268    0 1238          -    0.96268      -     -    0s
     0     0    0.96268    0 1238          -    0.96268      -     -    0s
     0     0    0.96285    0 1235          -    0.96285      -     -    0s
     0     0    0.96339    0 1235          -    0.96339      -     -    0s
     0     0    0.97771    0 1234          -    0.97771      -     -    0s
     0     0    0.97831    0 1239          -    0.97831      -     -    0s
     0     0    0.98351    0 1253          -    0.98351      -     -    0s
     0     0    0.98351    0 1252          -    0.98351      -     -    0s
H    0     0                       9.2364315    0.98351  89.4%     -    0s
H    0     0                       9.0597353    0.98351  89.1%     -    0s
H    0     0                       9.0423506    0.98351  89.1%     -    1s
     0     2    0.98351    0 1252    9.04235    0.98351  89.1%     -    1s
H   31    48                       9.0423246    0.98399  89.1%   132    1s
H   35    48                       9.0423244    0.98399  89.1%   117    1s
H   36    48                       9.0423208    0.98399  89.1%   115    1s
H   79    90                       1.6003191    0.98399  38.5%  89.2    1s
H  149   186                       1.5918959    0.98399  38.2%   201    2s
H  153   186                       1.5840375    0.98399  37.9%   207    2s
H  167   186                       1.5840027    0.98399  37.9%   219    2s
H  197   202                       1.5830999    0.98399  37.8%   230    2s
H  199   202                       1.5830540    0.98399  37.8%   232    2s
H  202   202                       1.5830292    0.98399  37.8%   235    2s
H  208   202                       1.5829447    0.98399  37.8%   236    2s
H  220   363                       1.5822445    0.98399  37.8%   238    3s
H  252   363                       1.5661102    0.98399  37.2%   231    3s
H  364   363                       1.4737129    0.98399  33.2%   199    3s
   376   766    1.00035   17 1067    1.47371    0.98399  33.2%   201    5s
H  401   766                       1.4721275    0.98399  33.2%   194    5s
H  454   766                       1.4660753    0.98399  32.9%   179    5s
H  485   766                       1.2720818    0.98399  22.6%   170    5s
H  614   766                       1.2719628    0.98399  22.6%   147    5s
H  780   766                       1.2718841    0.98399  22.6%   138    5s
H  808  1149                       1.2676024    0.98399  22.4%   135    5s
H  838  1149                       1.2675535    0.98399  22.4%   130    5s
H 1041  1149                       1.0008932    0.98399  1.69%   111    5s
H 1975  1646                       1.0007286    0.98399  1.67%   107   10s
  3203  2684    1.00001   47 1280    1.00073    0.98459  1.61%   114   15s
H 3203  2549                       1.0007284    0.98459  1.61%   114   15s
H 3213  2427                       1.0007206    0.98465  1.61%   113   18s
  3219  2435    0.99047   15 1252    1.00072    0.98465  1.61%   126   20s
H 3350  2404                       1.0006961    0.98468  1.60%   141   23s
  3394  2433    0.99053   23 1157    1.00070    0.98468  1.60%   145   29s
H 3399  2315                       1.0006946    0.98468  1.60%   145   29s
H 3408  2202                       1.0006570    0.98468  1.60%   146   29s
H 3411  2097                       1.0006550    0.98468  1.60%   146   29s
  3413  2112    0.99053   24 1147    1.00066    0.98468  1.60%   146   31s
  4452  2669    0.99955   61  936    1.00066    0.98468  1.60%   144   38s
  4971  3129    0.99984   67  837    1.00066    0.98468  1.60%   147   40s
  6455  3772    1.00023   81  728    1.00066    0.98468  1.60%   161   45s
  8051  4061    1.00011  112  639    1.00066    0.98468  1.60%   176   67s
H 8055  3960                       1.0006485    0.98468  1.60%   176   67s
H 8060  3864                       1.0006481    0.98468  1.60%   176   67s
H 8066  3772                       1.0006479    0.98468  1.60%   176   67s
  8075  4164    1.00011  112  644    1.00065    0.98468  1.60%   176   70s
  9551  4814    0.98469   20 1254    1.00065    0.98468  1.60%   191   76s
 10445  5129 infeasible   35         1.00065    0.98469  1.60%   223   82s
 10772  5316    0.98470   31 1220    1.00065    0.98469  1.60%   243   91s
 11065  5519    0.98471   32 1185    1.00065    0.98469  1.60%   250   95s
 11600  5810 infeasible   34         1.00065    0.98469  1.59%   266  100s
 12906  6540    0.98484   44 1115    1.00065    0.98470  1.59%   293  109s
 13723  6708    0.98473   37 1169    1.00065    0.98470  1.59%   304  119s
 14435  7030    0.98474   42 1164    1.00065    0.98470  1.59%   315  125s
 15243  7383    0.98474   34 1165    1.00065    0.98470  1.59%   327  130s
 16396  7784    0.98472   34 1171    1.00065    0.98471  1.59%   329  136s
 18063  8226    0.98476   34 1181    1.00065    0.98471  1.59%   320  142s
 19681  8540    0.98472   33 1201    1.00065    0.98471  1.59%   315  148s
 20921  8903    0.98478   40 1139    1.00065    0.98471  1.59%   314  154s
 22808  8990    0.98481   51 1134    1.00065    0.98471  1.59%   308  162s
 23261  9488 infeasible   32         1.00065    0.98471  1.59%   306  169s
 25621  9886    0.98472   33 1191    1.00065    0.98472  1.59%   296  176s
 28143  9885    0.98480   37 1135    1.00065    0.98472  1.59%   287  183s
 29986  9991    0.98475   38 1121    1.00065    0.98472  1.59%   284  194s
 31394  9708 infeasible   33         1.00065    0.98472  1.59%   281  207s
 32897  9720    0.98473   39 1141    1.00065    0.98472  1.59%   281  234s
H32899  9708                       1.0006420    0.98472  1.59%   281  234s
 32917  9671 infeasible   40         1.00064    0.98472  1.59%   281  245s
 36926  9512 infeasible   38         1.00064    0.98473  1.59%   268  255s
 38613  9953    0.98481   39 1113    1.00064    0.98473  1.59%   269  265s
 41090 10270    0.98477   30 1187    1.00064    0.98474  1.59%   270  274s
H42313 10269                       1.0006415    0.98474  1.59%   273  274s
 42761 10480    0.98476   29 1188    1.00064    0.98474  1.59%   275  288s
H42961 10480                       1.0006415    0.98474  1.59%   275  288s
 43382 11306    0.98476   30 1172    1.00064    0.98474  1.59%   275  300s
 46138 11425    0.98476   26 1208    1.00064    0.98475  1.59%   278  318s
 47379 12174    0.98479   40 1103    1.00064    0.98475  1.59%   284  332s
 50400 12941    0.98478   34 1194    1.00064    0.98475  1.59%   286  345s
 53377 12763 infeasible   37         1.00064    0.98475  1.59%   288  358s
 55129 13402 infeasible   37         1.00064    0.98476  1.59%   294  371s
 58278 13124 infeasible   39         1.00064    0.98476  1.59%   295  383s
 59914 13588 infeasible   38         1.00064    0.98476  1.59%   300  398s
 63650 13754 infeasible   36         1.00064    0.98476  1.59%   298  412s
 66582 13353 infeasible   31         1.00064    0.98476  1.59%   302  430s
H66594 13351                       1.0006406    0.98476  1.59%   302  430s
 67011 12399 infeasible   36         1.00064    0.98477  1.59%   302  441s
 69071 12336 infeasible   39         1.00064    0.98477  1.59%   304  457s
 71432 11029 infeasible   35         1.00064    0.98477  1.59%   299  468s
 73561 10362 infeasible   40         1.00064    0.98478  1.59%   299  486s
 77676  8832    0.98480   44 1140    1.00064    0.98478  1.58%   290  496s
 80818  7133 infeasible   42         1.00064    0.98480  1.58%   285  505s
 83625  5147 infeasible   29         1.00064    0.98480  1.58%   281  513s
 86445  2935 infeasible   47         1.00064    0.98482  1.58%   277  522s
 89743  2888    0.98493   48 1093    1.00064    0.98487  1.58%   272  528s
 90898  3035 infeasible   37         1.00064    0.98495  1.57%   273  534s
 92125  3188    0.98506   32 1178    1.00064    0.98495  1.57%   273  541s
 93346  3509    0.98505   25 1175    1.00064    0.98496  1.57%   275  553s
 94082  4085    0.98508   33 1153    1.00064    0.98504  1.56%   277  563s
 95254  4543    0.98506   30 1194    1.00064    0.98504  1.56%   281  577s
 96694  5100    0.98508   35 1150    1.00064    0.98504  1.56%   285  592s
 98384  5668 infeasible   41         1.00064    0.98505  1.56%   290  609s
 100475  6349 infeasible   34         1.00064    0.98505  1.56%   296  630s
 103384  6921 infeasible   30         1.00064    0.98505  1.56%   301  653s
 106802  7582 infeasible   40         1.00064    0.98505  1.56%   307  678s
 110597  8018 infeasible   43         1.00064    0.98506  1.56%   311  703s
 114474  8351 infeasible   42         1.00064    0.98506  1.56%   317  729s
 118732  8352    0.98517   40 1111    1.00064    0.98506  1.56%   320  758s
 123190  7864 infeasible   56         1.00064    0.98507  1.56%   321  783s
 129151  7509    0.98514   26 1181    1.00064    0.98508  1.55%   319  805s
 133540  6274 infeasible   33         1.00064    0.98510  1.55%   320  830s
 138587  4973    0.98518   47 1108    1.00064    0.98512  1.55%   317  851s
 143295  3168 infeasible   27         1.00064    0.98514  1.55%   316  872s
 147659  3597    0.98540   59 1119    1.00064    0.98517  1.55%   314  880s
 149744  3712    0.99054   23 1208    1.00064    0.98522  1.54%   313  888s
 151584  4324    0.98534   38 1124    1.00064    0.98524  1.54%   313  896s
 153180  5475    0.99054   41 1139    1.00064    0.98525  1.54%   313  904s
 154673  7028    0.99950   41 1005    1.00064    0.98528  1.53%   313  911s
 156480  8158    0.99937   30 1144    1.00064    0.98530  1.53%   313  918s
 157948  9648    0.99050   21 1220    1.00064    0.98775  1.29%   313  926s
 159814 11876    0.99967   49  945    1.00064    0.99048  1.02%   313  938s
 162409 14044    1.00052   95  630    1.00064    0.99048  1.02%   313  951s
 164927 16390    1.00058   96  831    1.00064    0.99048  1.02%   314  967s
 167620 19185    1.00032   96  801    1.00064    0.99048  1.02%   316  983s
 170893 21695    0.99966   66  906    1.00064    0.99048  1.02%   318 1001s
 173911 25060     cutoff   88         1.00064    0.99048  1.02%   319 1022s
 177970 28406    0.99993   96  841    1.00064    0.99048  1.02%   320 1045s
 181955 32564 infeasible   97         1.00064    0.99048  1.02%   322 1069s
 187210 35987    1.00035   99  740    1.00064    0.99048  1.02%   322 1092s
 191521 39171    0.99979   73  817    1.00064    0.99048  1.01%   323 1115s
 195676 42611    0.99052   30 1146    1.00064    0.99048  1.01%   324 1139s
 199761 46607    0.99058   40 1082    1.00064    0.99049  1.01%   325 1163s
 204523 50097    0.99050   28 1161    1.00064    0.99049  1.01%   325 1186s
 208506 53843    0.99054   32 1201    1.00064    0.99049  1.01%   327 1212s
 213041 57615    0.99984   85  931    1.00064    0.99049  1.01%   328 1237s
 217800 61599    0.99968   65 1013    1.00064    0.99049  1.01%   329 1261s
 222792 65015     cutoff  117         1.00064    0.99049  1.01%   329 1285s
 227026 68945     cutoff  114         1.00064    0.99049  1.01%   329 1310s
 231755 72726     cutoff  122         1.00064    0.99049  1.01%   330 1334s
 236217 76388    0.99061   33 1071    1.00064    0.99049  1.01%   331 1357s
 240485 80163    1.00000   90  817    1.00064    0.99049  1.01%   331 1382s
H241324 80155                       1.0006401    0.99049  1.01%   331 1382s
 245056 83654    0.99062   45 1071    1.00064    0.99049  1.01%   331 1407s
 249270 87500    0.99051   30 1176    1.00064    0.99049  1.01%   331 1432s
 253954 91542    0.99111   56 1075    1.00064    0.99049  1.01%   331 1458s
 258623 95006    1.00057  109  534    1.00064    0.99049  1.01%   332 1482s
 262790 99008    1.00026   81  856    1.00064    0.99049  1.01%   333 1507s
 267450 103117    0.99051   33 1155    1.00064    0.99049  1.01%   334 1531s
 272099 106963    0.99942   40 1047    1.00064    0.99049  1.01%   334 1556s
 276920 110904    0.99950   49  999    1.00064    0.99049  1.01%   334 1579s
 281498 114758     cutoff  126         1.00064    0.99049  1.01%   334 1603s
 286210 118024    0.99054   29 1168    1.00064    0.99049  1.01%   334 1626s
 290032 121962    1.00062   84  675    1.00064    0.99049  1.01%   335 1651s
 294615 125519    1.00003  101  719    1.00064    0.99049  1.01%   335 1674s
 298828 129518    0.99057   35 1122    1.00064    0.99049  1.01%   335 1700s
 303658 132904    0.99966   56  963    1.00064    0.99049  1.01%   335 1724s
 307964 136566     cutoff   76         1.00064    0.99049  1.01%   336 1748s
 312348 140059    0.99969   96  854    1.00064    0.99049  1.01%   336 1773s
 316774 143735    0.99942   55 1050    1.00064    0.99049  1.01%   336 1798s
 321333 144006    0.99062   49 1131    1.00064    0.99049  1.01%   336 1800s

Cutting planes:
  Gomory: 360
  Cover: 3
  MIR: 21
  StrongCG: 4
  Flow cover: 8
  Inf proof: 2
  Zero half: 43
  RLT: 14

Explored 321644 nodes (108185447 simplex iterations) in 1800.01 seconds (2693.79 work units)
Thread count was 16 (of 16 available processors)

Solution count 10: 1.00064 1.00064 1.00064 ... 1.00066

Time limit reached
Warning: max constraint violation (8.0628e-05) exceeds tolerance
Warning: max general constraint violation (8.0628e-05) exceeds tolerance
Best objective 1.000640142684e+00, best bound 9.904932237841e-01, gap 1.0140%
