zhliang@creator8re:~/Workspaces/ParMe-exp$ conda activate parme
(parme) zhliang@creator8re:~/Workspaces/ParMe-exp$ bash scripts/experiments/run_t5_1.bash; bash scripts/experiments/run_t5_2.bash 
================================================================
reading input graphs
mobilenetv2:0
qt.qpa.plugin: Could not find the Qt platform plugin "wayland" in ""
resnet18:0
resnet50:0
yolov5:0
================================================================
Set parameter Username
Academic license - for non-commercial use only - expires 2023-06-24
design size = 542.0
m =  6
design size = 247.0
m =  3
design size = 647.0
m =  8
design size = 655.0
m =  8
Set parameter LogFile to value "experiments/t_5_theta_0.4/gurobi.1668596982.log"
[GRB] reach time limit
================================================================
status                          : 9
solcount                        : 10
bestobj                         : 1.0779462479456807
rho_tilde                       : 1.0821331325800594
phi_tilde                       : 1.0751549915227565
rho                             : 100017307212.7806
phi                             : 2426.698609791999
================================================================
reading input graphs
mobilenetv2:0
qt.qpa.plugin: Could not find the Qt platform plugin "wayland" in ""
resnet18:0
resnet50:0
yolov5:0
================================================================
Set parameter Username
Academic license - for non-commercial use only - expires 2023-06-24
design size = 542.0
m =  6
design size = 247.0
m =  3
design size = 647.0
m =  8
design size = 655.0
m =  8
Set parameter LogFile to value "experiments/t_5_theta_0.45/gurobi.1668598784.log"
[GRB] reach time limit
================================================================
status                          : 9
solcount                        : 10
bestobj                         : 1.1524282306698634
rho_tilde                       : 1.0924206591172831
phi_tilde                       : 1.2015253346674277
rho                             : 100968142808.84068
phi                             : 2711.9251477758676
================================================================
reading input graphs
mobilenetv2:0
qt.qpa.plugin: Could not find the Qt platform plugin "wayland" in ""
resnet18:0
resnet50:0
yolov5:0
================================================================
Set parameter Username
Academic license - for non-commercial use only - expires 2023-06-24
design size = 542.0
m =  6
design size = 247.0
m =  3
design size = 647.0
m =  8
design size = 655.0
m =  8
Set parameter LogFile to value "experiments/t_5_theta_0.5/gurobi.1668600587.log"
[GRB] reach time limit
================================================================
status                          : 9
solcount                        : 10
bestobj                         : 1.1535238689997533
rho_tilde                       : 1.0941710362849841
phi_tilde                       : 1.212876701714516
rho                             : 101129923282.65613
phi                             : 2737.5459623092156
================================================================
reading input graphs
mobilenetv2:0
qt.qpa.plugin: Could not find the Qt platform plugin "wayland" in ""
resnet18:0
resnet50:0
yolov5:0
================================================================
Set parameter Username
Academic license - for non-commercial use only - expires 2023-06-24
design size = 542.0
m =  6
design size = 247.0
m =  3
design size = 647.0
m =  8
design size = 655.0
m =  8
Set parameter LogFile to value "experiments/t_5_theta_0.55/gurobi.1668602389.log"
[GRB] reach time limit
================================================================
status                          : 9
solcount                        : 10
bestobj                         : 1.1069772605363595
rho_tilde                       : 1.0298586299925625
phi_tilde                       : 1.201233364534354
rho                             : 95185780640.60796
phi                             : 2711.2661511459705
================================================================
reading input graphs
mobilenetv2:0
qt.qpa.plugin: Could not find the Qt platform plugin "wayland" in ""
resnet18:0
resnet50:0
yolov5:0
================================================================
Set parameter Username
Academic license - for non-commercial use only - expires 2023-06-24
design size = 542.0
m =  6
design size = 247.0
m =  3
design size = 647.0
m =  8
design size = 655.0
m =  8
Set parameter LogFile to value "experiments/t_5_theta_0.6/gurobi.1668604192.log"
[GRB] reach time limit
================================================================
status                          : 9
solcount                        : 10
bestobj                         : 1.127944363855972
rho_tilde                       : 1.0677905088636843
phi_tilde                       : 1.2181751463444015
rho                             : 98691674941.40027
phi                             : 2749.5049155008783
================================================================
reading input graphs
mobilenetv2:0
qt.qpa.plugin: Could not find the Qt platform plugin "wayland" in ""
resnet18:0
resnet50:0
yolov5:0
================================================================
Set parameter Username
Academic license - for non-commercial use only - expires 2023-06-24
design size = 542.0
m =  6
design size = 247.0
m =  3
design size = 647.0
m =  8
design size = 655.0
m =  8
Set parameter LogFile to value "experiments/t_5_theta_0.1/gurobi.1668605995.log"
[GRB] reach time limit
================================================================
status                          : 9
solcount                        : 10
bestobj                         : 1.1682241863422405
rho_tilde                       : 2.1759436505087257
phi_tilde                       : 1.0562553569904076
rho                             : 201113909202.41455
phi                             : 2384.0408374644294
================================================================
reading input graphs
mobilenetv2:0
qt.qpa.plugin: Could not find the Qt platform plugin "wayland" in ""
resnet18:0
resnet50:0
yolov5:0
================================================================
Set parameter Username
Academic license - for non-commercial use only - expires 2023-06-24
design size = 542.0
m =  6
design size = 247.0
m =  3
design size = 647.0
m =  8
design size = 655.0
m =  8
Set parameter LogFile to value "experiments/t_5_theta_0.2/gurobi.1668607797.log"
[GRB] reach time limit
================================================================
status                          : 9
solcount                        : 10
bestobj                         : 1.143921980964653
rho_tilde                       : 1.5170374782478586
phi_tilde                       : 1.0506431066438497
rho                             : 140213804519.09653
phi                             : 2371.3736032319885
================================================================
reading input graphs
mobilenetv2:0
qt.qpa.plugin: Could not find the Qt platform plugin "wayland" in ""
resnet18:0
resnet50:0
yolov5:0
================================================================
Set parameter Username
Academic license - for non-commercial use only - expires 2023-06-24
design size = 542.0
m =  6
design size = 247.0
m =  3
design size = 647.0
m =  8
design size = 655.0
m =  8
Set parameter LogFile to value "experiments/t_5_theta_0.3/gurobi.1668609600.log"
[GRB] reach time limit
================================================================
status                          : 9
solcount                        : 10
bestobj                         : 1.1259080806697013
rho_tilde                       : 1.166819041062843
phi_tilde                       : 1.1083748119297843
rho                             : 107844492491.84268
phi                             : 2501.678024513498
================================================================
reading input graphs
mobilenetv2:0
qt.qpa.plugin: Could not find the Qt platform plugin "wayland" in ""
resnet18:0
resnet50:0
yolov5:0
================================================================
Set parameter Username
Academic license - for non-commercial use only - expires 2023-06-24
design size = 542.0
m =  6
design size = 247.0
m =  3
design size = 647.0
m =  8
design size = 655.0
m =  8
Set parameter LogFile to value "experiments/t_5_theta_0.7/gurobi.1668611402.log"
[GRB] reach time limit
================================================================
status                          : 9
solcount                        : 10
bestobj                         : 1.0851793856091414
rho_tilde                       : 1.014280643644599
phi_tilde                       : 1.2506097835264167
rho                             : 93745968662.38493
phi                             : 2822.7121177919894
================================================================
reading input graphs
mobilenetv2:0
qt.qpa.plugin: Could not find the Qt platform plugin "wayland" in ""
resnet18:0
resnet50:0
yolov5:0
================================================================
Set parameter Username
Academic license - for non-commercial use only - expires 2023-06-24
design size = 542.0
m =  6
design size = 247.0
m =  3
design size = 647.0
m =  8
design size = 655.0
m =  8
Set parameter LogFile to value "experiments/t_5_theta_0.8/gurobi.1668613205.log"
[GRB] reach time limit
================================================================
status                          : 9
solcount                        : 10
bestobj                         : 1.05420669437438
rho_tilde                       : 1.0120166923668383
phi_tilde                       : 1.2229667024045294
rho                             : 93536720554.5087
phi                             : 2760.319786399989
================================================================
reading input graphs
mobilenetv2:0
qt.qpa.plugin: Could not find the Qt platform plugin "wayland" in ""
resnet18:0
resnet50:0
yolov5:0
================================================================
Set parameter Username
Academic license - for non-commercial use only - expires 2023-06-24
design size = 542.0
m =  6
design size = 247.0
m =  3
design size = 647.0
m =  8
design size = 655.0
m =  8
Set parameter LogFile to value "experiments/t_5_theta_0.9/gurobi.1668615008.log"
[GRB] reach time limit
================================================================
status                          : 9
solcount                        : 10
bestobj                         : 1.0309950416560207
rho_tilde                       : 1.00081990181342
phi_tilde                       : 1.302571300239443
rho                             : 92501845263.41734
phi                             : 2939.9928274239974
(parme) zhliang@creator8re:~/Workspaces/ParMe-exp$ bash scripts/experiments/run_t5_1.bash; bash scripts/experiments/run_
run_basic.sh          run_t1_boundary.bash  run_t2_boundary.bash  run_t3_boundary.bash  run_t4_boundary.bash  run_t5_basic.bash     
run_t1_1.bash         run_t2_1.bash         run_t3_1.bash         run_t4_1.bash         run_t5_1.bash         run_wild.log          
run_t1_2.bash         run_t2_2.bash         run_t3_2.bash         run_t4_2.bash         run_t5_2.bash         run_wild.sh           
(parme) zhliang@creator8re:~/Workspaces/ParMe-exp$ bash scripts/experiments/run_t5_1.bash; bash scripts/experiments/run_
run_basic.sh          run_t1_boundary.bash  run_t2_boundary.bash  run_t3_boundary.bash  run_t4_boundary.bash  run_t5_basic.bash     
run_t1_1.bash         run_t2_1.bash         run_t3_1.bash         run_t4_1.bash         run_t5_1.bash         run_wild.log          
run_t1_2.bash         run_t2_2.bash         run_t3_2.bash         run_t4_2.bash         run_t5_2.bash         run_wild.sh           
(parme) zhliang@creator8re:~/Workspaces/ParMe-exp$ bash scripts/experiments/run_t5_1.bash; bash scripts/experiments/run_
run_basic.sh          run_t1_boundary.bash  run_t2_boundary.bash  run_t3_boundary.bash  run_t4_boundary.bash  run_t5_basic.bash     
run_t1_1.bash         run_t2_1.bash         run_t3_1.bash         run_t4_1.bash         run_t5_1.bash         run_wild.log          
run_t1_2.bash         run_t2_2.bash         run_t3_2.bash         run_t4_2.bash         run_t5_2.bash         run_wild.sh           
(parme) zhliang@creator8re:~/Workspaces/ParMe-exp$ bash scripts/experiments/run_t5_1.bash; bash scripts/experiments/run_t5_
run_t5_1.bash      run_t5_2.bash      run_t5_basic.bash  
(parme) zhliang@creator8re:~/Workspaces/ParMe-exp$ bash scripts/experiments/run_t5_1.bash; bash scripts/experiments/run_t5_b
run_t5_basic.bash     run_t5_boundary.bash  
(parme) zhliang@creator8re:~/Workspaces/ParMe-exp$ bash scripts/experiments/run_t5_1.bash; bash scripts/experiments/run_t5_b
run_t5_basic.bash     run_t5_boundary.bash  
(parme) zhliang@creator8re:~/Workspaces/ParMe-exp$ bash scripts/experiments/run_t5_1.bash; bash scripts/experiments/run_t5_boundary.bash 
================================================================
reading input graphs
mobilenetv2:0
qt.qpa.plugin: Could not find the Qt platform plugin "wayland" in ""
resnet18:0
resnet50:0
yolov5:0
================================================================
Set parameter Username
Academic license - for non-commercial use only - expires 2023-06-24
design size = 542.0
m =  6
design size = 247.0
m =  3
design size = 647.0
m =  8
design size = 655.0
m =  8
Set parameter LogFile to value "experiments/t_5_theta_0.4/gurobi.1668618434.log"
[GRB] reach time limit
================================================================
status                          : 9
solcount                        : 10
bestobj                         : 1.0779462479456807
rho_tilde                       : 1.0821331325800594
phi_tilde                       : 1.0751549915227565
rho                             : 100017307212.7806
phi                             : 2426.698609791999
================================================================
reading input graphs
mobilenetv2:0
qt.qpa.plugin: Could not find the Qt platform plugin "wayland" in ""
resnet18:0
resnet50:0
yolov5:0
================================================================
Set parameter Username
Academic license - for non-commercial use only - expires 2023-06-24
design size = 542.0
m =  6
design size = 247.0
m =  3
design size = 647.0
m =  8
design size = 655.0
m =  8
Set parameter LogFile to value "experiments/t_5_theta_0.45/gurobi.1668620237.log"
[GRB] reach time limit
================================================================
status                          : 9
solcount                        : 10
bestobj                         : 1.1524282306698634
rho_tilde                       : 1.0924206591172831
phi_tilde                       : 1.2015253346674277
rho                             : 100968142808.84068
phi                             : 2711.9251477758676
================================================================
reading input graphs
mobilenetv2:0
qt.qpa.plugin: Could not find the Qt platform plugin "wayland" in ""
resnet18:0
resnet50:0
yolov5:0
================================================================
Set parameter Username
Academic license - for non-commercial use only - expires 2023-06-24
design size = 542.0
m =  6
design size = 247.0
m =  3
design size = 647.0
m =  8
design size = 655.0
m =  8
Set parameter LogFile to value "experiments/t_5_theta_0.5/gurobi.1668622039.log"
[GRB] reach time limit
================================================================
status                          : 9
solcount                        : 10
bestobj                         : 1.1535238689997533
rho_tilde                       : 1.0941710362849841
phi_tilde                       : 1.212876701714516
rho                             : 101129923282.65613
phi                             : 2737.5459623092156
================================================================
reading input graphs
mobilenetv2:0
qt.qpa.plugin: Could not find the Qt platform plugin "wayland" in ""
resnet18:0
resnet50:0
yolov5:0
================================================================
Set parameter Username
Academic license - for non-commercial use only - expires 2023-06-24
design size = 542.0
m =  6
design size = 247.0
m =  3
design size = 647.0
m =  8
design size = 655.0
m =  8
Set parameter LogFile to value "experiments/t_5_theta_0.55/gurobi.1668623842.log"
[GRB] reach time limit
================================================================
status                          : 9
solcount                        : 10
bestobj                         : 1.1069772605600565
rho_tilde                       : 1.0298586299925625
phi_tilde                       : 1.2012333645870141
rho                             : 95185780640.60796
phi                             : 2711.266151264828
================================================================
reading input graphs
mobilenetv2:0
qt.qpa.plugin: Could not find the Qt platform plugin "wayland" in ""
resnet18:0
resnet50:0
yolov5:0
================================================================
Set parameter Username
Academic license - for non-commercial use only - expires 2023-06-24
design size = 542.0
m =  6
design size = 247.0
m =  3
design size = 647.0
m =  8
design size = 655.0
m =  8
Set parameter LogFile to value "experiments/t_5_theta_0.6/gurobi.1668625645.log"
[GRB] reach time limit
================================================================
status                          : 9
solcount                        : 10
bestobj                         : 1.127944363855972
rho_tilde                       : 1.0677905088636843
phi_tilde                       : 1.2181751463444015
rho                             : 98691674941.40027
phi                             : 2749.5049155008783
================================================================
reading input graphs
mobilenetv2:0
qt.qpa.plugin: Could not find the Qt platform plugin "wayland" in ""
resnet18:0
resnet50:0
yolov5:0
================================================================
Set parameter Username
Academic license - for non-commercial use only - expires 2023-06-24
design size = 542.0
m =  6
design size = 247.0
m =  3
design size = 647.0
m =  8
design size = 655.0
m =  8
Set parameter LogFile to value "experiments/t_5_theta_0.001/gurobi.1668627447.log"
[GRB] reach time limit
================================================================
status                          : 9
solcount                        : 10
bestobj                         : 1.0272915972122016
rho_tilde                       : 2.1943910664725843
phi_tilde                       : 1.0261233294752046
rho                             : 202818931268.72922
phi                             : 2316.030783232346
================================================================
reading input graphs
mobilenetv2:0
qt.qpa.plugin: Could not find the Qt platform plugin "wayland" in ""
resnet18:0
resnet50:0
yolov5:0
================================================================
Set parameter Username
Academic license - for non-commercial use only - expires 2023-06-24
design size = 542.0
m =  6
design size = 247.0
m =  3
design size = 647.0
m =  8
design size = 655.0
m =  8
Set parameter LogFile to value "experiments/t_5_theta_0.999/gurobi.1668629250.log"
[GRB] reach time limit
================================================================
status                          : 9
solcount                        : 10
bestobj                         : 1.0003294019534823
rho_tilde                       : 1.0000000343169773
phi_tilde                       : 1.3293676708349735
rho                             : 92426068136.92831
phi                             : 3000.474075043512
(parme) zhliang@creator8re:~/Workspaces/ParMe-exp$ bash scripts/experiments/run_t1_ext1.bash 
================================================================
reading input graphs
mobilenetv2:0
qt.qpa.plugin: Could not find the Qt platform plugin "wayland" in ""
resnet18:0
resnet50:0
yolov5:0
================================================================
Set parameter Username
Academic license - for non-commercial use only - expires 2023-06-24
design size = 542.0
m =  6
design size = 247.0
m =  3
design size = 647.0
m =  8
design size = 655.0
m =  8
Set parameter LogFile to value "experiments/t_1_theta_0.25/gurobi.1668635976.log"
[GRB] reach time limit
================================================================
status                          : 9
solcount                        : 10
bestobj                         : 1.1600294580809556
rho_tilde                       : 1.6401177868243046
phi_tilde                       : 1.0000000151665047
rho                             : 151589568215.1359
phi                             : 4319.399649631665
================================================================
reading input graphs
mobilenetv2:0
qt.qpa.plugin: Could not find the Qt platform plugin "wayland" in ""
resnet18:0
resnet50:0
yolov5:0
================================================================
Set parameter Username
Academic license - for non-commercial use only - expires 2023-06-24
design size = 542.0
m =  6
design size = 247.0
m =  3
design size = 647.0
m =  8
design size = 655.0
m =  8
Set parameter LogFile to value "experiments/t_1_theta_0.35/gurobi.1668637779.log"
[GRB] reach time limit
================================================================
status                          : 9
solcount                        : 10
bestobj                         : 1.2047199948878649
rho_tilde                       : 1.401771646213941
phi_tilde                       : 1.0986152595584389
rho                             : 129560181770.38077
phi                             : 4745.358295246223
================================================================
reading input graphs
mobilenetv2:0
qt.qpa.plugin: Could not find the Qt platform plugin "wayland" in ""
resnet18:0
resnet50:0
yolov5:0
================================================================
Set parameter Username
Academic license - for non-commercial use only - expires 2023-06-24
design size = 542.0
m =  6
design size = 247.0
m =  3
design size = 647.0
m =  8
design size = 655.0
m =  8
Set parameter LogFile to value "experiments/t_1_theta_0.425/gurobi.1668639582.log"
[GRB] reach time limit
================================================================
status                          : 9
solcount                        : 10
bestobj                         : 1.2274567332841284
rho_tilde                       : 1.401771668324755
phi_tilde                       : 1.0986152595584477
rho                             : 129560183813.99544
phi                             : 4745.358295246261
================================================================
reading input graphs
mobilenetv2:0
qt.qpa.plugin: Could not find the Qt platform plugin "wayland" in ""
resnet18:0
resnet50:0
yolov5:0
================================================================
Set parameter Username
Academic license - for non-commercial use only - expires 2023-06-24
design size = 542.0
m =  6
design size = 247.0
m =  3
design size = 647.0
m =  8
design size = 655.0
m =  8
Set parameter LogFile to value "experiments/t_1_theta_0.475/gurobi.1668641384.log"
[GRB] reach time limit
================================================================
status                          : 9
solcount                        : 10
bestobj                         : 1.235283044988755
rho_tilde                       : 1.2663463103932535
phi_tilde                       : 1.207178185813248
rho                             : 117043356242.74754
phi                             : 5214.284953762255
================================================================
reading input graphs
mobilenetv2:0
qt.qpa.plugin: Could not find the Qt platform plugin "wayland" in ""
resnet18:0
resnet50:0
yolov5:0
================================================================
Set parameter Username
Academic license - for non-commercial use only - expires 2023-06-24
design size = 542.0
m =  6
design size = 247.0
m =  3
design size = 647.0
m =  8
design size = 655.0
m =  8
Set parameter LogFile to value "experiments/t_1_theta_0.525/gurobi.1668643187.log"
[GRB] reach time limit
================================================================
status                          : 9
solcount                        : 10
bestobj                         : 1.2326393488535028
rho_tilde                       : 1.1696965577797866
phi_tilde                       : 1.3022076968823493
rho                             : 108110403753.31476
phi                             : 5624.755384353398
================================================================
reading input graphs
mobilenetv2:0
qt.qpa.plugin: Could not find the Qt platform plugin "wayland" in ""
resnet18:0
resnet50:0
yolov5:0
================================================================
Set parameter Username
Academic license - for non-commercial use only - expires 2023-06-24
design size = 542.0
m =  6
design size = 247.0
m =  3
design size = 647.0
m =  8
design size = 655.0
m =  8
Set parameter LogFile to value "experiments/t_1_theta_0.575/gurobi.1668644990.log"
[GRB] reach time limit
================================================================
status                          : 9
solcount                        : 10
bestobj                         : 1.2260139853692733
rho_tilde                       : 1.1696968942508952
phi_tilde                       : 1.3022076968823535
rho                             : 108110434852.00198
phi                             : 5624.755384353416
(parme) zhliang@creator8re:~/Workspaces/ParMe-exp$ git branch
  dump
* experiments
  main
  re-polynomial