(parme) zhliang@creator8re:~/Workspaces/ParMe-exp$ bash scripts/experiments/run_t_large_basic.bash 
================================================================
reading input graphs
mobilenetv2:0
qt.qpa.plugin: Could not find the Qt platform plugin "wayland" in ""
resnet18:0
resnet50:0
yolov5:0
================================================================
Set parameter Username
Academic license - for non-commercial use only - expires 2023-06-24
design size = 542.0
m =  6
design size = 247.0
m =  3
design size = 647.0
m =  8
design size = 655.0
m =  8
Set parameter LogFile to value "experiments/t_10_theta_1.0/gurobi.1668855202.log"
[GRB] get optimal
================================================================
status                          : 2
solcount                        : 10
bestobj                         : 92426069021.92903
rho_tilde                       : 92426069021.92918
phi_tilde                       : 7801.268770560002
rho                             : 92426069021.92918
phi                             : 7801.268770560002
================================================================
reading input graphs
mobilenetv2:0
qt.qpa.plugin: Could not find the Qt platform plugin "wayland" in ""
resnet18:0
resnet50:0
yolov5:0
================================================================
Set parameter Username
Academic license - for non-commercial use only - expires 2023-06-24
design size = 542.0
m =  6
design size = 247.0
m =  3
design size = 647.0
m =  8
design size = 655.0
m =  8
Set parameter LogFile to value "experiments/t_15_theta_1.0/gurobi.1668855578.log"
[GRB] get optimal
================================================================
status                          : 2
solcount                        : 10
bestobj                         : 92426068444.4486
rho_tilde                       : 92426068444.44868
phi_tilde                       : 7963.85419734221
rho                             : 92426068444.44868
phi                             : 7963.85419734221
(parme) zhliang@creator8re:~/Workspaces/ParMe-exp$ bash scripts/experiments/run_t10_boundary.bash 
================================================================
reading input graphs
mobilenetv2:0
qt.qpa.plugin: Could not find the Qt platform plugin "wayland" in ""
resnet18:0
resnet50:0
yolov5:0
================================================================
Set parameter Username
Academic license - for non-commercial use only - expires 2023-06-24
design size = 542.0
m =  6
design size = 247.0
m =  3
design size = 647.0
m =  8
design size = 655.0
m =  8
Set parameter LogFile to value "experiments/t_10_theta_0.001/gurobi.1668857136.log"
^Z
[1]+  Stopped                 bash scripts/experiments/run_t10_boundary.bash


zhliang@creator8re:~/Workspaces/ParMe-exp$ 
zhliang@creator8re:~/Workspaces/ParMe-exp$ conda activate parme
(parme) zhliang@creator8re:~/Workspaces/ParMe-exp$ conda activate parme
(parme) zhliang@creator8re:~/Workspaces/ParMe-exp$ bash scripts/experiments/run_t10_boundary.bash 
================================================================
reading input graphs
mobilenetv2:0
qt.qpa.plugin: Could not find the Qt platform plugin "wayland" in ""
resnet18:0
resnet50:0
yolov5:0
================================================================
Set parameter Username
Academic license - for non-commercial use only - expires 2023-06-24
design size = 542.0
m =  6
design size = 247.0
m =  3
design size = 647.0
m =  8
design size = 655.0
m =  8
Set parameter LogFile to value "experiments/t_10_theta_0.001/gurobi.1668857242.log"
[GRB] reach time limit
================================================================
status                          : 9
solcount                        : 10
bestobj                         : 1.001580582796466
rho_tilde                       : 2.0104652307947033
phi_tilde                       : 1.0005706882539251
rho                             : 185819398187.62003
phi                             : 2255.6160051600045
(parme) zhliang@creator8re:~/Workspaces/ParMe-exp$ bash scripts/experiments/run_t15_boundary.bash 
================================================================
reading input graphs
mobilenetv2:0
qt.qpa.plugin: Could not find the Qt platform plugin "wayland" in ""
resnet18:0
resnet50:0
yolov5:0
================================================================
Set parameter Username
Academic license - for non-commercial use only - expires 2023-06-24
design size = 542.0
m =  6
design size = 247.0
m =  3
design size = 647.0
m =  8
design size = 655.0
m =  8
Set parameter LogFile to value "experiments/t_15_theta_0.001/gurobi.1668859837.log"
[GRB] reach time limit
================================================================
status                          : 9
solcount                        : 10
bestobj                         : 1.0011616164789157
rho_tilde                       : 2.085318862943889
phi_tilde                       : 1.0000763739899619
rho                             : 192737823954.95178
phi                             : 2254.5840740989406