zhliang@creator8re:~/Workspaces/ParMe-exp$ ls
data     env.yml      figures   parme.py      plot_mpdl.py  requirements.txt  run_mpdl.py  utils.py
EleNetX  experiments  merge.py  partition.py  __pycache__   run_basic.sh      run_wild.sh  visualize.py
zhliang@creator8re:~/Workspaces/ParMe-exp$ conda activate parme
(parme) zhliang@creator8re:~/Workspaces/ParMe-exp$ bash run_wild.sh 
================================================================
reading input graphs
mobilenetv2:0
qt.qpa.plugin: Could not find the Qt platform plugin "wayland" in ""
resnet18:0
resnet50:0
yolov5:0
================================================================
Set parameter Username
Academic license - for non-commercial use only - expires 2023-06-24
design size = 542.0
m =  6
design size = 247.0
m =  3
design size = 647.0
m =  8
design size = 655.0
m =  8
Set parameter LogFile to value "experiments/t_5_theta_0.0/gurobi.1668444362.log"
[GRB] reach time limit
[5 4 4 3 4 4 3 5 4 2 1 3 2 4 5 1 0 5 1 2 3 3 3 0 5 4 0 1 4 0 1 5 1 0 1 1 0 4 0 5 4 5 3 4 5 2 3 5 3 1 3 2 1]
[2 1 2 2 2 2 2 0 0 1 0 0 0 1 1 1 1 1 0 2 0]
[7 6 5 7 7 6 4 7 3 2 7 1 0 0 5 0 3 2 1 2 1 6 1 2 4 2 0 0 4 0 3 2 1 2 5 3 6 3 4 0 4 4 5 6 1 6 3 5 5 5 6 3 4 1]
[7 6 5 6 6 6 6 4 3 6 6 6 6 5 7 2 1 1 5 4 4 3 5 4 3 5 1 0 1 5 2 7 0 4 3 3 1 0 0 7 4 6 6 0 1 2 2 1 0 2 3 2 7 2 7 3 0 7 4 5]
================================================================
status                          : 9
solcount                        : 10
bestobj                         : 2257.068635615999
rho_tilde                       : 14067515730168.318
phi_tilde                       : 2257.068635615999
rho                             : 14067515730168.318
phi                             : 2257.068635615999
================================================================
reading input graphs
mobilenetv2:0
qt.qpa.plugin: Could not find the Qt platform plugin "wayland" in ""
resnet18:0
resnet50:0
yolov5:0
================================================================
Set parameter Username
Academic license - for non-commercial use only - expires 2023-06-24
design size = 542.0
m =  6
design size = 247.0
m =  3
design size = 647.0
m =  8
design size = 655.0
m =  8
Set parameter LogFile to value "experiments/t_10_theta_0.0/gurobi.1668446166.log"
[GRB] reach time limit
[5 4 4 3 2 1 0 3 2 0 1 3 4 1 4 3 4 5 0 2 1 1 5 4 0 0 3 1 1 2 2 3 2 1 5 5 5 4 3 1 0 3 5 3 0 0 2 5 2 5 4 4 2]
[2 2 2 2 2 2 2 1 1 1 1 1 0 0 0 0 0 1 1 0 0]
[7 6 6 5 5 4 3 5 5 2 5 1 0 1 4 1 2 6 0 0 6 4 1 6 2 6 1 0 4 2 7 7 4 1 7 3 4 0 0 3 0 2 1 2 7 4 7 5 2 3 3 6 7 3]
[7 7 6 5 4 3 5 2 2 5 3 3 4 3 7 1 6 6 4 2 3 2 5 1 0 0 1 5 6 4 2 1 0 4 0 5 5 1 1 7 3 7 4 7 2 1 5 0 6 0 6 0 6 4 7 3 4 3 2 7]
================================================================
status                          : 9
solcount                        : 10
bestobj                         : 2254.32948580198
rho_tilde                       : 8051849134077.795
phi_tilde                       : 2254.3294858019804
rho                             : 8051849134077.795
phi                             : 2254.3294858019804
================================================================
reading input graphs
mobilenetv2:0
qt.qpa.plugin: Could not find the Qt platform plugin "wayland" in ""
resnet18:0
resnet50:0
yolov5:0
================================================================
Set parameter Username
Academic license - for non-commercial use only - expires 2023-06-24
design size = 542.0
m =  6
design size = 247.0
m =  3
design size = 647.0
m =  8
design size = 655.0
m =  8
Set parameter LogFile to value "experiments/t_15_theta_0.0/gurobi.1668447968.log"
[GRB] reach time limit
[5 4 3 2 1 0 2 4 3 4 4 5 4 2 1 2 0 5 5 1 3 0 3 0 1 1 1 3 3 3 2 0 5 0 2 2 2 5 4 5 1 3 1 4 1 3 0 0 4 2 5 0 4]
[2 1 2 2 2 2 2 1 1 1 1 1 0 0 0 0 0 1 0 2 0]
[7 6 6 5 5 4 3 7 5 2 7 1 0 1 4 6 0 3 0 0 0 0 3 1 7 2 1 6 0 4 7 7 1 1 3 2 1 3 3 4 5 5 6 6 5 3 4 6 2 4 2 7 2 2]
[7 7 6 6 5 4 6 6 3 7 4 2 2 4 4 4 7 5 5 3 2 5 7 1 5 6 6 0 2 5 5 2 1 4 1 7 3 1 1 0 0 2 4 6 3 1 3 7 2 7 3 3 1 0 6 0 2 0 4 0]
================================================================
status                          : 9
solcount                        : 10
bestobj                         : 2254.411895667451
rho_tilde                       : 11046294436290.13
phi_tilde                       : 2254.411895667451
rho                             : 11046294436290.13
phi                             : 2254.411895667451
(parme) zhliang@creator8re:~/Workspaces/ParMe-exp$ 