
Gurobi 9.5.0 (linux64) logging started Tue 15 Nov 2022 09:41:02 PM PST

Set parameter LogFile to value "experiments/t_5_theta_1.0/gurobi.1668577261.log"
Set parameter LogToConsole to value 0
Set parameter TimeLimit to value 1800
Set parameter Threads to value 16
Gurobi Optimizer version 9.5.0 build v9.5.0rc5 (linux64)
Thread count: 8 physical cores, 16 logical processors, using up to 16 threads
Optimize a model with 343 rows, 1518 columns and 5392 nonzeros
Model fingerprint: 0x65bb7f1d
Model has 3375 quadratic objective terms
Model has 375 quadratic constraints
Model has 5 general constraints
Variable types: 100 continuous, 1418 integer (1418 binary)
Coefficient statistics:
  Matrix range     [1e+00, 1e+01]
  QMatrix range    [1e+00, 1e+00]
  QLMatrix range   [1e+00, 1e+00]
  Objective range  [0e+00, 0e+00]
  QObjective range [7e+06, 4e+12]
  Bounds range     [1e+00, 8e+02]
  RHS range        [1e+00, 1e+02]
Warning: Model contains large quadratic objective coefficients
         Consider reformulating model or setting NumericFocus parameter
         to avoid numerical issues.
Presolve added 72 rows and 1518 columns
Presolve time: 0.03s
Presolved: 5219 rows, 5438 columns, 38722 nonzeros
Variable types: 1655 continuous, 3783 integer (3565 binary)

Root relaxation: objective 1.562500e-02, 7650 iterations, 0.30 seconds (0.29 work units)

    Nodes    |    Current Node    |     Objective Bounds      |     Work
 Expl Unexpl |  Obj  Depth IntInf | Incumbent    BestBd   Gap | It/Node Time

     0     0    0.05859    0 3481          -    0.05859      -     -    0s
     0     0 4.6942e+09    0 3382          - 4.6942e+09      -     -    1s
     0     0 1.0894e+10    0 2987          - 1.0894e+10      -     -    1s
     0     0 1.0896e+10    0 2982          - 1.0896e+10      -     -    1s
     0     0 1.4591e+10    0 2978          - 1.4591e+10      -     -    2s
     0     0 1.4617e+10    0 2953          - 1.4617e+10      -     -    2s
     0     0 1.6387e+10    0 2960          - 1.6387e+10      -     -    2s
     0     0 1.6499e+10    0 2963          - 1.6499e+10      -     -    2s
     0     0 1.7593e+10    0 2931          - 1.7593e+10      -     -    3s
H    0     0                    1.864721e+13 1.7593e+10   100%     -    3s
     0     0 1.7593e+10    0 2910 1.8647e+13 1.7593e+10   100%     -    3s
H    0     0                    7.923722e+12 1.7606e+10   100%     -    4s
H    0     0                    4.908125e+12 1.7606e+10   100%     -    4s
     0     2 1.7606e+10    0 2913 4.9081e+12 1.7606e+10   100%     -    4s
    13    22 1.9478e+10    4 2748 4.9081e+12 1.9351e+10   100%   374    5s
H   41    52                    4.892175e+12 1.9482e+10   100%   367    5s
H   42    52                    3.404737e+12 1.9482e+10  99.4%   374    5s
H   53    52                    1.904604e+12 1.9524e+10  99.0%   418    5s
H   89   100                    3.303416e+11 1.9524e+10  94.1%   561    8s
H   90   100                    3.284995e+11 1.9524e+10  94.1%   556    8s
H   90   100                    3.220627e+11 1.9524e+10  93.9%   556    8s
H   91   100                    2.657014e+11 1.9524e+10  92.7%   564    8s
H  114   116                    2.399846e+11 1.9539e+10  91.9%   661    8s
H  145   152                    1.947937e+11 1.9539e+10  90.0%   695   10s
H  149   152                    1.836933e+11 1.9539e+10  89.4%   716   10s
H  153   152                    1.679741e+11 1.9539e+10  88.4%   728   10s
H  155   152                    1.640044e+11 1.9539e+10  88.1%   743   10s
   202   209 4.7876e+10   11 2180 1.6400e+11 1.9539e+10  88.1%   774   15s
H  218   225                    1.486313e+11 1.9539e+10  86.9%   779   16s
H  225   225                    1.482180e+11 1.9539e+10  86.8%   803   16s
H  226   225                    1.461439e+11 1.9539e+10  86.6%   802   16s
H  227   225                    1.281981e+11 1.9539e+10  84.8%   802   16s
H  395   387                    1.222816e+11 1.9539e+10  84.0%   755   20s
  1185  1180 8.1372e+10   28 1261 1.2228e+11 1.9539e+10  84.0%   458   25s
H 1188  1123                    1.134834e+11 1.9539e+10  82.8%   457   25s
H 1199  1115                    1.126148e+11 1.9539e+10  82.6%   456   25s
H 1222  1058                    9.825147e+10 1.9539e+10  80.1%   453   25s
H 1235  1043                    9.639665e+10 1.9539e+10  79.7%   449   25s
H 1871  1457                    9.558526e+10 1.9563e+10  79.5%   400   29s
  1914  1528 5.1677e+10    8 1944 9.5585e+10 1.9563e+10  79.5%   394   30s
H 1951  1395                    9.354632e+10 1.9563e+10  79.1%   395   30s
  2046  1363 9.3024e+10   34 1764 9.3546e+10 1.9563e+10  79.1%   386   36s
  2067  1377 7.8664e+10   21 2845 9.3546e+10 1.9563e+10  79.1%   382   40s
H 2075  1312                    9.317011e+10 1.9563e+10  79.0%   380   41s
  2091  1323 7.9425e+10   20 2770 9.3170e+10 2.1961e+10  76.4%   377   46s
  2108  1334 6.8913e+10   14 2783 9.3170e+10 3.2542e+10  65.1%   374   50s
  2134  1352 8.0743e+10   35 2723 9.3170e+10 3.6352e+10  61.0%   370   55s
H 2143  1288                    9.317011e+10 3.7663e+10  59.6%   368   58s
  2152  1294 5.4910e+10   10 2782 9.3170e+10 3.9656e+10  57.4%   367   60s
  2169  1310 6.1424e+10   13 2397 9.3170e+10 4.0699e+10  56.3%   400   65s
H 2207  1262                    9.310389e+10 4.0699e+10  56.3%   408   67s
H 2249  1220                    9.310389e+10 4.0699e+10  56.3%   422   69s
  2261  1232 7.5181e+10   18 1824 9.3104e+10 5.0718e+10  45.5%   424   70s
H 2299  1190                    9.253515e+10 5.0764e+10  45.1%   429   75s
H 2299  1132                    9.251111e+10 5.0764e+10  45.1%   429   75s
  2569  1218 9.1210e+10   26 1097 9.2511e+10 5.2677e+10  43.1%   448   80s
  2705  1256 7.1000e+10   20 1717 9.2511e+10 5.4447e+10  41.1%   450   87s
H 2712  1199                    9.251111e+10 5.4447e+10  41.1%   449   87s
H 2726  1142                    9.251111e+10 5.4447e+10  41.1%   449   87s
H 2728  1093                    9.251111e+10 5.4447e+10  41.1%   450   87s
H 2744  1040                    9.242607e+10 5.4447e+10  41.1%   451   87s
  2921  1128 8.3435e+10   26 1278 9.2426e+10 5.4447e+10  41.1%   452   90s
  3326  1266 8.7114e+10   31  965 9.2426e+10 5.4447e+10  41.1%   440   95s
  3820  1293 7.4312e+10   19 2047 9.2426e+10 5.4726e+10  40.8%   431  101s
H 3821  1247                    9.242607e+10 5.4726e+10  40.8%   431  101s
H 3822  1205                    9.242607e+10 5.4726e+10  40.8%   431  101s
H 3825  1164                    9.242607e+10 5.4726e+10  40.8%   431  101s
H 3827  1125                    9.242607e+10 5.4726e+10  40.8%   431  101s
  4007  1192 8.6560e+10   23 1436 9.2426e+10 5.4726e+10  40.8%   437  107s
  4178  1225 9.0697e+10   24 1231 9.2426e+10 5.4726e+10  40.8%   438  111s
  4546  1322 8.7058e+10   25 1081 9.2426e+10 6.7122e+10  27.4%   437  115s
  4719  1401 infeasible   37      9.2426e+10 7.1886e+10  22.2%   449  120s
H 4887  1437                    9.242607e+10 7.3457e+10  20.5%   455  123s
  4905  1446 8.5609e+10   22 1330 9.2426e+10 7.3457e+10  20.5%   456  129s
  4927  1469 8.8360e+10   23 1103 9.2426e+10 7.3457e+10  20.5%   459  132s
  5075  1482 9.0089e+10   26 1014 9.2426e+10 7.3457e+10  20.5%   461  135s
  5298  1548 9.1218e+10   24 1220 9.2426e+10 7.6766e+10  16.9%   476  140s
  5598  1597 8.9801e+10   28  968 9.2426e+10 7.8287e+10  15.3%   483  146s
  5830  1645     cutoff   23      9.2426e+10 7.8802e+10  14.7%   498  150s
  6101  1729 8.2736e+10   19 1384 9.2426e+10 7.9861e+10  13.6%   509  157s
  6295  1730     cutoff   21      9.2426e+10 7.9861e+10  13.6%   509  171s
  6509  1832 infeasible   24      9.2426e+10 8.0455e+10  13.0%   512  178s
  6738  1874     cutoff   26      9.2426e+10 8.1592e+10  11.7%   513  182s
  6934  1915     cutoff   26      9.2426e+10 8.1628e+10  11.7%   517  187s
  7101  1969 9.1519e+10   31 1631 9.2426e+10 8.2104e+10  11.2%   523  192s
  7365  2012     cutoff   25      9.2426e+10 8.2280e+10  11.0%   525  196s
  7573  2051 8.5907e+10   21 1642 9.2426e+10 8.2636e+10  10.6%   530  201s
  7872  2081 8.8158e+10   36  917 9.2426e+10 8.2673e+10  10.6%   529  212s
  7964  2119 9.0566e+10   38  882 9.2426e+10 8.2905e+10  10.3%   529  218s
  8297  2134 9.0205e+10   37 1113 9.2426e+10 8.2905e+10  10.3%   527  224s
  8348  2196     cutoff   38      9.2426e+10 8.3066e+10  10.1%   527  228s
  8647  2308 8.7177e+10   32 1022 9.2426e+10 8.3654e+10  9.49%   529  232s
  9043  2399 9.1126e+10   25 1039 9.2426e+10 8.4059e+10  9.05%   527  236s
  9461  2486 9.0644e+10   24 1363 9.2426e+10 8.4406e+10  8.68%   523  240s
  9814  2573 8.9586e+10   24 1000 9.2426e+10 8.4788e+10  8.26%   523  245s
 10249  2752     cutoff   27      9.2426e+10 8.5144e+10  7.88%   520  250s
 10802  2850 8.9924e+10   37  976 9.2426e+10 8.5565e+10  7.42%   513  255s
 11258  2972 9.1914e+10   25 1292 9.2426e+10 8.5869e+10  7.09%   511  261s
 11861  3127     cutoff   33      9.2426e+10 8.6285e+10  6.64%   504  268s
 12498  3267 9.0313e+10   34  432 9.2426e+10 8.6539e+10  6.37%   497  275s
 13269  3497 9.2185e+10   25 1181 9.2426e+10 8.6861e+10  6.02%   486  282s
 14090  3852 9.0747e+10   37  883 9.2426e+10 8.7144e+10  5.71%   475  287s
 15114  4229 9.1760e+10   35  703 9.2426e+10 8.7489e+10  5.34%   459  294s
 16413  4501     cutoff   30      9.2426e+10 8.7739e+10  5.07%   438  300s
 17396  4826 9.2157e+10   39  493 9.2426e+10 8.7980e+10  4.81%   428  309s
 18621  4931 9.2072e+10   38  579 9.2426e+10 8.8227e+10  4.54%   413  318s
 19149  5260 9.2146e+10   32  764 9.2426e+10 8.8358e+10  4.40%   407  327s
 20522  5711 9.0431e+10   30 1014 9.2426e+10 8.8475e+10  4.27%   393  338s
 22490  5898 9.1590e+10   42  315 9.2426e+10 8.8786e+10  3.94%   375  342s
 23498  6133 9.0939e+10   37  664 9.2426e+10 8.8989e+10  3.72%   366  346s
 24535  6291 9.0104e+10   32  913 9.2426e+10 8.9154e+10  3.54%   357  350s
 26705  6743 9.0706e+10   34  697 9.2426e+10 8.9425e+10  3.25%   339  357s
 27753  6974 9.2070e+10   30  771 9.2426e+10 8.9503e+10  3.16%   332  362s
 29154  7161 9.0645e+10   41  740 9.2426e+10 8.9608e+10  3.05%   322  367s
 30466  7335     cutoff   29      9.2426e+10 8.9734e+10  2.91%   313  370s
 31725  7461 9.1750e+10   41  552 9.2426e+10 8.9817e+10  2.82%   306  375s
 32968  7638 9.2167e+10   33  525 9.2426e+10 8.9942e+10  2.69%   300  381s
 34521  7838     cutoff   59      9.2426e+10 9.0020e+10  2.60%   292  386s
 36110  7999 9.1278e+10   37  439 9.2426e+10 9.0141e+10  2.47%   284  390s
 37673  8118 9.1759e+10   39  600 9.2426e+10 9.0241e+10  2.36%   277  396s
 39544  8198 9.1698e+10   42  597 9.2426e+10 9.0344e+10  2.25%   269  402s
 41396  8302     cutoff   43      9.2426e+10 9.0451e+10  2.14%   261  408s
 43578  8624 9.2066e+10   35  692 9.2426e+10 9.0550e+10  2.03%   253  422s
 48915  8598     cutoff   61      9.2426e+10 9.0739e+10  1.83%   234  426s
 50469  8561 9.2072e+10   38  504 9.2426e+10 9.0819e+10  1.74%   229  431s
 53871  8483     cutoff   35      9.2426e+10 9.0959e+10  1.59%   220  438s
 55546  8344     cutoff   39      9.2426e+10 9.1007e+10  1.54%   216  441s
 57287  8196     cutoff   26      9.2426e+10 9.1068e+10  1.47%   211  445s
 61032  7814 9.2342e+10   33  697 9.2426e+10 9.1181e+10  1.35%   202  453s
 62891  7568     cutoff   46      9.2426e+10 9.1256e+10  1.27%   198  456s
 64754  7256     cutoff   52      9.2426e+10 9.1343e+10  1.17%   194  460s
 68407  6588 9.1887e+10   35  645 9.2426e+10 9.1462e+10  1.04%   187  467s
 70244  6150     cutoff   33      9.2426e+10 9.1515e+10  0.99%   184  470s
 73882  5211     cutoff   34      9.2426e+10 9.1658e+10  0.83%   178  477s
 75643  4691 9.1834e+10   49  423 9.2426e+10 9.1709e+10  0.78%   175  480s
 79274  3441     cutoff   47      9.2426e+10 9.1832e+10  0.64%   170  487s
 81325  2748 9.2162e+10   58  129 9.2426e+10 9.1935e+10  0.53%   166  490s
 85032   990 9.2273e+10   62  122 9.2426e+10 9.2120e+10  0.33%   161  496s

Cutting planes:
  Gomory: 366
  Cover: 8
  Implied bound: 3
  MIR: 7
  StrongCG: 12
  Flow cover: 17
  Zero half: 76
  RLT: 29

Explored 88260 nodes (13876998 simplex iterations) in 498.81 seconds (940.34 work units)
Thread count was 16 (of 16 available processors)

Solution count 10: 9.24261e+10 9.24261e+10 9.24261e+10 ... 9.25111e+10
No other solutions better than 9.24261e+10

Optimal solution found (tolerance 1.00e-04)
Best objective 9.242606496514e+10, best bound 9.242606570846e+10, gap 0.0000%
