
Gurobi 9.5.0 (linux64) logging started Mon 14 Nov 2022 09:46:09 AM PST

Set parameter LogFile to value "experiments/t_15_theta_0.0/gurobi.1668447968.log"
Set parameter LogToConsole to value 0
Set parameter TimeLimit to value 1800
Set parameter Threads to value 16
Gurobi Optimizer version 9.5.0 build v9.5.0rc5 (linux64)
Thread count: 8 physical cores, 16 logical processors, using up to 16 threads
Optimize a model with 353 rows, 1818 columns and 5682 nonzeros
Model fingerprint: 0x36f8ef28
Model has 375 quadratic objective terms
Model has 1125 quadratic constraints
Model has 15 general constraints
Variable types: 150 continuous, 1668 integer (1668 binary)
Coefficient statistics:
  Matrix range     [1e+00, 1e+01]
  QMatrix range    [1e+00, 1e+00]
  QLMatrix range   [1e+00, 1e+00]
  Objective range  [0e+00, 0e+00]
  QObjective range [2e+00, 2e+00]
  Bounds range     [1e+00, 8e+02]
  RHS range        [1e+00, 1e+02]
Presolve added 17 rows and 2498 columns
Presolve time: 0.03s
Presolved: 2665 rows, 5651 columns, 17569 nonzeros
Presolved model has 15 SOS constraint(s)
Variable types: 3375 continuous, 2276 integer (1833 binary)

Root relaxation: objective 0.000000e+00, 665 iterations, 0.02 seconds (0.01 work units)

    Nodes    |    Current Node    |     Objective Bounds      |     Work
 Expl Unexpl |  Obj  Depth IntInf | Incumbent    BestBd   Gap | It/Node Time

     0     0    0.00000    0   83          -    0.00000      -     -    0s
     0     0    0.00000    0  251          -    0.00000      -     -    0s
     0     0   58.89133    0   72          -   58.89133      -     -    0s
     0     0   58.89133    0   94          -   58.89133      -     -    0s
     0     0   58.89133    0  199          -   58.89133      -     -    0s
     0     0   58.89133    0  174          -   58.89133      -     -    0s
H    0     0                    3005.8216423   58.89133  98.0%     -    1s
H    0     0                    2984.9968808   58.89133  98.0%     -    1s
     0     0   58.89133    0   76 2984.99688   58.89133  98.0%     -    1s
H    0     0                    2812.0128685   58.89133  97.9%     -    1s
     0     0   58.89133    0   83 2812.01287   58.89133  97.9%     -    1s
H    0     0                    2756.3605057   58.89133  97.9%     -    1s
     0     0   58.89133    0   93 2756.36051   58.89133  97.9%     -    1s
     0     0   58.89133    0   99 2756.36051   58.89133  97.9%     -    1s
H    0     0                    2746.4283768   58.89133  97.9%     -    1s
     0     0   58.89133    0  100 2746.42838   58.89133  97.9%     -    1s
     0     0   58.89133    0   94 2746.42838   58.89133  97.9%     -    1s
     0     0   58.89133    0   77 2746.42838   58.89133  97.9%     -    1s
     0     2   58.89133    0   77 2746.42838   58.89133  97.9%     -    1s
H  137   128                    2352.3961990   65.54817  97.2%  40.1    4s
H  144   128                    2314.1549492   65.54817  97.2%  39.9    4s
H  179   169                    2312.9960314   65.54817  97.2%  40.0    5s
H  182   169                    2289.5996707   65.54817  97.1%  39.9    5s
H  193   169                    2284.2961039   65.54817  97.1%  39.1    5s
H 1211   926                    2282.8489375  117.78266  94.8%  29.8    8s
  2119  1554 1631.75856   43 1012 2282.84894  117.78266  94.8%  27.5   10s
H 2122  1478                    2275.0226093  117.78266  94.8%  27.5   10s
H 2125  1406                    2268.2503487  117.78266  94.8%  27.4   11s
  2216  1476  238.03749   19  141 2268.25035  176.67399  92.2%  46.7   15s
H 2239  1413                    2267.6829711  176.67399  92.2%  47.5   16s
  2961  1828  739.45088   39   98 2267.68297  176.67399  92.2%  48.9   20s
H 3287  1892                    2267.6772282  176.67399  92.2%  49.5   21s
H 3503  1920                    2267.0156444  176.67399  92.2%  50.4   23s
  3846  2163  859.02041   63   82 2267.01564  176.67399  92.2%  50.5   25s
  5318  2770 1360.10399   47  108 2267.01564  176.67399  92.2%  56.2   30s
  6262  3385 2023.88447   91   66 2267.01564  176.67399  92.2%  72.4   35s
  7315  4170  869.08021   30  239 2267.01564  187.05394  91.7%  83.1   40s
  8420  5016  246.35307   21  331 2267.01564  188.15036  91.7%  91.2   45s
  9206  5727  552.58378   26  219 2267.01564  188.15036  91.7%  96.5   50s
 10366  6953 1035.18519   53  215 2267.01564  188.15036  91.7%  99.0   55s
 11630  7840 1531.70107   82  125 2267.01564  188.15036  91.7%  98.5   60s
 12735  8662  708.10227   22  231 2267.01564  254.13112  88.8%   105   66s
 13542  9257  703.62541   25  213 2267.01564  295.82613  87.0%   107   70s
 14629 10151  969.20536   37  206 2267.01564  301.53608  86.7%   113   76s
 15595 10733  609.07312   24  160 2267.01564  301.53608  86.7%   114   81s
 16367 11204 1924.77368   48  157 2267.01564  309.13858  86.4%   119   87s
 17120 12079 1079.34219   51  135 2267.01564  310.20891  86.3%   123   93s
 17665 12584 1432.26183   89  100 2267.01564  310.20891  86.3%   125   96s
 18846 13514  494.17206   30  195 2267.01564  310.21054  86.3%   125  103s
 19489 14008  644.89665   34  180 2267.01564  310.21054  86.3%   127  107s
 20169 14388 1386.73687   46  151 2267.01564  310.21054  86.3%   129  110s
 21274 15302 2152.40406   80   33 2267.01564  320.02780  85.9%   133  119s
 22038 15898 1398.51686   51  114 2267.01564  325.40911  85.6%   137  125s
 22840 16453 1286.51616   28  254 2267.01564  326.89435  85.6%   139  131s
 23616 16913  705.13522   33  302 2267.01564  329.05676  85.5%   142  138s
H23634 16912                    2266.7224946  329.05676  85.5%   142  138s
H23888 16905                    2266.2042737  329.05676  85.5%   143  138s
H23985 16873                    2258.3186876  329.05676  85.4%   143  138s
 24251 16888 1476.63699   51  196 2258.31869  329.05676  85.4%   144  158s
H24252 16885                    2258.1028705  329.05676  85.4%   144  158s
H24253 16874                    2256.1786067  329.05676  85.4%   144  158s
H24255 16874                    2255.8943381  329.05676  85.4%   144  158s
H24257 16871                    2255.6287160  329.05676  85.4%   144  158s
H24265 16867                    2254.9610164  329.05676  85.4%   144  158s
 24268 17612 1477.50259   52  198 2254.96102  330.16944  85.4%   144  166s
 25292 18400 1169.70975   37  334 2254.96102  344.68978  84.7%   148  173s
 26314 19580 1055.84688   36  165 2254.96102  358.45372  84.1%   150  182s
 27671 20737  410.25275   29  219 2254.96102  358.46013  84.1%   149  190s
 28996 21635  496.36264   25  343 2254.96102  359.54091  84.1%   150  198s
 30145 22515  361.96612   24  209 2254.96102  361.96612  83.9%   152  205s
 31358 23500  762.37726   25  386 2254.96102  365.01150  83.8%   153  214s
 32803 24385  899.53965   34  188 2254.96102  367.53478  83.7%   153  222s
 33923 25064 1136.27411   38  182 2254.96102  367.82784  83.7%   154  232s
 34807 26053 1644.35627   46  132 2254.96102  369.72297  83.6%   156  242s
 36064 26987  430.31891   30  300 2254.96102  369.83677  83.6%   158  252s
 37111 28001  670.27822   44  254 2254.96102  369.83677  83.6%   161  263s
 38326 29277 1057.24736   49  174 2254.96102  369.83677  83.6%   164  275s
 39800 30272 2105.26924  112   85 2254.96102  372.15197  83.5%   166  286s
 41195 31305  492.79294   29  204 2254.96102  373.24551  83.4%   168  311s
 42611 32278 1941.54379   61  141 2254.96102  374.27335  83.4%   169  324s
 43862 33224 1457.32971   41  268 2254.96102  375.24634  83.4%   173  338s
 45131 34206  686.31842   28  271 2254.96102  376.91922  83.3%   177  354s
 46506 35141  723.60512   26  287 2254.96102  379.31149  83.2%   182  371s
 47921 35963  603.77654   26  335 2254.96102  381.46244  83.1%   186  388s
 49287 36845 2101.72041   55  204 2254.96102  385.96072  82.9%   191  406s
H50715 37492                    2254.5434829  387.64453  82.8%   195  425s
H51380 37492                    2254.5109224  390.12826  82.7%   197  425s
 51691 38035  928.34337   27  316 2254.51092  391.29146  82.6%   199  444s
H52584 38035                    2254.5109207  393.25657  82.6%   201  444s
 52846 39034  632.40180   26  302 2254.51092  393.96038  82.5%   202  465s
 54247 40028 1428.93332   53  217 2254.51092  394.28127  82.5%   206  487s
 55660 41040  542.21268   21  346 2254.51092  399.40942  82.3%   211  508s
 56910 42325  728.09056   28  311 2254.51092  401.13300  82.2%   215  529s
 58498 43494 1205.64218   45  274 2254.51092  401.74829  82.2%   219  552s
 60070 44603  969.82938   29  221 2254.51092  408.28352  81.9%   222  575s
 61655 45318 1003.69782   53  309 2254.51092  409.82445  81.8%   226  591s
 62820 46343 1957.51642   41  250 2254.51092  412.63285  81.7%   227  613s
 64500 47286  562.23767   28  268 2254.51092  421.29456  81.3%   230  635s
 65842 48238  951.46320   33  270 2254.51092  423.90912  81.2%   233  659s
 66988 49817 1130.88197   46  225 2254.51092  426.64090  81.1%   239  684s
 68880 50932 1648.64137   44  237 2254.51092  426.97068  81.1%   242  709s
 70387 52090 1044.90621   32  313 2254.51092  430.31891  80.9%   246  733s
 71864 53322  800.06838   36  306 2254.51092  431.36361  80.9%   249  758s
 73403 54464  969.46797   30  223 2254.51092  432.71698  80.8%   253  784s
 74744 56106  903.77712   36  225 2254.51092  433.66049  80.8%   257  811s
 76733 57182  717.53440   27  285 2254.51092  433.90720  80.8%   260  836s
H76811 57182                    2254.5109082  433.90720  80.8%   260  836s
H76895 57182                    2254.5108643  433.97862  80.8%   260  836s
H77425 57182                    2254.5098846  434.22335  80.7%   261  836s
 78093 58326 2045.67517   67  175 2254.50988  434.69406  80.7%   262  863s
 79645 59741  581.09707   25  337 2254.50988  435.94428  80.7%   266  889s
 81409 60215 1352.57626   48  206 2254.50988  436.03150  80.7%   268  912s
 82028 61249 1855.02846   45  224 2254.50988  437.40689  80.6%   269  937s
 83232 62137  770.10426   30  220 2254.50988  438.40856  80.6%   273  956s
H83884 62137                    2254.4936471  438.40856  80.6%   274  956s
 84120 64333 1000.26759   41  211 2254.49365  438.40856  80.6%   276  990s
 86752 65684 1594.28703   61  214 2254.49365  438.62339  80.5%   277 1015s
H87515 65684                    2254.4936463  439.05308  80.5%   279 1015s
 88514 66778  741.04358   33  307 2254.49365  439.46235  80.5%   279 1039s
 90001 68054 1350.71932   42  174 2254.49365  441.54067  80.4%   281 1063s
 91667 69036  661.80935   24  254 2254.49365  442.65721  80.4%   283 1087s
 92892 70334     cutoff   94      2254.49365  442.98081  80.4%   286 1112s
 94571 71479 1107.01789   31  317 2254.49365  445.97571  80.2%   287 1137s
 96202 72374  541.86029   24  260 2254.49365  447.41338  80.2%   289 1162s
 97417 73684 1951.00124   49  181 2254.49365  449.56207  80.1%   291 1187s
 99016 74744 1000.65222   31  313 2254.49365  450.51574  80.0%   293 1212s
 100408 75876  569.43802   28  256 2254.49365  452.09553  79.9%   295 1238s
 101929 76449     cutoff   91      2254.49365  453.86852  79.9%   297 1263s
H101930 76449                    2254.4936454  453.86852  79.9%   297 1263s
H101937 76449                    2254.4840497  453.86852  79.9%   297 1263s
H102121 76449                    2254.4747043  453.86852  79.9%   297 1263s
H102152 76449                    2254.4557614  453.86852  79.9%   297 1263s
 102644 77783  656.34527   28  296 2254.45576  455.17947  79.8%   298 1291s
 104343 78777  976.45157   32  321 2254.45576  457.84578  79.7%   300 1312s
H104736 78777                    2254.4557606  458.37714  79.7%   300 1312s
 105579 79998  483.22602   26  298 2254.45576  458.46699  79.7%   301 1340s
 107265 80996  880.01357   31  307 2254.45576  460.17148  79.6%   303 1367s
H107542 80994                    2254.4384862  460.39752  79.6%   303 1367s
 108849 82415  712.86685   25  336 2254.43849  462.49987  79.5%   304 1394s
H110538 82415                    2254.4384854  464.45438  79.4%   305 1394s
 110602 83871 1222.44838   41  167 2254.43849  464.57664  79.4%   305 1421s
 112377 85466  918.96157   32  337 2254.43849  466.02639  79.3%   307 1447s
H113499 85466                    2254.4376938  467.12409  79.3%   308 1447s
H114110 85465                    2254.4251901  467.59711  79.3%   309 1447s
 114212 86811  712.20749   29  307 2254.42519  467.65472  79.3%   309 1472s
 115915 87906 1218.08726   42  204 2254.42519  468.25791  79.2%   310 1497s
H117201 87906                    2254.4251898  471.65864  79.1%   311 1497s
 117394 89426  713.73050   27  207 2254.42519  472.92162  79.0%   311 1524s
 119236 90388 1242.14256   51  244 2254.42519  474.02606  79.0%   312 1549s
H119730 90386                    2254.4118957  475.41289  78.9%   313 1549s
 120578 91763  959.79343   41  252 2254.41190  477.38256  78.8%   314 1575s
 122226 92760  812.61710   28  320 2254.41190  477.85022  78.8%   315 1601s
 123937 93885  946.45278   33  241 2254.41190  481.07832  78.7%   316 1627s
 125548 94957  703.76804   25  326 2254.41190  483.36745  78.6%   317 1649s
 127044 96010 1708.01049   54  226 2254.41190  485.78250  78.5%   318 1673s
 128466 97515 1921.21027   43  154 2254.41190  487.73811  78.4%   319 1698s
 130309 98606  761.19155   29  312 2254.41190  488.72368  78.3%   320 1723s
 132055 99765  691.91117   31  233 2254.41190  490.93721  78.2%   320 1747s
 133718 100923 1969.04330   75  185 2254.41190  493.22372  78.1%   321 1771s
 135204 102473 1271.19640   42  167 2254.41190  494.14563  78.1%   322 1797s
 137079 102594  628.79105   28  261 2254.41190  494.32651  78.1%   322 1800s

Cutting planes:
  Gomory: 341
  Lift-and-project: 23
  Cover: 11
  Implied bound: 81
  MIR: 2456
  StrongCG: 490
  Flow cover: 10480
  Inf proof: 39
  Zero half: 2
  RLT: 162
  Relax-and-lift: 118
  BQP: 41

Explored 137233 nodes (44193507 simplex iterations) in 1800.02 seconds (1661.08 work units)
Thread count was 16 (of 16 available processors)

Solution count 10: 2254.41 2254.43 2254.43 ... 2254.48

Time limit reached
Warning: max constraint violation (3.7323e-03) exceeds tolerance
Warning: max general constraint violation (3.7323e-03) exceeds tolerance
         (model may be infeasible or unbounded - try turning presolve off)
Best objective 2.254411895667e+03, best bound 4.943265107914e+02, gap 78.0729%
