
Gurobi 9.5.0 (linux64) logging started Tue 15 Nov 2022 04:19:06 AM PST

Set parameter LogFile to value "experiments/t_1_theta_0.3/gurobi.1668514745.log"
Set parameter LogToConsole to value 0
Set parameter TimeLimit to value 1800
Set parameter Threads to value 16
Gurobi Optimizer version 9.5.0 build v9.5.0rc5 (linux64)
Thread count: 8 physical cores, 16 logical processors, using up to 16 threads
Optimize a model with 339 rows, 1398 columns and 5276 nonzeros
Model fingerprint: 0x7345b817
Model has 3400 quadratic objective terms
Model has 75 quadratic constraints
Model has 1 general constraint
Variable types: 80 continuous, 1318 integer (1318 binary)
Coefficient statistics:
  Matrix range     [1e+00, 1e+01]
  QMatrix range    [1e+00, 1e+00]
  QLMatrix range   [1e+00, 1e+00]
  Objective range  [0e+00, 0e+00]
  QObjective range [2e-05, 1e+01]
  Bounds range     [1e+00, 8e+02]
  RHS range        [1e+00, 1e+02]
Presolve added 0 rows and 1025 columns
Presolve removed 26 rows and 0 columns
Presolve time: 0.01s
Presolved: 2395 rows, 4505 columns, 12202 nonzeros
Presolved model has 1 SOS constraint(s)
Variable types: 1105 continuous, 3400 integer (3375 binary)

Root relaxation: objective 6.444495e-01, 1663 iterations, 0.07 seconds (0.08 work units)

    Nodes    |    Current Node    |     Objective Bounds      |     Work
 Expl Unexpl |  Obj  Depth IntInf | Incumbent    BestBd   Gap | It/Node Time

     0     0    0.64445    0 1319          -    0.64445      -     -    0s
H    0     0                      14.1245183    0.64445  95.4%     -    0s
H    0     0                      13.6195031    0.68291  95.0%     -    0s
     0     0    0.68499    0 1321   13.61950    0.68499  95.0%     -    0s
H    0     0                       8.6866168    0.74060  91.5%     -    0s
     0     0    0.74060    0 1248    8.68662    0.74060  91.5%     -    0s
     0     0    0.74087    0 1258    8.68662    0.74087  91.5%     -    0s
     0     0    0.74619    0 1242    8.68662    0.74619  91.4%     -    0s
     0     0    0.74687    0 1243    8.68662    0.74687  91.4%     -    0s
     0     0    0.74913    0 1258    8.68662    0.74913  91.4%     -    0s
     0     0    0.74913    0 1257    8.68662    0.74913  91.4%     -    0s
     0     2    0.74926    0 1257    8.68662    0.74926  91.4%     -    0s
H   43    52                       3.8071750    0.75185  80.3%   255    1s
H   44    52                       3.8002611    0.75185  80.2%   272    1s
H   49    52                       3.7901001    0.75185  80.2%   258    1s
H   53    52                       3.7785492    0.75185  80.1%   297    1s
H   92    93                       3.7652454    0.75185  80.0%   278    1s
H   94    93                       3.6794477    0.75185  79.6%   280    1s
H  106   109                       3.6615343    0.75185  79.5%   260    1s
H  143   148                       3.6494863    0.75185  79.4%   245    1s
H  144   148                       1.9469953    0.75185  61.4%   246    1s
H  151   148                       1.9428607    0.75185  61.3%   249    1s
H  189   196                       1.8532991    0.75185  59.4%   232    2s
H  192   196                       1.7490105    0.75185  57.0%   230    2s
H  200   196                       1.7455437    0.75185  56.9%   227    2s
H  208   196                       1.7214775    0.75185  56.3%   223    2s
H  481   469                       1.6921315    0.75185  55.6%   209    4s
H  482   469                       1.6711016    0.75185  55.0%   210    4s
   867   923    1.07864   21 1024    1.67110    0.75185  55.0%   198    5s
H 1553  1627                       1.6567147    0.75185  54.6%   176    5s
* 1582  1600             159       1.4700609    0.75185  48.9%   175    5s
* 1583  1600             159       1.4699476    0.75185  48.9%   175    5s
H 1680  1525                       1.4025354    0.75185  46.4%   170    5s
H 1885  1664                       1.3841649    0.75185  45.7%   163    6s
H 1897  1383                       1.3273321    0.75185  43.4%   162    6s
H 1975   932                       1.2336685    0.75185  39.1%   160    8s
H 2030   902                       1.2304736    0.75198  38.9%   164    9s
H 2034   872                       1.2266755    0.75312  38.6%   163    9s
H 2035   869                       1.2203202    0.75312  38.3%   163    9s
H 2041   869                       1.2202591    0.75312  38.3%   163    9s
H 2042   869                       1.2170915    0.75312  38.1%   164    9s
H 2050   869                       1.2101522    0.75312  37.8%   164    9s
  2131   839    1.09388   17 1256    1.21015    0.75312  37.8%   170   10s
H 2132   798                       1.2088305    0.75312  37.7%   170   10s
H 2141   763                       1.2059313    0.78058  35.3%   169   12s
H 2148   728                       1.2024348    0.80234  33.3%   169   15s
H 2151   694                       1.2023340    0.80406  33.1%   169   16s
H 2161   665                       1.2023340    0.80791  32.8%   168   19s
  2162   666    1.12988   36 1420    1.20233    0.80827  32.8%   168   20s
H 2177   643                       1.2016651    0.81100  32.5%   180   24s
  2180   645    1.03747   26 1395    1.20167    0.81374  32.3%   180   25s
  2191   652    1.09388   17 1458    1.20167    0.81739  32.0%   179   30s
  2257   713    0.83129   29 1414    1.20167    0.81886  31.9%   213   35s
H 2331   733                       1.2005317    0.82070  31.6%   230   40s
H 2386   733                       1.1941547    0.82531  30.9%   244   44s
  2429   771    0.83420   33 1310    1.19415    0.82531  30.9%   252   45s
  2699   934    0.85390   37 1307    1.19415    0.82531  30.9%   290   50s
H 2748   918                       1.1931085    0.82531  30.8%   294   60s
  3012  1027    0.90323   42 1257    1.19311    0.82531  30.8%   320   65s
  3334  1244    0.93542   49 1245    1.19311    0.82531  30.8%   347   70s
H 3517  1303                       1.1925061    0.82531  30.8%   357   72s
  3715  1403    0.97345   55 1216    1.19251    0.82531  30.8%   361   75s
H 3908  1484                       1.1924569    0.82531  30.8%   370   79s
  3923  1557    1.02017   60 1019    1.19246    0.82531  30.8%   370   80s
  4471  2074    1.16024   87  970    1.19246    0.83978  29.6%   379   86s
  4896  2401    1.06639   43 1146    1.19246    0.83978  29.6%   386   90s
  5488  2787    0.91751   31 1277    1.19246    0.84135  29.4%   386   95s
  5939  3253    1.13816   50  980    1.19246    0.84285  29.3%   397  101s
  6366  3496    1.02684   34 1155    1.19246    0.84285  29.3%   399  106s
  6792  3879     cutoff   73         1.19246    0.84457  29.2%   402  110s
  7235  4252    0.96954   39 1326    1.19246    0.84457  29.2%   404  115s
  7783  4705    0.96018   33 1348    1.19246    0.84766  28.9%   404  120s
  8344  5219    1.17642   45 1047    1.19246    0.85086  28.6%   405  125s
  8977  5776    1.06481   50 1140    1.19246    0.85550  28.3%   407  131s
  9309  5967    0.90875   35 1326    1.19246    0.85550  28.3%   409  135s
H 9482  5949                       1.1914061    0.85550  28.2%   411  135s
H 9619  6201                       1.1899837    0.85550  28.1%   412  138s
  9861  6428    1.12670   42 1263    1.18998    0.85550  28.1%   413  142s
 10228  6586 infeasible   45         1.18998    0.85773  27.9%   415  148s
H10344  6586                       1.1899837    0.85773  27.9%   416  148s
 10417  6834    0.94176   32 1189    1.18998    0.85773  27.9%   417  152s
 10780  7183    1.02240   45 1126    1.18998    0.85773  27.9%   418  157s
 11326  7526    1.11437   65  881    1.18998    0.85773  27.9%   414  161s
 11804  7620    1.18140   87  702    1.18998    0.85773  27.9%   413  167s
 11912  7986    1.18291   88  743    1.18998    0.86718  27.1%   413  171s
 12371  8321    1.02675   42 1281    1.18998    0.86732  27.1%   413  175s
 12850  8789    0.97540   44 1200    1.18998    0.86986  26.9%   414  180s
 13900  9638    1.13347   52  986    1.18998    0.87303  26.6%   413  189s
 14481 10016    1.00963   38 1125    1.18998    0.87303  26.6%   414  194s
 14924 10624    1.03903   46 1123    1.18998    0.87303  26.6%   418  199s
 15601 11145    1.17128   73  735    1.18998    0.87303  26.6%   417  204s
 16207 11624    1.18429   85  600    1.18998    0.87606  26.4%   418  209s
 16834 12145    1.07542   43 1111    1.18998    0.87926  26.1%   420  215s
 17528 12767    0.98212   45 1202    1.18998    0.88257  25.8%   420  221s
 18198 13347    1.11062   60 1045    1.18998    0.88285  25.8%   423  226s
 18862 14000    1.00962   38 1286    1.18998    0.88418  25.7%   425  232s
 19732 14588     cutoff   67         1.18998    0.88764  25.4%   424  239s
 20509 15140    0.98250   40 1256    1.18998    0.88764  25.4%   423  246s
 21226 15722    1.09398   56 1042    1.18998    0.88764  25.4%   425  253s
 22046 16362    1.17810   82  661    1.18998    0.89129  25.1%   426  260s
 22870 16915    1.13839   79  902    1.18998    0.89327  24.9%   428  267s
 23596 17496    1.03800   42 1014    1.18998    0.89564  24.7%   432  278s
 24195 18250    1.12731   55  860    1.18998    0.89564  24.7%   431  286s
 25089 19241    1.15757   70  759    1.18998    0.89683  24.6%   434  295s
 26361 20029     cutoff   79         1.18998    0.89753  24.6%   430  303s
 27454 20876     cutoff   92         1.18998    0.89848  24.5%   429  312s
 28660 21611    1.07584   57 1167    1.18998    0.90371  24.1%   427  322s
 29663 22223    1.15546   76  973    1.18998    0.90512  23.9%   428  332s
 30611 23077    1.05348   46 1105    1.18998    0.90632  23.8%   431  342s
 31707 24030    1.18306   88  688    1.18998    0.90654  23.8%   434  355s
 32985 24890    1.08137   41 1094    1.18998    0.90814  23.7%   434  370s
 34256 25697    1.02916   48 1013    1.18998    0.90855  23.7%   434  386s
 35498 26372    1.18663   60  794    1.18998    0.91228  23.3%   436  398s
 36578 27393    0.99446   39 1176    1.18998    0.91453  23.1%   441  410s
 38074 28469    1.00042   32 1272    1.18998    0.91546  23.1%   441  423s
 39590 29750    1.04100   40 1240    1.18998    0.91621  23.0%   440  437s
 41182 31142    1.01914   44 1088    1.18998    0.91881  22.8%   440  453s
 42843 32087    1.07339   44 1155    1.18998    0.91891  22.8%   440  467s
 44294 33475    1.03155   36 1227    1.18998    0.91990  22.7%   440  482s
 46209 34415    1.12388   51 1119    1.18998    0.92112  22.6%   437  499s
 47426 35700    1.02330   45 1196    1.18998    0.92166  22.5%   438  513s
 49060 36758    1.18030   97  519    1.18998    0.92218  22.5%   440  529s
 50559 38047    1.05103   40 1252    1.18998    0.92412  22.3%   441  544s
 52249 39385    1.03745   40 1029    1.18998    0.92479  22.3%   442  558s
 54062 40451    1.16648   78  867    1.18998    0.92636  22.2%   441  574s
 55503 41482    1.09229   51 1090    1.18998    0.92724  22.1%   442  589s
 56966 42750    1.03320   44 1100    1.18998    0.92886  21.9%   444  603s
 58689 43834    1.13436   69  824    1.18998    0.92938  21.9%   445  620s
 60073 44990    1.14167   56 1143    1.18998    0.93019  21.8%   444  635s
 61631 46068    1.04007   39 1126    1.18998    0.93095  21.8%   445  651s
 63276 47416    1.06181   50 1257    1.18998    0.93198  21.7%   446  666s
 65042 48682    1.07868   46 1108    1.18998    0.93346  21.6%   446  680s
 66891 50005    1.10572   46  991    1.18998    0.93445  21.5%   445  695s
 68667 51731     cutoff   66         1.18998    0.93562  21.4%   445  708s
 70651 52533    1.09704   49 1093    1.18998    0.93574  21.4%   444  723s
H71833 52472                       1.1897177    0.93593  21.3%   445  723s
 72094 53364    1.04782   43 1233    1.18972    0.93593  21.3%   445  741s
 73282 54861    1.16966   81  782    1.18972    0.93670  21.3%   445  757s
 75173 56148    1.16899   58  950    1.18972    0.93811  21.1%   444  770s
 76887 57246    1.00890   44 1181    1.18972    0.93966  21.0%   444  784s
 78509 58507    1.14908   64 1083    1.18972    0.94072  20.9%   444  799s
 80268 59197    0.99307   33 1223    1.18972    0.94146  20.9%   444  816s
H80371 59197                       1.1897177    0.94146  20.9%   444  816s
 81179 60704    1.05086   43 1035    1.18972    0.94165  20.9%   444  831s
 83149 62024    1.03430   41 1297    1.18972    0.94302  20.7%   442  845s
 84948 63122    1.06824   47 1110    1.18972    0.94402  20.7%   442  859s
 86641 64394    1.10115   61  981    1.18972    0.94477  20.6%   442  872s
 88216 65877    1.18529   55  933    1.18972    0.94540  20.5%   444  885s
 90155 67095    1.18826   66  850    1.18972    0.94633  20.5%   443  899s
 91803 68319     cutoff   69         1.18972    0.94703  20.4%   443  912s
 93542 69612    1.05270   35 1172    1.18972    0.94830  20.3%   442  925s
 95286 70288     cutoff   58         1.18972    0.94910  20.2%   442  941s
 96391 71476    1.04578   48 1119    1.18972    0.94992  20.2%   442  954s
 98130 72930    1.11496   55 1034    1.18972    0.95075  20.1%   442  967s
 99972 74047    1.09049   47 1120    1.18972    0.95183  20.0%   442  980s
 101604 75330    1.07693   35 1241    1.18972    0.95253  19.9%   441  993s
 103389 76656    1.18098   81  802    1.18972    0.95269  19.9%   441 1006s
 105276 77993    1.15599   53 1005    1.18972    0.95372  19.8%   440 1019s
 107038 79141    1.04008   41 1048    1.18972    0.95455  19.8%   439 1030s
 108575 80157    1.18871   81  669    1.18972    0.95514  19.7%   440 1042s
 110073 81098    1.13353   59 1004    1.18972    0.95631  19.6%   440 1055s
 111799 82179    1.15301   53 1216    1.18972    0.95669  19.6%   440 1067s
 113286 83469    1.18846   69  904    1.18972    0.95736  19.5%   441 1079s
 113498 83469     cutoff   87         1.18972    0.95741  19.5%   441 1080s
 115097 84336     cutoff   59         1.18972    0.95816  19.5%   440 1092s
 116522 85432    1.07199   56  963    1.18972    0.95840  19.4%   441 1105s
 118006 86571    1.18631   92  621    1.18972    0.95906  19.4%   441 1118s
 119680 87670    1.08407   50 1111    1.18972    0.96028  19.3%   441 1131s
 121231 88696    1.18031   54  995    1.18972    0.96119  19.2%   441 1144s
 122785 89603    1.12142   57 1228    1.18972    0.96181  19.2%   441 1157s
 124263 90773    1.03572   51 1171    1.18972    0.96233  19.1%   442 1170s
 125993 91949    1.10640   54 1059    1.18972    0.96308  19.0%   442 1184s
 127732 93147    1.05980   50 1176    1.18972    0.96374  19.0%   441 1196s
 129398 93152    1.09041   53 1160    1.18972    0.96413  19.0%   441 1254s
 129424 94328    1.09303   54 1150    1.18972    0.96414  19.0%   441 1267s
 131188 95480    1.16428   69  930    1.18972    0.96466  18.9%   441 1280s
 132856 96694    1.12810   67  907    1.18972    0.96531  18.9%   440 1292s
 134396 97809    1.12349   58 1118    1.18972    0.96560  18.8%   441 1305s
 135985 98967    1.02234   45 1238    1.18972    0.96619  18.8%   441 1318s
 137581 100164     cutoff   68         1.18972    0.96653  18.8%   441 1331s
 139173 101208    1.09918   42 1098    1.18972    0.96704  18.7%   441 1344s
 140736 102340 infeasible   58         1.18972    0.96764  18.7%   441 1357s
 142386 103529    1.10777   49 1219    1.18972    0.96838  18.6%   441 1370s
 144078 104807    1.18567   66  974    1.18972    0.96899  18.6%   441 1382s
 145847 105878    1.18766   90  826    1.18972    0.96995  18.5%   440 1395s
 147507 107170    1.09918   45 1129    1.18972    0.97056  18.4%   440 1408s
 149279 108250    1.16966   52 1013    1.18972    0.97075  18.4%   439 1420s
 150929 109497     cutoff   69         1.18972    0.97156  18.3%   439 1432s
 152663 110566    1.08153   40 1073    1.18972    0.97196  18.3%   439 1445s
 154348 111692    1.15042   91  812    1.18972    0.97260  18.2%   438 1457s
 155972 112703    1.05529   46 1144    1.18972    0.97312  18.2%   438 1470s
 157412 113844     cutoff   79         1.18972    0.97334  18.2%   438 1482s
 159075 115073    1.07928   46 1135    1.18972    0.97390  18.1%   438 1494s
 160696 116105    1.14823   59  865    1.18972    0.97418  18.1%   438 1506s
 162262 117095     cutoff   62         1.18972    0.97457  18.1%   438 1519s
 163860 118231    1.17718   61  953    1.18972    0.97505  18.0%   438 1531s
 165649 119272    1.16202   56 1121    1.18972    0.97546  18.0%   437 1544s
 167250 120176    1.17749   61 1044    1.18972    0.97592  18.0%   437 1556s
 168872 121145    1.03228   40 1181    1.18972    0.97612  18.0%   437 1569s
 170329 122182    1.17798   70  963    1.18972    0.97648  17.9%   438 1581s
 171703 123330    1.14372   49 1111    1.18972    0.97663  17.9%   438 1595s
 173302 124425    1.08908   45 1153    1.18972    0.97702  17.9%   438 1607s
 174919 125362    1.06036   41 1181    1.18972    0.97732  17.9%   438 1620s
 176487 126269    1.08623   59 1067    1.18972    0.97782  17.8%   439 1633s
 177898 127313    1.06313   49 1161    1.18972    0.97810  17.8%   439 1647s
 179387 128483    1.16279   53 1002    1.18972    0.97829  17.8%   439 1660s
 181153 129629    1.11071   52 1091    1.18972    0.97860  17.7%   439 1673s
 182738 130740    1.16725   76  762    1.18972    0.97899  17.7%   440 1686s
 184391 131734    1.14529   49 1126    1.18972    0.97923  17.7%   440 1699s
 186054 132982     cutoff   81         1.18972    0.97967  17.7%   440 1713s
 187780 133941    1.08202   40 1138    1.18972    0.98002  17.6%   439 1726s
 189295 135183     cutoff   74         1.18972    0.98037  17.6%   440 1739s
 191062 136299     cutoff   56         1.18972    0.98087  17.6%   439 1753s
H192337 136291                       1.1896951    0.98105  17.5%   439 1753s
 192624 137290    1.08806   50 1067    1.18970    0.98138  17.5%   439 1767s
H192821 137262                       1.1895808    0.98139  17.5%   439 1767s
 194172 138177    1.18418   74  720    1.18958    0.98178  17.5%   439 1782s
H194230 138175                       1.1895622    0.98178  17.5%   439 1782s
 195457 139302    1.08267   48  980    1.18956    0.98204  17.4%   440 1795s
 197091 139827    1.18086  119  290    1.18956    0.98219  17.4%   440 1800s

Cutting planes:
  Gomory: 473
  MIR: 26
  Flow cover: 1
  Zero half: 1
  RLT: 8

Explored 197782 nodes (86983777 simplex iterations) in 1800.02 seconds (3223.72 work units)
Thread count was 16 (of 16 available processors)

Solution count 10: 1.18956 1.18958 1.1897 ... 1.19251

Time limit reached
Warning: max constraint violation (8.5993e-05) exceeds tolerance
Warning: max general constraint violation (8.5993e-05) exceeds tolerance
Best objective 1.189562182188e+00, best bound 9.821856334628e-01, gap 17.4330%
