
Gurobi 9.5.0 (linux64) logging started Mon 14 Nov 2022 06:22:11 PM PST

Set parameter LogFile to value "experiments/t_2_theta_0.9/gurobi.1668478930.log"
Set parameter LogToConsole to value 0
Set parameter TimeLimit to value 1800
Set parameter Threads to value 16
Gurobi Optimizer version 9.5.0 build v9.5.0rc5 (linux64)
Thread count: 8 physical cores, 16 logical processors, using up to 16 threads
Optimize a model with 340 rows, 1428 columns and 5305 nonzeros
Model fingerprint: 0x33bde346
Model has 3425 quadratic objective terms
Model has 150 quadratic constraints
Model has 2 general constraints
Variable types: 85 continuous, 1343 integer (1343 binary)
Coefficient statistics:
  Matrix range     [1e+00, 1e+01]
  QMatrix range    [1e+00, 1e+00]
  QLMatrix range   [1e+00, 1e+00]
  Objective range  [0e+00, 0e+00]
  QObjective range [7e-05, 4e+01]
  Bounds range     [1e+00, 8e+02]
  RHS range        [1e+00, 1e+02]
Presolve added 57 rows and 1173 columns
Presolve time: 0.06s
Presolved: 4764 rows, 4797 columns, 36202 nonzeros
Variable types: 1286 continuous, 3511 integer (3415 binary)

Root relaxation: objective 1.335820e-12, 4996 iterations, 0.21 seconds (0.20 work units)

    Nodes    |    Current Node    |     Objective Bounds      |     Work
 Expl Unexpl |  Obj  Depth IntInf | Incumbent    BestBd   Gap | It/Node Time

     0     0    0.00000    0 3455          -    0.00000      -     -    0s
     0     0    0.04295    0 3421          -    0.04295      -     -    1s
     0     0    0.05266    0 3367          -    0.05266      -     -    1s
     0     0    0.05266    0 3368          -    0.05266      -     -    1s
     0     0    0.06446    0 3334          -    0.06446      -     -    2s
     0     0    0.06653    0 3326          -    0.06653      -     -    2s
     0     0    0.06658    0 3327          -    0.06658      -     -    2s
H    0     0                       1.7380676    0.06658  96.2%     -    3s
H    0     0                       1.7233015    0.06658  96.1%     -    3s
     0     0    0.07278    0 3344    1.72330    0.07278  95.8%     -    3s
     0     0    0.07278    0 3321    1.72330    0.07278  95.8%     -    3s
H    0     0                       1.7142813    0.07300  95.7%     -    4s
H    0     0                       1.7087463    0.07300  95.7%     -    4s
     0     2    0.07300    0 3320    1.70875    0.07300  95.7%     -    4s
     7    12    0.09283    3 3190    1.70875    0.07591  95.6%   475    5s
H   42    46                       1.7074111    0.09349  94.5%   397    5s
H   43    46                       1.7060759    0.09349  94.5%   390    5s
H   45    46                       1.6780767    0.09349  94.4%   377    5s
H   50    46                       1.6469729    0.09349  94.3%   379    5s
H   89    91                       1.6345682    0.09349  94.3%   610    9s
H   91    91                       1.6332249    0.09349  94.3%   626    9s
H   92    91                       1.6289016    0.09349  94.3%   638    9s
H   93    91                       1.4614210    0.09349  93.6%   637    9s
H  101    91                       1.2875112    0.09349  92.7%   640    9s
   106   107    0.19436    8 3046    1.28751    0.09349  92.7%   639   10s
H  142   142                       1.2799489    0.09349  92.7%   672   15s
H  143   142                       1.2684294    0.09349  92.6%   671   15s
H  144   142                       1.1554414    0.09349  91.9%   673   15s
   671   616    0.51634   12 2359    1.15544    0.09349  91.9%   423   20s
H  785   661                       1.1337275    0.09349  91.8%   409   23s
   963   824    0.57924   15 1931    1.13373    0.09349  91.8%   397   25s
  1580  1377    0.77933   28 1412    1.13373    0.09349  91.8%   354   30s
H 1737  1429                       1.1212146    0.09349  91.7%   338   31s
H 2065  1508                       1.1013017    0.09349  91.5%   342   42s
  2071  1508    0.83159   42 3184    1.10130    0.09349  91.5%   341   45s
H 2077  1436                       1.1012457    0.13074  88.1%   340   48s
  2082  1440    0.27703   11 3149    1.10125    0.15633  85.8%   339   50s
  2094  1448    0.69656   32 3112    1.10125    0.16735  84.8%   337   55s
H 2094  1375                       1.0997792    0.16736  84.8%   337   56s
  2110  1402    0.19562   18 2689    1.09978    0.18668  83.0%   356   60s
  2142  1424    0.40047   19 2669    1.09978    0.19609  82.2%   396   66s
H 2174  1376                       1.0959209    0.19667  82.1%   415   74s
H 2176  1309                       1.0916470    0.19667  82.0%   417   74s
  2190  1323    0.51475   21 2650    1.09165    0.19667  82.0%   426   75s
  2346  1419    0.74264   25 2130    1.09165    0.19667  82.0%   448   80s
  2528  1489    0.82400   30 2203    1.09165    0.19667  82.0%   442   89s
H 2561  1415                       1.0909004    0.19667  82.0%   439   89s
H 2566  1354                       1.0904191    0.19667  82.0%   439   89s
H 2580  1293                       1.0861089    0.19667  81.9%   439   89s
  2583  1335    0.75742   32 2034    1.08611    0.19667  81.9%   441   90s
  2890  1481    0.90436   45 1843    1.08611    0.19667  81.9%   433   95s
  3169  1615    0.72216   32 2193    1.08611    0.19667  81.9%   433  100s
  3450  1793    0.94278   54 1088    1.08611    0.19667  81.9%   445  105s
  3774  1970    0.54509   21 2372    1.08611    0.24096  77.8%   439  110s
  4194  2068    0.94924   39 2255    1.08611    0.24096  77.8%   428  115s
  4534  2198    1.04948   44 1394    1.08611    0.32472  70.1%   431  121s
  4824  2365    0.41956   22 2526    1.08611    0.32473  70.1%   429  125s
  5345  2557    0.82277   32 2025    1.08611    0.32473  70.1%   419  132s
  5498  2616    0.93711   36 1209    1.08611    0.32473  70.1%   419  135s
H 5544  2614                       1.0849495    0.32473  70.1%   421  135s
  5757  2858    1.07315   47 1002    1.08495    0.32473  70.1%   419  140s
  6053  3077    0.55325   23 2422    1.08495    0.32507  70.0%   423  145s
  6416  3411     cutoff   37         1.08495    0.32507  70.0%   422  151s
  6815  3674    0.50469   21 2266    1.08495    0.39501  63.6%   419  157s
  6977  3792    0.67913   24 2176    1.08495    0.39501  63.6%   423  160s
  7380  3958    0.83637   31 1405    1.08495    0.39501  63.6%   422  175s
H 7384  3914                       1.0792114    0.39501  63.4%   422  175s
H 7401  3898                       1.0779835    0.39501  63.4%   422  175s
H 7403  3874                       1.0744289    0.39501  63.2%   422  175s
H 7451  3970                       1.0744289    0.39501  63.2%   424  179s
  7585  4101     cutoff   40         1.07443    0.43469  59.5%   425  182s
  7761  4240    0.72272   24 2246    1.07443    0.45113  58.0%   428  186s
  7956  4349    0.94341   28 2248    1.07443    0.45113  58.0%   431  192s
  8088  4532    0.84682   27 2135    1.07443    0.45113  58.0%   431  196s
  8361  4734    0.92320   33 1539    1.07443    0.45113  58.0%   431  200s
  8899  5047    0.80448   26 2461    1.07443    0.46608  56.6%   432  208s
  9147  5211    0.95683   40 1557    1.07443    0.50851  52.7%   434  212s
  9429  5374    0.82337   34 1796    1.07443    0.51255  52.3%   435  218s
  9725  5531    0.94642   50 1232    1.07443    0.51476  52.1%   435  222s
 10035  5740    0.75655   27 1647    1.07443    0.51708  51.9%   436  227s
 10339  5911    0.96834   43 1704    1.07443    0.52461  51.2%   436  232s
 10645  6085    0.63229   24 2070    1.07443    0.52516  51.1%   437  238s
 10958  6228    1.05816   36 1400    1.07443    0.53888  49.8%   439  243s
 11208  6437    1.07107   30 1410    1.07443    0.54231  49.5%   440  250s
 11525  6625     cutoff   28         1.07443    0.54231  49.5%   441  256s
 11913  6789    0.84342   25 2063    1.07443    0.54231  49.5%   442  262s
 12303  6946    1.06715   42 1276    1.07443    0.55923  48.0%   443  268s
 12660  7074    0.77576   31 1583    1.07443    0.56220  47.7%   445  277s
 12876  7275    0.88378   30 2086    1.07443    0.56613  47.3%   446  284s
 13198  7556    0.94763   32 1620    1.07443    0.56613  47.3%   451  291s
 13643  7850    0.93331   34 1766    1.07443    0.56613  47.3%   453  299s
 14235  8126    0.99579   36 1635    1.07443    0.57039  46.9%   451  306s
 14683  8549    0.71884   36 1605    1.07443    0.58372  45.7%   453  314s
 15299  8818    1.02054   29 2288    1.07443    0.58639  45.4%   452  322s
 15765  9075    0.85341   34 1486    1.07443    0.59607  44.5%   453  331s
 16185  9530    0.68626   28 1944    1.07443    0.59956  44.2%   458  340s
 16750 10204    0.81290   43 1171    1.07443    0.59956  44.2%   459  349s
 17605 10609    0.94344   62 1069    1.07443    0.60321  43.9%   454  358s
 18244 11014    0.84047   35 1174    1.07443    0.60762  43.4%   454  368s
 18874 11449    0.87834   30 1192    1.07443    0.61469  42.8%   455  378s
 19526 11910    0.90832   31 1281    1.07443    0.61738  42.5%   455  388s
 20213 12504    0.71091   28 2107    1.07443    0.61999  42.3%   454  398s
 21084 12811    0.90562   40 1173    1.07443    0.62293  42.0%   450  413s
 21538 13943    0.82012   36 2231    1.07443    0.62411  41.9%   452  433s
 23110 14522    0.86707   33 2329    1.07443    0.62704  41.6%   450  447s
 24077 15065    0.86601   41  970    1.07443    0.63292  41.1%   448  460s
 24995 15551    1.03230   39 1355    1.07443    0.63511  40.9%   447  475s
 25838 16070    0.81598   27 1779    1.07443    0.63859  40.6%   448  490s
 26724 16622    0.83452   27 2337    1.07443    0.64182  40.3%   449  505s
 27646 17258     cutoff   27         1.07443    0.64427  40.0%   450  521s
 28652 17821    1.02095   32 2212    1.07443    0.64713  39.8%   450  539s
 29616 18433    0.98066   50 1100    1.07443    0.64968  39.5%   452  556s
 30906 19041    0.92363   45 1199    1.07443    0.65258  39.3%   450  574s
 32006 19803    0.75702   26 2027    1.07443    0.65446  39.1%   449  593s
 33289 20471    0.97192   43 1104    1.07443    0.65656  38.9%   448  613s
 34479 21171     cutoff   25         1.07443    0.65964  38.6%   449  633s
 35696 21994    0.81527   36 1445    1.07443    0.66150  38.4%   450  654s
 36946 23265 infeasible   50         1.07443    0.66491  38.1%   452  676s
 38667 23405    1.05380   51 1115    1.07443    0.66767  37.9%   450  726s
 38937 24766    0.83299   32 1479    1.07443    0.66785  37.8%   450  750s
 40755 26056    0.69337   27 2188    1.07443    0.67028  37.6%   447  775s
 42696 26989    0.95500   47 1310    1.07443    0.67254  37.4%   445  873s
 44553 27373    0.90422   24 2673    1.07443    0.67540  37.1%   444  903s
 45386 28205    0.82400   32 1571    1.07443    0.67640  37.0%   450  939s
 46629 29331    0.91922   49 1485    1.07443    0.67854  36.8%   453  977s
 48189 30086    0.74495   29 2107    1.07443    0.67985  36.7%   457 1017s
 49486 30809     cutoff   33         1.07443    0.68143  36.6%   461 1059s
 50840 31717    0.73854   31 1565    1.07443    0.68367  36.4%   465 1102s
 52262 32428    0.82615   28 2199    1.07443    0.68579  36.2%   468 1147s
 53426 33361    0.78894   31 1345    1.07443    0.68721  36.0%   471 1192s
 55000 34245    0.83958   33 1424    1.07443    0.68821  35.9%   474 1237s
 56447 35050     cutoff   57         1.07443    0.69016  35.8%   479 1282s
 57710 36177    0.83323   37 1707    1.07443    0.69113  35.7%   481 1330s
 59381 37416    0.80997   29 1777    1.07443    0.69335  35.5%   484 1377s
 61267 38263    0.78386   28 2096    1.07443    0.69508  35.3%   485 1424s
 62684 39816     cutoff   46         1.07443    0.69785  35.0%   489 1470s
 64763 40499    0.78330   30 1997    1.07443    0.69948  34.9%   488 1505s
 65945 41454    0.84412   28 1914    1.07443    0.70060  34.8%   491 1564s
 67605 42587     cutoff   32         1.07443    0.70247  34.6%   494 1613s
 69209 43754    0.84424   42 1470    1.07443    0.70422  34.5%   497 1661s
 70999 44616    0.97624   37 1416    1.07443    0.70636  34.3%   498 1709s
 72511 45831    0.77659   31 1472    1.07443    0.70835  34.1%   501 1756s
 74323 46925    0.83799   29 2156    1.07443    0.70950  34.0%   502 1800s

Cutting planes:
  Gomory: 712
  MIR: 69
  StrongCG: 9
  Flow cover: 83
  Inf proof: 5
  Zero half: 18
  Mod-K: 2
  RLT: 52

Explored 76008 nodes (38188098 simplex iterations) in 1800.02 seconds (3571.70 work units)
Thread count was 16 (of 16 available processors)

Solution count 10: 1.07443 1.07443 1.07798 ... 1.09592

Time limit reached
Warning: max constraint violation (2.1677e-04) exceeds tolerance
Warning: max general constraint violation (2.1677e-04) exceeds tolerance
Best objective 1.074428901516e+00, best bound 7.105778052784e-01, gap 33.8646%
