
Gurobi 9.5.0 (linux64) logging started Sat 19 Nov 2022 02:59:39 AM PST

Set parameter LogFile to value "experiments/t_15_theta_1.0/gurobi.1668855578.log"
Set parameter LogToConsole to value 0
Set parameter TimeLimit to value 1800
Set parameter Threads to value 16
Gurobi Optimizer version 9.5.0 build v9.5.0rc5 (linux64)
Thread count: 8 physical cores, 16 logical processors, using up to 16 threads
Optimize a model with 353 rows, 1818 columns and 5682 nonzeros
Model fingerprint: 0xce6d1455
Model has 3375 quadratic objective terms
Model has 1125 quadratic constraints
Model has 15 general constraints
Variable types: 150 continuous, 1668 integer (1668 binary)
Coefficient statistics:
  Matrix range     [1e+00, 1e+01]
  QMatrix range    [1e+00, 1e+00]
  QLMatrix range   [1e+00, 1e+00]
  Objective range  [0e+00, 0e+00]
  QObjective range [7e+06, 4e+12]
  Bounds range     [1e+00, 8e+02]
  RHS range        [1e+00, 1e+02]
Warning: Model contains large quadratic objective coefficients
         Consider reformulating model or setting NumericFocus parameter
         to avoid numerical issues.
Presolve added 2 rows and 2483 columns
Presolve time: 0.01s
Presolved: 6439 rows, 7343 columns, 22252 nonzeros
Presolved model has 15 SOS constraint(s)
Variable types: 2985 continuous, 4358 integer (3915 binary)

Root relaxation: objective 3.515625e-02, 7790 iterations, 0.38 seconds (0.28 work units)

    Nodes    |    Current Node    |     Objective Bounds      |     Work
 Expl Unexpl |  Obj  Depth IntInf | Incumbent    BestBd   Gap | It/Node Time

     0     0    0.00391    0 3496          -    0.00391      -     -    0s
     0     0 4.3959e+09    0 3432          - 4.3959e+09      -     -    1s
     0     0 1.2050e+10    0 2933          - 1.2050e+10      -     -    2s
     0     0 1.2085e+10    0 2935          - 1.2085e+10      -     -    2s
     0     0 1.2831e+10    0 2930          - 1.2831e+10      -     -    2s
     0     0 1.2852e+10    0 2944          - 1.2852e+10      -     -    2s
     0     0 1.3796e+10    0 2887          - 1.3796e+10      -     -    3s
H    0     0                    1.864721e+13 1.3796e+10   100%     -    3s
     0     0 1.3796e+10    0 2872 1.8647e+13 1.3796e+10   100%     -    3s
H    0     0                    1.545771e+13 1.3811e+10   100%     -    3s
H    0     0                    9.418020e+12 1.3811e+10   100%     -    3s
H    0     2                    9.417601e+12 1.3811e+10   100%     -    3s
     0     2 1.3811e+10    0 2869 9.4176e+12 1.3811e+10   100%     -    3s
H   41    56                    9.417139e+12 1.5955e+10   100%   346    4s
H   42    56                    9.399625e+12 1.5955e+10   100%   352    4s
H   43    56                    7.911035e+12 1.5955e+10   100%   345    4s
    57    72 3.6118e+10    6 2391 7.9110e+12 1.5977e+10   100%   442    5s
H   89   102                    4.855372e+12 1.5977e+10   100%   489    6s
H   89   102                    3.340356e+12 1.5977e+10   100%   489    6s
H   93   102                    3.337633e+12 1.5977e+10   100%   479    6s
H   94   102                    1.837951e+12 1.5977e+10  99.1%   475    6s
H  117   118                    1.802178e+12 1.5977e+10  99.1%   559    6s
H  140   151                    1.761671e+12 1.5977e+10  99.1%   603    7s
H  176   185                    1.919877e+11 1.5977e+10  91.7%   642    9s
   192   197 5.2079e+10   10 2052 1.9199e+11 1.5977e+10  91.7%   671   10s
H  218   208                    1.908314e+11 1.5977e+10  91.6%   659   10s
H  220   208                    1.866546e+11 1.5977e+10  91.4%   665   10s
H  222   208                    1.758638e+11 1.5977e+10  90.9%   662   10s
H  336   319                    1.231708e+11 1.5977e+10  87.0%   653   13s
H  337   319                    1.203303e+11 1.5977e+10  86.7%   655   13s
H  341   319                    1.095060e+11 1.5977e+10  85.4%   649   13s
   448   475 7.8257e+10   13 1640 1.0951e+11 1.5977e+10  85.4%   615   15s
   943   966 8.1648e+10   29  964 1.0951e+11 1.5977e+10  85.4%   526   20s
H 1345  1129                    1.031418e+11 1.5977e+10  84.5%   450   23s
H 1352  1080                    9.925135e+10 1.5977e+10  83.9%   451   23s
H 1398  1079                    9.894331e+10 1.5977e+10  83.9%   441   23s
  1599  1112 6.6860e+10   10 1860 9.8943e+10 1.6007e+10  83.8%   434   25s
H 1831  1219                    9.739827e+10 1.6007e+10  83.6%   477   31s
H 1834  1098                    9.413037e+10 1.6007e+10  83.0%   478   31s
H 2053  1163                    9.391141e+10 1.6007e+10  83.0%   480   39s
  2054  1161 8.3667e+10   36 2046 9.3911e+10 1.6007e+10  83.0%   480   40s
  2081  1179 2.0807e+10    8 2657 9.3911e+10 2.0807e+10  77.8%   473   45s
H 2095  1127                    9.371219e+10 2.1568e+10  77.0%   470   47s
  2108  1136 8.8669e+10   33 2715 9.3712e+10 3.3638e+10  64.1%   467   50s
H 2119  1085                    9.344469e+10 3.5400e+10  62.1%   465   53s
  2123  1091 3.8515e+10   12 2610 9.3445e+10 3.5400e+10  62.1%   480   55s
H 2156  1061                    9.342065e+10 4.4492e+10  52.4%   495   59s
H 2167  1004                    9.313493e+10 4.4492e+10  52.2%   499   59s
  2169  1016 5.8171e+10   16 2409 9.3135e+10 5.5560e+10  40.3%   501   61s
H 2201   976                    9.297336e+10 5.8172e+10  37.4%   518   68s
H 2202   928                    9.253515e+10 5.8172e+10  37.1%   518   68s
  2238   944 7.3576e+10   19 2079 9.2535e+10 5.8172e+10  37.1%   537   71s
H 2256   900                    9.253515e+10 5.8172e+10  37.1%   544   74s
H 2266   853                    9.251111e+10 5.8172e+10  37.1%   548   74s
H 2269   811                    9.251111e+10 5.8172e+10  37.1%   549   74s
  2274   823 8.3223e+10   20 2084 9.2511e+10 5.8172e+10  37.1%   550   75s
  2410   822 8.7603e+10   22 1583 9.2511e+10 5.8172e+10  37.1%   562   80s
  2566   848 7.4865e+10   18 2035 9.2511e+10 6.3137e+10  31.8%   575   85s
  2821   966 8.4806e+10   23 1449 9.2511e+10 6.3137e+10  31.8%   563   90s
  3046  1023 8.9637e+10   24 1463 9.2511e+10 6.3137e+10  31.8%   557   95s
  3277  1099 8.6525e+10   24 1196 9.2511e+10 6.3137e+10  31.8%   555  101s
  3473  1149 8.9950e+10   30  969 9.2511e+10 6.3137e+10  31.8%   550  105s
  3800  1138 8.7432e+10   21 1812 9.2511e+10 6.9831e+10  24.5%   541  110s
  4195  1207     cutoff   21      9.2511e+10 8.1278e+10  12.1%   527  116s
  4537  1262 8.5447e+10   25 1311 9.2511e+10 8.2802e+10  10.5%   512  120s
  4810  1366 infeasible   29      9.2511e+10 8.3238e+10  10.0%   508  125s
  5001  1375 8.6222e+10   28 1324 9.2511e+10 8.3238e+10  10.0%   502  137s
H 5007  1375                    9.251111e+10 8.3238e+10  10.0%   502  137s
H 5009  1358                    9.242607e+10 8.3238e+10  9.94%   503  137s
  5229  1554 8.8919e+10   33  815 9.2426e+10 8.3238e+10  9.94%   499  142s
  5630  1670 9.1089e+10   33  920 9.2426e+10 8.4784e+10  8.27%   490  147s
  5977  1759 9.2377e+10   33  962 9.2426e+10 8.5338e+10  7.67%   488  152s
H 6131  1783                    9.242607e+10 8.5476e+10  7.52%   488  156s
H 6151  1783                    9.242607e+10 8.5476e+10  7.52%   489  156s
  6429  1927     cutoff   19      9.2426e+10 8.5568e+10  7.42%   487  162s
  6655  1960     cutoff   52      9.2426e+10 8.5681e+10  7.30%   485  165s
  7145  2100     cutoff   43      9.2426e+10 8.5979e+10  6.98%   479  172s
  7427  2163     cutoff   39      9.2426e+10 8.6159e+10  6.78%   476  175s
  7663  2237     cutoff   30      9.2426e+10 8.6517e+10  6.39%   474  182s
H 7775  2237                    9.242607e+10 8.6517e+10  6.39%   471  182s
  7986  2379     cutoff   37      9.2426e+10 8.6566e+10  6.34%   465  186s
  8355  2581     cutoff   30      9.2426e+10 8.6658e+10  6.24%   458  190s
  8774  2713 9.2371e+10   37  497 9.2426e+10 8.6847e+10  6.04%   449  196s
  9159  2790 8.9538e+10   43  789 9.2426e+10 8.7042e+10  5.83%   445  200s
  9506  2920     cutoff   45      9.2426e+10 8.7119e+10  5.74%   442  205s
  9927  2945 9.0705e+10   43  780 9.2426e+10 8.7317e+10  5.53%   438  210s
 10336  3099     cutoff   43      9.2426e+10 8.7320e+10  5.52%   434  215s
 10828  3344 8.9145e+10   38  744 9.2426e+10 8.7507e+10  5.32%   428  221s
 11489  3585 9.0486e+10   35  886 9.2426e+10 8.7743e+10  5.07%   416  227s
 12183  3771 9.0686e+10   35  978 9.2426e+10 8.7891e+10  4.91%   405  232s
 12745  4042 8.9784e+10   26 1193 9.2426e+10 8.8025e+10  4.76%   400  246s
 13393  4148     cutoff   39      9.2426e+10 8.8150e+10  4.63%   390  254s
H13564  4148                    9.242607e+10 8.8150e+10  4.63%   388  254s
 13673  4471     cutoff   27      9.2426e+10 8.8150e+10  4.63%   386  261s
 14685  4783 9.1625e+10   36  927 9.2426e+10 8.8364e+10  4.40%   372  267s
 15555  5004 9.1472e+10   47  761 9.2426e+10 8.8492e+10  4.26%   364  274s
 16429  5298     cutoff   29      9.2426e+10 8.8578e+10  4.16%   356  283s
 17412  5593 infeasible   29      9.2426e+10 8.8822e+10  3.90%   347  290s
 18424  5957     cutoff   29      9.2426e+10 8.8943e+10  3.77%   339  297s
 19483  6304     cutoff   42      9.2426e+10 8.9051e+10  3.65%   331  305s
 20616  6829 9.2357e+10   48  459 9.2426e+10 8.9122e+10  3.57%   322  315s
 22252  6986     cutoff   32      9.2426e+10 8.9285e+10  3.40%   310  320s
 23042  7303 9.0669e+10   48  508 9.2426e+10 8.9349e+10  3.33%   305  326s
 23978  7617 9.0943e+10   45  547 9.2426e+10 8.9423e+10  3.25%   299  331s
 24866  7916 9.2033e+10   42  378 9.2426e+10 8.9487e+10  3.18%   294  337s
 25946  8159 9.2291e+10   41  545 9.2426e+10 8.9564e+10  3.10%   288  342s
 27020  8217 9.1038e+10   34  685 9.2426e+10 8.9613e+10  3.04%   282  350s
H27089  8217                    9.242607e+10 8.9620e+10  3.04%   282  350s
 27178  8517 9.1559e+10   40  617 9.2426e+10 8.9624e+10  3.03%   281  356s
 28279  8709 9.0880e+10   36  967 9.2426e+10 8.9678e+10  2.97%   276  362s
 29432  8883 9.1575e+10   41  640 9.2426e+10 8.9775e+10  2.87%   270  369s
 30629  9133 9.2339e+10   39  833 9.2426e+10 8.9831e+10  2.81%   266  377s
 31892  9452 9.0758e+10   44  681 9.2426e+10 8.9914e+10  2.72%   261  385s
 33228  9752     cutoff   54      9.2426e+10 8.9984e+10  2.64%   256  393s
 34538  9959     cutoff   36      9.2426e+10 9.0043e+10  2.58%   252  402s
 35971 10228 9.1306e+10   35  480 9.2426e+10 9.0117e+10  2.50%   247  411s
 37404 10479     cutoff   26      9.2426e+10 9.0138e+10  2.48%   243  420s
 38893 10774 9.1796e+10   50  430 9.2426e+10 9.0241e+10  2.36%   239  430s
 40515 11011     cutoff   42      9.2426e+10 9.0318e+10  2.28%   236  439s
 42184 11538 9.1917e+10   34  748 9.2426e+10 9.0388e+10  2.20%   232  455s
 45088 11755 9.2096e+10   47  452 9.2426e+10 9.0497e+10  2.09%   225  465s
 46980 11983     cutoff   40      9.2426e+10 9.0571e+10  2.01%   221  473s
 48597 12213 9.1930e+10   38  629 9.2426e+10 9.0613e+10  1.96%   217  481s
 50128 12461 9.1771e+10   55  447 9.2426e+10 9.0664e+10  1.91%   215  489s
 51869 12644     cutoff   47      9.2426e+10 9.0703e+10  1.86%   212  497s
 53496 12781     cutoff   52      9.2426e+10 9.0742e+10  1.82%   209  504s
 55067 12999 9.2415e+10   44  460 9.2426e+10 9.0785e+10  1.78%   206  512s
 56510 13196     cutoff   63      9.2426e+10 9.0809e+10  1.75%   205  520s
 58014 13320     cutoff   37      9.2426e+10 9.0844e+10  1.71%   203  528s
 59457 13464 9.2335e+10   54  317 9.2426e+10 9.0869e+10  1.69%   202  537s
 61162 13628 9.1496e+10   48  429 9.2426e+10 9.0909e+10  1.64%   200  546s
 62770 13824     cutoff   41      9.2426e+10 9.0940e+10  1.61%   198  561s
 65251 13899 9.1857e+10   48  560 9.2426e+10 9.0992e+10  1.55%   195  570s
 66745 13973 9.1753e+10   44  465 9.2426e+10 9.1028e+10  1.51%   194  587s
 68241 14098 9.2289e+10   47  788 9.2426e+10 9.1052e+10  1.49%   193  598s
 70354 14200     cutoff   46      9.2426e+10 9.1089e+10  1.45%   191  608s
 72497 14329 9.2266e+10   46  477 9.2426e+10 9.1132e+10  1.40%   189  618s
 74289 14464 9.2200e+10   45  440 9.2426e+10 9.1165e+10  1.36%   188  629s
 75990 14531 9.2146e+10   47  446 9.2426e+10 9.1190e+10  1.34%   187  638s
 77740 14699 9.1695e+10   45  442 9.2426e+10 9.1218e+10  1.31%   185  647s
 79513 14852 9.1802e+10   49  483 9.2426e+10 9.1246e+10  1.28%   184  656s
 81234 14916     cutoff   29      9.2426e+10 9.1267e+10  1.25%   183  665s
 82877 14896     cutoff   48      9.2426e+10 9.1294e+10  1.23%   182  674s
 84580 14907 9.2272e+10   46  548 9.2426e+10 9.1321e+10  1.20%   181  684s
 86251 14983     cutoff   56      9.2426e+10 9.1350e+10  1.16%   181  696s
 88411 15008     cutoff   49      9.2426e+10 9.1377e+10  1.14%   180  706s
 90033 15003 9.1854e+10   54  608 9.2426e+10 9.1403e+10  1.11%   179  716s
 91672 14993     cutoff   52      9.2426e+10 9.1426e+10  1.08%   178  727s
 93452 15045 9.1972e+10   54  495 9.2426e+10 9.1448e+10  1.06%   177  737s
 94995 15058 9.2361e+10   44  392 9.2426e+10 9.1467e+10  1.04%   177  746s
 96685 15082     cutoff   45      9.2426e+10 9.1488e+10  1.02%   176  755s
 98280 15011 9.2180e+10   46  465 9.2426e+10 9.1498e+10  1.00%   176  765s
 99934 14961 9.2335e+10   50  428 9.2426e+10 9.1531e+10  0.97%   175  775s
 101484 14876     cutoff   48      9.2426e+10 9.1544e+10  0.95%   175  784s
 103087 14814 9.2174e+10   34  535 9.2426e+10 9.1562e+10  0.93%   175  794s
 104780 14741 9.2274e+10   56  279 9.2426e+10 9.1584e+10  0.91%   174  804s
 106612 14633 infeasible   56      9.2426e+10 9.1601e+10  0.89%   173  812s
 108333 14505 9.2100e+10   44  358 9.2426e+10 9.1619e+10  0.87%   173  820s
 109962 14412     cutoff   44      9.2426e+10 9.1634e+10  0.86%   172  830s
H109963 14412                    9.242607e+10 9.1634e+10  0.86%   172  830s
H109970 14412                    9.242607e+10 9.1634e+10  0.86%   172  830s
H110136 14412                    9.242607e+10 9.1635e+10  0.86%   172  830s
 110901 14280     cutoff   44      9.2426e+10 9.1641e+10  0.85%   172  839s
 112420 14152 9.1818e+10   53  547 9.2426e+10 9.1661e+10  0.83%   172  848s
 113926 14018     cutoff   45      9.2426e+10 9.1677e+10  0.81%   172  856s
 115518 13822 9.2092e+10   48  484 9.2426e+10 9.1695e+10  0.79%   171  866s
 117270 13690     cutoff   46      9.2426e+10 9.1714e+10  0.77%   171  875s
 119097 13564 9.2106e+10   44  324 9.2426e+10 9.1732e+10  0.75%   170  885s
 120409 13401 9.1884e+10   53  483 9.2426e+10 9.1745e+10  0.74%   170  895s
 122117 13232 9.1982e+10   51  543 9.2426e+10 9.1762e+10  0.72%   170  905s
 123682 13023     cutoff   41      9.2426e+10 9.1778e+10  0.70%   170  916s
 125482 12799 9.2407e+10   46  364 9.2426e+10 9.1795e+10  0.68%   169  925s
 127134 12482 9.2352e+10   57  394 9.2426e+10 9.1813e+10  0.66%   169  937s
 129036 12170     cutoff   45      9.2426e+10 9.1830e+10  0.64%   169  948s
 130803 11865     cutoff   49      9.2426e+10 9.1851e+10  0.62%   169  958s
 132459 11471     cutoff   56      9.2426e+10 9.1868e+10  0.60%   168  969s
 134394 11120     cutoff   54      9.2426e+10 9.1881e+10  0.59%   168  980s
 135906 10736     cutoff   52      9.2426e+10 9.1910e+10  0.56%   168  990s
 137556 10307 9.2359e+10   55  284 9.2426e+10 9.1927e+10  0.54%   168 1000s
 139288  9852     cutoff   53      9.2426e+10 9.1946e+10  0.52%   167 1010s
 141106  9373 9.2105e+10   37  372 9.2426e+10 9.1965e+10  0.50%   167 1021s
 142936  8802     cutoff   43      9.2426e+10 9.1991e+10  0.47%   167 1032s
 144875  8243     cutoff   52      9.2426e+10 9.2014e+10  0.45%   166 1041s
 146496  7546     cutoff   50      9.2426e+10 9.2032e+10  0.43%   166 1051s
 148440  7081 9.2169e+10   46  377 9.2426e+10 9.2062e+10  0.39%   165 1068s
 149595  6237 9.2337e+10   47  266 9.2426e+10 9.2066e+10  0.39%   165 1078s
 151492  5283 infeasible   55      9.2426e+10 9.2113e+10  0.34%   165 1089s
 153514  4232     cutoff   58      9.2426e+10 9.2141e+10  0.31%   164 1098s
 155515  3150     cutoff   47      9.2426e+10 9.2184e+10  0.26%   163 1106s
 157488  1856 9.2325e+10   45  409 9.2426e+10 9.2226e+10  0.22%   163 1113s
 159531   559     cutoff   47      9.2426e+10 9.2271e+10  0.17%   162 1121s

Cutting planes:
  Gomory: 436
  Cover: 8
  Implied bound: 19
  MIR: 14
  StrongCG: 8
  Flow cover: 24
  Zero half: 64
  Mod-K: 1
  RLT: 39
  Relax-and-lift: 2

Explored 162072 nodes (26078686 simplex iterations) in 1123.30 seconds (1646.59 work units)
Thread count was 16 (of 16 available processors)

Solution count 10: 9.24261e+10 9.24261e+10 9.24261e+10 ... 9.25111e+10

Optimal solution found (tolerance 1.00e-04)
Best objective 9.242606844444e+10, best bound 9.242606574533e+10, gap 0.0000%
