
Gurobi 9.5.0 (linux64) logging started Tue 15 Nov 2022 10:52:33 AM PST

Set parameter LogFile to value "experiments/t_3_theta_0.9/gurobi.1668538352.log"
Set parameter LogToConsole to value 0
Set parameter TimeLimit to value 1800
Set parameter Threads to value 16
Gurobi Optimizer version 9.5.0 build v9.5.0rc5 (linux64)
Thread count: 8 physical cores, 16 logical processors, using up to 16 threads
Optimize a model with 341 rows, 1458 columns and 5334 nonzeros
Model fingerprint: 0xac34da1a
Model has 3450 quadratic objective terms
Model has 225 quadratic constraints
Model has 3 general constraints
Variable types: 90 continuous, 1368 integer (1368 binary)
Coefficient statistics:
  Matrix range     [1e+00, 1e+01]
  QMatrix range    [1e+00, 1e+00]
  QLMatrix range   [1e+00, 1e+00]
  Objective range  [0e+00, 0e+00]
  QObjective range [7e-05, 4e+01]
  Bounds range     [1e+00, 8e+02]
  RHS range        [1e+00, 1e+02]
Presolve added 35 rows and 1307 columns
Presolve time: 0.04s
Presolved: 4999 rows, 5114 columns, 37576 nonzeros
Variable types: 1473 continuous, 3641 integer (3486 binary)

Root relaxation: objective 1.051603e-12, 5412 iterations, 0.29 seconds (0.30 work units)

    Nodes    |    Current Node    |     Objective Bounds      |     Work
 Expl Unexpl |  Obj  Depth IntInf | Incumbent    BestBd   Gap | It/Node Time

     0     0   -0.00000    0 3487          -   -0.00000      -     -    0s
H    0     0                     151.9014428   -0.00000   100%     -    0s
H    0     0                     121.7390783   -0.00000   100%     -    0s
     0     0    0.04363    0 3464  121.73908    0.04363   100%     -    1s
     0     0    0.11373    0 3023  121.73908    0.11373   100%     -    1s
     0     0    0.11377    0 3022  121.73908    0.11377   100%     -    1s
     0     0    0.13367    0 2995  121.73908    0.13367   100%     -    1s
     0     0    0.13370    0 2989  121.73908    0.13370   100%     -    1s
     0     0    0.13925    0 2955  121.73908    0.13925   100%     -    2s
     0     0    0.13976    0 2943  121.73908    0.13976   100%     -    2s
     0     0    0.14239    0 2958  121.73908    0.14239   100%     -    2s
     0     0    0.14239    0 2953  121.73908    0.14239   100%     -    2s
H    0     0                      48.0837316    0.14250   100%     -    3s
H    0     0                      18.4213566    0.14250  99.2%     -    3s
H    0     2                      18.0410375    0.14250  99.2%     -    3s
     0     2    0.14250    0 2944   18.04104    0.14250  99.2%     -    3s
H   33    48                      18.0401483    0.16168  99.1%   752    4s
H   34    48                      18.0338197    0.16168  99.1%   734    4s
H   39    48                       3.4431921    0.16168  95.3%   660    4s
    63    76    0.39510    6 2631    3.44319    0.16168  95.3%   810    7s
H   79    92                       3.3377010    0.16168  95.2%   791   10s
H   79    92                       2.4920900    0.16168  93.5%   791   10s
H   87    92                       2.3102868    0.16168  93.0%   802   10s
H  717   741                       1.8256672    0.16168  91.1%   427   17s
H  724   741                       1.7780256    0.16168  90.9%   424   17s
H  752   741                       1.3671534    0.16168  88.2%   412   17s
H  896   831                       1.2587634    0.16205  87.1%   384   18s
H  973   906                       1.2569398    0.16205  87.1%   374   18s
*  975   906              99       1.2568263    0.16205  87.1%   373   18s
  1342  1195    0.97580   27 1032    1.25683    0.16205  87.1%   321   20s
H 2094  1787                       1.2421012    0.16237  86.9%   231   21s
H 2136  1730                       1.2283795    0.16237  86.8%   227   21s
H 2280  1869                       1.1983541    0.16237  86.5%   218   21s
H 2704  1967                       1.1735019    0.16237  86.2%   197   26s
H 2706  1870                       1.1734496    0.16237  86.2%   197   27s
H 2706  1777                       1.1715532    0.16237  86.1%   197   27s
H 2709  1690                       1.1715009    0.16237  86.1%   197   28s
H 2711  1606                       1.1633710    0.16237  86.0%   197   29s
  2715  1609    1.13683   41 2750    1.16337    0.19859  82.9%   196   30s
H 2717  1529                       1.1570706    0.21003  81.8%   196   31s
H 2721  1455                       1.1539432    0.21294  81.5%   196   33s
H 2722  1382                       1.1524452    0.23998  79.2%   196   34s
  2723  1383    0.78561   12 2806    1.15245    0.24600  78.7%   196   35s
H 2724  1315                       1.1450295    0.31986  72.1%   196   35s
H 2724  1249                       1.1436819    0.32090  71.9%   196   36s
H 2725  1186                       1.1308184    0.32162  71.6%   196   36s
H 2725  1126                       1.1298873    0.32162  71.5%   196   36s
H 2727  1071                       1.1261291    0.32359  71.3%   196   37s
H 2729  1018                       1.1258355    0.33502  70.2%   195   38s
  2732  1020    1.04828  127 2864    1.12584    0.33586  70.2%   195   40s
  2745  1029    1.00725   69 2878    1.12584    0.37670  66.5%   194   45s
H 2747   978                       1.1213463    0.37894  66.2%   194   47s
H 2748   931                       1.1210526    0.37894  66.2%   210   47s
  2751   936    0.49534   16 2373    1.12105    0.37894  66.2%   214   50s
H 2779   919                       1.1188837    0.55815  50.1%   225   53s
H 2792   870                       1.1155145    0.55815  50.0%   232   53s
H 2827   862                       1.1133455    0.57405  48.4%   245   58s
H 2829   821                       1.1076240    0.57405  48.2%   245   58s
  2867   843    1.00962   21 2484    1.10762    0.57405  48.2%   257   60s
H 3163   870                       1.0962903    0.57405  47.6%   275   73s
H 3164   833                       1.0800784    0.57405  46.9%   275   73s
  3294   884     cutoff   21         1.08008    0.61292  43.3%   283   75s
  3690  1041     cutoff   23         1.08008    0.61292  43.3%   295   81s
  3992  1141     cutoff   25         1.08008    0.61292  43.3%   305   85s
H 4055  1104                       1.0793186    0.61292  43.2%   308   89s
  4081  1196    0.94796   41  743    1.07932    0.61292  43.2%   310   90s
  4672  1489    0.96271   25 1453    1.07932    0.61608  42.9%   300   95s
  5255  1823     cutoff   36         1.07932    0.65684  39.1%   299  100s
  5668  2102    0.87076   29 1144    1.07932    0.65684  39.1%   302  105s
  6117  2398    0.74789   21 1772    1.07932    0.68719  36.3%   303  111s
  6452  2580    0.93655   30 1625    1.07932    0.68719  36.3%   306  115s
  6992  2910    0.78149   22 1634    1.07932    0.74789  30.7%   311  121s
  7350  3214    1.04687   30 1039    1.07932    0.75440  30.1%   315  125s
  7603  3362    0.78494   23 1662    1.07932    0.77697  28.0%   314  130s
H 7664  3360                       1.0785397    0.77697  28.0%   316  130s
  7994  3613    1.04443   38 1316    1.07854    0.77697  28.0%   319  135s
  8413  3985    0.92131   30 1265    1.07854    0.78785  27.0%   324  140s
  9022  4567    0.96344   47  790    1.07854    0.78785  27.0%   323  146s
  9772  5186    1.03954   59  634    1.07854    0.78785  27.0%   319  152s
 10153  5343    1.06313   66  454    1.07854    0.79324  26.5%   318  155s
 10708  5747    1.01587   40  876    1.07854    0.80972  24.9%   323  162s
 11078  6005    0.93405   30 1188    1.07854    0.82383  23.6%   322  165s
 11807  6426    0.85925   33  928    1.07854    0.82607  23.4%   323  173s
 12091  6640    1.00456   63  782    1.07854    0.82899  23.1%   327  178s
 12453  6983    0.99124   36  986    1.07854    0.83120  22.9%   329  182s
 12926  6994    0.90300   31  937    1.07854    0.83188  22.9%   328  208s
H12927  6579                       1.0633595    0.83188  21.8%   328  208s
 12947  6823    0.90682   32  942    1.06336    0.83247  21.7%   329  213s
 13343  7031    0.92004   29 1378    1.06336    0.83336  21.6%   329  218s
 13688  7310    1.04816   50  925    1.06336    0.83392  21.6%   333  223s
 14125  7567    0.98285   27 1374    1.06336    0.83741  21.2%   335  228s
H14298  7567                       1.0633595    0.83852  21.1%   335  228s
 14489  8056    0.98609   35  697    1.06336    0.83854  21.1%   338  233s
 15073  8521    0.98062   32  985    1.06336    0.83917  21.1%   337  239s
 15699  8910    0.94750   36  712    1.06336    0.84050  21.0%   337  244s
 16183  9425    0.96999   31 1262    1.06336    0.84188  20.8%   340  250s
 16889  9981    0.94345   35  858    1.06336    0.84269  20.8%   339  255s
 17651 10439    1.01370   36 1080    1.06336    0.84544  20.5%   336  261s
 18383 10988    0.95632   31 1018    1.06336    0.84750  20.3%   334  267s
 19175 11444    1.01863   56  601    1.06336    0.84941  20.1%   331  273s
 19955 11989    0.91849   35  695    1.06336    0.85138  19.9%   330  280s
 20655 12947    1.01849   30 1153    1.06336    0.85235  19.8%   331  287s
 21761 13396    1.03038   31 1224    1.06336    0.85295  19.8%   328  293s
 22440 13859    0.88176   29 1193    1.06336    0.85457  19.6%   328  299s
 23116 14432     cutoff   33         1.06336    0.85585  19.5%   328  306s
 23948 15248    1.02184   49 1014    1.06336    0.85765  19.3%   327  313s
 24901 15932    0.91510   40  949    1.06336    0.85771  19.3%   325  320s
 25852 16551    0.95967   48  813    1.06336    0.85890  19.2%   323  328s
 26689 17128    1.02572   44  923    1.06336    0.86069  19.1%   324  336s
 27585 17376    0.92278   43 1034    1.06336    0.86159  19.0%   324  346s
H27702 17373                       1.0632214    0.86159  19.0%   324  346s
H27707 17373                       1.0632111    0.86159  19.0%   324  346s
H27880 17373                       1.0632111    0.86159  19.0%   325  346s
H27885 17373                       1.0632111    0.86159  19.0%   325  346s
 27919 18160    0.98918   56  920    1.06321    0.86198  18.9%   325  355s
 28969 18853    0.99476   41  992    1.06321    0.86339  18.8%   325  365s
 29970 19732    0.89627   33 1056    1.06321    0.86339  18.8%   325  375s
 31150 20543    0.99824   55  962    1.06321    0.86447  18.7%   325  384s
 32358 21415    0.99326   46  701    1.06321    0.86598  18.6%   324  395s
 33539 22439    0.92063   39 1009    1.06321    0.86689  18.5%   323  406s
 34853 23115    0.91472   33 1151    1.06321    0.86768  18.4%   323  417s
 35972 23960    0.99380   41  904    1.06321    0.86901  18.3%   324  429s
 37375 24791    0.89356   28 1190    1.06321    0.87031  18.1%   323  441s
 38884 26015    0.94117   37  863    1.06321    0.87101  18.1%   322  453s
 40470 27154     cutoff   62         1.06321    0.87138  18.0%   321  466s
 42074 28223    0.90844   29 1160    1.06321    0.87232  18.0%   321  566s
 43695 29140    0.92496   34 1058    1.06321    0.87403  17.8%   321  582s
 45160 30264    0.91271   33 1216    1.06321    0.87511  17.7%   323  601s
 46666 31043    1.02024   54  862    1.06321    0.87570  17.6%   325  620s
 47869 31892    0.96661   44  960    1.06321    0.87679  17.5%   329  640s
 49136 33014    1.04459   44  831    1.06321    0.87755  17.5%   333  662s
 50548 33829    1.05858   62  905    1.06321    0.87803  17.4%   337  689s
 51824 34765    0.91005   30 1170    1.06321    0.87866  17.4%   341  712s
 53236 35678    0.90859   34  868    1.06321    0.87947  17.3%   345  737s
 54725 36431    0.91759   35 1068    1.06321    0.88017  17.2%   348  761s
 56074 37278    0.91481   32 1178    1.06321    0.88078  17.2%   352  786s
 57348 38061    0.99006   33  768    1.06321    0.88143  17.1%   356  812s
 58933 39271     cutoff   49         1.06321    0.88206  17.0%   360  837s
 60576 39410     cutoff   57         1.06321    0.88264  17.0%   363  878s
H60607 39410                       1.0632111    0.88264  17.0%   363  878s
H60608 39410                       1.0632111    0.88264  17.0%   363  878s
H60724 38550                       1.0573810    0.88264  16.5%   363  878s
 60777 39451    0.98979   30 1285    1.05738    0.88268  16.5%   363  905s
 62153 40359    0.94875   41  967    1.05738    0.88343  16.5%   367  933s
H62359 40359                       1.0573810    0.88343  16.5%   367  933s
 63475 41068    0.97589   46  900    1.05738    0.88400  16.4%   372  956s
 64584 42231    0.91275   37  881    1.05738    0.88435  16.4%   375  988s
 66278 43499    0.94754   43 1138    1.05738    0.88513  16.3%   379 1019s
 67987 44855    0.96086   44  944    1.05738    0.88572  16.2%   383 1050s
 69743 46181    0.93309   29 1528    1.05738    0.88596  16.2%   386 1080s
 71456 47175    0.97431   49 1032    1.05738    0.88657  16.2%   389 1109s
 72989 48281    1.03756   49 1102    1.05738    0.88698  16.1%   392 1139s
 74657 49377    1.01400   38  903    1.05738    0.88786  16.0%   395 1168s
 76247 50941    0.93554   34  940    1.05738    0.88850  16.0%   397 1196s
 78418 51272    0.98075   47  980    1.05738    0.88850  16.0%   398 1227s
H78519 50652                       1.0545212    0.88850  15.7%   398 1227s
H78978 50913                       1.0545212    0.88850  15.7%   398 1265s
H79235 50913                       1.0545211    0.88850  15.7%   398 1265s
H79348 50913                       1.0545211    0.88850  15.7%   398 1265s
 79354 52344    0.99287   48  974    1.05452    0.88863  15.7%   398 1296s
 81346 53551    0.96381   43 1042    1.05452    0.88918  15.7%   400 1326s
 83101 54482    1.01053   52  874    1.05452    0.88981  15.6%   401 1357s
 84424 55277    0.99485   35  787    1.05452    0.89032  15.6%   405 1382s
 85640 56306    0.98570   40 1259    1.05452    0.89032  15.6%   408 1413s
 87577 57199    0.95171   40  936    1.05452    0.89053  15.6%   409 1442s
 89124 58239    0.90622   38  862    1.05452    0.89104  15.5%   411 1472s
 90702 59177    0.97273   34 1190    1.05452    0.89164  15.4%   412 1502s
 92110 60127    1.00142   38  910    1.05452    0.89198  15.4%   414 1534s
 93540 61331    0.93936   43  924    1.05452    0.89225  15.4%   417 1564s
 95203 62535    0.92087   41  828    1.05452    0.89281  15.3%   418 1595s
 96932 63568    0.95024   46  909    1.05452    0.89320  15.3%   420 1627s
 98567 64706    1.01574   43  837    1.05452    0.89369  15.3%   421 1659s
 100091 65556    1.04901   54  855    1.05452    0.89402  15.2%   423 1691s
 101404 66893    0.94278   37 1214    1.05452    0.89451  15.2%   426 1723s
 103242 67904    0.92661   40  891    1.05452    0.89485  15.1%   427 1757s
 104848 68762    0.99133   44 1001    1.05452    0.89530  15.1%   428 1787s
 106202 69118    0.97023   39 1220    1.05452    0.89551  15.1%   429 1800s

Cutting planes:
  Gomory: 454
  Implied bound: 12
  MIR: 342
  StrongCG: 26
  Flow cover: 712
  Inf proof: 3
  Zero half: 130
  Mod-K: 4
  RLT: 35
  Relax-and-lift: 1
  BQP: 4

Explored 106689 nodes (45885379 simplex iterations) in 1800.02 seconds (3229.88 work units)
Thread count was 16 (of 16 available processors)

Solution count 10: 1.05452 1.05452 1.05738 ... 1.07854

Time limit reached
Warning: max constraint violation (5.5018e-04) exceeds tolerance
Warning: max general constraint violation (5.5018e-04) exceeds tolerance
Best objective 1.054521173370e+00, best bound 8.955894918702e-01, gap 15.0715%
