
Gurobi 9.5.0 (linux64) logging started Tue 15 Nov 2022 07:20:27 PM PST

Set parameter LogFile to value "experiments/t_4_theta_0.55/gurobi.1668568826.log"
Set parameter LogToConsole to value 0
Set parameter TimeLimit to value 1800
Set parameter Threads to value 16
Gurobi Optimizer version 9.5.0 build v9.5.0rc5 (linux64)
Thread count: 8 physical cores, 16 logical processors, using up to 16 threads
Optimize a model with 342 rows, 1488 columns and 5363 nonzeros
Model fingerprint: 0xaef31afc
Model has 3475 quadratic objective terms
Model has 300 quadratic constraints
Model has 4 general constraints
Variable types: 95 continuous, 1393 integer (1393 binary)
Coefficient statistics:
  Matrix range     [1e+00, 1e+01]
  QMatrix range    [1e+00, 1e+00]
  QLMatrix range   [1e+00, 1e+00]
  Objective range  [0e+00, 0e+00]
  QObjective range [4e-05, 3e+01]
  Bounds range     [1e+00, 8e+02]
  RHS range        [1e+00, 1e+02]
Presolve added 56 rows and 1414 columns
Presolve time: 0.04s
Presolved: 5174 rows, 5340 columns, 39068 nonzeros
Variable types: 1628 continuous, 3712 integer (3527 binary)

Root relaxation: objective 5.684342e-14, 6995 iterations, 0.36 seconds (0.37 work units)

    Nodes    |    Current Node    |     Objective Bounds      |     Work
 Expl Unexpl |  Obj  Depth IntInf | Incumbent    BestBd   Gap | It/Node Time

     0     0   -0.00000    0 3518          -   -0.00000      -     -    0s
     0     0    0.02624    0 3525          -    0.02624      -     -    1s
H    0     0                      47.2289057    0.02624   100%     -    1s
     0     0    0.08936    0 3058   47.22891    0.08936   100%     -    1s
     0     0    0.08942    0 3053   47.22891    0.08942   100%     -    1s
     0     0    0.09708    0 3006   47.22891    0.09708   100%     -    2s
     0     0    0.09716    0 3019   47.22891    0.09716   100%     -    2s
     0     0    0.10786    0 2962   47.22891    0.10786   100%     -    2s
     0     0    0.10870    0 2915   47.22891    0.10870   100%     -    2s
     0     0    0.10907    0 2925   47.22891    0.10907   100%     -    2s
     0     0    0.10907    0 2909   47.22891    0.10907   100%     -    2s
H    0     0                      29.1974871    0.10910   100%     -    3s
     0     2    0.10910    0 2899   29.19749    0.10910   100%     -    3s
H   39    46                      11.3858216    0.21308  98.1%   689    4s
H   40    46                      11.1684159    0.21308  98.1%   672    4s
    55    62    0.45169    7 2189   11.16842    0.21362  98.1%   751    5s
H   87    94                       2.0547222    0.21610  89.5%   614    6s
H   97    94                       2.0534000    0.21610  89.5%   607    6s
H   99    94                       1.9997024    0.21610  89.2%   600    6s
   413   444    1.18503   32 1164    1.99970    0.21610  89.2%   399   10s
H  691   686                       1.5551533    0.21610  86.1%   301   14s
H  729   702                       1.4469549    0.21610  85.1%   297   18s
H  731   702                       1.4100444    0.21610  84.7%   296   18s
  1402  1386    0.23873    7 2503    1.41004    0.22288  84.2%   200   20s
H 2112  1759                       1.3500853    0.22288  83.5%   180   26s
  2119  1763    0.91124   78 2783    1.35009    0.22288  83.5%   179   30s
H 2119  1674                       1.3499950    0.22288  83.5%   179   30s
H 2120  1591                       1.3499631    0.22288  83.5%   179   31s
H 2121  1512                       1.3458806    0.22288  83.4%   179   31s
H 2122  1437                       1.3361352    0.22288  83.3%   179   32s
H 2122  1365                       1.3216159    0.22288  83.1%   179   32s
H 2125  1298                       1.3199311    0.22288  83.1%   179   34s
H 2130  1236                       1.3066552    0.22314  82.9%   178   36s
H 2130  1174                       1.3041757    0.22314  82.9%   178   36s
H 2133  1117                       1.3039944    0.24166  81.5%   178   38s
H 2136  1062                       1.2947369    0.24658  81.0%   178   40s
H 2137  1012                       1.2921878    0.24658  80.9%   194   41s
  2152  1037    0.30213   15 2412    1.29219    0.28112  78.2%   209   46s
H 2168   997                       1.2896387    0.29202  77.4%   224   48s
H 2179   944                       1.2896387    0.29202  77.4%   235   48s
H 2183   897                       1.2882711    0.29202  77.3%   238   48s
  2184   910    0.36433   16 2269    1.28827    0.29202  77.3%   241   50s
  2216   932    0.46460   17 2034    1.28827    0.29202  77.3%   267   58s
H 2218   888                       1.2855610    0.29202  77.3%   268   58s
H 2219   846                       1.2853423    0.29202  77.3%   269   58s
H 2229   803                       1.2488897    0.31834  74.5%   274   58s
  2252   834    0.46536   18 1675    1.24889    0.31834  74.5%   287   60s
H 2270   806                       1.2443114    0.31834  74.4%   298   69s
H 2279   768                       1.2435409    0.31834  74.4%   304   69s
H 2280   733                       1.2433651    0.31834  74.4%   304   69s
H 2284   700                       1.2127832    0.31834  73.8%   309   69s
  2286   723    0.46655   19 1537    1.21278    0.31834  73.8%   311   70s
  2457   856    0.53948   25 1463    1.21278    0.31834  73.8%   340   75s
  2738  1019    0.61371   34 1146    1.21278    0.31834  73.8%   359   80s
  3003  1071    0.70465   47 1118    1.21278    0.31834  73.8%   373   85s
  3219  1250    0.82803   58  931    1.21278    0.31834  73.8%   395   90s
  3677  1451    1.09604   86  757    1.21278    0.31834  73.8%   389   96s
  3971  1680    1.18461  118  525    1.21278    0.31834  73.8%   395  101s
  4224  1889    0.50886   17 2179    1.21278    0.36436  70.0%   396  105s
  4642  2221    0.63467   25 1334    1.21278    0.36436  70.0%   397  111s
  4939  2572    0.83424   34 1447    1.21278    0.36436  70.0%   399  115s
  5382  2799    1.15010   92  790    1.21278    0.36436  70.0%   390  122s
  5426  2976    1.18757   93  822    1.21278    0.36913  69.6%   391  125s
  5831  3273    0.61453   19 2362    1.21278    0.36913  69.6%   388  130s
  6162  3568    0.85422   29 1283    1.21278    0.36913  69.6%   392  136s
  6475  3785    0.46604   20 2090    1.21278    0.39200  67.7%   400  142s
  6595  3921    0.69863   25 1762    1.21278    0.39200  67.7%   407  145s
  6934  4249    0.94837   42 1297    1.21278    0.39200  67.7%   413  152s
  7135  4402     cutoff   54         1.21278    0.40381  66.7%   415  156s
  7340  4573    0.61942   18 2344    1.21278    0.40381  66.7%   418  160s
  7864  5078    0.82269   30 1571    1.21278    0.40381  66.7%   418  167s
  8126  5338     cutoff   40         1.21278    0.40777  66.4%   419  171s
  8463  5392    0.48424   20 1821    1.21278    0.40779  66.4%   416  177s
  8543  5596    0.49610   21 1868    1.21278    0.40779  66.4%   418  182s
  8817  5819    0.64343   32 1853    1.21278    0.40779  66.4%   420  187s
  9074  6079    0.88308   47 1464    1.21278    0.44058  63.7%   422  191s
  9380  6347    0.46255   21 2068    1.21278    0.44058  63.7%   423  196s
  9733  6598    0.60940   27 1994    1.21278    0.44058  63.7%   421  201s
 10052  6818    0.79429   36 2035    1.21278    0.44058  63.7%   422  206s
 10353  7043    0.99958   44 1450    1.21278    0.45742  62.3%   425  211s
 10649  7330    0.47826   20 2118    1.21278    0.45742  62.3%   428  216s
 11005  7619    0.61008   28 1732    1.21278    0.45742  62.3%   428  222s
 11349  7939    1.09563   48 1448    1.21278    0.46493  61.7%   429  227s
 11747  8253    0.74778   34 1763    1.21278    0.46493  61.7%   429  233s
 12171  8529    1.02839   42 1569    1.21278    0.46928  61.3%   428  240s
 12569  8757    0.75023   29 2151    1.21278    0.47161  61.1%   430  246s
 12945  8969    1.09392   39 2150    1.21278    0.47161  61.1%   433  253s
 13216  9290    1.20961   49 1927    1.21278    0.48312  60.2%   438  261s
 13601  9544    0.64651   31 1676    1.21278    0.48606  59.9%   441  269s
 13933  9815    0.84138   42 1623    1.21278    0.48606  59.9%   446  276s
 14282 10193    1.08135   57 1321    1.21278    0.48656  59.9%   450  285s
 14725 10546    0.79455   39 1632    1.21278    0.48899  59.7%   452  294s
 15213 10855    0.76676   33 1606    1.21278    0.49027  59.6%   453  303s
H15300 10855                       1.2127832    0.49027  59.6%   454  303s
 15597 10868     cutoff   54         1.21278    0.49223  59.4%   455  361s
H15610 10868                       1.2127832    0.49223  59.4%   455  361s
 15616 10915    0.52275   19 2150    1.21278    0.49223  59.4%   455  379s
H15670 10915                       1.2127831    0.49223  59.4%   455  379s
 15675 11318    0.52275   20 2151    1.21278    0.49223  59.4%   455  389s
 16195 11747    1.12807   56 1348    1.21278    0.49351  59.3%   457  399s
 16756 12143    0.62061   26 1818    1.21278    0.49351  59.3%   458  409s
 17210 12668    0.84879   38 1522    1.21278    0.49351  59.3%   462  421s
 17847 13222    1.11620   54 1454    1.21278    0.49737  59.0%   462  432s
 18540 13711    0.84313   44 1185    1.21278    0.49744  59.0%   462  443s
 19073 14320    1.12531   68 1080    1.21278    0.49760  59.0%   465  455s
 19804 15151    0.53448   26 1768    1.21278    0.49977  58.8%   465  467s
 20805 15870    0.61386   24 1829    1.21278    0.49977  58.8%   460  483s
 21778 16500    0.57955   25 1518    1.21278    0.50265  58.6%   460  495s
 22593 16976    0.73666   30 1829    1.21278    0.50597  58.3%   459  508s
 23227 17498    1.09506   48 1370    1.21278    0.50934  58.0%   463  523s
 23991 18017    0.65638   26 1716    1.21278    0.51150  57.8%   465  539s
 24702 18667    0.77792   31 1977    1.21278    0.51198  57.8%   469  556s
 25558 19461    0.97464   44 1569    1.21278    0.51309  57.7%   471  574s
 26506 20307    1.09783   46 1435    1.21278    0.51343  57.7%   473  592s
 27666 20950    0.80244   29 1610    1.21278    0.51483  57.5%   471  612s
 28553 21656    0.83086   33 1843    1.21278    0.51871  57.2%   475  632s
 29433 22349    0.71390   28 2088    1.21278    0.51941  57.2%   479  654s
H29790 22349                       1.2127831    0.51941  57.2%   480  654s
H29808 22349                       1.2127831    0.51941  57.2%   480  654s
 30194 23203    1.05164   46 1270    1.21278    0.51949  57.2%   481  677s
 31364 24125     cutoff   42         1.21278    0.52045  57.1%   482  701s
 32596 25024    0.86575   36 1719    1.21278    0.52256  56.9%   483  726s
 33818 25758    0.77900   35 1652    1.21278    0.52489  56.7%   485  752s
 34831 26769    0.63072   32 1806    1.21278    0.52522  56.7%   489  778s
 35962 27617    0.95543   47 1387    1.21278    0.52693  56.6%   493  808s
 37096 28657    0.59107   26 2211    1.21278    0.52784  56.5%   497  839s
 38529 29742    0.77236   36 1581    1.21278    0.53013  56.3%   499  871s
 39989 30817    0.77896   26 1879    1.21278    0.53198  56.1%   501  904s
 41461 30818    0.74346   31 1728    1.21278    0.53422  56.0%   503 1066s
 41467 30822    0.92182   44 2888    1.21278    0.53422  56.0%   503 1071s
 41470 30824    0.73028   35 2862    1.21278    0.53422  56.0%   503 1075s
 41473 30826    0.62039   31 2880    1.21278    0.53422  56.0%   503 1080s
H41475 29285                       1.2127831    0.53422  56.0%   503 1084s
 41477 29287    1.14070   73 2965    1.21278    0.53422  56.0%   503 1087s
 41478 29287    1.01818   48 2871    1.21278    0.53422  56.0%   503 1090s
 41481 29289    0.99905   51 2973    1.21278    0.53422  56.0%   503 1098s
 41483 29291    0.56123   26 3008    1.21278    0.53422  56.0%   503 1102s
 41485 29292    0.74274   34 3020    1.21278    0.53422  56.0%   503 1107s
 41487 29293    0.83061   38 2967    1.21278    0.53422  56.0%   503 1112s
 41489 29295    1.10459   50 2931    1.21278    0.53422  56.0%   502 1117s
 41491 29296    1.08597   47 2859    1.21278    0.53422  56.0%   502 1121s
 41494 29298    0.54745   22 2827    1.21278    0.53422  56.0%   502 1127s
 41496 29299    0.99308   45 2838    1.21278    0.53422  56.0%   502 1131s
 41498 29301    1.07678   43 2833    1.21278    0.53422  56.0%   502 1135s
 41500 29302    1.00317   51 3007    1.21278    0.53422  56.0%   502 1140s
 41502 29303    0.96934   44 2978    1.21278    0.53422  56.0%   502 1145s
 41504 29305    1.13534   78 2831    1.21278    0.53422  56.0%   502 1150s
 41506 29306    1.10445   56 2812    1.21278    0.53422  56.0%   502 1155s
 41508 29307    1.17256   76 2822    1.21278    0.53422  56.0%   502 1160s
 41510 29309    0.54602   24 2815    1.21278    0.53422  56.0%   502 1165s
 41512 29310    0.69286   32 2813    1.21278    0.53422  56.0%   502 1170s
 41514 29311    1.10540   50 2821    1.21278    0.53422  56.0%   502 1176s
 41515 29312    1.19853   43 2800    1.21278    0.53422  56.0%   502 1180s
 41517 29313    0.81255   31 2825    1.21278    0.53422  56.0%   502 1188s
 41518 29314    1.08062   53 2773    1.21278    0.53422  56.0%   502 1190s
 41520 29315    0.83694   36 2771    1.21278    0.53422  56.0%   502 1197s
 41521 29316    0.64326   43 2778    1.21278    0.53422  56.0%   502 1201s
 41523 29317    0.70119   33 2770    1.21278    0.53422  56.0%   502 1210s
 41525 29319    1.19189   73 2784    1.21278    0.53422  56.0%   502 1216s
 41526 29319    0.83552   35 2770    1.21278    0.53422  56.0%   502 1221s
 41527 29320    1.01770   37 2817    1.21278    0.53422  56.0%   502 1225s
 41529 29321    1.21073   79 2774    1.21278    0.53422  56.0%   502 1233s
 41530 29322    1.03135   49 2767    1.21278    0.53422  56.0%   502 1238s
 41531 29323    1.17942   92 2761    1.21278    0.53422  56.0%   502 1242s
 41532 29323    0.96813   52 2764    1.21278    0.53422  56.0%   502 1245s
 41533 29324    0.86474   42 2770    1.21278    0.53422  56.0%   502 1250s
 41534 29325    0.82030   42 2749    1.21278    0.53422  56.0%   502 1257s
 41535 29325    0.61449   30 2769    1.21278    0.53422  56.0%   502 1262s
 41536 29326    0.60269   29 2772    1.21278    0.53422  56.0%   502 1268s
 41537 29327    0.81049   39 2769    1.21278    0.53422  56.0%   502 1272s
 41538 29327    0.86435   41 2811    1.21278    0.53422  56.0%   502 1276s
 41539 29328    0.98345   47 2809    1.21278    0.53422  56.0%   502 1280s
 41541 29329    0.83182   63 2813    1.21278    0.53422  56.0%   502 1287s
 41543 29331    1.11766   60 2804    1.21278    0.53422  56.0%   502 1291s
 41546 29333    0.73629   28 2798    1.21278    0.53422  56.0%   502 1297s
 41548 29334    0.84686   45 2807    1.21278    0.53422  56.0%   502 1302s
 41549 29335    0.86618   40 2813    1.21278    0.53422  56.0%   502 1305s
 41551 29336    0.97721   53 2823    1.21278    0.53422  56.0%   502 1312s
 41552 29337    0.94439   42 2828    1.21278    0.53422  56.0%   502 1315s
 41554 29338    0.67325   32 2836    1.21278    0.53422  56.0%   502 1324s
 41555 29339    1.17188   77 2830    1.21278    0.53422  56.0%   502 1329s
 41556 29339    1.19803   95 2836    1.21278    0.53422  56.0%   502 1331s
 41557 29340    0.92793   41 2827    1.21278    0.53422  56.0%   502 1335s
 41559 29341    0.69228   29 2854    1.21278    0.53422  56.0%   502 1342s
 41560 29342    0.67764   35 2838    1.21278    0.53422  56.0%   502 1346s
 41562 29343    1.12983   60 2859    1.21278    0.53422  56.0%   502 1353s
 41563 29344    1.08146   45 2868    1.21278    0.53422  56.0%   502 1355s
 41564 29345    1.13685   59 2849    1.21278    0.53422  56.0%   502 1361s
 41566 29346    1.08791   57 2870    1.21278    0.53422  56.0%   502 1368s
 41567 29347    0.92182   44 2865    1.21278    0.53422  56.0%   502 1371s
 41569 29348    0.62727   25 2868    1.21278    0.53422  56.0%   502 1379s
 41570 29349    0.73028   35 2859    1.21278    0.53422  56.0%   501 1382s
 41571 29349    0.92407   49 2861    1.21278    0.53422  56.0%   501 1386s
 41573 29351    0.62039   31 2868    1.21278    0.53422  56.0%   501 1391s
 41576 29353    0.89253   39 2869    1.21278    0.53422  56.0%   501 1395s
 41578 29354    1.01818   48 2845    1.21278    0.53422  56.0%   501 1402s
 41579 29355    0.82787   36 2845    1.21278    0.53422  56.0%   501 1408s
H41579 27885                       1.2119912    0.53422  55.9%   501 1411s
 41581 27886    0.99905   51 2843    1.21199    0.53422  55.9%   501 1416s
 41583 27887    0.56123   26 2848    1.21199    0.53422  55.9%   501 1421s
 41585 27889    0.74274   34 2851    1.21199    0.53422  55.9%   501 1428s
 41586 27889    1.17951   55 2839    1.21199    0.53422  55.9%   501 1431s
 41587 27890    0.83061   38 2857    1.21199    0.53422  55.9%   501 1435s
 41589 27891    1.10459   50 2870    1.21199    0.53422  55.9%   501 1440s
 41591 27893    1.08597   47 2857    1.21199    0.53422  55.9%   501 1445s
 41594 27895    0.54745   22 2873    1.21199    0.53422  55.9%   501 1451s
 41596 27896    0.99308   45 2850    1.21199    0.53422  55.9%   501 1455s
 41599 27898    0.91591   34 2867    1.21199    0.53422  55.9%   501 1460s
 41602 27900    0.96934   44 2867    1.21199    0.53422  55.9%   501 1465s
 41605 27902    1.05499   43 2848    1.21199    0.53422  55.9%   501 1471s
 41607 27903    1.08048   52 2848    1.21199    0.53422  55.9%   501 1475s
 41609 27905    0.67203   26 2862    1.21199    0.53422  55.9%   501 1480s
 41611 27906    0.93087   45 2847    1.21199    0.53422  55.9%   501 1486s
 41613 27907    0.81442   30 2854    1.21199    0.53422  55.9%   501 1490s
 41615 27909    1.19853   43 2883    1.21199    0.53422  55.9%   501 1495s
 41618 27911    1.08062   53 2867    1.21199    0.53422  55.9%   501 1501s
 41620 27912    0.83694   36 2845    1.21199    0.53422  55.9%   501 1505s
 41623 27914    0.70119   33 2877    1.21199    0.53422  55.9%   501 1511s
 41625 27915    1.19189   73 2867    1.21199    0.53422  55.9%   501 1516s
 41627 27917    1.01770   37 2846    1.21199    0.53422  55.9%   501 1521s
 41629 27918    1.21073   79 2848    1.21199    0.53422  55.9%   501 1526s
 41631 27919    1.17942   92 2861    1.21199    0.53422  55.9%   501 1532s
 41632 27920    0.96813   52 2858    1.21199    0.53422  55.9%   501 1535s
 41635 27922    0.61449   30 2851    1.21199    0.53422  55.9%   501 1541s
 41638 27924    0.86435   41 2872    1.21199    0.53422  55.9%   501 1545s
 41641 27926    0.83182   63 2869    1.21199    0.53422  55.9%   501 1550s
 41644 27928    0.89883   30 2868    1.21199    0.53422  55.9%   501 1555s
 41647 27930    0.83725   41 2861    1.21199    0.53422  55.9%   501 1562s
 41648 27931    0.84686   45 2858    1.21199    0.53422  55.9%   501 1565s
 41651 27933    0.97721   53 2869    1.21199    0.53422  55.9%   501 1570s
 41654 27935    0.67325   32 2861    1.21199    0.53422  55.9%   500 1575s
 41657 27937    0.92793   41 2864    1.21199    0.53422  55.9%   500 1580s
H41659 26538                       1.2119912    0.53422  55.9%   500 1586s
 41662 26540    1.12983   60 2866    1.21199    0.53422  55.9%   500 1596s
 41663 26541    1.08146   45 2866    1.21199    0.53422  55.9%   500 1607s
 41664 26544    0.53422   26 2641    1.21199    0.53422  55.9%   519 1630s
 41666 26548    0.59327   27 2572    1.21199    0.53422  55.9%   520 1650s
 41670 26554    0.64287   28 2256    1.21199    0.53422  55.9%   521 1676s
 41678 26568    0.76299   29 2656    1.21199    0.53422  55.9%   522 1706s
H41694 25248                       1.2004437    0.55400  53.9%   524 1729s
 41710 25259    0.77394   30 2628    1.20044    0.55400  53.9%   526 1733s
 41726 25270    0.80830   31 2439    1.20044    0.55841  53.5%   527 1736s
 41742 25280    0.81857   31 2305    1.20044    0.55841  53.5%   528 1749s
 41758 25300    0.81925   32 2297    1.20044    0.55847  53.5%   529 1754s
 41783 25316    0.87287   33 2062    1.20044    0.56295  53.1%   530 1759s
 41807 25335    0.85115   33 2065    1.20044    0.56295  53.1%   532 1761s
 41834 25354    0.90919   34 2274    1.20044    0.56295  53.1%   533 1766s
 41899 25386    0.90105   35 2164    1.20044    0.56295  53.1%   534 1774s
 41934 25403    0.89817   35 2089    1.20044    0.56295  53.1%   535 1777s
 41972 25420    0.90131   36 2090    1.20044    0.56295  53.1%   536 1782s
 42015 25423    0.90541   37 2138    1.20044    0.56295  53.1%   537 1787s
 42045 25446    0.91939   37 2084    1.20044    0.56295  53.1%   538 1793s
 42083 25456    0.90636   38 2071    1.20044    0.56295  53.1%   540 1800s

Cutting planes:
  Gomory: 854
  Implied bound: 3
  MIR: 53
  Flow cover: 273
  Zero half: 3
  RLT: 20
  BQP: 14

Explored 42117 nodes (22801657 simplex iterations) in 1800.02 seconds (3641.42 work units)
Thread count was 16 (of 16 available processors)

Solution count 10: 1.20044 1.21199 1.21278 ... 1.28556

Time limit reached
Warning: max constraint violation (8.3585e-04) exceeds tolerance
Warning: max general constraint violation (8.3585e-04) exceeds tolerance
Best objective 1.200443657032e+00, best bound 5.629529275044e-01, gap 53.1046%
