
Gurobi 9.5.0 (linux64) logging started Mon 14 Nov 2022 04:22:00 PM PST

Set parameter LogFile to value "experiments/t_2_theta_0.2/gurobi.1668471719.log"
Set parameter LogToConsole to value 0
Set parameter TimeLimit to value 1800
Set parameter Threads to value 16
Gurobi Optimizer version 9.5.0 build v9.5.0rc5 (linux64)
Thread count: 8 physical cores, 16 logical processors, using up to 16 threads
Optimize a model with 340 rows, 1428 columns and 5305 nonzeros
Model fingerprint: 0x3f061933
Model has 3425 quadratic objective terms
Model has 150 quadratic constraints
Model has 2 general constraints
Variable types: 85 continuous, 1343 integer (1343 binary)
Coefficient statistics:
  Matrix range     [1e+00, 1e+01]
  QMatrix range    [1e+00, 1e+00]
  QLMatrix range   [1e+00, 1e+00]
  Objective range  [0e+00, 0e+00]
  QObjective range [2e-05, 1e+01]
  Bounds range     [1e+00, 8e+02]
  RHS range        [1e+00, 1e+02]
Presolve added 57 rows and 1173 columns
Presolve time: 0.06s
Presolved: 4764 rows, 4797 columns, 36202 nonzeros
Variable types: 1286 continuous, 3511 integer (3415 binary)

Root relaxation: objective -5.542233e-13, 5197 iterations, 0.27 seconds (0.26 work units)

    Nodes    |    Current Node    |     Objective Bounds      |     Work
 Expl Unexpl |  Obj  Depth IntInf | Incumbent    BestBd   Gap | It/Node Time

     0     0   -0.00000    0 3453          -   -0.00000      -     -    0s
     0     0    0.01117    0 3374          -    0.01117      -     -    1s
     0     0    0.01638    0 3339          -    0.01638      -     -    1s
     0     0    0.01654    0 3336          -    0.01654      -     -    1s
     0     0    0.02201    0 3279          -    0.02201      -     -    2s
     0     0    0.02234    0 3271          -    0.02234      -     -    2s
H    0     0                       1.7089511    0.02234  98.7%     -    3s
H    0     0                       1.6941052    0.02234  98.7%     -    3s
     0     0    0.02775    0 3262    1.69411    0.02775  98.4%     -    3s
     0     0    0.02775    0 3256    1.69411    0.02775  98.4%     -    3s
H    0     0                       1.6794420    0.02778  98.3%     -    4s
H    0     0                       1.6752398    0.02778  98.3%     -    4s
     0     2    0.02778    0 3252    1.67524    0.02778  98.3%     -    4s
    15    30    0.03242    4 3130    1.67524    0.03206  98.1%   465    5s
H   32    38                       1.6352135    0.03214  98.0%   394    5s
H   40    38                       1.6151600    0.03214  98.0%   354    5s
    63    64    0.03444    7 3081    1.61516    0.03218  98.0%   461   10s
H   84    80                       1.5608848    0.03218  97.9%   496   11s
H  132   129                       1.5404878    0.03218  97.9%   776   19s
H  132   129                       1.4712245    0.03218  97.8%   776   19s
H  138   129                       1.4443840    0.03218  97.8%   802   19s
   166   168    0.10984   14 2656    1.44438    0.03218  97.8%   858   20s
H  189   187                       1.4356663    0.03218  97.8%   856   22s
H  193   187                       1.4345793    0.03218  97.8%   859   22s
   368   406    0.28292   30 1842    1.43458    0.03218  97.8%   699   25s
H 1099  1117                       1.3818939    0.03218  97.7%   354   30s
H 2230  2058                       1.3755303    0.03229  97.7%   223   36s
H 2232  2058                       1.3721509    0.03229  97.6%   225   36s
H 2233  2057                       1.3666555    0.03229  97.6%   224   36s
  2318  2086    0.20836    9 2745    1.36666    0.03229  97.6%   234   41s
H 2319  2083                       1.3623075    0.03229  97.6%   234   41s
H 2321  2083                       1.3614306    0.03229  97.6%   235   41s
H 2326  2083                       1.3593445    0.03229  97.6%   238   41s
H 2330  2083                       1.3463120    0.03229  97.6%   240   41s
  2453  2230    0.40209   13 2582    1.34631    0.03229  97.6%   280   45s
  2782  2611    0.61914   20 2542    1.34631    0.03229  97.6%   309   50s
H 3383  2982                       1.3206091    0.03229  97.6%   308   63s
H 3385  2830                       1.3156970    0.03229  97.5%   308   65s
H 3387  2689                       1.3136798    0.03229  97.5%   307   66s
H 3389  2555                       1.3130311    0.03229  97.5%   307   67s
H 3390  2428                       1.3115601    0.03229  97.5%   307   67s
H 3394  2310                       1.3087315    0.03754  97.1%   307   69s
H 3394  2194                       1.3087315    0.03754  97.1%   307   69s
H 3395  2084                       1.3011503    0.03966  97.0%   307   70s
H 3396  1981                       1.3011503    0.04212  96.8%   307   71s
H 3398  1882                       1.3004482    0.04251  96.7%   306   72s
H 3401  1790                       1.3001962    0.04868  96.3%   306   74s
H 3402  1701                       1.2964056    0.04875  96.2%   306   75s
H 3405  1617                       1.2964056    0.04900  96.2%   306   77s
H 3409  1539                       1.2947724    0.06626  94.9%   305   79s
  3411  1540    0.33666   11 3114    1.29477    0.06633  94.9%   305   80s
H 3411  1462                       1.2940729    0.06658  94.9%   305   80s
H 3413  1390                       1.2939529    0.06721  94.8%   305   82s
  3417  1393    0.51452   13 3111    1.29395    0.06738  94.8%   305   86s
  3420  1400    0.11269   16 2966    1.29395    0.06738  94.8%   323   91s
  3432  1420    0.11644   18 2729    1.29395    0.08373  93.5%   332   97s
  3448  1431    0.13884   19 2736    1.29395    0.09681  92.5%   348  106s
H 3450  1359                       1.2935404    0.09681  92.5%   351  106s
  3480  1381    0.16456   20 2647    1.29354    0.09985  92.3%   386  112s
H 3496  1326                       1.2931557    0.09985  92.3%   394  124s
H 3500  1260                       1.2810655    0.09985  92.2%   398  124s
H 3502  1200                       1.2699845    0.09985  92.1%   398  124s
  3512  1213    0.21730   21 2496    1.26998    0.09985  92.1%   405  127s
  3529  1227    0.24318   21 2722    1.26998    0.09985  92.1%   414  130s
H 3548  1180                       1.2593585    0.09985  92.1%   424  151s
  3590  1219    0.26342   23 2463    1.25936    0.09985  92.1%   439  157s
  3619  1238    0.40425   23 2558    1.25936    0.09985  92.1%   446  160s
  3680  1278    0.30781   24 2534    1.25936    0.09985  92.1%   461  165s
  3748  1313    0.32299   25 2476    1.25936    0.09985  92.1%   476  170s
  3828  1333    0.42281   27 2457    1.25936    0.09985  92.1%   491  176s
  3872  1337    0.46941   28 2572    1.25936    0.09985  92.1%   498  180s
  3937  1363    0.53259   29 2632    1.25936    0.09985  92.1%   517  188s
  3975  1386    0.62011   30 2664    1.25936    0.09985  92.1%   525  191s
  4018  1400    0.63011   31 2454    1.25936    0.09985  92.1%   532  195s
  4117  1441    0.71187   32 2457    1.25936    0.09985  92.1%   547  203s
  4177  1458    0.77482   33 2562    1.25936    0.09985  92.1%   555  207s
  4232  1472    0.79828   35 2442    1.25936    0.09985  92.1%   563  211s
  4282  1497    0.88404   36 2649    1.25936    0.09985  92.1%   572  215s
  4330  1533    0.91437   37 2706    1.25936    0.09985  92.1%   580  220s
  4390  1561    0.90477   39 2642    1.25936    0.09985  92.1%   589  225s
  4462  1574    0.93246   40 2574    1.25936    0.09985  92.1%   596  230s
  4516  1595    1.02913   42 2549    1.25936    0.09985  92.1%   606  235s
H 4567  1539                       1.2490342    0.09985  92.0%   616  243s
  4586  1586 infeasible   44         1.24903    0.09985  92.0%   620  248s
  4657  1597    1.19713   48 2395    1.24903    0.09985  92.0%   628  253s
  4725  1608     cutoff   51         1.24903    0.09985  92.0%   638  259s
  4804  1623     cutoff   51         1.24903    0.12135  90.3%   647  266s
  4881  1636    0.38939   21 2444    1.24903    0.12135  90.3%   657  272s
  4933  1681    0.47896   23 2322    1.24903    0.12135  90.3%   669  279s
  5003  1731    0.64391   25 2423    1.24903    0.12135  90.3%   680  285s
  5094  1798    0.80389   29 2416    1.24903    0.12135  90.3%   686  291s
  5223  1848    1.13370   39 2527    1.24903    0.12135  90.3%   690  297s
  5343  1880    1.18646   46 1956    1.24903    0.12135  90.3%   695  303s
  5480  1896    1.23878   56 1674    1.24903    0.13092  89.5%   699  312s
  5570  1917    0.35506   21 2361    1.24903    0.13092  89.5%   711  320s
  5661  1977    0.52154   25 2382    1.24903    0.13092  89.5%   721  327s
  5775  2036    0.75509   29 2349    1.24903    0.13092  89.5%   729  335s
  5903  2041    0.88434   33 2469    1.24903    0.13092  89.5%   735  355s
  5984  2145    1.06290   37 2435    1.24903    0.13092  89.5%   740  365s
  6149  2199    1.21791   50 2131    1.24903    0.13939  88.8%   744  375s
  6323  2249    0.23123   21 2594    1.24903    0.13939  88.8%   747  386s
  6465  2323    0.59912   26 2607    1.24903    0.13939  88.8%   754  396s
  6634  2421    0.77659   31 2707    1.24903    0.13939  88.8%   759  407s
  6836  2474    1.17166   41 2493    1.24903    0.13939  88.8%   764  419s
  6959  2559 infeasible   48         1.24903    0.15807  87.3%   774  433s
  7075  2623    0.49200   25 2529    1.24903    0.15807  87.3%   786  447s
  7183  2697    0.79070   31 2534    1.24903    0.15807  87.3%   800  462s
  7299  2768    1.14354   37 2498    1.24903    0.15807  87.3%   813  475s
  7450  2837     cutoff   41         1.24903    0.21561  82.7%   823  491s
  7582  2906    0.51953   24 2719    1.24903    0.21561  82.7%   838  506s
H 7584  2906                       1.2490342    0.21561  82.7%   838  506s
H 7609  2842                       1.2422013    0.21561  82.6%   839  506s
  7676  2947    0.59112   26 2727    1.24220    0.21561  82.6%   844  521s
H 7860  3037                       1.2417297    0.21561  82.6%   852  537s
H 7893  3037                       1.2414432    0.23620  81.0%   855  537s
  8029  3170    0.45899   25 2291    1.24144    0.23620  81.0%   859  553s
  8237  3279    0.98739   31 2453    1.24144    0.24825  80.0%   867  570s
H 8451  3374                       1.2412243    0.24825  80.0%   874  589s
H 8483  3352                       1.2386003    0.24825  80.0%   875  589s
  8624  3425    1.01027   33 2411    1.23860    0.25402  79.5%   883  608s
  8816  3487    0.58117   24 2689    1.23860    0.25402  79.5%   893  627s
H 8821  3487                       1.2386003    0.25402  79.5%   894  627s
H 8821  3484                       1.2384346    0.25402  79.5%   894  627s
H 8864  3466                       1.2371336    0.25402  79.5%   896  627s
  8929  3579    0.89214   29 2699    1.23713    0.25402  79.5%   900  649s
  9125  3652     cutoff   35         1.23713    0.26589  78.5%   910  671s
  9301  3787    0.55377   26 2397    1.23713    0.26589  78.5%   922  694s
  9498  4014    0.82051   32 2411    1.23713    0.26589  78.5%   934  716s
  9751  4156    0.98075   36 2406    1.23713    0.26589  78.5%   942  736s
H10008  4310                       1.2367025    0.26589  78.5%   952  758s
H10026  4307                       1.2362756    0.26589  78.5%   952  758s
H10104  4299                       1.2359067    0.26589  78.5%   956  758s
 10320  4428    1.17251   53 1729    1.23591    0.27943  77.4%   954  783s
H10378  4417                       1.2352913    0.27943  77.4%   953  783s
H10472  4407                       1.2346760    0.27943  77.4%   960  783s
 10542  4529    0.56238   27 2202    1.23468    0.28976  76.5%   965  811s
 10777  4657    0.36623   23 2381    1.23468    0.29845  75.8%   977  842s
H10828  4657                       1.2346760    0.29845  75.8%   982  842s
 10937  4829    0.39556   24 2320    1.23468    0.29845  75.8%   991  873s
 11163  4957    0.81625   26 2202    1.23468    0.29845  75.8%  1004  905s
H11447  4950                       1.2328002    0.29845  75.8%  1013  950s
H11449  4948                       1.2326191    0.30092  75.6%  1013  950s
H11450  4841                       1.2269897    0.30092  75.5%  1013  950s
 11500  4979    0.41755   25 2418    1.22699    0.30092  75.5%  1017  984s
H11756  4979                       1.2269897    0.30092  75.5%  1024  984s
 11802  5022    1.15949   38 2127    1.22699    0.30092  75.5%  1026 1055s
 11877  5153    1.22634   41 2134    1.22699    0.30256  75.3%  1030 1090s
 12136  5346    0.91398   30 2196    1.22699    0.31355  74.4%  1038 1127s
 12489  5544    0.53071   23 2261    1.22699    0.32002  73.9%  1046 1166s
 12858  5717    0.60057   25 2221    1.22699    0.32362  73.6%  1055 1205s
 13154  5874    0.48221   24 2720    1.22699    0.32798  73.3%  1067 1247s
 13530  6051    0.82200   27 2328    1.22699    0.33169  73.0%  1075 1293s
 13877  6338    0.53789   26 2385    1.22699    0.33169  73.0%  1087 1338s
H14259  6325                       1.2251758    0.33169  72.9%  1094 1668s
H14269  6325                       1.2251758    0.33169  72.9%  1094 1668s
H14273  6325                       1.2251758    0.33169  72.9%  1094 1668s
H14274  6325                       1.2251758    0.33169  72.9%  1094 1668s
 14276  6589    0.89556   33 2579    1.22518    0.33169  72.9%  1094 1716s
 14722  6798     cutoff   47         1.22518    0.34481  71.9%  1102 1771s
 15145  6900    0.75530   30 2449    1.22518    0.34919  71.5%  1112 1800s

Cutting planes:
  Gomory: 888
  Implied bound: 1
  MIR: 65
  StrongCG: 10
  Flow cover: 142
  Inf proof: 2
  Zero half: 22
  Mod-K: 1
  RLT: 74

Explored 15410 nodes (17193645 simplex iterations) in 1800.02 seconds (2898.79 work units)
Thread count was 16 (of 16 available processors)

Solution count 10: 1.22518 1.22518 1.22518 ... 1.23468

Time limit reached
Warning: max constraint violation (2.1621e-04) exceeds tolerance
Warning: max general constraint violation (2.1621e-04) exceeds tolerance
Best objective 1.225175759166e+00, best bound 3.491942420380e-01, gap 71.4984%
