
Gurobi 9.5.0 (linux64) logging started Mon 14 Nov 2022 03:57:17 AM PST

Set parameter LogFile to value "experiments/t_4_theta_1.0/gurobi.1668427036.log"
Set parameter LogToConsole to value 0
Set parameter TimeLimit to value 1800
Set parameter Threads to value 16
Gurobi Optimizer version 9.5.0 build v9.5.0rc5 (linux64)
Thread count: 8 physical cores, 16 logical processors, using up to 16 threads
Optimize a model with 342 rows, 1488 columns and 5363 nonzeros
Model fingerprint: 0xc88e6777
Model has 3375 quadratic objective terms
Model has 300 quadratic constraints
Model has 4 general constraints
Variable types: 95 continuous, 1393 integer (1393 binary)
Coefficient statistics:
  Matrix range     [1e+00, 1e+01]
  QMatrix range    [1e+00, 1e+00]
  QLMatrix range   [1e+00, 1e+00]
  Objective range  [0e+00, 0e+00]
  QObjective range [7e+06, 4e+12]
  Bounds range     [1e+00, 8e+02]
  RHS range        [1e+00, 1e+02]
Warning: Model contains large quadratic objective coefficients
         Consider reformulating model or setting NumericFocus parameter
         to avoid numerical issues.
Presolve added 52 rows and 1410 columns
Presolve time: 0.03s
Presolved: 5070 rows, 5236 columns, 37364 nonzeros
Variable types: 1524 continuous, 3712 integer (3527 binary)

Root relaxation: objective 0.000000e+00, 8235 iterations, 0.38 seconds (0.30 work units)

    Nodes    |    Current Node    |     Objective Bounds      |     Work
 Expl Unexpl |  Obj  Depth IntInf | Incumbent    BestBd   Gap | It/Node Time

     0     0   -0.05078    0 3489          -   -0.05078      -     -    1s
     0     0 4.2355e+09    0 3491          - 4.2355e+09      -     -    1s
     0     0 1.0735e+10    0 3047          - 1.0735e+10      -     -    2s
     0     0 1.0737e+10    0 3031          - 1.0737e+10      -     -    2s
     0     0 1.2496e+10    0 2894          - 1.2496e+10      -     -    2s
     0     0 1.2506e+10    0 2893          - 1.2506e+10      -     -    2s
     0     0 1.3677e+10    0 2867          - 1.3677e+10      -     -    2s
     0     0 1.3751e+10    0 2858          - 1.3751e+10      -     -    2s
     0     0 1.4664e+10    0 2883          - 1.4664e+10      -     -    3s
H    0     0                    1.864721e+13 1.4664e+10   100%     -    3s
     0     0 1.4664e+10    0 2873 1.8647e+13 1.4664e+10   100%     -    3s
H    0     0                    1.096667e+13 1.4673e+10   100%     -    3s
H    0     0                    9.440083e+12 1.4673e+10   100%     -    3s
     0     2 1.4673e+10    0 2873 9.4401e+12 1.4673e+10   100%     -    3s
    27    36 3.3249e+10    5 2683 9.4401e+12 3.2812e+10   100%   730    6s
H   39    36                    6.421864e+12 3.2812e+10  99.5%   559    6s
H   75    84                    6.406751e+12 3.3204e+10  99.5%   422    7s
H   75    84                    3.361922e+12 3.3204e+10  99.0%   422    7s
H   76    84                    2.816931e+11 3.3204e+10  88.2%   428    7s
H   80    84                    2.583722e+11 3.3204e+10  87.1%   417    7s
H  135   140                    2.575904e+11 3.3214e+10  87.1%   413    8s
H  138   140                    2.554872e+11 3.3214e+10  87.0%   434    8s
H  139   140                    2.551476e+11 3.3214e+10  87.0%   444    8s
H  147   140                    2.522627e+11 3.3214e+10  86.8%   460    8s
H  190   194                    1.675206e+11 3.3214e+10  80.2%   554   11s
H  191   194                    1.644016e+11 3.3214e+10  79.8%   556   11s
   414   435 7.9844e+10   17 1725 1.6440e+11 3.3214e+10  79.8%   669   15s
   723   701 1.0141e+11   29  653 1.6440e+11 3.3214e+10  79.8%   644   20s
H  726   701                    1.285655e+11 3.3214e+10  74.2%   643   20s
H  737   701                    1.215378e+11 3.3214e+10  72.7%   640   20s
H  757   701                    1.190300e+11 3.3214e+10  72.1%   652   20s
H 1080  1013                    1.136045e+11 3.3214e+10  70.8%   584   23s
H 1340  1023                    1.132888e+11 3.3240e+10  70.7%   515   25s
H 1341   945                    9.343303e+10 3.3240e+10  64.4%   515   25s
  1841   972 9.1544e+10   15 1257 9.3433e+10 3.3240e+10  64.4%   501   30s
  2056   996 6.6472e+10   11 1737 9.3433e+10 3.3240e+10  64.4%   490   38s
  2059   998 7.2297e+10   11 2821 9.3433e+10 3.3240e+10  64.4%   489   40s
  2078  1011 7.7473e+10   13 2672 9.3433e+10 3.3240e+10  64.4%   485   46s
H 2084   963                    9.318081e+10 3.7996e+10  59.2%   483   48s
  2089   966 8.2508e+10   15 2681 9.3181e+10 4.0172e+10  56.9%   482   50s
  2153  1006 7.8306e+10   16 2053 9.3181e+10 5.7072e+10  38.8%   524   55s
H 2176   955                    9.318081e+10 5.7072e+10  38.8%   527   56s
H 2180   908                    9.299481e+10 5.7072e+10  38.6%   529   56s
H 2184   862                    9.242607e+10 5.7072e+10  38.3%   529   56s
H 2222   819                    9.242607e+10 5.7238e+10  38.1%   537   59s
H 2231   776                    9.242607e+10 5.7238e+10  38.1%   537   59s
  2241   780 6.5936e+10   17 1998 9.2426e+10 5.7238e+10  38.1%   537   60s
H 2421   741                    9.242607e+10 5.7238e+10  38.1%   554   68s
H 2445   697                    9.242607e+10 5.7238e+10  38.1%   556   68s
  2491   730 9.2142e+10   38 1105 9.2426e+10 5.7238e+10  38.1%   556   70s
  2626   730     cutoff   29      9.2426e+10 5.7238e+10  38.1%   564   76s
H 2627   696                    9.242607e+10 5.7238e+10  38.1%   564   76s
  2823   696 8.0480e+10   20 1518 9.2426e+10 6.8506e+10  25.9%   571   80s
  3121   741 9.1014e+10   26 1098 9.2426e+10 6.8506e+10  25.9%   567   85s
  3605   787     cutoff   21      9.2426e+10 6.9613e+10  24.7%   539   90s
  4136   913 7.9540e+10   20 1508 9.2426e+10 7.5926e+10  17.9%   513   95s
  4842  1253 9.1221e+10   37  723 9.2426e+10 7.6035e+10  17.7%   480  100s
  5458  1444     cutoff   30      9.2426e+10 8.3742e+10  9.40%   459  105s
  6259  1752 8.8604e+10   33  832 9.2426e+10 8.5989e+10  6.96%   430  110s
  6889  1893 9.1762e+10   25 1089 9.2426e+10 8.6227e+10  6.71%   411  118s
  6990  2031 9.0837e+10   22 1234 9.2426e+10 8.6491e+10  6.42%   410  120s
  7788  2334 8.9911e+10   35  781 9.2426e+10 8.7011e+10  5.86%   387  125s
  8564  2558 9.0728e+10   31  938 9.2426e+10 8.7447e+10  5.39%   371  130s
  9283  2916 9.1387e+10   27 1052 9.2426e+10 8.7720e+10  5.09%   358  135s
 10250  3168 9.0036e+10   21 1226 9.2426e+10 8.7921e+10  4.87%   343  141s
 11261  3475 9.2226e+10   41  797 9.2426e+10 8.8216e+10  4.56%   330  147s
 11852  3585 8.9818e+10   32 1011 9.2426e+10 8.8321e+10  4.44%   323  150s
 13140  3950 9.0243e+10   38  558 9.2426e+10 8.8597e+10  4.14%   308  157s
 13937  4126     cutoff   32      9.2426e+10 8.8717e+10  4.01%   299  161s
 15651  4606 9.2192e+10   31  950 9.2426e+10 8.8996e+10  3.71%   282  168s
 16559  4603     cutoff   44      9.2426e+10 8.9073e+10  3.63%   274  174s
H16584  4603                    9.242607e+10 8.9103e+10  3.60%   274  174s
H16587  4603                    9.242607e+10 8.9103e+10  3.60%   274  174s
 16615  4635 9.1630e+10   29  805 9.2426e+10 8.9103e+10  3.60%   274  181s
H16748  4635                    9.242607e+10 8.9103e+10  3.60%   273  181s
 16765  4870 9.1221e+10   29  808 9.2426e+10 8.9103e+10  3.60%   273  185s
 18603  5261 9.1612e+10   38  399 9.2426e+10 8.9310e+10  3.37%   260  193s
 19639  5413 9.2084e+10   40  762 9.2426e+10 8.9418e+10  3.25%   254  197s
 20635  5677 9.1529e+10   47  547 9.2426e+10 8.9478e+10  3.19%   249  203s
 22064  5838 9.2261e+10   34 1078 9.2426e+10 8.9618e+10  3.04%   242  205s
 23795  6155 9.0934e+10   32  397 9.2426e+10 8.9738e+10  2.91%   234  211s
 24685  6376     cutoff   29      9.2426e+10 8.9807e+10  2.83%   230  215s
 26396  6674 9.2401e+10   41  267 9.2426e+10 8.9894e+10  2.74%   225  223s
 27451  6883 9.1709e+10   33 1077 9.2426e+10 8.9981e+10  2.65%   222  227s
 28550  7084 9.1028e+10   37  502 9.2426e+10 9.0041e+10  2.58%   218  232s
 29783  7200 9.0728e+10   36  783 9.2426e+10 9.0092e+10  2.53%   214  238s
 30912  7329 9.2245e+10   42  458 9.2426e+10 9.0147e+10  2.47%   211  243s
 32160  7525 9.1912e+10   37  582 9.2426e+10 9.0230e+10  2.38%   208  249s
 33531  7667     cutoff   32      9.2426e+10 9.0287e+10  2.31%   205  256s
 35065  7788     cutoff   40      9.2426e+10 9.0366e+10  2.23%   200  261s
 36461  7928 9.1296e+10   37  307 9.2426e+10 9.0420e+10  2.17%   197  266s
 37931  8071 9.2131e+10   38  695 9.2426e+10 9.0495e+10  2.09%   194  271s
 39496  8205     cutoff   47      9.2426e+10 9.0559e+10  2.02%   191  278s
 41151  8340 9.1342e+10   35  589 9.2426e+10 9.0610e+10  1.97%   188  288s
 43823  8404 9.2146e+10   43  418 9.2426e+10 9.0707e+10  1.86%   184  294s
 45472  8415     cutoff   30      9.2426e+10 9.0767e+10  1.80%   181  298s
 47099  8378 infeasible   34      9.2426e+10 9.0839e+10  1.72%   179  311s
H47633  8378                    9.242606e+10 9.0841e+10  1.72%   178  311s
 48675  8384 9.1600e+10   33  562 9.2426e+10 9.0868e+10  1.69%   176  322s
 49367  8357     cutoff   34      9.2426e+10 9.0875e+10  1.68%   175  329s
 51745  8278 9.2006e+10   33  495 9.2426e+10 9.0987e+10  1.56%   172  336s
 54068  8228 9.2333e+10   32  891 9.2426e+10 9.1045e+10  1.49%   169  344s
 56340  8086 9.2415e+10   47  288 9.2426e+10 9.1115e+10  1.42%   165  351s
 58443  8044     cutoff   34      9.2426e+10 9.1161e+10  1.37%   163  356s
 60412  7869 9.2114e+10   46  203 9.2426e+10 9.1224e+10  1.30%   160  361s
 62282  7711     cutoff   36      9.2426e+10 9.1272e+10  1.25%   158  366s
 64266  7479 9.2014e+10   42  465 9.2426e+10 9.1327e+10  1.19%   156  371s
 65946  7204     cutoff   29      9.2426e+10 9.1382e+10  1.13%   155  376s
 67760  6839     cutoff   40      9.2426e+10 9.1429e+10  1.08%   153  381s
 69792  6402 9.2251e+10   41  389 9.2426e+10 9.1495e+10  1.01%   151  387s
 71931  5928     cutoff   52      9.2426e+10 9.1569e+10  0.93%   149  392s
 74084  5444     cutoff   49      9.2426e+10 9.1645e+10  0.85%   146  397s
 75983  4842 9.2255e+10   42  398 9.2426e+10 9.1710e+10  0.77%   144  401s
 78092  4185 9.2244e+10   43  552 9.2426e+10 9.1799e+10  0.68%   142  405s
 82030  2442 9.2107e+10   52  250 9.2426e+10 9.1955e+10  0.51%   138  412s
 83982  1402     cutoff   38      9.2426e+10 9.2046e+10  0.41%   136  415s

Cutting planes:
  Gomory: 377
  Cover: 6
  Implied bound: 2
  MIR: 7
  StrongCG: 8
  Flow cover: 4
  Zero half: 50
  RLT: 29
  BQP: 1

Explored 87732 nodes (11635896 simplex iterations) in 418.86 seconds (609.59 work units)
Thread count was 16 (of 16 available processors)

Solution count 10: 9.24261e+10 9.24261e+10 9.24261e+10 ... 9.31808e+10

Optimal solution found (tolerance 1.00e-04)
Best objective 9.242606813693e+10, best bound 9.242606465527e+10, gap 0.0000%
