
Gurobi 9.5.0 (linux64) logging started Tue 15 Nov 2022 06:22:10 AM PST

Set parameter LogFile to value "experiments/t_3_theta_0.45/gurobi.1668522129.log"
Set parameter LogToConsole to value 0
Set parameter TimeLimit to value 1800
Set parameter Threads to value 16
Gurobi Optimizer version 9.5.0 build v9.5.0rc5 (linux64)
Thread count: 8 physical cores, 16 logical processors, using up to 16 threads
Optimize a model with 341 rows, 1458 columns and 5334 nonzeros
Model fingerprint: 0x4e574eae
Model has 3450 quadratic objective terms
Model has 225 quadratic constraints
Model has 3 general constraints
Variable types: 90 continuous, 1368 integer (1368 binary)
Coefficient statistics:
  Matrix range     [1e+00, 1e+01]
  QMatrix range    [1e+00, 1e+00]
  QLMatrix range   [1e+00, 1e+00]
  Objective range  [0e+00, 0e+00]
  QObjective range [3e-05, 2e+01]
  Bounds range     [1e+00, 8e+02]
  RHS range        [1e+00, 1e+02]
Presolve added 35 rows and 1307 columns
Presolve time: 0.05s
Presolved: 4999 rows, 5114 columns, 37576 nonzeros
Variable types: 1473 continuous, 3641 integer (3486 binary)

Root relaxation: objective 5.258016e-13, 5412 iterations, 0.31 seconds (0.30 work units)

    Nodes    |    Current Node    |     Objective Bounds      |     Work
 Expl Unexpl |  Obj  Depth IntInf | Incumbent    BestBd   Gap | It/Node Time

     0     0   -0.00000    0 3487          -   -0.00000      -     -    0s
H    0     0                      77.0454735   -0.00000   100%     -    0s
H    0     0                      61.9642913   -0.00000   100%     -    0s
     0     0    0.02182    0 3462   61.96429    0.02182   100%     -    1s
     0     0    0.08121    0 3129   61.96429    0.08121   100%     -    1s
     0     0    0.08123    0 3119   61.96429    0.08123   100%     -    1s
     0     0    0.09001    0 3058   61.96429    0.09001   100%     -    2s
     0     0    0.09008    0 3067   61.96429    0.09008   100%     -    2s
     0     0    0.09336    0 2991   61.96429    0.09336   100%     -    2s
     0     0    0.09371    0 2990   61.96429    0.09371   100%     -    2s
H    0     0                       1.6433561    0.09371  94.3%     -    2s
H    0     0                       1.6222282    0.09371  94.2%     -    2s
     0     0    0.09533    0 2999    1.62223    0.09533  94.1%     -    2s
     0     0    0.09533    0 2993    1.62223    0.09533  94.1%     -    3s
     0     2    0.09537    0 2978    1.62223    0.09537  94.1%     -    3s
    31    48    0.21272    5 2842    1.62223    0.10463  93.5%   646    5s
    79    88    0.22785    6 2526    1.62223    0.10463  93.5%   970   10s
   341   361    0.45771   21 1347    1.62223    0.10463  93.5%   700   15s
  2042  1970    1.05963  119   42    1.62223    0.10463  93.5%   224   20s
H 2348  2247                       1.5728850    0.10463  93.3%   211   20s
H 2710  2396                       1.4853688    0.10545  92.9%   215   26s
H 2711  2393                       1.4734756    0.10545  92.8%   215   26s
H 2713  2339                       1.4004172    0.10545  92.5%   216   26s
H 2714  2319                       1.3702267    0.10545  92.3%   216   26s
H 2718  2319                       1.3657043    0.10545  92.3%   216   26s
H 2720  2294                       1.3391744    0.10545  92.1%   217   26s
H 2726  2280                       1.3204007    0.10545  92.0%   217   30s
H 2727  2274                       1.3110718    0.10545  92.0%   217   30s
H 2728  2264                       1.2898239    0.10545  91.8%   218   30s
H 2732  2232                       1.2794873    0.10545  91.8%   217   30s
H 2742  2220                       1.2575905    0.10545  91.6%   218   30s
  3350  2774    1.12161   42 1187    1.25759    0.10545  91.6%   239   35s
  3426  2775    0.77968   58 1706    1.25759    0.10545  91.6%   244   43s
  3430  2778    0.85727   38 2960    1.25759    0.10545  91.6%   243   45s
  3439  2784    0.31449    9 2843    1.25759    0.18020  85.7%   243   51s
H 3439  2644                       1.2566869    0.18020  85.7%   243   51s
  3443  2646    0.47517   32 2884    1.25669    0.19485  84.5%   242   55s
  3450  2651    0.68495   29 2798    1.25669    0.20003  84.1%   242   60s
  3457  2656    0.51475   15 2777    1.25669    0.20336  83.8%   241   65s
  3462  2659    0.90431   42 2798    1.25669    0.20418  83.8%   241   70s
  3468  2663    0.70292   28 2794    1.25669    0.20468  83.7%   241   75s
  3472  2666    1.05005   34 2898    1.25669    0.20600  83.6%   240   80s
  3476  2668    0.20904    6 2893    1.25669    0.20904  83.4%   240   85s
  3480  2671    0.48147   39 2938    1.25669    0.21072  83.2%   240   90s
  3486  2675    1.16660  139 2746    1.25669    0.21379  83.0%   239   95s
  3491  2678    0.78252   54 2881    1.25669    0.21901  82.6%   239  100s
  3497  2682    0.86306   99 2771    1.25669    0.22020  82.5%   239  105s
  3504  2687    0.22056    7 2795    1.25669    0.22056  82.4%   238  110s
  3513  2694    0.59750   54 2753    1.25669    0.22063  82.4%   276  115s
  3518  2697    0.72915   22 2786    1.25669    0.22063  82.4%   276  120s
H 3518  2562                       1.2533777    0.22063  82.4%   276  122s
  3523  2566    0.22575    7 2681    1.25338    0.22575  82.0%   276  125s
H 3523  2437                       1.2530265    0.22610  82.0%   276  126s
  3528  2440    0.97206   45 2699    1.25303    0.22694  81.9%   275  130s
H 3530  2319                       1.2520513    0.22720  81.9%   275  132s
H 3533  2204                       1.2503456    0.22752  81.8%   275  134s
  3534  2205    1.18375   95 2710    1.25035    0.22758  81.8%   275  135s
  3540  2209    0.59881   21 2706    1.25035    0.22815  81.8%   274  140s
  3549  2215    0.63207   70 2691    1.25035    0.22939  81.7%   274  145s
  3555  2219    0.69049   43 2698    1.25035    0.22942  81.7%   273  151s
  3558  2226    0.23601   27 2916    1.25035    0.23303  81.4%   295  155s
  3570  2238    0.24257   29 2762    1.25035    0.24200  80.6%   303  160s
  3582  2246    0.31494   30 2547    1.25035    0.24260  80.6%   315  167s
  3598  2257    0.35797   31 2473    1.25035    0.24715  80.2%   331  170s
  3630  2278    0.42590   33 2637    1.25035    0.31271  75.0%   351  178s
H 3636  2164                       1.2489611    0.31494  74.8%   355  178s
  3646  2182    0.51589   34 2636    1.24896    0.31494  74.8%   359  180s
  3667  2191    0.58368   35 2342    1.24896    0.31494  74.8%   367  189s
H 3673  2083                       1.2489611    0.31494  74.8%   370  189s
  3683  2104    0.64765   36 2119    1.24896    0.31494  74.8%   372  191s
  3733  2137    0.76467   39 2004    1.24896    0.31494  74.8%   384  195s
  3794  2181    0.83799   42 1876    1.24896    0.31494  74.8%   395  200s
  3917  2278    0.89765   53 1359    1.24896    0.31494  74.8%   406  205s
  4084  2373    1.04492   67  642    1.24896    0.31494  74.8%   418  210s
  4246  2501    0.47448   32 2305    1.24896    0.31781  74.6%   430  216s
  4425  2516    0.54162   34 2466    1.24896    0.31781  74.6%   431  220s
  4543  2521    0.64583   39 2184    1.24896    0.31781  74.6%   442  226s
  4623  2571    0.92280   44 1753    1.24896    0.31781  74.6%   460  232s
  4666  2608    0.92522   45 1758    1.24896    0.31781  74.6%   468  235s
  4775  2719    1.19085   53 1393    1.24896    0.31781  74.6%   481  241s
  4973  2770    0.40105   32 2403    1.24896    0.35989  71.2%   486  255s
H 4990  2664                       1.2489611    0.35989  71.2%   487  255s
  5127  2800    0.45583   34 2250    1.24896    0.35989  71.2%   491  262s
  5246  2842    0.51975   36 2218    1.24896    0.35989  71.2%   495  265s
  5470  2902    0.59621   40 2078    1.24896    0.35989  71.2%   502  273s
  5561  2950    0.68321   43 1752    1.24896    0.35989  71.2%   509  277s
  5642  3000    0.75472   48 1579    1.24896    0.35989  71.2%   517  282s
  5737  3065    0.91331   57 1319    1.24896    0.35989  71.2%   524  286s
  5839  3139     cutoff   80         1.24896    0.36372  70.9%   530  290s
  5969  3202    0.47953   34 1996    1.24896    0.36372  70.9%   536  295s
  6124  3240    0.52709   37 1892    1.24896    0.36372  70.9%   539  301s
  6228  3330    0.64752   40 1750    1.24896    0.36372  70.9%   547  305s
  6355  3328    0.76901   45 1389    1.24896    0.36372  70.9%   554  313s
H 6370  3228                       1.2489611    0.36372  70.9%   555  313s
H 6382  3133                       1.2489611    0.36372  70.9%   555  313s
H 6383  3045                       1.2489611    0.36372  70.9%   556  313s
  6397  3179    0.80846   46 1383    1.24896    0.36372  70.9%   556  318s
  6580  3246    1.01942   58  947    1.24896    0.37240  70.2%   559  324s
  6753  3313    0.45889   33 2290    1.24896    0.37240  70.2%   565  330s
  6902  3342    0.52448   35 2199    1.24896    0.37240  70.2%   572  337s
  7047  3354    0.61658   38 2114    1.24896    0.37240  70.2%   580  344s
  7140  3393    0.84518   43 2270    1.24896    0.37240  70.2%   590  351s
  7221  3458    0.90909   45 2107    1.24896    0.37240  70.2%   601  358s
  7326  3540    1.23933   50 2018    1.24896    0.37240  70.2%   611  366s
  7511  3577    1.12556   55 1725    1.24896    0.37240  70.2%   618  374s
  7643  3639     cutoff   59         1.24896    0.37398  70.1%   627  382s
  7779  3703    0.49261   34 2014    1.24896    0.37398  70.1%   636  390s
  7931  3782    0.55460   37 2155    1.24896    0.37398  70.1%   643  399s
  8136  3790    0.63299   42 2026    1.24896    0.37398  70.1%   648  409s
  8277  3772    0.86086   50 2118    1.24896    0.37398  70.1%   658  421s
H 8281  3719                       1.2489611    0.37398  70.1%   658  421s
H 8284  3719                       1.2489611    0.37398  70.1%   659  421s
  8306  3878    0.88082   51 1703    1.24896    0.37398  70.1%   662  430s
  8477  4026    1.17773   69 1126    1.24896    0.40802  67.3%   667  440s
  8737  4130    0.78330   36 2051    1.24896    0.40802  67.3%   669  451s
  8878  4230    1.10078   41 1913    1.24896    0.45583  63.5%   679  462s
H 9035  4280                       1.2489611    0.45685  63.4%   689  477s
  9110  4383    0.67355   38 2266    1.24896    0.45685  63.4%   696  489s
  9243  4505    0.73576   42 2136    1.24896    0.45685  63.4%   708  502s
  9423  4641    1.01501   51 1430    1.24896    0.46056  63.1%   718  514s
  9596  4780    0.67141   34 2364    1.24896    0.46056  63.1%   727  528s
  9753  4942    0.78791   38 2060    1.24896    0.46056  63.1%   739  541s
  9974  5103    1.07568   49 1489    1.24896    0.46119  63.1%   745  555s
 10180  5338    0.50824   39 2038    1.24896    0.46119  63.1%   752  569s
 10447  5522    0.76345   51 1586    1.24896    0.46302  62.9%   757  583s
 10778  5692    0.59624   38 1871    1.24896    0.46302  62.9%   762  598s
 11030  5920    0.87945   46 2184    1.24896    0.46302  62.9%   769  614s
 11339  6103    1.18653   60 1086    1.24896    0.46555  62.7%   773  630s
 11623  6264    0.50486   39 2003    1.24896    0.46555  62.7%   779  649s
 11873  6454    0.68065   47 1740    1.24896    0.46555  62.7%   786  672s
 12085  6684    0.89497   60 1444    1.24896    0.46555  62.7%   796  694s
 12411  6718    1.03535   69 1241    1.24896    0.46555  62.7%   802  714s
 12447  6965    1.02961   69 1289    1.24896    0.46555  62.7%   805  734s
 12724  7170    1.23541   83 1165    1.24896    0.47125  62.3%   814  754s
 13087  7412    0.58904   34 2340    1.24896    0.47615  61.9%   820  776s
 13377  7641    0.67631   38 2344    1.24896    0.47615  61.9%   830  799s
 13641  7976    0.83442   44 2038    1.24896    0.47615  61.9%   840  821s
 14048  8365    0.94528   48 2036    1.24896    0.47615  61.9%   844  843s
 14535  8620    1.04248   59 1581    1.24896    0.47615  61.9%   843  867s
 14934  8844    1.11810   64 1364    1.24896    0.47793  61.7%   848  894s
 15250  9095    0.65948   39 2276    1.24896    0.48333  61.3%   856  921s
 15599  9277    0.51112   39 1996    1.24896    0.48333  61.3%   862  950s
 15900  9496    1.13016   55 1941    1.24896    0.48796  60.9%   873  980s
 16244  9768    0.95083   48 2000    1.24896    0.49198  60.6%   881 1010s
 16603  9998    0.82260   41 2251    1.24896    0.49274  60.5%   888 1040s
 16970 10165    0.70622   42 2077    1.24896    0.49354  60.5%   896 1074s
H16972 10165                       1.2489154    0.49354  60.5%   896 1074s
H17041 10019                       1.2370134    0.49354  60.1%   897 1074s
 17225 10246    0.75921   44 1954    1.23701    0.49590  59.9%   899 1109s
 17571 10456    0.63300   37 2371    1.23701    0.49590  59.9%   909 1145s
 17899 10711    1.08306   49 1992    1.23701    0.49775  59.8%   919 1184s
 18290 11005    0.72444   47 1886    1.23701    0.50177  59.4%   927 1226s
 18695 11279    0.58729   40 2215    1.23701    0.50333  59.3%   934 1268s
H19112 11275                       1.2357390    0.50333  59.3%   943 1495s
H19122 11271                       1.2355831    0.50333  59.3%   943 1495s
 19132 11552    0.59270   38 2418    1.23558    0.50333  59.3%   944 1540s
 19481 11841    0.80279   44 1959    1.23558    0.50554  59.1%   959 1584s
 19955 12063    0.57654   38 2311    1.23558    0.50554  59.1%   970 1631s
 20376 12281    1.21338   58 1903    1.23558    0.50679  59.0%   981 1675s
 20887 12666    0.64050   43 1822    1.23558    0.50742  58.9%   993 1736s
 21508 12930    0.63511   42 1776    1.23558    0.50867  58.8%  1002 1800s

Cutting planes:
  Gomory: 662
  Implied bound: 6
  MIR: 187
  StrongCG: 5
  Flow cover: 631
  Zero half: 30
  RLT: 35
  Relax-and-lift: 5
  BQP: 3

Explored 21968 nodes (22289202 simplex iterations) in 1800.02 seconds (2672.39 work units)
Thread count was 16 (of 16 available processors)

Solution count 10: 1.23558 1.23574 1.23701 ... 1.25303

Time limit reached
Warning: max constraint violation (5.5034e-04) exceeds tolerance
Warning: max general constraint violation (5.5034e-04) exceeds tolerance
Best objective 1.235583102626e+00, best bound 5.101144775802e-01, gap 58.7147%
