
Gurobi 9.5.0 (linux64) logging started Tue 15 Nov 2022 03:49:04 AM PST

Set parameter LogFile to value "experiments/t_1_theta_0.2/gurobi.1668512943.log"
Set parameter LogToConsole to value 0
Set parameter TimeLimit to value 1800
Set parameter Threads to value 16
Gurobi Optimizer version 9.5.0 build v9.5.0rc5 (linux64)
Thread count: 8 physical cores, 16 logical processors, using up to 16 threads
Optimize a model with 339 rows, 1398 columns and 5276 nonzeros
Model fingerprint: 0x2733047d
Model has 3400 quadratic objective terms
Model has 75 quadratic constraints
Model has 1 general constraint
Variable types: 80 continuous, 1318 integer (1318 binary)
Coefficient statistics:
  Matrix range     [1e+00, 1e+01]
  QMatrix range    [1e+00, 1e+00]
  QLMatrix range   [1e+00, 1e+00]
  Objective range  [0e+00, 0e+00]
  QObjective range [2e-05, 1e+01]
  Bounds range     [1e+00, 8e+02]
  RHS range        [1e+00, 1e+02]
Presolve added 0 rows and 1025 columns
Presolve removed 26 rows and 0 columns
Presolve time: 0.01s
Presolved: 2395 rows, 4505 columns, 12202 nonzeros
Presolved model has 1 SOS constraint(s)
Variable types: 1105 continuous, 3400 integer (3375 binary)

Root relaxation: objective 7.365137e-01, 1624 iterations, 0.06 seconds (0.09 work units)

    Nodes    |    Current Node    |     Objective Bounds      |     Work
 Expl Unexpl |  Obj  Depth IntInf | Incumbent    BestBd   Gap | It/Node Time

     0     0    0.73651    0 1319          -    0.73651      -     -    0s
     0     0    0.77684    0 1321          -    0.77684      -     -    0s
     0     0    0.81147    0 1254          -    0.81147      -     -    0s
     0     0    0.81195    0 1252          -    0.81195      -     -    0s
     0     0    0.81243    0 1252          -    0.81243      -     -    0s
     0     0    0.81259    0 1252          -    0.81259      -     -    0s
     0     0    0.81843    0 1268          -    0.81843      -     -    0s
     0     0    0.81899    0 1261          -    0.81899      -     -    0s
     0     0    0.82077    0 1276          -    0.82077      -     -    0s
     0     0    0.82077    0 1276          -    0.82077      -     -    0s
H    0     0                      31.2222969    0.82084  97.4%     -    0s
H    0     0                      17.8174605    0.82084  95.4%     -    0s
     0     2    0.82084    0 1276   17.81746    0.82084  95.4%     -    0s
H   31    48                      14.4969979    0.82292  94.3%   109    1s
H   38    48                      14.4752803    0.82292  94.3%   112    1s
H   39    48                      11.2320218    0.82292  92.7%   117    1s
H   79    96                      11.2310948    0.82292  92.7%   160    1s
H   83    96                      11.2300852    0.82292  92.7%   164    1s
H   84    96                       5.5250522    0.82292  85.1%   162    1s
H  115   132                       2.2715665    0.82292  63.8%   187    1s
H  116   132                       2.2513381    0.82292  63.4%   191    1s
H  117   132                       2.2374472    0.82292  63.2%   191    1s
H  118   132                       2.2351482    0.82292  63.2%   192    1s
H  119   132                       2.1491043    0.82292  61.7%   191    1s
H  128   132                       2.1450795    0.82292  61.6%   194    1s
H  131   136                       2.0777872    0.82292  60.4%   190    2s
H  136   136                       2.0575951    0.82292  60.0%   188    2s
H  138   136                       1.9565662    0.82292  57.9%   189    2s
H  173   166                       1.8234745    0.82292  54.9%   189    2s
H  175   166                       1.8217653    0.82292  54.8%   190    2s
H  179   166                       1.7496323    0.82292  53.0%   189    2s
H  190   180                       1.7454776    0.82292  52.9%   189    3s
H  191   180                       1.7349162    0.82292  52.6%   193    3s
H  233   220                       1.7343009    0.82292  52.6%   204    3s
H  238   220                       1.7337551    0.82292  52.5%   212    3s
H  241   220                       1.7330374    0.82292  52.5%   210    3s
H  410   371                       1.7326358    0.82292  52.5%   198    3s
H  412   371                       1.7316875    0.82292  52.5%   198    3s
H  417   371                       1.7128459    0.82292  52.0%   197    3s
H  717   638                       1.6952517    0.82292  51.5%   182    4s
H  720   638                       1.6904015    0.82292  51.3%   182    4s
H  722   638                       1.6876705    0.82292  51.2%   181    4s
   791   751    0.99803   35  871    1.68767    0.82292  51.2%   183    5s
H 1658  1526                       1.6876705    0.82292  51.2%   185    6s
H 1660  1526                       1.6866814    0.82292  51.2%   185    6s
H 1661  1526                       1.6553589    0.82292  50.3%   185    6s
* 2045  1900             229       1.3449796    0.82292  38.8%   177    7s
H 2721  2417                       1.3261950    0.82292  37.9%   170    8s
H 2723  2298                       1.3249697    0.82292  37.9%   170    8s
H 2724  2183                       1.3051974    0.82292  37.0%   170    9s
H 2727  2075                       1.3048083    0.84014  35.6%   170    9s
  2728  2076    1.29216  201 1241    1.30481    0.84131  35.5%   170   10s
H 2734  1976                       1.3047846    0.85335  34.6%   169   12s
H 2736  1878                       1.3043535    0.85717  34.3%   169   12s
H 2738  1786                       1.2712095    0.85867  32.5%   169   13s
H 2738  1696                       1.2631512    0.85867  32.0%   169   13s
H 2738  1611                       1.2628382    0.85867  32.0%   169   13s
H 2738  1530                       1.2222957    0.86069  29.6%   169   13s
H 2740  1454                       1.2214816    0.86131  29.5%   169   14s
  2743  1456    1.12216   84 1322    1.22148    0.86227  29.4%   169   15s
H 2743  1383                       1.1909862    0.86229  27.6%   169   15s
H 2747  1316                       1.1903915    0.86615  27.2%   168   16s
H 2749  1251                       1.1901345    0.86646  27.2%   168   17s
H 2752  1190                       1.1889038    0.86760  27.0%   168   18s
  2759  1195    1.14307   87 1402    1.18890    0.86815  27.0%   168   20s
H 2772  1144                       1.1882017    0.86906  26.9%   179   24s
  2775  1146    0.86973   10 1338    1.18820    0.86973  26.8%   179   25s
H 2775  1089                       1.1855637    0.86986  26.6%   179   25s
H 2776  1035                       1.1539161    0.86986  24.6%   179   26s
H 2784   988                       1.1501237    0.87314  24.1%   179   29s
H 2784   938                       1.1479572    0.87314  23.9%   179   29s
H 2785   892                       1.1475917    0.87333  23.9%   179   29s
  2787   893    1.14759  180 1374    1.14759    0.87347  23.9%   178   30s
H 2791   850                       1.1475917    0.87410  23.8%   178   31s
  2810   879    0.87546   27 1362    1.14759    0.87532  23.7%   192   35s
  2874   922    0.90597   29 1320    1.14759    0.87605  23.7%   213   40s
H 2929   905                       1.1439042    0.87605  23.4%   218   42s
  2958   936    0.87740   32 1313    1.14390    0.87605  23.4%   220   49s
H 2959   895                       1.1318142    0.87605  22.6%   220   49s
  2975   919    0.87753   33 1333    1.13181    0.87605  22.6%   222   50s
  3123  1013    0.89155   37 1308    1.13181    0.87605  22.6%   251   55s
  3309  1131    0.89416   40 1214    1.13181    0.87605  22.6%   275   60s
  3524  1213    0.91070   44 1236    1.13181    0.87605  22.6%   295   65s
  3627  1248    0.93375   46 1138    1.13181    0.87605  22.6%   307   81s
H 3669  1215                       1.1280236    0.87605  22.3%   317   96s
  3744  1275    0.92796   49 1210    1.12802    0.87605  22.3%   332  100s
  3913  1401    0.96659   54 1116    1.12802    0.87605  22.3%   360  105s
  4139  1536    0.95848   60 1186    1.12802    0.87605  22.3%   383  110s
  4393  1669    0.97124   67 1142    1.12802    0.87605  22.3%   400  116s
  4544  1784    0.98325   70 1170    1.12802    0.87605  22.3%   418  120s
  4758  1917    0.99469   74 1199    1.12802    0.87605  22.3%   439  125s
  5125  2236    1.01375   83 1164    1.12802    0.87605  22.3%   467  132s
  5293  2356    1.02438   87 1069    1.12802    0.87605  22.3%   473  135s
  5618  2641    1.06842   99 1049    1.12802    0.87605  22.3%   488  140s
  5997  2972    1.12664  127  919    1.12802    0.87653  22.3%   498  145s
  6433  3257    1.07536   44 1165    1.12802    0.87703  22.3%   504  152s
  6654  3416    0.90814   31 1270    1.12802    0.87712  22.2%   507  155s
  7013  3749    1.03709   44 1179    1.12802    0.87712  22.2%   521  162s
  7241  3968    1.08417   58 1183    1.12802    0.87712  22.2%   524  166s
  7528  4108     cutoff   75         1.12802    0.87795  22.2%   526  170s
  7969  4479    1.06347   53 1172    1.12802    0.87795  22.2%   540  178s
  8197  4671    1.12492   78 1008    1.12802    0.87804  22.2%   546  182s
  8462  4847    0.95708   37 1238    1.12802    0.87813  22.2%   552  187s
  8742  5098    1.04091   47 1179    1.12802    0.87844  22.1%   556  191s
  9059  5339    0.90921   35 1240    1.12802    0.87844  22.1%   559  196s
  9380  5604    1.03776   44 1179    1.12802    0.87860  22.1%   562  201s
  9769  5831    0.89504   32 1213    1.12802    0.87860  22.1%   564  207s
 10058  6079    1.02135   44 1133    1.12802    0.87860  22.1%   570  212s
 10376  6376    1.12078   60 1014    1.12802    0.87877  22.1%   576  218s
 10781  6660    0.97549   48 1107    1.12802    0.87967  22.0%   577  224s
 11154  6987    0.88405   38 1218    1.12802    0.87967  22.0%   581  230s
 11549  7386    0.93337   47 1163    1.12802    0.87967  22.0%   584  236s
 12045  7775    1.06082   63 1054    1.12802    0.88002  22.0%   582  242s
 12509  8019    1.00029   39 1082    1.12802    0.88002  22.0%   583  249s
H12658  8019                       1.1280236    0.88002  22.0%   581  249s
 12848  8333    1.11476   79  890    1.12802    0.88027  22.0%   584  256s
 13232  8762    0.98476   53 1157    1.12802    0.88028  22.0%   591  262s
 13711  9102    1.10649   92 1016    1.12802    0.88087  21.9%   595  270s
 14209  9544    1.04308   58 1084    1.12802    0.88113  21.9%   598  277s
 14751  9606    0.94182   42 1214    1.12802    0.88149  21.9%   598  300s
 14815  9681    0.94576   46 1097    1.12802    0.88149  21.9%   598  310s
 14914 10077    0.96326   47 1104    1.12802    0.88149  21.9%   598  319s
 15433 10492     cutoff   75         1.12802    0.88258  21.8%   602  327s
 16000 10919    1.11545   55  945    1.12802    0.88330  21.7%   607  336s
 16578 11330    0.95787   37 1254    1.12802    0.88330  21.7%   612  346s
 17146 11932    1.03573   44 1131    1.12802    0.88411  21.6%   617  355s
 17911 12434    1.10892   54 1091    1.12802    0.88498  21.5%   616  366s
 18619 12941    1.11379   64  909    1.12802    0.88665  21.4%   617  376s
 19355 13413    0.98306   37 1299    1.12802    0.88827  21.3%   618  391s
 19936 14127    0.95747   42 1161    1.12802    0.88827  21.3%   620  407s
 20789 14654    1.12721   96  858    1.12802    0.89012  21.1%   619  424s
 21378 15427    1.04012   62 1167    1.12802    0.89078  21.0%   628  440s
 22268 16307    0.99931   39 1253    1.12802    0.89090  21.0%   629  452s
 23302 17037    0.98621   41 1284    1.12802    0.89193  20.9%   626  465s
 24180 17870    0.96980   46 1171    1.12802    0.89195  20.9%   629  478s
 25119 18538    1.12571   66 1079    1.12802    0.89195  20.9%   632  491s
 25963 19092    0.95105   46 1078    1.12802    0.89206  20.9%   638  506s
 26706 19528    1.10864   66 1036    1.12802    0.89244  20.9%   643  521s
 27268 20355    0.97491   47 1193    1.12802    0.89260  20.9%   646  537s
 28402 21285    1.02268   54 1092    1.12802    0.89323  20.8%   647  553s
 29676 22011    1.00377   41 1210    1.12802    0.89359  20.8%   645  570s
 30800 22825    0.95843   39 1140    1.12802    0.89413  20.7%   647  587s
 32172 23681    1.00834   49 1046    1.12802    0.89475  20.7%   646  605s
 33330 24513     cutoff   73         1.12802    0.89515  20.6%   649  624s
 34476 25550    1.02563   51 1219    1.12802    0.89598  20.6%   652  644s
 35838 26564    0.99096   43 1144    1.12802    0.89702  20.5%   652  664s
 37169 27508    0.93623   37 1194    1.12802    0.89738  20.4%   655  701s
 38465 28363    1.09716   43 1042    1.12802    0.89780  20.4%   658  724s
 39702 29515    0.97521   54 1170    1.12802    0.89843  20.4%   664  748s
 41215 30551    0.97794   39 1207    1.12802    0.89929  20.3%   666  812s
 42501 32014    1.10921   78 1106    1.12802    0.89988  20.2%   669  840s
 44500 33269    1.03806   48 1097    1.12802    0.90141  20.1%   670  869s
 46195 34638    1.02523   49 1086    1.12802    0.90281  20.0%   673  896s
 47952 35813    1.00126   45 1219    1.12802    0.90389  19.9%   676  924s
 49685 36930    1.09830   73 1028    1.12802    0.90501  19.8%   678  951s
 51191 38153     cutoff   54         1.12802    0.90641  19.6%   683  979s
 52965 39282     cutoff   67         1.12802    0.90746  19.6%   685 1006s
 54566 40454    1.02811   42 1176    1.12802    0.90841  19.5%   688 1034s
 56250 41515    1.09668   71 1060    1.12802    0.90945  19.4%   690 1061s
 57757 42741    1.04680   51 1041    1.12802    0.91081  19.3%   693 1089s
 59394 43771 infeasible   53         1.12802    0.91137  19.2%   696 1117s
 60902 44744    1.03384   39 1153    1.12802    0.91237  19.1%   700 1146s
 62246 45631    0.98381   37 1281    1.12802    0.91324  19.0%   706 1176s
 63618 46616    1.10480   48 1122    1.12802    0.91325  19.0%   712 1204s
 65160 47895    1.12290   58 1192    1.12802    0.91416  19.0%   716 1233s
 66817 49218    0.96935   45 1128    1.12802    0.91461  18.9%   719 1262s
 68496 50557    1.10101   59 1228    1.12802    0.91523  18.9%   722 1291s
 70279 51774    1.02156   50 1202    1.12802    0.91627  18.8%   722 1319s
 71962 53004    1.09157   71 1113    1.12802    0.91746  18.7%   724 1348s
 73539 54126    1.06887   51 1025    1.12802    0.91837  18.6%   727 1376s
 75173 55243    1.00809   49 1190    1.12802    0.91921  18.5%   729 1405s
 76829 56073 infeasible   81         1.12802    0.92019  18.4%   730 1433s
 78214 57475 infeasible   49         1.12802    0.92120  18.3%   734 1461s
 80065 58602    0.99228   45 1112    1.12802    0.92178  18.3%   734 1488s
 81735 59714     cutoff   79         1.12802    0.92265  18.2%   734 1517s
 83236 60991     cutoff   80         1.12802    0.92303  18.2%   737 1545s
 84974 62201    1.02897   44 1223    1.12802    0.92406  18.1%   737 1573s
 86589 63515    1.09523   81 1015    1.12802    0.92480  18.0%   739 1600s
 88221 65005    1.10738   90  913    1.12802    0.92527  18.0%   739 1626s
 90142 66231    1.01811   42 1198    1.12802    0.92578  17.9%   739 1653s
 91945 66584    1.00763   31 1311    1.12802    0.92618  17.9%   738 1678s
H92354 66584                       1.1280236    0.92618  17.9%   738 1678s
H92388 66584                       1.1280236    0.92618  17.9%   738 1678s
 92512 66594    0.96142   45 1215    1.12802    0.92618  17.9%   738 1772s
H92513 66594                       1.1280236    0.92618  17.9%   738 1772s
 92533 67710    0.96233   46 1197    1.12802    0.92637  17.9%   738 1800s

Cutting planes:
  Gomory: 395
  MIR: 35
  StrongCG: 1
  Flow cover: 6
  Zero half: 7
  RLT: 9

Explored 94176 nodes (69568491 simplex iterations) in 1800.01 seconds (2822.80 work units)
Thread count was 16 (of 16 available processors)

Solution count 10: 1.12802 1.12802 1.12802 ... 1.14796

Time limit reached
Warning: max constraint violation (8.0628e-05) exceeds tolerance
Warning: max general constraint violation (8.0628e-05) exceeds tolerance
Best objective 1.128023277471e+00, best bound 9.271724026994e-01, gap 17.8056%
