
Gurobi 9.5.0 (linux64) logging started Mon 14 Nov 2022 05:52:08 PM PST

Set parameter LogFile to value "experiments/t_2_theta_0.8/gurobi.1668477127.log"
Set parameter LogToConsole to value 0
Set parameter TimeLimit to value 1800
Set parameter Threads to value 16
Gurobi Optimizer version 9.5.0 build v9.5.0rc5 (linux64)
Thread count: 8 physical cores, 16 logical processors, using up to 16 threads
Optimize a model with 340 rows, 1428 columns and 5305 nonzeros
Model fingerprint: 0x06c22729
Model has 3425 quadratic objective terms
Model has 150 quadratic constraints
Model has 2 general constraints
Variable types: 85 continuous, 1343 integer (1343 binary)
Coefficient statistics:
  Matrix range     [1e+00, 1e+01]
  QMatrix range    [1e+00, 1e+00]
  QLMatrix range   [1e+00, 1e+00]
  Objective range  [0e+00, 0e+00]
  QObjective range [6e-05, 4e+01]
  Bounds range     [1e+00, 8e+02]
  RHS range        [1e+00, 1e+02]
Presolve added 57 rows and 1173 columns
Presolve time: 0.05s
Presolved: 4764 rows, 4797 columns, 36202 nonzeros
Variable types: 1286 continuous, 3511 integer (3415 binary)

Root relaxation: objective -4.831691e-13, 4996 iterations, 0.24 seconds (0.20 work units)

    Nodes    |    Current Node    |     Objective Bounds      |     Work
 Expl Unexpl |  Obj  Depth IntInf | Incumbent    BestBd   Gap | It/Node Time

     0     0   -0.00000    0 3455          -   -0.00000      -     -    0s
     0     0    0.03818    0 3422          -    0.03818      -     -    1s
     0     0    0.04908    0 3341          -    0.04908      -     -    1s
     0     0    0.04914    0 3335          -    0.04914      -     -    1s
     0     0    0.05420    0 3380          -    0.05420      -     -    2s
     0     0    0.05490    0 3365          -    0.05490      -     -    2s
H    0     0                       1.8962313    0.05490  97.1%     -    3s
     0     0    0.05960    0 3366    1.89623    0.05960  96.9%     -    3s
     0     0    0.05960    0 3346    1.89623    0.05960  96.9%     -    3s
H    0     0                       1.8779827    0.05971  96.8%     -    3s
H    0     0                       1.8589134    0.05971  96.8%     -    3s
     0     2    0.05971    0 3346    1.85891    0.05971  96.8%     -    3s
H   32    42                       1.8527990    0.07832  95.8%   344    4s
H   33    42                       1.8249421    0.07832  95.7%   345    4s
H   39    42                       1.5434306    0.07832  94.9%   353    4s
    47    56    0.08183    6 3134    1.54343    0.07832  94.9%   370    5s
H   81    88                       1.5403485    0.07832  94.9%   467    9s
H   82    88                       1.4821139    0.07832  94.7%   465    9s
   113   120    0.25369   10 2886    1.48211    0.07832  94.7%   610   10s
H  129   135                       1.4223911    0.07832  94.5%   651   15s
H  130   135                       1.4137050    0.07832  94.5%   650   15s
H  131   135                       1.3711446    0.07832  94.3%   655   15s
H  134   135                       1.3622255    0.07832  94.3%   657   15s
   420   469    0.96104   33 1839    1.36223    0.07832  94.3%   579   20s
H 1177   929                       1.3051634    0.07832  94.0%   335   23s
  1254  1061    0.28875    7 3088    1.30516    0.07874  94.0%   338   25s
H 2263  1866                       1.3013728    0.07874  93.9%   266   35s
H 2271  1775                       1.2761490    0.10494  91.8%   265   39s
  2274  1777    1.23698   81 3083    1.27615    0.12871  89.9%   265   40s
H 2281  1692                       1.2705265    0.14235  88.8%   264   42s
H 2282  1608                       1.2629453    0.14269  88.7%   264   43s
H 2282  1527                       1.2593541    0.14269  88.7%   264   43s
H 2283  1451                       1.2550067    0.14403  88.5%   264   43s
H 2283  1378                       1.2462621    0.14418  88.4%   264   43s
H 2285  1310                       1.2176147    0.16741  86.3%   264   44s
H 2285  1244                       1.2110898    0.16741  86.2%   264   44s
  2287  1245    1.21109   68 3083    1.21109    0.16741  86.2%   264   45s
H 2287  1182                       1.2002052    0.23270  80.6%   264   45s
H 2289  1125                       1.1900371    0.23456  80.3%   263   47s
H 2289  1068                       1.1864122    0.23456  80.2%   263   47s
H 2292  1016                       1.1859321    0.23480  80.2%   263   49s
H 2293   967                       1.1828997    0.23480  80.2%   275   49s
  2294   969    0.23480   15 2952    1.18290    0.23480  80.2%   276   50s
H 2324   954                       1.1798674    0.33032  72.0%   295   55s
H 2325   908                       1.1796421    0.33032  72.0%   296   55s
H 2327   863                       1.1770900    0.33038  71.9%   298   55s
H 2329   820                       1.1729262    0.33038  71.8%   298   55s
  2372   848 infeasible   20         1.17293    0.39729  66.1%   311   62s
H 2373   808                       1.1710309    0.39729  66.1%   311   62s
H 2377   768                       1.1681616    0.39729  66.0%   311   62s
H 2382   732                       1.1651793    0.39729  65.9%   312   62s
  2436   769    0.73986   22 2395    1.16518    0.39729  65.9%   315   71s
H 2437   734                       1.1604903    0.39729  65.8%   315   71s
H 2438   701                       1.1573376    0.39729  65.7%   315   71s
H 2440   669                       1.1547414    0.39729  65.6%   315   71s
H 2443   639                       1.1543997    0.39729  65.6%   316   71s
H 2446   611                       1.1526613    0.39729  65.5%   316   71s
H 2451   583                       1.1488319    0.39729  65.4%   317   71s
  2638   724    1.01765   27 2340    1.14883    0.39729  65.4%   323   75s
  2924   852 infeasible   31         1.14883    0.39729  65.4%   334   80s
  3184   937    0.74338   38 1663    1.14883    0.39737  65.4%   337   85s
  3420  1041     cutoff   54         1.14883    0.43470  62.2%   363   90s
  3810  1245     cutoff   37         1.14883    0.43470  62.2%   374   96s
  4109  1532    0.61206   23 1883    1.14883    0.46307  59.7%   380  100s
  4491  1839    0.83513   29 1536    1.14883    0.46307  59.7%   381  105s
  5026  2311    1.14535   42 1492    1.14883    0.50896  55.7%   384  111s
  5402  2567    0.80698   33 1673    1.14883    0.50896  55.7%   380  115s
  5930  2929     cutoff   57         1.14883    0.53367  53.5%   378  122s
  6217  3106    0.68315   32 1717    1.14883    0.53367  53.5%   383  126s
  6476  3296    1.02265   47 1521    1.14883    0.53367  53.5%   388  131s
  6759  3502    0.65960   26 1983    1.14883    0.55355  51.8%   393  137s
  6862  3629    0.71009   29 1723    1.14883    0.55355  51.8%   398  140s
  7208  3888    1.12862   52 1588    1.14883    0.55355  51.8%   401  146s
  7339  4034    0.73638   36 1964    1.14883    0.55355  51.8%   401  150s
  7724  4346    0.63287   26 1977    1.14883    0.55924  51.3%   405  157s
  7930  4479    0.77641   33 1921    1.14883    0.55924  51.3%   407  161s
  8118  4623    0.94053   50 1708    1.14883    0.55924  51.3%   410  165s
  8499  4897    0.65052   21 2216    1.14883    0.56708  50.6%   411  174s
  8700  5056    0.80328   34 1951    1.14883    0.56708  50.6%   413  178s
  8930  5212    0.88033   38 1943    1.14883    0.56708  50.6%   415  183s
  9135  5433    0.94724   43 1757    1.14883    0.57668  49.8%   418  187s
  9429  5647    0.67263   28 2099    1.14883    0.57668  49.8%   417  192s
  9727  5822    0.81706   37 1681    1.14883    0.58378  49.2%   417  198s
H 9861  5822                       1.1488319    0.58378  49.2%   417  198s
  9938  5953    0.69394   34 2055    1.14883    0.58378  49.2%   417  203s
 10166  6155    0.82930   39 2053    1.14883    0.58378  49.2%   421  209s
 10426  6399    0.73475   28 2086    1.14883    0.58378  49.2%   423  214s
 10739  6633    0.87826   42 1657    1.14883    0.58378  49.2%   423  219s
 11080  6825    1.13854   63 1215    1.14883    0.58583  49.0%   423  225s
 11388  7052    0.68676   32 2074    1.14883    0.58824  48.8%   425  232s
 11765  7323    0.75221   34 1981    1.14883    0.58824  48.8%   425  238s
 12093  7575    0.85316   41 1562    1.14883    0.58824  48.8%   427  245s
 12422  7848    0.92221   49 1446    1.14883    0.58824  48.8%   429  253s
 12768  8124    0.99900   56 1147    1.14883    0.58824  48.8%   430  260s
 13200  8421    1.05404   64  846    1.14883    0.58824  48.8%   431  268s
 13610  8654    1.13336   84  505    1.14883    0.59075  48.6%   431  276s
 13943  8850    1.03255   45 1760    1.14883    0.59170  48.5%   432  284s
 14278  9140    0.62082   26 2033    1.14883    0.59170  48.5%   434  293s
 14647  9379     cutoff   48         1.14883    0.59730  48.0%   434  302s
 15057  9391    0.71747   29 1969    1.14883    0.59948  47.8%   437  384s
H15059  9391                       1.1487854    0.59948  47.8%   437  384s
H15063  9364                       1.1472754    0.59948  47.7%   437  384s
H15064  9364                       1.1472289    0.59948  47.7%   437  384s
H15065  9272                       1.1420130    0.59948  47.5%   437  384s
H15077  9248                       1.1383052    0.59948  47.3%   437  405s
H15079  9215                       1.1367487    0.59948  47.3%   437  405s
H15080  9192                       1.1355612    0.59948  47.2%   437  405s
 15123  9487 infeasible   31         1.13556    0.59948  47.2%   438  414s
 15558  9737    1.05819   51 1477    1.13556    0.60035  47.1%   440  425s
 15939 10001    0.74850   31 1875    1.13556    0.60035  47.1%   444  435s
 16271 10374    0.94412   48 1512    1.13556    0.60251  46.9%   447  446s
 16798 10729    0.78781   29 2051    1.13556    0.60292  46.9%   449  458s
 17341 11029    0.98674   49 1680    1.13556    0.60391  46.8%   452  471s
 17798 11419    0.67809   29 2007    1.13556    0.60391  46.8%   457  484s
 18351 11808    0.74859   35 1980    1.13556    0.60391  46.8%   461  497s
 18925 12094    1.10886   41 1934    1.13556    0.60546  46.7%   463  511s
 19373 12525    0.84728   55 1641    1.13556    0.60653  46.6%   465  524s
 19991 13005    0.69868   31 1921    1.13556    0.61058  46.2%   467  539s
 20487 13600    0.83262   39 1732    1.13556    0.61058  46.2%   474  558s
 21358 14034    1.11768   66 1167    1.13556    0.61084  46.2%   477  576s
 22141 14489    1.06115   55 1408    1.13556    0.61370  46.0%   478  594s
 22923 14917    0.72141   32 2288    1.13556    0.61536  45.8%   478  612s
 23594 15365    0.71759   32 2115    1.13556    0.61650  45.7%   479  633s
 24408 15945    0.81923   37 2002    1.13556    0.61817  45.6%   482  654s
 25307 16440    0.98660   45 1915    1.13556    0.62053  45.4%   484  677s
 26204 16842    0.82687   26 1976    1.13556    0.62152  45.3%   487  701s
 27032 17489    0.82495   39 1921    1.13556    0.62177  45.2%   491  726s
 28016 18122     cutoff   60         1.13556    0.62318  45.1%   492  753s
 29017 18488    0.67794   31 2053    1.13556    0.62516  44.9%   493  781s
H29024 18488                       1.1355612    0.62516  44.9%   493  781s
H29206 18488                       1.1355612    0.62597  44.9%   494  781s
 29581 19221    0.69410   31 1976    1.13556    0.62657  44.8%   496  809s
 30979 19958    1.10771   47 1859    1.13556    0.62740  44.7%   494  839s
 32212 20867    0.95581   55 1497    1.13556    0.62846  44.7%   495  869s
 33544 21704    0.92055   51 1469    1.13556    0.63090  44.4%   495  902s
 34954 22606    1.02533   37 1789    1.13556    0.63305  44.3%   495  934s
 36235 23614    1.11142   45 2024    1.13556    0.63437  44.1%   497  968s
 37484 24863    0.86930   46 1898    1.13556    0.63577  44.0%   502 1002s
 39142 25787     cutoff   71         1.13556    0.63613  44.0%   501 1040s
 40549 26685     cutoff   48         1.13556    0.63731  43.9%   504 1079s
H41976 26685                       1.1355612    0.63842  43.8%   506 1227s
 41979 26687    0.93603   36 3315    1.13556    0.63842  43.8%   506 1230s
 41984 26691    0.73820   38 3031    1.13556    0.63842  43.8%   506 1235s
 41987 26693    0.90953   49 3051    1.13556    0.63842  43.8%   506 1242s
H41987 25358                       1.1355608    0.63842  43.8%   506 1243s
 41989 25359    0.83928   34 3049    1.13556    0.63842  43.8%   506 1247s
 41991 25360    0.88602   44 3006    1.13556    0.63842  43.8%   506 1250s
 41995 25363    0.70641   40 3033    1.13556    0.63842  43.8%   506 1256s
 41997 25364    0.90063   44 3009    1.13556    0.63842  43.8%   506 1260s
 42001 25367    1.11473   55 3048    1.13556    0.63842  43.8%   506 1265s
 42005 25370    0.77195   51 3027    1.13556    0.63842  43.8%   506 1272s
 42007 25371    1.11963   67 3021    1.13556    0.63842  43.8%   506 1276s
 42010 25373    1.04153   39 3025    1.13556    0.63842  43.8%   506 1280s
 42013 25375    0.98235   54 2994    1.13556    0.63842  43.8%   506 1286s
 42017 25378    0.85965   42 3000    1.13556    0.63842  43.8%   506 1291s
 42021 25380    1.02393   40 3022    1.13556    0.63842  43.8%   506 1296s
 42025 25383    1.12394   79 3019    1.13556    0.63842  43.8%   506 1301s
 42029 25386    0.86812   37 3047    1.13556    0.63842  43.8%   506 1306s
 42032 25388    1.04182   43 3048    1.13556    0.63842  43.8%   505 1310s
 42036 25390    0.94280   50 3053    1.13556    0.63842  43.8%   505 1315s
 42039 25392    0.86045   41 3050    1.13556    0.63842  43.8%   505 1320s
 42043 25395    0.79312   40 3091    1.13556    0.63842  43.8%   505 1326s
 42045 25396    0.65203   27 3076    1.13556    0.63842  43.8%   505 1330s
 42049 25399    0.99004   48 3062    1.13556    0.63842  43.8%   505 1336s
 42051 25400    1.11058   72 3035    1.13556    0.63842  43.8%   505 1340s
 42054 25402    0.96452   30 3063    1.13556    0.63842  43.8%   505 1345s
 42057 25404    0.93403   40 3043    1.13556    0.63842  43.8%   505 1352s
 42059 25406    0.81989   42 3046    1.13556    0.63842  43.8%   505 1356s
 42063 25408    1.10006   69 3048    1.13556    0.63842  43.8%   505 1361s
 42067 25411    1.13367   62 3051    1.13556    0.63842  43.8%   505 1366s
 42071 25414    1.13162   84 3054    1.13556    0.63842  43.8%   505 1371s
 42075 25416    0.97687   49 3052    1.13556    0.63842  43.8%   505 1375s
 42081 25420    1.10317   70 3051    1.13556    0.63842  43.8%   505 1381s
 42085 25423    0.78498   43 3059    1.13556    0.63842  43.8%   505 1386s
 42089 25426    0.83928   34 3030    1.13556    0.63842  43.8%   505 1392s
 42091 25427    0.88602   44 3025    1.13556    0.63842  43.8%   505 1396s
 42093 25428    1.13310   72 3033    1.13556    0.63842  43.8%   505 1400s
 42097 25431    0.90063   44 3038    1.13556    0.63842  43.8%   505 1406s
 42100 25433    0.85879   45 3042    1.13556    0.63842  43.8%   505 1410s
 42104 25436    0.87436   39 3046    1.13556    0.63842  43.8%   505 1415s
 42107 25438    1.11963   67 3052    1.13556    0.63842  43.8%   505 1420s
 42111 25440    0.87051   41 3060    1.13556    0.63842  43.8%   505 1425s
 42117 25444    0.85965   42 3060    1.13556    0.63842  43.8%   504 1431s
 42120 25446    1.04972   36 3060    1.13556    0.63842  43.8%   504 1436s
 42123 25448    1.03337   64 3060    1.13556    0.63842  43.8%   504 1440s
 42127 25451    0.77378   39 3060    1.13556    0.63842  43.8%   504 1446s
 42129 25452    0.86812   37 3060    1.13556    0.63842  43.8%   504 1450s
 42130 25453    1.07811   39 3060    1.13556    0.63842  43.8%   504 1457s
 42131 25457    0.63842   29 2981    1.13556    0.63842  43.8%   508 1465s
 42145 25472    0.63842   32 2728    1.13556    0.63842  43.8%   509 1470s
 42173 25491    0.63842   34 2313    1.13556    0.63842  43.8%   511 1479s
 42189 25501    0.63842   35 2305    1.13556    0.63842  43.8%   511 1483s
 42205 25510    0.63842   36 2186    1.13556    0.63842  43.8%   512 1487s
 42221 25524    0.63842   37 2185    1.13556    0.63842  43.8%   513 1490s
 42261 25548    0.63842   39 2100    1.13556    0.63842  43.8%   514 1496s
 42282 25554    0.63842   40 2097    1.13556    0.63842  43.8%   514 1508s
 42299 25579    0.63842   41 2095    1.13556    0.63842  43.8%   514 1510s
 42329 25585    0.64407   44 2095    1.13556    0.63842  43.8%   515 1529s
 42345 25617    0.66119   45 2125    1.13556    0.63842  43.8%   515 1532s
 42383 25645    0.70624   48 2096    1.13556    0.63842  43.8%   516 1535s
 42466 25695    0.88579   56 2093    1.13556    0.63842  43.8%   517 1541s
 42507 25714    1.00053   59 1992    1.13556    0.63842  43.8%   517 1545s
 42595 25718    1.12853   65 1952    1.13556    0.63842  43.8%   518 1552s
 42648 25718    0.63842   41 2189    1.13556    0.63842  43.8%   519 1557s
 42682 25727    0.66873   43 2179    1.13556    0.63842  43.8%   520 1561s
 42723 25752    0.74351   45 2198    1.13556    0.63842  43.8%   521 1565s
 42764 25798    0.82502   48 2136    1.13556    0.63842  43.8%   522 1570s
 42888 25854    0.90082   56 2139    1.13556    0.63842  43.8%   523 1578s
 42961 25884    1.08287   64 2163    1.13556    0.63842  43.8%   524 1582s
 43036 25916     cutoff   69         1.13556    0.63842  43.8%   524 1587s
 43105 25937    0.64057   42 2117    1.13556    0.63842  43.8%   525 1591s
 43182 25956    0.71491   44 2068    1.13556    0.63842  43.8%   526 1596s
 43252 25983    0.76612   46 2103    1.13556    0.63842  43.8%   527 1601s
 43329 26037    0.89514   53 2079    1.13556    0.63842  43.8%   528 1606s
 43431 26087    1.10236   62 1955    1.13556    0.63842  43.8%   528 1611s
 43543 26125    0.63842   34 2575    1.13556    0.63842  43.8%   528 1616s
 43643 26156    0.69307   35 2199    1.13556    0.63842  43.8%   529 1623s
 43721 26195    0.83855   38 2161    1.13556    0.63842  43.8%   530 1628s
 43811 26236    0.75947   36 2183    1.13556    0.63842  43.8%   531 1635s
 43901 26296    0.80406   38 2059    1.13556    0.63842  43.8%   532 1641s
 44004 26348    0.78984   37 2118    1.13556    0.63842  43.8%   533 1647s
 44108 26418    0.85489   41 2041    1.13556    0.63842  43.8%   534 1653s
 44252 26446    0.86050   40 2069    1.13556    0.63842  43.8%   535 1660s
 44357 26502    0.84842   42 1990    1.13556    0.63842  43.8%   536 1667s
 44460 26547    0.89895   44 1952    1.13556    0.63842  43.8%   537 1674s
 44619 26557    0.93979   47 1885    1.13556    0.63842  43.8%   538 1682s
 44710 26641    0.99072   46 1978    1.13556    0.63842  43.8%   540 1690s
 44849 26701    1.01066   49 1946    1.13556    0.63842  43.8%   541 1698s
 45021 26755    1.02925   51 1916    1.13556    0.63842  43.8%   542 1706s
 45187 26799    1.05520   52 1814    1.13556    0.63842  43.8%   543 1715s
 45311 26897    1.10488   59 1824    1.13556    0.63842  43.8%   545 1723s
 45485 26976     cutoff   61         1.13556    0.63842  43.8%   546 1732s
 45695 26989    0.63842   36 2242    1.13556    0.63842  43.8%   547 1742s
 45856 27028    0.71726   40 2331    1.13556    0.63842  43.8%   549 1755s
 45974 27128    0.83436   47 2124    1.13556    0.63842  43.8%   550 1765s
 46172 27170    1.03835   66 1890    1.13556    0.63842  43.8%   551 1777s
 46355 27244    0.73560   35 2205    1.13556    0.63842  43.8%   553 1788s
 46528 27339    0.81706   40 1910    1.13556    0.63842  43.8%   555 1799s
 46749 27265     cutoff   52         1.13556    0.63842  43.8%   556 1800s

Cutting planes:
  Gomory: 718
  MIR: 21
  StrongCG: 3
  Flow cover: 49
  RLT: 13

Explored 46753 nodes (26007936 simplex iterations) in 1800.01 seconds (2899.01 work units)
Thread count was 16 (of 16 available processors)

Solution count 10: 1.13556 1.13556 1.13556 ... 1.14728

Time limit reached
Warning: max constraint violation (2.1677e-04) exceeds tolerance
Warning: max general constraint violation (2.1677e-04) exceeds tolerance
Best objective 1.135561270923e+00, best bound 6.384208572529e-01, gap 43.7793%
