
Gurobi 9.5.0 (linux64) logging started Tue 01 Aug 2023 02:50:24 AM PDT

Set parameter LogFile to value "experiments/t_2_theta_1.0/gurobi.1690883423.log"
Set parameter LogToConsole to value 0
Set parameter TimeLimit to value 1800
Set parameter Threads to value 16
Gurobi Optimizer version 9.5.0 build v9.5.0rc5 (linux64)
Thread count: 8 physical cores, 16 logical processors, using up to 16 threads
Optimize a model with 340 rows, 1428 columns and 5305 nonzeros
Model fingerprint: 0x7ac276c8
Model has 3375 quadratic objective terms
Model has 150 quadratic constraints
Model has 2 general constraints
Variable types: 85 continuous, 1343 integer (1343 binary)
Coefficient statistics:
  Matrix range     [1e+00, 1e+01]
  QMatrix range    [1e+00, 1e+00]
  QLMatrix range   [1e+00, 1e+00]
  Objective range  [0e+00, 0e+00]
  QObjective range [7e+06, 4e+12]
  Bounds range     [1e+00, 8e+02]
  RHS range        [1e+00, 1e+02]
Warning: Model contains large quadratic objective coefficients
         Consider reformulating model or setting NumericFocus parameter
         to avoid numerical issues.
Presolve added 55 rows and 1171 columns
Presolve time: 0.06s
Presolved: 4687 rows, 4745 columns, 34825 nonzeros
Variable types: 1234 continuous, 3511 integer (3415 binary)

Root relaxation: objective 6.640625e-02, 6614 iterations, 0.27 seconds (0.31 work units)

    Nodes    |    Current Node    |     Objective Bounds      |     Work
 Expl Unexpl |  Obj  Depth IntInf | Incumbent    BestBd   Gap | It/Node Time

     0     0    0.06641    0 3464          -    0.06641      -     -    0s
     0     0 4.3873e+09    0 3369          - 4.3873e+09      -     -    1s
     0     0 5.6000e+09    0 3338          - 5.6000e+09      -     -    1s
     0     0 5.6357e+09    0 3336          - 5.6357e+09      -     -    2s
     0     0 7.0269e+09    0 3301          - 7.0269e+09      -     -    2s
     0     0 7.0841e+09    0 3296          - 7.0841e+09      -     -    2s
     0     0 7.6184e+09    0 3297          - 7.6184e+09      -     -    3s
H    0     0                    1.864721e+13 7.6184e+09   100%     -    3s
     0     0 7.6184e+09    0 3288 1.8647e+13 7.6184e+09   100%     -    3s
H    0     0                    1.097794e+13 7.6313e+09   100%     -    3s
     0     2 7.6313e+09    0 3288 1.0978e+13 7.6313e+09   100%     -    3s
    15    24 infeasible    4      1.0978e+13 1.9854e+10   100%  1138    5s
    45    54 3.3279e+10    6 3021 1.0978e+13 2.6297e+10   100%  1140   18s
H   77    84                    2.747997e+11 2.6568e+10  90.3%  1132   19s
H   85    84                    2.650793e+11 2.6568e+10  90.0%  1104   19s
    93   101 3.2133e+10    7 2845 2.6508e+11 2.6568e+10  90.0%  1095   20s
H  138   139                    1.922527e+11 2.6568e+10  86.2%  1066   21s
H  147   139                    1.888032e+11 2.6568e+10  85.9%  1056   21s
H  153   139                    1.772309e+11 2.6568e+10  85.0%  1064   21s
H  181   184                    1.692015e+11 2.6568e+10  84.3%  1087   23s
H  184   184                    1.621693e+11 2.6568e+10  83.6%  1079   23s
H  242   239                    1.396060e+11 2.6568e+10  81.0%  1162   27s
H  245   239                    1.358221e+11 2.6568e+10  80.4%  1172   27s
H  246   239                    1.212900e+11 2.6568e+10  78.1%  1170   27s
H  247   239                    1.149688e+11 2.6568e+10  76.9%  1169   27s
H  250   239                    1.046373e+11 2.6568e+10  74.6%  1166   27s
H  288   286                    1.045067e+11 2.6568e+10  74.6%  1192   29s
H  296   286                    1.037660e+11 2.6568e+10  74.4%  1184   29s
   307   306 3.6336e+10   13 2159 1.0377e+11 2.6568e+10  74.4%  1241   30s
   584   588 5.6337e+10   17 2081 1.0377e+11 2.6568e+10  74.4%  1079   35s
H  659   606                    1.036354e+11 2.6568e+10  74.4%  1015   36s
H  660   606                    1.030847e+11 2.6568e+10  74.2%  1016   36s
H  672   606                    1.024810e+11 2.6568e+10  74.1%  1005   36s
H  683   606                    1.008411e+11 2.6568e+10  73.7%   993   36s
  1132  1015 7.2243e+10   21 1718 1.0084e+11 2.6568e+10  73.7%   773   40s
H 1711  1438                    9.851139e+10 2.6568e+10  73.0%   671   46s
H 1718  1431                    9.812189e+10 2.6568e+10  72.9%   670   46s
H 1732  1391                    9.661629e+10 2.6568e+10  72.5%   667   46s
  2048  1603 7.9226e+10   19 1694 9.6616e+10 2.6568e+10  72.5%   620   57s
  2055  1613 2.6568e+10   15 2808 9.6616e+10 2.6568e+10  72.5%   631   60s
  2147  1674 3.8432e+10   20 2319 9.6616e+10 2.7016e+10  72.0%   685   65s
H 2196  1608                    9.649020e+10 2.7016e+10  72.0%   712   67s
  2232  1645 5.5353e+10   20 2113 9.6490e+10 2.7016e+10  72.0%   733   70s
H 2291  1607                    9.443025e+10 2.7016e+10  71.4%   770   74s
  2311  1623 5.4210e+10   25 2040 9.4430e+10 2.7016e+10  71.4%   781   75s
  2432  1709 6.5429e+10   28 1972 9.4430e+10 2.7016e+10  71.4%   839   80s
  2565  1779 6.7721e+10   33 1923 9.4430e+10 2.7016e+10  71.4%   891   85s
H 2606  1707                    9.399203e+10 2.7016e+10  71.3%   906   90s
H 2611  1636                    9.357996e+10 2.7016e+10  71.1%   907   90s
H 2613  1571                    9.348877e+10 2.7016e+10  71.1%   907   90s
H 2617  1507                    9.286429e+10 2.7016e+10  70.9%   910   90s
H 2625  1456                    9.242607e+10 2.7016e+10  70.8%   913   94s
  2645  1478 7.1025e+10   39 1866 9.2426e+10 2.7016e+10  70.8%   922   95s
  2778  1548 6.9506e+10   45 1747 9.2426e+10 2.7016e+10  70.8%   974  100s
  2934  1609 7.0013e+10   52 1722 9.2426e+10 2.7016e+10  70.8%  1018  105s
  3097  1682 7.6617e+10   54 1671 9.2426e+10 2.7016e+10  70.8%  1071  110s
  3292  1744 4.9523e+10   20 2126 9.2426e+10 3.3331e+10  63.9%  1112  116s
  3425  1795 5.9037e+10   23 2149 9.2426e+10 3.3331e+10  63.9%  1147  120s
  3575  1863 6.1532e+10   26 2107 9.2426e+10 3.3331e+10  63.9%  1177  125s
  3824  2073 6.3763e+10   28 2086 9.2426e+10 3.3331e+10  63.9%  1189  130s
  4259  2341 8.1695e+10   33 1410 9.2426e+10 3.3331e+10  63.9%  1153  135s
  4786  2485 4.5679e+10   20 2206 9.2426e+10 4.0817e+10  55.8%  1100  140s
  5006  2561 5.4582e+10   20 2168 9.2426e+10 4.0817e+10  55.8%  1088  147s
  5189  2677 6.5581e+10   22 2176 9.2426e+10 4.0817e+10  55.8%  1080  150s
H 5485  2765                    9.242606e+10 4.0817e+10  55.8%  1064  152s
  5678  3003 8.4885e+10   37 1266 9.2426e+10 4.5839e+10  50.4%  1046  155s
  6297  3587 7.1908e+10   27 2113 9.2426e+10 4.8535e+10  47.5%  1010  161s
  7137  4078 8.8043e+10   66  573 9.2426e+10 4.8535e+10  47.5%   947  167s
  7489  4267 8.6523e+10   30 1977 9.2426e+10 4.8535e+10  47.5%   930  170s
  8102  4710 9.1549e+10   26 1476 9.2426e+10 5.1338e+10  44.5%   921  177s
  8428  4986 6.9030e+10   23 2000 9.2426e+10 5.1338e+10  44.5%   921  181s
  8805  5125 7.2267e+10   28 1720 9.2426e+10 5.1338e+10  44.5%   912  185s
  9342  5523 9.2214e+10   45  618 9.2426e+10 5.3855e+10  41.7%   917  193s
  9669  5874 7.2267e+10   26 1690 9.2426e+10 5.3855e+10  41.7%   920  197s
 10193  6182     cutoff   53      9.2426e+10 5.5104e+10  40.4%   907  201s
 10651  6368 9.1233e+10   31 1630 9.2426e+10 5.5969e+10  39.4%   895  206s
 11018  6550 8.4028e+10   33 2241 9.2426e+10 5.6626e+10  38.7%   897  212s
 11344  6779 6.8948e+10   27 1795 9.2426e+10 5.7129e+10  38.2%   894  216s
 11741  7171 8.6622e+10   50  671 9.2426e+10 5.8089e+10  37.2%   894  222s
 12339  7583 8.2735e+10   33 1162 9.2426e+10 5.8193e+10  37.0%   885  227s
 12935  7922 7.2893e+10   27 2047 9.2426e+10 5.9011e+10  36.2%   878  233s
 13445  8176 7.6137e+10   23 2250 9.2426e+10 5.9088e+10  36.1%   876  238s
 13836  8456 7.6757e+10   27 1704 9.2426e+10 5.9263e+10  35.9%   874  244s
 14293  8544 7.7466e+10   31 1456 9.2426e+10 5.9263e+10  35.9%   878  284s
 14414  9031 7.7466e+10   32 1436 9.2426e+10 5.9263e+10  35.9%   875  290s
 15110  9317 9.0686e+10   45  844 9.2426e+10 6.0133e+10  34.9%   867  296s
 15620  9669 8.7456e+10   32 1382 9.2426e+10 6.0314e+10  34.7%   871  303s
 16338  9953 8.6276e+10   34 1668 9.2426e+10 6.0900e+10  34.1%   863  310s
 16822 10296 8.6519e+10   40 1607 9.2426e+10 6.0900e+10  34.1%   867  317s
 17436 10532     cutoff   33      9.2426e+10 6.1755e+10  33.2%   869  324s
 17910 10846     cutoff   30      9.2426e+10 6.1768e+10  33.2%   877  332s
 18565 11045 9.0825e+10   31 2200 9.2426e+10 6.2499e+10  32.4%   880  339s
 18949 11662 7.7424e+10   39 1060 9.2426e+10 6.2783e+10  32.1%   880  349s
 19992 12200 8.0442e+10   28 2082 9.2426e+10 6.3047e+10  31.8%   869  357s
 20940 12851 8.8174e+10   34 1307 9.2426e+10 6.3402e+10  31.4%   864  368s
 22039 13166 8.4007e+10   40 1098 9.2426e+10 6.3664e+10  31.1%   861  381s
 22636 13604 8.1594e+10   27 2244 9.2426e+10 6.3953e+10  30.8%   861  391s
 23517 14016 8.8343e+10   28 2098 9.2426e+10 6.4330e+10  30.4%   863  401s
 24355 14443 7.4874e+10   29 1261 9.2426e+10 6.4630e+10  30.1%   868  412s
 25268 15018 9.1530e+10   29 2010 9.2426e+10 6.4835e+10  29.9%   871  424s
 26481 15994 8.9331e+10   31 1790 9.2426e+10 6.5042e+10  29.6%   870  435s
 28161 16537 9.2226e+10   24 2236 9.2426e+10 6.5294e+10  29.4%   853  446s
 29255 16986     cutoff   26      9.2426e+10 6.5642e+10  29.0%   851  457s
 30217 17594 6.9975e+10   26 1705 9.2426e+10 6.5950e+10  28.6%   853  469s
 31382 18238     cutoff   41      9.2426e+10 6.6263e+10  28.3%   850  481s
 32601 19158 8.1649e+10   30 1298 9.2426e+10 6.6553e+10  28.0%   849  494s
 34141 19794     cutoff   33      9.2426e+10 6.6617e+10  27.9%   843  507s
 35514 20601     cutoff   31      9.2426e+10 6.6903e+10  27.6%   840  521s
 37027 21163     cutoff   31      9.2426e+10 6.7176e+10  27.3%   835  538s
 38427 22023 9.1281e+10   49  709 9.2426e+10 6.7323e+10  27.2%   834  554s
 40236 23086 8.8901e+10   39 2116 9.2426e+10 6.7619e+10  26.8%   827  568s
 42304 23087 8.7822e+10   37 1681 9.2426e+10 6.7843e+10  26.6%   815  664s
 42306 23088 8.8571e+10   44 3061 9.2426e+10 6.7843e+10  26.6%   815  665s
 42312 23092 7.5091e+10   29 3177 9.2426e+10 6.7843e+10  26.6%   815  670s
 42331 23105 8.5373e+10   34 3122 9.2426e+10 6.7843e+10  26.6%   815  675s
 42349 23117 7.7009e+10   30 3033 9.2426e+10 6.7843e+10  26.6%   815  680s
 42364 23127 9.1435e+10   51 3130 9.2426e+10 6.7843e+10  26.6%   814  685s
 42378 23136 8.8890e+10   46 3118 9.2426e+10 6.7843e+10  26.6%   814  690s
 42400 23151 8.1032e+10   29 3081 9.2426e+10 6.7843e+10  26.6%   814  695s
 42419 23164 7.4364e+10   38 3046 9.2426e+10 6.7843e+10  26.6%   813  700s
 42429 23170 8.8574e+10   31 3000 9.2426e+10 6.7843e+10  26.6%   813  706s
 42432 23175 6.7843e+10   25 2867 9.2426e+10 6.7843e+10  26.6%   815  725s
 42434 23179 6.7843e+10   26 2548 9.2426e+10 6.7843e+10  26.6%   815  739s
 42438 23185 6.7843e+10   27 2474 9.2426e+10 6.7843e+10  26.6%   815  755s
 42446 23199 6.7843e+10   28 2411 9.2426e+10 6.7843e+10  26.6%   815  772s
 42462 23205 6.7843e+10   29 2448 9.2426e+10 6.7843e+10  26.6%   815  777s
 42510 23232 6.7843e+10   30 2324 9.2426e+10 6.7843e+10  26.6%   815  781s
 42655 23328 8.5723e+10   35 2160 9.2426e+10 6.7843e+10  26.6%   814  785s
 42848 23364 8.8190e+10   46 1943 9.2426e+10 6.7843e+10  26.6%   812  790s
 43155 23437 7.0872e+10   31 2158 9.2426e+10 6.7843e+10  26.6%   810  795s
 43462 23591 7.4144e+10   35 1595 9.2426e+10 6.7843e+10  26.6%   807  800s
 43831 23698 8.2151e+10   44 1689 9.2426e+10 6.7843e+10  26.6%   804  806s
 44021 23788 9.0026e+10   50 1434 9.2426e+10 6.7843e+10  26.6%   803  814s
 44141 23794 9.1624e+10   54 1003 9.2426e+10 6.7843e+10  26.6%   802  818s
 44247 23803 9.2064e+10   56  866 9.2426e+10 6.7843e+10  26.6%   801  823s
 44304 23860 9.2355e+10   56  825 9.2426e+10 6.7843e+10  26.6%   802  829s
 44418 23855 9.1790e+10   55  995 9.2426e+10 6.7843e+10  26.6%   801  831s
 44614 23943 infeasible   39      9.2426e+10 6.7843e+10  26.6%   800  835s
 45028 24025 8.6244e+10   42 1647 9.2426e+10 6.7843e+10  26.6%   797  842s
 45346 24038 8.5154e+10   42 2210 9.2426e+10 6.7843e+10  26.6%   795  847s
