
Gurobi 9.5.0 (linux64) logging started Tue 15 Nov 2022 12:06:53 AM PST

Set parameter LogFile to value "experiments/t_1_theta_0.5/gurobi.1668499612.log"
Set parameter LogToConsole to value 0
Set parameter TimeLimit to value 1800
Set parameter Threads to value 16
Gurobi Optimizer version 9.5.0 build v9.5.0rc5 (linux64)
Thread count: 8 physical cores, 16 logical processors, using up to 16 threads
Optimize a model with 339 rows, 1398 columns and 5276 nonzeros
Model fingerprint: 0xc5aee0b4
Model has 3400 quadratic objective terms
Model has 75 quadratic constraints
Model has 1 general constraint
Variable types: 80 continuous, 1318 integer (1318 binary)
Coefficient statistics:
  Matrix range     [1e+00, 1e+01]
  QMatrix range    [1e+00, 1e+00]
  QLMatrix range   [1e+00, 1e+00]
  Objective range  [0e+00, 0e+00]
  QObjective range [4e-05, 2e+01]
  Bounds range     [1e+00, 8e+02]
  RHS range        [1e+00, 1e+02]
Presolve added 0 rows and 1025 columns
Presolve removed 26 rows and 0 columns
Presolve time: 0.01s
Presolved: 2395 rows, 4505 columns, 12202 nonzeros
Presolved model has 1 SOS constraint(s)
Variable types: 1105 continuous, 3400 integer (3375 binary)

Root relaxation: objective 4.603211e-01, 1454 iterations, 0.05 seconds (0.07 work units)

    Nodes    |    Current Node    |     Objective Bounds      |     Work
 Expl Unexpl |  Obj  Depth IntInf | Incumbent    BestBd   Gap | It/Node Time

     0     0    0.46032    0 1319          -    0.46032      -     -    0s
H    0     0                      20.5675146    0.46032  97.8%     -    0s
H    0     0                      12.2212785    0.46032  96.2%     -    0s
     0     0    0.50264    0 1318   12.22128    0.50264  95.9%     -    0s
     0     0    0.59587    0 1221   12.22128    0.59587  95.1%     -    0s
     0     0    0.59618    0 1221   12.22128    0.59618  95.1%     -    0s
     0     0    0.60584    0 1225   12.22128    0.60584  95.0%     -    0s
     0     0    0.60663    0 1236   12.22128    0.60663  95.0%     -    0s
     0     0    0.60892    0 1249   12.22128    0.60892  95.0%     -    0s
     0     0    0.60892    0 1248   12.22128    0.60892  95.0%     -    0s
     0     2    0.60901    0 1248   12.22128    0.60901  95.0%     -    0s
H  173   172                       3.7345926    0.61498  83.5%   234    3s
H  661   650                       3.3783791    0.61498  81.8%   221    5s
H  662   650                       2.2354646    0.61498  72.5%   221    5s
H  667   650                       2.2057716    0.61498  72.1%   221    5s
H  668   650                       1.8514254    0.61498  66.8%   221    5s
H  820   858                       1.6215783    0.61498  62.1%   215    5s
H 1308  1245                       1.6205721    0.61689  61.9%   195    6s
H 1309  1204                       1.5834956    0.61689  61.0%   195    6s
H 1310  1179                       1.5596151    0.61689  60.4%   195    6s
H 1311  1178                       1.5586577    0.61689  60.4%   195    6s
H 1314  1167                       1.5486430    0.61689  60.2%   195    6s
H 1318   999                       1.4004945    0.61689  56.0%   195    6s
H 1879  1488                       1.3943746    0.61732  55.7%   196    7s
H 2118  1621                       1.3889273    0.61732  55.6%   199    8s
  2126  1626    0.81451    7 1238    1.38893    0.63120  54.6%   198   10s
H 2127  1544                       1.3882145    0.63142  54.5%   198   10s
H 2127  1467                       1.3788013    0.63142  54.2%   198   10s
H 2127  1393                       1.3757246    0.63142  54.1%   198   10s
  2145  1405    1.37572  195 1332    1.37572    0.67025  51.3%   196   15s
H 2154  1340                       1.3676861    0.68172  50.2%   196   17s
  2166  1350    1.20336   74 1259    1.36769    0.68219  50.1%   207   20s
H 2168  1283                       1.3669734    0.68320  50.0%   207   21s
H 2173  1222                       1.3660005    0.69531  49.1%   206   23s
  2180  1226    1.19330   74 1365    1.36600    0.69914  48.8%   206   25s
  2219  1269    0.70783   25 1281    1.36600    0.70338  48.5%   228   30s
H 2271  1238                       1.3660005    0.70470  48.4%   242   34s
H 2273  1178                       1.2803651    0.70470  45.0%   242   34s
  2283  1198    0.71886   27 1334    1.28037    0.70470  45.0%   243   35s
H 2329  1166                       1.2785819    0.70687  44.7%   257   36s
H 2332  1112                       1.2745458    0.70687  44.5%   258   36s
  2369  1145    0.73356   30 1315    1.27455    0.70687  44.5%   266   47s
H 2370  1095                       1.2562673    0.70687  43.7%   266   47s
H 2372  1046                       1.2436488    0.70687  43.2%   267   47s
H 2383   997                       1.2395295    0.70687  43.0%   271   47s
  2521  1095    0.73699   34 1283    1.23953    0.70687  43.0%   286   50s
  2885  1285    0.76423   41 1270    1.23953    0.70687  43.0%   305   55s
  3217  1442    0.83018   47 1216    1.23953    0.70687  43.0%   310   60s
  3562  1605    0.86276   55 1180    1.23953    0.70687  43.0%   329   66s
  3778  1746    0.94434   57 1064    1.23953    0.70687  43.0%   348   70s
H 3875  1704                       1.2395295    0.70687  43.0%   351   72s
  3995  1828    1.05834   60 1155    1.23953    0.70687  43.0%   357   75s
  4540  2141    1.09457   74  936    1.23953    0.70687  43.0%   361   80s
  4915  2393    1.19949   94  715    1.23953    0.70687  43.0%   357   94s
H 5045  2406                       1.2386280    0.70687  42.9%   358  103s
  5064  2581    1.20401   99  723    1.23863    0.70687  42.9%   359  105s
  5598  2886    1.23135  133  555    1.23863    0.70687  42.9%   364  111s
  5968  3143    0.89862   26 1354    1.23863    0.73698  40.5%   368  115s
  6536  3485 infeasible   32         1.23863    0.74715  39.7%   374  122s
  6945  3826    1.16779   48 1125    1.23863    0.75359  39.2%   379  126s
  7442  4305    0.93080   42 1159    1.23863    0.75363  39.2%   381  131s
  8191  4895    0.89148   41 1205    1.23863    0.75385  39.1%   373  136s
  8767  5255    0.89931   43 1189    1.23863    0.76762  38.0%   375  143s
  9009  5525    0.81895   46 1140    1.23863    0.76762  38.0%   378  145s
  9710  6101    1.03742   41 1192    1.23863    0.76827  38.0%   378  152s
 10116  6401    1.00496   36 1143    1.23863    0.76840  38.0%   377  155s
 10953  6980    0.83975   39 1166    1.23863    0.76882  37.9%   376  162s
 11337  7267 infeasible   46         1.23863    0.76886  37.9%   378  166s
 11721  7651    1.03868   51 1141    1.23863    0.76895  37.9%   379  170s
 12777  8350    0.98509   41 1073    1.23863    0.77104  37.8%   376  178s
 13292  8921    0.80732   31 1227    1.23863    0.77181  37.7%   375  182s
 13975  9321    1.07540   51 1078    1.23863    0.77320  37.6%   370  186s
 14585  9640    1.00688   37 1226    1.23863    0.77493  37.4%   369  191s
 14994 10074     cutoff   57         1.23863    0.77592  37.4%   372  196s
 15530 10456    1.12384   73 1005    1.23863    0.77608  37.3%   373  201s
 16102 10749    1.17284   51 1154    1.23863    0.77620  37.3%   374  206s
 16564 11220    0.94196   55 1156    1.23863    0.78117  36.9%   377  212s
 17201 11669    0.82866   39 1243    1.23863    0.78227  36.8%   377  217s
 17802 12101     cutoff   89         1.23863    0.78263  36.8%   378  223s
 18490 12523    1.23726   61  876    1.23863    0.78356  36.7%   378  230s
H19037 12516                       1.2384085    0.78362  36.7%   377  230s
 19295 12697    1.11423   58  875    1.23841    0.78362  36.7%   376  238s
H19505 12683                       1.2377059    0.78362  36.7%   377  238s
 19594 13196    1.21903   73  863    1.23771    0.78381  36.7%   377  244s
 20232 13698    1.21001   56  941    1.23771    0.78466  36.6%   379  251s
 20865 14407    1.06532   39 1204    1.23771    0.78473  36.6%   382  259s
 21685 15139    1.08890   63  975    1.23771    0.78512  36.6%   381  267s
 22686 15677    0.92468   49 1099    1.23771    0.78688  36.4%   379  274s
 23528 16368    1.14441   51 1078    1.23771    0.78814  36.3%   380  282s
 24471 17052    0.98699   52 1083    1.23771    0.78909  36.2%   379  290s
 25268 17683    1.16715   76  865    1.23771    0.78909  36.2%   381  298s
 26140 18351     cutoff   88         1.23771    0.78937  36.2%   383  307s
 27150 18920    1.16902   38 1179    1.23771    0.79113  36.1%   384  316s
 28050 19777    1.00521   46 1080    1.23771    0.79255  36.0%   386  326s
 29156 20349    1.00896   46 1087    1.23771    0.79368  35.9%   386  336s
 29971 20777    1.22064   57 1110    1.23771    0.79380  35.9%   389  346s
 30877 21529     cutoff   48         1.23771    0.79447  35.8%   392  357s
 31982 22265    0.85903   44 1136    1.23771    0.79613  35.7%   394  369s
 32984 23099    0.86205   67 1228    1.23771    0.79709  35.6%   397  382s
 34095 24084    0.93801   49 1132    1.23771    0.79709  35.6%   399  394s
 35338 25231    1.17917   83  747    1.23771    0.79766  35.6%   401  407s
 36935 26118    1.01928   53 1130    1.23771    0.80063  35.3%   400  420s
 38186 27076    1.17157   45 1101    1.23771    0.80567  34.9%   402  435s
 39501 28328    1.08964   53 1150    1.23771    0.80726  34.8%   405  449s
 41134 29393    1.14161   60 1196    1.23771    0.80962  34.6%   405  465s
 42619 30135    1.21211   53 1051    1.23771    0.81091  34.5%   407  481s
 43858 31065    0.89038   45 1172    1.23771    0.81281  34.3%   411  497s
 45316 32466     cutoff   51         1.23771    0.81627  34.0%   413  513s
 47259 33526    1.07623   48 1049    1.23771    0.81884  33.8%   412  530s
 48883 34700    1.06848   52 1189    1.23771    0.82179  33.6%   412  545s
H50410 35527                       1.2374049    0.82278  33.5%   414  562s
H51506 35527                       1.2374048    0.82382  33.4%   415  562s
H51835 35450                       1.2367624    0.82397  33.4%   415  631s
H51837 35450                       1.2367624    0.82397  33.4%   415  631s
H51843 35450                       1.2367624    0.82397  33.4%   415  631s
H51846 35450                       1.2367623    0.82397  33.4%   415  631s
 51858 36584    1.10020   46 1190    1.23676    0.82402  33.4%   415  647s
 53431 37718    1.00213   47 1188    1.23676    0.82582  33.2%   417  664s
 55043 38693    1.05782   36 1252    1.23676    0.82667  33.2%   417  681s
 56475 39761    1.08246   45 1204    1.23676    0.82782  33.1%   420  698s
 58131 40591    1.21378   60 1127    1.23676    0.82884  33.0%   420  714s
 59867 41669    1.21737   60 1066    1.23676    0.82966  32.9%   421  731s
 61501 42819    1.01706   46 1189    1.23676    0.83117  32.8%   421  747s
 63161 43983    1.15761   85  869    1.23676    0.83154  32.8%   422  764s
 64966 45176    1.16486   74  840    1.23676    0.83260  32.7%   422  780s
 66618 46097    1.07897   49 1197    1.23676    0.83349  32.6%   422  798s
 67797 47213    1.19592   76  832    1.23676    0.83379  32.6%   422  815s
 69511 48669     cutoff   87         1.23676    0.83687  32.3%   422  832s
 71288 49988    1.17625   74  889    1.23676    0.83805  32.2%   422  848s
 73017 51177     cutoff   83         1.23676    0.83861  32.2%   422  864s
 75121 52109    1.23497   44 1128    1.23676    0.84020  32.1%   421  879s
 76607 52934    1.11169   46 1192    1.23676    0.84150  32.0%   421  896s
 77981 53885     cutoff   64         1.23676    0.84250  31.9%   423  913s
 79417 55074    1.13664   61  906    1.23676    0.84516  31.7%   424  928s
 80930 56264    1.23440   86  838    1.23676    0.84555  31.6%   425  945s
 82692 57426    1.12354   47 1161    1.23676    0.84670  31.5%   425  962s
 84330 58527    0.93665   42 1164    1.23676    0.84866  31.4%   425  978s
 85918 59600    1.21485   95  935    1.23676    0.84930  31.3%   425  994s
 87274 60656    1.06046   54 1227    1.23676    0.84964  31.3%   427 1011s
 88842 61835    1.20771   81  745    1.23676    0.85085  31.2%   427 1028s
 90558 62942    1.16118   43 1150    1.23676    0.85182  31.1%   427 1044s
 91973 64229    1.17243   82  756    1.23676    0.85238  31.1%   428 1060s
 93695 65583    1.14996   51 1008    1.23676    0.85312  31.0%   428 1076s
 95685 66536    1.00415   41 1170    1.23676    0.85485  30.9%   427 1092s
 97073 67741    1.10694   51  938    1.23676    0.85565  30.8%   428 1108s
 98666 68876    1.22966  100  587    1.23676    0.85581  30.8%   429 1123s
 100283 69958    1.18260   82  781    1.23676    0.85781  30.6%   429 1140s
 101949 70984 infeasible   69         1.23676    0.86199  30.3%   429 1156s
 103528 72060    1.18378   52 1086    1.23676    0.86402  30.1%   430 1172s
 105283 73183    1.15600   49 1092    1.23676    0.86596  30.0%   429 1188s
 106941 74227    1.23155   82  853    1.23676    0.86786  29.8%   429 1204s
 108370 75155    1.21014   77  844    1.23676    0.86816  29.8%   430 1221s
 109949 76047    1.22483   91  972    1.23676    0.87069  29.6%   431 1238s
 111445 77146    1.04378   57 1117    1.23676    0.87367  29.4%   431 1254s
 112904 78074    1.08168   45 1198    1.23676    0.87471  29.3%   432 1271s
 114358 79159     cutoff   41         1.23676    0.87594  29.2%   433 1288s
 115937 80213     cutoff   69         1.23676    0.87664  29.1%   434 1306s
 117761 81167    0.98926   49 1083    1.23676    0.87781  29.0%   434 1323s
 119177 82317 infeasible   29         1.23676    0.87900  28.9%   435 1339s
 120661 83344 infeasible   30         1.23676    0.88089  28.8%   436 1356s
 122182 84661    1.01010   48 1138    1.23676    0.88191  28.7%   437 1373s
 124073 85701    0.99939   55 1029    1.23676    0.88230  28.7%   436 1390s
 125921 87066    1.06307   52 1129    1.23676    0.88442  28.5%   436 1406s
 127628 88131    1.23014   86  814    1.23676    0.88612  28.4%   436 1422s
 129266 89255    1.02277   47 1002    1.23676    0.88721  28.3%   436 1438s
 130941 90324 infeasible   32         1.23676    0.88746  28.2%   436 1454s
 132580 91428    1.09777   65 1008    1.23676    0.88901  28.1%   436 1470s
 134221 92433    0.99696   54 1101    1.23676    0.88990  28.0%   436 1485s
 135849 93322    0.90412   44 1174    1.23676    0.89128  27.9%   437 1502s
 137326 94198    1.13102   63  962    1.23676    0.89336  27.8%   437 1518s
 138701 95232     cutoff   74         1.23676    0.89430  27.7%   438 1535s
 140240 96003    1.22539   79  833    1.23676    0.89558  27.6%   439 1558s
 141205 97239 infeasible   39         1.23676    0.89558  27.6%   439 1575s
 143012 98620     cutoff   94         1.23676    0.89680  27.5%   439 1592s
 144889 99732    1.14996   84  947    1.23676    0.89725  27.5%   438 1610s
 146649 100906    1.19908   42 1290    1.23676    0.89841  27.4%   438 1627s
 148388 102052    1.23391   52 1056    1.23676    0.89895  27.3%   438 1644s
 150105 103355    1.04272   46 1155    1.23676    0.89970  27.3%   438 1660s
 151859 104570    1.01826   43 1203    1.23676    0.90142  27.1%   438 1676s
 153463 105817    0.99356   47 1015    1.23676    0.90155  27.1%   438 1692s
 155344 106711    1.12692   47 1040    1.23676    0.90197  27.1%   438 1708s
 156916 107854    1.13188   65 1044    1.23676    0.90311  27.0%   438 1724s
 158629 108904    1.22150   93  751    1.23676    0.90426  26.9%   438 1740s
 160222 109991    1.03871   41 1255    1.23676    0.90498  26.8%   438 1756s
 161978 111041    1.22323   65  960    1.23676    0.90601  26.7%   437 1771s
 163632 112301 infeasible   44         1.23676    0.90746  26.6%   437 1787s
 165472 113225    1.17318   78  911    1.23676    0.90835  26.6%   437 1800s

Cutting planes:
  Gomory: 419
  Cover: 67
  MIR: 53
  StrongCG: 1
  Flow cover: 34
  Inf proof: 1
  Zero half: 21
  RLT: 8

Explored 166728 nodes (72839344 simplex iterations) in 1800.01 seconds (3396.16 work units)
Thread count was 16 (of 16 available processors)

Solution count 10: 1.23676 1.23676 1.23676 ... 1.23953

Time limit reached
Warning: max constraint violation (6.4459e-05) exceeds tolerance
Warning: max general constraint violation (6.4459e-05) exceeds tolerance
Best objective 1.236762332422e+00, best bound 9.090573885410e-01, gap 26.4970%
