
Gurobi 9.5.0 (linux64) logging started Mon 14 Nov 2022 08:46:04 AM PST

Set parameter LogFile to value "experiments/t_5_theta_0.0/gurobi.1668444362.log"
Set parameter LogToConsole to value 0
Set parameter TimeLimit to value 1800
Set parameter Threads to value 16
Gurobi Optimizer version 9.5.0 build v9.5.0rc5 (linux64)
Thread count: 8 physical cores, 16 logical processors, using up to 16 threads
Optimize a model with 343 rows, 1518 columns and 5392 nonzeros
Model fingerprint: 0x66fbd794
Model has 125 quadratic objective terms
Model has 375 quadratic constraints
Model has 5 general constraints
Variable types: 100 continuous, 1418 integer (1418 binary)
Coefficient statistics:
  Matrix range     [1e+00, 1e+01]
  QMatrix range    [1e+00, 1e+00]
  QLMatrix range   [1e+00, 1e+00]
  Objective range  [0e+00, 0e+00]
  QObjective range [2e+00, 2e+00]
  Bounds range     [1e+00, 8e+02]
  RHS range        [1e+00, 1e+02]
Presolve added 77 rows and 1523 columns
Presolve time: 0.02s
Presolved: 1185 rows, 3486 columns, 32274 nonzeros
Variable types: 1785 continuous, 1701 integer (1483 binary)

Root relaxation: objective 0.000000e+00, 668 iterations, 0.01 seconds (0.01 work units)

    Nodes    |    Current Node    |     Objective Bounds      |     Work
 Expl Unexpl |  Obj  Depth IntInf | Incumbent    BestBd   Gap | It/Node Time

     0     0    0.00000    0  104          -    0.00000      -     -    0s
     0     0    0.00000    0  225          -    0.00000      -     -    0s
H    0     0                    3564.0376429    0.00000   100%     -    0s
H    0     0                    3218.3998509    0.00000   100%     -    0s
H    0     0                    3210.3392017    0.00000   100%     -    0s
     0     0   58.88641    0  189 3210.33920   58.88641  98.2%     -    0s
     0     0   58.88641    0   81 3210.33920   58.88641  98.2%     -    0s
     0     0   58.88641    0   74 3210.33920   58.88641  98.2%     -    0s
H    0     0                    2663.3519457   58.88641  97.8%     -    0s
     0     0   58.88641    0  191 2663.35195   58.88641  97.8%     -    0s
     0     0   58.88641    0  163 2663.35195   58.88641  97.8%     -    0s
     0     0   58.88641    0  100 2663.35195   58.88641  97.8%     -    0s
     0     0   58.88641    0  107 2663.35195   58.88641  97.8%     -    0s
     0     0   58.88641    0   92 2663.35195   58.88641  97.8%     -    0s
     0     0   58.88641    0   85 2663.35195   58.88641  97.8%     -    0s
     0     2   58.88641    0   66 2663.35195   58.88641  97.8%     -    0s
H   86    90                    2596.3495512  201.18873  92.3%  70.3    1s
H  106   106                    2578.6389212  201.18873  92.2%  74.0    1s
H  901   725                    2570.2455515  213.45146  91.7%  43.2    3s
H  914   725                    2553.0701649  213.45146  91.6%  43.0    3s
  2096  1653 1923.21985   50   56 2553.07016  213.45146  91.6%  37.7    5s
H 2183  1623                    2505.4075201  256.67779  89.8%  40.6    5s
H 2191  1541                    2437.7740707  256.67779  89.5%  40.5    5s
H 4916  2724                    2433.4064040  256.67904  89.5%  35.0    9s
H 4931  2641                    2416.1669886  256.67904  89.4%  34.9    9s
  5906  3076     cutoff   65      2416.16699  264.50783  89.1%  34.6   10s
H 6086  3075                    2408.9002842  264.50783  89.0%  34.6   10s
  8976  5237  698.59589   32   92 2408.90028  323.39424  86.6%  35.2   15s
H 8981  5211                    2386.2741088  323.39424  86.4%  35.2   15s
H 8982  5178                    2362.2148769  323.39424  86.3%  35.2   15s
 14019  9324  556.93981   33   55 2362.21488  347.92239  85.3%  35.8   20s
 21078 14864 1619.35058   46   37 2362.21488  395.58277  83.3%  36.7   25s
H22762 15443                    2345.8443266  398.97877  83.0%  37.1   27s
H22768 15357                    2322.4601610  398.97877  82.8%  37.1   27s
H22789 15336                    2316.3439180  398.97877  82.8%  37.2   27s
 25646 18298  520.30455   31   68 2316.34392  403.50918  82.6%  37.4   30s
 30915 22180  637.22072   39   43 2316.34392  413.75637  82.1%  37.4   35s
 37447 26347  885.38778   32   87 2316.34392  441.34268  80.9%  36.9   40s
 41820 28421 2293.76170   71  435 2316.34392  450.03514  80.6%  36.7   50s
H41881 27037                    2307.0598611  518.55600  77.5%  36.7   54s
 41892 27044 1777.60673   49  273 2307.05986  523.05340  77.3%  36.6   55s
 41939 27075 1628.09914   48  287 2307.05986  527.61675  77.1%  36.6   60s
H41947 25725                    2307.0598607  527.75913  77.1%  36.6   60s
 41999 25759 2029.51876   75  291 2307.05986  532.67382  76.9%  36.6   65s
H42009 24475                    2307.0598583  534.01751  76.9%  36.5   65s
 42043 24502  788.09161   32  158 2307.05986  614.96894  73.3%  38.9   70s
 42899 24903  988.85656   39  234 2307.05986  682.32680  70.4%  43.9   75s
 44456 25449 1294.15842   45  208 2307.05986  699.57714  69.7%  49.6   80s
 45920 25910 1178.88905   49  131 2307.05986  749.60580  67.5%  55.1   85s
 47825 26679 1465.53706   49  188 2307.05986  818.29859  64.5%  60.8   90s
 50078 27367 1331.24715   40  170 2307.05986  850.76521  63.1%  66.8   95s
 52016 27975     cutoff   47      2307.05986  869.04830  62.3%  71.6  100s
 54366 29085 1121.31656   45  177 2307.05986  883.03612  61.7%  77.7  105s
 56254 29829  971.05830   42  213 2307.05986  889.87872  61.4%  82.2  111s
 58210 30596 1876.15655   54  172 2307.05986  896.42001  61.1%  87.1  115s
 59688 30604 1241.40840   42  180 2307.05986  904.59789  60.8%  89.5  124s
 59735 31075 1262.00297   43  170 2307.05986  904.83682  60.8%  89.7  126s
 61323 31611 2273.13992   60   77 2307.05986  913.63196  60.4%  92.6  130s
 64049 32526 2203.97093   58  144 2307.05986  924.55739  59.9%  97.4  136s
 65935 32976 1463.48035   46  196 2307.05986  931.88247  59.6%   100  140s
 68664 33884 1757.22903   47  197 2307.05986  946.33494  59.0%   104  147s
 70962 34459 1641.86801   47  179 2307.05986  954.44773  58.6%   106  152s
 72092 34744 1223.60526   41  175 2307.05986  956.48282  58.5%   108  155s
 74511 35463 1401.74569   49  204 2307.05986  964.55384  58.2%   110  161s
 76725 36514 1464.65778   49  170 2307.05986  970.89022  57.9%   114  167s
 78165 37056 1131.29062   42  210 2307.05986  973.28279  57.8%   115  170s
 80990 38061 1794.24320   50  172 2307.05986  980.22283  57.5%   118  178s
 82711 38681 1068.62450   47  182 2307.05986  983.95546  57.4%   119  182s
 84359 39254 1506.91729   45  192 2307.05986  987.55741  57.2%   121  186s
 87858 39836 2243.93616   49  147 2307.05986  994.68262  56.9%   123  193s
 89536 40451 1274.60479   42  207 2307.05986  999.15577  56.7%   124  197s
 91133 40688 2299.85787   74   78 2307.05986 1002.53255  56.5%   126  200s
 94240 41959 2236.24095   62  123 2307.05986 1009.09468  56.3%   128  207s
 95966 42262     cutoff   61      2307.05986 1011.54880  56.2%   129  211s
 97502 42839 2069.44426   57  130 2307.05986 1015.63182  56.0%   130  215s
 100633 44034 2019.70176   49  190 2307.05986 1019.87050  55.8%   132  222s
 102057 44712 2281.76498   67   56 2307.05986 1020.26184  55.8%   134  226s
 103641 45357 1413.10011   42  161 2307.05986 1023.81492  55.6%   135  230s
H105050 43441                    2299.4890847 1025.87997  55.4%   136  230s
H105297 42306                    2277.5623790 1026.69997  54.9%   136  234s
H105942 40893                    2269.4022283 1027.81091  54.7%   137  234s
 106785 41816 1684.26221   55  170 2269.40223 1028.43553  54.7%   137  238s
 109141 42756 2160.17590   55  129 2269.40223 1031.46411  54.5%   137  242s
 110621 43738 1131.02393   44  175 2269.40223 1035.41936  54.4%   138  245s
 113749 45644 1145.38692   44  179 2269.40223 1039.60705  54.2%   140  253s
 115275 46740 2192.55202   63  103 2269.40223 1042.71111  54.1%   141  256s
 116864 47695 1781.16625   51  178 2269.40223 1044.43427  54.0%   142  260s
 120197 49643     cutoff   64      2269.40223 1048.97237  53.8%   143  267s
 121460 50632 1202.79473   45  226 2269.40223 1050.05488  53.7%   144  271s
 123135 51810 1208.01084   43  158 2269.40223 1052.75527  53.6%   144  275s
 126524 53959     cutoff   63      2269.40223 1056.96234  53.4%   146  282s
 128187 54811 1290.62360   44  127 2269.40223 1058.35024  53.4%   146  286s
 131654 56461 1942.35022   53  178 2269.40223 1064.13351  53.1%   147  293s
 133227 57326 1474.85373   48  167 2269.40223 1066.31545  53.0%   147  296s
 134685 58209 1549.93528   45  192 2269.40223 1068.64628  52.9%   148  300s
 137869 59984 2160.51615   62  132 2269.40223 1071.66225  52.8%   149  307s
 139522 60946 2259.70279   63  108 2269.40223 1073.65649  52.7%   149  311s
 141062 61789 2259.88147   67   99 2269.40223 1075.07422  52.6%   150  315s
 143772 63912 1543.98561   46  209 2269.40223 1076.94378  52.5%   151  323s
 145409 64817 1396.51425   42  209 2269.40223 1077.67228  52.5%   152  326s
 147094 65820 2230.84212   51  111 2269.40223 1078.64405  52.5%   153  330s
 150488 67550     cutoff   54      2269.40223 1084.00819  52.2%   153  337s
 152119 68440 2058.12354   51  167 2269.40223 1085.68433  52.2%   154  341s
 153845 69355 2007.93313   59  177 2269.40223 1086.98455  52.1%   154  345s
 156966 71466 1514.71187   53  184 2269.40223 1090.27510  52.0%   155  352s
 158494 72366 1675.73283   56  189 2269.40223 1091.91714  51.9%   155  356s
 159895 73340 1155.71722   43  212 2269.40223 1092.72458  51.8%   155  360s
 162903 75297 1721.46333   56  140 2269.40223 1095.62997  51.7%   156  367s
 164519 76384 1419.02662   44  238 2269.40223 1096.72466  51.7%   156  371s
 167816 78414 1406.04416   46  178 2269.40223 1100.11836  51.5%   157  378s
 169476 79487 2105.38773   62   99 2269.40223 1101.25951  51.5%   157  382s
 171145 80551 2100.81464   62  132 2269.40223 1102.61198  51.4%   158  386s
 174418 82593     cutoff   55      2269.40223 1104.80554  51.3%   158  394s
 176032 83778 1458.69854   50  188 2269.40223 1106.00556  51.3%   159  397s
 177657 84822 2107.36816   56  105 2269.40223 1106.98688  51.2%   159  401s
 179244 85798 2122.09413   62  134 2269.40223 1108.10926  51.2%   159  405s
 182422 87897 1615.51202   48  149 2269.40223 1109.93433  51.1%   160  413s
 183970 88857 1547.06220   45  252 2269.40223 1111.25324  51.0%   160  417s
 185600 89749 1221.24503   49  197 2269.40223 1112.51679  51.0%   161  420s
 188868 91927 1949.66907   49  109 2269.40223 1114.52999  50.9%   161  428s
 190559 92840 1836.75813   50  165 2269.40223 1115.68867  50.8%   161  432s
 192243 93814 1911.96420   51  123 2269.40223 1117.18389  50.8%   162  435s
 195453 95921     cutoff   55      2269.40223 1119.40743  50.7%   162  443s
 197023 96012 1976.63461   55  135 2269.40223 1120.44609  50.6%   162  449s
 197157 97336 2041.67476   56  132 2269.40223 1120.46120  50.6%   162  453s
 198967 98466     cutoff   66      2269.40223 1120.94192  50.6%   162  457s
 200640 99411 1563.43502   53  127 2269.40223 1122.07080  50.6%   163  461s
 202508 100306 2182.32710   56  130 2269.40223 1122.70466  50.5%   163  465s
 205254 101879 1240.17174   53  153 2269.40223 1124.33833  50.5%   163  473s
 206981 103104 1734.76143   52  176 2269.40223 1125.99806  50.4%   163  477s
 208736 104114 1312.87868   45  170 2269.40223 1127.00981  50.3%   163  481s
 212118 106105 2019.23606   59  172 2269.40223 1129.21989  50.2%   164  488s
 213886 107078 1276.95160   44  205 2269.40223 1130.59235  50.2%   164  492s
 215597 108012 1294.49966   46  160 2269.40223 1131.58435  50.1%   164  496s
 218968 109862 1530.55695   51  201 2269.40223 1133.71972  50.0%   164  503s
 220565 110877 1654.27043   56  132 2269.40223 1134.54505  50.0%   164  506s
 222084 111847 2036.22937   62  143 2269.40223 1135.41210  50.0%   164  510s
 225427 113663     cutoff   60      2269.40223 1137.38684  49.9%   164  517s
 226940 114854 2155.51966   58  117 2269.40223 1138.16537  49.8%   164  520s
 230253 116677 1904.09406   50  189 2269.40223 1139.62038  49.8%   165  527s
 231829 117688 1464.04616   43  186 2269.40223 1140.63657  49.7%   165  531s
 233585 118479 1642.24070   50  158 2269.40223 1141.57240  49.7%   165  535s
 236720 120525 1404.39679   51  186 2269.40223 1143.39077  49.6%   165  542s
 238428 121470 2041.31810   57  164 2269.40223 1144.44897  49.6%   165  546s
 241615 123542 1467.75972   50  149 2269.40223 1146.93146  49.5%   165  553s
 243350 124379 1585.87799   54  176 2269.40223 1147.38429  49.4%   165  557s
 244955 125585 2236.52709   60   77 2269.40223 1148.70466  49.4%   166  560s
 248319 127351 1508.01726   44  215 2269.40223 1150.34856  49.3%   166  567s
 249933 128290 1293.96507   42  253 2269.40223 1151.73317  49.2%   166  571s
 251501 129229 1641.69884   54  154 2269.40223 1152.55329  49.2%   166  575s
 254747 131119 2129.07652   68  119 2269.40223 1154.28892  49.1%   166  582s
 256411 131998 2268.29164   54   86 2269.40223 1154.93337  49.1%   166  586s
 259562 133807 1826.72655   50  153 2269.40223 1157.08635  49.0%   166  593s
 261209 134982 1911.07048   55  150 2269.40223 1158.08486  49.0%   167  597s
 262888 135837 1716.67868   53  184 2269.40223 1158.72593  48.9%   167  600s
 266349 137790 2214.30186   63  102 2269.40223 1160.61569  48.9%   167  607s
 268072 138792 1231.82011   52  212 2269.40223 1160.77491  48.9%   167  611s
 271264 140521 1897.42174   53  171 2269.40223 1162.76839  48.8%   167  618s
 272974 141586 1609.68712   52  137 2269.40223 1163.81078  48.7%   167  621s
 274544 142464 1361.79613   46  209 2269.40223 1164.23120  48.7%   167  625s
 277782 144847 1813.16029   50  142 2269.40223 1165.47669  48.6%   167  633s
 279663 146040 1350.99221   46  180 2269.40223 1166.42425  48.6%   167  637s
 281413 147123 2247.83382   68  107 2269.40223 1166.98111  48.6%   168  641s
 284771 148885 1450.68286   53  182 2269.40223 1168.74884  48.5%   168  648s
 286542 149812 2169.98086   59  132 2269.40223 1169.41709  48.5%   168  652s
 288118 150408 1434.14377   46  217 2269.40223 1170.15168  48.4%   168  656s
 291015 152381 1365.27779   47  208 2269.40223 1171.88756  48.4%   168  663s
 292750 153353 2014.25596   53  145 2269.40223 1172.88915  48.3%   168  667s
 294398 154215 1369.34330   46  202 2269.40223 1173.47277  48.3%   168  670s
 298073 155348 1976.71122   52  129 2269.40223 1174.79536  48.2%   168  679s
 298233 155348 1489.06582   48  213 2269.40223 1174.85334  48.2%   168  680s
H298614 155140                    2267.6333712 1174.85334  48.2%   168  680s
 300444 157281 2001.23418   59  161 2267.63337 1176.16211  48.1%   168  688s
 302254 158179 2184.92819   64  112 2267.63337 1176.69415  48.1%   168  692s
 303597 159247 2128.65922   52  140 2267.63337 1177.18598  48.1%   168  695s
 307213 161391 2068.29950   55  131 2267.63337 1178.41342  48.0%   168  703s
 309157 162429 1550.01658   49  193 2267.63337 1179.11067  48.0%   168  707s
 310819 163497 2095.12970   62  124 2267.63337 1179.77174  48.0%   168  711s
 312476 164491 2231.61492   59   74 2267.63337 1180.36770  47.9%   168  715s
 315839 166619 2066.21696   60  135 2267.63337 1181.86926  47.9%   169  722s
 317488 167508 1975.04846   60  155 2267.63337 1182.37881  47.9%   169  726s
 320780 169353 1500.84458   49  188 2267.63337 1183.55508  47.8%   169  733s
 322423 170272 1332.70503   44  232 2267.63337 1183.88424  47.8%   169  736s
 323915 171337 2181.03991   59  146 2267.63337 1184.31003  47.8%   169  740s
 327334 173603 1242.26387   43  230 2267.63337 1185.06946  47.7%   169  747s
 328950 174533 1475.06227   48  187 2267.63337 1185.36795  47.7%   169  750s
 332006 176144     cutoff   60      2267.63337 1186.40686  47.7%   169  757s
 333238 177038 1825.93534   51  150 2267.63337 1187.09434  47.7%   169  761s
 336431 178943 1852.32234   53  141 2267.63337 1188.26257  47.6%   170  768s
 338151 179934 1424.42187   45  242 2267.63337 1188.72634  47.6%   170  772s
 339989 180900 1291.72495   47  225 2267.63337 1189.31558  47.6%   170  775s
 343147 183163     cutoff   59      2267.63337 1189.98584  47.5%   170  782s
 344861 184201     cutoff   57      2267.63337 1190.33681  47.5%   170  785s
 347807 185838 2248.68301   59  124 2267.63337 1191.38295  47.5%   170  792s
 349379 186724 1697.58654   57  161 2267.63337 1192.00487  47.4%   170  796s
 352709 188401 1285.64934   51  179 2267.63337 1193.19367  47.4%   170  803s
 354262 189309 1797.61254   54  156 2267.63337 1193.83498  47.4%   170  806s
 355789 190342 2014.72515   54  169 2267.63337 1194.27160  47.3%   170  810s
 358955 192217 1365.51427   49  192 2267.63337 1195.50512  47.3%   170  818s
 360359 193459 1859.56789   54  139 2267.63337 1195.99072  47.3%   170  822s
 362389 194520 1995.85378   59   67 2267.63337 1196.45076  47.2%   170  826s
 365843 196347 2160.38751   57   90 2267.63337 1197.63786  47.2%   170  833s
 367461 197313 1974.19237   59  134 2267.63337 1198.39760  47.2%   170  837s
 369133 198251 1811.96601   56  156 2267.63337 1199.24557  47.1%   170  840s
 372060 200191 2030.03213   61  165 2267.63337 1200.24263  47.1%   170  848s
 373814 201136 2214.35139   59  118 2267.63337 1200.66268  47.1%   171  852s
 375471 201995 2231.07921   56  142 2267.63337 1201.40359  47.0%   171  856s
 377201 203074     cutoff   64      2267.63337 1202.19650  47.0%   171  860s
 380522 204987 1973.75547   55  139 2267.63337 1203.05594  46.9%   171  867s
 382191 206048 1381.21204   45  195 2267.63337 1203.84836  46.9%   171  871s
 385295 207899 1526.76488   56  135 2267.63337 1204.65915  46.9%   171  878s
 387185 208795     cutoff   64      2267.63337 1204.95771  46.9%   171  882s
 388819 209756 1772.24214   52  118 2267.63337 1205.86867  46.8%   171  885s
 392053 211309 1757.72944   50  202 2267.63337 1206.77065  46.8%   171  892s
 393087 212241     cutoff   58      2267.63337 1206.95859  46.8%   171  896s
 394792 213230 2230.63053   53  164 2267.63337 1207.87146  46.7%   171  900s
 397896 215223 1479.00435   47  190 2267.63337 1208.78809  46.7%   171  907s
 399647 216150 2112.78636   64   89 2267.63337 1209.07894  46.7%   171  911s
 401318 217303 2127.01396   59  139 2267.63337 1209.85354  46.6%   171  915s
 404702 219301 1638.30180   50  169 2267.63337 1210.71637  46.6%   171  922s
 406265 220398 2064.16300   59  138 2267.63337 1211.10501  46.6%   171  926s
 409466 222390     cutoff   62      2267.63337 1211.99344  46.6%   171  933s
 410937 223368 2256.23525   62  101 2267.63337 1212.50471  46.5%   171  937s
 412642 224466 1508.87756   48  204 2267.63337 1213.15545  46.5%   171  940s
 415945 226590 1726.33227   49  141 2267.63337 1214.05801  46.5%   171  948s
 417615 227564 1939.39046   56  114 2267.63337 1214.46955  46.4%   171  951s
 419311 228539 2060.18655   58  141 2267.63337 1214.92284  46.4%   171  955s
 422589 230537 1352.84971   49  179 2267.63337 1215.87427  46.4%   171  962s
 424158 231570 1512.58428   47  183 2267.63337 1216.08762  46.4%   171  966s
 426179 232362 1949.39246   59  176 2267.63337 1216.49130  46.4%   171  970s
 429146 234252 1648.18182   52  156 2267.63337 1217.40821  46.3%   171  977s
 430856 235141 1490.60517   40  216 2267.63337 1217.94700  46.3%   171  980s
 434059 236946 2196.99337   57  177 2267.63337 1219.15799  46.2%   172  988s
 435752 237816     cutoff   61      2267.63337 1219.64261  46.2%   171  991s
 437375 238878 1802.06822   58  103 2267.63337 1220.31082  46.2%   172  995s
 440784 240715 2222.82888   58  104 2267.63337 1221.29318  46.1%   172 1002s
 442422 241766 1726.94250   51  190 2267.63337 1221.84204  46.1%   172 1006s
 444047 242857 2017.30651   53  113 2267.63337 1222.29643  46.1%   172 1010s
 447678 244571 2050.96540   59  137 2267.63337 1223.36320  46.1%   172 1016s
 449187 245163 2096.82129   59  143 2267.63337 1223.79562  46.0%   172 1020s
 452167 247033     cutoff   48      2267.63337 1224.64440  46.0%   172 1027s
 453784 248034 2115.03281   59  120 2267.63337 1225.22700  46.0%   172 1030s
 456938 249861 2189.81939   56  163 2267.63337 1225.84098  45.9%   172 1037s
 458609 250964     cutoff   56      2267.63337 1226.48213  45.9%   172 1040s
 461866 252946 1499.06300   50  226 2267.63337 1226.93080  45.9%   172 1047s
 463445 253606 2137.54195   60  150 2267.63337 1227.37715  45.9%   172 1051s
 464903 254426     cutoff   59      2267.63337 1227.81266  45.9%   172 1055s
 468321 256410 1360.24602   45  175 2267.63337 1228.61627  45.8%   172 1062s
 469908 257501 1854.96752   51  130 2267.63337 1229.04678  45.8%   172 1065s
 473144 259405     cutoff   51      2267.63337 1229.73116  45.8%   172 1072s
 474728 260371 1328.05292   50  180 2267.63337 1230.09862  45.8%   172 1076s
 477706 262240     cutoff   63      2267.63337 1230.81252  45.7%   172 1083s
 479304 263063 1373.53380   47  221 2267.63337 1231.16383  45.7%   172 1086s
 480867 264018 1752.13380   49  176 2267.63337 1231.56051  45.7%   172 1090s
 484173 266015 1327.39809   47  207 2267.63337 1232.44969  45.7%   172 1097s
 485925 266954 1999.05913   60  188 2267.63337 1232.78215  45.6%   172 1101s
 487738 267679 1996.23336   51  126 2267.63337 1233.12073  45.6%   172 1105s
 490584 269497 2193.39619   62   94 2267.63337 1233.59521  45.6%   172 1113s
 492342 270360 1598.50483   53  135 2267.63337 1234.09753  45.6%   172 1116s
 494027 271246 1308.05197   52  190 2267.63337 1234.71114  45.6%   172 1120s
 497596 273144 1596.87687   54  157 2267.63337 1235.57291  45.5%   172 1127s
 499150 274076 1547.91291   49  167 2267.63337 1236.09307  45.5%   172 1130s
 502269 275738 1613.14156   46  167 2267.63337 1236.84969  45.5%   172 1137s
 503864 276871 1871.55667   51  153 2267.63337 1237.20870  45.4%   172 1141s
 505603 277746 infeasible   60      2267.63337 1237.59164  45.4%   172 1145s
 509005 279604 1904.74014   55  129 2267.63337 1238.51070  45.4%   172 1152s
 510598 280602 1879.85236   55  175 2267.63337 1238.83591  45.4%   172 1155s
 513901 282047 1694.01374   52  140 2267.63337 1239.63984  45.3%   172 1162s
 515274 282973 2202.72111   57  170 2267.63337 1239.97411  45.3%   172 1165s
 518423 284829 1380.03791   49  184 2267.63337 1240.57940  45.3%   172 1172s
 520008 285644 1693.74354   52  141 2267.63337 1241.05019  45.3%   172 1175s
 523079 287593 1375.05586   54  159 2267.63337 1241.94603  45.2%   172 1182s
 524722 288648     cutoff   62      2267.63337 1242.33252  45.2%   172 1186s
 527859 290436     cutoff   58      2267.63337 1243.08706  45.2%   172 1193s
 529472 291428 1997.55288   58  147 2267.63337 1243.42857  45.2%   172 1197s
 531255 292429 2202.48383   56  151 2267.63337 1243.80945  45.1%   172 1200s
 534394 294279 1997.48813   60  184 2267.63337 1244.48657  45.1%   172 1207s
 536017 295415 1825.75905   53  144 2267.63337 1244.85293  45.1%   172 1211s
 539630 296824 1813.93248   45  165 2267.63337 1245.41728  45.1%   172 1218s
 540837 297791     cutoff   61      2267.63337 1245.83321  45.1%   172 1221s
 542526 298907 1335.58543   46  189 2267.63337 1246.14342  45.0%   172 1225s
 545732 300870     cutoff   64      2267.63337 1246.77214  45.0%   172 1232s
 547372 301909 1809.12705   58  191 2267.63337 1247.17928  45.0%   172 1235s
 550898 303888 1575.02538   47  186 2267.63337 1247.72243  45.0%   172 1242s
 552473 304561 1802.25391   55  159 2267.63337 1248.03082  45.0%   172 1246s
 553703 304615 2207.90065   67  135 2267.63337 1248.31177  45.0%   172 1252s
 553845 305620 2209.27919   68  144 2267.63337 1248.35936  44.9%   172 1256s
 555775 306820 1593.45092   50  177 2267.63337 1248.98877  44.9%   172 1260s
 559508 308938 2219.45335   59  105 2267.63337 1249.38569  44.9%   172 1267s
H559681 305775                    2257.0686356 1249.38643  44.6%   172 1267s
 561379 306469 2209.22017   66  102 2257.06864 1249.56551  44.6%   172 1271s
 564330 308569 1870.38194   53  173 2257.06864 1250.14211  44.6%   172 1278s
 566017 309324 2152.46572   58  115 2257.06864 1250.41249  44.6%   173 1281s
 569229 311184 1483.80927   49  195 2257.06864 1251.22479  44.6%   173 1288s
 570751 311967 1754.42414   57  179 2257.06864 1251.51494  44.6%   173 1292s
 572521 312783 1626.14397   50  128 2257.06864 1251.86459  44.5%   172 1295s
 575290 314241 1606.51694   48  143 2257.06864 1252.50444  44.5%   172 1302s
 576929 314915 2164.51909   59  156 2257.06864 1252.89823  44.5%   172 1306s
 580352 316660 1714.64072   51  119 2257.06864 1253.72290  44.5%   172 1313s
 581986 317547 1731.80691   54  161 2257.06864 1254.06246  44.4%   172 1316s
 583686 318438 2036.80133   53  123 2257.06864 1254.52175  44.4%   172 1320s
 587048 320248 1863.43715   53  197 2257.06864 1255.34480  44.4%   172 1327s
 588674 321212     cutoff   62      2257.06864 1255.57488  44.4%   172 1331s
 592175 323129     cutoff   66      2257.06864 1255.99530  44.4%   172 1338s
 593697 324210 2229.83635   56  106 2257.06864 1256.41507  44.3%   172 1342s
 595554 325108 1538.93530   54  185 2257.06864 1256.75844  44.3%   172 1345s
 598836 326920 1870.24254   63  128 2257.06864 1257.39554  44.3%   172 1352s
 600532 327879     cutoff   63      2257.06864 1257.76936  44.3%   172 1356s
 602203 328774 2194.11968   59  158 2257.06864 1258.03239  44.3%   172 1360s
 603878 329643 1547.40845   57  178 2257.06864 1258.46483  44.2%   172 1365s
 606877 331368 1883.96681   57  107 2257.06864 1259.06681  44.2%   173 1372s
 608444 332395 1423.40431   50  186 2257.06864 1259.38102  44.2%   173 1376s
 611830 334113 1632.26988   49  169 2257.06864 1259.94179  44.2%   173 1383s
 613282 335079 1415.56551   48  186 2257.06864 1260.29128  44.2%   173 1387s
 614935 336125 2087.63355   58  107 2257.06864 1260.63421  44.1%   173 1390s
 618313 338143     cutoff   59      2257.06864 1261.03259  44.1%   173 1398s
 620003 339088 2145.09905   55  138 2257.06864 1261.09102  44.1%   173 1401s
 621608 340147 1978.16358   50  119 2257.06864 1261.50997  44.1%   173 1405s
 624828 341588 1367.31434   52  213 2257.06864 1262.15597  44.1%   173 1412s
 626611 342428 2227.38299   58  112 2257.06864 1262.43810  44.1%   173 1415s
 629807 344374 1859.17645   50  205 2257.06864 1262.90316  44.0%   173 1422s
 631372 345269 1840.09802   61  151 2257.06864 1263.23780  44.0%   173 1425s
 634598 346908     cutoff   64      2257.06864 1263.82853  44.0%   173 1432s
 636524 347656 1773.29374   59  174 2257.06864 1264.20984  44.0%   173 1435s
 639354 349358 1417.21778   48  114 2257.06864 1264.75775  44.0%   173 1442s
 640922 350311 1446.18862   47  165 2257.06864 1264.97918  44.0%   173 1446s
 644303 351193     cutoff   56      2257.06864 1265.61650  43.9%   173 1458s
 644643 352007 1724.86527   52  136 2257.06864 1265.65503  43.9%   173 1462s
 646299 353035 1851.97113   53  173 2257.06864 1265.89666  43.9%   173 1465s
 649389 354764 2181.67649   56  129 2257.06864 1266.49035  43.9%   173 1473s
 651036 355781 1770.91925   51  131 2257.06864 1266.76291  43.9%   173 1476s
 652692 356794 1453.10539   52  162 2257.06864 1266.97679  43.9%   173 1480s
 656085 358577 1516.29639   48  213 2257.06864 1267.35815  43.8%   173 1487s
 657728 359441 2176.73158   60  144 2257.06864 1267.79721  43.8%   173 1491s
 661191 360880 2082.11674   51  130 2257.06864 1268.39066  43.8%   173 1498s
 662940 361820 1922.43728   54  144 2257.06864 1268.76778  43.8%   173 1501s
 664374 362870 2019.52626   58  151 2257.06864 1268.93654  43.8%   173 1505s
 667652 364653 1392.43219   48  189 2257.06864 1269.33813  43.8%   173 1512s
 669219 365568 2238.93552   65   74 2257.06864 1269.53963  43.8%   173 1515s
 672333 367615 2096.50397   59  117 2257.06864 1270.04011  43.7%   173 1522s
 674192 368346 2230.11490   57  147 2257.06864 1270.24026  43.7%   173 1526s
 677174 370108 1696.54933   49  157 2257.06864 1270.80676  43.7%   173 1533s
 678880 370958 2049.44691   55  129 2257.06864 1271.06967  43.7%   173 1536s
 680405 371850     cutoff   59      2257.06864 1271.37145  43.7%   173 1540s
 683542 373717 1858.23258   61  115 2257.06864 1271.83129  43.7%   173 1547s
 685397 374623 2163.45668   64  118 2257.06864 1272.05211  43.6%   173 1551s
 688788 376386 1681.89822   50  174 2257.06864 1272.70515  43.6%   173 1558s
 690370 377109 1398.82295   47  161 2257.06864 1272.92095  43.6%   173 1562s
 691824 377934 1412.04442   44  162 2257.06864 1273.21437  43.6%   173 1566s
 695249 379540 2185.79048   63  146 2257.06864 1273.83710  43.6%   173 1573s
 696946 380312     cutoff   51      2257.06864 1274.06261  43.6%   173 1576s
 698482 381273 2102.76731   56  113 2257.06864 1274.28565  43.5%   173 1580s
 701713 382395     cutoff   66      2257.06864 1274.88116  43.5%   173 1590s
 702027 383523 1603.35828   48  198 2257.06864 1274.88261  43.5%   173 1595s
 705906 385492 2159.64790   55  142 2257.06864 1275.60964  43.5%   173 1602s
 707725 386420 1428.54030   51  212 2257.06864 1275.81362  43.5%   173 1606s
 709543 387331 2044.60439   54  161 2257.06864 1276.24157  43.5%   173 1610s
 712841 389254 1532.99407   51  148 2257.06864 1276.67653  43.4%   173 1617s
 714626 389967     cutoff   59      2257.06864 1277.12149  43.4%   173 1621s
 716399 390880 1728.23368   49  188 2257.06864 1277.38328  43.4%   173 1625s
 719793 392780 1705.83121   52  203 2257.06864 1277.95877  43.4%   173 1632s
 721505 393697 1744.38463   53  194 2257.06864 1278.23919  43.4%   173 1636s
 724702 395534 1939.82714   57  141 2257.06864 1278.69560  43.3%   173 1643s
 726367 396238 1361.26133   49  166 2257.06864 1279.05010  43.3%   173 1646s
 729572 397844 1350.40717   48  166 2257.06864 1279.54624  43.3%   173 1653s
 731228 398751 1613.39957   50  180 2257.06864 1279.83395  43.3%   173 1656s
 732809 399612     cutoff   56      2257.06864 1280.08727  43.3%   173 1660s
 736179 401286 1824.59206   57  140 2257.06864 1280.60227  43.3%   173 1667s
 737631 402008     cutoff   57      2257.06864 1280.87787  43.3%   173 1671s
 741069 403789 1964.05897   54  133 2257.06864 1281.37254  43.2%   173 1678s
 742705 404685 1640.24312   53  175 2257.06864 1281.73211  43.2%   173 1681s
 744418 405661 1931.39962   59  161 2257.06864 1282.06508  43.2%   173 1685s
 747663 407303 2179.36517   53  100 2257.06864 1282.53796  43.2%   173 1692s
 749161 408248 1488.99993   47  203 2257.06864 1282.90589  43.2%   173 1696s
 752588 410179 1782.81496   49  165 2257.06864 1283.50031  43.1%   173 1703s
 754274 411048 1761.40738   53  133 2257.06864 1283.81782  43.1%   173 1706s
 755957 411973 1437.61804   47  187 2257.06864 1284.05237  43.1%   173 1710s
 759165 413602 1376.79314   46  188 2257.06864 1284.53899  43.1%   173 1717s
 760815 414269 1758.87856   49  194 2257.06864 1284.84703  43.1%   173 1720s
 764242 415890 1398.08835   46  184 2257.06864 1285.30191  43.1%   173 1728s
 765842 416830     cutoff   59      2257.06864 1285.68228  43.0%   173 1731s
 767554 417642 1753.79081   53  188 2257.06864 1285.91989  43.0%   173 1735s
 770897 419345 1653.96656   52  196 2257.06864 1286.33662  43.0%   173 1742s
 772535 420188 1674.36200   50  202 2257.06864 1286.58066  43.0%   173 1746s
 775911 421836 1815.67719   55  166 2257.06864 1287.08048  43.0%   173 1753s
 777542 422716 2132.79002   62   98 2257.06864 1287.36684  43.0%   173 1756s
 779099 423456 1356.13104   48  151 2257.06864 1287.56095  43.0%   173 1760s
 782236 425269 2109.67589   54  188 2257.06864 1288.08161  42.9%   173 1767s
 783868 426344 1988.75169   61  126 2257.06864 1288.32455  42.9%   173 1771s
 787100 428005     cutoff   60      2257.06864 1288.78444  42.9%   173 1777s
 788670 428909 2206.34912   53  145 2257.06864 1289.00236  42.9%   173 1781s
 792020 430769 1804.81504   54  172 2257.06864 1289.37596  42.9%   173 1788s
 793669 431660 1476.93403   46  177 2257.06864 1289.63885  42.9%   173 1791s
 795291 432476 1303.89008   47  160 2257.06864 1289.82729  42.9%   173 1795s
 798384 433703 1613.57944   48  183 2257.06864 1290.33194  42.8%   173 1800s

Cutting planes:
  Gomory: 79
  Cover: 6
  Implied bound: 38
  MIR: 298
  StrongCG: 18
  Flow cover: 1021
  Inf proof: 8
  Zero half: 23
  RLT: 144
  Relax-and-lift: 7
  BQP: 139

Explored 799174 nodes (138345406 simplex iterations) in 1800.02 seconds (1994.62 work units)
Thread count was 16 (of 16 available processors)

Solution count 10: 2257.07 2267.63 2269.4 ... 2322.46

Time limit reached
Warning: max constraint violation (1.1519e-03) exceeds tolerance
Warning: max general constraint violation (1.1519e-03) exceeds tolerance
         (model may be infeasible or unbounded - try turning presolve off)
Best objective 2.257068635616e+03, best bound 1.290331941319e+03, gap 42.8315%
