
Gurobi 9.5.0 (linux64) logging started Mon 14 Nov 2022 11:38:35 AM PST

Set parameter LogFile to value "experiments/t_2_theta_0.4/gurobi.1668454714.log"
Set parameter LogToConsole to value 0
Set parameter TimeLimit to value 1800
Set parameter Threads to value 16
Gurobi Optimizer version 9.5.0 build v9.5.0rc5 (linux64)
Thread count: 8 physical cores, 16 logical processors, using up to 16 threads
Optimize a model with 340 rows, 1428 columns and 5305 nonzeros
Model fingerprint: 0x4a147bf9
Model has 3425 quadratic objective terms
Model has 150 quadratic constraints
Model has 2 general constraints
Variable types: 85 continuous, 1343 integer (1343 binary)
Coefficient statistics:
  Matrix range     [1e+00, 1e+01]
  QMatrix range    [1e+00, 1e+00]
  QLMatrix range   [1e+00, 1e+00]
  Objective range  [0e+00, 0e+00]
  QObjective range [3e-05, 2e+01]
  Bounds range     [1e+00, 8e+02]
  RHS range        [1e+00, 1e+02]
Presolve added 57 rows and 1173 columns
Presolve time: 0.06s
Presolved: 4764 rows, 4797 columns, 36202 nonzeros
Variable types: 1286 continuous, 3511 integer (3415 binary)

Root relaxation: objective -1.136868e-13, 5332 iterations, 0.21 seconds (0.25 work units)

    Nodes    |    Current Node    |     Objective Bounds      |     Work
 Expl Unexpl |  Obj  Depth IntInf | Incumbent    BestBd   Gap | It/Node Time

     0     0   -0.00000    0 3458          -   -0.00000      -     -    0s
     0     0    0.02468    0 3368          -    0.02468      -     -    1s
     0     0    0.02468    0 3368          -    0.02468      -     -    1s
     0     0    0.03515    0 3327          -    0.03515      -     -    1s
     0     0    0.03534    0 3315          -    0.03534      -     -    1s
     0     0    0.04774    0 3309          -    0.04774      -     -    2s
     0     0    0.04821    0 3289          -    0.04821      -     -    2s
     0     0    0.05384    0 3272          -    0.05384      -     -    2s
     0     0    0.05398    0 3269          -    0.05398      -     -    2s
     0     0    0.06265    0 3238          -    0.06265      -     -    3s
H    0     0                      94.9858854    0.06265   100%     -    3s
     0     0    0.06265    0 3233   94.98589    0.06265   100%     -    3s
H    0     0                      35.8852424    0.06293   100%     -    3s
     0     2    0.06293    0 3233   35.88524    0.06293   100%     -    3s
    13    24    0.14795    4 2744   35.88524    0.13874   100%   909    5s
H   41    54                      35.6249470    0.14367   100%   887    5s
H   42    54                      22.4808846    0.14367  99.4%   868    5s
H   43    54                      16.0819479    0.14367  99.1%   873    5s
H   50    54                      16.0049843    0.14367  99.1%   850    5s
H   53    54                       2.9845831    0.14367  95.2%   824    5s
H   90    93                       2.7273897    0.14457  94.7%   658    7s
H   91    93                       2.6241621    0.14457  94.5%   669    7s
H   92    93                       2.5790029    0.14457  94.4%   665    7s
H   94    93                       2.5482922    0.14457  94.3%   659    7s
H  100    93                       2.2828579    0.14457  93.7%   636    7s
H  219   219                       1.9370193    0.14457  92.5%   510   11s
H  220   219                       1.9098402    0.14457  92.4%   511   11s
H  222   219                       1.8954991    0.14457  92.4%   507   11s
H  224   219                       1.7589834    0.14457  91.8%   506   11s
H  397   410                       1.6275235    0.14457  91.1%   440   14s
   557   594    0.49687   34 1120    1.62752    0.14457  91.1%   392   15s
H 1507  1522                       1.6128290    0.14457  91.0%   237   17s
H 1529  1522                       1.5817572    0.14457  90.9%   235   17s
  2308  2116    0.15180    6 2639    1.58176    0.14749  90.7%   196   20s
H 2545  2174                       1.5296786    0.14749  90.4%   232   26s
H 2550  2135                       1.5046845    0.14749  90.2%   233   26s
H 2553  2100                       1.4784848    0.14749  90.0%   234   26s
  2704  2275    1.08420   21 2444    1.47848    0.14749  90.0%   266   30s
H 2751  2257                       1.4614470    0.14749  89.9%   271   37s
H 2753  2146                       1.4566080    0.14749  89.9%   271   38s
  2756  2148    0.51090   48 3121    1.45661    0.14749  89.9%   271   40s
H 2758  2041                       1.4556783    0.14749  89.9%   270   40s
H 2760  1940                       1.4524306    0.14749  89.8%   270   41s
H 2764  1845                       1.4486360    0.14749  89.8%   270   42s
H 2765  1754                       1.4446265    0.14749  89.8%   270   42s
H 2768  1668                       1.4436789    0.14749  89.8%   269   43s
  2774  1672    1.35747  152 3088    1.44368    0.14749  89.8%   269   45s
H 2774  1588                       1.4263450    0.14749  89.7%   269   46s
  2788  1608    0.17285   18 2346    1.42634    0.15556  89.1%   285   50s
H 2816  1551                       1.4249500    0.18820  86.8%   298   52s
H 2821  1473                       1.4225714    0.18820  86.8%   300   52s
H 2827  1399                       1.4206177    0.18820  86.8%   304   52s
H 2830  1330                       1.4205524    0.18824  86.7%   306   52s
  2832  1345    0.25740   21 2248    1.42055    0.18824  86.7%   307   55s
H 2866  1301                       1.4191574    0.18824  86.7%   330   58s
H 2877  1235                       1.4167741    0.18824  86.7%   336   58s
H 2880  1191                       1.4167084    0.18824  86.7%   337   64s
H 2885  1135                       1.3829748    0.18824  86.4%   340   64s
H 2892  1079                       1.3297714    0.18824  85.8%   342   64s
  2896  1098    0.34735   22 2213    1.32977    0.18824  85.8%   345   66s
H 2916  1056                       1.3190076    0.18824  85.7%   352   76s
H 2917  1008                       1.3110458    0.18824  85.6%   352   76s
H 2919   962                       1.3101550    0.18824  85.6%   353   76s
H 2925   917                       1.3070023    0.18824  85.6%   355   76s
H 2929   875                       1.3042458    0.18824  85.6%   355   76s
  2984   940    0.36525   23 2206    1.30425    0.18824  85.6%   373   80s
  3132  1045    0.53441   27 2506    1.30425    0.18824  85.6%   402   85s
  3349  1077    0.58781   30 2455    1.30425    0.18824  85.6%   414   90s
  3528  1200    0.74695   34 2275    1.30425    0.18824  85.6%   437   95s
  3821  1313    0.87359   38 2212    1.30425    0.18824  85.6%   447  101s
  3979  1371    0.92429   39 2116    1.30425    0.18824  85.6%   457  105s
  4220  1505 infeasible   42         1.30425    0.18824  85.6%   469  112s
  4409  1616    1.17629   46 1983    1.30425    0.18824  85.6%   477  116s
  4609  1725    1.28132   49 2068    1.30425    0.18824  85.6%   485  121s
  4837  1764    0.27647   21 2196    1.30425    0.20947  83.9%   494  127s
  4974  1847    0.52355   25 2485    1.30425    0.20947  83.9%   509  132s
  5069  1917    0.73005   31 2416    1.30425    0.20947  83.9%   515  136s
  5295  2066    1.01330   37 2544    1.30425    0.20947  83.9%   525  143s
  5408  2179    1.11303   40 2327    1.30425    0.20947  83.9%   530  146s
  5688  2348    0.36714   21 2061    1.30425    0.22504  82.7%   536  153s
  5834  2447    0.45622   22 2067    1.30425    0.22504  82.7%   538  157s
  5978  2480    0.83382   26 2480    1.30425    0.22504  82.7%   543  162s
H 5983  2479                       1.3030151    0.22504  82.7%   544  162s
  6015  2598    1.03433   30 2717    1.30302    0.22504  82.7%   544  166s
  6201  2699    1.24114   36 2225    1.30302    0.28413  78.2%   546  170s
  6359  2772    0.42178   21 2298    1.30302    0.28413  78.2%   550  175s
  6482  2863    0.60432   24 2444    1.30302    0.28413  78.2%   557  180s
  6632  2943    0.81787   30 2340    1.30302    0.28413  78.2%   562  185s
  6751  3047    1.06769   35 2491    1.30302    0.29025  77.7%   571  191s
  6899  3147    0.33983   23 2279    1.30302    0.29025  77.7%   578  196s
  7039  3253    0.63731   28 2173    1.30302    0.29025  77.7%   585  202s
  7200  3359    0.88123   34 2114    1.30302    0.29025  77.7%   590  208s
  7340  3429    1.12389   39 2256    1.30302    0.31736  75.6%   597  214s
  7505  3513    0.42843   21 2271    1.30302    0.31736  75.6%   604  221s
  7635  3679    0.71347   27 2531    1.30302    0.31736  75.6%   611  227s
  7830  3826    1.26555   41 2125    1.30302    0.34886  73.2%   616  234s
  8084  3962    0.54104   27 2403    1.30302    0.34886  73.2%   618  241s
  8275  4000    0.91559   34 2330    1.30302    0.34886  73.2%   623  249s
H 8319  3935                       1.2907423    0.34886  73.0%   626  249s
H 8340  3933                       1.2897746    0.34886  73.0%   626  249s
  8354  4056    0.94376   35 2360    1.28977    0.34886  73.0%   626  257s
  8538  4227    0.71003   27 2510    1.28977    0.34886  73.0%   634  264s
  8774  4474    0.94500   32 2446    1.28977    0.35816  72.2%   639  272s
  9074  4643    0.55329   25 2016    1.28977    0.35816  72.2%   641  280s
  9324  4789    1.28536   41 2268    1.28977    0.36858  71.4%   645  288s
  9576  4946    0.54616   26 2677    1.28977    0.37445  71.0%   650  297s
  9807  5206    1.00152   35 2642    1.28977    0.37445  71.0%   657  306s
 10103  5455    1.23805   45 2034    1.28977    0.37867  70.6%   660  314s
 10448  5610    0.64200   27 2290    1.28977    0.37867  70.6%   662  324s
 10725  5804    1.25916   43 2184    1.28977    0.38308  70.3%   667  334s
 11026  5923    1.02555   30 2525    1.28977    0.39351  69.5%   671  344s
 11410  6089    0.51751   24 2350    1.28977    0.39351  69.5%   672  355s
 11722  6289    0.92550   31 2277    1.28977    0.40733  68.4%   677  367s
 12065  6534    0.45368   24 2333    1.28977    0.40944  68.3%   681  380s
 12355  6827    0.70341   30 2440    1.28977    0.40944  68.3%   690  392s
 12764  7072    1.05624   38 2295    1.28977    0.40944  68.3%   693  413s
H12788  6928                       1.2806869    0.40944  68.0%   693  413s
 13113  7151    1.25293   51 1659    1.28069    0.41607  67.5%   698  427s
 13531  7162     cutoff   31         1.28069    0.42666  66.7%   700  535s
H13532  7157                       1.2800208    0.42666  66.7%   699  535s
H13533  7074                       1.2754198    0.42666  66.5%   699  535s
 13552  7105     cutoff   31         1.27542    0.42666  66.5%   700  554s
 13595  7347     cutoff   32         1.27542    0.42763  66.5%   702  569s
 13984  7599    1.14654   35 2567    1.27542    0.43300  66.1%   707  585s
 14402  7898    0.69633   29 2381    1.27542    0.43708  65.7%   713  601s
 14860  8204    0.82583   28 2525    1.27542    0.43906  65.6%   716  617s
 15352  8674    0.82326   27 2199    1.27542    0.44048  65.5%   719  634s
 15929  8985    1.21565   39 1758    1.27542    0.44318  65.3%   721  651s
 16444  9325    0.86909   29 2387    1.27542    0.45175  64.6%   721  669s
 16974  9639    1.26415   45 2000    1.27542    0.45270  64.5%   724  688s
 17592  9814     cutoff   35         1.27542    0.45665  64.2%   725  706s
 18256 10114    1.03420   33 2332    1.27542    0.45819  64.1%   726  727s
 18817 10519    1.15811   38 2125    1.27542    0.46505  63.5%   730  748s
 19480 10947    0.57093   24 2331    1.27542    0.46999  63.1%   731  769s
 20136 11599    1.19276   43 2097    1.27542    0.47240  63.0%   734  792s
 20979 12009     cutoff   38         1.27542    0.47274  62.9%   733  822s
 21756 12779    0.95321   37 2034    1.27542    0.48005  62.4%   740  851s
 22754 13280    0.64142   27 2488    1.27542    0.48169  62.2%   742  877s
 23656 13790    0.58973   24 2698    1.27542    0.48473  62.0%   744  904s
 24464 14428    0.60885   26 2473    1.27542    0.48787  61.7%   745  934s
 25317 15039    0.96201   31 2417    1.27542    0.49067  61.5%   748  964s
 26255 15685    0.71803   28 2481    1.27542    0.49629  61.1%   749  994s
 27216 16124    0.78111   29 2403    1.27542    0.49742  61.0%   751 1029s
H27453 16124                       1.2754196    0.49742  61.0%   750 1029s
 27919 16654    0.98211   32 2444    1.27542    0.50062  60.7%   751 1063s
 28888 17362    0.61010   25 2541    1.27542    0.50786  60.2%   753 1098s
 29849 18146    1.21690   52 1685    1.27542    0.51102  59.9%   754 1135s
 30939 18758    1.24428   50 1616    1.27542    0.51326  59.8%   758 1176s
 32043 19351    0.67743   29 2641    1.27542    0.51584  59.6%   760 1217s
 33122 20039    1.06379   40 2312    1.27542    0.52077  59.2%   764 1260s
 34361 20904    0.82162   29 2592    1.27542    0.52417  58.9%   765 1303s
 35840 21594     cutoff   37         1.27542    0.52746  58.6%   765 1346s
 37087 22648    1.05317   35 2236    1.27542    0.53217  58.3%   768 1392s
 38510 23269 infeasible   29         1.27542    0.53441  58.1%   771 1441s
 40058 24126     cutoff   43         1.27542    0.53865  57.8%   771 1493s
 41488 24127    0.81675   32 1684    1.27542    0.54115  57.6%   773 1648s
 41492 24130    1.00479   36 3052    1.27542    0.54115  57.6%   773 1650s
H41494 22924                       1.2754196    0.54115  57.6%   773 1655s
 41498 22927    0.60783   28 2938    1.27542    0.54115  57.6%   773 1662s
 41500 22928    1.26988   56 2966    1.27542    0.54115  57.6%   773 1665s
 41504 22931    1.21917   42 2966    1.27542    0.54115  57.6%   773 1670s
 41508 22933    0.93878   31 2997    1.27542    0.54115  57.6%   773 1676s
 41512 22936    1.11690   33 3006    1.27542    0.54115  57.6%   773 1681s
 41516 22939    0.80363   34 3025    1.27542    0.54115  57.6%   773 1686s
 41520 22941    1.16752   40 2997    1.27542    0.54115  57.6%   773 1691s
 41523 22943    1.19924   41 3000    1.27542    0.54115  57.6%   773 1695s
 41527 22946    0.63673   30 2999    1.27542    0.54115  57.6%   773 1700s
 41531 22949    0.81342   33 2965    1.27542    0.54115  57.6%   773 1705s
 41535 22951    1.22028   44 2986    1.27542    0.54115  57.6%   772 1710s
 41538 22953    1.04637   38 2965    1.27542    0.54115  57.6%   772 1716s
 41540 22955    0.87336   30 2966    1.27542    0.54115  57.6%   772 1720s
 41544 22957    1.19836   39 2970    1.27542    0.54115  57.6%   772 1726s
 41548 22960    1.11350   40 2973    1.27542    0.54115  57.6%   772 1731s
 41551 22962    0.93250   37 2960    1.27542    0.54115  57.6%   772 1735s
 41554 22964    1.01754   34 2999    1.27542    0.54115  57.6%   772 1740s
 41557 22966    1.21649   38 2972    1.27542    0.54115  57.6%   772 1745s
 41560 22968    1.10196   41 2991    1.27542    0.54115  57.6%   772 1750s
 41564 22971    1.03059   38 2966    1.27542    0.54115  57.6%   772 1756s
 41568 22973    1.23872   46 2968    1.27542    0.54115  57.6%   772 1760s
 41574 22977    1.23639   69 2981    1.27542    0.54115  57.6%   772 1766s
 41578 22980    0.75818   31 2972    1.27542    0.54115  57.6%   772 1771s
 41582 22983    0.74562   31 2984    1.27542    0.54115  57.6%   772 1776s
 41588 22987    0.81675   32 2984    1.27542    0.54115  57.6%   771 1781s
 41592 22989    1.00479   36 2982    1.27542    0.54115  57.6%   771 1785s
 41598 22993    0.60783   28 2988    1.27542    0.54115  57.6%   771 1791s
 41602 22996    1.21148   46 2990    1.27542    0.54115  57.6%   771 1795s

Cutting planes:
  Gomory: 616
  MIR: 12
  Flow cover: 101
  RLT: 15

Explored 41607 nodes (32236117 simplex iterations) in 1800.02 seconds (2705.51 work units)
Thread count was 16 (of 16 available processors)

Solution count 10: 1.27542 1.27542 1.28002 ... 1.31016

Time limit reached
Warning: max constraint violation (2.8902e-04) exceeds tolerance
Warning: max general constraint violation (2.8902e-04) exceeds tolerance
Best objective 1.275419829564e+00, best bound 5.411468680667e-01, gap 57.5711%
