
Gurobi 9.5.0 (linux64) logging started Mon 14 Nov 2022 02:29:12 AM PST

Set parameter LogFile to value "experiments/t_2_theta_1.0/gurobi.1668421751.log"
Set parameter LogToConsole to value 0
Set parameter TimeLimit to value 1800
Set parameter Threads to value 16
Gurobi Optimizer version 9.5.0 build v9.5.0rc5 (linux64)
Thread count: 8 physical cores, 16 logical processors, using up to 16 threads
Optimize a model with 340 rows, 1428 columns and 5305 nonzeros
Model fingerprint: 0x7ac276c8
Model has 3375 quadratic objective terms
Model has 150 quadratic constraints
Model has 2 general constraints
Variable types: 85 continuous, 1343 integer (1343 binary)
Coefficient statistics:
  Matrix range     [1e+00, 1e+01]
  QMatrix range    [1e+00, 1e+00]
  QLMatrix range   [1e+00, 1e+00]
  Objective range  [0e+00, 0e+00]
  QObjective range [7e+06, 4e+12]
  Bounds range     [1e+00, 8e+02]
  RHS range        [1e+00, 1e+02]
Warning: Model contains large quadratic objective coefficients
         Consider reformulating model or setting NumericFocus parameter
         to avoid numerical issues.
Presolve added 55 rows and 1171 columns
Presolve time: 0.06s
Presolved: 4687 rows, 4745 columns, 34825 nonzeros
Variable types: 1234 continuous, 3511 integer (3415 binary)

Root relaxation: objective 6.640625e-02, 6614 iterations, 0.30 seconds (0.31 work units)

    Nodes    |    Current Node    |     Objective Bounds      |     Work
 Expl Unexpl |  Obj  Depth IntInf | Incumbent    BestBd   Gap | It/Node Time

     0     0    0.06641    0 3464          -    0.06641      -     -    0s
     0     0 4.3873e+09    0 3369          - 4.3873e+09      -     -    1s
     0     0 5.6000e+09    0 3338          - 5.6000e+09      -     -    1s
     0     0 5.6357e+09    0 3336          - 5.6357e+09      -     -    2s
     0     0 7.0269e+09    0 3301          - 7.0269e+09      -     -    2s
     0     0 7.0841e+09    0 3296          - 7.0841e+09      -     -    2s
     0     0 7.6184e+09    0 3297          - 7.6184e+09      -     -    3s
H    0     0                    1.864721e+13 7.6184e+09   100%     -    3s
     0     0 7.6184e+09    0 3288 1.8647e+13 7.6184e+09   100%     -    3s
H    0     0                    1.097794e+13 7.6313e+09   100%     -    3s
     0     2 7.6313e+09    0 3288 1.0978e+13 7.6313e+09   100%     -    3s
    15    24 infeasible    4      1.0978e+13 1.9854e+10   100%  1138    5s
    45    54 3.3279e+10    6 3021 1.0978e+13 2.6297e+10   100%  1140   19s
    61    70 3.1726e+10    6 2885 1.0978e+13 2.6297e+10   100%  1156   20s
H   77    84                    2.747997e+11 2.6568e+10  90.3%  1132   21s
H   85    84                    2.650793e+11 2.6568e+10  90.0%  1104   21s
H  138   139                    1.922527e+11 2.6568e+10  86.2%  1066   24s
H  147   139                    1.888032e+11 2.6568e+10  85.9%  1056   24s
H  153   139                    1.772309e+11 2.6568e+10  85.0%  1064   24s
   178   184 3.2372e+10    9 2662 1.7723e+11 2.6568e+10  85.0%  1099   25s
H  181   184                    1.692015e+11 2.6568e+10  84.3%  1087   25s
H  184   184                    1.621693e+11 2.6568e+10  83.6%  1079   25s
H  242   239                    1.396060e+11 2.6568e+10  81.0%  1162   30s
H  245   239                    1.358221e+11 2.6568e+10  80.4%  1172   30s
H  246   239                    1.212900e+11 2.6568e+10  78.1%  1170   30s
H  247   239                    1.149688e+11 2.6568e+10  76.9%  1169   30s
H  250   239                    1.046373e+11 2.6568e+10  74.6%  1166   30s
H  288   286                    1.045067e+11 2.6568e+10  74.6%  1192   32s
H  296   286                    1.037660e+11 2.6568e+10  74.4%  1184   32s
   376   380 3.8386e+10   15 2045 1.0377e+11 2.6568e+10  74.4%  1190   35s
H  659   606                    1.036354e+11 2.6568e+10  74.4%  1015   39s
H  660   606                    1.030847e+11 2.6568e+10  74.2%  1016   39s
H  672   606                    1.024810e+11 2.6568e+10  74.1%  1005   39s
H  683   606                    1.008411e+11 2.6568e+10  73.7%   993   39s
   687   670 6.7221e+10   18 1919 1.0084e+11 2.6568e+10  73.7%   997   40s
  1201  1062 7.3816e+10   23 1552 1.0084e+11 2.6568e+10  73.7%   766   45s
H 1711  1438                    9.851139e+10 2.6568e+10  73.0%   671   50s
H 1718  1431                    9.812189e+10 2.6568e+10  72.9%   670   50s
H 1732  1391                    9.661629e+10 2.6568e+10  72.5%   667   50s
  2048  1603 7.9226e+10   19 1694 9.6616e+10 2.6568e+10  72.5%   620   62s
  2055  1613 2.6568e+10   15 2808 9.6616e+10 2.6568e+10  72.5%   631   65s
  2131  1667 5.4795e+10   20 2405 9.6616e+10 2.6568e+10  72.5%   679   70s
H 2196  1608                    9.649020e+10 2.7016e+10  72.0%   712   73s
  2214  1634 5.2118e+10   20 2155 9.6490e+10 2.7016e+10  72.0%   723   75s
  2290  1683 4.9504e+10   24 2014 9.6490e+10 2.7016e+10  72.0%   770   81s
H 2291  1607                    9.443025e+10 2.7016e+10  71.4%   770   81s
  2405  1682 6.5079e+10   27 2147 9.4430e+10 2.7016e+10  71.4%   830   86s
  2499  1736 7.1271e+10   31 1946 9.4430e+10 2.7016e+10  71.4%   862   90s
H 2606  1707                    9.399203e+10 2.7016e+10  71.3%   906   97s
H 2611  1636                    9.357996e+10 2.7016e+10  71.1%   907   97s
H 2613  1571                    9.348877e+10 2.7016e+10  71.1%   907   97s
H 2617  1507                    9.286429e+10 2.7016e+10  70.9%   910   97s
  2623  1515 6.7892e+10   38 1821 9.2864e+10 2.7016e+10  70.9%   912  102s
H 2625  1456                    9.242607e+10 2.7016e+10  70.8%   913  102s
  2686  1501 7.8290e+10   37 1898 9.2426e+10 2.7016e+10  70.8%   940  105s
  2828  1563 6.9662e+10   50 1737 9.2426e+10 2.7016e+10  70.8%   988  110s
  2987  1633 8.5252e+10   53 1660 9.2426e+10 2.7016e+10  70.8%  1038  116s
  3097  1682 7.6617e+10   54 1671 9.2426e+10 2.7016e+10  70.8%  1071  120s
  3292  1744 4.9523e+10   20 2126 9.2426e+10 3.3331e+10  63.9%  1112  127s
  3425  1795 5.9037e+10   23 2149 9.2426e+10 3.3331e+10  63.9%  1147  131s
  3575  1863 6.1532e+10   26 2107 9.2426e+10 3.3331e+10  63.9%  1177  136s
  3824  2073 6.3763e+10   28 2086 9.2426e+10 3.3331e+10  63.9%  1189  141s
  4259  2341 8.1695e+10   33 1410 9.2426e+10 3.3331e+10  63.9%  1153  147s
  4786  2485 4.5679e+10   20 2206 9.2426e+10 4.0817e+10  55.8%  1100  152s
  5006  2561 5.4582e+10   20 2168 9.2426e+10 4.0817e+10  55.8%  1088  159s
  5189  2677 6.5581e+10   22 2176 9.2426e+10 4.0817e+10  55.8%  1080  162s
  5440  2765 7.3937e+10   26 1688 9.2426e+10 4.0817e+10  55.8%  1067  166s
H 5485  2765                    9.242606e+10 4.0817e+10  55.8%  1064  166s
  5980  3273 6.3037e+10   25 2061 9.2426e+10 4.8535e+10  47.5%  1030  172s
  6297  3587 7.1908e+10   27 2113 9.2426e+10 4.8535e+10  47.5%  1010  175s
  7137  4078 8.8043e+10   66  573 9.2426e+10 4.8535e+10  47.5%   947  181s
  7489  4267 8.6523e+10   30 1977 9.2426e+10 4.8535e+10  47.5%   930  185s
  8102  4710 9.1549e+10   26 1476 9.2426e+10 5.1338e+10  44.5%   921  193s
  8428  4986 6.9030e+10   23 2000 9.2426e+10 5.1338e+10  44.5%   921  197s
  8805  5125 7.2267e+10   28 1720 9.2426e+10 5.1338e+10  44.5%   912  201s
  9068  5312 8.8990e+10   36 1358 9.2426e+10 5.1338e+10  44.5%   911  205s
  9342  5523 9.2214e+10   45  618 9.2426e+10 5.3855e+10  41.7%   917  210s
 10193  6182     cutoff   53      9.2426e+10 5.5104e+10  40.4%   907  219s
 10651  6368 9.1233e+10   31 1630 9.2426e+10 5.5969e+10  39.4%   895  224s
 11018  6550 8.4028e+10   33 2241 9.2426e+10 5.6626e+10  38.7%   897  230s
 11344  6779 6.8948e+10   27 1795 9.2426e+10 5.7129e+10  38.2%   894  236s
 11741  7171 8.6622e+10   50  671 9.2426e+10 5.8089e+10  37.2%   894  241s
 12339  7583 8.2735e+10   33 1162 9.2426e+10 5.8193e+10  37.0%   885  247s
 12935  7922 7.2893e+10   27 2047 9.2426e+10 5.9011e+10  36.2%   878  253s
 13445  8176 7.6137e+10   23 2250 9.2426e+10 5.9088e+10  36.1%   876  260s
 13836  8456 7.6757e+10   27 1704 9.2426e+10 5.9263e+10  35.9%   874  266s
 14293  8544 7.7466e+10   31 1456 9.2426e+10 5.9263e+10  35.9%   878  307s
 14414  9031 7.7466e+10   32 1436 9.2426e+10 5.9263e+10  35.9%   875  313s
 15110  9317 9.0686e+10   45  844 9.2426e+10 6.0133e+10  34.9%   867  320s
 15620  9669 8.7456e+10   32 1382 9.2426e+10 6.0314e+10  34.7%   871  328s
 16338  9953 8.6276e+10   34 1668 9.2426e+10 6.0900e+10  34.1%   863  335s
 16822 10296 8.6519e+10   40 1607 9.2426e+10 6.0900e+10  34.1%   867  343s
 17436 10532     cutoff   33      9.2426e+10 6.1755e+10  33.2%   869  351s
 17910 10846     cutoff   30      9.2426e+10 6.1768e+10  33.2%   877  360s
 18565 11045 9.0825e+10   31 2200 9.2426e+10 6.2499e+10  32.4%   880  368s
 18949 11662 7.7424e+10   39 1060 9.2426e+10 6.2783e+10  32.1%   880  378s
 19992 12200 8.0442e+10   28 2082 9.2426e+10 6.3047e+10  31.8%   869  388s
 20940 12851 8.8174e+10   34 1307 9.2426e+10 6.3402e+10  31.4%   864  400s
 22039 13166 8.4007e+10   40 1098 9.2426e+10 6.3664e+10  31.1%   861  413s
 22636 13604 8.1594e+10   27 2244 9.2426e+10 6.3953e+10  30.8%   861  424s
 23517 14016 8.8343e+10   28 2098 9.2426e+10 6.4330e+10  30.4%   863  435s
 24355 14443 7.4874e+10   29 1261 9.2426e+10 6.4630e+10  30.1%   868  447s
 25268 15018 9.1530e+10   29 2010 9.2426e+10 6.4835e+10  29.9%   871  460s
 26481 15994 8.9331e+10   31 1790 9.2426e+10 6.5042e+10  29.6%   870  473s
 28161 16537 9.2226e+10   24 2236 9.2426e+10 6.5294e+10  29.4%   853  485s
 29255 16986     cutoff   26      9.2426e+10 6.5642e+10  29.0%   851  497s
 30217 17594 6.9975e+10   26 1705 9.2426e+10 6.5950e+10  28.6%   853  510s
 31382 18238     cutoff   41      9.2426e+10 6.6263e+10  28.3%   850  523s
 32601 19158 8.1649e+10   30 1298 9.2426e+10 6.6553e+10  28.0%   849  537s
 34141 19794     cutoff   33      9.2426e+10 6.6617e+10  27.9%   843  552s
 35514 20601     cutoff   31      9.2426e+10 6.6903e+10  27.6%   840  567s
 37027 21163     cutoff   31      9.2426e+10 6.7176e+10  27.3%   835  586s
 38427 22023 9.1281e+10   49  709 9.2426e+10 6.7323e+10  27.2%   834  602s
 40236 23086 8.8901e+10   39 2116 9.2426e+10 6.7619e+10  26.8%   827  619s
 42304 23087 8.7822e+10   37 1681 9.2426e+10 6.7843e+10  26.6%   815  716s
 42309 23090 9.2085e+10   40 3072 9.2426e+10 6.7843e+10  26.6%   815  720s
 42325 23101 8.7524e+10   76 3141 9.2426e+10 6.7843e+10  26.6%   815  725s
 42340 23111 8.9433e+10   38 3107 9.2426e+10 6.7843e+10  26.6%   815  730s
 42354 23120 8.0750e+10   44 3034 9.2426e+10 6.7843e+10  26.6%   815  735s
 42368 23130 7.0248e+10   27 3127 9.2426e+10 6.7843e+10  26.6%   814  740s
 42382 23139 8.6137e+10   40 3097 9.2426e+10 6.7843e+10  26.6%   814  745s
 42405 23154 8.8206e+10   51 3056 9.2426e+10 6.7843e+10  26.6%   814  750s
 42423 23166 7.3349e+10   33 2993 9.2426e+10 6.7843e+10  26.6%   813  755s
 42429 23170 8.8574e+10   31 3000 9.2426e+10 6.7843e+10  26.6%   813  760s
 42432 23175 6.7843e+10   25 2867 9.2426e+10 6.7843e+10  26.6%   815  779s
 42434 23179 6.7843e+10   26 2548 9.2426e+10 6.7843e+10  26.6%   815  793s
 42438 23185 6.7843e+10   27 2474 9.2426e+10 6.7843e+10  26.6%   815  810s
 42446 23199 6.7843e+10   28 2411 9.2426e+10 6.7843e+10  26.6%   815  828s
 42462 23205 6.7843e+10   29 2448 9.2426e+10 6.7843e+10  26.6%   815  833s
 42510 23232 6.7843e+10   30 2324 9.2426e+10 6.7843e+10  26.6%   815  837s
 42613 23307 infeasible   34      9.2426e+10 6.7843e+10  26.6%   814  840s
 42848 23364 8.8190e+10   46 1943 9.2426e+10 6.7843e+10  26.6%   812  846s
 43098 23401 8.0348e+10   33 2012 9.2426e+10 6.7843e+10  26.6%   810  850s
 43388 23561 7.3321e+10   36 1656 9.2426e+10 6.7843e+10  26.6%   808  855s
 43699 23694 8.7076e+10   42 1713 9.2426e+10 6.7843e+10  26.6%   806  860s
 44021 23788 9.0026e+10   50 1434 9.2426e+10 6.7843e+10  26.6%   803  870s
 44247 23803 9.2064e+10   56  866 9.2426e+10 6.7843e+10  26.6%   801  879s
 44304 23860 9.2355e+10   56  825 9.2426e+10 6.7843e+10  26.6%   802  886s
 44614 23943 infeasible   39      9.2426e+10 6.7843e+10  26.6%   800  891s
 44901 24016 8.4795e+10   41 1644 9.2426e+10 6.7843e+10  26.6%   798  896s
 45159 24047 7.8548e+10   36 2311 9.2426e+10 6.7843e+10  26.6%   797  901s
 45490 24063 9.0433e+10   45 2038 9.2426e+10 6.7843e+10  26.6%   794  906s
 45856 24093 8.1812e+10   42 1866 9.2426e+10 6.7843e+10  26.6%   792  912s
 45956 24203 infeasible   52      9.2426e+10 6.7843e+10  26.6%   792  916s
 46485 24257 7.9866e+10   38 2099 9.2426e+10 6.8954e+10  25.4%   787  922s
 47026 24285 9.2193e+10   52 1666 9.2426e+10 6.8954e+10  25.4%   783  930s
 47046 24303     cutoff   51      9.2426e+10 6.9109e+10  25.2%   783  945s
 47340 24493 8.6687e+10   37 1815 9.2426e+10 7.0643e+10  23.6%   780  952s
 47706 24538 9.0120e+10   48 1849 9.2426e+10 7.0689e+10  23.5%   776  956s
 48093 24537 8.1120e+10   45 1746 9.2426e+10 7.0929e+10  23.3%   773  960s
 48779 24591 8.6419e+10   39 1743 9.2426e+10 7.1274e+10  22.9%   767  968s
 49104 24670 8.7097e+10   41 1700 9.2426e+10 7.2234e+10  21.8%   764  972s
 49485 24761     cutoff   49      9.2426e+10 7.2412e+10  21.7%   761  976s
 49904 24783 9.2338e+10   36 1634 9.2426e+10 7.3078e+10  20.9%   758  980s
 50282 24884 8.0990e+10   44 1637 9.2426e+10 7.3243e+10  20.8%   755  985s
 50747 25009 8.8229e+10   45 1396 9.2426e+10 7.3601e+10  20.4%   752  990s
 51192 25148 8.8832e+10   45 1188 9.2426e+10 7.4007e+10  19.9%   749  995s
 51812 25145 8.7052e+10   58  711 9.2426e+10 7.4211e+10  19.7%   743 1000s
 52308 25232 9.1439e+10   38 1720 9.2426e+10 7.4866e+10  19.0%   740 1006s
 52871 25313 9.1031e+10   45 1671 9.2426e+10 7.5313e+10  18.5%   735 1012s
 53445 25344     cutoff   42      9.2426e+10 7.5539e+10  18.3%   731 1017s
 54158 25473 8.7477e+10   43 1554 9.2426e+10 7.6066e+10  17.7%   725 1023s
 54884 25671 8.7077e+10   47 2076 9.2426e+10 7.6282e+10  17.5%   720 1029s
 55698 25819 8.9978e+10   46 1301 9.2426e+10 7.6523e+10  17.2%   713 1036s
 56610 25865 9.0249e+10   45 1580 9.2426e+10 7.6787e+10  16.9%   706 1043s
 57304 26089 8.5213e+10   36 1596 9.2426e+10 7.7076e+10  16.6%   702 1049s
 58155 26211 8.7646e+10   39 1579 9.2426e+10 7.7280e+10  16.4%   696 1056s
 58942 26313     cutoff   56      9.2426e+10 7.7436e+10  16.2%   691 1079s
 59670 26469 8.7997e+10   40 1571 9.2426e+10 7.7536e+10  16.1%   686 1087s
 60635 26701     cutoff   50      9.2426e+10 7.7727e+10  15.9%   680 1095s
 61842 26833     cutoff   48      9.2426e+10 7.7912e+10  15.7%   672 1103s
 63066 27116     cutoff   46      9.2426e+10 7.8178e+10  15.4%   664 1116s
 64645 26970 9.0823e+10   54  997 9.2426e+10 7.8500e+10  15.1%   655 1123s
 65554 27197     cutoff   81      9.2426e+10 7.8700e+10  14.9%   650 1131s
 66756 27384 8.8526e+10   36 1767 9.2426e+10 7.8878e+10  14.7%   643 1139s
 67891 27453 8.8719e+10   43 1568 9.2426e+10 7.9052e+10  14.5%   637 1147s
 68866 27649 8.8355e+10   39 1488 9.2426e+10 7.9310e+10  14.2%   632 1155s
 70110 27824     cutoff   48      9.2426e+10 7.9517e+10  14.0%   625 1163s
 71398 27898 8.8387e+10   55 1293 9.2426e+10 7.9686e+10  13.8%   618 1172s
 72624 28078 8.6376e+10   48 1318 9.2426e+10 7.9888e+10  13.6%   613 1180s
 73934 28282     cutoff   51      9.2426e+10 8.0037e+10  13.4%   606 1189s
 75433 28263 9.1099e+10   40 1614 9.2426e+10 8.0324e+10  13.1%   599 1199s
 76629 28640 8.8346e+10   45 1203 9.2426e+10 8.0388e+10  13.0%   595 1208s
 78192 28782 8.8831e+10   46 1198 9.2426e+10 8.0526e+10  12.9%   588 1218s
 79722 29004 infeasible   44      9.2426e+10 8.0652e+10  12.7%   581 1228s
 81438 29218 9.1963e+10   46 1651 9.2426e+10 8.0823e+10  12.6%   574 1240s
 83194 29508 8.6361e+10   49 1307 9.2426e+10 8.0983e+10  12.4%   568 1251s
 84937 30183 9.0812e+10   41 1888 9.2426e+10 8.1138e+10  12.2%   561 1270s
 87892 29204     cutoff   43      9.2426e+10 8.1355e+10  12.0%   550 1299s
 87915 29937 8.6492e+10   44 1632 9.2426e+10 8.1370e+10  12.0%   550 1309s
 89564 29721     cutoff   44      9.2426e+10 8.1482e+10  11.8%   544 1319s
 90613 29998     cutoff   56      9.2426e+10 8.1482e+10  11.8%   541 1330s
 92254 30140 8.7170e+10   47 1326 9.2426e+10 8.1698e+10  11.6%   536 1340s
 93998 30346     cutoff   43      9.2426e+10 8.1743e+10  11.6%   531 1351s
 95724 30492 8.7911e+10   45 1218 9.2426e+10 8.1868e+10  11.4%   526 1362s
 97472 30485 9.0146e+10   56 1270 9.2426e+10 8.1989e+10  11.3%   521 1372s
 99110 30391 8.9790e+10   56 1081 9.2426e+10 8.2043e+10  11.2%   516 1383s
 100306 30694 8.4782e+10   56 1321 9.2426e+10 8.2134e+10  11.1%   514 1393s
 102009 30994 8.5567e+10   50 1509 9.2426e+10 8.2217e+10  11.0%   510 1404s
 104035 30976 9.1239e+10   47 1285 9.2426e+10 8.2322e+10  10.9%   504 1415s
 105793 31451 9.1233e+10   65  541 9.2426e+10 8.2422e+10  10.8%   500 1430s
 108356 31223 8.6358e+10   62 1320 9.2426e+10 8.2541e+10  10.7%   494 1440s
 110053 31406 9.0567e+10   53 1356 9.2426e+10 8.2646e+10  10.6%   490 1450s
 111840 31373     cutoff   56      9.2426e+10 8.2747e+10  10.5%   486 1459s
 113406 31981     cutoff   62      9.2426e+10 8.2817e+10  10.4%   483 1468s
 115078 32763 8.8369e+10   51 1264 9.2426e+10 8.2900e+10  10.3%   479 1478s
 116844 33614 8.9283e+10   50  953 9.2426e+10 8.3004e+10  10.2%   475 1487s
 118790 34256     cutoff   48      9.2426e+10 8.3048e+10  10.1%   471 1496s
 120510 34996 9.1760e+10   52 1027 9.2426e+10 8.3138e+10  10.0%   468 1505s
 122373 35572 8.9059e+10   55  940 9.2426e+10 8.3247e+10  9.93%   464 1514s
 124081 36150     cutoff   49      9.2426e+10 8.3283e+10  9.89%   461 1523s
 125843 36898 8.6120e+10   48 1435 9.2426e+10 8.3360e+10  9.81%   457 1532s
 127649 37682 9.2121e+10   59  885 9.2426e+10 8.3441e+10  9.72%   454 1546s
 129829 38409 8.9084e+10   47 1350 9.2426e+10 8.3503e+10  9.65%   450 1557s
 131798 39047 9.1367e+10   51 1368 9.2426e+10 8.3579e+10  9.57%   447 1567s
 133618 39506 9.0226e+10   46 1192 9.2426e+10 8.3644e+10  9.50%   444 1576s
 135180 40064 9.1201e+10   55 1517 9.2426e+10 8.3673e+10  9.47%   442 1585s
 136903 40680 8.8498e+10   54  929 9.2426e+10 8.3782e+10  9.35%   439 1594s
 138560 41295 8.7908e+10   37 1659 9.2426e+10 8.3812e+10  9.32%   436 1604s
 140323 42173 8.7347e+10   41 1543 9.2426e+10 8.3885e+10  9.24%   434 1614s
 142359 42827 8.8623e+10   51 1146 9.2426e+10 8.3927e+10  9.20%   430 1623s
 144116 43292     cutoff   41      9.2426e+10 8.3983e+10  9.13%   428 1632s
 145642 43835 8.8056e+10   68  467 9.2426e+10 8.4053e+10  9.06%   425 1640s
 147315 44411     cutoff   55      9.2426e+10 8.4116e+10  8.99%   423 1650s
 149168 45403     cutoff   57      9.2426e+10 8.4144e+10  8.96%   420 1663s
 151623 45975 9.0240e+10   54 1143 9.2426e+10 8.4209e+10  8.89%   417 1671s
 153400 46677 8.9100e+10   38 1138 9.2426e+10 8.4247e+10  8.85%   415 1679s
 155150 47283 9.0628e+10   51 1226 9.2426e+10 8.4309e+10  8.78%   412 1688s
 156757 47787 9.0277e+10   52  936 9.2426e+10 8.4345e+10  8.74%   410 1696s
 158488 48373 8.7779e+10   51 1470 9.2426e+10 8.4370e+10  8.72%   408 1704s
 160000 48970 9.2243e+10   58  930 9.2426e+10 8.4408e+10  8.67%   406 1712s
 161669 49573 9.1492e+10   64  866 9.2426e+10 8.4455e+10  8.62%   404 1721s
 163381 50074     cutoff   38      9.2426e+10 8.4505e+10  8.57%   402 1730s
 164869 50877 9.0257e+10   52 1185 9.2426e+10 8.4555e+10  8.52%   400 1738s
 166678 51626 8.7664e+10   44 1358 9.2426e+10 8.4600e+10  8.47%   398 1747s
 168632 52090 8.7044e+10   45 1219 9.2426e+10 8.4643e+10  8.42%   395 1754s
 170058 52836     cutoff   58      9.2426e+10 8.4672e+10  8.39%   394 1767s
 172632 53467 8.9451e+10   49 1240 9.2426e+10 8.4718e+10  8.34%   391 1775s
 174330 54335 9.1166e+10   59  974 9.2426e+10 8.4772e+10  8.28%   389 1783s
 176245 54907 8.6560e+10   56 1185 9.2426e+10 8.4819e+10  8.23%   387 1790s
 177601 55430 8.8469e+10   54  695 9.2426e+10 8.4835e+10  8.21%   386 1797s
 179161 55688     cutoff   51      9.2426e+10 8.4857e+10  8.19%   384 1800s

Cutting planes:
  Gomory: 246
  MIR: 8
  Flow cover: 17
  Zero half: 11
  RLT: 8

Explored 179703 nodes (68943382 simplex iterations) in 1800.02 seconds (2595.09 work units)
Thread count was 16 (of 16 available processors)

Solution count 10: 9.24261e+10 9.24261e+10 9.28643e+10 ... 9.81219e+10

Time limit reached
Best objective 9.242606813694e+10, best bound 8.487618258618e+10, gap 8.1686%
